<?xml version="1.0" encoding="utf-8"?>
<TestRun id="60536ee0-7a96-498c-adf0-23375726746c" name="@Seeker-Mac 2025-09-22 13:40:43" xmlns="http://microsoft.com/schemas/VisualStudio/TeamTest/2010">
  <Times creation="2025-09-22T13:40:43.2768140-06:00" queuing="2025-09-22T13:40:43.2768140-06:00" start="2025-09-22T13:40:39.8375140-06:00" finish="2025-09-22T13:42:30.3617910-06:00" />
  <TestSettings name="default" id="e885b599-2183-4498-b224-fd375fc877dc">
    <Deployment runDeploymentRoot="_Seeker-Mac_2025-09-22_13_40_43" />
  </TestSettings>
  <Results>
    <UnitTestResult executionId="cb06f172-75a0-40ac-bb29-a0cbc50efac4" testId="98c2172e-97df-13d5-a0eb-3bfd4b42a99b" testName="CodexBootstrap.Tests.Core.NodeRegistryTests.AllNodes_ShouldReturnAllRegisteredNodes" computerName="Seeker-Mac" duration="00:00:00.0023693" startTime="2025-09-22T13:42:20.7180800-06:00" endTime="2025-09-22T13:42:20.7180800-06:00" testType="13cdc9d9-ddb5-4fa4-a97d-d965ccfc6d4b" outcome="Passed" testListId="8c84fa94-04c1-424b-9868-57a2d4851a1d" relativeResultsDirectory="cb06f172-75a0-40ac-bb29-a0cbc50efac4" />
    <UnitTestResult executionId="8ac0666c-2db4-4f5d-9ae7-2c541c62cdaa" testId="ed4eeeaf-65c2-fe54-b0e2-7f711f9498db" testName="CodexBootstrap.Tests.Modules.NewsModuleApiTests.GetReadNews_ShouldReturnEmptyResults_WhenNoReadNews" computerName="Seeker-Mac" duration="00:00:00.0035295" startTime="2025-09-22T13:40:50.6442900-06:00" endTime="2025-09-22T13:40:50.6442900-06:00" testType="13cdc9d9-ddb5-4fa4-a97d-d965ccfc6d4b" outcome="Passed" testListId="8c84fa94-04c1-424b-9868-57a2d4851a1d" relativeResultsDirectory="8ac0666c-2db4-4f5d-9ae7-2c541c62cdaa" />
    <UnitTestResult executionId="cf48b919-6be7-4f5a-a975-71f34c7c8868" testId="6656d4a1-4590-68b8-41cf-6ebd4239279f" testName="CodexBootstrap.Tests.Core.NodePersistenceTests.MetadataQueries_ShouldPersistCorrectly" computerName="Seeker-Mac" duration="00:00:00.2082651" startTime="2025-09-22T13:42:03.6170530-06:00" endTime="2025-09-22T13:42:03.6170530-06:00" testType="13cdc9d9-ddb5-4fa4-a97d-d965ccfc6d4b" outcome="Passed" testListId="8c84fa94-04c1-424b-9868-57a2d4851a1d" relativeResultsDirectory="cf48b919-6be7-4f5a-a975-71f34c7c8868" />
    <UnitTestResult executionId="5cdbebe6-98de-414e-bac4-5cb43e7ddb19" testId="95697913-300a-0d09-fede-d269c1c9cc5a" testName="CodexBootstrap.Tests.Modules.ConceptModuleApiTests.CreateConcept_ShouldReturnSuccess_WhenValidRequest" computerName="Seeker-Mac" duration="00:00:00.0051052" startTime="2025-09-22T13:40:43.2789100-06:00" endTime="2025-09-22T13:40:43.2789100-06:00" testType="13cdc9d9-ddb5-4fa4-a97d-d965ccfc6d4b" outcome="Passed" testListId="8c84fa94-04c1-424b-9868-57a2d4851a1d" relativeResultsDirectory="5cdbebe6-98de-414e-bac4-5cb43e7ddb19" />
    <UnitTestResult executionId="2f2e178f-3e98-4dcf-856a-388c27f5b88d" testId="7873e7fc-d46d-3fb0-064c-39886ac6bd92" testName="CodexBootstrap.Tests.SimpleIntegrationTests.ModulesEndpoint_ShouldReturnModuleList" computerName="Seeker-Mac" duration="00:00:00.0013362" startTime="2025-09-22T13:42:13.0787640-06:00" endTime="2025-09-22T13:42:13.0787640-06:00" testType="13cdc9d9-ddb5-4fa4-a97d-d965ccfc6d4b" outcome="Passed" testListId="8c84fa94-04c1-424b-9868-57a2d4851a1d" relativeResultsDirectory="2f2e178f-3e98-4dcf-856a-388c27f5b88d" />
    <UnitTestResult executionId="156a435f-fbbd-4fa5-84e0-65c6477d3c1c" testId="aceb456b-29fd-0aae-6a6f-60147dd6581b" testName="CodexBootstrap.Tests.Modules.NewsModuleApiTests.GetTrendingTopics_ShouldHandleInvalidParameters" computerName="Seeker-Mac" duration="00:00:00.0047573" startTime="2025-09-22T13:40:50.6355480-06:00" endTime="2025-09-22T13:40:50.6355480-06:00" testType="13cdc9d9-ddb5-4fa4-a97d-d965ccfc6d4b" outcome="Passed" testListId="8c84fa94-04c1-424b-9868-57a2d4851a1d" relativeResultsDirectory="156a435f-fbbd-4fa5-84e0-65c6477d3c1c" />
    <UnitTestResult executionId="b218972c-b15c-41e6-8320-4198f71596bc" testId="26e7a1ad-63a6-c657-4516-74b5caa9040c" testName="CodexBootstrap.Tests.Core.NodePersistenceTests.ConcurrentOperations_ShouldMaintainConsistency" computerName="Seeker-Mac" duration="00:00:00.2211853" startTime="2025-09-22T13:42:02.1353930-06:00" endTime="2025-09-22T13:42:02.1353930-06:00" testType="13cdc9d9-ddb5-4fa4-a97d-d965ccfc6d4b" outcome="Passed" testListId="8c84fa94-04c1-424b-9868-57a2d4851a1d" relativeResultsDirectory="b218972c-b15c-41e6-8320-4198f71596bc" />
    <UnitTestResult executionId="6515a34b-4fc0-4d03-a3c8-cc234d0c5358" testId="2077052f-6555-ad72-a6cc-99d9e1294aa2" testName="CodexBootstrap.Tests.Core.NodeRegistryUserRepositoryTests.UpdateAsync_ShouldOverwriteMetadata" computerName="Seeker-Mac" duration="00:00:00.0024781" startTime="2025-09-22T13:41:37.5394970-06:00" endTime="2025-09-22T13:41:37.5394970-06:00" testType="13cdc9d9-ddb5-4fa4-a97d-d965ccfc6d4b" outcome="Passed" testListId="8c84fa94-04c1-424b-9868-57a2d4851a1d" relativeResultsDirectory="6515a34b-4fc0-4d03-a3c8-cc234d0c5358" />
    <UnitTestResult executionId="84b845c4-2bd0-4056-9dd2-c8c5d8de592a" testId="2b034947-95be-beab-d32d-a72ae9771ccd" testName="CodexBootstrap.Tests.Modules.IdentityModuleApiTests.GetIdentityProviders_ShouldHandleConcurrentRequests" computerName="Seeker-Mac" duration="00:00:00.0030090" startTime="2025-09-22T13:42:15.3090320-06:00" endTime="2025-09-22T13:42:15.3090320-06:00" testType="13cdc9d9-ddb5-4fa4-a97d-d965ccfc6d4b" outcome="Passed" testListId="8c84fa94-04c1-424b-9868-57a2d4851a1d" relativeResultsDirectory="84b845c4-2bd0-4056-9dd2-c8c5d8de592a" />
    <UnitTestResult executionId="533f886c-6851-485c-a3ec-21ba9a92ac38" testId="9f121c41-56cf-362b-92e5-cf6e1918417e" testName="CodexBootstrap.Tests.Modules.AIModuleTests.Name_ShouldReturnCorrectName" computerName="Seeker-Mac" duration="00:00:00.0002232" startTime="2025-09-22T13:41:37.5556640-06:00" endTime="2025-09-22T13:41:37.5556640-06:00" testType="13cdc9d9-ddb5-4fa4-a97d-d965ccfc6d4b" outcome="Passed" testListId="8c84fa94-04c1-424b-9868-57a2d4851a1d" relativeResultsDirectory="533f886c-6851-485c-a3ec-21ba9a92ac38" />
    <UnitTestResult executionId="db0f9e25-21d2-4c02-86b7-fef587cc79c2" testId="7119bdd5-175e-ef34-2080-2f86d1730b51" testName="CodexBootstrap.Tests.IdentityTests.IdentityCallback_ShouldHandleMockAuthentication" computerName="Seeker-Mac" duration="00:00:00.1617086" startTime="2025-09-22T13:42:07.6679250-06:00" endTime="2025-09-22T13:42:07.6679250-06:00" testType="13cdc9d9-ddb5-4fa4-a97d-d965ccfc6d4b" outcome="Passed" testListId="8c84fa94-04c1-424b-9868-57a2d4851a1d" relativeResultsDirectory="db0f9e25-21d2-4c02-86b7-fef587cc79c2" />
    <UnitTestResult executionId="8e4c5dcd-ba5b-4528-aa43-c004ff137163" testId="65b80104-e391-765d-11f2-1a66e8fb8050" testName="CodexBootstrap.Tests.Modules.AIModuleTests.RegisterHttpEndpoints_ShouldNotThrow" computerName="Seeker-Mac" duration="00:00:00.0002011" startTime="2025-09-22T13:41:37.5579200-06:00" endTime="2025-09-22T13:41:37.5579200-06:00" testType="13cdc9d9-ddb5-4fa4-a97d-d965ccfc6d4b" outcome="Passed" testListId="8c84fa94-04c1-424b-9868-57a2d4851a1d" relativeResultsDirectory="8e4c5dcd-ba5b-4528-aa43-c004ff137163" />
    <UnitTestResult executionId="85bba8bb-e48f-48e4-ad27-cfc86105ed84" testId="58ac984c-ccd6-0f0f-d8b2-fe2845649ddf" testName="CodexBootstrap.Tests.Modules.EnergyModuleApiTests.RecordContribution_ShouldCreateContribution_WhenImplemented" computerName="Seeker-Mac" duration="00:00:00.0016250" startTime="2025-09-22T13:41:39.8132210-06:00" endTime="2025-09-22T13:41:39.8132210-06:00" testType="13cdc9d9-ddb5-4fa4-a97d-d965ccfc6d4b" outcome="Passed" testListId="8c84fa94-04c1-424b-9868-57a2d4851a1d" relativeResultsDirectory="85bba8bb-e48f-48e4-ad27-cfc86105ed84" />
    <UnitTestResult executionId="0b2a9c94-90f2-46d2-9da4-1eef0f45706a" testId="95bec019-ba93-557e-cc59-ca4522b92c84" testName="CodexBootstrap.Tests.IdentityTests.EndSession_ShouldEndExistingSession" computerName="Seeker-Mac" duration="00:00:00.0361530" startTime="2025-09-22T13:42:07.3672850-06:00" endTime="2025-09-22T13:42:07.3672850-06:00" testType="13cdc9d9-ddb5-4fa4-a97d-d965ccfc6d4b" outcome="Passed" testListId="8c84fa94-04c1-424b-9868-57a2d4851a1d" relativeResultsDirectory="0b2a9c94-90f2-46d2-9da4-1eef0f45706a" />
    <UnitTestResult executionId="9eba81c3-7cf1-4473-bc28-fd1eba0359d0" testId="0f184395-31a3-e4ac-1551-a332544da800" testName="CodexBootstrap.Tests.Modules.NoMockDataRegressionTests.GalleryModule_ListItems_WithoutMockData_ReturnsEmptyOrError" computerName="Seeker-Mac" duration="00:00:00.0057940" startTime="2025-09-22T13:41:54.5666370-06:00" endTime="2025-09-22T13:41:54.5666370-06:00" testType="13cdc9d9-ddb5-4fa4-a97d-d965ccfc6d4b" outcome="Passed" testListId="8c84fa94-04c1-424b-9868-57a2d4851a1d" relativeResultsDirectory="9eba81c3-7cf1-4473-bc28-fd1eba0359d0" />
    <UnitTestResult executionId="ddea06e4-78cd-4069-8dad-36c07c5356db" testId="b3191fce-24b5-6614-db34-5b0f72b496c2" testName="CodexBootstrap.Tests.Modules.NodeEdgeModuleApiTests.GetNodes_ShouldReturnNodesList" computerName="Seeker-Mac" duration="00:00:00.0033500" startTime="2025-09-22T13:41:32.1679310-06:00" endTime="2025-09-22T13:41:32.1679310-06:00" testType="13cdc9d9-ddb5-4fa4-a97d-d965ccfc6d4b" outcome="Passed" testListId="8c84fa94-04c1-424b-9868-57a2d4851a1d" relativeResultsDirectory="ddea06e4-78cd-4069-8dad-36c07c5356db" />
    <UnitTestResult executionId="c5900810-95a1-491d-8994-486ba5f086c9" testId="93e90a79-2955-16ca-0032-f17795f74b9e" testName="CodexBootstrap.Tests.Core.NodeRegistryUserRepositoryTests.CreateAsync_ShouldPersistUserAsWaterNode" computerName="Seeker-Mac" duration="00:00:00.0018420" startTime="2025-09-22T13:41:37.5414160-06:00" endTime="2025-09-22T13:41:37.5414160-06:00" testType="13cdc9d9-ddb5-4fa4-a97d-d965ccfc6d4b" outcome="Passed" testListId="8c84fa94-04c1-424b-9868-57a2d4851a1d" relativeResultsDirectory="c5900810-95a1-491d-8994-486ba5f086c9" />
    <UnitTestResult executionId="5cb5d583-bf08-496f-899c-2c435844100a" testId="bfb2c8de-1e85-9952-9db6-620f4acf1697" testName="CodexBootstrap.Tests.Modules.NodeEdgeModuleApiTests.GetNodes_ShouldHandleInvalidQueryParameters" computerName="Seeker-Mac" duration="00:00:00.0281269" startTime="2025-09-22T13:41:32.0779650-06:00" endTime="2025-09-22T13:41:32.0779650-06:00" testType="13cdc9d9-ddb5-4fa4-a97d-d965ccfc6d4b" outcome="Passed" testListId="8c84fa94-04c1-424b-9868-57a2d4851a1d" relativeResultsDirectory="5cb5d583-bf08-496f-899c-2c435844100a" />
    <UnitTestResult executionId="c387a728-7686-4883-b059-c388cb99c427" testId="90f3a3ce-3ea2-b8ab-e15a-d9c7a7f4a063" testName="CodexBootstrap.Tests.Modules.GalleryModuleTests.CreateGalleryItem_WithoutTitle_ReturnsError" computerName="Seeker-Mac" duration="00:00:00.0037822" startTime="2025-09-22T13:41:05.4793880-06:00" endTime="2025-09-22T13:41:05.4793880-06:00" testType="13cdc9d9-ddb5-4fa4-a97d-d965ccfc6d4b" outcome="Passed" testListId="8c84fa94-04c1-424b-9868-57a2d4851a1d" relativeResultsDirectory="c387a728-7686-4883-b059-c388cb99c427" />
    <UnitTestResult executionId="98aeff5b-6293-4509-b46b-67108f279ae5" testId="a5a2e4c8-009c-485c-9e59-a0329e36f740" testName="CodexBootstrap.Tests.NewsSourceTests.NewsConceptExtraction_Should_LinkToUCore" computerName="Seeker-Mac" duration="00:00:00.0278603" startTime="2025-09-22T13:41:18.1399750-06:00" endTime="2025-09-22T13:41:18.1399750-06:00" testType="13cdc9d9-ddb5-4fa4-a97d-d965ccfc6d4b" outcome="Passed" testListId="8c84fa94-04c1-424b-9868-57a2d4851a1d" relativeResultsDirectory="98aeff5b-6293-4509-b46b-67108f279ae5" />
    <UnitTestResult executionId="c5e145d6-e8bd-49f4-ab18-204552340e76" testId="17c98091-dbf8-c2fd-549e-ce3eebd6325a" testName="CodexBootstrap.Tests.Modules.FutureKnowledgeModuleTests.AnalyzePatterns_WithNonExistentPattern_ReturnsError" computerName="Seeker-Mac" duration="00:00:00.0019721" startTime="2025-09-22T13:40:58.1801220-06:00" endTime="2025-09-22T13:40:58.1801220-06:00" testType="13cdc9d9-ddb5-4fa4-a97d-d965ccfc6d4b" outcome="Passed" testListId="8c84fa94-04c1-424b-9868-57a2d4851a1d" relativeResultsDirectory="c5e145d6-e8bd-49f4-ab18-204552340e76" />
    <UnitTestResult executionId="db4b820e-61c1-4d11-8a85-2352e3fb4752" testId="d42ce1cc-fe07-766d-01d9-4d3235eb06da" testName="CodexBootstrap.Tests.Core.NodeRegistryTests.Upsert_NodeStateTransitionUpdatesMemoryAndPersistence" computerName="Seeker-Mac" duration="00:00:00.0283825" startTime="2025-09-22T13:42:20.7495540-06:00" endTime="2025-09-22T13:42:20.7495540-06:00" testType="13cdc9d9-ddb5-4fa4-a97d-d965ccfc6d4b" outcome="Passed" testListId="8c84fa94-04c1-424b-9868-57a2d4851a1d" relativeResultsDirectory="db4b820e-61c1-4d11-8a85-2352e3fb4752" />
    <UnitTestResult executionId="ed555f03-8e35-4255-93ec-c770e368827f" testId="386a6c80-c37f-2520-1205-e565042cab19" testName="CodexBootstrap.Tests.Modules.EnergyModuleApiTests.GetContributionStats_ShouldReturnStats_WhenImplemented" computerName="Seeker-Mac" duration="00:00:00.0065970" startTime="2025-09-22T13:41:39.7776090-06:00" endTime="2025-09-22T13:41:39.7776090-06:00" testType="13cdc9d9-ddb5-4fa4-a97d-d965ccfc6d4b" outcome="Passed" testListId="8c84fa94-04c1-424b-9868-57a2d4851a1d" relativeResultsDirectory="ed555f03-8e35-4255-93ec-c770e368827f" />
    <UnitTestResult executionId="e929d6cf-f9ef-4e94-b73f-cbe7b2eb042c" testId="8aaeb942-4618-a8e4-c6b1-266d34c97e41" testName="CodexBootstrap.Tests.Modules.EnergyModuleApiTests.RecordContribution_ShouldReturnBadRequest_WhenRequestInvalid_WhenImplemented" computerName="Seeker-Mac" duration="00:00:00.0045181" startTime="2025-09-22T13:41:39.8097440-06:00" endTime="2025-09-22T13:41:39.8097440-06:00" testType="13cdc9d9-ddb5-4fa4-a97d-d965ccfc6d4b" outcome="Passed" testListId="8c84fa94-04c1-424b-9868-57a2d4851a1d" relativeResultsDirectory="e929d6cf-f9ef-4e94-b73f-cbe7b2eb042c" />
    <UnitTestResult executionId="48e60c27-0de6-45b5-b57b-a36006119762" testId="b55e377f-0118-4ced-cfa6-b015b03a53b0" testName="CodexBootstrap.Tests.Modules.UXPrimitivesModuleTests.GenerateReflection_WithNonExistentContent_ReturnsError" computerName="Seeker-Mac" duration="00:00:00.0021143" startTime="2025-09-22T13:41:47.1327860-06:00" endTime="2025-09-22T13:41:47.1327860-06:00" testType="13cdc9d9-ddb5-4fa4-a97d-d965ccfc6d4b" outcome="Passed" testListId="8c84fa94-04c1-424b-9868-57a2d4851a1d" relativeResultsDirectory="48e60c27-0de6-45b5-b57b-a36006119762" />
    <UnitTestResult executionId="2420b3f9-d744-4e57-87ca-0881c44b5b4b" testId="9362de11-64d0-3a11-bfe7-ba203f9734b0" testName="CodexBootstrap.Tests.Modules.IdentityModuleApiTests.Authenticate_ShouldHandleMalformedJson" computerName="Seeker-Mac" duration="00:00:00.0058819" startTime="2025-09-22T13:42:15.3414480-06:00" endTime="2025-09-22T13:42:15.3414480-06:00" testType="13cdc9d9-ddb5-4fa4-a97d-d965ccfc6d4b" outcome="Passed" testListId="8c84fa94-04c1-424b-9868-57a2d4851a1d" relativeResultsDirectory="2420b3f9-d744-4e57-87ca-0881c44b5b4b" />
    <UnitTestResult executionId="15711f6c-b3fb-4ae1-905d-6c6a48c6ea7e" testId="55db700b-b4b0-5cf1-78a6-21f835d00459" testName="CodexBootstrap.Tests.Modules.NewsModuleApiTests.GetNewsItem_ShouldReturnNotFound_WhenNewsItemNotFound" computerName="Seeker-Mac" duration="00:00:00.0115958" startTime="2025-09-22T13:40:50.7097460-06:00" endTime="2025-09-22T13:40:50.7097460-06:00" testType="13cdc9d9-ddb5-4fa4-a97d-d965ccfc6d4b" outcome="Passed" testListId="8c84fa94-04c1-424b-9868-57a2d4851a1d" relativeResultsDirectory="15711f6c-b3fb-4ae1-905d-6c6a48c6ea7e" />
    <UnitTestResult executionId="99f09dd7-5f84-408c-aab5-aa5bd2017e39" testId="48903600-7115-f18f-cfaa-40f126ec72dd" testName="CodexBootstrap.Tests.Core.NodePersistenceTests.NodeStateTransition_IceToWater_ShouldMoveStorage" computerName="Seeker-Mac" duration="00:00:00.2158600" startTime="2025-09-22T13:42:03.3012990-06:00" endTime="2025-09-22T13:42:03.3012990-06:00" testType="13cdc9d9-ddb5-4fa4-a97d-d965ccfc6d4b" outcome="Passed" testListId="8c84fa94-04c1-424b-9868-57a2d4851a1d" relativeResultsDirectory="99f09dd7-5f84-408c-aab5-aa5bd2017e39" />
    <UnitTestResult executionId="2287db94-af5a-4962-90df-178f0cbd84b8" testId="330b9d6c-f08d-3484-f6a0-3b921f0a24a8" testName="CodexBootstrap.Tests.IdentityTests.MockIdentityProvider_ShouldValidateUser" computerName="Seeker-Mac" duration="00:00:00.0126892" startTime="2025-09-22T13:42:07.5050170-06:00" endTime="2025-09-22T13:42:07.5050170-06:00" testType="13cdc9d9-ddb5-4fa4-a97d-d965ccfc6d4b" outcome="Passed" testListId="8c84fa94-04c1-424b-9868-57a2d4851a1d" relativeResultsDirectory="2287db94-af5a-4962-90df-178f0cbd84b8" />
    <UnitTestResult executionId="75746aad-889b-49c0-951a-545c1357a154" testId="1529436c-8c17-521b-037f-0f4a6c1e07b3" testName="CodexBootstrap.Tests.Modules.UXPrimitivesModuleTests.GetReceivedInvites_WithNoInvites_ReturnsEmptyList" computerName="Seeker-Mac" duration="00:00:00.0018493" startTime="2025-09-22T13:41:47.1381760-06:00" endTime="2025-09-22T13:41:47.1381760-06:00" testType="13cdc9d9-ddb5-4fa4-a97d-d965ccfc6d4b" outcome="Passed" testListId="8c84fa94-04c1-424b-9868-57a2d4851a1d" relativeResultsDirectory="75746aad-889b-49c0-951a-545c1357a154" />
    <UnitTestResult executionId="5d43a3f6-2c04-4c08-b451-8b7228d1c6b0" testId="b66e2aed-6736-e5fb-1259-0a652017312d" testName="CodexBootstrap.Tests.IdentityTests.MockIdentityProvider_ShouldGetUserInfo" computerName="Seeker-Mac" duration="00:00:00.0568476" startTime="2025-09-22T13:42:07.7251270-06:00" endTime="2025-09-22T13:42:07.7251270-06:00" testType="13cdc9d9-ddb5-4fa4-a97d-d965ccfc6d4b" outcome="Passed" testListId="8c84fa94-04c1-424b-9868-57a2d4851a1d" relativeResultsDirectory="5d43a3f6-2c04-4c08-b451-8b7228d1c6b0" />
    <UnitTestResult executionId="a22cc8eb-99c0-49e2-9798-f181eb7ba97c" testId="0f0bfda1-cada-6668-e50b-f263755ddcfa" testName="CodexBootstrap.Tests.UCoreOntologyTests.ChakrasAxis_Node_Should_Exist" computerName="Seeker-Mac" duration="00:00:00.0042402" startTime="2025-09-22T13:41:37.3493500-06:00" endTime="2025-09-22T13:41:37.3493500-06:00" testType="13cdc9d9-ddb5-4fa4-a97d-d965ccfc6d4b" outcome="Passed" testListId="8c84fa94-04c1-424b-9868-57a2d4851a1d" relativeResultsDirectory="a22cc8eb-99c0-49e2-9798-f181eb7ba97c" />
    <UnitTestResult executionId="5d90b880-53f1-4f05-b153-b0b8ec93239e" testId="d369dd01-3a76-1028-9769-257b2738d39c" testName="CodexBootstrap.Tests.Modules.NewsModuleApiTests.GetTrendingTopics_ShouldAcceptLimitParameter" computerName="Seeker-Mac" duration="00:00:00.0092133" startTime="2025-09-22T13:40:50.6216020-06:00" endTime="2025-09-22T13:40:50.6216020-06:00" testType="13cdc9d9-ddb5-4fa4-a97d-d965ccfc6d4b" outcome="Passed" testListId="8c84fa94-04c1-424b-9868-57a2d4851a1d" relativeResultsDirectory="5d90b880-53f1-4f05-b153-b0b8ec93239e" />
    <UnitTestResult executionId="3c259995-a0b7-40d3-866b-a18bf0b54f31" testId="4b95da6d-f196-a0fd-8ffb-751fec95c314" testName="CodexBootstrap.Tests.Modules.VisualValidationModuleTests.AnalyzeRenderedImage_ShouldReturnAnalysisUsingRouter" computerName="Seeker-Mac" duration="00:00:00.0024589" startTime="2025-09-22T13:41:17.0875080-06:00" endTime="2025-09-22T13:41:17.0875080-06:00" testType="13cdc9d9-ddb5-4fa4-a97d-d965ccfc6d4b" outcome="Passed" testListId="8c84fa94-04c1-424b-9868-57a2d4851a1d" relativeResultsDirectory="3c259995-a0b7-40d3-866b-a18bf0b54f31" />
    <UnitTestResult executionId="f4d68838-d740-4b95-9667-cb1c346d3570" testId="fac53d0a-a8d0-7e01-0000-597c45ffcfe4" testName="CodexBootstrap.Tests.Modules.GalleryModuleTests.CreateGalleryItem_WithValidData_CreatesSuccessfully" computerName="Seeker-Mac" duration="00:00:00.0074485" startTime="2025-09-22T13:41:05.4969130-06:00" endTime="2025-09-22T13:41:05.4969130-06:00" testType="13cdc9d9-ddb5-4fa4-a97d-d965ccfc6d4b" outcome="Passed" testListId="8c84fa94-04c1-424b-9868-57a2d4851a1d" relativeResultsDirectory="f4d68838-d740-4b95-9667-cb1c346d3570" />
    <UnitTestResult executionId="326621e1-9ed6-415e-8add-1ea92f72822b" testId="210bbbd2-7277-0493-b4fc-59a018f08cc3" testName="CodexBootstrap.Tests.Modules.NoMockDataRegressionTests.VisualValidation_WithoutAI_ShouldFailNotFallback" computerName="Seeker-Mac" duration="00:00:00.0159932" startTime="2025-09-22T13:41:54.5285320-06:00" endTime="2025-09-22T13:41:54.5285320-06:00" testType="13cdc9d9-ddb5-4fa4-a97d-d965ccfc6d4b" outcome="Passed" testListId="8c84fa94-04c1-424b-9868-57a2d4851a1d" relativeResultsDirectory="326621e1-9ed6-415e-8add-1ea92f72822b" />
    <UnitTestResult executionId="fd06ce19-0273-4db3-aea7-4122a6be1f74" testId="9427af82-0059-a7d9-573f-043a790c4050" testName="CodexBootstrap.Tests.UCoreOntologyTests.UCoreInitializer_Should_LoadAllUniversalAxes" computerName="Seeker-Mac" duration="00:00:00.0039292" startTime="2025-09-22T13:41:37.3380910-06:00" endTime="2025-09-22T13:41:37.3380910-06:00" testType="13cdc9d9-ddb5-4fa4-a97d-d965ccfc6d4b" outcome="Passed" testListId="8c84fa94-04c1-424b-9868-57a2d4851a1d" relativeResultsDirectory="fd06ce19-0273-4db3-aea7-4122a6be1f74" />
    <UnitTestResult executionId="fe47c739-321d-48a0-9dc2-30fda14ae2e8" testId="65088179-bb39-a045-1fcc-d40375d536ba" testName="CodexBootstrap.Tests.Modules.NoMockDataRegressionTests.ModuleEndpoints_WithInvalidData_ReturnCleanErrors(endpoint: &quot;/ux-primitives/reflect&quot;)" computerName="Seeker-Mac" duration="00:00:00.0005776" startTime="2025-09-22T13:41:54.5001960-06:00" endTime="2025-09-22T13:41:54.5001960-06:00" testType="13cdc9d9-ddb5-4fa4-a97d-d965ccfc6d4b" outcome="Passed" testListId="8c84fa94-04c1-424b-9868-57a2d4851a1d" relativeResultsDirectory="fe47c739-321d-48a0-9dc2-30fda14ae2e8" />
    <UnitTestResult executionId="341639b4-532e-435f-815a-ad0771d3ed79" testId="04685a3a-4e68-f6f3-27c2-152f2ba69c55" testName="CodexBootstrap.Tests.Core.StateTransitionTests.NodeStateTransition_FromIceToWater_ShouldMigrateEdgesToWater" computerName="Seeker-Mac" duration="00:00:00.3151514" startTime="2025-09-22T13:42:22.3353590-06:00" endTime="2025-09-22T13:42:22.3353590-06:00" testType="13cdc9d9-ddb5-4fa4-a97d-d965ccfc6d4b" outcome="Passed" testListId="8c84fa94-04c1-424b-9868-57a2d4851a1d" relativeResultsDirectory="341639b4-532e-435f-815a-ad0771d3ed79" />
    <UnitTestResult executionId="0010cf0c-c587-42f2-9680-89168dc16449" testId="d0160707-f909-e423-0bd5-ceb0e7a99a9c" testName="CodexBootstrap.Tests.Core.NodeRegistryTests.UpsertNode_WithValidNode_ShouldRegisterSuccessfully" computerName="Seeker-Mac" duration="00:00:00.0009155" startTime="2025-09-22T13:42:20.7156830-06:00" endTime="2025-09-22T13:42:20.7156830-06:00" testType="13cdc9d9-ddb5-4fa4-a97d-d965ccfc6d4b" outcome="Passed" testListId="8c84fa94-04c1-424b-9868-57a2d4851a1d" relativeResultsDirectory="0010cf0c-c587-42f2-9680-89168dc16449" />
    <UnitTestResult executionId="d10e8a0b-c564-4a30-810a-1576593ddeff" testId="d94c59b9-3860-902d-b295-c5d99d6d5e53" testName="CodexBootstrap.Tests.Core.NodePersistenceTests.ServerRestart_WaterNodes_ShouldNotSurviveRestart" computerName="Seeker-Mac" duration="00:00:00.2087744" startTime="2025-09-22T13:42:01.1761300-06:00" endTime="2025-09-22T13:42:01.1761300-06:00" testType="13cdc9d9-ddb5-4fa4-a97d-d965ccfc6d4b" outcome="Passed" testListId="8c84fa94-04c1-424b-9868-57a2d4851a1d" relativeResultsDirectory="d10e8a0b-c564-4a30-810a-1576593ddeff" />
    <UnitTestResult executionId="e613927a-2eda-4fe3-881b-1a7fabe868e6" testId="b8e86a2f-674f-f277-a8e3-1c4f7274634d" testName="CodexBootstrap.Tests.Modules.FutureKnowledgeModuleTests.GeneratePrediction_WithNonExistentPattern_ReturnsError" computerName="Seeker-Mac" duration="00:00:00.0042866" startTime="2025-09-22T13:40:58.1752640-06:00" endTime="2025-09-22T13:40:58.1752640-06:00" testType="13cdc9d9-ddb5-4fa4-a97d-d965ccfc6d4b" outcome="Passed" testListId="8c84fa94-04c1-424b-9868-57a2d4851a1d" relativeResultsDirectory="e613927a-2eda-4fe3-881b-1a7fabe868e6" />
    <UnitTestResult executionId="18bca698-7cf1-483d-a274-8bc13a61fc39" testId="4e73c103-f467-67e6-7049-e34249ba699f" testName="CodexBootstrap.Tests.Modules.NewsModuleApiTests.SearchNews_ShouldReturnEmptyResults_WhenNoNewsAvailable" computerName="Seeker-Mac" duration="00:00:00.0285830" startTime="2025-09-22T13:40:50.6730720-06:00" endTime="2025-09-22T13:40:50.6730720-06:00" testType="13cdc9d9-ddb5-4fa4-a97d-d965ccfc6d4b" outcome="Passed" testListId="8c84fa94-04c1-424b-9868-57a2d4851a1d" relativeResultsDirectory="18bca698-7cf1-483d-a274-8bc13a61fc39" />
    <UnitTestResult executionId="683d545d-4ea5-4428-b587-17c595e6a779" testId="0cb16ae0-9e92-a316-9f63-de35f31e5f39" testName="CodexBootstrap.Tests.Modules.ThreadsModuleTests.ModuleNode_HasCorrectProperties" computerName="Seeker-Mac" duration="00:00:00.0011449" startTime="2025-09-22T13:42:25.1701270-06:00" endTime="2025-09-22T13:42:25.1701270-06:00" testType="13cdc9d9-ddb5-4fa4-a97d-d965ccfc6d4b" outcome="Passed" testListId="8c84fa94-04c1-424b-9868-57a2d4851a1d" relativeResultsDirectory="683d545d-4ea5-4428-b587-17c595e6a779" />
    <UnitTestResult executionId="e79a949e-4723-4e06-bf98-b6d8e07bd127" testId="48f0b978-87f3-597c-b969-584d8c7f342b" testName="CodexBootstrap.Tests.Modules.NodeEdgeModuleApiTests.GetEdges_ShouldReturnEdgesList_WhenImplemented" computerName="Seeker-Mac" duration="00:00:00.0104755" startTime="2025-09-22T13:41:32.1644640-06:00" endTime="2025-09-22T13:41:32.1644640-06:00" testType="13cdc9d9-ddb5-4fa4-a97d-d965ccfc6d4b" outcome="Passed" testListId="8c84fa94-04c1-424b-9868-57a2d4851a1d" relativeResultsDirectory="e79a949e-4723-4e06-bf98-b6d8e07bd127" />
    <UnitTestResult executionId="fcb5db95-46a4-4e7d-a13e-bfa6aba1a33e" testId="6d1325fe-8024-7798-813c-49d49c7502db" testName="CodexBootstrap.Tests.Modules.FileSystemModuleTests.DeleteFile_WithValidNode_MovesToBackupAndMarksDeleted" computerName="Seeker-Mac" duration="00:00:00.0182992" startTime="2025-09-22T13:42:20.6294790-06:00" endTime="2025-09-22T13:42:20.6294790-06:00" testType="13cdc9d9-ddb5-4fa4-a97d-d965ccfc6d4b" outcome="Passed" testListId="8c84fa94-04c1-424b-9868-57a2d4851a1d" relativeResultsDirectory="fcb5db95-46a4-4e7d-a13e-bfa6aba1a33e" />
    <UnitTestResult executionId="28b8f63d-3fed-4e9f-b724-760e587dc141" testId="2b5053f9-f02a-344a-cea0-eb8a5823c6c3" testName="CodexBootstrap.Tests.ApiEndpointTests.Health_ShouldReturnHealthyStatus" computerName="Seeker-Mac" duration="00:00:00.0122498" startTime="2025-09-22T13:42:07.0090100-06:00" endTime="2025-09-22T13:42:07.0090100-06:00" testType="13cdc9d9-ddb5-4fa4-a97d-d965ccfc6d4b" outcome="Passed" testListId="8c84fa94-04c1-424b-9868-57a2d4851a1d" relativeResultsDirectory="28b8f63d-3fed-4e9f-b724-760e587dc141" />
    <UnitTestResult executionId="26702f9d-24c9-4405-8ba7-6aa4a0428199" testId="db697f2e-ce6c-0e67-fba6-9e9dcf38b114" testName="CodexBootstrap.Tests.Modules.ConceptModuleApiTests.DeleteConcept_ShouldReturnSuccess_WhenConceptExists" computerName="Seeker-Mac" duration="00:00:00.0028405" startTime="2025-09-22T13:40:43.2432600-06:00" endTime="2025-09-22T13:40:43.2432600-06:00" testType="13cdc9d9-ddb5-4fa4-a97d-d965ccfc6d4b" outcome="Passed" testListId="8c84fa94-04c1-424b-9868-57a2d4851a1d" relativeResultsDirectory="26702f9d-24c9-4405-8ba7-6aa4a0428199" />
    <UnitTestResult executionId="34d4e62d-fa3f-4c1b-ba0a-070e1536083c" testId="d9ebdab0-e0e1-4dfb-e6ef-0b0976546f6d" testName="CodexBootstrap.Tests.Core.LLMOrchestratorTests.ExecuteAsync_WithValidTemplate_ShouldReturnSuccessResponse" computerName="Seeker-Mac" duration="00:00:00.0001561" startTime="2025-09-22T13:41:37.5419410-06:00" endTime="2025-09-22T13:41:37.5419410-06:00" testType="13cdc9d9-ddb5-4fa4-a97d-d965ccfc6d4b" outcome="Passed" testListId="8c84fa94-04c1-424b-9868-57a2d4851a1d" relativeResultsDirectory="34d4e62d-fa3f-4c1b-ba0a-070e1536083c" />
    <UnitTestResult executionId="f2ccd0f0-5c79-4569-86d3-0ebd1f8c6f60" testId="3ca8c1be-9224-8a17-a7fa-c377dada5726" testName="CodexBootstrap.Tests.Modules.ThreadsModuleTests.CreateThread_WithoutTitle_ReturnsError" computerName="Seeker-Mac" duration="00:00:00.0020377" startTime="2025-09-22T13:42:25.1641040-06:00" endTime="2025-09-22T13:42:25.1641040-06:00" testType="13cdc9d9-ddb5-4fa4-a97d-d965ccfc6d4b" outcome="Passed" testListId="8c84fa94-04c1-424b-9868-57a2d4851a1d" relativeResultsDirectory="f2ccd0f0-5c79-4569-86d3-0ebd1f8c6f60" />
    <UnitTestResult executionId="e0c87d3b-879e-4c9b-b921-5e648aee77a4" testId="561f218d-b654-fb57-ee4b-f7e1649d5050" testName="CodexBootstrap.Tests.Modules.UXPrimitivesModuleTests.CreateWeave_WithValidData_CreatesSuccessfully" computerName="Seeker-Mac" duration="00:00:00.0024289" startTime="2025-09-22T13:41:47.1363110-06:00" endTime="2025-09-22T13:41:47.1363110-06:00" testType="13cdc9d9-ddb5-4fa4-a97d-d965ccfc6d4b" outcome="Passed" testListId="8c84fa94-04c1-424b-9868-57a2d4851a1d" relativeResultsDirectory="e0c87d3b-879e-4c9b-b921-5e648aee77a4" />
    <UnitTestResult executionId="a6035527-8fcf-41f6-bdbc-a9144195f012" testId="c7e92259-b8e8-9f87-fc54-366eb8fde590" testName="CodexBootstrap.Tests.Modules.ThreadsModuleTests.AddReply_WithoutThread_ReturnsError" computerName="Seeker-Mac" duration="00:00:00.0027113" startTime="2025-09-22T13:42:25.1620320-06:00" endTime="2025-09-22T13:42:25.1620320-06:00" testType="13cdc9d9-ddb5-4fa4-a97d-d965ccfc6d4b" outcome="Passed" testListId="8c84fa94-04c1-424b-9868-57a2d4851a1d" relativeResultsDirectory="a6035527-8fcf-41f6-bdbc-a9144195f012" />
    <UnitTestResult executionId="d335f69c-54ac-4d65-a386-334b562274e1" testId="f1200e70-c88e-dbc8-b7b0-014a66ebf8a6" testName="CodexBootstrap.Tests.Modules.NewsModuleApiTests.GetNewsFeed_ShouldReturnNewsItems_WhenImplemented" computerName="Seeker-Mac" duration="00:00:00.0165636" startTime="2025-09-22T13:40:50.6979360-06:00" endTime="2025-09-22T13:40:50.6979360-06:00" testType="13cdc9d9-ddb5-4fa4-a97d-d965ccfc6d4b" outcome="Passed" testListId="8c84fa94-04c1-424b-9868-57a2d4851a1d" relativeResultsDirectory="d335f69c-54ac-4d65-a386-334b562274e1" />
    <UnitTestResult executionId="11e855ac-ed12-44e7-bf7e-59bd054a55af" testId="81ece0d0-0623-f285-5aef-39638b72d8de" testName="CodexBootstrap.Tests.IdentityTests.CreateSession_ShouldCreateNewSession" computerName="Seeker-Mac" duration="00:00:00.0015642" startTime="2025-09-22T13:42:07.3887400-06:00" endTime="2025-09-22T13:42:07.3887400-06:00" testType="13cdc9d9-ddb5-4fa4-a97d-d965ccfc6d4b" outcome="Passed" testListId="8c84fa94-04c1-424b-9868-57a2d4851a1d" relativeResultsDirectory="11e855ac-ed12-44e7-bf7e-59bd054a55af" />
    <UnitTestResult executionId="2f5deaf5-d449-4ff2-b9fe-5bd3744b5f81" testId="4cdd7a6f-85c0-305c-e9b1-fd8d4db0dee3" testName="CodexBootstrap.Tests.ApiIntegrationTests.OAuthValidate_ShouldValidateUser" computerName="Seeker-Mac" duration="00:00:00.0020426" startTime="2025-09-22T13:41:10.6593510-06:00" endTime="2025-09-22T13:41:10.6593510-06:00" testType="13cdc9d9-ddb5-4fa4-a97d-d965ccfc6d4b" outcome="Passed" testListId="8c84fa94-04c1-424b-9868-57a2d4851a1d" relativeResultsDirectory="2f5deaf5-d449-4ff2-b9fe-5bd3744b5f81" />
    <UnitTestResult executionId="6010f30e-eff9-4fc4-9d6e-ac6149d658c8" testId="0f0b59f9-3161-1d3d-fc85-4e0ab616dec1" testName="CodexBootstrap.Tests.Modules.NewsModuleApiTests.GetTrendingTopics_ShouldReturnTopicsList" computerName="Seeker-Mac" duration="00:00:00.0181279" startTime="2025-09-22T13:40:50.6121420-06:00" endTime="2025-09-22T13:40:50.6121420-06:00" testType="13cdc9d9-ddb5-4fa4-a97d-d965ccfc6d4b" outcome="Passed" testListId="8c84fa94-04c1-424b-9868-57a2d4851a1d" relativeResultsDirectory="6010f30e-eff9-4fc4-9d6e-ac6149d658c8" />
    <UnitTestResult executionId="ab1ed77f-1755-41a1-8899-3a0235473343" testId="aea25e69-8ef4-fcb6-b447-29de5becfc76" testName="CodexBootstrap.Tests.Core.NodePersistenceTests.EdgePersistence_WaterToWater_ShouldPersistInWaterStorage" computerName="Seeker-Mac" duration="00:00:00.2100890" startTime="2025-09-22T13:42:00.2398370-06:00" endTime="2025-09-22T13:42:00.2398370-06:00" testType="13cdc9d9-ddb5-4fa4-a97d-d965ccfc6d4b" outcome="Passed" testListId="8c84fa94-04c1-424b-9868-57a2d4851a1d" relativeResultsDirectory="ab1ed77f-1755-41a1-8899-3a0235473343" />
    <UnitTestResult executionId="97739cb8-d082-448a-bcc7-a4cfa9d8a904" testId="d97a6a51-1d28-ab30-5e6f-d68d2a74dcbf" testName="CodexBootstrap.Tests.Modules.ConceptModuleApiTests.CreateConcept_ShouldReturnBadRequest_WhenInvalidRequest" computerName="Seeker-Mac" duration="00:00:00.0076231" startTime="2025-09-22T13:40:43.2182090-06:00" endTime="2025-09-22T13:40:43.2182090-06:00" testType="13cdc9d9-ddb5-4fa4-a97d-d965ccfc6d4b" outcome="Passed" testListId="8c84fa94-04c1-424b-9868-57a2d4851a1d" relativeResultsDirectory="97739cb8-d082-448a-bcc7-a4cfa9d8a904" />
    <UnitTestResult executionId="381f0aa5-1a23-43dd-97b7-0831de589a40" testId="5f8249b6-8a38-f488-9401-fb030ff393d5" testName="CodexBootstrap.Tests.Modules.EnergyModuleApiTests.GetContributorEnergy_ShouldReturnSuccess_WhenImplemented" computerName="Seeker-Mac" duration="00:00:00.0015786" startTime="2025-09-22T13:41:39.8114660-06:00" endTime="2025-09-22T13:41:39.8114660-06:00" testType="13cdc9d9-ddb5-4fa4-a97d-d965ccfc6d4b" outcome="Passed" testListId="8c84fa94-04c1-424b-9868-57a2d4851a1d" relativeResultsDirectory="381f0aa5-1a23-43dd-97b7-0831de589a40" />
    <UnitTestResult executionId="46e61145-7829-4c40-9ae9-523e2d8ed037" testId="7e413d25-15e9-ae82-c3ad-0fea9e290606" testName="CodexBootstrap.Tests.Modules.NoMockDataRegressionTests.FutureKnowledge_RetrieveFutureKnowledge_WithRealImplementation_ReturnsSuccess" computerName="Seeker-Mac" duration="00:00:00.0304482" startTime="2025-09-22T13:41:54.5592260-06:00" endTime="2025-09-22T13:41:54.5592260-06:00" testType="13cdc9d9-ddb5-4fa4-a97d-d965ccfc6d4b" outcome="Passed" testListId="8c84fa94-04c1-424b-9868-57a2d4851a1d" relativeResultsDirectory="46e61145-7829-4c40-9ae9-523e2d8ed037" />
    <UnitTestResult executionId="240f0522-6838-4e93-be49-f5cdca0ac58b" testId="d34512b0-24c2-85cf-1218-fa33c4d381bf" testName="CodexBootstrap.Tests.Modules.NoMockDataRegressionTests.ModuleEndpoints_WithInvalidData_ReturnCleanErrors(endpoint: &quot;/ux-primitives/invite&quot;)" computerName="Seeker-Mac" duration="00:00:00.0005590" startTime="2025-09-22T13:41:54.4994090-06:00" endTime="2025-09-22T13:41:54.4994090-06:00" testType="13cdc9d9-ddb5-4fa4-a97d-d965ccfc6d4b" outcome="Passed" testListId="8c84fa94-04c1-424b-9868-57a2d4851a1d" relativeResultsDirectory="240f0522-6838-4e93-be49-f5cdca0ac58b" />
    <UnitTestResult executionId="007b6728-dc52-48d2-9ad1-c92b90a06de5" testId="68b579ad-d101-7563-7644-8b094cbff9dc" testName="CodexBootstrap.Tests.Modules.FutureKnowledgeModuleTests.Module_Description_NoLongerMentionsSimulation" computerName="Seeker-Mac" duration="00:00:00.0020942" startTime="2025-09-22T13:40:58.1709850-06:00" endTime="2025-09-22T13:40:58.1709850-06:00" testType="13cdc9d9-ddb5-4fa4-a97d-d965ccfc6d4b" outcome="Passed" testListId="8c84fa94-04c1-424b-9868-57a2d4851a1d" relativeResultsDirectory="007b6728-dc52-48d2-9ad1-c92b90a06de5" />
    <UnitTestResult executionId="13f86b0d-2425-4c97-8dcf-70ecc81f1a4a" testId="4d3ca544-276f-5d6d-1805-2b375093f8dc" testName="CodexBootstrap.Tests.Core.NodePersistenceTests.NodeStateTransition_WaterToGas_ShouldRemoveFromStorage" computerName="Seeker-Mac" duration="00:00:00.2086356" startTime="2025-09-22T13:42:00.4489370-06:00" endTime="2025-09-22T13:42:00.4489370-06:00" testType="13cdc9d9-ddb5-4fa4-a97d-d965ccfc6d4b" outcome="Passed" testListId="8c84fa94-04c1-424b-9868-57a2d4851a1d" relativeResultsDirectory="13f86b0d-2425-4c97-8dcf-70ecc81f1a4a" />
    <UnitTestResult executionId="57d9b6f3-224f-4e7b-a9c1-6c947d96fdb9" testId="1f7976e5-938b-de19-e4f9-70a3b56afbf7" testName="CodexBootstrap.Tests.Modules.AIModuleTests.Description_ShouldReturnCorrectDescription" computerName="Seeker-Mac" duration="00:00:00.0001922" startTime="2025-09-22T13:41:37.5554110-06:00" endTime="2025-09-22T13:41:37.5554110-06:00" testType="13cdc9d9-ddb5-4fa4-a97d-d965ccfc6d4b" outcome="Passed" testListId="8c84fa94-04c1-424b-9868-57a2d4851a1d" relativeResultsDirectory="57d9b6f3-224f-4e7b-a9c1-6c947d96fdb9" />
    <UnitTestResult executionId="1de223db-cd3e-4bc6-bad6-7a125397fbf5" testId="79341776-28f9-9f5a-685e-8b9cb0ecc3e5" testName="CodexBootstrap.Tests.IdentityTests.MockIdentityProvider_ShouldInitiateLogin" computerName="Seeker-Mac" duration="00:00:00.0135532" startTime="2025-09-22T13:42:07.3299730-06:00" endTime="2025-09-22T13:42:07.3299730-06:00" testType="13cdc9d9-ddb5-4fa4-a97d-d965ccfc6d4b" outcome="Passed" testListId="8c84fa94-04c1-424b-9868-57a2d4851a1d" relativeResultsDirectory="1de223db-cd3e-4bc6-bad6-7a125397fbf5" />
    <UnitTestResult executionId="9c5bb97f-ccc8-47f6-8951-6e347039d6ea" testId="a89402d9-0924-308b-7904-fd6477f0ee7b" testName="CodexBootstrap.Tests.Modules.EnergyModuleApiTests.GetCollectiveEnergy_ShouldReturnSuccess_WhenImplemented" computerName="Seeker-Mac" duration="00:00:00.0083197" startTime="2025-09-22T13:41:39.7587550-06:00" endTime="2025-09-22T13:41:39.7587560-06:00" testType="13cdc9d9-ddb5-4fa4-a97d-d965ccfc6d4b" outcome="Passed" testListId="8c84fa94-04c1-424b-9868-57a2d4851a1d" relativeResultsDirectory="9c5bb97f-ccc8-47f6-8951-6e347039d6ea" />
    <UnitTestResult executionId="a6618e97-d59f-4251-9509-808e4d66fcc0" testId="bc9c6b92-5291-21f7-4294-de06f4a39605" testName="CodexBootstrap.Tests.Modules.NoMockDataRegressionTests.ModuleEndpoints_WithInvalidData_ReturnCleanErrors(endpoint: &quot;/ux-primitives/weave&quot;)" computerName="Seeker-Mac" duration="00:00:00.0017089" startTime="2025-09-22T13:41:54.4986830-06:00" endTime="2025-09-22T13:41:54.4986830-06:00" testType="13cdc9d9-ddb5-4fa4-a97d-d965ccfc6d4b" outcome="Passed" testListId="8c84fa94-04c1-424b-9868-57a2d4851a1d" relativeResultsDirectory="a6618e97-d59f-4251-9509-808e4d66fcc0" />
    <UnitTestResult executionId="ee22ba11-2203-4d07-bc8d-c37ece73e581" testId="f7b0b764-6d52-78e1-ce67-39dccd32fc90" testName="CodexBootstrap.Tests.Core.NodePersistenceTests.EdgePersistence_MixedStates_ShouldBeGas" computerName="Seeker-Mac" duration="00:00:00.2152725" startTime="2025-09-22T13:42:03.8326840-06:00" endTime="2025-09-22T13:42:03.8326840-06:00" testType="13cdc9d9-ddb5-4fa4-a97d-d965ccfc6d4b" outcome="Passed" testListId="8c84fa94-04c1-424b-9868-57a2d4851a1d" relativeResultsDirectory="ee22ba11-2203-4d07-bc8d-c37ece73e581" />
    <UnitTestResult executionId="db816fad-ce2f-473b-b444-c96185714a00" testId="fcef5775-779a-bf15-6f5f-56cf4b7bf258" testName="CodexBootstrap.Tests.Modules.GalleryModuleTests.ModuleNode_HasCorrectProperties" computerName="Seeker-Mac" duration="00:00:00.0011236" startTime="2025-09-22T13:41:05.4980690-06:00" endTime="2025-09-22T13:41:05.4980690-06:00" testType="13cdc9d9-ddb5-4fa4-a97d-d965ccfc6d4b" outcome="Passed" testListId="8c84fa94-04c1-424b-9868-57a2d4851a1d" relativeResultsDirectory="db816fad-ce2f-473b-b444-c96185714a00" />
    <UnitTestResult executionId="21379543-1b67-4907-8073-97f01bfd455b" testId="6090d8db-c083-ec38-5d91-cefe25a89520" testName="CodexBootstrap.Tests.HealthTests.HealthCheck_ShouldReturnHealthyStatus" computerName="Seeker-Mac" duration="00:00:00.0104984" startTime="2025-09-22T13:42:07.1037110-06:00" endTime="2025-09-22T13:42:07.1037110-06:00" testType="13cdc9d9-ddb5-4fa4-a97d-d965ccfc6d4b" outcome="Passed" testListId="8c84fa94-04c1-424b-9868-57a2d4851a1d" relativeResultsDirectory="21379543-1b67-4907-8073-97f01bfd455b" />
    <UnitTestResult executionId="5dc53c09-b24d-4b94-9316-8775c0ae62a5" testId="de6737cf-2597-d0d6-4640-2dcefdc86dd1" testName="CodexBootstrap.Tests.Core.NodeRegistryUserRepositoryTests.DeleteAsync_ShouldRemoveNode" computerName="Seeker-Mac" duration="00:00:00.0642292" startTime="2025-09-22T13:41:37.5369370-06:00" endTime="2025-09-22T13:41:37.5369370-06:00" testType="13cdc9d9-ddb5-4fa4-a97d-d965ccfc6d4b" outcome="Passed" testListId="8c84fa94-04c1-424b-9868-57a2d4851a1d" relativeResultsDirectory="5dc53c09-b24d-4b94-9316-8775c0ae62a5" />
    <UnitTestResult executionId="534ac31e-3f6b-4932-b7f3-a8c31132fdfc" testId="d29b97cc-8f72-3f8f-ee60-4568f1429a8b" testName="CodexBootstrap.Tests.Core.NodePersistenceTests.CacheClearAndReload_Edges_ShouldRestorePersistentEdges" computerName="Seeker-Mac" duration="00:00:00.3112510" startTime="2025-09-22T13:42:02.4470130-06:00" endTime="2025-09-22T13:42:02.4470130-06:00" testType="13cdc9d9-ddb5-4fa4-a97d-d965ccfc6d4b" outcome="Passed" testListId="8c84fa94-04c1-424b-9868-57a2d4851a1d" relativeResultsDirectory="534ac31e-3f6b-4932-b7f3-a8c31132fdfc" />
    <UnitTestResult executionId="95390db0-f446-47fb-8a8d-4190eeed3019" testId="8256c5d2-edc2-214d-dcf5-e682bf42598b" testName="CodexBootstrap.Tests.Modules.FutureKnowledgeModuleTests.DiscoverPatterns_WithImplementation_ReturnsSuccess" computerName="Seeker-Mac" duration="00:00:00.0028034" startTime="2025-09-22T13:40:58.1781090-06:00" endTime="2025-09-22T13:40:58.1781090-06:00" testType="13cdc9d9-ddb5-4fa4-a97d-d965ccfc6d4b" outcome="Passed" testListId="8c84fa94-04c1-424b-9868-57a2d4851a1d" relativeResultsDirectory="95390db0-f446-47fb-8a8d-4190eeed3019" />
    <UnitTestResult executionId="461247e4-3ed0-4c91-8ff2-ea9321615517" testId="6599a9fd-a45c-3f51-a550-7571741afdc8" testName="CodexBootstrap.Tests.Modules.ConceptModuleApiTests.GetConcepts_ShouldReturnValidConceptsArray" computerName="Seeker-Mac" duration="00:00:00.0155609" startTime="2025-09-22T13:40:43.2103520-06:00" endTime="2025-09-22T13:40:43.2103570-06:00" testType="13cdc9d9-ddb5-4fa4-a97d-d965ccfc6d4b" outcome="Passed" testListId="8c84fa94-04c1-424b-9868-57a2d4851a1d" relativeResultsDirectory="461247e4-3ed0-4c91-8ff2-ea9321615517" />
    <UnitTestResult executionId="e741c187-4c7b-465f-9f00-7ab2462ec6b9" testId="a3b04758-d6c8-afae-35de-edc9990eb840" testName="CodexBootstrap.Tests.Modules.GalleryModuleTests.ListGalleryItems_WithoutMockData_ReturnsEmptyList" computerName="Seeker-Mac" duration="00:00:00.0027881" startTime="2025-09-22T13:41:05.4894090-06:00" endTime="2025-09-22T13:41:05.4894090-06:00" testType="13cdc9d9-ddb5-4fa4-a97d-d965ccfc6d4b" outcome="Passed" testListId="8c84fa94-04c1-424b-9868-57a2d4851a1d" relativeResultsDirectory="e741c187-4c7b-465f-9f00-7ab2462ec6b9" />
    <UnitTestResult executionId="e627050b-f1f6-4f1a-817b-7a50b41b982d" testId="8e2e70aa-52bc-bb4c-eb25-92a87f9a71ab" testName="CodexBootstrap.Tests.Modules.CoreModuleTests.Constructor_ShouldInitializeCorrectly" computerName="Seeker-Mac" duration="00:00:00.0001064" startTime="2025-09-22T13:40:55.9600000-06:00" endTime="2025-09-22T13:40:55.9600000-06:00" testType="13cdc9d9-ddb5-4fa4-a97d-d965ccfc6d4b" outcome="Passed" testListId="8c84fa94-04c1-424b-9868-57a2d4851a1d" relativeResultsDirectory="e627050b-f1f6-4f1a-817b-7a50b41b982d" />
    <UnitTestResult executionId="757386cc-3fbb-43c6-b8fb-4596474f7694" testId="e8d4d606-490f-c18b-b9f2-d71b9249e382" testName="CodexBootstrap.Tests.Modules.NoMockDataRegressionTests.ModuleEndpoints_WithInvalidData_ReturnCleanErrors(endpoint: &quot;/threads/create&quot;)" computerName="Seeker-Mac" duration="00:00:00.0025008" startTime="2025-09-22T13:41:54.5123460-06:00" endTime="2025-09-22T13:41:54.5123460-06:00" testType="13cdc9d9-ddb5-4fa4-a97d-d965ccfc6d4b" outcome="Passed" testListId="8c84fa94-04c1-424b-9868-57a2d4851a1d" relativeResultsDirectory="757386cc-3fbb-43c6-b8fb-4596474f7694" />
    <UnitTestResult executionId="fe5857bb-7c5f-45cd-b630-753328bf495f" testId="cf881c4c-31da-3c3d-e657-0f7a60496f37" testName="CodexBootstrap.Tests.Modules.ConceptModuleApiTests.DeleteConcept_ShouldReturnNotFound_WhenConceptDoesNotExist" computerName="Seeker-Mac" duration="00:00:00.0119753" startTime="2025-09-22T13:40:43.2401960-06:00" endTime="2025-09-22T13:40:43.2401960-06:00" testType="13cdc9d9-ddb5-4fa4-a97d-d965ccfc6d4b" outcome="Passed" testListId="8c84fa94-04c1-424b-9868-57a2d4851a1d" relativeResultsDirectory="fe5857bb-7c5f-45cd-b630-753328bf495f" />
    <UnitTestResult executionId="bcf34dfd-64a6-4f52-85a9-0e190885c382" testId="5f315f1e-d6f1-03f6-3f34-8b951770fd4b" testName="CodexBootstrap.Tests.ApiIntegrationTests.Modules_ShouldBeAvailable" computerName="Seeker-Mac" duration="00:00:00.0015479" startTime="2025-09-22T13:41:10.6571700-06:00" endTime="2025-09-22T13:41:10.6571700-06:00" testType="13cdc9d9-ddb5-4fa4-a97d-d965ccfc6d4b" outcome="Passed" testListId="8c84fa94-04c1-424b-9868-57a2d4851a1d" relativeResultsDirectory="bcf34dfd-64a6-4f52-85a9-0e190885c382" />
    <UnitTestResult executionId="7f36b890-13df-406e-b7f6-87f06edb7aa0" testId="de3c4b09-a3ad-ae77-63dc-db0c1fac083d" testName="CodexBootstrap.Tests.Modules.UXPrimitivesModuleTests.SendInvite_WithoutMessage_ReturnsError" computerName="Seeker-Mac" duration="00:00:00.0021109" startTime="2025-09-22T13:41:47.1269620-06:00" endTime="2025-09-22T13:41:47.1269620-06:00" testType="13cdc9d9-ddb5-4fa4-a97d-d965ccfc6d4b" outcome="Passed" testListId="8c84fa94-04c1-424b-9868-57a2d4851a1d" relativeResultsDirectory="7f36b890-13df-406e-b7f6-87f06edb7aa0" />
    <UnitTestResult executionId="69dbca31-0865-49a3-b540-34d7c01cdb52" testId="6e5a8b91-6a75-56d3-b317-a9ac48ab0672" testName="CodexBootstrap.Tests.Modules.NodeEdgeModuleApiTests.GetNodes_ShouldAcceptQueryParameters" computerName="Seeker-Mac" duration="00:00:00.0033649" startTime="2025-09-22T13:41:32.1439270-06:00" endTime="2025-09-22T13:41:32.1439270-06:00" testType="13cdc9d9-ddb5-4fa4-a97d-d965ccfc6d4b" outcome="Passed" testListId="8c84fa94-04c1-424b-9868-57a2d4851a1d" relativeResultsDirectory="69dbca31-0865-49a3-b540-34d7c01cdb52" />
    <UnitTestResult executionId="09c09efb-de4a-4a34-9ca9-b05b62f115d4" testId="e28593ad-f562-f9b6-0172-52c7b6e48ddf" testName="CodexBootstrap.Tests.Core.NodePersistenceTests.NodeStateTransition_Water_ShouldPersistInWaterStorage" computerName="Seeker-Mac" duration="00:00:00.1069194" startTime="2025-09-22T13:42:01.7006330-06:00" endTime="2025-09-22T13:42:01.7006330-06:00" testType="13cdc9d9-ddb5-4fa4-a97d-d965ccfc6d4b" outcome="Passed" testListId="8c84fa94-04c1-424b-9868-57a2d4851a1d" relativeResultsDirectory="09c09efb-de4a-4a34-9ca9-b05b62f115d4" />
    <UnitTestResult executionId="8af9c334-bc3b-4e7f-b8b2-eb3f14a7e5b8" testId="5bb357ef-a289-5457-59f1-0df201ad4323" testName="CodexBootstrap.Tests.UCoreOntologyTests.WaterStatesAxis_Node_Should_Exist" computerName="Seeker-Mac" duration="00:00:00.0085228" startTime="2025-09-22T13:41:37.3305720-06:00" endTime="2025-09-22T13:41:37.3305720-06:00" testType="13cdc9d9-ddb5-4fa4-a97d-d965ccfc6d4b" outcome="Passed" testListId="8c84fa94-04c1-424b-9868-57a2d4851a1d" relativeResultsDirectory="8af9c334-bc3b-4e7f-b8b2-eb3f14a7e5b8" />
    <UnitTestResult executionId="7345a918-aa6c-4522-b384-a436f1157ff7" testId="a1457caa-f4c9-ba63-922a-5d90fbfc1363" testName="CodexBootstrap.Tests.Core.NodeRegistryTests.GetEdgesFrom_ShouldReturnEdgesFromSpecificNode" computerName="Seeker-Mac" duration="00:00:00.0012348" startTime="2025-09-22T13:42:20.7210200-06:00" endTime="2025-09-22T13:42:20.7210200-06:00" testType="13cdc9d9-ddb5-4fa4-a97d-d965ccfc6d4b" outcome="Passed" testListId="8c84fa94-04c1-424b-9868-57a2d4851a1d" relativeResultsDirectory="7345a918-aa6c-4522-b384-a436f1157ff7" />
    <UnitTestResult executionId="dc7c3fc8-96c7-420b-9896-66d52ff4d782" testId="1f334c79-0062-1fd4-b393-16846c0c4410" testName="CodexBootstrap.Tests.Modules.NewsModuleApiTests.GetUnreadNews_ShouldReturnEmptyResults_WhenNoUnreadNews" computerName="Seeker-Mac" duration="00:00:00.0087828" startTime="2025-09-22T13:40:50.6305630-06:00" endTime="2025-09-22T13:40:50.6305630-06:00" testType="13cdc9d9-ddb5-4fa4-a97d-d965ccfc6d4b" outcome="Passed" testListId="8c84fa94-04c1-424b-9868-57a2d4851a1d" relativeResultsDirectory="dc7c3fc8-96c7-420b-9896-66d52ff4d782" />
    <UnitTestResult executionId="5d6ceae9-45ec-45da-a70a-868437a8703c" testId="146ff060-bcc7-e0b1-fb2c-4c0b171c5a00" testName="CodexBootstrap.Tests.Modules.GalleryModuleTests.CreateGalleryItem_WithoutImageUrl_ReturnsError" computerName="Seeker-Mac" duration="00:00:00.0023593" startTime="2025-09-22T13:41:05.4865670-06:00" endTime="2025-09-22T13:41:05.4865670-06:00" testType="13cdc9d9-ddb5-4fa4-a97d-d965ccfc6d4b" outcome="Passed" testListId="8c84fa94-04c1-424b-9868-57a2d4851a1d" relativeResultsDirectory="5d6ceae9-45ec-45da-a70a-868437a8703c" />
    <UnitTestResult executionId="fcf64309-0343-48fd-b8ca-53cf29642ea5" testId="14935da5-76f2-bd62-81ac-04e61a088bd0" testName="CodexBootstrap.Tests.Modules.EnergyModuleApiTests.GetContributorEnergy_ShouldRespondWithinAcceptableTime_WhenImplemented" computerName="Seeker-Mac" duration="00:00:00.0032828" startTime="2025-09-22T13:41:39.7678060-06:00" endTime="2025-09-22T13:41:39.7678060-06:00" testType="13cdc9d9-ddb5-4fa4-a97d-d965ccfc6d4b" outcome="Passed" testListId="8c84fa94-04c1-424b-9868-57a2d4851a1d" relativeResultsDirectory="fcf64309-0343-48fd-b8ca-53cf29642ea5" />
    <UnitTestResult executionId="462f2039-03cf-42db-aca3-1072536eca12" testId="4c978083-c229-a01c-6a7c-ef18e5236170" testName="CodexBootstrap.Tests.IdentityTests.MockIdentityProvider_ShouldExchangeCodeForToken" computerName="Seeker-Mac" duration="00:00:00.1077968" startTime="2025-09-22T13:42:07.8332310-06:00" endTime="2025-09-22T13:42:07.8332310-06:00" testType="13cdc9d9-ddb5-4fa4-a97d-d965ccfc6d4b" outcome="Passed" testListId="8c84fa94-04c1-424b-9868-57a2d4851a1d" relativeResultsDirectory="462f2039-03cf-42db-aca3-1072536eca12" />
    <UnitTestResult executionId="70bb3826-4e4a-4423-9d5e-f3796c0dae43" testId="9278bdb8-7599-f5f4-b1ea-3e31a3ba566f" testName="CodexBootstrap.Tests.NewsSourceTests.NewsIngestion_Should_CreateValidNewsItems" computerName="Seeker-Mac" duration="00:00:03.0101165" startTime="2025-09-22T13:41:23.1698490-06:00" endTime="2025-09-22T13:41:23.1698490-06:00" testType="13cdc9d9-ddb5-4fa4-a97d-d965ccfc6d4b" outcome="Passed" testListId="8c84fa94-04c1-424b-9868-57a2d4851a1d" relativeResultsDirectory="70bb3826-4e4a-4423-9d5e-f3796c0dae43" />
    <UnitTestResult executionId="d04df119-d3d0-4f93-b0c4-020250c7727f" testId="d7036780-9716-509c-617a-1f2084784363" testName="CodexBootstrap.Tests.Modules.UXPrimitivesModuleTests.ModuleNode_HasCorrectProperties" computerName="Seeker-Mac" duration="00:00:00.0012665" startTime="2025-09-22T13:41:47.1248250-06:00" endTime="2025-09-22T13:41:47.1248250-06:00" testType="13cdc9d9-ddb5-4fa4-a97d-d965ccfc6d4b" outcome="Passed" testListId="8c84fa94-04c1-424b-9868-57a2d4851a1d" relativeResultsDirectory="d04df119-d3d0-4f93-b0c4-020250c7727f" />
    <UnitTestResult executionId="4b232e7b-1bda-4afc-8513-eac267f5ecda" testId="b95d7986-cd5c-1d27-935d-048129f27e6c" testName="CodexBootstrap.Tests.Modules.VisualValidationModuleTests.ValidateComponentAgainstSpec_ShouldReturnValidationResult" computerName="Seeker-Mac" duration="00:00:00.0187044" startTime="2025-09-22T13:41:14.0668630-06:00" endTime="2025-09-22T13:41:14.0668630-06:00" testType="13cdc9d9-ddb5-4fa4-a97d-d965ccfc6d4b" outcome="Passed" testListId="8c84fa94-04c1-424b-9868-57a2d4851a1d" relativeResultsDirectory="4b232e7b-1bda-4afc-8513-eac267f5ecda" />
    <UnitTestResult executionId="0a1622a5-e1ce-4691-aafc-e096af0f61dd" testId="a1a3cd79-a8ef-2dca-2a37-88922f31b2df" testName="CodexBootstrap.Tests.Core.NodeRegistryTests.EdgeState_ShouldFollowNodePhaseTransitions" computerName="Seeker-Mac" duration="00:00:00.0015575" startTime="2025-09-22T13:42:20.7561400-06:00" endTime="2025-09-22T13:42:20.7561400-06:00" testType="13cdc9d9-ddb5-4fa4-a97d-d965ccfc6d4b" outcome="Passed" testListId="8c84fa94-04c1-424b-9868-57a2d4851a1d" relativeResultsDirectory="0a1622a5-e1ce-4691-aafc-e096af0f61dd" />
    <UnitTestResult executionId="e17244e1-3c0f-4579-8a72-f5e9c202e4a6" testId="7d68e180-4522-1c63-e2b7-817dd0b2a6e5" testName="CodexBootstrap.Tests.Modules.NewsModuleApiTests.GetTrendingTopics_ShouldAcceptHoursBackParameter" computerName="Seeker-Mac" duration="00:00:00.0032504" startTime="2025-09-22T13:40:50.6811600-06:00" endTime="2025-09-22T13:40:50.6811600-06:00" testType="13cdc9d9-ddb5-4fa4-a97d-d965ccfc6d4b" outcome="Passed" testListId="8c84fa94-04c1-424b-9868-57a2d4851a1d" relativeResultsDirectory="e17244e1-3c0f-4579-8a72-f5e9c202e4a6" />
    <UnitTestResult executionId="da045cc7-7684-41ce-bdc8-02f1cbd33f57" testId="9674b376-d6ac-4703-6bfc-2eb31e6b6cc1" testName="CodexBootstrap.Tests.IdentityTests.MockIdentityProvider_ShouldGetIdentityProviders" computerName="Seeker-Mac" duration="00:00:00.0008683" startTime="2025-09-22T13:42:07.5059150-06:00" endTime="2025-09-22T13:42:07.5059150-06:00" testType="13cdc9d9-ddb5-4fa4-a97d-d965ccfc6d4b" outcome="Passed" testListId="8c84fa94-04c1-424b-9868-57a2d4851a1d" relativeResultsDirectory="da045cc7-7684-41ce-bdc8-02f1cbd33f57" />
    <UnitTestResult executionId="6d09e7a6-dc7b-4d50-ad48-fe963934bd87" testId="fc7bce22-4aa8-7f2e-5825-9a1561671044" testName="CodexBootstrap.Tests.Modules.NodeEdgeModuleApiTests.GetNode_ShouldReturnNode_WhenNodeExists" computerName="Seeker-Mac" duration="00:00:00.0066407" startTime="2025-09-22T13:41:32.1507730-06:00" endTime="2025-09-22T13:41:32.1507730-06:00" testType="13cdc9d9-ddb5-4fa4-a97d-d965ccfc6d4b" outcome="Passed" testListId="8c84fa94-04c1-424b-9868-57a2d4851a1d" relativeResultsDirectory="6d09e7a6-dc7b-4d50-ad48-fe963934bd87" />
    <UnitTestResult executionId="be85af37-a9f0-4200-8da7-77a035841127" testId="d0cd9f70-6dc1-3c7d-5cf8-851aa39eea33" testName="CodexBootstrap.Tests.Modules.EnergyModuleApiTests.GetUserContributions_ShouldReturnOk_WhenImplemented" computerName="Seeker-Mac" duration="00:00:00.0016596" startTime="2025-09-22T13:41:39.7606020-06:00" endTime="2025-09-22T13:41:39.7606020-06:00" testType="13cdc9d9-ddb5-4fa4-a97d-d965ccfc6d4b" outcome="Passed" testListId="8c84fa94-04c1-424b-9868-57a2d4851a1d" relativeResultsDirectory="be85af37-a9f0-4200-8da7-77a035841127" />
    <UnitTestResult executionId="28de43a6-1b77-401c-9e3c-4e7facea4dcf" testId="65339b3c-9de7-638f-f604-692a2aef89ff" testName="CodexBootstrap.Tests.IdentityTests.IdentityProviders_ShouldReturnAvailableProviders" computerName="Seeker-Mac" duration="00:00:00.0070646" startTime="2025-09-22T13:42:07.3959550-06:00" endTime="2025-09-22T13:42:07.3959550-06:00" testType="13cdc9d9-ddb5-4fa4-a97d-d965ccfc6d4b" outcome="Passed" testListId="8c84fa94-04c1-424b-9868-57a2d4851a1d" relativeResultsDirectory="28de43a6-1b77-401c-9e3c-4e7facea4dcf" />
    <UnitTestResult executionId="3143df3a-667e-4df5-9eb8-f650ef124d4d" testId="be0201d4-f64f-23ff-9843-409cbb744734" testName="CodexBootstrap.Tests.NewsSourceTests.NewsSourceCategories_Should_CoverAllDomains" computerName="Seeker-Mac" duration="00:00:01.0074235" startTime="2025-09-22T13:41:19.1477230-06:00" endTime="2025-09-22T13:41:19.1477230-06:00" testType="13cdc9d9-ddb5-4fa4-a97d-d965ccfc6d4b" outcome="Passed" testListId="8c84fa94-04c1-424b-9868-57a2d4851a1d" relativeResultsDirectory="3143df3a-667e-4df5-9eb8-f650ef124d4d" />
    <UnitTestResult executionId="32916e9f-c543-409a-a195-17fb944eb7c2" testId="7fb892fc-7cfe-4a21-f5bf-3ca5ffe75254" testName="CodexBootstrap.Tests.SimpleIntegrationTests.SwaggerEndpoint_ShouldBeAccessible" computerName="Seeker-Mac" duration="00:00:00.0016462" startTime="2025-09-22T13:42:13.0755750-06:00" endTime="2025-09-22T13:42:13.0755750-06:00" testType="13cdc9d9-ddb5-4fa4-a97d-d965ccfc6d4b" outcome="Passed" testListId="8c84fa94-04c1-424b-9868-57a2d4851a1d" relativeResultsDirectory="32916e9f-c543-409a-a195-17fb944eb7c2" />
    <UnitTestResult executionId="4e985fe9-87b6-49a8-b36f-85b7dc2caf01" testId="e776ed9f-d0af-671b-5393-2bbcffd08132" testName="CodexBootstrap.Tests.NewsSourceTests.NewsSourceValidation_Should_CheckRandomSources" computerName="Seeker-Mac" duration="00:00:06.7140366" startTime="2025-09-22T13:41:29.8843690-06:00" endTime="2025-09-22T13:41:29.8843690-06:00" testType="13cdc9d9-ddb5-4fa4-a97d-d965ccfc6d4b" outcome="Passed" testListId="8c84fa94-04c1-424b-9868-57a2d4851a1d" relativeResultsDirectory="4e985fe9-87b6-49a8-b36f-85b7dc2caf01" />
    <UnitTestResult executionId="39551ff2-cd41-4eb4-951d-029ab471f929" testId="3b5b492a-a447-2aad-e146-fe2b0287447c" testName="CodexBootstrap.Tests.Modules.FutureKnowledgeModuleTests.ApplyFutureKnowledge_WithNonExistentKnowledge_ReturnsError" computerName="Seeker-Mac" duration="00:00:00.0021078" startTime="2025-09-22T13:40:58.1822310-06:00" endTime="2025-09-22T13:40:58.1822310-06:00" testType="13cdc9d9-ddb5-4fa4-a97d-d965ccfc6d4b" outcome="Passed" testListId="8c84fa94-04c1-424b-9868-57a2d4851a1d" relativeResultsDirectory="39551ff2-cd41-4eb4-951d-029ab471f929" />
    <UnitTestResult executionId="bac0f181-d8f0-4f93-bf22-69f6983d0c90" testId="a4d19a43-eee6-b34b-17f0-66d7158f5890" testName="CodexBootstrap.Tests.Modules.ConceptModuleApiTests.GetConcept_ShouldReturnConcept_WhenConceptExists" computerName="Seeker-Mac" duration="00:00:00.0050457" startTime="2025-09-22T13:40:43.2235750-06:00" endTime="2025-09-22T13:40:43.2235750-06:00" testType="13cdc9d9-ddb5-4fa4-a97d-d965ccfc6d4b" outcome="Passed" testListId="8c84fa94-04c1-424b-9868-57a2d4851a1d" relativeResultsDirectory="bac0f181-d8f0-4f93-bf22-69f6983d0c90" />
    <UnitTestResult executionId="ef93914d-e848-4c00-ad3d-00e0fe155839" testId="3c9ab4c8-f1b7-75d5-dbbb-5692f82a8e63" testName="CodexBootstrap.Tests.Modules.FileSystemModuleTests.FileNode_ShouldHaveCorrectContentRef" computerName="Seeker-Mac" duration="00:00:00.0136959" startTime="2025-09-22T13:42:20.6432310-06:00" endTime="2025-09-22T13:42:20.6432310-06:00" testType="13cdc9d9-ddb5-4fa4-a97d-d965ccfc6d4b" outcome="Passed" testListId="8c84fa94-04c1-424b-9868-57a2d4851a1d" relativeResultsDirectory="ef93914d-e848-4c00-ad3d-00e0fe155839" />
    <UnitTestResult executionId="16ea887c-7239-4d56-8e3d-b2abd8957774" testId="f1e9172e-c439-b721-cfd4-273b562aabf9" testName="CodexBootstrap.Tests.ApiEndpointTests.UserEndpoints_ShouldBeAccessible" computerName="Seeker-Mac" duration="00:00:00.0016705" startTime="2025-09-22T13:42:07.0191990-06:00" endTime="2025-09-22T13:42:07.0191990-06:00" testType="13cdc9d9-ddb5-4fa4-a97d-d965ccfc6d4b" outcome="Passed" testListId="8c84fa94-04c1-424b-9868-57a2d4851a1d" relativeResultsDirectory="16ea887c-7239-4d56-8e3d-b2abd8957774" />
    <UnitTestResult executionId="dff61efa-d30e-4c9d-931d-4358f20f4b2f" testId="739ddbc9-29fb-28c3-7b57-b5ec668cdd0c" testName="CodexBootstrap.Tests.Modules.IdentityModuleApiTests.GetIdentityProviders_ShouldReturnProvidersList" computerName="Seeker-Mac" duration="00:00:00.0011894" startTime="2025-09-22T13:42:15.3058190-06:00" endTime="2025-09-22T13:42:15.3058190-06:00" testType="13cdc9d9-ddb5-4fa4-a97d-d965ccfc6d4b" outcome="Passed" testListId="8c84fa94-04c1-424b-9868-57a2d4851a1d" relativeResultsDirectory="dff61efa-d30e-4c9d-931d-4358f20f4b2f" />
    <UnitTestResult executionId="67f86386-07ad-42fb-8a48-54d22016440d" testId="a5fef099-ba7b-ffee-c1d2-cd74a2ae92e6" testName="CodexBootstrap.Tests.IdentityTests.MockIdentityProvider_ShouldHandleCallback" computerName="Seeker-Mac" duration="00:00:00.2123651" startTime="2025-09-22T13:42:07.3163430-06:00" endTime="2025-09-22T13:42:07.3163430-06:00" testType="13cdc9d9-ddb5-4fa4-a97d-d965ccfc6d4b" outcome="Passed" testListId="8c84fa94-04c1-424b-9868-57a2d4851a1d" relativeResultsDirectory="67f86386-07ad-42fb-8a48-54d22016440d" />
    <UnitTestResult executionId="f66373d8-bee3-4dfb-9f73-7085025b14db" testId="f2016284-bdfc-f7ad-0e9e-b1b0fe7c0d74" testName="CodexBootstrap.Tests.Modules.ConceptModuleApiTests.GetConcepts_ShouldReturnConcepts_WhenConceptsExist" computerName="Seeker-Mac" duration="00:00:00.0042594" startTime="2025-09-22T13:40:43.2630350-06:00" endTime="2025-09-22T13:40:43.2630350-06:00" testType="13cdc9d9-ddb5-4fa4-a97d-d965ccfc6d4b" outcome="Passed" testListId="8c84fa94-04c1-424b-9868-57a2d4851a1d" relativeResultsDirectory="f66373d8-bee3-4dfb-9f73-7085025b14db" />
    <UnitTestResult executionId="098b5c7a-d50d-4326-8a2a-9f4997f3af97" testId="e7b9a5d9-b357-ccab-0080-bfd9de9e4252" testName="CodexBootstrap.Tests.Modules.AIModuleTests.Version_ShouldReturnCorrectVersion" computerName="Seeker-Mac" duration="00:00:00.0004411" startTime="2025-09-22T13:41:37.5546410-06:00" endTime="2025-09-22T13:41:37.5546420-06:00" testType="13cdc9d9-ddb5-4fa4-a97d-d965ccfc6d4b" outcome="Passed" testListId="8c84fa94-04c1-424b-9868-57a2d4851a1d" relativeResultsDirectory="098b5c7a-d50d-4326-8a2a-9f4997f3af97" />
    <UnitTestResult executionId="a2a91c70-2a21-4b29-8eb0-9a9ff52f9cf7" testId="1166eab5-8ec3-1343-8265-62eea03d0889" testName="CodexBootstrap.Tests.UCoreOntologyTests.UCoreInitializer_Should_LoadRelationshipTypes" computerName="Seeker-Mac" duration="00:00:00.0030626" startTime="2025-09-22T13:41:37.3449110-06:00" endTime="2025-09-22T13:41:37.3449110-06:00" testType="13cdc9d9-ddb5-4fa4-a97d-d965ccfc6d4b" outcome="Passed" testListId="8c84fa94-04c1-424b-9868-57a2d4851a1d" relativeResultsDirectory="a2a91c70-2a21-4b29-8eb0-9a9ff52f9cf7" />
    <UnitTestResult executionId="930457c4-76ac-4cd5-a5ed-64675b5ef819" testId="71f08f4d-d319-720b-3b50-8197a3660ed2" testName="CodexBootstrap.Tests.UCoreOntologyTests.QuantumDimensionsAxis_Node_Should_Exist" computerName="Seeker-Mac" duration="00:00:00.0031488" startTime="2025-09-22T13:41:37.3339540-06:00" endTime="2025-09-22T13:41:37.3339540-06:00" testType="13cdc9d9-ddb5-4fa4-a97d-d965ccfc6d4b" outcome="Passed" testListId="8c84fa94-04c1-424b-9868-57a2d4851a1d" relativeResultsDirectory="930457c4-76ac-4cd5-a5ed-64675b5ef819" />
    <UnitTestResult executionId="1af58beb-191d-4dfc-9e47-19a2f1c0ae6f" testId="4c4f9506-e0d0-a7af-bb2f-e96606d3bbf1" testName="CodexBootstrap.Tests.Modules.IdentityModuleApiTests.GetIdentityProviders_ShouldIncludeMockProvider" computerName="Seeker-Mac" duration="00:00:00.0029415" startTime="2025-09-22T13:42:15.3013120-06:00" endTime="2025-09-22T13:42:15.3013120-06:00" testType="13cdc9d9-ddb5-4fa4-a97d-d965ccfc6d4b" outcome="Passed" testListId="8c84fa94-04c1-424b-9868-57a2d4851a1d" relativeResultsDirectory="1af58beb-191d-4dfc-9e47-19a2f1c0ae6f" />
    <UnitTestResult executionId="37e6dc0d-a8c3-4e46-a8aa-db7a55ac956b" testId="1e43300c-2a88-befd-5bd4-aa2b7d5a855b" testName="CodexBootstrap.Tests.UCoreOntologyTests.TopologyPaths_Should_ConnectToUCoreConcepts_IfPresent" computerName="Seeker-Mac" duration="00:00:00.0033134" startTime="2025-09-22T13:41:37.3416110-06:00" endTime="2025-09-22T13:41:37.3416110-06:00" testType="13cdc9d9-ddb5-4fa4-a97d-d965ccfc6d4b" outcome="Passed" testListId="8c84fa94-04c1-424b-9868-57a2d4851a1d" relativeResultsDirectory="37e6dc0d-a8c3-4e46-a8aa-db7a55ac956b" />
    <UnitTestResult executionId="894eb0ac-8e3d-4cc5-aab4-54213a0ca1bd" testId="0f98bb0f-1c90-6365-7244-a712d1b631fa" testName="CodexBootstrap.Tests.Core.StateTransitionTests.ServerRestart_ShouldMaintainEdgePersistenceInCorrectBackends" computerName="Seeker-Mac" duration="00:00:00.2071723" startTime="2025-09-22T13:42:20.9637100-06:00" endTime="2025-09-22T13:42:20.9637100-06:00" testType="13cdc9d9-ddb5-4fa4-a97d-d965ccfc6d4b" outcome="Passed" testListId="8c84fa94-04c1-424b-9868-57a2d4851a1d" relativeResultsDirectory="894eb0ac-8e3d-4cc5-aab4-54213a0ca1bd" />
    <UnitTestResult executionId="7c20e388-5808-43ff-92b6-09e37f11cc6c" testId="88484ee7-b056-96be-c3f0-2f9ff210be2a" testName="CodexBootstrap.Tests.Modules.NoMockDataRegressionTests.ThreadsModule_ListThreads_WithoutMockData_ReturnsEmptyOrError" computerName="Seeker-Mac" duration="00:00:00.0165289" startTime="2025-09-22T13:41:54.4765880-06:00" endTime="2025-09-22T13:41:54.4765880-06:00" testType="13cdc9d9-ddb5-4fa4-a97d-d965ccfc6d4b" outcome="Passed" testListId="8c84fa94-04c1-424b-9868-57a2d4851a1d" relativeResultsDirectory="7c20e388-5808-43ff-92b6-09e37f11cc6c" />
    <UnitTestResult executionId="66258d2a-27cb-48c5-a155-3c0233bae046" testId="494a6f72-6254-5a6e-4577-c52cd4a0c3cd" testName="CodexBootstrap.Tests.HealthTests.HealthCheck_ShouldIncludeSystemMetrics" computerName="Seeker-Mac" duration="00:00:00.0117275" startTime="2025-09-22T13:42:07.0930340-06:00" endTime="2025-09-22T13:42:07.0930340-06:00" testType="13cdc9d9-ddb5-4fa4-a97d-d965ccfc6d4b" outcome="Passed" testListId="8c84fa94-04c1-424b-9868-57a2d4851a1d" relativeResultsDirectory="66258d2a-27cb-48c5-a155-3c0233bae046" />
    <UnitTestResult executionId="68cb0c3c-54f4-4879-a987-965dcc87090b" testId="223d2f32-df21-1170-abbc-18413ef59c92" testName="CodexBootstrap.Tests.NewsSourceTests.NewsSourceTypes_Should_BeValid" computerName="Seeker-Mac" duration="00:00:01.0109512" startTime="2025-09-22T13:41:20.1591370-06:00" endTime="2025-09-22T13:41:20.1591370-06:00" testType="13cdc9d9-ddb5-4fa4-a97d-d965ccfc6d4b" outcome="Passed" testListId="8c84fa94-04c1-424b-9868-57a2d4851a1d" relativeResultsDirectory="68cb0c3c-54f4-4879-a987-965dcc87090b" />
    <UnitTestResult executionId="f7e49c46-9fee-4456-aba0-d70458b5faa1" testId="0e83f6d2-f0e7-2e47-ad7b-fd57feab6720" testName="CodexBootstrap.Tests.Modules.IdentityModuleApiTests.GoogleLogin_ShouldReturnRedirect_WhenProviderAvailable" computerName="Seeker-Mac" duration="00:00:00.0027347" startTime="2025-09-22T13:42:15.3119830-06:00" endTime="2025-09-22T13:42:15.3119830-06:00" testType="13cdc9d9-ddb5-4fa4-a97d-d965ccfc6d4b" outcome="Passed" testListId="8c84fa94-04c1-424b-9868-57a2d4851a1d" relativeResultsDirectory="f7e49c46-9fee-4456-aba0-d70458b5faa1" />
    <UnitTestResult executionId="5f6c82b0-c1d4-4987-b8e0-895c8ddf6f61" testId="e568615c-3c9c-33c8-6eac-74638b778c06" testName="CodexBootstrap.Tests.Modules.FileSystemModuleTests.GetAllFileNodes_WithFileTypeFilter_ReturnsFilteredResults" computerName="Seeker-Mac" duration="00:00:00.0167396" startTime="2025-09-22T13:42:20.5950680-06:00" endTime="2025-09-22T13:42:20.5950680-06:00" testType="13cdc9d9-ddb5-4fa4-a97d-d965ccfc6d4b" outcome="Passed" testListId="8c84fa94-04c1-424b-9868-57a2d4851a1d" relativeResultsDirectory="5f6c82b0-c1d4-4987-b8e0-895c8ddf6f61" />
    <UnitTestResult executionId="bd078ba8-1097-4704-bc06-0c1386cfc0e5" testId="53137f9b-436e-e65c-fa32-e820c39f3209" testName="CodexBootstrap.Tests.ApiEndpointTests.Swagger_ShouldReturnDocumentation" computerName="Seeker-Mac" duration="00:00:00.0348201" startTime="2025-09-22T13:42:06.9965870-06:00" endTime="2025-09-22T13:42:06.9965870-06:00" testType="13cdc9d9-ddb5-4fa4-a97d-d965ccfc6d4b" outcome="Passed" testListId="8c84fa94-04c1-424b-9868-57a2d4851a1d" relativeResultsDirectory="bd078ba8-1097-4704-bc06-0c1386cfc0e5" />
    <UnitTestResult executionId="46f0ec43-181a-4fb2-9c0c-5860d64e9840" testId="075a023e-ceab-b914-c2b0-73dc9a4930e6" testName="CodexBootstrap.Tests.SimpleIntegrationTests.HealthEndpoint_ShouldReturnHealthyStatus" computerName="Seeker-Mac" duration="00:00:00.0020280" startTime="2025-09-22T13:42:13.0737800-06:00" endTime="2025-09-22T13:42:13.0737800-06:00" testType="13cdc9d9-ddb5-4fa4-a97d-d965ccfc6d4b" outcome="Passed" testListId="8c84fa94-04c1-424b-9868-57a2d4851a1d" relativeResultsDirectory="46f0ec43-181a-4fb2-9c0c-5860d64e9840" />
    <UnitTestResult executionId="a4c0a272-23d2-4b0b-a4ef-03839a1134f5" testId="8fd24cd4-a9c0-0221-2fef-ed0703bf3428" testName="CodexBootstrap.Tests.Integration.ApiIntegrationTests.ApiDiscovery_ShouldReturnAvailableEndpoints" computerName="Seeker-Mac" duration="00:00:00.0013339" startTime="2025-09-22T13:42:07.9099950-06:00" endTime="2025-09-22T13:42:07.9099950-06:00" testType="13cdc9d9-ddb5-4fa4-a97d-d965ccfc6d4b" outcome="Passed" testListId="8c84fa94-04c1-424b-9868-57a2d4851a1d" relativeResultsDirectory="a4c0a272-23d2-4b0b-a4ef-03839a1134f5" />
    <UnitTestResult executionId="2255f84c-aeed-4267-9d7f-40d97b2138dd" testId="0533f3e6-8f2d-57bf-a884-bf63325bfb90" testName="CodexBootstrap.Tests.UCoreOntologyTests.UCoreInitializer_Should_LoadAllBaseUCoreConcepts" computerName="Seeker-Mac" duration="00:00:00.0050128" startTime="2025-09-22T13:41:37.3546130-06:00" endTime="2025-09-22T13:41:37.3546130-06:00" testType="13cdc9d9-ddb5-4fa4-a97d-d965ccfc6d4b" outcome="Passed" testListId="8c84fa94-04c1-424b-9868-57a2d4851a1d" relativeResultsDirectory="2255f84c-aeed-4267-9d7f-40d97b2138dd" />
    <UnitTestResult executionId="583cebc0-1515-4829-80c8-13dff4609e5b" testId="7a9984de-d3ac-18cd-d3c6-06e7c8272524" testName="CodexBootstrap.Tests.Modules.CoreModuleTests.GetModuleNode_ShouldReturnModuleNode" computerName="Seeker-Mac" duration="00:00:00.0010880" startTime="2025-09-22T13:40:55.9598720-06:00" endTime="2025-09-22T13:40:55.9598720-06:00" testType="13cdc9d9-ddb5-4fa4-a97d-d965ccfc6d4b" outcome="Passed" testListId="8c84fa94-04c1-424b-9868-57a2d4851a1d" relativeResultsDirectory="583cebc0-1515-4829-80c8-13dff4609e5b" />
    <UnitTestResult executionId="440bd648-1883-4560-bebe-ee7edc3ab696" testId="0be5b3d7-ad47-a6e7-2e5c-4e8c709b4254" testName="CodexBootstrap.Tests.Modules.NewsModuleApiTests.GetTrendingTopics_ShouldHandleConcurrentRequests" computerName="Seeker-Mac" duration="00:00:00.0047673" startTime="2025-09-22T13:40:50.6405150-06:00" endTime="2025-09-22T13:40:50.6405160-06:00" testType="13cdc9d9-ddb5-4fa4-a97d-d965ccfc6d4b" outcome="Passed" testListId="8c84fa94-04c1-424b-9868-57a2d4851a1d" relativeResultsDirectory="440bd648-1883-4560-bebe-ee7edc3ab696" />
    <UnitTestResult executionId="88a73815-0465-422b-ba20-c3a4f51d8077" testId="5a8b9ae5-6cd8-00d0-c3cf-0d2174ecfe54" testName="CodexBootstrap.Tests.Core.NodePersistenceTests.BulkOperations_ShouldMaintainStateConsistency" computerName="Seeker-Mac" duration="00:00:00.3099345" startTime="2025-09-22T13:42:04.1430010-06:00" endTime="2025-09-22T13:42:04.1430020-06:00" testType="13cdc9d9-ddb5-4fa4-a97d-d965ccfc6d4b" outcome="Passed" testListId="8c84fa94-04c1-424b-9868-57a2d4851a1d" relativeResultsDirectory="88a73815-0465-422b-ba20-c3a4f51d8077" />
    <UnitTestResult executionId="2a90d45d-60ea-4dc4-9fd2-8e5f40d21e35" testId="bae85a23-fcdf-5f3d-d506-0fa1d219f067" testName="CodexBootstrap.Tests.Modules.NewsModuleApiTests.GetTrendingTopics_ShouldRespondWithinAcceptableTime" computerName="Seeker-Mac" duration="00:00:00.0039012" startTime="2025-09-22T13:40:50.7138340-06:00" endTime="2025-09-22T13:40:50.7138340-06:00" testType="13cdc9d9-ddb5-4fa4-a97d-d965ccfc6d4b" outcome="Passed" testListId="8c84fa94-04c1-424b-9868-57a2d4851a1d" relativeResultsDirectory="2a90d45d-60ea-4dc4-9fd2-8e5f40d21e35" />
    <UnitTestResult executionId="1f6033c2-125e-41ea-803d-fc582fc7dee0" testId="36c7d109-6289-1556-5b99-f94c9642b779" testName="CodexBootstrap.Tests.Modules.EnergyModuleApiTests.GetUserContributions_ShouldReturnContributionsList_WhenImplemented" computerName="Seeker-Mac" duration="00:00:00.0233379" startTime="2025-09-22T13:41:39.7502640-06:00" endTime="2025-09-22T13:41:39.7502640-06:00" testType="13cdc9d9-ddb5-4fa4-a97d-d965ccfc6d4b" outcome="Passed" testListId="8c84fa94-04c1-424b-9868-57a2d4851a1d" relativeResultsDirectory="1f6033c2-125e-41ea-803d-fc582fc7dee0" />
    <UnitTestResult executionId="431e6110-5b14-4014-bb30-afb8816fcab0" testId="699de456-4b30-e20b-d29b-f9997d34c156" testName="CodexBootstrap.Tests.Modules.IdentityModuleApiTests.Authenticate_ShouldReturnUnauthorized_WhenInvalidCredentials" computerName="Seeker-Mac" duration="00:00:00.0110660" startTime="2025-09-22T13:42:15.3353480-06:00" endTime="2025-09-22T13:42:15.3353480-06:00" testType="13cdc9d9-ddb5-4fa4-a97d-d965ccfc6d4b" outcome="Passed" testListId="8c84fa94-04c1-424b-9868-57a2d4851a1d" relativeResultsDirectory="431e6110-5b14-4014-bb30-afb8816fcab0" />
    <UnitTestResult executionId="0a2e1822-493d-433c-8435-53ffd4bd25d1" testId="0bbc52b8-9211-5e92-e7eb-f98e00a8add3" testName="CodexBootstrap.Tests.Core.NodeRegistryTests.InitializeAsync_HydratesNodesFromPersistentStorage" computerName="Seeker-Mac" duration="00:00:00.0020315" startTime="2025-09-22T13:42:20.7525290-06:00" endTime="2025-09-22T13:42:20.7525290-06:00" testType="13cdc9d9-ddb5-4fa4-a97d-d965ccfc6d4b" outcome="Passed" testListId="8c84fa94-04c1-424b-9868-57a2d4851a1d" relativeResultsDirectory="0a2e1822-493d-433c-8435-53ffd4bd25d1" />
    <UnitTestResult executionId="edbe49d5-c05b-47d5-9537-bb14c54a51b5" testId="0822fda8-1ecb-9b4b-b537-c5def62bdea6" testName="CodexBootstrap.Tests.PortConfigurationTests.Server_ShouldStartOnPort" computerName="Seeker-Mac" duration="00:00:00.0542041" startTime="2025-09-22T13:42:07.8879120-06:00" endTime="2025-09-22T13:42:07.8879120-06:00" testType="13cdc9d9-ddb5-4fa4-a97d-d965ccfc6d4b" outcome="Passed" testListId="8c84fa94-04c1-424b-9868-57a2d4851a1d" relativeResultsDirectory="edbe49d5-c05b-47d5-9537-bb14c54a51b5" />
    <UnitTestResult executionId="80f82e59-63ea-492a-adae-8692e6b38b28" testId="bea25778-24d9-fe1b-fa56-cac425810a84" testName="CodexBootstrap.Tests.Core.StateTransitionTests.NodeStateTransition_OneNodeToGas_ShouldMakeEdgeGas" computerName="Seeker-Mac" duration="00:00:00.3150394" startTime="2025-09-22T13:42:21.4934110-06:00" endTime="2025-09-22T13:42:21.4934110-06:00" testType="13cdc9d9-ddb5-4fa4-a97d-d965ccfc6d4b" outcome="Passed" testListId="8c84fa94-04c1-424b-9868-57a2d4851a1d" relativeResultsDirectory="80f82e59-63ea-492a-adae-8692e6b38b28" />
    <UnitTestResult executionId="0da664ee-f844-44d9-8678-7d833f07a8d2" testId="511b09e9-fd91-89d6-3949-40db146ea6bd" testName="CodexBootstrap.Tests.Core.NodePersistenceTests.ServerRestart_GasNodes_ShouldNotSurviveRestart" computerName="Seeker-Mac" duration="00:00:00.1091157" startTime="2025-09-22T13:42:04.2524770-06:00" endTime="2025-09-22T13:42:04.2524770-06:00" testType="13cdc9d9-ddb5-4fa4-a97d-d965ccfc6d4b" outcome="Passed" testListId="8c84fa94-04c1-424b-9868-57a2d4851a1d" relativeResultsDirectory="0da664ee-f844-44d9-8678-7d833f07a8d2" />
    <UnitTestResult executionId="8e38790a-c88c-4450-bf5d-03e6638d9662" testId="154b62c9-dfe1-2527-f8d9-a357f66717ec" testName="CodexBootstrap.Tests.Modules.NodeEdgeModuleApiTests.GetNodes_ShouldHandleConcurrentRequests" computerName="Seeker-Mac" duration="00:00:00.0081676" startTime="2025-09-22T13:41:32.0863640-06:00" endTime="2025-09-22T13:41:32.0863640-06:00" testType="13cdc9d9-ddb5-4fa4-a97d-d965ccfc6d4b" outcome="Passed" testListId="8c84fa94-04c1-424b-9868-57a2d4851a1d" relativeResultsDirectory="8e38790a-c88c-4450-bf5d-03e6638d9662" />
    <UnitTestResult executionId="4f7db2d3-2daf-4bf8-8b38-f799ea790d5e" testId="e2131088-170c-3f9d-b379-6ad5595999e5" testName="CodexBootstrap.Tests.Modules.VisualValidationModuleTests.ExecuteVisualValidationPipeline_ShouldReturnSuccessAndThreeSteps" computerName="Seeker-Mac" duration="00:00:03.0179427" startTime="2025-09-22T13:41:17.0850130-06:00" endTime="2025-09-22T13:41:17.0850130-06:00" testType="13cdc9d9-ddb5-4fa4-a97d-d965ccfc6d4b" outcome="Passed" testListId="8c84fa94-04c1-424b-9868-57a2d4851a1d" relativeResultsDirectory="4f7db2d3-2daf-4bf8-8b38-f799ea790d5e" />
    <UnitTestResult executionId="96a9951c-11ea-4134-8f9c-de0055a8d6df" testId="290da516-121d-61e0-0dd0-c0be605ad3c9" testName="CodexBootstrap.Tests.Core.StateTransitionTests.Edge_BetweenIceAndGasNodes_ShouldNotPersist" computerName="Seeker-Mac" duration="00:00:00.2094213" startTime="2025-09-22T13:42:22.9624780-06:00" endTime="2025-09-22T13:42:22.9624780-06:00" testType="13cdc9d9-ddb5-4fa4-a97d-d965ccfc6d4b" outcome="Passed" testListId="8c84fa94-04c1-424b-9868-57a2d4851a1d" relativeResultsDirectory="96a9951c-11ea-4134-8f9c-de0055a8d6df" />
    <UnitTestResult executionId="e819078a-a6eb-401a-9a9e-6f042cb8ee8f" testId="17c4bd2f-c5b7-cf83-b33d-828d0fc854b8" testName="CodexBootstrap.Tests.Modules.ThreadsModuleTests.ListThreads_WithoutMockData_ReturnsEmptyList" computerName="Seeker-Mac" duration="00:00:00.0017246" startTime="2025-09-22T13:42:25.1689480-06:00" endTime="2025-09-22T13:42:25.1689480-06:00" testType="13cdc9d9-ddb5-4fa4-a97d-d965ccfc6d4b" outcome="Passed" testListId="8c84fa94-04c1-424b-9868-57a2d4851a1d" relativeResultsDirectory="e819078a-a6eb-401a-9a9e-6f042cb8ee8f" />
    <UnitTestResult executionId="6a6041ec-394c-4737-80e4-fb91b3e34c92" testId="999fb951-b7b5-6631-599e-31a6be246d87" testName="CodexBootstrap.Tests.Modules.ThreadsModuleTests.GetThread_WithNonExistentId_ReturnsError" computerName="Seeker-Mac" duration="00:00:00.0030701" startTime="2025-09-22T13:42:25.1672580-06:00" endTime="2025-09-22T13:42:25.1672580-06:00" testType="13cdc9d9-ddb5-4fa4-a97d-d965ccfc6d4b" outcome="Passed" testListId="8c84fa94-04c1-424b-9868-57a2d4851a1d" relativeResultsDirectory="6a6041ec-394c-4737-80e4-fb91b3e34c92" />
    <UnitTestResult executionId="94fa40f8-3006-44ec-af20-d39feb13625c" testId="356cc5a1-12a0-34cb-5f3e-4ae7f80efd3b" testName="CodexBootstrap.Tests.Modules.CoreModuleTests.RegisterApiHandlers_ShouldNotThrow" computerName="Seeker-Mac" duration="00:00:00.0009495" startTime="2025-09-22T13:40:55.9609630-06:00" endTime="2025-09-22T13:40:55.9609630-06:00" testType="13cdc9d9-ddb5-4fa4-a97d-d965ccfc6d4b" outcome="Passed" testListId="8c84fa94-04c1-424b-9868-57a2d4851a1d" relativeResultsDirectory="94fa40f8-3006-44ec-af20-d39feb13625c" />
    <UnitTestResult executionId="44f9c608-971e-4636-9123-1a28016ea4c3" testId="559b9436-2baf-3857-ad76-499358d93140" testName="CodexBootstrap.Tests.Modules.NoMockDataRegressionTests.ModuleEndpoints_WithInvalidData_ReturnCleanErrors(endpoint: &quot;/gallery/create&quot;)" computerName="Seeker-Mac" duration="00:00:00.0093139" startTime="2025-09-22T13:41:54.5097120-06:00" endTime="2025-09-22T13:41:54.5097120-06:00" testType="13cdc9d9-ddb5-4fa4-a97d-d965ccfc6d4b" outcome="Passed" testListId="8c84fa94-04c1-424b-9868-57a2d4851a1d" relativeResultsDirectory="44f9c608-971e-4636-9123-1a28016ea4c3" />
    <UnitTestResult executionId="9eb5ad1a-d3c6-436f-b42e-3ffcd5d3e5e2" testId="1c07a485-c5ef-f8ee-f55f-68f9eb497dae" testName="CodexBootstrap.Tests.Modules.IdentityModuleApiTests.Authenticate_ShouldReturnSuccess_WhenValidCredentials" computerName="Seeker-Mac" duration="00:00:00.0136150" startTime="2025-09-22T13:42:15.2982030-06:00" endTime="2025-09-22T13:42:15.2982030-06:00" testType="13cdc9d9-ddb5-4fa4-a97d-d965ccfc6d4b" outcome="Passed" testListId="8c84fa94-04c1-424b-9868-57a2d4851a1d" relativeResultsDirectory="9eb5ad1a-d3c6-436f-b42e-3ffcd5d3e5e2" />
    <UnitTestResult executionId="6484a694-f47d-4106-9a8f-2384605316bb" testId="65b592a1-b0ad-ad07-be7a-ec8928e7c9ae" testName="CodexBootstrap.Tests.Modules.CoreModuleTests.RegisterHttpEndpoints_ShouldNotThrow" computerName="Seeker-Mac" duration="00:00:00.0005689" startTime="2025-09-22T13:40:55.9587560-06:00" endTime="2025-09-22T13:40:55.9587560-06:00" testType="13cdc9d9-ddb5-4fa4-a97d-d965ccfc6d4b" outcome="Passed" testListId="8c84fa94-04c1-424b-9868-57a2d4851a1d" relativeResultsDirectory="6484a694-f47d-4106-9a8f-2384605316bb" />
    <UnitTestResult executionId="456b41a8-14ed-490a-97db-0be9cf44e17f" testId="f26cae9a-0cfd-3b5a-d1f4-d5ed084eadad" testName="CodexBootstrap.Tests.Modules.AIModuleTests.RegisterApiHandlers_ShouldNotThrow" computerName="Seeker-Mac" duration="00:00:00.0116072" startTime="2025-09-22T13:41:37.5541590-06:00" endTime="2025-09-22T13:41:37.5541590-06:00" testType="13cdc9d9-ddb5-4fa4-a97d-d965ccfc6d4b" outcome="Passed" testListId="8c84fa94-04c1-424b-9868-57a2d4851a1d" relativeResultsDirectory="456b41a8-14ed-490a-97db-0be9cf44e17f" />
    <UnitTestResult executionId="5ca9beab-14d5-4f34-baf5-505c986ecfd5" testId="0500d70f-e850-de9a-7eba-8164c3b2fd99" testName="CodexBootstrap.Tests.Modules.NewsModuleApiTests.GetRelatedNews_ShouldReturnNotFound_WhenNewsItemNotFound" computerName="Seeker-Mac" duration="00:00:00.0107120" startTime="2025-09-22T13:40:50.7247720-06:00" endTime="2025-09-22T13:40:50.7247720-06:00" testType="13cdc9d9-ddb5-4fa4-a97d-d965ccfc6d4b" outcome="Passed" testListId="8c84fa94-04c1-424b-9868-57a2d4851a1d" relativeResultsDirectory="5ca9beab-14d5-4f34-baf5-505c986ecfd5" />
    <UnitTestResult executionId="d0b006ef-4948-405e-8328-04214500120b" testId="c0bc4442-97e7-adf6-c86b-0290475ca07f" testName="CodexBootstrap.Tests.PortConfigurationTests.Modules_ShouldBeAvailableOnPort" computerName="Seeker-Mac" duration="00:00:00.0031771" startTime="2025-09-22T13:42:07.8912770-06:00" endTime="2025-09-22T13:42:07.8912770-06:00" testType="13cdc9d9-ddb5-4fa4-a97d-d965ccfc6d4b" outcome="Passed" testListId="8c84fa94-04c1-424b-9868-57a2d4851a1d" relativeResultsDirectory="d0b006ef-4948-405e-8328-04214500120b" />
    <UnitTestResult executionId="2bbe5df5-fa37-4212-9f7c-85611e80d50d" testId="3869c8f5-7ab2-ef7f-cd2f-16c870de8af9" testName="CodexBootstrap.Tests.Core.NodeRegistryTests.UpsertEdge_ShouldRegisterEdgeSuccessfully" computerName="Seeker-Mac" duration="00:00:00.0015651" startTime="2025-09-22T13:42:20.7541100-06:00" endTime="2025-09-22T13:42:20.7541100-06:00" testType="13cdc9d9-ddb5-4fa4-a97d-d965ccfc6d4b" outcome="Passed" testListId="8c84fa94-04c1-424b-9868-57a2d4851a1d" relativeResultsDirectory="2bbe5df5-fa37-4212-9f7c-85611e80d50d" />
    <UnitTestResult executionId="7cbcc776-2e1d-4036-a28f-709a56490002" testId="297dbb1d-563a-4ae2-6e9d-d6d45465095a" testName="CodexBootstrap.Tests.Core.NodePersistenceTests.EdgePersistence_IceToIce_ShouldPersistInIceStorage" computerName="Seeker-Mac" duration="00:00:00.2167991" startTime="2025-09-22T13:42:03.0850250-06:00" endTime="2025-09-22T13:42:03.0850250-06:00" testType="13cdc9d9-ddb5-4fa4-a97d-d965ccfc6d4b" outcome="Passed" testListId="8c84fa94-04c1-424b-9868-57a2d4851a1d" relativeResultsDirectory="7cbcc776-2e1d-4036-a28f-709a56490002" />
    <UnitTestResult executionId="27311f46-cf02-4ee8-9a95-93ccee009d7b" testId="64f2bbc2-131e-f499-10ff-759656bb07e6" testName="CodexBootstrap.Tests.Core.NodePersistenceTests.CacheClearAndReload_ShouldRestorePersistentNodes" computerName="Seeker-Mac" duration="00:00:00.3098529" startTime="2025-09-22T13:42:02.8679870-06:00" endTime="2025-09-22T13:42:02.8679870-06:00" testType="13cdc9d9-ddb5-4fa4-a97d-d965ccfc6d4b" outcome="Passed" testListId="8c84fa94-04c1-424b-9868-57a2d4851a1d" relativeResultsDirectory="27311f46-cf02-4ee8-9a95-93ccee009d7b" />
    <UnitTestResult executionId="279cd778-215f-48fd-a3be-3945e6ed8881" testId="ca6abf66-bfa7-ba9c-4a7c-c7bb3f9e50f3" testName="CodexBootstrap.Tests.Modules.NoMockDataRegressionTests.Health_SystemStatus_DoesNotMentionMockOrSimulation" computerName="Seeker-Mac" duration="00:00:00.0199923" startTime="2025-09-22T13:41:54.4967700-06:00" endTime="2025-09-22T13:41:54.4967700-06:00" testType="13cdc9d9-ddb5-4fa4-a97d-d965ccfc6d4b" outcome="Passed" testListId="8c84fa94-04c1-424b-9868-57a2d4851a1d" relativeResultsDirectory="279cd778-215f-48fd-a3be-3945e6ed8881" />
    <UnitTestResult executionId="4216343c-e292-4815-9be2-9705b788ef78" testId="d7af24cc-1160-9a7c-4a14-3e64c6768ae5" testName="CodexBootstrap.Tests.ComprehensiveEndpointDiscovery.SwaggerEndpoint_ShouldReturnApiDocumentation" computerName="Seeker-Mac" duration="00:00:00.0017155" startTime="2025-09-22T13:42:07.0696670-06:00" endTime="2025-09-22T13:42:07.0696670-06:00" testType="13cdc9d9-ddb5-4fa4-a97d-d965ccfc6d4b" outcome="Passed" testListId="8c84fa94-04c1-424b-9868-57a2d4851a1d" relativeResultsDirectory="4216343c-e292-4815-9be2-9705b788ef78" />
    <UnitTestResult executionId="adc1d5ac-b5e7-4d67-b56c-8bba09a045dc" testId="1bc1b8d4-02b1-64e2-302f-169565ce0455" testName="CodexBootstrap.Tests.Modules.PersonalNewsMatchingTests.GetUserNewsFeed_ShouldPrioritizeItemsMatchingUserInterests" computerName="Seeker-Mac" duration="00:00:00.0078262" startTime="2025-09-22T13:41:37.5658530-06:00" endTime="2025-09-22T13:41:37.5658530-06:00" testType="13cdc9d9-ddb5-4fa4-a97d-d965ccfc6d4b" outcome="Passed" testListId="8c84fa94-04c1-424b-9868-57a2d4851a1d" relativeResultsDirectory="adc1d5ac-b5e7-4d67-b56c-8bba09a045dc" />
    <UnitTestResult executionId="c235a524-cd0a-4589-a6c1-0fdadb81b3ad" testId="2fb70c5e-3630-184f-467a-2c4ada567323" testName="CodexBootstrap.Tests.Modules.NodeEdgeModuleApiTests.SearchNodes_ShouldReturnSearchResults_WhenImplemented" computerName="Seeker-Mac" duration="00:00:00.0405167" startTime="2025-09-22T13:41:32.1270410-06:00" endTime="2025-09-22T13:41:32.1270410-06:00" testType="13cdc9d9-ddb5-4fa4-a97d-d965ccfc6d4b" outcome="Passed" testListId="8c84fa94-04c1-424b-9868-57a2d4851a1d" relativeResultsDirectory="c235a524-cd0a-4589-a6c1-0fdadb81b3ad" />
    <UnitTestResult executionId="fc5467e5-b625-41ea-9849-19407219b0f9" testId="2fb30a0f-ddea-628a-42a5-2fe6a57a267c" testName="CodexBootstrap.Tests.Modules.IdentityModuleApiTests.MicrosoftLogin_ShouldReturnRedirect_WhenProviderAvailable" computerName="Seeker-Mac" duration="00:00:00.0030174" startTime="2025-09-22T13:42:15.3045030-06:00" endTime="2025-09-22T13:42:15.3045030-06:00" testType="13cdc9d9-ddb5-4fa4-a97d-d965ccfc6d4b" outcome="Passed" testListId="8c84fa94-04c1-424b-9868-57a2d4851a1d" relativeResultsDirectory="fc5467e5-b625-41ea-9849-19407219b0f9" />
    <UnitTestResult executionId="16273afc-9cfb-4f68-a358-ffdd68b6fbc7" testId="01fada6a-9beb-d06b-6787-0781734f5b1d" testName="CodexBootstrap.Tests.Core.LLMOrchestratorTests.ExecuteAsync_WithNonExistentTemplate_ShouldReturnError" computerName="Seeker-Mac" duration="00:00:00.0001341" startTime="2025-09-22T13:41:37.5424060-06:00" endTime="2025-09-22T13:41:37.5424060-06:00" testType="13cdc9d9-ddb5-4fa4-a97d-d965ccfc6d4b" outcome="Passed" testListId="8c84fa94-04c1-424b-9868-57a2d4851a1d" relativeResultsDirectory="16273afc-9cfb-4f68-a358-ffdd68b6fbc7" />
    <UnitTestResult executionId="7e2a2567-5aae-46d0-9a03-d70c428baa15" testId="382f02cf-38c0-12b1-98d8-ae75885865e3" testName="CodexBootstrap.Tests.Core.NodePersistenceTests.ServerRestart_IceNodes_ShouldSurviveRestart" computerName="Seeker-Mac" duration="00:00:00.2096328" startTime="2025-09-22T13:42:01.3861180-06:00" endTime="2025-09-22T13:42:01.3861180-06:00" testType="13cdc9d9-ddb5-4fa4-a97d-d965ccfc6d4b" outcome="Passed" testListId="8c84fa94-04c1-424b-9868-57a2d4851a1d" relativeResultsDirectory="7e2a2567-5aae-46d0-9a03-d70c428baa15" />
    <UnitTestResult executionId="8ad120eb-2abd-4bca-891c-ba14096cd9c6" testId="ef5b8d9e-795c-054a-92ba-fd2f4509fbbb" testName="CodexBootstrap.Tests.Core.NodePersistenceTests.NodeStateTransition_Ice_ShouldPersistInIceStorage" computerName="Seeker-Mac" duration="00:00:00.1070575" startTime="2025-09-22T13:42:03.4085600-06:00" endTime="2025-09-22T13:42:03.4085600-06:00" testType="13cdc9d9-ddb5-4fa4-a97d-d965ccfc6d4b" outcome="Passed" testListId="8c84fa94-04c1-424b-9868-57a2d4851a1d" relativeResultsDirectory="8ad120eb-2abd-4bca-891c-ba14096cd9c6" />
    <UnitTestResult executionId="5da759a0-dca6-46bb-9c75-13fc9a9e63c2" testId="9fd16290-2ffd-477a-8430-1b48345fb6df" testName="CodexBootstrap.Tests.UCoreOntologyTests.ResonanceMatrix_Should_ExistAndIntegrateAxes" computerName="Seeker-Mac" duration="00:00:00.0010000" startTime="2025-09-22T13:41:37.3502550-06:00" endTime="2025-09-22T13:41:37.3502550-06:00" testType="13cdc9d9-ddb5-4fa4-a97d-d965ccfc6d4b" outcome="NotExecuted" testListId="8c84fa94-04c1-424b-9868-57a2d4851a1d" relativeResultsDirectory="5da759a0-dca6-46bb-9c75-13fc9a9e63c2">
      <Output>
        <StdOut>Resonance matrix integration edges not guaranteed during initial seed; enable when implemented</StdOut>
      </Output>
    </UnitTestResult>
    <UnitTestResult executionId="4d5195a3-10bc-49ab-abd8-516ae1386c3d" testId="3ffad5fc-3d39-cf1b-b6aa-3a273e7e7f8c" testName="CodexBootstrap.Tests.Modules.EnergyModuleApiTests.GetContributorEnergy_ShouldReturnUserEnergy_WhenImplemented" computerName="Seeker-Mac" duration="00:00:00.0014978" startTime="2025-09-22T13:41:39.7694610-06:00" endTime="2025-09-22T13:41:39.7694610-06:00" testType="13cdc9d9-ddb5-4fa4-a97d-d965ccfc6d4b" outcome="Passed" testListId="8c84fa94-04c1-424b-9868-57a2d4851a1d" relativeResultsDirectory="4d5195a3-10bc-49ab-abd8-516ae1386c3d" />
    <UnitTestResult executionId="401ce2b7-8bc2-466e-b9cd-be5bd8f88c67" testId="e75caaaa-c0f2-35be-09ee-e95dc5be3d00" testName="CodexBootstrap.Tests.Modules.UXPrimitivesModuleTests.CreateWeave_WithoutSourceId_ReturnsError" computerName="Seeker-Mac" duration="00:00:00.0035727" startTime="2025-09-22T13:41:47.1235590-06:00" endTime="2025-09-22T13:41:47.1235590-06:00" testType="13cdc9d9-ddb5-4fa4-a97d-d965ccfc6d4b" outcome="Passed" testListId="8c84fa94-04c1-424b-9868-57a2d4851a1d" relativeResultsDirectory="401ce2b7-8bc2-466e-b9cd-be5bd8f88c67" />
    <UnitTestResult executionId="1ea77c2e-a091-4678-9144-a820a2191e35" testId="d54e53b6-4b26-6bd1-09f9-f73b753baeb3" testName="CodexBootstrap.Tests.ComprehensiveEndpointDiscovery.ModulesEndpoint_ShouldReturnStructuredData" computerName="Seeker-Mac" duration="00:00:00.0030716" startTime="2025-09-22T13:42:07.0678140-06:00" endTime="2025-09-22T13:42:07.0678140-06:00" testType="13cdc9d9-ddb5-4fa4-a97d-d965ccfc6d4b" outcome="Passed" testListId="8c84fa94-04c1-424b-9868-57a2d4851a1d" relativeResultsDirectory="1ea77c2e-a091-4678-9144-a820a2191e35" />
    <UnitTestResult executionId="209fa97d-6ee6-481a-a516-7bd87c846076" testId="19930103-19e2-d6c6-243c-55a9ec794a78" testName="CodexBootstrap.Tests.IdentityTests.GetUserProfile_ShouldReturnUserProfile" computerName="Seeker-Mac" duration="00:00:00.0135162" startTime="2025-09-22T13:42:07.4921740-06:00" endTime="2025-09-22T13:42:07.4921740-06:00" testType="13cdc9d9-ddb5-4fa4-a97d-d965ccfc6d4b" outcome="Passed" testListId="8c84fa94-04c1-424b-9868-57a2d4851a1d" relativeResultsDirectory="209fa97d-6ee6-481a-a516-7bd87c846076" />
    <UnitTestResult executionId="e4048ba2-1bd0-468a-9620-ae9804515339" testId="bba67bf0-0da8-2aa3-67ad-89c48663e058" testName="CodexBootstrap.Tests.Modules.FutureKnowledgeModuleTests.ModuleNode_HasCorrectProperties" computerName="Seeker-Mac" duration="00:00:00.0011837" startTime="2025-09-22T13:40:58.1688430-06:00" endTime="2025-09-22T13:40:58.1688430-06:00" testType="13cdc9d9-ddb5-4fa4-a97d-d965ccfc6d4b" outcome="Passed" testListId="8c84fa94-04c1-424b-9868-57a2d4851a1d" relativeResultsDirectory="e4048ba2-1bd0-468a-9620-ae9804515339" />
    <UnitTestResult executionId="22cc9a20-6897-4c3f-9825-8975892706c4" testId="e8865027-a033-e711-71fb-2004ee1807fd" testName="CodexBootstrap.Tests.Core.StateTransitionTests.Edge_BetweenTwoIceNodes_ShouldPersistInIceStorage" computerName="Seeker-Mac" duration="00:00:00.2149562" startTime="2025-09-22T13:42:21.7087110-06:00" endTime="2025-09-22T13:42:21.7087110-06:00" testType="13cdc9d9-ddb5-4fa4-a97d-d965ccfc6d4b" outcome="Passed" testListId="8c84fa94-04c1-424b-9868-57a2d4851a1d" relativeResultsDirectory="22cc9a20-6897-4c3f-9825-8975892706c4" />
    <UnitTestResult executionId="5ca6d091-c2ed-47ac-8800-1b105f9c2d49" testId="080e755c-ee7a-1e14-8f28-e087a10675d0" testName="CodexBootstrap.Tests.ApiIntegrationTests.OAuthProviders_ShouldReturnAvailableProviders" computerName="Seeker-Mac" duration="00:00:00.0013955" startTime="2025-09-22T13:41:10.6681760-06:00" endTime="2025-09-22T13:41:10.6681760-06:00" testType="13cdc9d9-ddb5-4fa4-a97d-d965ccfc6d4b" outcome="Passed" testListId="8c84fa94-04c1-424b-9868-57a2d4851a1d" relativeResultsDirectory="5ca6d091-c2ed-47ac-8800-1b105f9c2d49" />
    <UnitTestResult executionId="3c058bd2-5f4d-476b-9392-5a5b586b533a" testId="410a93d4-5a0d-cd14-1966-c13e3bca40a5" testName="CodexBootstrap.Tests.Core.NodeRegistryTests.GetNodesByType_ShouldReturnNodesOfSpecificType" computerName="Seeker-Mac" duration="00:00:00.0008766" startTime="2025-09-22T13:42:20.7197570-06:00" endTime="2025-09-22T13:42:20.7197570-06:00" testType="13cdc9d9-ddb5-4fa4-a97d-d965ccfc6d4b" outcome="Passed" testListId="8c84fa94-04c1-424b-9868-57a2d4851a1d" relativeResultsDirectory="3c058bd2-5f4d-476b-9392-5a5b586b533a" />
    <UnitTestResult executionId="e8d80fd8-5518-4208-8fc6-fafc60363e10" testId="4e538f89-b18c-cf2e-2f16-94dc81d451d9" testName="CodexBootstrap.Tests.Modules.NodeEdgeModuleApiTests.GetEdge_ShouldReturnEdge_WhenImplemented" computerName="Seeker-Mac" duration="00:00:00.0009990" startTime="2025-09-22T13:41:32.1712180-06:00" endTime="2025-09-22T13:41:32.1712180-06:00" testType="13cdc9d9-ddb5-4fa4-a97d-d965ccfc6d4b" outcome="Passed" testListId="8c84fa94-04c1-424b-9868-57a2d4851a1d" relativeResultsDirectory="e8d80fd8-5518-4208-8fc6-fafc60363e10" />
    <UnitTestResult executionId="c9fd14c7-180f-48c3-a60c-883a8a7dd2b8" testId="2b98f1ad-9067-5d96-8cc7-a0590be4d644" testName="CodexBootstrap.Tests.Core.NodePersistenceTests.EdgeStateConsistency_ShouldMatchNodeStates" computerName="Seeker-Mac" duration="00:00:00.2066565" startTime="2025-09-22T13:42:01.5933250-06:00" endTime="2025-09-22T13:42:01.5933250-06:00" testType="13cdc9d9-ddb5-4fa4-a97d-d965ccfc6d4b" outcome="Passed" testListId="8c84fa94-04c1-424b-9868-57a2d4851a1d" relativeResultsDirectory="c9fd14c7-180f-48c3-a60c-883a8a7dd2b8" />
    <UnitTestResult executionId="23b61e7e-0a7c-46fd-814e-4c7d29958410" testId="3f4da332-2fb9-784e-8300-a3ffc13949c4" testName="CodexBootstrap.Tests.IdentityTests.MockIdentityProvider_ShouldGetAllMockUsers" computerName="Seeker-Mac" duration="00:00:00.0009908" startTime="2025-09-22T13:42:07.3309990-06:00" endTime="2025-09-22T13:42:07.3309990-06:00" testType="13cdc9d9-ddb5-4fa4-a97d-d965ccfc6d4b" outcome="Passed" testListId="8c84fa94-04c1-424b-9868-57a2d4851a1d" relativeResultsDirectory="23b61e7e-0a7c-46fd-814e-4c7d29958410" />
    <UnitTestResult executionId="a5046f87-0d33-4008-a858-93de0287c51e" testId="1ef27b33-e8b2-8d88-5c2b-3857b2abb5f1" testName="CodexBootstrap.Tests.Core.NodePersistenceTests.ComplexStateTransition_IceToWaterToGas_ShouldHandleCorrectly" computerName="Seeker-Mac" duration="00:00:00.3171769" startTime="2025-09-22T13:42:00.0294580-06:00" endTime="2025-09-22T13:42:00.0294580-06:00" testType="13cdc9d9-ddb5-4fa4-a97d-d965ccfc6d4b" outcome="Passed" testListId="8c84fa94-04c1-424b-9868-57a2d4851a1d" relativeResultsDirectory="a5046f87-0d33-4008-a858-93de0287c51e" />
    <UnitTestResult executionId="a3471c68-9827-4bd6-b85f-2d44d8b670f1" testId="b16165b8-6f91-b918-f137-313f14ff474f" testName="CodexBootstrap.Tests.Core.StateTransitionTests.Edge_BetweenIceAndWaterNodes_ShouldPersistInWaterStorage" computerName="Seeker-Mac" duration="00:00:00.2064865" startTime="2025-09-22T13:42:22.7527210-06:00" endTime="2025-09-22T13:42:22.7527210-06:00" testType="13cdc9d9-ddb5-4fa4-a97d-d965ccfc6d4b" outcome="Passed" testListId="8c84fa94-04c1-424b-9868-57a2d4851a1d" relativeResultsDirectory="a3471c68-9827-4bd6-b85f-2d44d8b670f1" />
    <UnitTestResult executionId="5267fae9-68dc-4565-9a63-de0710847ab0" testId="4bd130c7-f504-8b12-ce2a-87666fadd50e" testName="CodexBootstrap.Tests.Modules.NodeEdgeModuleApiTests.GetNodes_ShouldRespondWithinAcceptableTime" computerName="Seeker-Mac" duration="00:00:00.0027264" startTime="2025-09-22T13:41:32.1536780-06:00" endTime="2025-09-22T13:41:32.1536780-06:00" testType="13cdc9d9-ddb5-4fa4-a97d-d965ccfc6d4b" outcome="Passed" testListId="8c84fa94-04c1-424b-9868-57a2d4851a1d" relativeResultsDirectory="5267fae9-68dc-4565-9a63-de0710847ab0" />
    <UnitTestResult executionId="4e8512d6-c770-49e0-aa22-61e54ee219b5" testId="85af3b02-5b1f-ad47-f6c3-063b22aa2bc8" testName="CodexBootstrap.Tests.Modules.GalleryModuleTests.GenerateAIImage_WithoutPrompt_ReturnsError" computerName="Seeker-Mac" duration="00:00:00.0023186" startTime="2025-09-22T13:41:05.4841680-06:00" endTime="2025-09-22T13:41:05.4841680-06:00" testType="13cdc9d9-ddb5-4fa4-a97d-d965ccfc6d4b" outcome="Passed" testListId="8c84fa94-04c1-424b-9868-57a2d4851a1d" relativeResultsDirectory="4e8512d6-c770-49e0-aa22-61e54ee219b5" />
    <UnitTestResult executionId="bde17873-7163-451f-989b-88bb7b4eb7fa" testId="1f3199f3-f842-d0f8-2cf4-0c685e5c5cf9" testName="CodexBootstrap.Tests.NewsSourceTests.NewsSourcesConfig_Should_LoadAllSources" computerName="Seeker-Mac" duration="00:00:01.0236488" startTime="2025-09-22T13:41:18.1118430-06:00" endTime="2025-09-22T13:41:18.1118430-06:00" testType="13cdc9d9-ddb5-4fa4-a97d-d965ccfc6d4b" outcome="Passed" testListId="8c84fa94-04c1-424b-9868-57a2d4851a1d" relativeResultsDirectory="bde17873-7163-451f-989b-88bb7b4eb7fa" />
    <UnitTestResult executionId="fcfbb6de-d129-441b-96ae-0436ff8b1fab" testId="d2562022-cd7f-36b1-1c2d-849cc064d530" testName="CodexBootstrap.Tests.Core.NodePersistenceTests.ServerRestart_MixedStates_ShouldRestoreCorrectly" computerName="Seeker-Mac" duration="00:00:00.2128991" startTime="2025-09-22T13:42:04.6748030-06:00" endTime="2025-09-22T13:42:04.6748030-06:00" testType="13cdc9d9-ddb5-4fa4-a97d-d965ccfc6d4b" outcome="Passed" testListId="8c84fa94-04c1-424b-9868-57a2d4851a1d" relativeResultsDirectory="fcfbb6de-d129-441b-96ae-0436ff8b1fab" />
    <UnitTestResult executionId="463c2e0c-0427-4d27-a29e-e6bb0572f330" testId="aced4986-e1f4-a66e-d3bb-e7d4243e8cbf" testName="CodexBootstrap.Tests.Modules.FileSystemModuleTests.CreateFile_WithValidRequest_CreatesFileAndNode" computerName="Seeker-Mac" duration="00:00:00.0157379" startTime="2025-09-22T13:42:20.6110140-06:00" endTime="2025-09-22T13:42:20.6110140-06:00" testType="13cdc9d9-ddb5-4fa4-a97d-d965ccfc6d4b" outcome="Passed" testListId="8c84fa94-04c1-424b-9868-57a2d4851a1d" relativeResultsDirectory="463c2e0c-0427-4d27-a29e-e6bb0572f330" />
    <UnitTestResult executionId="dcc657e2-02c6-46d9-9e3f-36398bb22f02" testId="c7664158-decd-1ae9-8bcf-1591fb563b34" testName="CodexBootstrap.Tests.Modules.NewsModuleApiTests.SearchNews_ShouldReturnSearchResults_WhenImplemented" computerName="Seeker-Mac" duration="00:00:00.0089948" startTime="2025-09-22T13:40:50.7496360-06:00" endTime="2025-09-22T13:40:50.7496360-06:00" testType="13cdc9d9-ddb5-4fa4-a97d-d965ccfc6d4b" outcome="Passed" testListId="8c84fa94-04c1-424b-9868-57a2d4851a1d" relativeResultsDirectory="dcc657e2-02c6-46d9-9e3f-36398bb22f02" />
    <UnitTestResult executionId="78f4d089-65d2-4ee3-bcc1-ae582ed9a987" testId="b99ace35-33d5-7d18-6ea4-38a87a6c5135" testName="CodexBootstrap.Tests.Modules.ConceptModuleApiTests.GetConcepts_ShouldRespondWithinAcceptableTime" computerName="Seeker-Mac" duration="00:00:00.0036180" startTime="2025-09-22T13:40:43.2470380-06:00" endTime="2025-09-22T13:40:43.2470380-06:00" testType="13cdc9d9-ddb5-4fa4-a97d-d965ccfc6d4b" outcome="Passed" testListId="8c84fa94-04c1-424b-9868-57a2d4851a1d" relativeResultsDirectory="78f4d089-65d2-4ee3-bcc1-ae582ed9a987" />
    <UnitTestResult executionId="41e6a275-786f-4c9b-93c9-41487b0819f5" testId="0dfb425c-5e4f-66ca-073c-7c258c6c7e5f" testName="CodexBootstrap.Tests.Modules.UXPrimitivesModuleTests.GenerateReflection_WithoutContentId_ReturnsError" computerName="Seeker-Mac" duration="00:00:00.0010344" startTime="2025-09-22T13:41:47.1338270-06:00" endTime="2025-09-22T13:41:47.1338270-06:00" testType="13cdc9d9-ddb5-4fa4-a97d-d965ccfc6d4b" outcome="Passed" testListId="8c84fa94-04c1-424b-9868-57a2d4851a1d" relativeResultsDirectory="41e6a275-786f-4c9b-93c9-41487b0819f5" />
    <UnitTestResult executionId="448e1eb7-6280-4cd1-8f39-585ec1e39887" testId="a117d892-9fd1-1ad8-8d90-f3c71328203c" testName="CodexBootstrap.Tests.Core.NodeRegistryTests.TryGet_WithExistingId_ShouldReturnNode" computerName="Seeker-Mac" duration="00:00:00.0008750" startTime="2025-09-22T13:42:20.7504760-06:00" endTime="2025-09-22T13:42:20.7504760-06:00" testType="13cdc9d9-ddb5-4fa4-a97d-d965ccfc6d4b" outcome="Passed" testListId="8c84fa94-04c1-424b-9868-57a2d4851a1d" relativeResultsDirectory="448e1eb7-6280-4cd1-8f39-585ec1e39887" />
    <UnitTestResult executionId="5c67d77b-9861-4b04-963f-ed7f519f8494" testId="cda0a382-6483-cdc5-9e08-2b17d62c9076" testName="CodexBootstrap.Tests.Core.NodeRegistryTests.TryGet_WithNonExistentId_ShouldReturnFalse" computerName="Seeker-Mac" duration="00:00:00.0004279" startTime="2025-09-22T13:42:20.7545650-06:00" endTime="2025-09-22T13:42:20.7545650-06:00" testType="13cdc9d9-ddb5-4fa4-a97d-d965ccfc6d4b" outcome="Passed" testListId="8c84fa94-04c1-424b-9868-57a2d4851a1d" relativeResultsDirectory="5c67d77b-9861-4b04-963f-ed7f519f8494" />
    <UnitTestResult executionId="a2d5da6c-44c0-4d21-b18f-a2403d3c4a7c" testId="0eb841ee-4360-bfaa-b760-47ef164dac80" testName="CodexBootstrap.Tests.Modules.EnergyModuleApiTests.GetCollectiveEnergy_ShouldReturnEnergyValue_WhenImplemented" computerName="Seeker-Mac" duration="00:00:00.0015416" startTime="2025-09-22T13:41:39.7643620-06:00" endTime="2025-09-22T13:41:39.7643620-06:00" testType="13cdc9d9-ddb5-4fa4-a97d-d965ccfc6d4b" outcome="Passed" testListId="8c84fa94-04c1-424b-9868-57a2d4851a1d" relativeResultsDirectory="a2d5da6c-44c0-4d21-b18f-a2403d3c4a7c" />
    <UnitTestResult executionId="a0f8f93a-b335-4c16-abe5-304d1083bba2" testId="ce4786bd-8689-0f1b-0de8-7d35fef968cd" testName="CodexBootstrap.Tests.ComprehensiveEndpointDiscovery.HealthEndpoint_ShouldReturnDetailedMetrics" computerName="Seeker-Mac" duration="00:00:00.0134705" startTime="2025-09-22T13:42:07.0645850-06:00" endTime="2025-09-22T13:42:07.0645850-06:00" testType="13cdc9d9-ddb5-4fa4-a97d-d965ccfc6d4b" outcome="Passed" testListId="8c84fa94-04c1-424b-9868-57a2d4851a1d" relativeResultsDirectory="a0f8f93a-b335-4c16-abe5-304d1083bba2" />
    <UnitTestResult executionId="7b36aa54-cb50-411e-b6f7-d7bfa2ad62a3" testId="4490693e-5b5f-60f8-a352-34ba943e1d62" testName="CodexBootstrap.Tests.Core.StateTransitionTests.Edge_BetweenWaterAndGasNodes_ShouldNotPersist" computerName="Seeker-Mac" duration="00:00:00.2137609" startTime="2025-09-22T13:42:21.1779620-06:00" endTime="2025-09-22T13:42:21.1779620-06:00" testType="13cdc9d9-ddb5-4fa4-a97d-d965ccfc6d4b" outcome="Passed" testListId="8c84fa94-04c1-424b-9868-57a2d4851a1d" relativeResultsDirectory="7b36aa54-cb50-411e-b6f7-d7bfa2ad62a3" />
    <UnitTestResult executionId="aea1c8e4-5e7b-41bf-ae26-383517a40a2d" testId="9398df0f-b7e2-21ef-6751-b96144b08a9b" testName="CodexBootstrap.Tests.Modules.ConceptModuleApiTests.GetConcept_ShouldReturnNotFound_WhenConceptDoesNotExist" computerName="Seeker-Mac" duration="00:00:00.0112165" startTime="2025-09-22T13:40:43.2735950-06:00" endTime="2025-09-22T13:40:43.2735950-06:00" testType="13cdc9d9-ddb5-4fa4-a97d-d965ccfc6d4b" outcome="Passed" testListId="8c84fa94-04c1-424b-9868-57a2d4851a1d" relativeResultsDirectory="aea1c8e4-5e7b-41bf-ae26-383517a40a2d" />
    <UnitTestResult executionId="9ebc639d-c5bf-4dff-b3c5-ebd1d0b80364" testId="acc7a2a6-5b6f-24ca-1251-941601005cf3" testName="CodexBootstrap.Tests.Modules.VisualValidationModuleTests.RenderComponentToImage_ShouldStoreNodeAndReturnSuccess" computerName="Seeker-Mac" duration="00:00:03.3795011" startTime="2025-09-22T13:41:14.0481050-06:00" endTime="2025-09-22T13:41:14.0481050-06:00" testType="13cdc9d9-ddb5-4fa4-a97d-d965ccfc6d4b" outcome="Passed" testListId="8c84fa94-04c1-424b-9868-57a2d4851a1d" relativeResultsDirectory="9ebc639d-c5bf-4dff-b3c5-ebd1d0b80364" />
    <UnitTestResult executionId="b9f8aa6f-f902-4f7e-a9c9-36cf0f050995" testId="e9843f28-60bb-39a2-a561-28fdfd88f317" testName="CodexBootstrap.Tests.SimpleIntegrationTests.RootEndpoint_ShouldRespond" computerName="Seeker-Mac" duration="00:00:00.0015431" startTime="2025-09-22T13:42:13.0772950-06:00" endTime="2025-09-22T13:42:13.0772950-06:00" testType="13cdc9d9-ddb5-4fa4-a97d-d965ccfc6d4b" outcome="Passed" testListId="8c84fa94-04c1-424b-9868-57a2d4851a1d" relativeResultsDirectory="b9f8aa6f-f902-4f7e-a9c9-36cf0f050995" />
    <UnitTestResult executionId="bdfca8a5-2dd5-4115-a353-b79b1016fade" testId="2ad5cdb4-5093-99b8-7b30-cd507fc4fbf2" testName="CodexBootstrap.Tests.Modules.FutureKnowledgeModuleTests.RetrieveFutureKnowledge_WithImplementation_ReturnsSuccess" computerName="Seeker-Mac" duration="00:00:00.0216627" startTime="2025-09-22T13:40:58.1655160-06:00" endTime="2025-09-22T13:40:58.1655170-06:00" testType="13cdc9d9-ddb5-4fa4-a97d-d965ccfc6d4b" outcome="Passed" testListId="8c84fa94-04c1-424b-9868-57a2d4851a1d" relativeResultsDirectory="bdfca8a5-2dd5-4115-a353-b79b1016fade" />
    <UnitTestResult executionId="bd80d40a-d693-47f8-b832-cd8fd5d19087" testId="5f30b836-0b78-553e-28a0-931140309955" testName="CodexBootstrap.Tests.Core.NodeRegistryTests.UpsertNode_WithDuplicateId_ShouldOverwrite" computerName="Seeker-Mac" duration="00:00:00.0007190" startTime="2025-09-22T13:42:20.7188420-06:00" endTime="2025-09-22T13:42:20.7188420-06:00" testType="13cdc9d9-ddb5-4fa4-a97d-d965ccfc6d4b" outcome="Passed" testListId="8c84fa94-04c1-424b-9868-57a2d4851a1d" relativeResultsDirectory="bd80d40a-d693-47f8-b832-cd8fd5d19087" />
    <UnitTestResult executionId="3f1d4b21-5b22-4661-bb6c-2613841c9858" testId="44690745-9c88-3bf3-0c2f-a725a9065892" testName="CodexBootstrap.Tests.Modules.AIModuleTests.Register_ShouldRegisterModuleWithRegistry" computerName="Seeker-Mac" duration="00:00:00.0020267" startTime="2025-09-22T13:41:37.5577050-06:00" endTime="2025-09-22T13:41:37.5577050-06:00" testType="13cdc9d9-ddb5-4fa4-a97d-d965ccfc6d4b" outcome="Passed" testListId="8c84fa94-04c1-424b-9868-57a2d4851a1d" relativeResultsDirectory="3f1d4b21-5b22-4661-bb6c-2613841c9858" />
    <UnitTestResult executionId="3ec2a86f-4f43-40b8-ae02-f912d30a9e5e" testId="3bd72a3e-a2cb-9292-a956-91e21e17c8b0" testName="CodexBootstrap.Tests.ApiIntegrationTests.HealthEndpoint_ShouldReturnHealthyStatus" computerName="Seeker-Mac" duration="00:00:00.0023036" startTime="2025-09-22T13:41:10.6554720-06:00" endTime="2025-09-22T13:41:10.6554720-06:00" testType="13cdc9d9-ddb5-4fa4-a97d-d965ccfc6d4b" outcome="Passed" testListId="8c84fa94-04c1-424b-9868-57a2d4851a1d" relativeResultsDirectory="3ec2a86f-4f43-40b8-ae02-f912d30a9e5e" />
    <UnitTestResult executionId="5fa503b3-e7ec-4c79-99ec-557a52a4313d" testId="950d7da6-55b8-4b89-a3fb-a58cb4462695" testName="CodexBootstrap.Tests.Modules.FileSystemModuleTests.GetProjectTree_WithValidProject_ReturnsTreeStructure" computerName="Seeker-Mac" duration="00:00:00.0186372" startTime="2025-09-22T13:42:20.6965550-06:00" endTime="2025-09-22T13:42:20.6965550-06:00" testType="13cdc9d9-ddb5-4fa4-a97d-d965ccfc6d4b" outcome="Passed" testListId="8c84fa94-04c1-424b-9868-57a2d4851a1d" relativeResultsDirectory="5fa503b3-e7ec-4c79-99ec-557a52a4313d" />
    <UnitTestResult executionId="71ee2595-c915-41cb-bf88-c91da984d33f" testId="0c97d759-0190-10c2-9a46-6ea0e0639ab1" testName="CodexBootstrap.Tests.ApiEndpointTests.Root_ShouldReturnResponse" computerName="Seeker-Mac" duration="00:00:00.0024716" startTime="2025-09-22T13:42:07.0116720-06:00" endTime="2025-09-22T13:42:07.0116720-06:00" testType="13cdc9d9-ddb5-4fa4-a97d-d965ccfc6d4b" outcome="Passed" testListId="8c84fa94-04c1-424b-9868-57a2d4851a1d" relativeResultsDirectory="71ee2595-c915-41cb-bf88-c91da984d33f" />
    <UnitTestResult executionId="152ef592-6b2c-4625-ad44-60237256b3e4" testId="632c0374-d9e5-0e22-1403-eb730369295e" testName="CodexBootstrap.Tests.Modules.NewsModuleApiTests.GetNewsFeed_ShouldReturnEmptyResults_WhenNoNewsAvailable" computerName="Seeker-Mac" duration="00:00:00.0154162" startTime="2025-09-22T13:40:50.7404220-06:00" endTime="2025-09-22T13:40:50.7404220-06:00" testType="13cdc9d9-ddb5-4fa4-a97d-d965ccfc6d4b" outcome="Passed" testListId="8c84fa94-04c1-424b-9868-57a2d4851a1d" relativeResultsDirectory="152ef592-6b2c-4625-ad44-60237256b3e4" />
    <UnitTestResult executionId="53cbdd21-90a4-4c29-b1fa-04a6abf7207f" testId="441903f8-b742-d387-3227-bca90d5fdf20" testName="CodexBootstrap.Tests.Integration.ApiIntegrationTests.SwaggerEndpoint_ShouldReturnSwaggerDocumentation" computerName="Seeker-Mac" duration="00:00:00.0013522" startTime="2025-09-22T13:42:07.8977640-06:00" endTime="2025-09-22T13:42:07.8977640-06:00" testType="13cdc9d9-ddb5-4fa4-a97d-d965ccfc6d4b" outcome="Passed" testListId="8c84fa94-04c1-424b-9868-57a2d4851a1d" relativeResultsDirectory="53cbdd21-90a4-4c29-b1fa-04a6abf7207f" />
    <UnitTestResult executionId="a3ca2df9-fb41-4148-9357-8b687d137a60" testId="52464efb-4166-65c1-6219-acc12f2b3ff6" testName="CodexBootstrap.Tests.Modules.IdentityModuleApiTests.Authenticate_ShouldRespondWithinAcceptableTime" computerName="Seeker-Mac" duration="00:00:00.0369837" startTime="2025-09-22T13:42:15.2768810-06:00" endTime="2025-09-22T13:42:15.2768810-06:00" testType="13cdc9d9-ddb5-4fa4-a97d-d965ccfc6d4b" outcome="Passed" testListId="8c84fa94-04c1-424b-9868-57a2d4851a1d" relativeResultsDirectory="a3ca2df9-fb41-4148-9357-8b687d137a60" />
    <UnitTestResult executionId="1d5c69af-a786-4032-bbd2-8101b3e511ae" testId="7814cc71-5384-55ab-b67a-fb18f5ac5c5f" testName="CodexBootstrap.Tests.Modules.GalleryModuleTests.GetGalleryItem_WithNonExistentId_ReturnsError" computerName="Seeker-Mac" duration="00:00:00.0023563" startTime="2025-09-22T13:41:05.4818220-06:00" endTime="2025-09-22T13:41:05.4818220-06:00" testType="13cdc9d9-ddb5-4fa4-a97d-d965ccfc6d4b" outcome="Passed" testListId="8c84fa94-04c1-424b-9868-57a2d4851a1d" relativeResultsDirectory="1d5c69af-a786-4032-bbd2-8101b3e511ae" />
    <UnitTestResult executionId="6f73ca69-9f30-4df5-b4ab-a5dab787c0bb" testId="8825c2ca-e48a-f1b9-4ae4-5d782ac55816" testName="CodexBootstrap.Tests.Modules.ConceptModuleApiTests.UpdateConcept_ShouldReturnNotFound_WhenConceptDoesNotExist" computerName="Seeker-Mac" duration="00:00:00.0104648" startTime="2025-09-22T13:40:43.2577200-06:00" endTime="2025-09-22T13:40:43.2577200-06:00" testType="13cdc9d9-ddb5-4fa4-a97d-d965ccfc6d4b" outcome="Passed" testListId="8c84fa94-04c1-424b-9868-57a2d4851a1d" relativeResultsDirectory="6f73ca69-9f30-4df5-b4ab-a5dab787c0bb" />
    <UnitTestResult executionId="c5bde5d0-9f94-436a-b214-3a2162f00483" testId="bb61d7e3-a613-b2b8-0303-181e7a73d65b" testName="CodexBootstrap.Tests.HealthTests.HealthCheck_ShouldReturnValidJson" computerName="Seeker-Mac" duration="00:00:00.0111702" startTime="2025-09-22T13:42:07.0811390-06:00" endTime="2025-09-22T13:42:07.0811390-06:00" testType="13cdc9d9-ddb5-4fa4-a97d-d965ccfc6d4b" outcome="Passed" testListId="8c84fa94-04c1-424b-9868-57a2d4851a1d" relativeResultsDirectory="c5bde5d0-9f94-436a-b214-3a2162f00483" />
    <UnitTestResult executionId="492aaf4f-c8ba-4880-a671-51810e25fb73" testId="53a59314-7293-f081-232f-56d1644cbca1" testName="CodexBootstrap.Tests.Core.NodePersistenceTests.TypeBasedQueries_ShouldWorkAfterRestart" computerName="Seeker-Mac" duration="00:00:00.2085415" startTime="2025-09-22T13:42:04.4614380-06:00" endTime="2025-09-22T13:42:04.4614380-06:00" testType="13cdc9d9-ddb5-4fa4-a97d-d965ccfc6d4b" outcome="Passed" testListId="8c84fa94-04c1-424b-9868-57a2d4851a1d" relativeResultsDirectory="492aaf4f-c8ba-4880-a671-51810e25fb73" />
    <UnitTestResult executionId="7e8fedae-e109-4abe-9435-9de58a4e7f27" testId="414bd08a-1856-619a-1a2c-f8de6ed4b859" testName="CodexBootstrap.Tests.Modules.FileSystemModuleTests.SearchFiles_WithContentSearch_FindsMatches" computerName="Seeker-Mac" duration="00:00:00.0178732" startTime="2025-09-22T13:42:20.7146050-06:00" endTime="2025-09-22T13:42:20.7146050-06:00" testType="13cdc9d9-ddb5-4fa4-a97d-d965ccfc6d4b" outcome="Passed" testListId="8c84fa94-04c1-424b-9868-57a2d4851a1d" relativeResultsDirectory="7e8fedae-e109-4abe-9435-9de58a4e7f27" />
    <UnitTestResult executionId="90a62a17-54c5-40da-b978-34803d528b1c" testId="f3484da0-8315-cdca-e737-98c55468fb4e" testName="CodexBootstrap.Tests.Integration.ApiIntegrationTests.RootEndpoint_ShouldReturnResponse" computerName="Seeker-Mac" duration="00:00:00.0009034" startTime="2025-09-22T13:42:07.9110350-06:00" endTime="2025-09-22T13:42:07.9110350-06:00" testType="13cdc9d9-ddb5-4fa4-a97d-d965ccfc6d4b" outcome="Passed" testListId="8c84fa94-04c1-424b-9868-57a2d4851a1d" relativeResultsDirectory="90a62a17-54c5-40da-b978-34803d528b1c" />
    <UnitTestResult executionId="4e2a50f9-a302-4c63-982d-f71a37ce79d3" testId="ec5dab1e-1f0f-f383-92f5-6636c26252be" testName="CodexBootstrap.Tests.Core.NodePersistenceTests.DataIntegrity_ComplexContent_ShouldPersistCorrectly" computerName="Seeker-Mac" duration="00:00:00.1101512" startTime="2025-09-22T13:42:02.5576330-06:00" endTime="2025-09-22T13:42:02.5576330-06:00" testType="13cdc9d9-ddb5-4fa4-a97d-d965ccfc6d4b" outcome="Passed" testListId="8c84fa94-04c1-424b-9868-57a2d4851a1d" relativeResultsDirectory="4e2a50f9-a302-4c63-982d-f71a37ce79d3" />
    <UnitTestResult executionId="cc3e2fac-58f0-4d1b-95c6-dc2b2d13f0ee" testId="8526b0ec-4803-dd78-6467-133c6f30ed12" testName="CodexBootstrap.Tests.Modules.FileSystemModuleTests.UpdateFileContent_WithValidRequest_UpdatesFileAndNode" computerName="Seeker-Mac" duration="00:00:00.0319567" startTime="2025-09-22T13:42:20.5781250-06:00" endTime="2025-09-22T13:42:20.5781250-06:00" testType="13cdc9d9-ddb5-4fa4-a97d-d965ccfc6d4b" outcome="Passed" testListId="8c84fa94-04c1-424b-9868-57a2d4851a1d" relativeResultsDirectory="cc3e2fac-58f0-4d1b-95c6-dc2b2d13f0ee" />
    <UnitTestResult executionId="04b6fa7e-e7d6-4940-a185-4a1745665a6f" testId="4f365743-de47-b07f-fd2b-1af885da9411" testName="CodexBootstrap.Tests.Modules.IdentityModuleApiTests.Authenticate_ShouldReturnBadRequest_WhenInvalidRequest" computerName="Seeker-Mac" duration="00:00:00.0118827" startTime="2025-09-22T13:42:15.3240730-06:00" endTime="2025-09-22T13:42:15.3240730-06:00" testType="13cdc9d9-ddb5-4fa4-a97d-d965ccfc6d4b" outcome="Passed" testListId="8c84fa94-04c1-424b-9868-57a2d4851a1d" relativeResultsDirectory="04b6fa7e-e7d6-4940-a185-4a1745665a6f" />
    <UnitTestResult executionId="14bf93b4-63ae-4a57-bd71-64a5d9c9e329" testId="335af7d3-af17-2a3e-11a6-c40d770283f6" testName="CodexBootstrap.Tests.IdentityTests.IdentityLogin_ShouldInitiateLoginFlow" computerName="Seeker-Mac" duration="00:00:00.0195452" startTime="2025-09-22T13:42:07.3870190-06:00" endTime="2025-09-22T13:42:07.3870190-06:00" testType="13cdc9d9-ddb5-4fa4-a97d-d965ccfc6d4b" outcome="Passed" testListId="8c84fa94-04c1-424b-9868-57a2d4851a1d" relativeResultsDirectory="14bf93b4-63ae-4a57-bd71-64a5d9c9e329" />
    <UnitTestResult executionId="bc841066-4088-4339-966d-88379be618f5" testId="4eb589ee-9d4d-03f8-74f4-3090e3f3a730" testName="CodexBootstrap.Tests.Modules.ThreadsModuleTests.CreateThread_WithValidData_CreatesSuccessfully" computerName="Seeker-Mac" duration="00:00:00.0022380" startTime="2025-09-22T13:42:25.1723770-06:00" endTime="2025-09-22T13:42:25.1723770-06:00" testType="13cdc9d9-ddb5-4fa4-a97d-d965ccfc6d4b" outcome="Passed" testListId="8c84fa94-04c1-424b-9868-57a2d4851a1d" relativeResultsDirectory="bc841066-4088-4339-966d-88379be618f5" />
    <UnitTestResult executionId="15f92280-8a83-464a-8ac1-91af3ba9f0c5" testId="2b00ad46-f32b-446f-acdc-2eea35c5f140" testName="CodexBootstrap.Tests.Modules.AIModuleTests.GetModuleNode_ShouldReturnModuleNode" computerName="Seeker-Mac" duration="00:00:00.0003242" startTime="2025-09-22T13:41:37.5552240-06:00" endTime="2025-09-22T13:41:37.5552240-06:00" testType="13cdc9d9-ddb5-4fa4-a97d-d965ccfc6d4b" outcome="Passed" testListId="8c84fa94-04c1-424b-9868-57a2d4851a1d" relativeResultsDirectory="15f92280-8a83-464a-8ac1-91af3ba9f0c5" />
    <UnitTestResult executionId="dfe9df07-cbdf-41d4-bb64-01c5888824a4" testId="137a3de0-5389-0354-9257-83888fc326aa" testName="CodexBootstrap.Tests.Integration.ApiIntegrationTests.HealthEndpoint_ShouldReturnHealthyStatus" computerName="Seeker-Mac" duration="00:00:00.0105334" startTime="2025-09-22T13:42:07.9084760-06:00" endTime="2025-09-22T13:42:07.9084760-06:00" testType="13cdc9d9-ddb5-4fa4-a97d-d965ccfc6d4b" outcome="Passed" testListId="8c84fa94-04c1-424b-9868-57a2d4851a1d" relativeResultsDirectory="dfe9df07-cbdf-41d4-bb64-01c5888824a4" />
    <UnitTestResult executionId="a36e8581-033a-460b-afe5-9e57619c94af" testId="df8d72e5-e210-8677-f027-f8ba257cf478" testName="CodexBootstrap.Tests.Modules.UXPrimitivesModuleTests.SendInvite_WithValidData_CreatesSuccessfully" computerName="Seeker-Mac" duration="00:00:00.0036303" startTime="2025-09-22T13:41:47.1306450-06:00" endTime="2025-09-22T13:41:47.1306450-06:00" testType="13cdc9d9-ddb5-4fa4-a97d-d965ccfc6d4b" outcome="Passed" testListId="8c84fa94-04c1-424b-9868-57a2d4851a1d" relativeResultsDirectory="a36e8581-033a-460b-afe5-9e57619c94af" />
    <UnitTestResult executionId="cf458514-e533-4953-b9d7-86827a0d7ad4" testId="fb0dc501-3b66-e027-61aa-7077b3c509b2" testName="CodexBootstrap.Tests.ApiIntegrationTests.GoogleOAuthLogin_ShouldInitiateLoginFlow" computerName="Seeker-Mac" duration="00:00:00.0015052" startTime="2025-09-22T13:41:10.6655030-06:00" endTime="2025-09-22T13:41:10.6655030-06:00" testType="13cdc9d9-ddb5-4fa4-a97d-d965ccfc6d4b" outcome="Passed" testListId="8c84fa94-04c1-424b-9868-57a2d4851a1d" relativeResultsDirectory="cf458514-e533-4953-b9d7-86827a0d7ad4" />
    <UnitTestResult executionId="473c6b44-6c3a-4a50-bf4d-54dea76c338e" testId="9703efcc-6a13-36f7-cf46-5b1fef7db5be" testName="CodexBootstrap.Tests.Modules.ConceptModuleApiTests.CreateConceptLegacy_ShouldReturnSuccess_WhenValidRequest" computerName="Seeker-Mac" duration="00:00:00.0757497" startTime="2025-09-22T13:40:43.1940510-06:00" endTime="2025-09-22T13:40:43.1940630-06:00" testType="13cdc9d9-ddb5-4fa4-a97d-d965ccfc6d4b" outcome="Passed" testListId="8c84fa94-04c1-424b-9868-57a2d4851a1d" relativeResultsDirectory="473c6b44-6c3a-4a50-bf4d-54dea76c338e" />
    <UnitTestResult executionId="a1ba4a0e-2bf0-454a-ad38-b4587c648d99" testId="c353011d-9e94-c67d-e6eb-396de9239c5d" testName="CodexBootstrap.Tests.Core.LLMOrchestratorTests.ExecuteParallelAsync_WithMultipleOperations_ShouldExecuteAll" computerName="Seeker-Mac" duration="00:00:00.0001572" startTime="2025-09-22T13:41:37.5422600-06:00" endTime="2025-09-22T13:41:37.5422600-06:00" testType="13cdc9d9-ddb5-4fa4-a97d-d965ccfc6d4b" outcome="Passed" testListId="8c84fa94-04c1-424b-9868-57a2d4851a1d" relativeResultsDirectory="a1ba4a0e-2bf0-454a-ad38-b4587c648d99" />
    <UnitTestResult executionId="4590184b-beb1-4508-8fd0-be7e87837563" testId="b16e5439-5de2-497d-5713-ea1d44c4819a" testName="CodexBootstrap.Tests.Core.LLMOrchestratorTests.Constructor_ShouldInitializeCorrectly" computerName="Seeker-Mac" duration="00:00:00.0000308" startTime="2025-09-22T13:41:37.5424270-06:00" endTime="2025-09-22T13:41:37.5424270-06:00" testType="13cdc9d9-ddb5-4fa4-a97d-d965ccfc6d4b" outcome="Passed" testListId="8c84fa94-04c1-424b-9868-57a2d4851a1d" relativeResultsDirectory="4590184b-beb1-4508-8fd0-be7e87837563" />
    <UnitTestResult executionId="52f61514-1771-4cd5-8b0b-5f60e5fd329b" testId="49aabe26-596c-6a15-06b4-9dadc7c4733a" testName="CodexBootstrap.Tests.IdentityTests.CreateUser_ShouldCreateNewUser" computerName="Seeker-Mac" duration="00:00:00.0435088" startTime="2025-09-22T13:42:07.4396870-06:00" endTime="2025-09-22T13:42:07.4396870-06:00" testType="13cdc9d9-ddb5-4fa4-a97d-d965ccfc6d4b" outcome="Passed" testListId="8c84fa94-04c1-424b-9868-57a2d4851a1d" relativeResultsDirectory="52f61514-1771-4cd5-8b0b-5f60e5fd329b" />
    <UnitTestResult executionId="54617f5d-1365-4c86-aedd-1e8d3c5d1808" testId="779c2e27-af4c-ae6c-e16f-ac2d878c1918" testName="CodexBootstrap.Tests.Modules.FutureKnowledgeModuleTests.GetTrendingPatterns_WithImplementation_ReturnsSuccess" computerName="Seeker-Mac" duration="00:00:00.0021051" startTime="2025-09-22T13:40:58.1676210-06:00" endTime="2025-09-22T13:40:58.1676210-06:00" testType="13cdc9d9-ddb5-4fa4-a97d-d965ccfc6d4b" outcome="Passed" testListId="8c84fa94-04c1-424b-9868-57a2d4851a1d" relativeResultsDirectory="54617f5d-1365-4c86-aedd-1e8d3c5d1808" />
    <UnitTestResult executionId="258b82a5-18c5-42e3-b0e6-c694b0a343bf" testId="c4827e09-d08d-46ae-e11d-0d4589191c8f" testName="CodexBootstrap.Tests.ApiIntegrationTests.UserDiscovery_ShouldReturnUsers" computerName="Seeker-Mac" duration="00:00:00.0022990" startTime="2025-09-22T13:41:10.6618940-06:00" endTime="2025-09-22T13:41:10.6618940-06:00" testType="13cdc9d9-ddb5-4fa4-a97d-d965ccfc6d4b" outcome="Passed" testListId="8c84fa94-04c1-424b-9868-57a2d4851a1d" relativeResultsDirectory="258b82a5-18c5-42e3-b0e6-c694b0a343bf" />
    <UnitTestResult executionId="6bbb77e9-531b-4d9d-9b57-8da862246e8d" testId="446aeed3-732f-6fdf-1198-73e2ccb90cd0" testName="CodexBootstrap.Tests.Modules.FileSystemModuleTests.GetFileContent_WithValidNode_ReturnsFileContent" computerName="Seeker-Mac" duration="00:00:00.0177349" startTime="2025-09-22T13:42:20.6611670-06:00" endTime="2025-09-22T13:42:20.6611670-06:00" testType="13cdc9d9-ddb5-4fa4-a97d-d965ccfc6d4b" outcome="Passed" testListId="8c84fa94-04c1-424b-9868-57a2d4851a1d" relativeResultsDirectory="6bbb77e9-531b-4d9d-9b57-8da862246e8d" />
    <UnitTestResult executionId="bee16a51-9746-4edd-90eb-ef8c25f547e3" testId="c1c3c15c-2fd4-f407-447a-9b6a9260e785" testName="CodexBootstrap.Tests.Modules.FileSystemModuleTests.GetFileSystemStats_WithFiles_ReturnsStatistics" computerName="Seeker-Mac" duration="00:00:00.0288114" startTime="2025-09-22T13:42:20.5313810-06:00" endTime="2025-09-22T13:42:20.5313810-06:00" testType="13cdc9d9-ddb5-4fa4-a97d-d965ccfc6d4b" outcome="Passed" testListId="8c84fa94-04c1-424b-9868-57a2d4851a1d" relativeResultsDirectory="bee16a51-9746-4edd-90eb-ef8c25f547e3" />
    <UnitTestResult executionId="746209e4-1f7e-44d3-8eba-3bfd8e65a503" testId="4d5b8656-5c24-f46d-b781-bdd5173b1d4a" testName="CodexBootstrap.Tests.PortConfigurationTests.Swagger_ShouldBeAvailableOnPort" computerName="Seeker-Mac" duration="00:00:00.0016605" startTime="2025-09-22T13:42:07.8931240-06:00" endTime="2025-09-22T13:42:07.8931240-06:00" testType="13cdc9d9-ddb5-4fa4-a97d-d965ccfc6d4b" outcome="Passed" testListId="8c84fa94-04c1-424b-9868-57a2d4851a1d" relativeResultsDirectory="746209e4-1f7e-44d3-8eba-3bfd8e65a503" />
    <UnitTestResult executionId="f13faf48-1f0b-4df6-a2c8-390e9d22349a" testId="904747e7-ff5e-8218-74d7-bb12f2b82a35" testName="CodexBootstrap.Tests.Modules.AIModuleTests.Constructor_ShouldInitializeCorrectly" computerName="Seeker-Mac" duration="00:00:00.0002035" startTime="2025-09-22T13:41:37.5548950-06:00" endTime="2025-09-22T13:41:37.5548950-06:00" testType="13cdc9d9-ddb5-4fa4-a97d-d965ccfc6d4b" outcome="Passed" testListId="8c84fa94-04c1-424b-9868-57a2d4851a1d" relativeResultsDirectory="f13faf48-1f0b-4df6-a2c8-390e9d22349a" />
    <UnitTestResult executionId="34839847-e0b1-4c5e-9827-a895f6b03469" testId="82972118-4ab6-5c8e-198a-344b25ea05c2" testName="CodexBootstrap.Tests.Modules.FileSystemModuleTests.InitializeFileSystemNodes_WithValidProject_CreatesFileNodes" computerName="Seeker-Mac" duration="00:00:00.0164073" startTime="2025-09-22T13:42:20.6777420-06:00" endTime="2025-09-22T13:42:20.6777420-06:00" testType="13cdc9d9-ddb5-4fa4-a97d-d965ccfc6d4b" outcome="Passed" testListId="8c84fa94-04c1-424b-9868-57a2d4851a1d" relativeResultsDirectory="34839847-e0b1-4c5e-9827-a895f6b03469" />
    <UnitTestResult executionId="78a42450-02d2-4cb1-a5ea-d517077c4653" testId="43e2b03c-a2af-ef3b-ea65-35587a7a8502" testName="CodexBootstrap.Tests.Modules.NoMockDataRegressionTests.UserDiscovery_WithoutGeocoding_ShouldFailNotFallback" computerName="Seeker-Mac" duration="00:00:00.0013028" startTime="2025-09-22T13:41:54.5606850-06:00" endTime="2025-09-22T13:41:54.5606850-06:00" testType="13cdc9d9-ddb5-4fa4-a97d-d965ccfc6d4b" outcome="Passed" testListId="8c84fa94-04c1-424b-9868-57a2d4851a1d" relativeResultsDirectory="78a42450-02d2-4cb1-a5ea-d517077c4653" />
    <UnitTestResult executionId="31d9d2bc-e3fa-4974-9804-8aecd79b5f9a" testId="c901140a-8e9f-da3b-f7f8-502ef77600a4" testName="CodexBootstrap.Tests.Modules.IdentityModuleApiTests.GetIdentityProviders_ShouldRespondWithinAcceptableTime" computerName="Seeker-Mac" duration="00:00:00.0073145" startTime="2025-09-22T13:42:15.2843880-06:00" endTime="2025-09-22T13:42:15.2843880-06:00" testType="13cdc9d9-ddb5-4fa4-a97d-d965ccfc6d4b" outcome="Passed" testListId="8c84fa94-04c1-424b-9868-57a2d4851a1d" relativeResultsDirectory="31d9d2bc-e3fa-4974-9804-8aecd79b5f9a" />
    <UnitTestResult executionId="203e755a-528e-4b65-91bf-0cc45d6e2976" testId="30c37470-8d6f-a7b2-7507-7a508b6368f0" testName="CodexBootstrap.Tests.Core.NodePersistenceTests.StressTest_ManyNodesAndEdges_ShouldMaintainPerformance" computerName="Seeker-Mac" duration="00:00:00.5176118" startTime="2025-09-22T13:42:00.9669590-06:00" endTime="2025-09-22T13:42:00.9669590-06:00" testType="13cdc9d9-ddb5-4fa4-a97d-d965ccfc6d4b" outcome="Passed" testListId="8c84fa94-04c1-424b-9868-57a2d4851a1d" relativeResultsDirectory="203e755a-528e-4b65-91bf-0cc45d6e2976" />
    <UnitTestResult executionId="3d3c63b7-a2b2-4109-b287-4a1263135197" testId="9a702a54-932a-77ac-8e6e-5b1318f49c63" testName="CodexBootstrap.Tests.ComprehensiveEndpointDiscovery.DiscoverAllEndpoints_ShouldFindAvailableEndpoints" computerName="Seeker-Mac" duration="00:00:00.0313784" startTime="2025-09-22T13:42:07.0509550-06:00" endTime="2025-09-22T13:42:07.0509550-06:00" testType="13cdc9d9-ddb5-4fa4-a97d-d965ccfc6d4b" outcome="Passed" testListId="8c84fa94-04c1-424b-9868-57a2d4851a1d" relativeResultsDirectory="3d3c63b7-a2b2-4109-b287-4a1263135197" />
    <UnitTestResult executionId="81f384d2-3fc9-42bf-b07a-178a4e6df4ff" testId="c18159c8-c488-c465-11b5-e4f60944ebea" testName="CodexBootstrap.Tests.Core.LLMOrchestratorTests.ExecuteAsync_WithException_ShouldReturnError" computerName="Seeker-Mac" duration="00:00:00.0001319" startTime="2025-09-22T13:41:37.5420890-06:00" endTime="2025-09-22T13:41:37.5420890-06:00" testType="13cdc9d9-ddb5-4fa4-a97d-d965ccfc6d4b" outcome="Passed" testListId="8c84fa94-04c1-424b-9868-57a2d4851a1d" relativeResultsDirectory="81f384d2-3fc9-42bf-b07a-178a4e6df4ff" />
    <UnitTestResult executionId="1ad74eec-5678-460a-8610-7dbbb60a6db3" testId="69414ab0-4cf7-f312-3c05-6a9aa0f642b2" testName="CodexBootstrap.Tests.Modules.FileSystemModuleTests.ModuleProperties_ShouldBeCorrect" computerName="Seeker-Mac" duration="00:00:00.0144939" startTime="2025-09-22T13:42:20.5459540-06:00" endTime="2025-09-22T13:42:20.5459540-06:00" testType="13cdc9d9-ddb5-4fa4-a97d-d965ccfc6d4b" outcome="Passed" testListId="8c84fa94-04c1-424b-9868-57a2d4851a1d" relativeResultsDirectory="1ad74eec-5678-460a-8610-7dbbb60a6db3" />
    <UnitTestResult executionId="8ea7c891-4bb3-42c1-af58-291798e3acc5" testId="5fd7373e-836c-fd3b-1266-60a16d14daf5" testName="CodexBootstrap.Tests.Modules.EnergyModuleApiTests.GetContributorEnergy_ShouldReturnBadRequest_WhenUserIdInvalid_WhenImplemented" computerName="Seeker-Mac" duration="00:00:00.0011980" startTime="2025-09-22T13:41:39.7708300-06:00" endTime="2025-09-22T13:41:39.7708300-06:00" testType="13cdc9d9-ddb5-4fa4-a97d-d965ccfc6d4b" outcome="Passed" testListId="8c84fa94-04c1-424b-9868-57a2d4851a1d" relativeResultsDirectory="8ea7c891-4bb3-42c1-af58-291798e3acc5" />
    <UnitTestResult executionId="ba93a5ac-dd35-4716-9592-9710102633d2" testId="6d4dda94-e519-5838-44e2-8dc3d94e25ab" testName="CodexBootstrap.Tests.ApiIntegrationTests.Swagger_ShouldBeAvailable" computerName="Seeker-Mac" duration="00:00:00.0017578" startTime="2025-09-22T13:41:10.6638290-06:00" endTime="2025-09-22T13:41:10.6638290-06:00" testType="13cdc9d9-ddb5-4fa4-a97d-d965ccfc6d4b" outcome="Passed" testListId="8c84fa94-04c1-424b-9868-57a2d4851a1d" relativeResultsDirectory="ba93a5ac-dd35-4716-9592-9710102633d2" />
    <UnitTestResult executionId="7efa498f-9a1e-42d8-9282-07b30b93440b" testId="c1296972-c12d-1979-50fb-ef6e48530532" testName="CodexBootstrap.Tests.Core.LLMOrchestratorTests.ExecuteAsync_WithUnavailableService_ShouldReturnFallback" computerName="Seeker-Mac" duration="00:00:00.0002043" startTime="2025-09-22T13:41:37.5417530-06:00" endTime="2025-09-22T13:41:37.5417530-06:00" testType="13cdc9d9-ddb5-4fa4-a97d-d965ccfc6d4b" outcome="Passed" testListId="8c84fa94-04c1-424b-9868-57a2d4851a1d" relativeResultsDirectory="7efa498f-9a1e-42d8-9282-07b30b93440b" />
    <UnitTestResult executionId="61069ec0-5648-46e8-af78-afc6914b83a9" testId="f90d32c6-f44e-af0c-3d05-d5d63d72fbed" testName="CodexBootstrap.Tests.Core.NodePersistenceTests.DataIntegrity_NodeUpdates_ShouldPreserveHistory" computerName="Seeker-Mac" duration="00:00:00.2124984" startTime="2025-09-22T13:42:01.9136480-06:00" endTime="2025-09-22T13:42:01.9136480-06:00" testType="13cdc9d9-ddb5-4fa4-a97d-d965ccfc6d4b" outcome="Passed" testListId="8c84fa94-04c1-424b-9868-57a2d4851a1d" relativeResultsDirectory="61069ec0-5648-46e8-af78-afc6914b83a9" />
    <UnitTestResult executionId="8ffb04a6-9de9-4531-b73d-05474460dc97" testId="5c474062-002c-63b6-812f-52223136dd77" testName="CodexBootstrap.Tests.Modules.NewsModuleApiTests.MarkNewsAsRead_ShouldReturnSuccess_WhenCalled" computerName="Seeker-Mac" duration="00:00:00.0043161" startTime="2025-09-22T13:40:50.6776410-06:00" endTime="2025-09-22T13:40:50.6776410-06:00" testType="13cdc9d9-ddb5-4fa4-a97d-d965ccfc6d4b" outcome="Passed" testListId="8c84fa94-04c1-424b-9868-57a2d4851a1d" relativeResultsDirectory="8ffb04a6-9de9-4531-b73d-05474460dc97" />
    <UnitTestResult executionId="5147430e-cf17-4fcf-aa3c-a86a43936d87" testId="f0c4e84a-6a98-a7e5-d083-79a02acb860c" testName="CodexBootstrap.Tests.Core.StateTransitionTests.NodeStateTransition_FromWaterToIce_ShouldMigrateEdgesToIce" computerName="Seeker-Mac" duration="00:00:00.3107699" startTime="2025-09-22T13:42:22.0197960-06:00" endTime="2025-09-22T13:42:22.0197960-06:00" testType="13cdc9d9-ddb5-4fa4-a97d-d965ccfc6d4b" outcome="Passed" testListId="8c84fa94-04c1-424b-9868-57a2d4851a1d" relativeResultsDirectory="5147430e-cf17-4fcf-aa3c-a86a43936d87" />
    <UnitTestResult executionId="f10c213b-7099-4d3d-ba2d-2b0799ffa54c" testId="0864368a-5d20-d499-562d-dea9741e52aa" testName="CodexBootstrap.Tests.Integration.ApiIntegrationTests.ModulesEndpoint_ShouldReturnModuleList" computerName="Seeker-Mac" duration="00:00:00.0027962" startTime="2025-09-22T13:42:07.8962600-06:00" endTime="2025-09-22T13:42:07.8962600-06:00" testType="13cdc9d9-ddb5-4fa4-a97d-d965ccfc6d4b" outcome="Passed" testListId="8c84fa94-04c1-424b-9868-57a2d4851a1d" relativeResultsDirectory="f10c213b-7099-4d3d-ba2d-2b0799ffa54c" />
    <UnitTestResult executionId="8d5b95ae-7088-4ce8-8dbe-c81850aea1c9" testId="80dd12df-b2d2-e332-3474-ef692b090e79" testName="CodexBootstrap.Tests.Core.StateTransitionTests.Edge_BetweenTwoWaterNodes_ShouldPersistInWaterStorage" computerName="Seeker-Mac" duration="00:00:00.2103909" startTime="2025-09-22T13:42:22.5459700-06:00" endTime="2025-09-22T13:42:22.5459700-06:00" testType="13cdc9d9-ddb5-4fa4-a97d-d965ccfc6d4b" outcome="Passed" testListId="8c84fa94-04c1-424b-9868-57a2d4851a1d" relativeResultsDirectory="8d5b95ae-7088-4ce8-8dbe-c81850aea1c9" />
    <UnitTestResult executionId="fed4226b-b5d2-4f40-8a85-bc98294320b0" testId="af1e193b-6914-4dd6-b3ed-2ac18e2a1b23" testName="CodexBootstrap.Tests.Modules.ConceptModuleApiTests.UpdateConcept_ShouldReturnSuccess_WhenConceptExists" computerName="Seeker-Mac" duration="00:00:00.0042804" startTime="2025-09-22T13:40:43.2280180-06:00" endTime="2025-09-22T13:40:43.2280180-06:00" testType="13cdc9d9-ddb5-4fa4-a97d-d965ccfc6d4b" outcome="Passed" testListId="8c84fa94-04c1-424b-9868-57a2d4851a1d" relativeResultsDirectory="fed4226b-b5d2-4f40-8a85-bc98294320b0" />
    <UnitTestResult executionId="c055d50a-eca1-4c45-bd08-b782ee72adab" testId="079febbc-fefa-997d-a518-2bb9b896a10f" testName="CodexBootstrap.Tests.ApiEndpointTests.Modules_ShouldReturnModuleList" computerName="Seeker-Mac" duration="00:00:00.0054830" startTime="2025-09-22T13:42:07.0174080-06:00" endTime="2025-09-22T13:42:07.0174080-06:00" testType="13cdc9d9-ddb5-4fa4-a97d-d965ccfc6d4b" outcome="Passed" testListId="8c84fa94-04c1-424b-9868-57a2d4851a1d" relativeResultsDirectory="c055d50a-eca1-4c45-bd08-b782ee72adab" />
    <UnitTestResult executionId="36bb320b-3e6d-4f43-bf31-e1518ad26100" testId="3ee13cb4-0958-6775-b9ba-c8af5a50fd57" testName="CodexBootstrap.Tests.IdentityTests.AuthenticateUser_ShouldAuthenticateValidUser" computerName="Seeker-Mac" duration="00:00:00.0385592" startTime="2025-09-22T13:42:07.4783980-06:00" endTime="2025-09-22T13:42:07.4783980-06:00" testType="13cdc9d9-ddb5-4fa4-a97d-d965ccfc6d4b" outcome="Passed" testListId="8c84fa94-04c1-424b-9868-57a2d4851a1d" relativeResultsDirectory="36bb320b-3e6d-4f43-bf31-e1518ad26100" />
    <UnitTestResult executionId="aea50662-6b42-4271-b2e3-898cd2a265a4" testId="19691bde-a850-be64-1937-e776a14dda46" testName="CodexBootstrap.Tests.Modules.NodeEdgeModuleApiTests.GetEdge_ShouldReturnNotFound_WhenNotImplemented" computerName="Seeker-Mac" duration="00:00:00.0018438" startTime="2025-09-22T13:41:32.1700280-06:00" endTime="2025-09-22T13:41:32.1700280-06:00" testType="13cdc9d9-ddb5-4fa4-a97d-d965ccfc6d4b" outcome="Passed" testListId="8c84fa94-04c1-424b-9868-57a2d4851a1d" relativeResultsDirectory="aea50662-6b42-4271-b2e3-898cd2a265a4" />
    <UnitTestResult executionId="11d1ba50-d4d5-43c9-9da1-fe1c9059d2d3" testId="92cb8fbf-5503-f34b-b811-ac131e120972" testName="CodexBootstrap.Tests.Core.NodeRegistryUserRepositoryTests.GetByEmailAsync_ShouldMatchRegardlessOfCase" computerName="Seeker-Mac" duration="00:00:00.1174855" startTime="2025-09-22T13:41:37.4724830-06:00" endTime="2025-09-22T13:41:37.4724830-06:00" testType="13cdc9d9-ddb5-4fa4-a97d-d965ccfc6d4b" outcome="Passed" testListId="8c84fa94-04c1-424b-9868-57a2d4851a1d" relativeResultsDirectory="11d1ba50-d4d5-43c9-9da1-fe1c9059d2d3" />
    <UnitTestResult executionId="94aecf3e-5efc-4796-ad91-ba68a343647d" testId="2577ff6c-ab5b-df66-2d86-248c489cf166" testName="CodexBootstrap.Tests.Modules.EnergyModuleApiTests.RecordContribution_ShouldReturnSuccess_WhenImplemented" computerName="Seeker-Mac" duration="00:00:00.0272105" startTime="2025-09-22T13:41:39.8050060-06:00" endTime="2025-09-22T13:41:39.8050070-06:00" testType="13cdc9d9-ddb5-4fa4-a97d-d965ccfc6d4b" outcome="Passed" testListId="8c84fa94-04c1-424b-9868-57a2d4851a1d" relativeResultsDirectory="94aecf3e-5efc-4796-ad91-ba68a343647d" />
    <UnitTestResult executionId="905bf5f3-b4b5-4ed8-82ee-ddfd714e8955" testId="e816d20a-430f-2d97-9262-77eb57c11839" testName="CodexBootstrap.Tests.Modules.CoreModuleTests.Register_ShouldRegisterModuleWithRegistry" computerName="Seeker-Mac" duration="00:00:00.0637358" startTime="2025-09-22T13:40:55.9581430-06:00" endTime="2025-09-22T13:40:55.9581430-06:00" testType="13cdc9d9-ddb5-4fa4-a97d-d965ccfc6d4b" outcome="Passed" testListId="8c84fa94-04c1-424b-9868-57a2d4851a1d" relativeResultsDirectory="905bf5f3-b4b5-4ed8-82ee-ddfd714e8955" />
    <UnitTestResult executionId="47c169d5-4b6d-4802-b40c-e104e89f0c2a" testId="e2097409-445a-3cd5-ae6e-0205fed90d91" testName="CodexBootstrap.Tests.Modules.NodeEdgeModuleApiTests.GetNode_ShouldReturnNotFound_WhenNodeDoesNotExist" computerName="Seeker-Mac" duration="00:00:00.0132070" startTime="2025-09-22T13:41:32.1404230-06:00" endTime="2025-09-22T13:41:32.1404230-06:00" testType="13cdc9d9-ddb5-4fa4-a97d-d965ccfc6d4b" outcome="Passed" testListId="8c84fa94-04c1-424b-9868-57a2d4851a1d" relativeResultsDirectory="47c169d5-4b6d-4802-b40c-e104e89f0c2a" />
    <UnitTestResult executionId="1765b537-10ea-4b11-b09f-38233fa4e6fd" testId="9dede88d-6de7-87ff-4549-77cfb8e6068f" testName="CodexBootstrap.Tests.Core.NodePersistenceTests.NodeStateTransition_Gas_ShouldNotPersist" computerName="Seeker-Mac" duration="00:00:00.1094851" startTime="2025-09-22T13:42:04.7846990-06:00" endTime="2025-09-22T13:42:04.7846990-06:00" testType="13cdc9d9-ddb5-4fa4-a97d-d965ccfc6d4b" outcome="Passed" testListId="8c84fa94-04c1-424b-9868-57a2d4851a1d" relativeResultsDirectory="1765b537-10ea-4b11-b09f-38233fa4e6fd" />
    <UnitTestResult executionId="56609a38-a06e-497d-b3e3-e87af102f772" testId="419a8404-3052-a939-642f-9bc8d54507ed" testName="CodexBootstrap.Tests.Modules.EnergyModuleApiTests.GetCollectiveEnergy_ShouldRespondWithinAcceptableTime_WhenImplemented" computerName="Seeker-Mac" duration="00:00:00.0018534" startTime="2025-09-22T13:41:39.7626620-06:00" endTime="2025-09-22T13:41:39.7626620-06:00" testType="13cdc9d9-ddb5-4fa4-a97d-d965ccfc6d4b" outcome="Passed" testListId="8c84fa94-04c1-424b-9868-57a2d4851a1d" relativeResultsDirectory="56609a38-a06e-497d-b3e3-e87af102f772" />
  </Results>
  <TestDefinitions>
    <UnitTest name="CodexBootstrap.Tests.Modules.NewsModuleApiTests.GetRelatedNews_ShouldReturnNotFound_WhenNewsItemNotFound" storage="/users/ursmuff/source/living-codex-csharp/src/codexbootstrap.tests/bin/debug/net6.0/codexbootstrap.tests.dll" id="0500d70f-e850-de9a-7eba-8164c3b2fd99">
      <Execution id="5ca9beab-14d5-4f34-baf5-505c986ecfd5" />
      <TestMethod codeBase="/Users/ursmuff/source/Living-Codex-CSharp/src/CodexBootstrap.Tests/bin/Debug/net6.0/CodexBootstrap.Tests.dll" adapterTypeName="executor://xunit/VsTestRunner2/netcoreapp" className="CodexBootstrap.Tests.Modules.NewsModuleApiTests" name="GetRelatedNews_ShouldReturnNotFound_WhenNewsItemNotFound" />
    </UnitTest>
    <UnitTest name="CodexBootstrap.Tests.Core.NodeRegistryTests.Upsert_NodeStateTransitionUpdatesMemoryAndPersistence" storage="/users/ursmuff/source/living-codex-csharp/src/codexbootstrap.tests/bin/debug/net6.0/codexbootstrap.tests.dll" id="d42ce1cc-fe07-766d-01d9-4d3235eb06da">
      <Execution id="db4b820e-61c1-4d11-8a85-2352e3fb4752" />
      <TestMethod codeBase="/Users/ursmuff/source/Living-Codex-CSharp/src/CodexBootstrap.Tests/bin/Debug/net6.0/CodexBootstrap.Tests.dll" adapterTypeName="executor://xunit/VsTestRunner2/netcoreapp" className="CodexBootstrap.Tests.Core.NodeRegistryTests" name="Upsert_NodeStateTransitionUpdatesMemoryAndPersistence" />
    </UnitTest>
    <UnitTest name="CodexBootstrap.Tests.ApiIntegrationTests.HealthEndpoint_ShouldReturnHealthyStatus" storage="/users/ursmuff/source/living-codex-csharp/src/codexbootstrap.tests/bin/debug/net6.0/codexbootstrap.tests.dll" id="3bd72a3e-a2cb-9292-a956-91e21e17c8b0">
      <Execution id="3ec2a86f-4f43-40b8-ae02-f912d30a9e5e" />
      <TestMethod codeBase="/Users/ursmuff/source/Living-Codex-CSharp/src/CodexBootstrap.Tests/bin/Debug/net6.0/CodexBootstrap.Tests.dll" adapterTypeName="executor://xunit/VsTestRunner2/netcoreapp" className="CodexBootstrap.Tests.ApiIntegrationTests" name="HealthEndpoint_ShouldReturnHealthyStatus" />
    </UnitTest>
    <UnitTest name="CodexBootstrap.Tests.Modules.FutureKnowledgeModuleTests.Module_Description_NoLongerMentionsSimulation" storage="/users/ursmuff/source/living-codex-csharp/src/codexbootstrap.tests/bin/debug/net6.0/codexbootstrap.tests.dll" id="68b579ad-d101-7563-7644-8b094cbff9dc">
      <Execution id="007b6728-dc52-48d2-9ad1-c92b90a06de5" />
      <TestMethod codeBase="/Users/ursmuff/source/Living-Codex-CSharp/src/CodexBootstrap.Tests/bin/Debug/net6.0/CodexBootstrap.Tests.dll" adapterTypeName="executor://xunit/VsTestRunner2/netcoreapp" className="CodexBootstrap.Tests.Modules.FutureKnowledgeModuleTests" name="Module_Description_NoLongerMentionsSimulation" />
    </UnitTest>
    <UnitTest name="CodexBootstrap.Tests.NewsSourceTests.NewsSourceValidation_Should_CheckRandomSources" storage="/users/ursmuff/source/living-codex-csharp/src/codexbootstrap.tests/bin/debug/net6.0/codexbootstrap.tests.dll" id="e776ed9f-d0af-671b-5393-2bbcffd08132">
      <Execution id="4e985fe9-87b6-49a8-b36f-85b7dc2caf01" />
      <TestMethod codeBase="/Users/ursmuff/source/Living-Codex-CSharp/src/CodexBootstrap.Tests/bin/Debug/net6.0/CodexBootstrap.Tests.dll" adapterTypeName="executor://xunit/VsTestRunner2/netcoreapp" className="CodexBootstrap.Tests.NewsSourceTests" name="NewsSourceValidation_Should_CheckRandomSources" />
    </UnitTest>
    <UnitTest name="CodexBootstrap.Tests.Core.NodeRegistryTests.UpsertNode_WithDuplicateId_ShouldOverwrite" storage="/users/ursmuff/source/living-codex-csharp/src/codexbootstrap.tests/bin/debug/net6.0/codexbootstrap.tests.dll" id="5f30b836-0b78-553e-28a0-931140309955">
      <Execution id="bd80d40a-d693-47f8-b832-cd8fd5d19087" />
      <TestMethod codeBase="/Users/ursmuff/source/Living-Codex-CSharp/src/CodexBootstrap.Tests/bin/Debug/net6.0/CodexBootstrap.Tests.dll" adapterTypeName="executor://xunit/VsTestRunner2/netcoreapp" className="CodexBootstrap.Tests.Core.NodeRegistryTests" name="UpsertNode_WithDuplicateId_ShouldOverwrite" />
    </UnitTest>
    <UnitTest name="CodexBootstrap.Tests.Modules.NewsModuleApiTests.GetTrendingTopics_ShouldReturnTopicsList" storage="/users/ursmuff/source/living-codex-csharp/src/codexbootstrap.tests/bin/debug/net6.0/codexbootstrap.tests.dll" id="0f0b59f9-3161-1d3d-fc85-4e0ab616dec1">
      <Execution id="6010f30e-eff9-4fc4-9d6e-ac6149d658c8" />
      <TestMethod codeBase="/Users/ursmuff/source/Living-Codex-CSharp/src/CodexBootstrap.Tests/bin/Debug/net6.0/CodexBootstrap.Tests.dll" adapterTypeName="executor://xunit/VsTestRunner2/netcoreapp" className="CodexBootstrap.Tests.Modules.NewsModuleApiTests" name="GetTrendingTopics_ShouldReturnTopicsList" />
    </UnitTest>
    <UnitTest name="CodexBootstrap.Tests.Modules.NoMockDataRegressionTests.VisualValidation_WithoutAI_ShouldFailNotFallback" storage="/users/ursmuff/source/living-codex-csharp/src/codexbootstrap.tests/bin/debug/net6.0/codexbootstrap.tests.dll" id="210bbbd2-7277-0493-b4fc-59a018f08cc3">
      <Execution id="326621e1-9ed6-415e-8add-1ea92f72822b" />
      <TestMethod codeBase="/Users/ursmuff/source/Living-Codex-CSharp/src/CodexBootstrap.Tests/bin/Debug/net6.0/CodexBootstrap.Tests.dll" adapterTypeName="executor://xunit/VsTestRunner2/netcoreapp" className="CodexBootstrap.Tests.Modules.NoMockDataRegressionTests" name="VisualValidation_WithoutAI_ShouldFailNotFallback" />
    </UnitTest>
    <UnitTest name="CodexBootstrap.Tests.HealthTests.HealthCheck_ShouldIncludeSystemMetrics" storage="/users/ursmuff/source/living-codex-csharp/src/codexbootstrap.tests/bin/debug/net6.0/codexbootstrap.tests.dll" id="494a6f72-6254-5a6e-4577-c52cd4a0c3cd">
      <Execution id="66258d2a-27cb-48c5-a155-3c0233bae046" />
      <TestMethod codeBase="/Users/ursmuff/source/Living-Codex-CSharp/src/CodexBootstrap.Tests/bin/Debug/net6.0/CodexBootstrap.Tests.dll" adapterTypeName="executor://xunit/VsTestRunner2/netcoreapp" className="CodexBootstrap.Tests.HealthTests" name="HealthCheck_ShouldIncludeSystemMetrics" />
    </UnitTest>
    <UnitTest name="CodexBootstrap.Tests.Core.NodePersistenceTests.NodeStateTransition_WaterToGas_ShouldRemoveFromStorage" storage="/users/ursmuff/source/living-codex-csharp/src/codexbootstrap.tests/bin/debug/net6.0/codexbootstrap.tests.dll" id="4d3ca544-276f-5d6d-1805-2b375093f8dc">
      <Execution id="13f86b0d-2425-4c97-8dcf-70ecc81f1a4a" />
      <TestMethod codeBase="/Users/ursmuff/source/Living-Codex-CSharp/src/CodexBootstrap.Tests/bin/Debug/net6.0/CodexBootstrap.Tests.dll" adapterTypeName="executor://xunit/VsTestRunner2/netcoreapp" className="CodexBootstrap.Tests.Core.NodePersistenceTests" name="NodeStateTransition_WaterToGas_ShouldRemoveFromStorage" />
    </UnitTest>
    <UnitTest name="CodexBootstrap.Tests.Modules.ThreadsModuleTests.GetThread_WithNonExistentId_ReturnsError" storage="/users/ursmuff/source/living-codex-csharp/src/codexbootstrap.tests/bin/debug/net6.0/codexbootstrap.tests.dll" id="999fb951-b7b5-6631-599e-31a6be246d87">
      <Execution id="6a6041ec-394c-4737-80e4-fb91b3e34c92" />
      <TestMethod codeBase="/Users/ursmuff/source/Living-Codex-CSharp/src/CodexBootstrap.Tests/bin/Debug/net6.0/CodexBootstrap.Tests.dll" adapterTypeName="executor://xunit/VsTestRunner2/netcoreapp" className="CodexBootstrap.Tests.Modules.ThreadsModuleTests" name="GetThread_WithNonExistentId_ReturnsError" />
    </UnitTest>
    <UnitTest name="CodexBootstrap.Tests.Modules.NewsModuleApiTests.GetTrendingTopics_ShouldHandleInvalidParameters" storage="/users/ursmuff/source/living-codex-csharp/src/codexbootstrap.tests/bin/debug/net6.0/codexbootstrap.tests.dll" id="aceb456b-29fd-0aae-6a6f-60147dd6581b">
      <Execution id="156a435f-fbbd-4fa5-84e0-65c6477d3c1c" />
      <TestMethod codeBase="/Users/ursmuff/source/Living-Codex-CSharp/src/CodexBootstrap.Tests/bin/Debug/net6.0/CodexBootstrap.Tests.dll" adapterTypeName="executor://xunit/VsTestRunner2/netcoreapp" className="CodexBootstrap.Tests.Modules.NewsModuleApiTests" name="GetTrendingTopics_ShouldHandleInvalidParameters" />
    </UnitTest>
    <UnitTest name="CodexBootstrap.Tests.IdentityTests.MockIdentityProvider_ShouldGetIdentityProviders" storage="/users/ursmuff/source/living-codex-csharp/src/codexbootstrap.tests/bin/debug/net6.0/codexbootstrap.tests.dll" id="9674b376-d6ac-4703-6bfc-2eb31e6b6cc1">
      <Execution id="da045cc7-7684-41ce-bdc8-02f1cbd33f57" />
      <TestMethod codeBase="/Users/ursmuff/source/Living-Codex-CSharp/src/CodexBootstrap.Tests/bin/Debug/net6.0/CodexBootstrap.Tests.dll" adapterTypeName="executor://xunit/VsTestRunner2/netcoreapp" className="CodexBootstrap.Tests.IdentityTests" name="MockIdentityProvider_ShouldGetIdentityProviders" />
    </UnitTest>
    <UnitTest name="CodexBootstrap.Tests.Core.NodeRegistryTests.InitializeAsync_HydratesNodesFromPersistentStorage" storage="/users/ursmuff/source/living-codex-csharp/src/codexbootstrap.tests/bin/debug/net6.0/codexbootstrap.tests.dll" id="0bbc52b8-9211-5e92-e7eb-f98e00a8add3">
      <Execution id="0a2e1822-493d-433c-8435-53ffd4bd25d1" />
      <TestMethod codeBase="/Users/ursmuff/source/Living-Codex-CSharp/src/CodexBootstrap.Tests/bin/Debug/net6.0/CodexBootstrap.Tests.dll" adapterTypeName="executor://xunit/VsTestRunner2/netcoreapp" className="CodexBootstrap.Tests.Core.NodeRegistryTests" name="InitializeAsync_HydratesNodesFromPersistentStorage" />
    </UnitTest>
    <UnitTest name="CodexBootstrap.Tests.Modules.AIModuleTests.RegisterHttpEndpoints_ShouldNotThrow" storage="/users/ursmuff/source/living-codex-csharp/src/codexbootstrap.tests/bin/debug/net6.0/codexbootstrap.tests.dll" id="65b80104-e391-765d-11f2-1a66e8fb8050">
      <Execution id="8e4c5dcd-ba5b-4528-aa43-c004ff137163" />
      <TestMethod codeBase="/Users/ursmuff/source/Living-Codex-CSharp/src/CodexBootstrap.Tests/bin/Debug/net6.0/CodexBootstrap.Tests.dll" adapterTypeName="executor://xunit/VsTestRunner2/netcoreapp" className="CodexBootstrap.Tests.Modules.AIModuleTests" name="RegisterHttpEndpoints_ShouldNotThrow" />
    </UnitTest>
    <UnitTest name="CodexBootstrap.Tests.ComprehensiveEndpointDiscovery.ModulesEndpoint_ShouldReturnStructuredData" storage="/users/ursmuff/source/living-codex-csharp/src/codexbootstrap.tests/bin/debug/net6.0/codexbootstrap.tests.dll" id="d54e53b6-4b26-6bd1-09f9-f73b753baeb3">
      <Execution id="1ea77c2e-a091-4678-9144-a820a2191e35" />
      <TestMethod codeBase="/Users/ursmuff/source/Living-Codex-CSharp/src/CodexBootstrap.Tests/bin/Debug/net6.0/CodexBootstrap.Tests.dll" adapterTypeName="executor://xunit/VsTestRunner2/netcoreapp" className="CodexBootstrap.Tests.ComprehensiveEndpointDiscovery" name="ModulesEndpoint_ShouldReturnStructuredData" />
    </UnitTest>
    <UnitTest name="CodexBootstrap.Tests.Core.NodeRegistryTests.EdgeState_ShouldFollowNodePhaseTransitions" storage="/users/ursmuff/source/living-codex-csharp/src/codexbootstrap.tests/bin/debug/net6.0/codexbootstrap.tests.dll" id="a1a3cd79-a8ef-2dca-2a37-88922f31b2df">
      <Execution id="0a1622a5-e1ce-4691-aafc-e096af0f61dd" />
      <TestMethod codeBase="/Users/ursmuff/source/Living-Codex-CSharp/src/CodexBootstrap.Tests/bin/Debug/net6.0/CodexBootstrap.Tests.dll" adapterTypeName="executor://xunit/VsTestRunner2/netcoreapp" className="CodexBootstrap.Tests.Core.NodeRegistryTests" name="EdgeState_ShouldFollowNodePhaseTransitions" />
    </UnitTest>
    <UnitTest name="CodexBootstrap.Tests.Core.NodePersistenceTests.EdgePersistence_WaterToWater_ShouldPersistInWaterStorage" storage="/users/ursmuff/source/living-codex-csharp/src/codexbootstrap.tests/bin/debug/net6.0/codexbootstrap.tests.dll" id="aea25e69-8ef4-fcb6-b447-29de5becfc76">
      <Execution id="ab1ed77f-1755-41a1-8899-3a0235473343" />
      <TestMethod codeBase="/Users/ursmuff/source/Living-Codex-CSharp/src/CodexBootstrap.Tests/bin/Debug/net6.0/CodexBootstrap.Tests.dll" adapterTypeName="executor://xunit/VsTestRunner2/netcoreapp" className="CodexBootstrap.Tests.Core.NodePersistenceTests" name="EdgePersistence_WaterToWater_ShouldPersistInWaterStorage" />
    </UnitTest>
    <UnitTest name="CodexBootstrap.Tests.Core.NodePersistenceTests.NodeStateTransition_IceToWater_ShouldMoveStorage" storage="/users/ursmuff/source/living-codex-csharp/src/codexbootstrap.tests/bin/debug/net6.0/codexbootstrap.tests.dll" id="48903600-7115-f18f-cfaa-40f126ec72dd">
      <Execution id="99f09dd7-5f84-408c-aab5-aa5bd2017e39" />
      <TestMethod codeBase="/Users/ursmuff/source/Living-Codex-CSharp/src/CodexBootstrap.Tests/bin/Debug/net6.0/CodexBootstrap.Tests.dll" adapterTypeName="executor://xunit/VsTestRunner2/netcoreapp" className="CodexBootstrap.Tests.Core.NodePersistenceTests" name="NodeStateTransition_IceToWater_ShouldMoveStorage" />
    </UnitTest>
    <UnitTest name="CodexBootstrap.Tests.IdentityTests.CreateUser_ShouldCreateNewUser" storage="/users/ursmuff/source/living-codex-csharp/src/codexbootstrap.tests/bin/debug/net6.0/codexbootstrap.tests.dll" id="49aabe26-596c-6a15-06b4-9dadc7c4733a">
      <Execution id="52f61514-1771-4cd5-8b0b-5f60e5fd329b" />
      <TestMethod codeBase="/Users/ursmuff/source/Living-Codex-CSharp/src/CodexBootstrap.Tests/bin/Debug/net6.0/CodexBootstrap.Tests.dll" adapterTypeName="executor://xunit/VsTestRunner2/netcoreapp" className="CodexBootstrap.Tests.IdentityTests" name="CreateUser_ShouldCreateNewUser" />
    </UnitTest>
    <UnitTest name="CodexBootstrap.Tests.ApiIntegrationTests.UserDiscovery_ShouldReturnUsers" storage="/users/ursmuff/source/living-codex-csharp/src/codexbootstrap.tests/bin/debug/net6.0/codexbootstrap.tests.dll" id="c4827e09-d08d-46ae-e11d-0d4589191c8f">
      <Execution id="258b82a5-18c5-42e3-b0e6-c694b0a343bf" />
      <TestMethod codeBase="/Users/ursmuff/source/Living-Codex-CSharp/src/CodexBootstrap.Tests/bin/Debug/net6.0/CodexBootstrap.Tests.dll" adapterTypeName="executor://xunit/VsTestRunner2/netcoreapp" className="CodexBootstrap.Tests.ApiIntegrationTests" name="UserDiscovery_ShouldReturnUsers" />
    </UnitTest>
    <UnitTest name="CodexBootstrap.Tests.ApiEndpointTests.Swagger_ShouldReturnDocumentation" storage="/users/ursmuff/source/living-codex-csharp/src/codexbootstrap.tests/bin/debug/net6.0/codexbootstrap.tests.dll" id="53137f9b-436e-e65c-fa32-e820c39f3209">
      <Execution id="bd078ba8-1097-4704-bc06-0c1386cfc0e5" />
      <TestMethod codeBase="/Users/ursmuff/source/Living-Codex-CSharp/src/CodexBootstrap.Tests/bin/Debug/net6.0/CodexBootstrap.Tests.dll" adapterTypeName="executor://xunit/VsTestRunner2/netcoreapp" className="CodexBootstrap.Tests.ApiEndpointTests" name="Swagger_ShouldReturnDocumentation" />
    </UnitTest>
    <UnitTest name="CodexBootstrap.Tests.Modules.VisualValidationModuleTests.AnalyzeRenderedImage_ShouldReturnAnalysisUsingRouter" storage="/users/ursmuff/source/living-codex-csharp/src/codexbootstrap.tests/bin/debug/net6.0/codexbootstrap.tests.dll" id="4b95da6d-f196-a0fd-8ffb-751fec95c314">
      <Execution id="3c259995-a0b7-40d3-866b-a18bf0b54f31" />
      <TestMethod codeBase="/Users/ursmuff/source/Living-Codex-CSharp/src/CodexBootstrap.Tests/bin/Debug/net6.0/CodexBootstrap.Tests.dll" adapterTypeName="executor://xunit/VsTestRunner2/netcoreapp" className="CodexBootstrap.Tests.Modules.VisualValidationModuleTests" name="AnalyzeRenderedImage_ShouldReturnAnalysisUsingRouter" />
    </UnitTest>
    <UnitTest name="CodexBootstrap.Tests.Core.NodePersistenceTests.CacheClearAndReload_ShouldRestorePersistentNodes" storage="/users/ursmuff/source/living-codex-csharp/src/codexbootstrap.tests/bin/debug/net6.0/codexbootstrap.tests.dll" id="64f2bbc2-131e-f499-10ff-759656bb07e6">
      <Execution id="27311f46-cf02-4ee8-9a95-93ccee009d7b" />
      <TestMethod codeBase="/Users/ursmuff/source/Living-Codex-CSharp/src/CodexBootstrap.Tests/bin/Debug/net6.0/CodexBootstrap.Tests.dll" adapterTypeName="executor://xunit/VsTestRunner2/netcoreapp" className="CodexBootstrap.Tests.Core.NodePersistenceTests" name="CacheClearAndReload_ShouldRestorePersistentNodes" />
    </UnitTest>
    <UnitTest name="CodexBootstrap.Tests.Core.NodePersistenceTests.DataIntegrity_NodeUpdates_ShouldPreserveHistory" storage="/users/ursmuff/source/living-codex-csharp/src/codexbootstrap.tests/bin/debug/net6.0/codexbootstrap.tests.dll" id="f90d32c6-f44e-af0c-3d05-d5d63d72fbed">
      <Execution id="61069ec0-5648-46e8-af78-afc6914b83a9" />
      <TestMethod codeBase="/Users/ursmuff/source/Living-Codex-CSharp/src/CodexBootstrap.Tests/bin/Debug/net6.0/CodexBootstrap.Tests.dll" adapterTypeName="executor://xunit/VsTestRunner2/netcoreapp" className="CodexBootstrap.Tests.Core.NodePersistenceTests" name="DataIntegrity_NodeUpdates_ShouldPreserveHistory" />
    </UnitTest>
    <UnitTest name="CodexBootstrap.Tests.Modules.ConceptModuleApiTests.GetConcepts_ShouldReturnValidConceptsArray" storage="/users/ursmuff/source/living-codex-csharp/src/codexbootstrap.tests/bin/debug/net6.0/codexbootstrap.tests.dll" id="6599a9fd-a45c-3f51-a550-7571741afdc8">
      <Execution id="461247e4-3ed0-4c91-8ff2-ea9321615517" />
      <TestMethod codeBase="/Users/ursmuff/source/Living-Codex-CSharp/src/CodexBootstrap.Tests/bin/Debug/net6.0/CodexBootstrap.Tests.dll" adapterTypeName="executor://xunit/VsTestRunner2/netcoreapp" className="CodexBootstrap.Tests.Modules.ConceptModuleApiTests" name="GetConcepts_ShouldReturnValidConceptsArray" />
    </UnitTest>
    <UnitTest name="CodexBootstrap.Tests.NewsSourceTests.NewsSourceCategories_Should_CoverAllDomains" storage="/users/ursmuff/source/living-codex-csharp/src/codexbootstrap.tests/bin/debug/net6.0/codexbootstrap.tests.dll" id="be0201d4-f64f-23ff-9843-409cbb744734">
      <Execution id="3143df3a-667e-4df5-9eb8-f650ef124d4d" />
      <TestMethod codeBase="/Users/ursmuff/source/Living-Codex-CSharp/src/CodexBootstrap.Tests/bin/Debug/net6.0/CodexBootstrap.Tests.dll" adapterTypeName="executor://xunit/VsTestRunner2/netcoreapp" className="CodexBootstrap.Tests.NewsSourceTests" name="NewsSourceCategories_Should_CoverAllDomains" />
    </UnitTest>
    <UnitTest name="CodexBootstrap.Tests.Modules.ConceptModuleApiTests.UpdateConcept_ShouldReturnSuccess_WhenConceptExists" storage="/users/ursmuff/source/living-codex-csharp/src/codexbootstrap.tests/bin/debug/net6.0/codexbootstrap.tests.dll" id="af1e193b-6914-4dd6-b3ed-2ac18e2a1b23">
      <Execution id="fed4226b-b5d2-4f40-8a85-bc98294320b0" />
      <TestMethod codeBase="/Users/ursmuff/source/Living-Codex-CSharp/src/CodexBootstrap.Tests/bin/Debug/net6.0/CodexBootstrap.Tests.dll" adapterTypeName="executor://xunit/VsTestRunner2/netcoreapp" className="CodexBootstrap.Tests.Modules.ConceptModuleApiTests" name="UpdateConcept_ShouldReturnSuccess_WhenConceptExists" />
    </UnitTest>
    <UnitTest name="CodexBootstrap.Tests.Modules.NoMockDataRegressionTests.ThreadsModule_ListThreads_WithoutMockData_ReturnsEmptyOrError" storage="/users/ursmuff/source/living-codex-csharp/src/codexbootstrap.tests/bin/debug/net6.0/codexbootstrap.tests.dll" id="88484ee7-b056-96be-c3f0-2f9ff210be2a">
      <Execution id="7c20e388-5808-43ff-92b6-09e37f11cc6c" />
      <TestMethod codeBase="/Users/ursmuff/source/Living-Codex-CSharp/src/CodexBootstrap.Tests/bin/Debug/net6.0/CodexBootstrap.Tests.dll" adapterTypeName="executor://xunit/VsTestRunner2/netcoreapp" className="CodexBootstrap.Tests.Modules.NoMockDataRegressionTests" name="ThreadsModule_ListThreads_WithoutMockData_ReturnsEmptyOrError" />
    </UnitTest>
    <UnitTest name="CodexBootstrap.Tests.Modules.VisualValidationModuleTests.ValidateComponentAgainstSpec_ShouldReturnValidationResult" storage="/users/ursmuff/source/living-codex-csharp/src/codexbootstrap.tests/bin/debug/net6.0/codexbootstrap.tests.dll" id="b95d7986-cd5c-1d27-935d-048129f27e6c">
      <Execution id="4b232e7b-1bda-4afc-8513-eac267f5ecda" />
      <TestMethod codeBase="/Users/ursmuff/source/Living-Codex-CSharp/src/CodexBootstrap.Tests/bin/Debug/net6.0/CodexBootstrap.Tests.dll" adapterTypeName="executor://xunit/VsTestRunner2/netcoreapp" className="CodexBootstrap.Tests.Modules.VisualValidationModuleTests" name="ValidateComponentAgainstSpec_ShouldReturnValidationResult" />
    </UnitTest>
    <UnitTest name="CodexBootstrap.Tests.Modules.FileSystemModuleTests.ModuleProperties_ShouldBeCorrect" storage="/users/ursmuff/source/living-codex-csharp/src/codexbootstrap.tests/bin/debug/net6.0/codexbootstrap.tests.dll" id="69414ab0-4cf7-f312-3c05-6a9aa0f642b2">
      <Execution id="1ad74eec-5678-460a-8610-7dbbb60a6db3" />
      <TestMethod codeBase="/Users/ursmuff/source/Living-Codex-CSharp/src/CodexBootstrap.Tests/bin/Debug/net6.0/CodexBootstrap.Tests.dll" adapterTypeName="executor://xunit/VsTestRunner2/netcoreapp" className="CodexBootstrap.Tests.Modules.FileSystemModuleTests" name="ModuleProperties_ShouldBeCorrect" />
    </UnitTest>
    <UnitTest name="CodexBootstrap.Tests.Modules.EnergyModuleApiTests.GetContributorEnergy_ShouldReturnSuccess_WhenImplemented" storage="/users/ursmuff/source/living-codex-csharp/src/codexbootstrap.tests/bin/debug/net6.0/codexbootstrap.tests.dll" id="5f8249b6-8a38-f488-9401-fb030ff393d5">
      <Execution id="381f0aa5-1a23-43dd-97b7-0831de589a40" />
      <TestMethod codeBase="/Users/ursmuff/source/Living-Codex-CSharp/src/CodexBootstrap.Tests/bin/Debug/net6.0/CodexBootstrap.Tests.dll" adapterTypeName="executor://xunit/VsTestRunner2/netcoreapp" className="CodexBootstrap.Tests.Modules.EnergyModuleApiTests" name="GetContributorEnergy_ShouldReturnSuccess_WhenImplemented" />
    </UnitTest>
    <UnitTest name="CodexBootstrap.Tests.Modules.NoMockDataRegressionTests.UserDiscovery_WithoutGeocoding_ShouldFailNotFallback" storage="/users/ursmuff/source/living-codex-csharp/src/codexbootstrap.tests/bin/debug/net6.0/codexbootstrap.tests.dll" id="43e2b03c-a2af-ef3b-ea65-35587a7a8502">
      <Execution id="78a42450-02d2-4cb1-a5ea-d517077c4653" />
      <TestMethod codeBase="/Users/ursmuff/source/Living-Codex-CSharp/src/CodexBootstrap.Tests/bin/Debug/net6.0/CodexBootstrap.Tests.dll" adapterTypeName="executor://xunit/VsTestRunner2/netcoreapp" className="CodexBootstrap.Tests.Modules.NoMockDataRegressionTests" name="UserDiscovery_WithoutGeocoding_ShouldFailNotFallback" />
    </UnitTest>
    <UnitTest name="CodexBootstrap.Tests.Integration.ApiIntegrationTests.HealthEndpoint_ShouldReturnHealthyStatus" storage="/users/ursmuff/source/living-codex-csharp/src/codexbootstrap.tests/bin/debug/net6.0/codexbootstrap.tests.dll" id="137a3de0-5389-0354-9257-83888fc326aa">
      <Execution id="dfe9df07-cbdf-41d4-bb64-01c5888824a4" />
      <TestMethod codeBase="/Users/ursmuff/source/Living-Codex-CSharp/src/CodexBootstrap.Tests/bin/Debug/net6.0/CodexBootstrap.Tests.dll" adapterTypeName="executor://xunit/VsTestRunner2/netcoreapp" className="CodexBootstrap.Tests.Integration.ApiIntegrationTests" name="HealthEndpoint_ShouldReturnHealthyStatus" />
    </UnitTest>
    <UnitTest name="CodexBootstrap.Tests.Core.NodePersistenceTests.CacheClearAndReload_Edges_ShouldRestorePersistentEdges" storage="/users/ursmuff/source/living-codex-csharp/src/codexbootstrap.tests/bin/debug/net6.0/codexbootstrap.tests.dll" id="d29b97cc-8f72-3f8f-ee60-4568f1429a8b">
      <Execution id="534ac31e-3f6b-4932-b7f3-a8c31132fdfc" />
      <TestMethod codeBase="/Users/ursmuff/source/Living-Codex-CSharp/src/CodexBootstrap.Tests/bin/Debug/net6.0/CodexBootstrap.Tests.dll" adapterTypeName="executor://xunit/VsTestRunner2/netcoreapp" className="CodexBootstrap.Tests.Core.NodePersistenceTests" name="CacheClearAndReload_Edges_ShouldRestorePersistentEdges" />
    </UnitTest>
    <UnitTest name="CodexBootstrap.Tests.Modules.FutureKnowledgeModuleTests.AnalyzePatterns_WithNonExistentPattern_ReturnsError" storage="/users/ursmuff/source/living-codex-csharp/src/codexbootstrap.tests/bin/debug/net6.0/codexbootstrap.tests.dll" id="17c98091-dbf8-c2fd-549e-ce3eebd6325a">
      <Execution id="c5e145d6-e8bd-49f4-ab18-204552340e76" />
      <TestMethod codeBase="/Users/ursmuff/source/Living-Codex-CSharp/src/CodexBootstrap.Tests/bin/Debug/net6.0/CodexBootstrap.Tests.dll" adapterTypeName="executor://xunit/VsTestRunner2/netcoreapp" className="CodexBootstrap.Tests.Modules.FutureKnowledgeModuleTests" name="AnalyzePatterns_WithNonExistentPattern_ReturnsError" />
    </UnitTest>
    <UnitTest name="CodexBootstrap.Tests.Modules.NewsModuleApiTests.SearchNews_ShouldReturnEmptyResults_WhenNoNewsAvailable" storage="/users/ursmuff/source/living-codex-csharp/src/codexbootstrap.tests/bin/debug/net6.0/codexbootstrap.tests.dll" id="4e73c103-f467-67e6-7049-e34249ba699f">
      <Execution id="18bca698-7cf1-483d-a274-8bc13a61fc39" />
      <TestMethod codeBase="/Users/ursmuff/source/Living-Codex-CSharp/src/CodexBootstrap.Tests/bin/Debug/net6.0/CodexBootstrap.Tests.dll" adapterTypeName="executor://xunit/VsTestRunner2/netcoreapp" className="CodexBootstrap.Tests.Modules.NewsModuleApiTests" name="SearchNews_ShouldReturnEmptyResults_WhenNoNewsAvailable" />
    </UnitTest>
    <UnitTest name="CodexBootstrap.Tests.Modules.EnergyModuleApiTests.GetUserContributions_ShouldReturnContributionsList_WhenImplemented" storage="/users/ursmuff/source/living-codex-csharp/src/codexbootstrap.tests/bin/debug/net6.0/codexbootstrap.tests.dll" id="36c7d109-6289-1556-5b99-f94c9642b779">
      <Execution id="1f6033c2-125e-41ea-803d-fc582fc7dee0" />
      <TestMethod codeBase="/Users/ursmuff/source/Living-Codex-CSharp/src/CodexBootstrap.Tests/bin/Debug/net6.0/CodexBootstrap.Tests.dll" adapterTypeName="executor://xunit/VsTestRunner2/netcoreapp" className="CodexBootstrap.Tests.Modules.EnergyModuleApiTests" name="GetUserContributions_ShouldReturnContributionsList_WhenImplemented" />
    </UnitTest>
    <UnitTest name="CodexBootstrap.Tests.Modules.ConceptModuleApiTests.CreateConcept_ShouldReturnSuccess_WhenValidRequest" storage="/users/ursmuff/source/living-codex-csharp/src/codexbootstrap.tests/bin/debug/net6.0/codexbootstrap.tests.dll" id="95697913-300a-0d09-fede-d269c1c9cc5a">
      <Execution id="5cdbebe6-98de-414e-bac4-5cb43e7ddb19" />
      <TestMethod codeBase="/Users/ursmuff/source/Living-Codex-CSharp/src/CodexBootstrap.Tests/bin/Debug/net6.0/CodexBootstrap.Tests.dll" adapterTypeName="executor://xunit/VsTestRunner2/netcoreapp" className="CodexBootstrap.Tests.Modules.ConceptModuleApiTests" name="CreateConcept_ShouldReturnSuccess_WhenValidRequest" />
    </UnitTest>
    <UnitTest name="CodexBootstrap.Tests.Modules.IdentityModuleApiTests.MicrosoftLogin_ShouldReturnRedirect_WhenProviderAvailable" storage="/users/ursmuff/source/living-codex-csharp/src/codexbootstrap.tests/bin/debug/net6.0/codexbootstrap.tests.dll" id="2fb30a0f-ddea-628a-42a5-2fe6a57a267c">
      <Execution id="fc5467e5-b625-41ea-9849-19407219b0f9" />
      <TestMethod codeBase="/Users/ursmuff/source/Living-Codex-CSharp/src/CodexBootstrap.Tests/bin/Debug/net6.0/CodexBootstrap.Tests.dll" adapterTypeName="executor://xunit/VsTestRunner2/netcoreapp" className="CodexBootstrap.Tests.Modules.IdentityModuleApiTests" name="MicrosoftLogin_ShouldReturnRedirect_WhenProviderAvailable" />
    </UnitTest>
    <UnitTest name="CodexBootstrap.Tests.Modules.GalleryModuleTests.GenerateAIImage_WithoutPrompt_ReturnsError" storage="/users/ursmuff/source/living-codex-csharp/src/codexbootstrap.tests/bin/debug/net6.0/codexbootstrap.tests.dll" id="85af3b02-5b1f-ad47-f6c3-063b22aa2bc8">
      <Execution id="4e8512d6-c770-49e0-aa22-61e54ee219b5" />
      <TestMethod codeBase="/Users/ursmuff/source/Living-Codex-CSharp/src/CodexBootstrap.Tests/bin/Debug/net6.0/CodexBootstrap.Tests.dll" adapterTypeName="executor://xunit/VsTestRunner2/netcoreapp" className="CodexBootstrap.Tests.Modules.GalleryModuleTests" name="GenerateAIImage_WithoutPrompt_ReturnsError" />
    </UnitTest>
    <UnitTest name="CodexBootstrap.Tests.Core.NodePersistenceTests.ServerRestart_GasNodes_ShouldNotSurviveRestart" storage="/users/ursmuff/source/living-codex-csharp/src/codexbootstrap.tests/bin/debug/net6.0/codexbootstrap.tests.dll" id="511b09e9-fd91-89d6-3949-40db146ea6bd">
      <Execution id="0da664ee-f844-44d9-8678-7d833f07a8d2" />
      <TestMethod codeBase="/Users/ursmuff/source/Living-Codex-CSharp/src/CodexBootstrap.Tests/bin/Debug/net6.0/CodexBootstrap.Tests.dll" adapterTypeName="executor://xunit/VsTestRunner2/netcoreapp" className="CodexBootstrap.Tests.Core.NodePersistenceTests" name="ServerRestart_GasNodes_ShouldNotSurviveRestart" />
    </UnitTest>
    <UnitTest name="CodexBootstrap.Tests.Integration.ApiIntegrationTests.RootEndpoint_ShouldReturnResponse" storage="/users/ursmuff/source/living-codex-csharp/src/codexbootstrap.tests/bin/debug/net6.0/codexbootstrap.tests.dll" id="f3484da0-8315-cdca-e737-98c55468fb4e">
      <Execution id="90a62a17-54c5-40da-b978-34803d528b1c" />
      <TestMethod codeBase="/Users/ursmuff/source/Living-Codex-CSharp/src/CodexBootstrap.Tests/bin/Debug/net6.0/CodexBootstrap.Tests.dll" adapterTypeName="executor://xunit/VsTestRunner2/netcoreapp" className="CodexBootstrap.Tests.Integration.ApiIntegrationTests" name="RootEndpoint_ShouldReturnResponse" />
    </UnitTest>
    <UnitTest name="CodexBootstrap.Tests.Modules.ConceptModuleApiTests.CreateConceptLegacy_ShouldReturnSuccess_WhenValidRequest" storage="/users/ursmuff/source/living-codex-csharp/src/codexbootstrap.tests/bin/debug/net6.0/codexbootstrap.tests.dll" id="9703efcc-6a13-36f7-cf46-5b1fef7db5be">
      <Execution id="473c6b44-6c3a-4a50-bf4d-54dea76c338e" />
      <TestMethod codeBase="/Users/ursmuff/source/Living-Codex-CSharp/src/CodexBootstrap.Tests/bin/Debug/net6.0/CodexBootstrap.Tests.dll" adapterTypeName="executor://xunit/VsTestRunner2/netcoreapp" className="CodexBootstrap.Tests.Modules.ConceptModuleApiTests" name="CreateConceptLegacy_ShouldReturnSuccess_WhenValidRequest" />
    </UnitTest>
    <UnitTest name="CodexBootstrap.Tests.Core.NodePersistenceTests.NodeStateTransition_Water_ShouldPersistInWaterStorage" storage="/users/ursmuff/source/living-codex-csharp/src/codexbootstrap.tests/bin/debug/net6.0/codexbootstrap.tests.dll" id="e28593ad-f562-f9b6-0172-52c7b6e48ddf">
      <Execution id="09c09efb-de4a-4a34-9ca9-b05b62f115d4" />
      <TestMethod codeBase="/Users/ursmuff/source/Living-Codex-CSharp/src/CodexBootstrap.Tests/bin/Debug/net6.0/CodexBootstrap.Tests.dll" adapterTypeName="executor://xunit/VsTestRunner2/netcoreapp" className="CodexBootstrap.Tests.Core.NodePersistenceTests" name="NodeStateTransition_Water_ShouldPersistInWaterStorage" />
    </UnitTest>
    <UnitTest name="CodexBootstrap.Tests.Modules.GalleryModuleTests.GetGalleryItem_WithNonExistentId_ReturnsError" storage="/users/ursmuff/source/living-codex-csharp/src/codexbootstrap.tests/bin/debug/net6.0/codexbootstrap.tests.dll" id="7814cc71-5384-55ab-b67a-fb18f5ac5c5f">
      <Execution id="1d5c69af-a786-4032-bbd2-8101b3e511ae" />
      <TestMethod codeBase="/Users/ursmuff/source/Living-Codex-CSharp/src/CodexBootstrap.Tests/bin/Debug/net6.0/CodexBootstrap.Tests.dll" adapterTypeName="executor://xunit/VsTestRunner2/netcoreapp" className="CodexBootstrap.Tests.Modules.GalleryModuleTests" name="GetGalleryItem_WithNonExistentId_ReturnsError" />
    </UnitTest>
    <UnitTest name="CodexBootstrap.Tests.Core.NodePersistenceTests.NodeStateTransition_Gas_ShouldNotPersist" storage="/users/ursmuff/source/living-codex-csharp/src/codexbootstrap.tests/bin/debug/net6.0/codexbootstrap.tests.dll" id="9dede88d-6de7-87ff-4549-77cfb8e6068f">
      <Execution id="1765b537-10ea-4b11-b09f-38233fa4e6fd" />
      <TestMethod codeBase="/Users/ursmuff/source/Living-Codex-CSharp/src/CodexBootstrap.Tests/bin/Debug/net6.0/CodexBootstrap.Tests.dll" adapterTypeName="executor://xunit/VsTestRunner2/netcoreapp" className="CodexBootstrap.Tests.Core.NodePersistenceTests" name="NodeStateTransition_Gas_ShouldNotPersist" />
    </UnitTest>
    <UnitTest name="CodexBootstrap.Tests.Modules.IdentityModuleApiTests.GetIdentityProviders_ShouldIncludeMockProvider" storage="/users/ursmuff/source/living-codex-csharp/src/codexbootstrap.tests/bin/debug/net6.0/codexbootstrap.tests.dll" id="4c4f9506-e0d0-a7af-bb2f-e96606d3bbf1">
      <Execution id="1af58beb-191d-4dfc-9e47-19a2f1c0ae6f" />
      <TestMethod codeBase="/Users/ursmuff/source/Living-Codex-CSharp/src/CodexBootstrap.Tests/bin/Debug/net6.0/CodexBootstrap.Tests.dll" adapterTypeName="executor://xunit/VsTestRunner2/netcoreapp" className="CodexBootstrap.Tests.Modules.IdentityModuleApiTests" name="GetIdentityProviders_ShouldIncludeMockProvider" />
    </UnitTest>
    <UnitTest name="CodexBootstrap.Tests.Modules.ConceptModuleApiTests.GetConcept_ShouldReturnNotFound_WhenConceptDoesNotExist" storage="/users/ursmuff/source/living-codex-csharp/src/codexbootstrap.tests/bin/debug/net6.0/codexbootstrap.tests.dll" id="9398df0f-b7e2-21ef-6751-b96144b08a9b">
      <Execution id="aea1c8e4-5e7b-41bf-ae26-383517a40a2d" />
      <TestMethod codeBase="/Users/ursmuff/source/Living-Codex-CSharp/src/CodexBootstrap.Tests/bin/Debug/net6.0/CodexBootstrap.Tests.dll" adapterTypeName="executor://xunit/VsTestRunner2/netcoreapp" className="CodexBootstrap.Tests.Modules.ConceptModuleApiTests" name="GetConcept_ShouldReturnNotFound_WhenConceptDoesNotExist" />
    </UnitTest>
    <UnitTest name="CodexBootstrap.Tests.UCoreOntologyTests.ResonanceMatrix_Should_ExistAndIntegrateAxes" storage="/users/ursmuff/source/living-codex-csharp/src/codexbootstrap.tests/bin/debug/net6.0/codexbootstrap.tests.dll" id="9fd16290-2ffd-477a-8430-1b48345fb6df">
      <Execution id="5da759a0-dca6-46bb-9c75-13fc9a9e63c2" />
      <TestMethod codeBase="/Users/ursmuff/source/Living-Codex-CSharp/src/CodexBootstrap.Tests/bin/Debug/net6.0/CodexBootstrap.Tests.dll" adapterTypeName="executor://xunit/VsTestRunner2/netcoreapp" className="CodexBootstrap.Tests.UCoreOntologyTests" name="ResonanceMatrix_Should_ExistAndIntegrateAxes" />
    </UnitTest>
    <UnitTest name="CodexBootstrap.Tests.IdentityTests.MockIdentityProvider_ShouldInitiateLogin" storage="/users/ursmuff/source/living-codex-csharp/src/codexbootstrap.tests/bin/debug/net6.0/codexbootstrap.tests.dll" id="79341776-28f9-9f5a-685e-8b9cb0ecc3e5">
      <Execution id="1de223db-cd3e-4bc6-bad6-7a125397fbf5" />
      <TestMethod codeBase="/Users/ursmuff/source/Living-Codex-CSharp/src/CodexBootstrap.Tests/bin/Debug/net6.0/CodexBootstrap.Tests.dll" adapterTypeName="executor://xunit/VsTestRunner2/netcoreapp" className="CodexBootstrap.Tests.IdentityTests" name="MockIdentityProvider_ShouldInitiateLogin" />
    </UnitTest>
    <UnitTest name="CodexBootstrap.Tests.Modules.ConceptModuleApiTests.GetConcepts_ShouldRespondWithinAcceptableTime" storage="/users/ursmuff/source/living-codex-csharp/src/codexbootstrap.tests/bin/debug/net6.0/codexbootstrap.tests.dll" id="b99ace35-33d5-7d18-6ea4-38a87a6c5135">
      <Execution id="78f4d089-65d2-4ee3-bcc1-ae582ed9a987" />
      <TestMethod codeBase="/Users/ursmuff/source/Living-Codex-CSharp/src/CodexBootstrap.Tests/bin/Debug/net6.0/CodexBootstrap.Tests.dll" adapterTypeName="executor://xunit/VsTestRunner2/netcoreapp" className="CodexBootstrap.Tests.Modules.ConceptModuleApiTests" name="GetConcepts_ShouldRespondWithinAcceptableTime" />
    </UnitTest>
    <UnitTest name="CodexBootstrap.Tests.Modules.AIModuleTests.Name_ShouldReturnCorrectName" storage="/users/ursmuff/source/living-codex-csharp/src/codexbootstrap.tests/bin/debug/net6.0/codexbootstrap.tests.dll" id="9f121c41-56cf-362b-92e5-cf6e1918417e">
      <Execution id="533f886c-6851-485c-a3ec-21ba9a92ac38" />
      <TestMethod codeBase="/Users/ursmuff/source/Living-Codex-CSharp/src/CodexBootstrap.Tests/bin/Debug/net6.0/CodexBootstrap.Tests.dll" adapterTypeName="executor://xunit/VsTestRunner2/netcoreapp" className="CodexBootstrap.Tests.Modules.AIModuleTests" name="Name_ShouldReturnCorrectName" />
    </UnitTest>
    <UnitTest name="CodexBootstrap.Tests.UCoreOntologyTests.WaterStatesAxis_Node_Should_Exist" storage="/users/ursmuff/source/living-codex-csharp/src/codexbootstrap.tests/bin/debug/net6.0/codexbootstrap.tests.dll" id="5bb357ef-a289-5457-59f1-0df201ad4323">
      <Execution id="8af9c334-bc3b-4e7f-b8b2-eb3f14a7e5b8" />
      <TestMethod codeBase="/Users/ursmuff/source/Living-Codex-CSharp/src/CodexBootstrap.Tests/bin/Debug/net6.0/CodexBootstrap.Tests.dll" adapterTypeName="executor://xunit/VsTestRunner2/netcoreapp" className="CodexBootstrap.Tests.UCoreOntologyTests" name="WaterStatesAxis_Node_Should_Exist" />
    </UnitTest>
    <UnitTest name="CodexBootstrap.Tests.Core.StateTransitionTests.Edge_BetweenWaterAndGasNodes_ShouldNotPersist" storage="/users/ursmuff/source/living-codex-csharp/src/codexbootstrap.tests/bin/debug/net6.0/codexbootstrap.tests.dll" id="4490693e-5b5f-60f8-a352-34ba943e1d62">
      <Execution id="7b36aa54-cb50-411e-b6f7-d7bfa2ad62a3" />
      <TestMethod codeBase="/Users/ursmuff/source/Living-Codex-CSharp/src/CodexBootstrap.Tests/bin/Debug/net6.0/CodexBootstrap.Tests.dll" adapterTypeName="executor://xunit/VsTestRunner2/netcoreapp" className="CodexBootstrap.Tests.Core.StateTransitionTests" name="Edge_BetweenWaterAndGasNodes_ShouldNotPersist" />
    </UnitTest>
    <UnitTest name="CodexBootstrap.Tests.ApiIntegrationTests.OAuthProviders_ShouldReturnAvailableProviders" storage="/users/ursmuff/source/living-codex-csharp/src/codexbootstrap.tests/bin/debug/net6.0/codexbootstrap.tests.dll" id="080e755c-ee7a-1e14-8f28-e087a10675d0">
      <Execution id="5ca6d091-c2ed-47ac-8800-1b105f9c2d49" />
      <TestMethod codeBase="/Users/ursmuff/source/Living-Codex-CSharp/src/CodexBootstrap.Tests/bin/Debug/net6.0/CodexBootstrap.Tests.dll" adapterTypeName="executor://xunit/VsTestRunner2/netcoreapp" className="CodexBootstrap.Tests.ApiIntegrationTests" name="OAuthProviders_ShouldReturnAvailableProviders" />
    </UnitTest>
    <UnitTest name="CodexBootstrap.Tests.Core.LLMOrchestratorTests.ExecuteAsync_WithUnavailableService_ShouldReturnFallback" storage="/users/ursmuff/source/living-codex-csharp/src/codexbootstrap.tests/bin/debug/net6.0/codexbootstrap.tests.dll" id="c1296972-c12d-1979-50fb-ef6e48530532">
      <Execution id="7efa498f-9a1e-42d8-9282-07b30b93440b" />
      <TestMethod codeBase="/Users/ursmuff/source/Living-Codex-CSharp/src/CodexBootstrap.Tests/bin/Debug/net6.0/CodexBootstrap.Tests.dll" adapterTypeName="executor://xunit/VsTestRunner2/netcoreapp" className="CodexBootstrap.Tests.Core.LLMOrchestratorTests" name="ExecuteAsync_WithUnavailableService_ShouldReturnFallback" />
    </UnitTest>
    <UnitTest name="CodexBootstrap.Tests.Modules.NodeEdgeModuleApiTests.GetNodes_ShouldReturnNodesList" storage="/users/ursmuff/source/living-codex-csharp/src/codexbootstrap.tests/bin/debug/net6.0/codexbootstrap.tests.dll" id="b3191fce-24b5-6614-db34-5b0f72b496c2">
      <Execution id="ddea06e4-78cd-4069-8dad-36c07c5356db" />
      <TestMethod codeBase="/Users/ursmuff/source/Living-Codex-CSharp/src/CodexBootstrap.Tests/bin/Debug/net6.0/CodexBootstrap.Tests.dll" adapterTypeName="executor://xunit/VsTestRunner2/netcoreapp" className="CodexBootstrap.Tests.Modules.NodeEdgeModuleApiTests" name="GetNodes_ShouldReturnNodesList" />
    </UnitTest>
    <UnitTest name="CodexBootstrap.Tests.Core.StateTransitionTests.Edge_BetweenTwoWaterNodes_ShouldPersistInWaterStorage" storage="/users/ursmuff/source/living-codex-csharp/src/codexbootstrap.tests/bin/debug/net6.0/codexbootstrap.tests.dll" id="80dd12df-b2d2-e332-3474-ef692b090e79">
      <Execution id="8d5b95ae-7088-4ce8-8dbe-c81850aea1c9" />
      <TestMethod codeBase="/Users/ursmuff/source/Living-Codex-CSharp/src/CodexBootstrap.Tests/bin/Debug/net6.0/CodexBootstrap.Tests.dll" adapterTypeName="executor://xunit/VsTestRunner2/netcoreapp" className="CodexBootstrap.Tests.Core.StateTransitionTests" name="Edge_BetweenTwoWaterNodes_ShouldPersistInWaterStorage" />
    </UnitTest>
    <UnitTest name="CodexBootstrap.Tests.Modules.CoreModuleTests.RegisterApiHandlers_ShouldNotThrow" storage="/users/ursmuff/source/living-codex-csharp/src/codexbootstrap.tests/bin/debug/net6.0/codexbootstrap.tests.dll" id="356cc5a1-12a0-34cb-5f3e-4ae7f80efd3b">
      <Execution id="94fa40f8-3006-44ec-af20-d39feb13625c" />
      <TestMethod codeBase="/Users/ursmuff/source/Living-Codex-CSharp/src/CodexBootstrap.Tests/bin/Debug/net6.0/CodexBootstrap.Tests.dll" adapterTypeName="executor://xunit/VsTestRunner2/netcoreapp" className="CodexBootstrap.Tests.Modules.CoreModuleTests" name="RegisterApiHandlers_ShouldNotThrow" />
    </UnitTest>
    <UnitTest name="CodexBootstrap.Tests.Modules.FutureKnowledgeModuleTests.RetrieveFutureKnowledge_WithImplementation_ReturnsSuccess" storage="/users/ursmuff/source/living-codex-csharp/src/codexbootstrap.tests/bin/debug/net6.0/codexbootstrap.tests.dll" id="2ad5cdb4-5093-99b8-7b30-cd507fc4fbf2">
      <Execution id="bdfca8a5-2dd5-4115-a353-b79b1016fade" />
      <TestMethod codeBase="/Users/ursmuff/source/Living-Codex-CSharp/src/CodexBootstrap.Tests/bin/Debug/net6.0/CodexBootstrap.Tests.dll" adapterTypeName="executor://xunit/VsTestRunner2/netcoreapp" className="CodexBootstrap.Tests.Modules.FutureKnowledgeModuleTests" name="RetrieveFutureKnowledge_WithImplementation_ReturnsSuccess" />
    </UnitTest>
    <UnitTest name="CodexBootstrap.Tests.IdentityTests.IdentityLogin_ShouldInitiateLoginFlow" storage="/users/ursmuff/source/living-codex-csharp/src/codexbootstrap.tests/bin/debug/net6.0/codexbootstrap.tests.dll" id="335af7d3-af17-2a3e-11a6-c40d770283f6">
      <Execution id="14bf93b4-63ae-4a57-bd71-64a5d9c9e329" />
      <TestMethod codeBase="/Users/ursmuff/source/Living-Codex-CSharp/src/CodexBootstrap.Tests/bin/Debug/net6.0/CodexBootstrap.Tests.dll" adapterTypeName="executor://xunit/VsTestRunner2/netcoreapp" className="CodexBootstrap.Tests.IdentityTests" name="IdentityLogin_ShouldInitiateLoginFlow" />
    </UnitTest>
    <UnitTest name="CodexBootstrap.Tests.Modules.NodeEdgeModuleApiTests.GetNodes_ShouldHandleConcurrentRequests" storage="/users/ursmuff/source/living-codex-csharp/src/codexbootstrap.tests/bin/debug/net6.0/codexbootstrap.tests.dll" id="154b62c9-dfe1-2527-f8d9-a357f66717ec">
      <Execution id="8e38790a-c88c-4450-bf5d-03e6638d9662" />
      <TestMethod codeBase="/Users/ursmuff/source/Living-Codex-CSharp/src/CodexBootstrap.Tests/bin/Debug/net6.0/CodexBootstrap.Tests.dll" adapterTypeName="executor://xunit/VsTestRunner2/netcoreapp" className="CodexBootstrap.Tests.Modules.NodeEdgeModuleApiTests" name="GetNodes_ShouldHandleConcurrentRequests" />
    </UnitTest>
    <UnitTest name="CodexBootstrap.Tests.Modules.NodeEdgeModuleApiTests.GetNodes_ShouldAcceptQueryParameters" storage="/users/ursmuff/source/living-codex-csharp/src/codexbootstrap.tests/bin/debug/net6.0/codexbootstrap.tests.dll" id="6e5a8b91-6a75-56d3-b317-a9ac48ab0672">
      <Execution id="69dbca31-0865-49a3-b540-34d7c01cdb52" />
      <TestMethod codeBase="/Users/ursmuff/source/Living-Codex-CSharp/src/CodexBootstrap.Tests/bin/Debug/net6.0/CodexBootstrap.Tests.dll" adapterTypeName="executor://xunit/VsTestRunner2/netcoreapp" className="CodexBootstrap.Tests.Modules.NodeEdgeModuleApiTests" name="GetNodes_ShouldAcceptQueryParameters" />
    </UnitTest>
    <UnitTest name="CodexBootstrap.Tests.Modules.NewsModuleApiTests.GetNewsFeed_ShouldReturnEmptyResults_WhenNoNewsAvailable" storage="/users/ursmuff/source/living-codex-csharp/src/codexbootstrap.tests/bin/debug/net6.0/codexbootstrap.tests.dll" id="632c0374-d9e5-0e22-1403-eb730369295e">
      <Execution id="152ef592-6b2c-4625-ad44-60237256b3e4" />
      <TestMethod codeBase="/Users/ursmuff/source/Living-Codex-CSharp/src/CodexBootstrap.Tests/bin/Debug/net6.0/CodexBootstrap.Tests.dll" adapterTypeName="executor://xunit/VsTestRunner2/netcoreapp" className="CodexBootstrap.Tests.Modules.NewsModuleApiTests" name="GetNewsFeed_ShouldReturnEmptyResults_WhenNoNewsAvailable" />
    </UnitTest>
    <UnitTest name="CodexBootstrap.Tests.SimpleIntegrationTests.RootEndpoint_ShouldRespond" storage="/users/ursmuff/source/living-codex-csharp/src/codexbootstrap.tests/bin/debug/net6.0/codexbootstrap.tests.dll" id="e9843f28-60bb-39a2-a561-28fdfd88f317">
      <Execution id="b9f8aa6f-f902-4f7e-a9c9-36cf0f050995" />
      <TestMethod codeBase="/Users/ursmuff/source/Living-Codex-CSharp/src/CodexBootstrap.Tests/bin/Debug/net6.0/CodexBootstrap.Tests.dll" adapterTypeName="executor://xunit/VsTestRunner2/netcoreapp" className="CodexBootstrap.Tests.SimpleIntegrationTests" name="RootEndpoint_ShouldRespond" />
    </UnitTest>
    <UnitTest name="CodexBootstrap.Tests.Modules.NewsModuleApiTests.GetTrendingTopics_ShouldHandleConcurrentRequests" storage="/users/ursmuff/source/living-codex-csharp/src/codexbootstrap.tests/bin/debug/net6.0/codexbootstrap.tests.dll" id="0be5b3d7-ad47-a6e7-2e5c-4e8c709b4254">
      <Execution id="440bd648-1883-4560-bebe-ee7edc3ab696" />
      <TestMethod codeBase="/Users/ursmuff/source/Living-Codex-CSharp/src/CodexBootstrap.Tests/bin/Debug/net6.0/CodexBootstrap.Tests.dll" adapterTypeName="executor://xunit/VsTestRunner2/netcoreapp" className="CodexBootstrap.Tests.Modules.NewsModuleApiTests" name="GetTrendingTopics_ShouldHandleConcurrentRequests" />
    </UnitTest>
    <UnitTest name="CodexBootstrap.Tests.Modules.NoMockDataRegressionTests.ModuleEndpoints_WithInvalidData_ReturnCleanErrors(endpoint: &quot;/ux-primitives/weave&quot;)" storage="/users/ursmuff/source/living-codex-csharp/src/codexbootstrap.tests/bin/debug/net6.0/codexbootstrap.tests.dll" id="bc9c6b92-5291-21f7-4294-de06f4a39605">
      <Execution id="a6618e97-d59f-4251-9509-808e4d66fcc0" />
      <TestMethod codeBase="/Users/ursmuff/source/Living-Codex-CSharp/src/CodexBootstrap.Tests/bin/Debug/net6.0/CodexBootstrap.Tests.dll" adapterTypeName="executor://xunit/VsTestRunner2/netcoreapp" className="CodexBootstrap.Tests.Modules.NoMockDataRegressionTests" name="ModuleEndpoints_WithInvalidData_ReturnCleanErrors" />
    </UnitTest>
    <UnitTest name="CodexBootstrap.Tests.IdentityTests.MockIdentityProvider_ShouldHandleCallback" storage="/users/ursmuff/source/living-codex-csharp/src/codexbootstrap.tests/bin/debug/net6.0/codexbootstrap.tests.dll" id="a5fef099-ba7b-ffee-c1d2-cd74a2ae92e6">
      <Execution id="67f86386-07ad-42fb-8a48-54d22016440d" />
      <TestMethod codeBase="/Users/ursmuff/source/Living-Codex-CSharp/src/CodexBootstrap.Tests/bin/Debug/net6.0/CodexBootstrap.Tests.dll" adapterTypeName="executor://xunit/VsTestRunner2/netcoreapp" className="CodexBootstrap.Tests.IdentityTests" name="MockIdentityProvider_ShouldHandleCallback" />
    </UnitTest>
    <UnitTest name="CodexBootstrap.Tests.UCoreOntologyTests.TopologyPaths_Should_ConnectToUCoreConcepts_IfPresent" storage="/users/ursmuff/source/living-codex-csharp/src/codexbootstrap.tests/bin/debug/net6.0/codexbootstrap.tests.dll" id="1e43300c-2a88-befd-5bd4-aa2b7d5a855b">
      <Execution id="37e6dc0d-a8c3-4e46-a8aa-db7a55ac956b" />
      <TestMethod codeBase="/Users/ursmuff/source/Living-Codex-CSharp/src/CodexBootstrap.Tests/bin/Debug/net6.0/CodexBootstrap.Tests.dll" adapterTypeName="executor://xunit/VsTestRunner2/netcoreapp" className="CodexBootstrap.Tests.UCoreOntologyTests" name="TopologyPaths_Should_ConnectToUCoreConcepts_IfPresent" />
    </UnitTest>
    <UnitTest name="CodexBootstrap.Tests.Core.NodeRegistryTests.TryGet_WithExistingId_ShouldReturnNode" storage="/users/ursmuff/source/living-codex-csharp/src/codexbootstrap.tests/bin/debug/net6.0/codexbootstrap.tests.dll" id="a117d892-9fd1-1ad8-8d90-f3c71328203c">
      <Execution id="448e1eb7-6280-4cd1-8f39-585ec1e39887" />
      <TestMethod codeBase="/Users/ursmuff/source/Living-Codex-CSharp/src/CodexBootstrap.Tests/bin/Debug/net6.0/CodexBootstrap.Tests.dll" adapterTypeName="executor://xunit/VsTestRunner2/netcoreapp" className="CodexBootstrap.Tests.Core.NodeRegistryTests" name="TryGet_WithExistingId_ShouldReturnNode" />
    </UnitTest>
    <UnitTest name="CodexBootstrap.Tests.Modules.UXPrimitivesModuleTests.CreateWeave_WithValidData_CreatesSuccessfully" storage="/users/ursmuff/source/living-codex-csharp/src/codexbootstrap.tests/bin/debug/net6.0/codexbootstrap.tests.dll" id="561f218d-b654-fb57-ee4b-f7e1649d5050">
      <Execution id="e0c87d3b-879e-4c9b-b921-5e648aee77a4" />
      <TestMethod codeBase="/Users/ursmuff/source/Living-Codex-CSharp/src/CodexBootstrap.Tests/bin/Debug/net6.0/CodexBootstrap.Tests.dll" adapterTypeName="executor://xunit/VsTestRunner2/netcoreapp" className="CodexBootstrap.Tests.Modules.UXPrimitivesModuleTests" name="CreateWeave_WithValidData_CreatesSuccessfully" />
    </UnitTest>
    <UnitTest name="CodexBootstrap.Tests.Modules.GalleryModuleTests.CreateGalleryItem_WithoutTitle_ReturnsError" storage="/users/ursmuff/source/living-codex-csharp/src/codexbootstrap.tests/bin/debug/net6.0/codexbootstrap.tests.dll" id="90f3a3ce-3ea2-b8ab-e15a-d9c7a7f4a063">
      <Execution id="c387a728-7686-4883-b059-c388cb99c427" />
      <TestMethod codeBase="/Users/ursmuff/source/Living-Codex-CSharp/src/CodexBootstrap.Tests/bin/Debug/net6.0/CodexBootstrap.Tests.dll" adapterTypeName="executor://xunit/VsTestRunner2/netcoreapp" className="CodexBootstrap.Tests.Modules.GalleryModuleTests" name="CreateGalleryItem_WithoutTitle_ReturnsError" />
    </UnitTest>
    <UnitTest name="CodexBootstrap.Tests.IdentityTests.MockIdentityProvider_ShouldGetAllMockUsers" storage="/users/ursmuff/source/living-codex-csharp/src/codexbootstrap.tests/bin/debug/net6.0/codexbootstrap.tests.dll" id="3f4da332-2fb9-784e-8300-a3ffc13949c4">
      <Execution id="23b61e7e-0a7c-46fd-814e-4c7d29958410" />
      <TestMethod codeBase="/Users/ursmuff/source/Living-Codex-CSharp/src/CodexBootstrap.Tests/bin/Debug/net6.0/CodexBootstrap.Tests.dll" adapterTypeName="executor://xunit/VsTestRunner2/netcoreapp" className="CodexBootstrap.Tests.IdentityTests" name="MockIdentityProvider_ShouldGetAllMockUsers" />
    </UnitTest>
    <UnitTest name="CodexBootstrap.Tests.Core.StateTransitionTests.Edge_BetweenTwoIceNodes_ShouldPersistInIceStorage" storage="/users/ursmuff/source/living-codex-csharp/src/codexbootstrap.tests/bin/debug/net6.0/codexbootstrap.tests.dll" id="e8865027-a033-e711-71fb-2004ee1807fd">
      <Execution id="22cc9a20-6897-4c3f-9825-8975892706c4" />
      <TestMethod codeBase="/Users/ursmuff/source/Living-Codex-CSharp/src/CodexBootstrap.Tests/bin/Debug/net6.0/CodexBootstrap.Tests.dll" adapterTypeName="executor://xunit/VsTestRunner2/netcoreapp" className="CodexBootstrap.Tests.Core.StateTransitionTests" name="Edge_BetweenTwoIceNodes_ShouldPersistInIceStorage" />
    </UnitTest>
    <UnitTest name="CodexBootstrap.Tests.Modules.AIModuleTests.Description_ShouldReturnCorrectDescription" storage="/users/ursmuff/source/living-codex-csharp/src/codexbootstrap.tests/bin/debug/net6.0/codexbootstrap.tests.dll" id="1f7976e5-938b-de19-e4f9-70a3b56afbf7">
      <Execution id="57d9b6f3-224f-4e7b-a9c1-6c947d96fdb9" />
      <TestMethod codeBase="/Users/ursmuff/source/Living-Codex-CSharp/src/CodexBootstrap.Tests/bin/Debug/net6.0/CodexBootstrap.Tests.dll" adapterTypeName="executor://xunit/VsTestRunner2/netcoreapp" className="CodexBootstrap.Tests.Modules.AIModuleTests" name="Description_ShouldReturnCorrectDescription" />
    </UnitTest>
    <UnitTest name="CodexBootstrap.Tests.Modules.FileSystemModuleTests.GetFileSystemStats_WithFiles_ReturnsStatistics" storage="/users/ursmuff/source/living-codex-csharp/src/codexbootstrap.tests/bin/debug/net6.0/codexbootstrap.tests.dll" id="c1c3c15c-2fd4-f407-447a-9b6a9260e785">
      <Execution id="bee16a51-9746-4edd-90eb-ef8c25f547e3" />
      <TestMethod codeBase="/Users/ursmuff/source/Living-Codex-CSharp/src/CodexBootstrap.Tests/bin/Debug/net6.0/CodexBootstrap.Tests.dll" adapterTypeName="executor://xunit/VsTestRunner2/netcoreapp" className="CodexBootstrap.Tests.Modules.FileSystemModuleTests" name="GetFileSystemStats_WithFiles_ReturnsStatistics" />
    </UnitTest>
    <UnitTest name="CodexBootstrap.Tests.IdentityTests.AuthenticateUser_ShouldAuthenticateValidUser" storage="/users/ursmuff/source/living-codex-csharp/src/codexbootstrap.tests/bin/debug/net6.0/codexbootstrap.tests.dll" id="3ee13cb4-0958-6775-b9ba-c8af5a50fd57">
      <Execution id="36bb320b-3e6d-4f43-bf31-e1518ad26100" />
      <TestMethod codeBase="/Users/ursmuff/source/Living-Codex-CSharp/src/CodexBootstrap.Tests/bin/Debug/net6.0/CodexBootstrap.Tests.dll" adapterTypeName="executor://xunit/VsTestRunner2/netcoreapp" className="CodexBootstrap.Tests.IdentityTests" name="AuthenticateUser_ShouldAuthenticateValidUser" />
    </UnitTest>
    <UnitTest name="CodexBootstrap.Tests.HealthTests.HealthCheck_ShouldReturnValidJson" storage="/users/ursmuff/source/living-codex-csharp/src/codexbootstrap.tests/bin/debug/net6.0/codexbootstrap.tests.dll" id="bb61d7e3-a613-b2b8-0303-181e7a73d65b">
      <Execution id="c5bde5d0-9f94-436a-b214-3a2162f00483" />
      <TestMethod codeBase="/Users/ursmuff/source/Living-Codex-CSharp/src/CodexBootstrap.Tests/bin/Debug/net6.0/CodexBootstrap.Tests.dll" adapterTypeName="executor://xunit/VsTestRunner2/netcoreapp" className="CodexBootstrap.Tests.HealthTests" name="HealthCheck_ShouldReturnValidJson" />
    </UnitTest>
    <UnitTest name="CodexBootstrap.Tests.Modules.EnergyModuleApiTests.GetCollectiveEnergy_ShouldReturnEnergyValue_WhenImplemented" storage="/users/ursmuff/source/living-codex-csharp/src/codexbootstrap.tests/bin/debug/net6.0/codexbootstrap.tests.dll" id="0eb841ee-4360-bfaa-b760-47ef164dac80">
      <Execution id="a2d5da6c-44c0-4d21-b18f-a2403d3c4a7c" />
      <TestMethod codeBase="/Users/ursmuff/source/Living-Codex-CSharp/src/CodexBootstrap.Tests/bin/Debug/net6.0/CodexBootstrap.Tests.dll" adapterTypeName="executor://xunit/VsTestRunner2/netcoreapp" className="CodexBootstrap.Tests.Modules.EnergyModuleApiTests" name="GetCollectiveEnergy_ShouldReturnEnergyValue_WhenImplemented" />
    </UnitTest>
    <UnitTest name="CodexBootstrap.Tests.Modules.NewsModuleApiTests.SearchNews_ShouldReturnSearchResults_WhenImplemented" storage="/users/ursmuff/source/living-codex-csharp/src/codexbootstrap.tests/bin/debug/net6.0/codexbootstrap.tests.dll" id="c7664158-decd-1ae9-8bcf-1591fb563b34">
      <Execution id="dcc657e2-02c6-46d9-9e3f-36398bb22f02" />
      <TestMethod codeBase="/Users/ursmuff/source/Living-Codex-CSharp/src/CodexBootstrap.Tests/bin/Debug/net6.0/CodexBootstrap.Tests.dll" adapterTypeName="executor://xunit/VsTestRunner2/netcoreapp" className="CodexBootstrap.Tests.Modules.NewsModuleApiTests" name="SearchNews_ShouldReturnSearchResults_WhenImplemented" />
    </UnitTest>
    <UnitTest name="CodexBootstrap.Tests.Modules.ThreadsModuleTests.AddReply_WithoutThread_ReturnsError" storage="/users/ursmuff/source/living-codex-csharp/src/codexbootstrap.tests/bin/debug/net6.0/codexbootstrap.tests.dll" id="c7e92259-b8e8-9f87-fc54-366eb8fde590">
      <Execution id="a6035527-8fcf-41f6-bdbc-a9144195f012" />
      <TestMethod codeBase="/Users/ursmuff/source/Living-Codex-CSharp/src/CodexBootstrap.Tests/bin/Debug/net6.0/CodexBootstrap.Tests.dll" adapterTypeName="executor://xunit/VsTestRunner2/netcoreapp" className="CodexBootstrap.Tests.Modules.ThreadsModuleTests" name="AddReply_WithoutThread_ReturnsError" />
    </UnitTest>
    <UnitTest name="CodexBootstrap.Tests.Core.NodeRegistryTests.TryGet_WithNonExistentId_ShouldReturnFalse" storage="/users/ursmuff/source/living-codex-csharp/src/codexbootstrap.tests/bin/debug/net6.0/codexbootstrap.tests.dll" id="cda0a382-6483-cdc5-9e08-2b17d62c9076">
      <Execution id="5c67d77b-9861-4b04-963f-ed7f519f8494" />
      <TestMethod codeBase="/Users/ursmuff/source/Living-Codex-CSharp/src/CodexBootstrap.Tests/bin/Debug/net6.0/CodexBootstrap.Tests.dll" adapterTypeName="executor://xunit/VsTestRunner2/netcoreapp" className="CodexBootstrap.Tests.Core.NodeRegistryTests" name="TryGet_WithNonExistentId_ShouldReturnFalse" />
    </UnitTest>
    <UnitTest name="CodexBootstrap.Tests.IdentityTests.MockIdentityProvider_ShouldExchangeCodeForToken" storage="/users/ursmuff/source/living-codex-csharp/src/codexbootstrap.tests/bin/debug/net6.0/codexbootstrap.tests.dll" id="4c978083-c229-a01c-6a7c-ef18e5236170">
      <Execution id="462f2039-03cf-42db-aca3-1072536eca12" />
      <TestMethod codeBase="/Users/ursmuff/source/Living-Codex-CSharp/src/CodexBootstrap.Tests/bin/Debug/net6.0/CodexBootstrap.Tests.dll" adapterTypeName="executor://xunit/VsTestRunner2/netcoreapp" className="CodexBootstrap.Tests.IdentityTests" name="MockIdentityProvider_ShouldExchangeCodeForToken" />
    </UnitTest>
    <UnitTest name="CodexBootstrap.Tests.Modules.GalleryModuleTests.CreateGalleryItem_WithValidData_CreatesSuccessfully" storage="/users/ursmuff/source/living-codex-csharp/src/codexbootstrap.tests/bin/debug/net6.0/codexbootstrap.tests.dll" id="fac53d0a-a8d0-7e01-0000-597c45ffcfe4">
      <Execution id="f4d68838-d740-4b95-9667-cb1c346d3570" />
      <TestMethod codeBase="/Users/ursmuff/source/Living-Codex-CSharp/src/CodexBootstrap.Tests/bin/Debug/net6.0/CodexBootstrap.Tests.dll" adapterTypeName="executor://xunit/VsTestRunner2/netcoreapp" className="CodexBootstrap.Tests.Modules.GalleryModuleTests" name="CreateGalleryItem_WithValidData_CreatesSuccessfully" />
    </UnitTest>
    <UnitTest name="CodexBootstrap.Tests.Core.StateTransitionTests.Edge_BetweenIceAndWaterNodes_ShouldPersistInWaterStorage" storage="/users/ursmuff/source/living-codex-csharp/src/codexbootstrap.tests/bin/debug/net6.0/codexbootstrap.tests.dll" id="b16165b8-6f91-b918-f137-313f14ff474f">
      <Execution id="a3471c68-9827-4bd6-b85f-2d44d8b670f1" />
      <TestMethod codeBase="/Users/ursmuff/source/Living-Codex-CSharp/src/CodexBootstrap.Tests/bin/Debug/net6.0/CodexBootstrap.Tests.dll" adapterTypeName="executor://xunit/VsTestRunner2/netcoreapp" className="CodexBootstrap.Tests.Core.StateTransitionTests" name="Edge_BetweenIceAndWaterNodes_ShouldPersistInWaterStorage" />
    </UnitTest>
    <UnitTest name="CodexBootstrap.Tests.Modules.ThreadsModuleTests.ListThreads_WithoutMockData_ReturnsEmptyList" storage="/users/ursmuff/source/living-codex-csharp/src/codexbootstrap.tests/bin/debug/net6.0/codexbootstrap.tests.dll" id="17c4bd2f-c5b7-cf83-b33d-828d0fc854b8">
      <Execution id="e819078a-a6eb-401a-9a9e-6f042cb8ee8f" />
      <TestMethod codeBase="/Users/ursmuff/source/Living-Codex-CSharp/src/CodexBootstrap.Tests/bin/Debug/net6.0/CodexBootstrap.Tests.dll" adapterTypeName="executor://xunit/VsTestRunner2/netcoreapp" className="CodexBootstrap.Tests.Modules.ThreadsModuleTests" name="ListThreads_WithoutMockData_ReturnsEmptyList" />
    </UnitTest>
    <UnitTest name="CodexBootstrap.Tests.Modules.NodeEdgeModuleApiTests.GetNode_ShouldReturnNotFound_WhenNodeDoesNotExist" storage="/users/ursmuff/source/living-codex-csharp/src/codexbootstrap.tests/bin/debug/net6.0/codexbootstrap.tests.dll" id="e2097409-445a-3cd5-ae6e-0205fed90d91">
      <Execution id="47c169d5-4b6d-4802-b40c-e104e89f0c2a" />
      <TestMethod codeBase="/Users/ursmuff/source/Living-Codex-CSharp/src/CodexBootstrap.Tests/bin/Debug/net6.0/CodexBootstrap.Tests.dll" adapterTypeName="executor://xunit/VsTestRunner2/netcoreapp" className="CodexBootstrap.Tests.Modules.NodeEdgeModuleApiTests" name="GetNode_ShouldReturnNotFound_WhenNodeDoesNotExist" />
    </UnitTest>
    <UnitTest name="CodexBootstrap.Tests.SimpleIntegrationTests.HealthEndpoint_ShouldReturnHealthyStatus" storage="/users/ursmuff/source/living-codex-csharp/src/codexbootstrap.tests/bin/debug/net6.0/codexbootstrap.tests.dll" id="075a023e-ceab-b914-c2b0-73dc9a4930e6">
      <Execution id="46f0ec43-181a-4fb2-9c0c-5860d64e9840" />
      <TestMethod codeBase="/Users/ursmuff/source/Living-Codex-CSharp/src/CodexBootstrap.Tests/bin/Debug/net6.0/CodexBootstrap.Tests.dll" adapterTypeName="executor://xunit/VsTestRunner2/netcoreapp" className="CodexBootstrap.Tests.SimpleIntegrationTests" name="HealthEndpoint_ShouldReturnHealthyStatus" />
    </UnitTest>
    <UnitTest name="CodexBootstrap.Tests.Integration.ApiIntegrationTests.ModulesEndpoint_ShouldReturnModuleList" storage="/users/ursmuff/source/living-codex-csharp/src/codexbootstrap.tests/bin/debug/net6.0/codexbootstrap.tests.dll" id="0864368a-5d20-d499-562d-dea9741e52aa">
      <Execution id="f10c213b-7099-4d3d-ba2d-2b0799ffa54c" />
      <TestMethod codeBase="/Users/ursmuff/source/Living-Codex-CSharp/src/CodexBootstrap.Tests/bin/Debug/net6.0/CodexBootstrap.Tests.dll" adapterTypeName="executor://xunit/VsTestRunner2/netcoreapp" className="CodexBootstrap.Tests.Integration.ApiIntegrationTests" name="ModulesEndpoint_ShouldReturnModuleList" />
    </UnitTest>
    <UnitTest name="CodexBootstrap.Tests.Modules.FutureKnowledgeModuleTests.ModuleNode_HasCorrectProperties" storage="/users/ursmuff/source/living-codex-csharp/src/codexbootstrap.tests/bin/debug/net6.0/codexbootstrap.tests.dll" id="bba67bf0-0da8-2aa3-67ad-89c48663e058">
      <Execution id="e4048ba2-1bd0-468a-9620-ae9804515339" />
      <TestMethod codeBase="/Users/ursmuff/source/Living-Codex-CSharp/src/CodexBootstrap.Tests/bin/Debug/net6.0/CodexBootstrap.Tests.dll" adapterTypeName="executor://xunit/VsTestRunner2/netcoreapp" className="CodexBootstrap.Tests.Modules.FutureKnowledgeModuleTests" name="ModuleNode_HasCorrectProperties" />
    </UnitTest>
    <UnitTest name="CodexBootstrap.Tests.Core.NodeRegistryTests.AllNodes_ShouldReturnAllRegisteredNodes" storage="/users/ursmuff/source/living-codex-csharp/src/codexbootstrap.tests/bin/debug/net6.0/codexbootstrap.tests.dll" id="98c2172e-97df-13d5-a0eb-3bfd4b42a99b">
      <Execution id="cb06f172-75a0-40ac-bb29-a0cbc50efac4" />
      <TestMethod codeBase="/Users/ursmuff/source/Living-Codex-CSharp/src/CodexBootstrap.Tests/bin/Debug/net6.0/CodexBootstrap.Tests.dll" adapterTypeName="executor://xunit/VsTestRunner2/netcoreapp" className="CodexBootstrap.Tests.Core.NodeRegistryTests" name="AllNodes_ShouldReturnAllRegisteredNodes" />
    </UnitTest>
    <UnitTest name="CodexBootstrap.Tests.Core.NodePersistenceTests.ComplexStateTransition_IceToWaterToGas_ShouldHandleCorrectly" storage="/users/ursmuff/source/living-codex-csharp/src/codexbootstrap.tests/bin/debug/net6.0/codexbootstrap.tests.dll" id="1ef27b33-e8b2-8d88-5c2b-3857b2abb5f1">
      <Execution id="a5046f87-0d33-4008-a858-93de0287c51e" />
      <TestMethod codeBase="/Users/ursmuff/source/Living-Codex-CSharp/src/CodexBootstrap.Tests/bin/Debug/net6.0/CodexBootstrap.Tests.dll" adapterTypeName="executor://xunit/VsTestRunner2/netcoreapp" className="CodexBootstrap.Tests.Core.NodePersistenceTests" name="ComplexStateTransition_IceToWaterToGas_ShouldHandleCorrectly" />
    </UnitTest>
    <UnitTest name="CodexBootstrap.Tests.Integration.ApiIntegrationTests.SwaggerEndpoint_ShouldReturnSwaggerDocumentation" storage="/users/ursmuff/source/living-codex-csharp/src/codexbootstrap.tests/bin/debug/net6.0/codexbootstrap.tests.dll" id="441903f8-b742-d387-3227-bca90d5fdf20">
      <Execution id="53cbdd21-90a4-4c29-b1fa-04a6abf7207f" />
      <TestMethod codeBase="/Users/ursmuff/source/Living-Codex-CSharp/src/CodexBootstrap.Tests/bin/Debug/net6.0/CodexBootstrap.Tests.dll" adapterTypeName="executor://xunit/VsTestRunner2/netcoreapp" className="CodexBootstrap.Tests.Integration.ApiIntegrationTests" name="SwaggerEndpoint_ShouldReturnSwaggerDocumentation" />
    </UnitTest>
    <UnitTest name="CodexBootstrap.Tests.Modules.ConceptModuleApiTests.GetConcepts_ShouldReturnConcepts_WhenConceptsExist" storage="/users/ursmuff/source/living-codex-csharp/src/codexbootstrap.tests/bin/debug/net6.0/codexbootstrap.tests.dll" id="f2016284-bdfc-f7ad-0e9e-b1b0fe7c0d74">
      <Execution id="f66373d8-bee3-4dfb-9f73-7085025b14db" />
      <TestMethod codeBase="/Users/ursmuff/source/Living-Codex-CSharp/src/CodexBootstrap.Tests/bin/Debug/net6.0/CodexBootstrap.Tests.dll" adapterTypeName="executor://xunit/VsTestRunner2/netcoreapp" className="CodexBootstrap.Tests.Modules.ConceptModuleApiTests" name="GetConcepts_ShouldReturnConcepts_WhenConceptsExist" />
    </UnitTest>
    <UnitTest name="CodexBootstrap.Tests.Core.NodeRegistryUserRepositoryTests.DeleteAsync_ShouldRemoveNode" storage="/users/ursmuff/source/living-codex-csharp/src/codexbootstrap.tests/bin/debug/net6.0/codexbootstrap.tests.dll" id="de6737cf-2597-d0d6-4640-2dcefdc86dd1">
      <Execution id="5dc53c09-b24d-4b94-9316-8775c0ae62a5" />
      <TestMethod codeBase="/Users/ursmuff/source/Living-Codex-CSharp/src/CodexBootstrap.Tests/bin/Debug/net6.0/CodexBootstrap.Tests.dll" adapterTypeName="executor://xunit/VsTestRunner2/netcoreapp" className="CodexBootstrap.Tests.Core.NodeRegistryUserRepositoryTests" name="DeleteAsync_ShouldRemoveNode" />
    </UnitTest>
    <UnitTest name="CodexBootstrap.Tests.Core.NodePersistenceTests.DataIntegrity_ComplexContent_ShouldPersistCorrectly" storage="/users/ursmuff/source/living-codex-csharp/src/codexbootstrap.tests/bin/debug/net6.0/codexbootstrap.tests.dll" id="ec5dab1e-1f0f-f383-92f5-6636c26252be">
      <Execution id="4e2a50f9-a302-4c63-982d-f71a37ce79d3" />
      <TestMethod codeBase="/Users/ursmuff/source/Living-Codex-CSharp/src/CodexBootstrap.Tests/bin/Debug/net6.0/CodexBootstrap.Tests.dll" adapterTypeName="executor://xunit/VsTestRunner2/netcoreapp" className="CodexBootstrap.Tests.Core.NodePersistenceTests" name="DataIntegrity_ComplexContent_ShouldPersistCorrectly" />
    </UnitTest>
    <UnitTest name="CodexBootstrap.Tests.Modules.NewsModuleApiTests.GetNewsItem_ShouldReturnNotFound_WhenNewsItemNotFound" storage="/users/ursmuff/source/living-codex-csharp/src/codexbootstrap.tests/bin/debug/net6.0/codexbootstrap.tests.dll" id="55db700b-b4b0-5cf1-78a6-21f835d00459">
      <Execution id="15711f6c-b3fb-4ae1-905d-6c6a48c6ea7e" />
      <TestMethod codeBase="/Users/ursmuff/source/Living-Codex-CSharp/src/CodexBootstrap.Tests/bin/Debug/net6.0/CodexBootstrap.Tests.dll" adapterTypeName="executor://xunit/VsTestRunner2/netcoreapp" className="CodexBootstrap.Tests.Modules.NewsModuleApiTests" name="GetNewsItem_ShouldReturnNotFound_WhenNewsItemNotFound" />
    </UnitTest>
    <UnitTest name="CodexBootstrap.Tests.Modules.FileSystemModuleTests.CreateFile_WithValidRequest_CreatesFileAndNode" storage="/users/ursmuff/source/living-codex-csharp/src/codexbootstrap.tests/bin/debug/net6.0/codexbootstrap.tests.dll" id="aced4986-e1f4-a66e-d3bb-e7d4243e8cbf">
      <Execution id="463c2e0c-0427-4d27-a29e-e6bb0572f330" />
      <TestMethod codeBase="/Users/ursmuff/source/Living-Codex-CSharp/src/CodexBootstrap.Tests/bin/Debug/net6.0/CodexBootstrap.Tests.dll" adapterTypeName="executor://xunit/VsTestRunner2/netcoreapp" className="CodexBootstrap.Tests.Modules.FileSystemModuleTests" name="CreateFile_WithValidRequest_CreatesFileAndNode" />
    </UnitTest>
    <UnitTest name="CodexBootstrap.Tests.ApiEndpointTests.UserEndpoints_ShouldBeAccessible" storage="/users/ursmuff/source/living-codex-csharp/src/codexbootstrap.tests/bin/debug/net6.0/codexbootstrap.tests.dll" id="f1e9172e-c439-b721-cfd4-273b562aabf9">
      <Execution id="16ea887c-7239-4d56-8e3d-b2abd8957774" />
      <TestMethod codeBase="/Users/ursmuff/source/Living-Codex-CSharp/src/CodexBootstrap.Tests/bin/Debug/net6.0/CodexBootstrap.Tests.dll" adapterTypeName="executor://xunit/VsTestRunner2/netcoreapp" className="CodexBootstrap.Tests.ApiEndpointTests" name="UserEndpoints_ShouldBeAccessible" />
    </UnitTest>
    <UnitTest name="CodexBootstrap.Tests.IdentityTests.IdentityCallback_ShouldHandleMockAuthentication" storage="/users/ursmuff/source/living-codex-csharp/src/codexbootstrap.tests/bin/debug/net6.0/codexbootstrap.tests.dll" id="7119bdd5-175e-ef34-2080-2f86d1730b51">
      <Execution id="db0f9e25-21d2-4c02-86b7-fef587cc79c2" />
      <TestMethod codeBase="/Users/ursmuff/source/Living-Codex-CSharp/src/CodexBootstrap.Tests/bin/Debug/net6.0/CodexBootstrap.Tests.dll" adapterTypeName="executor://xunit/VsTestRunner2/netcoreapp" className="CodexBootstrap.Tests.IdentityTests" name="IdentityCallback_ShouldHandleMockAuthentication" />
    </UnitTest>
    <UnitTest name="CodexBootstrap.Tests.Modules.NewsModuleApiTests.GetNewsFeed_ShouldReturnNewsItems_WhenImplemented" storage="/users/ursmuff/source/living-codex-csharp/src/codexbootstrap.tests/bin/debug/net6.0/codexbootstrap.tests.dll" id="f1200e70-c88e-dbc8-b7b0-014a66ebf8a6">
      <Execution id="d335f69c-54ac-4d65-a386-334b562274e1" />
      <TestMethod codeBase="/Users/ursmuff/source/Living-Codex-CSharp/src/CodexBootstrap.Tests/bin/Debug/net6.0/CodexBootstrap.Tests.dll" adapterTypeName="executor://xunit/VsTestRunner2/netcoreapp" className="CodexBootstrap.Tests.Modules.NewsModuleApiTests" name="GetNewsFeed_ShouldReturnNewsItems_WhenImplemented" />
    </UnitTest>
    <UnitTest name="CodexBootstrap.Tests.Modules.NewsModuleApiTests.MarkNewsAsRead_ShouldReturnSuccess_WhenCalled" storage="/users/ursmuff/source/living-codex-csharp/src/codexbootstrap.tests/bin/debug/net6.0/codexbootstrap.tests.dll" id="5c474062-002c-63b6-812f-52223136dd77">
      <Execution id="8ffb04a6-9de9-4531-b73d-05474460dc97" />
      <TestMethod codeBase="/Users/ursmuff/source/Living-Codex-CSharp/src/CodexBootstrap.Tests/bin/Debug/net6.0/CodexBootstrap.Tests.dll" adapterTypeName="executor://xunit/VsTestRunner2/netcoreapp" className="CodexBootstrap.Tests.Modules.NewsModuleApiTests" name="MarkNewsAsRead_ShouldReturnSuccess_WhenCalled" />
    </UnitTest>
    <UnitTest name="CodexBootstrap.Tests.Core.NodeRegistryTests.UpsertNode_WithValidNode_ShouldRegisterSuccessfully" storage="/users/ursmuff/source/living-codex-csharp/src/codexbootstrap.tests/bin/debug/net6.0/codexbootstrap.tests.dll" id="d0160707-f909-e423-0bd5-ceb0e7a99a9c">
      <Execution id="0010cf0c-c587-42f2-9680-89168dc16449" />
      <TestMethod codeBase="/Users/ursmuff/source/Living-Codex-CSharp/src/CodexBootstrap.Tests/bin/Debug/net6.0/CodexBootstrap.Tests.dll" adapterTypeName="executor://xunit/VsTestRunner2/netcoreapp" className="CodexBootstrap.Tests.Core.NodeRegistryTests" name="UpsertNode_WithValidNode_ShouldRegisterSuccessfully" />
    </UnitTest>
    <UnitTest name="CodexBootstrap.Tests.Modules.IdentityModuleApiTests.Authenticate_ShouldReturnUnauthorized_WhenInvalidCredentials" storage="/users/ursmuff/source/living-codex-csharp/src/codexbootstrap.tests/bin/debug/net6.0/codexbootstrap.tests.dll" id="699de456-4b30-e20b-d29b-f9997d34c156">
      <Execution id="431e6110-5b14-4014-bb30-afb8816fcab0" />
      <TestMethod codeBase="/Users/ursmuff/source/Living-Codex-CSharp/src/CodexBootstrap.Tests/bin/Debug/net6.0/CodexBootstrap.Tests.dll" adapterTypeName="executor://xunit/VsTestRunner2/netcoreapp" className="CodexBootstrap.Tests.Modules.IdentityModuleApiTests" name="Authenticate_ShouldReturnUnauthorized_WhenInvalidCredentials" />
    </UnitTest>
    <UnitTest name="CodexBootstrap.Tests.Modules.ThreadsModuleTests.CreateThread_WithValidData_CreatesSuccessfully" storage="/users/ursmuff/source/living-codex-csharp/src/codexbootstrap.tests/bin/debug/net6.0/codexbootstrap.tests.dll" id="4eb589ee-9d4d-03f8-74f4-3090e3f3a730">
      <Execution id="bc841066-4088-4339-966d-88379be618f5" />
      <TestMethod codeBase="/Users/ursmuff/source/Living-Codex-CSharp/src/CodexBootstrap.Tests/bin/Debug/net6.0/CodexBootstrap.Tests.dll" adapterTypeName="executor://xunit/VsTestRunner2/netcoreapp" className="CodexBootstrap.Tests.Modules.ThreadsModuleTests" name="CreateThread_WithValidData_CreatesSuccessfully" />
    </UnitTest>
    <UnitTest name="CodexBootstrap.Tests.Modules.GalleryModuleTests.CreateGalleryItem_WithoutImageUrl_ReturnsError" storage="/users/ursmuff/source/living-codex-csharp/src/codexbootstrap.tests/bin/debug/net6.0/codexbootstrap.tests.dll" id="146ff060-bcc7-e0b1-fb2c-4c0b171c5a00">
      <Execution id="5d6ceae9-45ec-45da-a70a-868437a8703c" />
      <TestMethod codeBase="/Users/ursmuff/source/Living-Codex-CSharp/src/CodexBootstrap.Tests/bin/Debug/net6.0/CodexBootstrap.Tests.dll" adapterTypeName="executor://xunit/VsTestRunner2/netcoreapp" className="CodexBootstrap.Tests.Modules.GalleryModuleTests" name="CreateGalleryItem_WithoutImageUrl_ReturnsError" />
    </UnitTest>
    <UnitTest name="CodexBootstrap.Tests.Modules.FutureKnowledgeModuleTests.ApplyFutureKnowledge_WithNonExistentKnowledge_ReturnsError" storage="/users/ursmuff/source/living-codex-csharp/src/codexbootstrap.tests/bin/debug/net6.0/codexbootstrap.tests.dll" id="3b5b492a-a447-2aad-e146-fe2b0287447c">
      <Execution id="39551ff2-cd41-4eb4-951d-029ab471f929" />
      <TestMethod codeBase="/Users/ursmuff/source/Living-Codex-CSharp/src/CodexBootstrap.Tests/bin/Debug/net6.0/CodexBootstrap.Tests.dll" adapterTypeName="executor://xunit/VsTestRunner2/netcoreapp" className="CodexBootstrap.Tests.Modules.FutureKnowledgeModuleTests" name="ApplyFutureKnowledge_WithNonExistentKnowledge_ReturnsError" />
    </UnitTest>
    <UnitTest name="CodexBootstrap.Tests.Modules.NoMockDataRegressionTests.GalleryModule_ListItems_WithoutMockData_ReturnsEmptyOrError" storage="/users/ursmuff/source/living-codex-csharp/src/codexbootstrap.tests/bin/debug/net6.0/codexbootstrap.tests.dll" id="0f184395-31a3-e4ac-1551-a332544da800">
      <Execution id="9eba81c3-7cf1-4473-bc28-fd1eba0359d0" />
      <TestMethod codeBase="/Users/ursmuff/source/Living-Codex-CSharp/src/CodexBootstrap.Tests/bin/Debug/net6.0/CodexBootstrap.Tests.dll" adapterTypeName="executor://xunit/VsTestRunner2/netcoreapp" className="CodexBootstrap.Tests.Modules.NoMockDataRegressionTests" name="GalleryModule_ListItems_WithoutMockData_ReturnsEmptyOrError" />
    </UnitTest>
    <UnitTest name="CodexBootstrap.Tests.ApiIntegrationTests.GoogleOAuthLogin_ShouldInitiateLoginFlow" storage="/users/ursmuff/source/living-codex-csharp/src/codexbootstrap.tests/bin/debug/net6.0/codexbootstrap.tests.dll" id="fb0dc501-3b66-e027-61aa-7077b3c509b2">
      <Execution id="cf458514-e533-4953-b9d7-86827a0d7ad4" />
      <TestMethod codeBase="/Users/ursmuff/source/Living-Codex-CSharp/src/CodexBootstrap.Tests/bin/Debug/net6.0/CodexBootstrap.Tests.dll" adapterTypeName="executor://xunit/VsTestRunner2/netcoreapp" className="CodexBootstrap.Tests.ApiIntegrationTests" name="GoogleOAuthLogin_ShouldInitiateLoginFlow" />
    </UnitTest>
    <UnitTest name="CodexBootstrap.Tests.ComprehensiveEndpointDiscovery.SwaggerEndpoint_ShouldReturnApiDocumentation" storage="/users/ursmuff/source/living-codex-csharp/src/codexbootstrap.tests/bin/debug/net6.0/codexbootstrap.tests.dll" id="d7af24cc-1160-9a7c-4a14-3e64c6768ae5">
      <Execution id="4216343c-e292-4815-9be2-9705b788ef78" />
      <TestMethod codeBase="/Users/ursmuff/source/Living-Codex-CSharp/src/CodexBootstrap.Tests/bin/Debug/net6.0/CodexBootstrap.Tests.dll" adapterTypeName="executor://xunit/VsTestRunner2/netcoreapp" className="CodexBootstrap.Tests.ComprehensiveEndpointDiscovery" name="SwaggerEndpoint_ShouldReturnApiDocumentation" />
    </UnitTest>
    <UnitTest name="CodexBootstrap.Tests.Modules.UXPrimitivesModuleTests.GenerateReflection_WithNonExistentContent_ReturnsError" storage="/users/ursmuff/source/living-codex-csharp/src/codexbootstrap.tests/bin/debug/net6.0/codexbootstrap.tests.dll" id="b55e377f-0118-4ced-cfa6-b015b03a53b0">
      <Execution id="48e60c27-0de6-45b5-b57b-a36006119762" />
      <TestMethod codeBase="/Users/ursmuff/source/Living-Codex-CSharp/src/CodexBootstrap.Tests/bin/Debug/net6.0/CodexBootstrap.Tests.dll" adapterTypeName="executor://xunit/VsTestRunner2/netcoreapp" className="CodexBootstrap.Tests.Modules.UXPrimitivesModuleTests" name="GenerateReflection_WithNonExistentContent_ReturnsError" />
    </UnitTest>
    <UnitTest name="CodexBootstrap.Tests.Modules.NewsModuleApiTests.GetReadNews_ShouldReturnEmptyResults_WhenNoReadNews" storage="/users/ursmuff/source/living-codex-csharp/src/codexbootstrap.tests/bin/debug/net6.0/codexbootstrap.tests.dll" id="ed4eeeaf-65c2-fe54-b0e2-7f711f9498db">
      <Execution id="8ac0666c-2db4-4f5d-9ae7-2c541c62cdaa" />
      <TestMethod codeBase="/Users/ursmuff/source/Living-Codex-CSharp/src/CodexBootstrap.Tests/bin/Debug/net6.0/CodexBootstrap.Tests.dll" adapterTypeName="executor://xunit/VsTestRunner2/netcoreapp" className="CodexBootstrap.Tests.Modules.NewsModuleApiTests" name="GetReadNews_ShouldReturnEmptyResults_WhenNoReadNews" />
    </UnitTest>
    <UnitTest name="CodexBootstrap.Tests.Core.NodePersistenceTests.ServerRestart_WaterNodes_ShouldNotSurviveRestart" storage="/users/ursmuff/source/living-codex-csharp/src/codexbootstrap.tests/bin/debug/net6.0/codexbootstrap.tests.dll" id="d94c59b9-3860-902d-b295-c5d99d6d5e53">
      <Execution id="d10e8a0b-c564-4a30-810a-1576593ddeff" />
      <TestMethod codeBase="/Users/ursmuff/source/Living-Codex-CSharp/src/CodexBootstrap.Tests/bin/Debug/net6.0/CodexBootstrap.Tests.dll" adapterTypeName="executor://xunit/VsTestRunner2/netcoreapp" className="CodexBootstrap.Tests.Core.NodePersistenceTests" name="ServerRestart_WaterNodes_ShouldNotSurviveRestart" />
    </UnitTest>
    <UnitTest name="CodexBootstrap.Tests.UCoreOntologyTests.ChakrasAxis_Node_Should_Exist" storage="/users/ursmuff/source/living-codex-csharp/src/codexbootstrap.tests/bin/debug/net6.0/codexbootstrap.tests.dll" id="0f0bfda1-cada-6668-e50b-f263755ddcfa">
      <Execution id="a22cc8eb-99c0-49e2-9798-f181eb7ba97c" />
      <TestMethod codeBase="/Users/ursmuff/source/Living-Codex-CSharp/src/CodexBootstrap.Tests/bin/Debug/net6.0/CodexBootstrap.Tests.dll" adapterTypeName="executor://xunit/VsTestRunner2/netcoreapp" className="CodexBootstrap.Tests.UCoreOntologyTests" name="ChakrasAxis_Node_Should_Exist" />
    </UnitTest>
    <UnitTest name="CodexBootstrap.Tests.Core.NodePersistenceTests.EdgePersistence_IceToIce_ShouldPersistInIceStorage" storage="/users/ursmuff/source/living-codex-csharp/src/codexbootstrap.tests/bin/debug/net6.0/codexbootstrap.tests.dll" id="297dbb1d-563a-4ae2-6e9d-d6d45465095a">
      <Execution id="7cbcc776-2e1d-4036-a28f-709a56490002" />
      <TestMethod codeBase="/Users/ursmuff/source/Living-Codex-CSharp/src/CodexBootstrap.Tests/bin/Debug/net6.0/CodexBootstrap.Tests.dll" adapterTypeName="executor://xunit/VsTestRunner2/netcoreapp" className="CodexBootstrap.Tests.Core.NodePersistenceTests" name="EdgePersistence_IceToIce_ShouldPersistInIceStorage" />
    </UnitTest>
    <UnitTest name="CodexBootstrap.Tests.Modules.AIModuleTests.Register_ShouldRegisterModuleWithRegistry" storage="/users/ursmuff/source/living-codex-csharp/src/codexbootstrap.tests/bin/debug/net6.0/codexbootstrap.tests.dll" id="44690745-9c88-3bf3-0c2f-a725a9065892">
      <Execution id="3f1d4b21-5b22-4661-bb6c-2613841c9858" />
      <TestMethod codeBase="/Users/ursmuff/source/Living-Codex-CSharp/src/CodexBootstrap.Tests/bin/Debug/net6.0/CodexBootstrap.Tests.dll" adapterTypeName="executor://xunit/VsTestRunner2/netcoreapp" className="CodexBootstrap.Tests.Modules.AIModuleTests" name="Register_ShouldRegisterModuleWithRegistry" />
    </UnitTest>
    <UnitTest name="CodexBootstrap.Tests.Core.LLMOrchestratorTests.ExecuteParallelAsync_WithMultipleOperations_ShouldExecuteAll" storage="/users/ursmuff/source/living-codex-csharp/src/codexbootstrap.tests/bin/debug/net6.0/codexbootstrap.tests.dll" id="c353011d-9e94-c67d-e6eb-396de9239c5d">
      <Execution id="a1ba4a0e-2bf0-454a-ad38-b4587c648d99" />
      <TestMethod codeBase="/Users/ursmuff/source/Living-Codex-CSharp/src/CodexBootstrap.Tests/bin/Debug/net6.0/CodexBootstrap.Tests.dll" adapterTypeName="executor://xunit/VsTestRunner2/netcoreapp" className="CodexBootstrap.Tests.Core.LLMOrchestratorTests" name="ExecuteParallelAsync_WithMultipleOperations_ShouldExecuteAll" />
    </UnitTest>
    <UnitTest name="CodexBootstrap.Tests.ApiEndpointTests.Root_ShouldReturnResponse" storage="/users/ursmuff/source/living-codex-csharp/src/codexbootstrap.tests/bin/debug/net6.0/codexbootstrap.tests.dll" id="0c97d759-0190-10c2-9a46-6ea0e0639ab1">
      <Execution id="71ee2595-c915-41cb-bf88-c91da984d33f" />
      <TestMethod codeBase="/Users/ursmuff/source/Living-Codex-CSharp/src/CodexBootstrap.Tests/bin/Debug/net6.0/CodexBootstrap.Tests.dll" adapterTypeName="executor://xunit/VsTestRunner2/netcoreapp" className="CodexBootstrap.Tests.ApiEndpointTests" name="Root_ShouldReturnResponse" />
    </UnitTest>
    <UnitTest name="CodexBootstrap.Tests.Modules.NodeEdgeModuleApiTests.GetNodes_ShouldHandleInvalidQueryParameters" storage="/users/ursmuff/source/living-codex-csharp/src/codexbootstrap.tests/bin/debug/net6.0/codexbootstrap.tests.dll" id="bfb2c8de-1e85-9952-9db6-620f4acf1697">
      <Execution id="5cb5d583-bf08-496f-899c-2c435844100a" />
      <TestMethod codeBase="/Users/ursmuff/source/Living-Codex-CSharp/src/CodexBootstrap.Tests/bin/Debug/net6.0/CodexBootstrap.Tests.dll" adapterTypeName="executor://xunit/VsTestRunner2/netcoreapp" className="CodexBootstrap.Tests.Modules.NodeEdgeModuleApiTests" name="GetNodes_ShouldHandleInvalidQueryParameters" />
    </UnitTest>
    <UnitTest name="CodexBootstrap.Tests.Modules.NoMockDataRegressionTests.FutureKnowledge_RetrieveFutureKnowledge_WithRealImplementation_ReturnsSuccess" storage="/users/ursmuff/source/living-codex-csharp/src/codexbootstrap.tests/bin/debug/net6.0/codexbootstrap.tests.dll" id="7e413d25-15e9-ae82-c3ad-0fea9e290606">
      <Execution id="46e61145-7829-4c40-9ae9-523e2d8ed037" />
      <TestMethod codeBase="/Users/ursmuff/source/Living-Codex-CSharp/src/CodexBootstrap.Tests/bin/Debug/net6.0/CodexBootstrap.Tests.dll" adapterTypeName="executor://xunit/VsTestRunner2/netcoreapp" className="CodexBootstrap.Tests.Modules.NoMockDataRegressionTests" name="FutureKnowledge_RetrieveFutureKnowledge_WithRealImplementation_ReturnsSuccess" />
    </UnitTest>
    <UnitTest name="CodexBootstrap.Tests.Modules.UXPrimitivesModuleTests.SendInvite_WithValidData_CreatesSuccessfully" storage="/users/ursmuff/source/living-codex-csharp/src/codexbootstrap.tests/bin/debug/net6.0/codexbootstrap.tests.dll" id="df8d72e5-e210-8677-f027-f8ba257cf478">
      <Execution id="a36e8581-033a-460b-afe5-9e57619c94af" />
      <TestMethod codeBase="/Users/ursmuff/source/Living-Codex-CSharp/src/CodexBootstrap.Tests/bin/Debug/net6.0/CodexBootstrap.Tests.dll" adapterTypeName="executor://xunit/VsTestRunner2/netcoreapp" className="CodexBootstrap.Tests.Modules.UXPrimitivesModuleTests" name="SendInvite_WithValidData_CreatesSuccessfully" />
    </UnitTest>
    <UnitTest name="CodexBootstrap.Tests.Core.NodePersistenceTests.BulkOperations_ShouldMaintainStateConsistency" storage="/users/ursmuff/source/living-codex-csharp/src/codexbootstrap.tests/bin/debug/net6.0/codexbootstrap.tests.dll" id="5a8b9ae5-6cd8-00d0-c3cf-0d2174ecfe54">
      <Execution id="88a73815-0465-422b-ba20-c3a4f51d8077" />
      <TestMethod codeBase="/Users/ursmuff/source/Living-Codex-CSharp/src/CodexBootstrap.Tests/bin/Debug/net6.0/CodexBootstrap.Tests.dll" adapterTypeName="executor://xunit/VsTestRunner2/netcoreapp" className="CodexBootstrap.Tests.Core.NodePersistenceTests" name="BulkOperations_ShouldMaintainStateConsistency" />
    </UnitTest>
    <UnitTest name="CodexBootstrap.Tests.Core.StateTransitionTests.NodeStateTransition_FromWaterToIce_ShouldMigrateEdgesToIce" storage="/users/ursmuff/source/living-codex-csharp/src/codexbootstrap.tests/bin/debug/net6.0/codexbootstrap.tests.dll" id="f0c4e84a-6a98-a7e5-d083-79a02acb860c">
      <Execution id="5147430e-cf17-4fcf-aa3c-a86a43936d87" />
      <TestMethod codeBase="/Users/ursmuff/source/Living-Codex-CSharp/src/CodexBootstrap.Tests/bin/Debug/net6.0/CodexBootstrap.Tests.dll" adapterTypeName="executor://xunit/VsTestRunner2/netcoreapp" className="CodexBootstrap.Tests.Core.StateTransitionTests" name="NodeStateTransition_FromWaterToIce_ShouldMigrateEdgesToIce" />
    </UnitTest>
    <UnitTest name="CodexBootstrap.Tests.Modules.NodeEdgeModuleApiTests.GetEdges_ShouldReturnEdgesList_WhenImplemented" storage="/users/ursmuff/source/living-codex-csharp/src/codexbootstrap.tests/bin/debug/net6.0/codexbootstrap.tests.dll" id="48f0b978-87f3-597c-b969-584d8c7f342b">
      <Execution id="e79a949e-4723-4e06-bf98-b6d8e07bd127" />
      <TestMethod codeBase="/Users/ursmuff/source/Living-Codex-CSharp/src/CodexBootstrap.Tests/bin/Debug/net6.0/CodexBootstrap.Tests.dll" adapterTypeName="executor://xunit/VsTestRunner2/netcoreapp" className="CodexBootstrap.Tests.Modules.NodeEdgeModuleApiTests" name="GetEdges_ShouldReturnEdgesList_WhenImplemented" />
    </UnitTest>
    <UnitTest name="CodexBootstrap.Tests.IdentityTests.MockIdentityProvider_ShouldValidateUser" storage="/users/ursmuff/source/living-codex-csharp/src/codexbootstrap.tests/bin/debug/net6.0/codexbootstrap.tests.dll" id="330b9d6c-f08d-3484-f6a0-3b921f0a24a8">
      <Execution id="2287db94-af5a-4962-90df-178f0cbd84b8" />
      <TestMethod codeBase="/Users/ursmuff/source/Living-Codex-CSharp/src/CodexBootstrap.Tests/bin/Debug/net6.0/CodexBootstrap.Tests.dll" adapterTypeName="executor://xunit/VsTestRunner2/netcoreapp" className="CodexBootstrap.Tests.IdentityTests" name="MockIdentityProvider_ShouldValidateUser" />
    </UnitTest>
    <UnitTest name="CodexBootstrap.Tests.Modules.NoMockDataRegressionTests.ModuleEndpoints_WithInvalidData_ReturnCleanErrors(endpoint: &quot;/gallery/create&quot;)" storage="/users/ursmuff/source/living-codex-csharp/src/codexbootstrap.tests/bin/debug/net6.0/codexbootstrap.tests.dll" id="559b9436-2baf-3857-ad76-499358d93140">
      <Execution id="44f9c608-971e-4636-9123-1a28016ea4c3" />
      <TestMethod codeBase="/Users/ursmuff/source/Living-Codex-CSharp/src/CodexBootstrap.Tests/bin/Debug/net6.0/CodexBootstrap.Tests.dll" adapterTypeName="executor://xunit/VsTestRunner2/netcoreapp" className="CodexBootstrap.Tests.Modules.NoMockDataRegressionTests" name="ModuleEndpoints_WithInvalidData_ReturnCleanErrors" />
    </UnitTest>
    <UnitTest name="CodexBootstrap.Tests.Core.LLMOrchestratorTests.Constructor_ShouldInitializeCorrectly" storage="/users/ursmuff/source/living-codex-csharp/src/codexbootstrap.tests/bin/debug/net6.0/codexbootstrap.tests.dll" id="b16e5439-5de2-497d-5713-ea1d44c4819a">
      <Execution id="4590184b-beb1-4508-8fd0-be7e87837563" />
      <TestMethod codeBase="/Users/ursmuff/source/Living-Codex-CSharp/src/CodexBootstrap.Tests/bin/Debug/net6.0/CodexBootstrap.Tests.dll" adapterTypeName="executor://xunit/VsTestRunner2/netcoreapp" className="CodexBootstrap.Tests.Core.LLMOrchestratorTests" name="Constructor_ShouldInitializeCorrectly" />
    </UnitTest>
    <UnitTest name="CodexBootstrap.Tests.NewsSourceTests.NewsSourcesConfig_Should_LoadAllSources" storage="/users/ursmuff/source/living-codex-csharp/src/codexbootstrap.tests/bin/debug/net6.0/codexbootstrap.tests.dll" id="1f3199f3-f842-d0f8-2cf4-0c685e5c5cf9">
      <Execution id="bde17873-7163-451f-989b-88bb7b4eb7fa" />
      <TestMethod codeBase="/Users/ursmuff/source/Living-Codex-CSharp/src/CodexBootstrap.Tests/bin/Debug/net6.0/CodexBootstrap.Tests.dll" adapterTypeName="executor://xunit/VsTestRunner2/netcoreapp" className="CodexBootstrap.Tests.NewsSourceTests" name="NewsSourcesConfig_Should_LoadAllSources" />
    </UnitTest>
    <UnitTest name="CodexBootstrap.Tests.Modules.GalleryModuleTests.ListGalleryItems_WithoutMockData_ReturnsEmptyList" storage="/users/ursmuff/source/living-codex-csharp/src/codexbootstrap.tests/bin/debug/net6.0/codexbootstrap.tests.dll" id="a3b04758-d6c8-afae-35de-edc9990eb840">
      <Execution id="e741c187-4c7b-465f-9f00-7ab2462ec6b9" />
      <TestMethod codeBase="/Users/ursmuff/source/Living-Codex-CSharp/src/CodexBootstrap.Tests/bin/Debug/net6.0/CodexBootstrap.Tests.dll" adapterTypeName="executor://xunit/VsTestRunner2/netcoreapp" className="CodexBootstrap.Tests.Modules.GalleryModuleTests" name="ListGalleryItems_WithoutMockData_ReturnsEmptyList" />
    </UnitTest>
    <UnitTest name="CodexBootstrap.Tests.Core.NodePersistenceTests.EdgePersistence_MixedStates_ShouldBeGas" storage="/users/ursmuff/source/living-codex-csharp/src/codexbootstrap.tests/bin/debug/net6.0/codexbootstrap.tests.dll" id="f7b0b764-6d52-78e1-ce67-39dccd32fc90">
      <Execution id="ee22ba11-2203-4d07-bc8d-c37ece73e581" />
      <TestMethod codeBase="/Users/ursmuff/source/Living-Codex-CSharp/src/CodexBootstrap.Tests/bin/Debug/net6.0/CodexBootstrap.Tests.dll" adapterTypeName="executor://xunit/VsTestRunner2/netcoreapp" className="CodexBootstrap.Tests.Core.NodePersistenceTests" name="EdgePersistence_MixedStates_ShouldBeGas" />
    </UnitTest>
    <UnitTest name="CodexBootstrap.Tests.Core.NodePersistenceTests.StressTest_ManyNodesAndEdges_ShouldMaintainPerformance" storage="/users/ursmuff/source/living-codex-csharp/src/codexbootstrap.tests/bin/debug/net6.0/codexbootstrap.tests.dll" id="30c37470-8d6f-a7b2-7507-7a508b6368f0">
      <Execution id="203e755a-528e-4b65-91bf-0cc45d6e2976" />
      <TestMethod codeBase="/Users/ursmuff/source/Living-Codex-CSharp/src/CodexBootstrap.Tests/bin/Debug/net6.0/CodexBootstrap.Tests.dll" adapterTypeName="executor://xunit/VsTestRunner2/netcoreapp" className="CodexBootstrap.Tests.Core.NodePersistenceTests" name="StressTest_ManyNodesAndEdges_ShouldMaintainPerformance" />
    </UnitTest>
    <UnitTest name="CodexBootstrap.Tests.ApiIntegrationTests.Modules_ShouldBeAvailable" storage="/users/ursmuff/source/living-codex-csharp/src/codexbootstrap.tests/bin/debug/net6.0/codexbootstrap.tests.dll" id="5f315f1e-d6f1-03f6-3f34-8b951770fd4b">
      <Execution id="bcf34dfd-64a6-4f52-85a9-0e190885c382" />
      <TestMethod codeBase="/Users/ursmuff/source/Living-Codex-CSharp/src/CodexBootstrap.Tests/bin/Debug/net6.0/CodexBootstrap.Tests.dll" adapterTypeName="executor://xunit/VsTestRunner2/netcoreapp" className="CodexBootstrap.Tests.ApiIntegrationTests" name="Modules_ShouldBeAvailable" />
    </UnitTest>
    <UnitTest name="CodexBootstrap.Tests.Core.NodeRegistryTests.GetNodesByType_ShouldReturnNodesOfSpecificType" storage="/users/ursmuff/source/living-codex-csharp/src/codexbootstrap.tests/bin/debug/net6.0/codexbootstrap.tests.dll" id="410a93d4-5a0d-cd14-1966-c13e3bca40a5">
      <Execution id="3c058bd2-5f4d-476b-9392-5a5b586b533a" />
      <TestMethod codeBase="/Users/ursmuff/source/Living-Codex-CSharp/src/CodexBootstrap.Tests/bin/Debug/net6.0/CodexBootstrap.Tests.dll" adapterTypeName="executor://xunit/VsTestRunner2/netcoreapp" className="CodexBootstrap.Tests.Core.NodeRegistryTests" name="GetNodesByType_ShouldReturnNodesOfSpecificType" />
    </UnitTest>
    <UnitTest name="CodexBootstrap.Tests.Modules.NodeEdgeModuleApiTests.GetEdge_ShouldReturnNotFound_WhenNotImplemented" storage="/users/ursmuff/source/living-codex-csharp/src/codexbootstrap.tests/bin/debug/net6.0/codexbootstrap.tests.dll" id="19691bde-a850-be64-1937-e776a14dda46">
      <Execution id="aea50662-6b42-4271-b2e3-898cd2a265a4" />
      <TestMethod codeBase="/Users/ursmuff/source/Living-Codex-CSharp/src/CodexBootstrap.Tests/bin/Debug/net6.0/CodexBootstrap.Tests.dll" adapterTypeName="executor://xunit/VsTestRunner2/netcoreapp" className="CodexBootstrap.Tests.Modules.NodeEdgeModuleApiTests" name="GetEdge_ShouldReturnNotFound_WhenNotImplemented" />
    </UnitTest>
    <UnitTest name="CodexBootstrap.Tests.Modules.NoMockDataRegressionTests.ModuleEndpoints_WithInvalidData_ReturnCleanErrors(endpoint: &quot;/threads/create&quot;)" storage="/users/ursmuff/source/living-codex-csharp/src/codexbootstrap.tests/bin/debug/net6.0/codexbootstrap.tests.dll" id="e8d4d606-490f-c18b-b9f2-d71b9249e382">
      <Execution id="757386cc-3fbb-43c6-b8fb-4596474f7694" />
      <TestMethod codeBase="/Users/ursmuff/source/Living-Codex-CSharp/src/CodexBootstrap.Tests/bin/Debug/net6.0/CodexBootstrap.Tests.dll" adapterTypeName="executor://xunit/VsTestRunner2/netcoreapp" className="CodexBootstrap.Tests.Modules.NoMockDataRegressionTests" name="ModuleEndpoints_WithInvalidData_ReturnCleanErrors" />
    </UnitTest>
    <UnitTest name="CodexBootstrap.Tests.UCoreOntologyTests.QuantumDimensionsAxis_Node_Should_Exist" storage="/users/ursmuff/source/living-codex-csharp/src/codexbootstrap.tests/bin/debug/net6.0/codexbootstrap.tests.dll" id="71f08f4d-d319-720b-3b50-8197a3660ed2">
      <Execution id="930457c4-76ac-4cd5-a5ed-64675b5ef819" />
      <TestMethod codeBase="/Users/ursmuff/source/Living-Codex-CSharp/src/CodexBootstrap.Tests/bin/Debug/net6.0/CodexBootstrap.Tests.dll" adapterTypeName="executor://xunit/VsTestRunner2/netcoreapp" className="CodexBootstrap.Tests.UCoreOntologyTests" name="QuantumDimensionsAxis_Node_Should_Exist" />
    </UnitTest>
    <UnitTest name="CodexBootstrap.Tests.Modules.IdentityModuleApiTests.GoogleLogin_ShouldReturnRedirect_WhenProviderAvailable" storage="/users/ursmuff/source/living-codex-csharp/src/codexbootstrap.tests/bin/debug/net6.0/codexbootstrap.tests.dll" id="0e83f6d2-f0e7-2e47-ad7b-fd57feab6720">
      <Execution id="f7e49c46-9fee-4456-aba0-d70458b5faa1" />
      <TestMethod codeBase="/Users/ursmuff/source/Living-Codex-CSharp/src/CodexBootstrap.Tests/bin/Debug/net6.0/CodexBootstrap.Tests.dll" adapterTypeName="executor://xunit/VsTestRunner2/netcoreapp" className="CodexBootstrap.Tests.Modules.IdentityModuleApiTests" name="GoogleLogin_ShouldReturnRedirect_WhenProviderAvailable" />
    </UnitTest>
    <UnitTest name="CodexBootstrap.Tests.Modules.IdentityModuleApiTests.Authenticate_ShouldRespondWithinAcceptableTime" storage="/users/ursmuff/source/living-codex-csharp/src/codexbootstrap.tests/bin/debug/net6.0/codexbootstrap.tests.dll" id="52464efb-4166-65c1-6219-acc12f2b3ff6">
      <Execution id="a3ca2df9-fb41-4148-9357-8b687d137a60" />
      <TestMethod codeBase="/Users/ursmuff/source/Living-Codex-CSharp/src/CodexBootstrap.Tests/bin/Debug/net6.0/CodexBootstrap.Tests.dll" adapterTypeName="executor://xunit/VsTestRunner2/netcoreapp" className="CodexBootstrap.Tests.Modules.IdentityModuleApiTests" name="Authenticate_ShouldRespondWithinAcceptableTime" />
    </UnitTest>
    <UnitTest name="CodexBootstrap.Tests.Modules.PersonalNewsMatchingTests.GetUserNewsFeed_ShouldPrioritizeItemsMatchingUserInterests" storage="/users/ursmuff/source/living-codex-csharp/src/codexbootstrap.tests/bin/debug/net6.0/codexbootstrap.tests.dll" id="1bc1b8d4-02b1-64e2-302f-169565ce0455">
      <Execution id="adc1d5ac-b5e7-4d67-b56c-8bba09a045dc" />
      <TestMethod codeBase="/Users/ursmuff/source/Living-Codex-CSharp/src/CodexBootstrap.Tests/bin/Debug/net6.0/CodexBootstrap.Tests.dll" adapterTypeName="executor://xunit/VsTestRunner2/netcoreapp" className="CodexBootstrap.Tests.Modules.PersonalNewsMatchingTests" name="GetUserNewsFeed_ShouldPrioritizeItemsMatchingUserInterests" />
    </UnitTest>
    <UnitTest name="CodexBootstrap.Tests.Core.NodeRegistryUserRepositoryTests.GetByEmailAsync_ShouldMatchRegardlessOfCase" storage="/users/ursmuff/source/living-codex-csharp/src/codexbootstrap.tests/bin/debug/net6.0/codexbootstrap.tests.dll" id="92cb8fbf-5503-f34b-b811-ac131e120972">
      <Execution id="11d1ba50-d4d5-43c9-9da1-fe1c9059d2d3" />
      <TestMethod codeBase="/Users/ursmuff/source/Living-Codex-CSharp/src/CodexBootstrap.Tests/bin/Debug/net6.0/CodexBootstrap.Tests.dll" adapterTypeName="executor://xunit/VsTestRunner2/netcoreapp" className="CodexBootstrap.Tests.Core.NodeRegistryUserRepositoryTests" name="GetByEmailAsync_ShouldMatchRegardlessOfCase" />
    </UnitTest>
    <UnitTest name="CodexBootstrap.Tests.Modules.FutureKnowledgeModuleTests.GetTrendingPatterns_WithImplementation_ReturnsSuccess" storage="/users/ursmuff/source/living-codex-csharp/src/codexbootstrap.tests/bin/debug/net6.0/codexbootstrap.tests.dll" id="779c2e27-af4c-ae6c-e16f-ac2d878c1918">
      <Execution id="54617f5d-1365-4c86-aedd-1e8d3c5d1808" />
      <TestMethod codeBase="/Users/ursmuff/source/Living-Codex-CSharp/src/CodexBootstrap.Tests/bin/Debug/net6.0/CodexBootstrap.Tests.dll" adapterTypeName="executor://xunit/VsTestRunner2/netcoreapp" className="CodexBootstrap.Tests.Modules.FutureKnowledgeModuleTests" name="GetTrendingPatterns_WithImplementation_ReturnsSuccess" />
    </UnitTest>
    <UnitTest name="CodexBootstrap.Tests.NewsSourceTests.NewsSourceTypes_Should_BeValid" storage="/users/ursmuff/source/living-codex-csharp/src/codexbootstrap.tests/bin/debug/net6.0/codexbootstrap.tests.dll" id="223d2f32-df21-1170-abbc-18413ef59c92">
      <Execution id="68cb0c3c-54f4-4879-a987-965dcc87090b" />
      <TestMethod codeBase="/Users/ursmuff/source/Living-Codex-CSharp/src/CodexBootstrap.Tests/bin/Debug/net6.0/CodexBootstrap.Tests.dll" adapterTypeName="executor://xunit/VsTestRunner2/netcoreapp" className="CodexBootstrap.Tests.NewsSourceTests" name="NewsSourceTypes_Should_BeValid" />
    </UnitTest>
    <UnitTest name="CodexBootstrap.Tests.Modules.AIModuleTests.Version_ShouldReturnCorrectVersion" storage="/users/ursmuff/source/living-codex-csharp/src/codexbootstrap.tests/bin/debug/net6.0/codexbootstrap.tests.dll" id="e7b9a5d9-b357-ccab-0080-bfd9de9e4252">
      <Execution id="098b5c7a-d50d-4326-8a2a-9f4997f3af97" />
      <TestMethod codeBase="/Users/ursmuff/source/Living-Codex-CSharp/src/CodexBootstrap.Tests/bin/Debug/net6.0/CodexBootstrap.Tests.dll" adapterTypeName="executor://xunit/VsTestRunner2/netcoreapp" className="CodexBootstrap.Tests.Modules.AIModuleTests" name="Version_ShouldReturnCorrectVersion" />
    </UnitTest>
    <UnitTest name="CodexBootstrap.Tests.Core.NodeRegistryUserRepositoryTests.CreateAsync_ShouldPersistUserAsWaterNode" storage="/users/ursmuff/source/living-codex-csharp/src/codexbootstrap.tests/bin/debug/net6.0/codexbootstrap.tests.dll" id="93e90a79-2955-16ca-0032-f17795f74b9e">
      <Execution id="c5900810-95a1-491d-8994-486ba5f086c9" />
      <TestMethod codeBase="/Users/ursmuff/source/Living-Codex-CSharp/src/CodexBootstrap.Tests/bin/Debug/net6.0/CodexBootstrap.Tests.dll" adapterTypeName="executor://xunit/VsTestRunner2/netcoreapp" className="CodexBootstrap.Tests.Core.NodeRegistryUserRepositoryTests" name="CreateAsync_ShouldPersistUserAsWaterNode" />
    </UnitTest>
    <UnitTest name="CodexBootstrap.Tests.Modules.EnergyModuleApiTests.RecordContribution_ShouldReturnBadRequest_WhenRequestInvalid_WhenImplemented" storage="/users/ursmuff/source/living-codex-csharp/src/codexbootstrap.tests/bin/debug/net6.0/codexbootstrap.tests.dll" id="8aaeb942-4618-a8e4-c6b1-266d34c97e41">
      <Execution id="e929d6cf-f9ef-4e94-b73f-cbe7b2eb042c" />
      <TestMethod codeBase="/Users/ursmuff/source/Living-Codex-CSharp/src/CodexBootstrap.Tests/bin/Debug/net6.0/CodexBootstrap.Tests.dll" adapterTypeName="executor://xunit/VsTestRunner2/netcoreapp" className="CodexBootstrap.Tests.Modules.EnergyModuleApiTests" name="RecordContribution_ShouldReturnBadRequest_WhenRequestInvalid_WhenImplemented" />
    </UnitTest>
    <UnitTest name="CodexBootstrap.Tests.Core.StateTransitionTests.Edge_BetweenIceAndGasNodes_ShouldNotPersist" storage="/users/ursmuff/source/living-codex-csharp/src/codexbootstrap.tests/bin/debug/net6.0/codexbootstrap.tests.dll" id="290da516-121d-61e0-0dd0-c0be605ad3c9">
      <Execution id="96a9951c-11ea-4134-8f9c-de0055a8d6df" />
      <TestMethod codeBase="/Users/ursmuff/source/Living-Codex-CSharp/src/CodexBootstrap.Tests/bin/Debug/net6.0/CodexBootstrap.Tests.dll" adapterTypeName="executor://xunit/VsTestRunner2/netcoreapp" className="CodexBootstrap.Tests.Core.StateTransitionTests" name="Edge_BetweenIceAndGasNodes_ShouldNotPersist" />
    </UnitTest>
    <UnitTest name="CodexBootstrap.Tests.Core.NodeRegistryTests.GetEdgesFrom_ShouldReturnEdgesFromSpecificNode" storage="/users/ursmuff/source/living-codex-csharp/src/codexbootstrap.tests/bin/debug/net6.0/codexbootstrap.tests.dll" id="a1457caa-f4c9-ba63-922a-5d90fbfc1363">
      <Execution id="7345a918-aa6c-4522-b384-a436f1157ff7" />
      <TestMethod codeBase="/Users/ursmuff/source/Living-Codex-CSharp/src/CodexBootstrap.Tests/bin/Debug/net6.0/CodexBootstrap.Tests.dll" adapterTypeName="executor://xunit/VsTestRunner2/netcoreapp" className="CodexBootstrap.Tests.Core.NodeRegistryTests" name="GetEdgesFrom_ShouldReturnEdgesFromSpecificNode" />
    </UnitTest>
    <UnitTest name="CodexBootstrap.Tests.Modules.ConceptModuleApiTests.DeleteConcept_ShouldReturnNotFound_WhenConceptDoesNotExist" storage="/users/ursmuff/source/living-codex-csharp/src/codexbootstrap.tests/bin/debug/net6.0/codexbootstrap.tests.dll" id="cf881c4c-31da-3c3d-e657-0f7a60496f37">
      <Execution id="fe5857bb-7c5f-45cd-b630-753328bf495f" />
      <TestMethod codeBase="/Users/ursmuff/source/Living-Codex-CSharp/src/CodexBootstrap.Tests/bin/Debug/net6.0/CodexBootstrap.Tests.dll" adapterTypeName="executor://xunit/VsTestRunner2/netcoreapp" className="CodexBootstrap.Tests.Modules.ConceptModuleApiTests" name="DeleteConcept_ShouldReturnNotFound_WhenConceptDoesNotExist" />
    </UnitTest>
    <UnitTest name="CodexBootstrap.Tests.Modules.EnergyModuleApiTests.GetCollectiveEnergy_ShouldRespondWithinAcceptableTime_WhenImplemented" storage="/users/ursmuff/source/living-codex-csharp/src/codexbootstrap.tests/bin/debug/net6.0/codexbootstrap.tests.dll" id="419a8404-3052-a939-642f-9bc8d54507ed">
      <Execution id="56609a38-a06e-497d-b3e3-e87af102f772" />
      <TestMethod codeBase="/Users/ursmuff/source/Living-Codex-CSharp/src/CodexBootstrap.Tests/bin/Debug/net6.0/CodexBootstrap.Tests.dll" adapterTypeName="executor://xunit/VsTestRunner2/netcoreapp" className="CodexBootstrap.Tests.Modules.EnergyModuleApiTests" name="GetCollectiveEnergy_ShouldRespondWithinAcceptableTime_WhenImplemented" />
    </UnitTest>
    <UnitTest name="CodexBootstrap.Tests.Core.LLMOrchestratorTests.ExecuteAsync_WithNonExistentTemplate_ShouldReturnError" storage="/users/ursmuff/source/living-codex-csharp/src/codexbootstrap.tests/bin/debug/net6.0/codexbootstrap.tests.dll" id="01fada6a-9beb-d06b-6787-0781734f5b1d">
      <Execution id="16273afc-9cfb-4f68-a358-ffdd68b6fbc7" />
      <TestMethod codeBase="/Users/ursmuff/source/Living-Codex-CSharp/src/CodexBootstrap.Tests/bin/Debug/net6.0/CodexBootstrap.Tests.dll" adapterTypeName="executor://xunit/VsTestRunner2/netcoreapp" className="CodexBootstrap.Tests.Core.LLMOrchestratorTests" name="ExecuteAsync_WithNonExistentTemplate_ShouldReturnError" />
    </UnitTest>
    <UnitTest name="CodexBootstrap.Tests.Modules.FileSystemModuleTests.FileNode_ShouldHaveCorrectContentRef" storage="/users/ursmuff/source/living-codex-csharp/src/codexbootstrap.tests/bin/debug/net6.0/codexbootstrap.tests.dll" id="3c9ab4c8-f1b7-75d5-dbbb-5692f82a8e63">
      <Execution id="ef93914d-e848-4c00-ad3d-00e0fe155839" />
      <TestMethod codeBase="/Users/ursmuff/source/Living-Codex-CSharp/src/CodexBootstrap.Tests/bin/Debug/net6.0/CodexBootstrap.Tests.dll" adapterTypeName="executor://xunit/VsTestRunner2/netcoreapp" className="CodexBootstrap.Tests.Modules.FileSystemModuleTests" name="FileNode_ShouldHaveCorrectContentRef" />
    </UnitTest>
    <UnitTest name="CodexBootstrap.Tests.Modules.ConceptModuleApiTests.CreateConcept_ShouldReturnBadRequest_WhenInvalidRequest" storage="/users/ursmuff/source/living-codex-csharp/src/codexbootstrap.tests/bin/debug/net6.0/codexbootstrap.tests.dll" id="d97a6a51-1d28-ab30-5e6f-d68d2a74dcbf">
      <Execution id="97739cb8-d082-448a-bcc7-a4cfa9d8a904" />
      <TestMethod codeBase="/Users/ursmuff/source/Living-Codex-CSharp/src/CodexBootstrap.Tests/bin/Debug/net6.0/CodexBootstrap.Tests.dll" adapterTypeName="executor://xunit/VsTestRunner2/netcoreapp" className="CodexBootstrap.Tests.Modules.ConceptModuleApiTests" name="CreateConcept_ShouldReturnBadRequest_WhenInvalidRequest" />
    </UnitTest>
    <UnitTest name="CodexBootstrap.Tests.PortConfigurationTests.Modules_ShouldBeAvailableOnPort" storage="/users/ursmuff/source/living-codex-csharp/src/codexbootstrap.tests/bin/debug/net6.0/codexbootstrap.tests.dll" id="c0bc4442-97e7-adf6-c86b-0290475ca07f">
      <Execution id="d0b006ef-4948-405e-8328-04214500120b" />
      <TestMethod codeBase="/Users/ursmuff/source/Living-Codex-CSharp/src/CodexBootstrap.Tests/bin/Debug/net6.0/CodexBootstrap.Tests.dll" adapterTypeName="executor://xunit/VsTestRunner2/netcoreapp" className="CodexBootstrap.Tests.PortConfigurationTests" name="Modules_ShouldBeAvailableOnPort" />
    </UnitTest>
    <UnitTest name="CodexBootstrap.Tests.Modules.NewsModuleApiTests.GetUnreadNews_ShouldReturnEmptyResults_WhenNoUnreadNews" storage="/users/ursmuff/source/living-codex-csharp/src/codexbootstrap.tests/bin/debug/net6.0/codexbootstrap.tests.dll" id="1f334c79-0062-1fd4-b393-16846c0c4410">
      <Execution id="dc7c3fc8-96c7-420b-9896-66d52ff4d782" />
      <TestMethod codeBase="/Users/ursmuff/source/Living-Codex-CSharp/src/CodexBootstrap.Tests/bin/Debug/net6.0/CodexBootstrap.Tests.dll" adapterTypeName="executor://xunit/VsTestRunner2/netcoreapp" className="CodexBootstrap.Tests.Modules.NewsModuleApiTests" name="GetUnreadNews_ShouldReturnEmptyResults_WhenNoUnreadNews" />
    </UnitTest>
    <UnitTest name="CodexBootstrap.Tests.Modules.FileSystemModuleTests.UpdateFileContent_WithValidRequest_UpdatesFileAndNode" storage="/users/ursmuff/source/living-codex-csharp/src/codexbootstrap.tests/bin/debug/net6.0/codexbootstrap.tests.dll" id="8526b0ec-4803-dd78-6467-133c6f30ed12">
      <Execution id="cc3e2fac-58f0-4d1b-95c6-dc2b2d13f0ee" />
      <TestMethod codeBase="/Users/ursmuff/source/Living-Codex-CSharp/src/CodexBootstrap.Tests/bin/Debug/net6.0/CodexBootstrap.Tests.dll" adapterTypeName="executor://xunit/VsTestRunner2/netcoreapp" className="CodexBootstrap.Tests.Modules.FileSystemModuleTests" name="UpdateFileContent_WithValidRequest_UpdatesFileAndNode" />
    </UnitTest>
    <UnitTest name="CodexBootstrap.Tests.NewsSourceTests.NewsIngestion_Should_CreateValidNewsItems" storage="/users/ursmuff/source/living-codex-csharp/src/codexbootstrap.tests/bin/debug/net6.0/codexbootstrap.tests.dll" id="9278bdb8-7599-f5f4-b1ea-3e31a3ba566f">
      <Execution id="70bb3826-4e4a-4423-9d5e-f3796c0dae43" />
      <TestMethod codeBase="/Users/ursmuff/source/Living-Codex-CSharp/src/CodexBootstrap.Tests/bin/Debug/net6.0/CodexBootstrap.Tests.dll" adapterTypeName="executor://xunit/VsTestRunner2/netcoreapp" className="CodexBootstrap.Tests.NewsSourceTests" name="NewsIngestion_Should_CreateValidNewsItems" />
    </UnitTest>
    <UnitTest name="CodexBootstrap.Tests.HealthTests.HealthCheck_ShouldReturnHealthyStatus" storage="/users/ursmuff/source/living-codex-csharp/src/codexbootstrap.tests/bin/debug/net6.0/codexbootstrap.tests.dll" id="6090d8db-c083-ec38-5d91-cefe25a89520">
      <Execution id="21379543-1b67-4907-8073-97f01bfd455b" />
      <TestMethod codeBase="/Users/ursmuff/source/Living-Codex-CSharp/src/CodexBootstrap.Tests/bin/Debug/net6.0/CodexBootstrap.Tests.dll" adapterTypeName="executor://xunit/VsTestRunner2/netcoreapp" className="CodexBootstrap.Tests.HealthTests" name="HealthCheck_ShouldReturnHealthyStatus" />
    </UnitTest>
    <UnitTest name="CodexBootstrap.Tests.Modules.VisualValidationModuleTests.ExecuteVisualValidationPipeline_ShouldReturnSuccessAndThreeSteps" storage="/users/ursmuff/source/living-codex-csharp/src/codexbootstrap.tests/bin/debug/net6.0/codexbootstrap.tests.dll" id="e2131088-170c-3f9d-b379-6ad5595999e5">
      <Execution id="4f7db2d3-2daf-4bf8-8b38-f799ea790d5e" />
      <TestMethod codeBase="/Users/ursmuff/source/Living-Codex-CSharp/src/CodexBootstrap.Tests/bin/Debug/net6.0/CodexBootstrap.Tests.dll" adapterTypeName="executor://xunit/VsTestRunner2/netcoreapp" className="CodexBootstrap.Tests.Modules.VisualValidationModuleTests" name="ExecuteVisualValidationPipeline_ShouldReturnSuccessAndThreeSteps" />
    </UnitTest>
    <UnitTest name="CodexBootstrap.Tests.UCoreOntologyTests.UCoreInitializer_Should_LoadRelationshipTypes" storage="/users/ursmuff/source/living-codex-csharp/src/codexbootstrap.tests/bin/debug/net6.0/codexbootstrap.tests.dll" id="1166eab5-8ec3-1343-8265-62eea03d0889">
      <Execution id="a2a91c70-2a21-4b29-8eb0-9a9ff52f9cf7" />
      <TestMethod codeBase="/Users/ursmuff/source/Living-Codex-CSharp/src/CodexBootstrap.Tests/bin/Debug/net6.0/CodexBootstrap.Tests.dll" adapterTypeName="executor://xunit/VsTestRunner2/netcoreapp" className="CodexBootstrap.Tests.UCoreOntologyTests" name="UCoreInitializer_Should_LoadRelationshipTypes" />
    </UnitTest>
    <UnitTest name="CodexBootstrap.Tests.IdentityTests.CreateSession_ShouldCreateNewSession" storage="/users/ursmuff/source/living-codex-csharp/src/codexbootstrap.tests/bin/debug/net6.0/codexbootstrap.tests.dll" id="81ece0d0-0623-f285-5aef-39638b72d8de">
      <Execution id="11e855ac-ed12-44e7-bf7e-59bd054a55af" />
      <TestMethod codeBase="/Users/ursmuff/source/Living-Codex-CSharp/src/CodexBootstrap.Tests/bin/Debug/net6.0/CodexBootstrap.Tests.dll" adapterTypeName="executor://xunit/VsTestRunner2/netcoreapp" className="CodexBootstrap.Tests.IdentityTests" name="CreateSession_ShouldCreateNewSession" />
    </UnitTest>
    <UnitTest name="CodexBootstrap.Tests.IdentityTests.IdentityProviders_ShouldReturnAvailableProviders" storage="/users/ursmuff/source/living-codex-csharp/src/codexbootstrap.tests/bin/debug/net6.0/codexbootstrap.tests.dll" id="65339b3c-9de7-638f-f604-692a2aef89ff">
      <Execution id="28de43a6-1b77-401c-9e3c-4e7facea4dcf" />
      <TestMethod codeBase="/Users/ursmuff/source/Living-Codex-CSharp/src/CodexBootstrap.Tests/bin/Debug/net6.0/CodexBootstrap.Tests.dll" adapterTypeName="executor://xunit/VsTestRunner2/netcoreapp" className="CodexBootstrap.Tests.IdentityTests" name="IdentityProviders_ShouldReturnAvailableProviders" />
    </UnitTest>
    <UnitTest name="CodexBootstrap.Tests.Modules.GalleryModuleTests.ModuleNode_HasCorrectProperties" storage="/users/ursmuff/source/living-codex-csharp/src/codexbootstrap.tests/bin/debug/net6.0/codexbootstrap.tests.dll" id="fcef5775-779a-bf15-6f5f-56cf4b7bf258">
      <Execution id="db816fad-ce2f-473b-b444-c96185714a00" />
      <TestMethod codeBase="/Users/ursmuff/source/Living-Codex-CSharp/src/CodexBootstrap.Tests/bin/Debug/net6.0/CodexBootstrap.Tests.dll" adapterTypeName="executor://xunit/VsTestRunner2/netcoreapp" className="CodexBootstrap.Tests.Modules.GalleryModuleTests" name="ModuleNode_HasCorrectProperties" />
    </UnitTest>
    <UnitTest name="CodexBootstrap.Tests.PortConfigurationTests.Swagger_ShouldBeAvailableOnPort" storage="/users/ursmuff/source/living-codex-csharp/src/codexbootstrap.tests/bin/debug/net6.0/codexbootstrap.tests.dll" id="4d5b8656-5c24-f46d-b781-bdd5173b1d4a">
      <Execution id="746209e4-1f7e-44d3-8eba-3bfd8e65a503" />
      <TestMethod codeBase="/Users/ursmuff/source/Living-Codex-CSharp/src/CodexBootstrap.Tests/bin/Debug/net6.0/CodexBootstrap.Tests.dll" adapterTypeName="executor://xunit/VsTestRunner2/netcoreapp" className="CodexBootstrap.Tests.PortConfigurationTests" name="Swagger_ShouldBeAvailableOnPort" />
    </UnitTest>
    <UnitTest name="CodexBootstrap.Tests.Core.NodeRegistryTests.UpsertEdge_ShouldRegisterEdgeSuccessfully" storage="/users/ursmuff/source/living-codex-csharp/src/codexbootstrap.tests/bin/debug/net6.0/codexbootstrap.tests.dll" id="3869c8f5-7ab2-ef7f-cd2f-16c870de8af9">
      <Execution id="2bbe5df5-fa37-4212-9f7c-85611e80d50d" />
      <TestMethod codeBase="/Users/ursmuff/source/Living-Codex-CSharp/src/CodexBootstrap.Tests/bin/Debug/net6.0/CodexBootstrap.Tests.dll" adapterTypeName="executor://xunit/VsTestRunner2/netcoreapp" className="CodexBootstrap.Tests.Core.NodeRegistryTests" name="UpsertEdge_ShouldRegisterEdgeSuccessfully" />
    </UnitTest>
    <UnitTest name="CodexBootstrap.Tests.IdentityTests.GetUserProfile_ShouldReturnUserProfile" storage="/users/ursmuff/source/living-codex-csharp/src/codexbootstrap.tests/bin/debug/net6.0/codexbootstrap.tests.dll" id="19930103-19e2-d6c6-243c-55a9ec794a78">
      <Execution id="209fa97d-6ee6-481a-a516-7bd87c846076" />
      <TestMethod codeBase="/Users/ursmuff/source/Living-Codex-CSharp/src/CodexBootstrap.Tests/bin/Debug/net6.0/CodexBootstrap.Tests.dll" adapterTypeName="executor://xunit/VsTestRunner2/netcoreapp" className="CodexBootstrap.Tests.IdentityTests" name="GetUserProfile_ShouldReturnUserProfile" />
    </UnitTest>
    <UnitTest name="CodexBootstrap.Tests.Modules.IdentityModuleApiTests.Authenticate_ShouldReturnSuccess_WhenValidCredentials" storage="/users/ursmuff/source/living-codex-csharp/src/codexbootstrap.tests/bin/debug/net6.0/codexbootstrap.tests.dll" id="1c07a485-c5ef-f8ee-f55f-68f9eb497dae">
      <Execution id="9eb5ad1a-d3c6-436f-b42e-3ffcd5d3e5e2" />
      <TestMethod codeBase="/Users/ursmuff/source/Living-Codex-CSharp/src/CodexBootstrap.Tests/bin/Debug/net6.0/CodexBootstrap.Tests.dll" adapterTypeName="executor://xunit/VsTestRunner2/netcoreapp" className="CodexBootstrap.Tests.Modules.IdentityModuleApiTests" name="Authenticate_ShouldReturnSuccess_WhenValidCredentials" />
    </UnitTest>
    <UnitTest name="CodexBootstrap.Tests.Modules.CoreModuleTests.Constructor_ShouldInitializeCorrectly" storage="/users/ursmuff/source/living-codex-csharp/src/codexbootstrap.tests/bin/debug/net6.0/codexbootstrap.tests.dll" id="8e2e70aa-52bc-bb4c-eb25-92a87f9a71ab">
      <Execution id="e627050b-f1f6-4f1a-817b-7a50b41b982d" />
      <TestMethod codeBase="/Users/ursmuff/source/Living-Codex-CSharp/src/CodexBootstrap.Tests/bin/Debug/net6.0/CodexBootstrap.Tests.dll" adapterTypeName="executor://xunit/VsTestRunner2/netcoreapp" className="CodexBootstrap.Tests.Modules.CoreModuleTests" name="Constructor_ShouldInitializeCorrectly" />
    </UnitTest>
    <UnitTest name="CodexBootstrap.Tests.Core.StateTransitionTests.ServerRestart_ShouldMaintainEdgePersistenceInCorrectBackends" storage="/users/ursmuff/source/living-codex-csharp/src/codexbootstrap.tests/bin/debug/net6.0/codexbootstrap.tests.dll" id="0f98bb0f-1c90-6365-7244-a712d1b631fa">
      <Execution id="894eb0ac-8e3d-4cc5-aab4-54213a0ca1bd" />
      <TestMethod codeBase="/Users/ursmuff/source/Living-Codex-CSharp/src/CodexBootstrap.Tests/bin/Debug/net6.0/CodexBootstrap.Tests.dll" adapterTypeName="executor://xunit/VsTestRunner2/netcoreapp" className="CodexBootstrap.Tests.Core.StateTransitionTests" name="ServerRestart_ShouldMaintainEdgePersistenceInCorrectBackends" />
    </UnitTest>
    <UnitTest name="CodexBootstrap.Tests.IdentityTests.MockIdentityProvider_ShouldGetUserInfo" storage="/users/ursmuff/source/living-codex-csharp/src/codexbootstrap.tests/bin/debug/net6.0/codexbootstrap.tests.dll" id="b66e2aed-6736-e5fb-1259-0a652017312d">
      <Execution id="5d43a3f6-2c04-4c08-b451-8b7228d1c6b0" />
      <TestMethod codeBase="/Users/ursmuff/source/Living-Codex-CSharp/src/CodexBootstrap.Tests/bin/Debug/net6.0/CodexBootstrap.Tests.dll" adapterTypeName="executor://xunit/VsTestRunner2/netcoreapp" className="CodexBootstrap.Tests.IdentityTests" name="MockIdentityProvider_ShouldGetUserInfo" />
    </UnitTest>
    <UnitTest name="CodexBootstrap.Tests.Modules.EnergyModuleApiTests.GetCollectiveEnergy_ShouldReturnSuccess_WhenImplemented" storage="/users/ursmuff/source/living-codex-csharp/src/codexbootstrap.tests/bin/debug/net6.0/codexbootstrap.tests.dll" id="a89402d9-0924-308b-7904-fd6477f0ee7b">
      <Execution id="9c5bb97f-ccc8-47f6-8951-6e347039d6ea" />
      <TestMethod codeBase="/Users/ursmuff/source/Living-Codex-CSharp/src/CodexBootstrap.Tests/bin/Debug/net6.0/CodexBootstrap.Tests.dll" adapterTypeName="executor://xunit/VsTestRunner2/netcoreapp" className="CodexBootstrap.Tests.Modules.EnergyModuleApiTests" name="GetCollectiveEnergy_ShouldReturnSuccess_WhenImplemented" />
    </UnitTest>
    <UnitTest name="CodexBootstrap.Tests.Modules.UXPrimitivesModuleTests.ModuleNode_HasCorrectProperties" storage="/users/ursmuff/source/living-codex-csharp/src/codexbootstrap.tests/bin/debug/net6.0/codexbootstrap.tests.dll" id="d7036780-9716-509c-617a-1f2084784363">
      <Execution id="d04df119-d3d0-4f93-b0c4-020250c7727f" />
      <TestMethod codeBase="/Users/ursmuff/source/Living-Codex-CSharp/src/CodexBootstrap.Tests/bin/Debug/net6.0/CodexBootstrap.Tests.dll" adapterTypeName="executor://xunit/VsTestRunner2/netcoreapp" className="CodexBootstrap.Tests.Modules.UXPrimitivesModuleTests" name="ModuleNode_HasCorrectProperties" />
    </UnitTest>
    <UnitTest name="CodexBootstrap.Tests.Core.StateTransitionTests.NodeStateTransition_FromIceToWater_ShouldMigrateEdgesToWater" storage="/users/ursmuff/source/living-codex-csharp/src/codexbootstrap.tests/bin/debug/net6.0/codexbootstrap.tests.dll" id="04685a3a-4e68-f6f3-27c2-152f2ba69c55">
      <Execution id="341639b4-532e-435f-815a-ad0771d3ed79" />
      <TestMethod codeBase="/Users/ursmuff/source/Living-Codex-CSharp/src/CodexBootstrap.Tests/bin/Debug/net6.0/CodexBootstrap.Tests.dll" adapterTypeName="executor://xunit/VsTestRunner2/netcoreapp" className="CodexBootstrap.Tests.Core.StateTransitionTests" name="NodeStateTransition_FromIceToWater_ShouldMigrateEdgesToWater" />
    </UnitTest>
    <UnitTest name="CodexBootstrap.Tests.Core.NodePersistenceTests.NodeStateTransition_Ice_ShouldPersistInIceStorage" storage="/users/ursmuff/source/living-codex-csharp/src/codexbootstrap.tests/bin/debug/net6.0/codexbootstrap.tests.dll" id="ef5b8d9e-795c-054a-92ba-fd2f4509fbbb">
      <Execution id="8ad120eb-2abd-4bca-891c-ba14096cd9c6" />
      <TestMethod codeBase="/Users/ursmuff/source/Living-Codex-CSharp/src/CodexBootstrap.Tests/bin/Debug/net6.0/CodexBootstrap.Tests.dll" adapterTypeName="executor://xunit/VsTestRunner2/netcoreapp" className="CodexBootstrap.Tests.Core.NodePersistenceTests" name="NodeStateTransition_Ice_ShouldPersistInIceStorage" />
    </UnitTest>
    <UnitTest name="CodexBootstrap.Tests.Modules.NoMockDataRegressionTests.ModuleEndpoints_WithInvalidData_ReturnCleanErrors(endpoint: &quot;/ux-primitives/invite&quot;)" storage="/users/ursmuff/source/living-codex-csharp/src/codexbootstrap.tests/bin/debug/net6.0/codexbootstrap.tests.dll" id="d34512b0-24c2-85cf-1218-fa33c4d381bf">
      <Execution id="240f0522-6838-4e93-be49-f5cdca0ac58b" />
      <TestMethod codeBase="/Users/ursmuff/source/Living-Codex-CSharp/src/CodexBootstrap.Tests/bin/Debug/net6.0/CodexBootstrap.Tests.dll" adapterTypeName="executor://xunit/VsTestRunner2/netcoreapp" className="CodexBootstrap.Tests.Modules.NoMockDataRegressionTests" name="ModuleEndpoints_WithInvalidData_ReturnCleanErrors" />
    </UnitTest>
    <UnitTest name="CodexBootstrap.Tests.Modules.UXPrimitivesModuleTests.GetReceivedInvites_WithNoInvites_ReturnsEmptyList" storage="/users/ursmuff/source/living-codex-csharp/src/codexbootstrap.tests/bin/debug/net6.0/codexbootstrap.tests.dll" id="1529436c-8c17-521b-037f-0f4a6c1e07b3">
      <Execution id="75746aad-889b-49c0-951a-545c1357a154" />
      <TestMethod codeBase="/Users/ursmuff/source/Living-Codex-CSharp/src/CodexBootstrap.Tests/bin/Debug/net6.0/CodexBootstrap.Tests.dll" adapterTypeName="executor://xunit/VsTestRunner2/netcoreapp" className="CodexBootstrap.Tests.Modules.UXPrimitivesModuleTests" name="GetReceivedInvites_WithNoInvites_ReturnsEmptyList" />
    </UnitTest>
    <UnitTest name="CodexBootstrap.Tests.Integration.ApiIntegrationTests.ApiDiscovery_ShouldReturnAvailableEndpoints" storage="/users/ursmuff/source/living-codex-csharp/src/codexbootstrap.tests/bin/debug/net6.0/codexbootstrap.tests.dll" id="8fd24cd4-a9c0-0221-2fef-ed0703bf3428">
      <Execution id="a4c0a272-23d2-4b0b-a4ef-03839a1134f5" />
      <TestMethod codeBase="/Users/ursmuff/source/Living-Codex-CSharp/src/CodexBootstrap.Tests/bin/Debug/net6.0/CodexBootstrap.Tests.dll" adapterTypeName="executor://xunit/VsTestRunner2/netcoreapp" className="CodexBootstrap.Tests.Integration.ApiIntegrationTests" name="ApiDiscovery_ShouldReturnAvailableEndpoints" />
    </UnitTest>
    <UnitTest name="CodexBootstrap.Tests.NewsSourceTests.NewsConceptExtraction_Should_LinkToUCore" storage="/users/ursmuff/source/living-codex-csharp/src/codexbootstrap.tests/bin/debug/net6.0/codexbootstrap.tests.dll" id="a5a2e4c8-009c-485c-9e59-a0329e36f740">
      <Execution id="98aeff5b-6293-4509-b46b-67108f279ae5" />
      <TestMethod codeBase="/Users/ursmuff/source/Living-Codex-CSharp/src/CodexBootstrap.Tests/bin/Debug/net6.0/CodexBootstrap.Tests.dll" adapterTypeName="executor://xunit/VsTestRunner2/netcoreapp" className="CodexBootstrap.Tests.NewsSourceTests" name="NewsConceptExtraction_Should_LinkToUCore" />
    </UnitTest>
    <UnitTest name="CodexBootstrap.Tests.ComprehensiveEndpointDiscovery.HealthEndpoint_ShouldReturnDetailedMetrics" storage="/users/ursmuff/source/living-codex-csharp/src/codexbootstrap.tests/bin/debug/net6.0/codexbootstrap.tests.dll" id="ce4786bd-8689-0f1b-0de8-7d35fef968cd">
      <Execution id="a0f8f93a-b335-4c16-abe5-304d1083bba2" />
      <TestMethod codeBase="/Users/ursmuff/source/Living-Codex-CSharp/src/CodexBootstrap.Tests/bin/Debug/net6.0/CodexBootstrap.Tests.dll" adapterTypeName="executor://xunit/VsTestRunner2/netcoreapp" className="CodexBootstrap.Tests.ComprehensiveEndpointDiscovery" name="HealthEndpoint_ShouldReturnDetailedMetrics" />
    </UnitTest>
    <UnitTest name="CodexBootstrap.Tests.Modules.AIModuleTests.Constructor_ShouldInitializeCorrectly" storage="/users/ursmuff/source/living-codex-csharp/src/codexbootstrap.tests/bin/debug/net6.0/codexbootstrap.tests.dll" id="904747e7-ff5e-8218-74d7-bb12f2b82a35">
      <Execution id="f13faf48-1f0b-4df6-a2c8-390e9d22349a" />
      <TestMethod codeBase="/Users/ursmuff/source/Living-Codex-CSharp/src/CodexBootstrap.Tests/bin/Debug/net6.0/CodexBootstrap.Tests.dll" adapterTypeName="executor://xunit/VsTestRunner2/netcoreapp" className="CodexBootstrap.Tests.Modules.AIModuleTests" name="Constructor_ShouldInitializeCorrectly" />
    </UnitTest>
    <UnitTest name="CodexBootstrap.Tests.Modules.FileSystemModuleTests.GetProjectTree_WithValidProject_ReturnsTreeStructure" storage="/users/ursmuff/source/living-codex-csharp/src/codexbootstrap.tests/bin/debug/net6.0/codexbootstrap.tests.dll" id="950d7da6-55b8-4b89-a3fb-a58cb4462695">
      <Execution id="5fa503b3-e7ec-4c79-99ec-557a52a4313d" />
      <TestMethod codeBase="/Users/ursmuff/source/Living-Codex-CSharp/src/CodexBootstrap.Tests/bin/Debug/net6.0/CodexBootstrap.Tests.dll" adapterTypeName="executor://xunit/VsTestRunner2/netcoreapp" className="CodexBootstrap.Tests.Modules.FileSystemModuleTests" name="GetProjectTree_WithValidProject_ReturnsTreeStructure" />
    </UnitTest>
    <UnitTest name="CodexBootstrap.Tests.Modules.NewsModuleApiTests.GetTrendingTopics_ShouldAcceptLimitParameter" storage="/users/ursmuff/source/living-codex-csharp/src/codexbootstrap.tests/bin/debug/net6.0/codexbootstrap.tests.dll" id="d369dd01-3a76-1028-9769-257b2738d39c">
      <Execution id="5d90b880-53f1-4f05-b153-b0b8ec93239e" />
      <TestMethod codeBase="/Users/ursmuff/source/Living-Codex-CSharp/src/CodexBootstrap.Tests/bin/Debug/net6.0/CodexBootstrap.Tests.dll" adapterTypeName="executor://xunit/VsTestRunner2/netcoreapp" className="CodexBootstrap.Tests.Modules.NewsModuleApiTests" name="GetTrendingTopics_ShouldAcceptLimitParameter" />
    </UnitTest>
    <UnitTest name="CodexBootstrap.Tests.Modules.CoreModuleTests.RegisterHttpEndpoints_ShouldNotThrow" storage="/users/ursmuff/source/living-codex-csharp/src/codexbootstrap.tests/bin/debug/net6.0/codexbootstrap.tests.dll" id="65b592a1-b0ad-ad07-be7a-ec8928e7c9ae">
      <Execution id="6484a694-f47d-4106-9a8f-2384605316bb" />
      <TestMethod codeBase="/Users/ursmuff/source/Living-Codex-CSharp/src/CodexBootstrap.Tests/bin/Debug/net6.0/CodexBootstrap.Tests.dll" adapterTypeName="executor://xunit/VsTestRunner2/netcoreapp" className="CodexBootstrap.Tests.Modules.CoreModuleTests" name="RegisterHttpEndpoints_ShouldNotThrow" />
    </UnitTest>
    <UnitTest name="CodexBootstrap.Tests.ApiIntegrationTests.Swagger_ShouldBeAvailable" storage="/users/ursmuff/source/living-codex-csharp/src/codexbootstrap.tests/bin/debug/net6.0/codexbootstrap.tests.dll" id="6d4dda94-e519-5838-44e2-8dc3d94e25ab">
      <Execution id="ba93a5ac-dd35-4716-9592-9710102633d2" />
      <TestMethod codeBase="/Users/ursmuff/source/Living-Codex-CSharp/src/CodexBootstrap.Tests/bin/Debug/net6.0/CodexBootstrap.Tests.dll" adapterTypeName="executor://xunit/VsTestRunner2/netcoreapp" className="CodexBootstrap.Tests.ApiIntegrationTests" name="Swagger_ShouldBeAvailable" />
    </UnitTest>
    <UnitTest name="CodexBootstrap.Tests.Modules.EnergyModuleApiTests.RecordContribution_ShouldReturnSuccess_WhenImplemented" storage="/users/ursmuff/source/living-codex-csharp/src/codexbootstrap.tests/bin/debug/net6.0/codexbootstrap.tests.dll" id="2577ff6c-ab5b-df66-2d86-248c489cf166">
      <Execution id="94aecf3e-5efc-4796-ad91-ba68a343647d" />
      <TestMethod codeBase="/Users/ursmuff/source/Living-Codex-CSharp/src/CodexBootstrap.Tests/bin/Debug/net6.0/CodexBootstrap.Tests.dll" adapterTypeName="executor://xunit/VsTestRunner2/netcoreapp" className="CodexBootstrap.Tests.Modules.EnergyModuleApiTests" name="RecordContribution_ShouldReturnSuccess_WhenImplemented" />
    </UnitTest>
    <UnitTest name="CodexBootstrap.Tests.ApiEndpointTests.Health_ShouldReturnHealthyStatus" storage="/users/ursmuff/source/living-codex-csharp/src/codexbootstrap.tests/bin/debug/net6.0/codexbootstrap.tests.dll" id="2b5053f9-f02a-344a-cea0-eb8a5823c6c3">
      <Execution id="28b8f63d-3fed-4e9f-b724-760e587dc141" />
      <TestMethod codeBase="/Users/ursmuff/source/Living-Codex-CSharp/src/CodexBootstrap.Tests/bin/Debug/net6.0/CodexBootstrap.Tests.dll" adapterTypeName="executor://xunit/VsTestRunner2/netcoreapp" className="CodexBootstrap.Tests.ApiEndpointTests" name="Health_ShouldReturnHealthyStatus" />
    </UnitTest>
    <UnitTest name="CodexBootstrap.Tests.Modules.IdentityModuleApiTests.Authenticate_ShouldReturnBadRequest_WhenInvalidRequest" storage="/users/ursmuff/source/living-codex-csharp/src/codexbootstrap.tests/bin/debug/net6.0/codexbootstrap.tests.dll" id="4f365743-de47-b07f-fd2b-1af885da9411">
      <Execution id="04b6fa7e-e7d6-4940-a185-4a1745665a6f" />
      <TestMethod codeBase="/Users/ursmuff/source/Living-Codex-CSharp/src/CodexBootstrap.Tests/bin/Debug/net6.0/CodexBootstrap.Tests.dll" adapterTypeName="executor://xunit/VsTestRunner2/netcoreapp" className="CodexBootstrap.Tests.Modules.IdentityModuleApiTests" name="Authenticate_ShouldReturnBadRequest_WhenInvalidRequest" />
    </UnitTest>
    <UnitTest name="CodexBootstrap.Tests.IdentityTests.EndSession_ShouldEndExistingSession" storage="/users/ursmuff/source/living-codex-csharp/src/codexbootstrap.tests/bin/debug/net6.0/codexbootstrap.tests.dll" id="95bec019-ba93-557e-cc59-ca4522b92c84">
      <Execution id="0b2a9c94-90f2-46d2-9da4-1eef0f45706a" />
      <TestMethod codeBase="/Users/ursmuff/source/Living-Codex-CSharp/src/CodexBootstrap.Tests/bin/Debug/net6.0/CodexBootstrap.Tests.dll" adapterTypeName="executor://xunit/VsTestRunner2/netcoreapp" className="CodexBootstrap.Tests.IdentityTests" name="EndSession_ShouldEndExistingSession" />
    </UnitTest>
    <UnitTest name="CodexBootstrap.Tests.Modules.FutureKnowledgeModuleTests.DiscoverPatterns_WithImplementation_ReturnsSuccess" storage="/users/ursmuff/source/living-codex-csharp/src/codexbootstrap.tests/bin/debug/net6.0/codexbootstrap.tests.dll" id="8256c5d2-edc2-214d-dcf5-e682bf42598b">
      <Execution id="95390db0-f446-47fb-8a8d-4190eeed3019" />
      <TestMethod codeBase="/Users/ursmuff/source/Living-Codex-CSharp/src/CodexBootstrap.Tests/bin/Debug/net6.0/CodexBootstrap.Tests.dll" adapterTypeName="executor://xunit/VsTestRunner2/netcoreapp" className="CodexBootstrap.Tests.Modules.FutureKnowledgeModuleTests" name="DiscoverPatterns_WithImplementation_ReturnsSuccess" />
    </UnitTest>
    <UnitTest name="CodexBootstrap.Tests.Modules.ThreadsModuleTests.CreateThread_WithoutTitle_ReturnsError" storage="/users/ursmuff/source/living-codex-csharp/src/codexbootstrap.tests/bin/debug/net6.0/codexbootstrap.tests.dll" id="3ca8c1be-9224-8a17-a7fa-c377dada5726">
      <Execution id="f2ccd0f0-5c79-4569-86d3-0ebd1f8c6f60" />
      <TestMethod codeBase="/Users/ursmuff/source/Living-Codex-CSharp/src/CodexBootstrap.Tests/bin/Debug/net6.0/CodexBootstrap.Tests.dll" adapterTypeName="executor://xunit/VsTestRunner2/netcoreapp" className="CodexBootstrap.Tests.Modules.ThreadsModuleTests" name="CreateThread_WithoutTitle_ReturnsError" />
    </UnitTest>
    <UnitTest name="CodexBootstrap.Tests.Modules.AIModuleTests.GetModuleNode_ShouldReturnModuleNode" storage="/users/ursmuff/source/living-codex-csharp/src/codexbootstrap.tests/bin/debug/net6.0/codexbootstrap.tests.dll" id="2b00ad46-f32b-446f-acdc-2eea35c5f140">
      <Execution id="15f92280-8a83-464a-8ac1-91af3ba9f0c5" />
      <TestMethod codeBase="/Users/ursmuff/source/Living-Codex-CSharp/src/CodexBootstrap.Tests/bin/Debug/net6.0/CodexBootstrap.Tests.dll" adapterTypeName="executor://xunit/VsTestRunner2/netcoreapp" className="CodexBootstrap.Tests.Modules.AIModuleTests" name="GetModuleNode_ShouldReturnModuleNode" />
    </UnitTest>
    <UnitTest name="CodexBootstrap.Tests.Modules.NoMockDataRegressionTests.ModuleEndpoints_WithInvalidData_ReturnCleanErrors(endpoint: &quot;/ux-primitives/reflect&quot;)" storage="/users/ursmuff/source/living-codex-csharp/src/codexbootstrap.tests/bin/debug/net6.0/codexbootstrap.tests.dll" id="65088179-bb39-a045-1fcc-d40375d536ba">
      <Execution id="fe47c739-321d-48a0-9dc2-30fda14ae2e8" />
      <TestMethod codeBase="/Users/ursmuff/source/Living-Codex-CSharp/src/CodexBootstrap.Tests/bin/Debug/net6.0/CodexBootstrap.Tests.dll" adapterTypeName="executor://xunit/VsTestRunner2/netcoreapp" className="CodexBootstrap.Tests.Modules.NoMockDataRegressionTests" name="ModuleEndpoints_WithInvalidData_ReturnCleanErrors" />
    </UnitTest>
    <UnitTest name="CodexBootstrap.Tests.Modules.NodeEdgeModuleApiTests.GetEdge_ShouldReturnEdge_WhenImplemented" storage="/users/ursmuff/source/living-codex-csharp/src/codexbootstrap.tests/bin/debug/net6.0/codexbootstrap.tests.dll" id="4e538f89-b18c-cf2e-2f16-94dc81d451d9">
      <Execution id="e8d80fd8-5518-4208-8fc6-fafc60363e10" />
      <TestMethod codeBase="/Users/ursmuff/source/Living-Codex-CSharp/src/CodexBootstrap.Tests/bin/Debug/net6.0/CodexBootstrap.Tests.dll" adapterTypeName="executor://xunit/VsTestRunner2/netcoreapp" className="CodexBootstrap.Tests.Modules.NodeEdgeModuleApiTests" name="GetEdge_ShouldReturnEdge_WhenImplemented" />
    </UnitTest>
    <UnitTest name="CodexBootstrap.Tests.Core.NodePersistenceTests.ConcurrentOperations_ShouldMaintainConsistency" storage="/users/ursmuff/source/living-codex-csharp/src/codexbootstrap.tests/bin/debug/net6.0/codexbootstrap.tests.dll" id="26e7a1ad-63a6-c657-4516-74b5caa9040c">
      <Execution id="b218972c-b15c-41e6-8320-4198f71596bc" />
      <TestMethod codeBase="/Users/ursmuff/source/Living-Codex-CSharp/src/CodexBootstrap.Tests/bin/Debug/net6.0/CodexBootstrap.Tests.dll" adapterTypeName="executor://xunit/VsTestRunner2/netcoreapp" className="CodexBootstrap.Tests.Core.NodePersistenceTests" name="ConcurrentOperations_ShouldMaintainConsistency" />
    </UnitTest>
    <UnitTest name="CodexBootstrap.Tests.SimpleIntegrationTests.SwaggerEndpoint_ShouldBeAccessible" storage="/users/ursmuff/source/living-codex-csharp/src/codexbootstrap.tests/bin/debug/net6.0/codexbootstrap.tests.dll" id="7fb892fc-7cfe-4a21-f5bf-3ca5ffe75254">
      <Execution id="32916e9f-c543-409a-a195-17fb944eb7c2" />
      <TestMethod codeBase="/Users/ursmuff/source/Living-Codex-CSharp/src/CodexBootstrap.Tests/bin/Debug/net6.0/CodexBootstrap.Tests.dll" adapterTypeName="executor://xunit/VsTestRunner2/netcoreapp" className="CodexBootstrap.Tests.SimpleIntegrationTests" name="SwaggerEndpoint_ShouldBeAccessible" />
    </UnitTest>
    <UnitTest name="CodexBootstrap.Tests.Modules.UXPrimitivesModuleTests.CreateWeave_WithoutSourceId_ReturnsError" storage="/users/ursmuff/source/living-codex-csharp/src/codexbootstrap.tests/bin/debug/net6.0/codexbootstrap.tests.dll" id="e75caaaa-c0f2-35be-09ee-e95dc5be3d00">
      <Execution id="401ce2b7-8bc2-466e-b9cd-be5bd8f88c67" />
      <TestMethod codeBase="/Users/ursmuff/source/Living-Codex-CSharp/src/CodexBootstrap.Tests/bin/Debug/net6.0/CodexBootstrap.Tests.dll" adapterTypeName="executor://xunit/VsTestRunner2/netcoreapp" className="CodexBootstrap.Tests.Modules.UXPrimitivesModuleTests" name="CreateWeave_WithoutSourceId_ReturnsError" />
    </UnitTest>
    <UnitTest name="CodexBootstrap.Tests.Modules.ConceptModuleApiTests.UpdateConcept_ShouldReturnNotFound_WhenConceptDoesNotExist" storage="/users/ursmuff/source/living-codex-csharp/src/codexbootstrap.tests/bin/debug/net6.0/codexbootstrap.tests.dll" id="8825c2ca-e48a-f1b9-4ae4-5d782ac55816">
      <Execution id="6f73ca69-9f30-4df5-b4ab-a5dab787c0bb" />
      <TestMethod codeBase="/Users/ursmuff/source/Living-Codex-CSharp/src/CodexBootstrap.Tests/bin/Debug/net6.0/CodexBootstrap.Tests.dll" adapterTypeName="executor://xunit/VsTestRunner2/netcoreapp" className="CodexBootstrap.Tests.Modules.ConceptModuleApiTests" name="UpdateConcept_ShouldReturnNotFound_WhenConceptDoesNotExist" />
    </UnitTest>
    <UnitTest name="CodexBootstrap.Tests.Modules.ConceptModuleApiTests.DeleteConcept_ShouldReturnSuccess_WhenConceptExists" storage="/users/ursmuff/source/living-codex-csharp/src/codexbootstrap.tests/bin/debug/net6.0/codexbootstrap.tests.dll" id="db697f2e-ce6c-0e67-fba6-9e9dcf38b114">
      <Execution id="26702f9d-24c9-4405-8ba7-6aa4a0428199" />
      <TestMethod codeBase="/Users/ursmuff/source/Living-Codex-CSharp/src/CodexBootstrap.Tests/bin/Debug/net6.0/CodexBootstrap.Tests.dll" adapterTypeName="executor://xunit/VsTestRunner2/netcoreapp" className="CodexBootstrap.Tests.Modules.ConceptModuleApiTests" name="DeleteConcept_ShouldReturnSuccess_WhenConceptExists" />
    </UnitTest>
    <UnitTest name="CodexBootstrap.Tests.Modules.CoreModuleTests.GetModuleNode_ShouldReturnModuleNode" storage="/users/ursmuff/source/living-codex-csharp/src/codexbootstrap.tests/bin/debug/net6.0/codexbootstrap.tests.dll" id="7a9984de-d3ac-18cd-d3c6-06e7c8272524">
      <Execution id="583cebc0-1515-4829-80c8-13dff4609e5b" />
      <TestMethod codeBase="/Users/ursmuff/source/Living-Codex-CSharp/src/CodexBootstrap.Tests/bin/Debug/net6.0/CodexBootstrap.Tests.dll" adapterTypeName="executor://xunit/VsTestRunner2/netcoreapp" className="CodexBootstrap.Tests.Modules.CoreModuleTests" name="GetModuleNode_ShouldReturnModuleNode" />
    </UnitTest>
    <UnitTest name="CodexBootstrap.Tests.Modules.AIModuleTests.RegisterApiHandlers_ShouldNotThrow" storage="/users/ursmuff/source/living-codex-csharp/src/codexbootstrap.tests/bin/debug/net6.0/codexbootstrap.tests.dll" id="f26cae9a-0cfd-3b5a-d1f4-d5ed084eadad">
      <Execution id="456b41a8-14ed-490a-97db-0be9cf44e17f" />
      <TestMethod codeBase="/Users/ursmuff/source/Living-Codex-CSharp/src/CodexBootstrap.Tests/bin/Debug/net6.0/CodexBootstrap.Tests.dll" adapterTypeName="executor://xunit/VsTestRunner2/netcoreapp" className="CodexBootstrap.Tests.Modules.AIModuleTests" name="RegisterApiHandlers_ShouldNotThrow" />
    </UnitTest>
    <UnitTest name="CodexBootstrap.Tests.Modules.EnergyModuleApiTests.GetContributorEnergy_ShouldReturnUserEnergy_WhenImplemented" storage="/users/ursmuff/source/living-codex-csharp/src/codexbootstrap.tests/bin/debug/net6.0/codexbootstrap.tests.dll" id="3ffad5fc-3d39-cf1b-b6aa-3a273e7e7f8c">
      <Execution id="4d5195a3-10bc-49ab-abd8-516ae1386c3d" />
      <TestMethod codeBase="/Users/ursmuff/source/Living-Codex-CSharp/src/CodexBootstrap.Tests/bin/Debug/net6.0/CodexBootstrap.Tests.dll" adapterTypeName="executor://xunit/VsTestRunner2/netcoreapp" className="CodexBootstrap.Tests.Modules.EnergyModuleApiTests" name="GetContributorEnergy_ShouldReturnUserEnergy_WhenImplemented" />
    </UnitTest>
    <UnitTest name="CodexBootstrap.Tests.Modules.EnergyModuleApiTests.GetContributionStats_ShouldReturnStats_WhenImplemented" storage="/users/ursmuff/source/living-codex-csharp/src/codexbootstrap.tests/bin/debug/net6.0/codexbootstrap.tests.dll" id="386a6c80-c37f-2520-1205-e565042cab19">
      <Execution id="ed555f03-8e35-4255-93ec-c770e368827f" />
      <TestMethod codeBase="/Users/ursmuff/source/Living-Codex-CSharp/src/CodexBootstrap.Tests/bin/Debug/net6.0/CodexBootstrap.Tests.dll" adapterTypeName="executor://xunit/VsTestRunner2/netcoreapp" className="CodexBootstrap.Tests.Modules.EnergyModuleApiTests" name="GetContributionStats_ShouldReturnStats_WhenImplemented" />
    </UnitTest>
    <UnitTest name="CodexBootstrap.Tests.Core.LLMOrchestratorTests.ExecuteAsync_WithException_ShouldReturnError" storage="/users/ursmuff/source/living-codex-csharp/src/codexbootstrap.tests/bin/debug/net6.0/codexbootstrap.tests.dll" id="c18159c8-c488-c465-11b5-e4f60944ebea">
      <Execution id="81f384d2-3fc9-42bf-b07a-178a4e6df4ff" />
      <TestMethod codeBase="/Users/ursmuff/source/Living-Codex-CSharp/src/CodexBootstrap.Tests/bin/Debug/net6.0/CodexBootstrap.Tests.dll" adapterTypeName="executor://xunit/VsTestRunner2/netcoreapp" className="CodexBootstrap.Tests.Core.LLMOrchestratorTests" name="ExecuteAsync_WithException_ShouldReturnError" />
    </UnitTest>
    <UnitTest name="CodexBootstrap.Tests.Modules.ThreadsModuleTests.ModuleNode_HasCorrectProperties" storage="/users/ursmuff/source/living-codex-csharp/src/codexbootstrap.tests/bin/debug/net6.0/codexbootstrap.tests.dll" id="0cb16ae0-9e92-a316-9f63-de35f31e5f39">
      <Execution id="683d545d-4ea5-4428-b587-17c595e6a779" />
      <TestMethod codeBase="/Users/ursmuff/source/Living-Codex-CSharp/src/CodexBootstrap.Tests/bin/Debug/net6.0/CodexBootstrap.Tests.dll" adapterTypeName="executor://xunit/VsTestRunner2/netcoreapp" className="CodexBootstrap.Tests.Modules.ThreadsModuleTests" name="ModuleNode_HasCorrectProperties" />
    </UnitTest>
    <UnitTest name="CodexBootstrap.Tests.UCoreOntologyTests.UCoreInitializer_Should_LoadAllBaseUCoreConcepts" storage="/users/ursmuff/source/living-codex-csharp/src/codexbootstrap.tests/bin/debug/net6.0/codexbootstrap.tests.dll" id="0533f3e6-8f2d-57bf-a884-bf63325bfb90">
      <Execution id="2255f84c-aeed-4267-9d7f-40d97b2138dd" />
      <TestMethod codeBase="/Users/ursmuff/source/Living-Codex-CSharp/src/CodexBootstrap.Tests/bin/Debug/net6.0/CodexBootstrap.Tests.dll" adapterTypeName="executor://xunit/VsTestRunner2/netcoreapp" className="CodexBootstrap.Tests.UCoreOntologyTests" name="UCoreInitializer_Should_LoadAllBaseUCoreConcepts" />
    </UnitTest>
    <UnitTest name="CodexBootstrap.Tests.Modules.FileSystemModuleTests.InitializeFileSystemNodes_WithValidProject_CreatesFileNodes" storage="/users/ursmuff/source/living-codex-csharp/src/codexbootstrap.tests/bin/debug/net6.0/codexbootstrap.tests.dll" id="82972118-4ab6-5c8e-198a-344b25ea05c2">
      <Execution id="34839847-e0b1-4c5e-9827-a895f6b03469" />
      <TestMethod codeBase="/Users/ursmuff/source/Living-Codex-CSharp/src/CodexBootstrap.Tests/bin/Debug/net6.0/CodexBootstrap.Tests.dll" adapterTypeName="executor://xunit/VsTestRunner2/netcoreapp" className="CodexBootstrap.Tests.Modules.FileSystemModuleTests" name="InitializeFileSystemNodes_WithValidProject_CreatesFileNodes" />
    </UnitTest>
    <UnitTest name="CodexBootstrap.Tests.Modules.FileSystemModuleTests.DeleteFile_WithValidNode_MovesToBackupAndMarksDeleted" storage="/users/ursmuff/source/living-codex-csharp/src/codexbootstrap.tests/bin/debug/net6.0/codexbootstrap.tests.dll" id="6d1325fe-8024-7798-813c-49d49c7502db">
      <Execution id="fcb5db95-46a4-4e7d-a13e-bfa6aba1a33e" />
      <TestMethod codeBase="/Users/ursmuff/source/Living-Codex-CSharp/src/CodexBootstrap.Tests/bin/Debug/net6.0/CodexBootstrap.Tests.dll" adapterTypeName="executor://xunit/VsTestRunner2/netcoreapp" className="CodexBootstrap.Tests.Modules.FileSystemModuleTests" name="DeleteFile_WithValidNode_MovesToBackupAndMarksDeleted" />
    </UnitTest>
    <UnitTest name="CodexBootstrap.Tests.Modules.EnergyModuleApiTests.GetUserContributions_ShouldReturnOk_WhenImplemented" storage="/users/ursmuff/source/living-codex-csharp/src/codexbootstrap.tests/bin/debug/net6.0/codexbootstrap.tests.dll" id="d0cd9f70-6dc1-3c7d-5cf8-851aa39eea33">
      <Execution id="be85af37-a9f0-4200-8da7-77a035841127" />
      <TestMethod codeBase="/Users/ursmuff/source/Living-Codex-CSharp/src/CodexBootstrap.Tests/bin/Debug/net6.0/CodexBootstrap.Tests.dll" adapterTypeName="executor://xunit/VsTestRunner2/netcoreapp" className="CodexBootstrap.Tests.Modules.EnergyModuleApiTests" name="GetUserContributions_ShouldReturnOk_WhenImplemented" />
    </UnitTest>
    <UnitTest name="CodexBootstrap.Tests.Modules.EnergyModuleApiTests.GetContributorEnergy_ShouldReturnBadRequest_WhenUserIdInvalid_WhenImplemented" storage="/users/ursmuff/source/living-codex-csharp/src/codexbootstrap.tests/bin/debug/net6.0/codexbootstrap.tests.dll" id="5fd7373e-836c-fd3b-1266-60a16d14daf5">
      <Execution id="8ea7c891-4bb3-42c1-af58-291798e3acc5" />
      <TestMethod codeBase="/Users/ursmuff/source/Living-Codex-CSharp/src/CodexBootstrap.Tests/bin/Debug/net6.0/CodexBootstrap.Tests.dll" adapterTypeName="executor://xunit/VsTestRunner2/netcoreapp" className="CodexBootstrap.Tests.Modules.EnergyModuleApiTests" name="GetContributorEnergy_ShouldReturnBadRequest_WhenUserIdInvalid_WhenImplemented" />
    </UnitTest>
    <UnitTest name="CodexBootstrap.Tests.Core.NodePersistenceTests.ServerRestart_IceNodes_ShouldSurviveRestart" storage="/users/ursmuff/source/living-codex-csharp/src/codexbootstrap.tests/bin/debug/net6.0/codexbootstrap.tests.dll" id="382f02cf-38c0-12b1-98d8-ae75885865e3">
      <Execution id="7e2a2567-5aae-46d0-9a03-d70c428baa15" />
      <TestMethod codeBase="/Users/ursmuff/source/Living-Codex-CSharp/src/CodexBootstrap.Tests/bin/Debug/net6.0/CodexBootstrap.Tests.dll" adapterTypeName="executor://xunit/VsTestRunner2/netcoreapp" className="CodexBootstrap.Tests.Core.NodePersistenceTests" name="ServerRestart_IceNodes_ShouldSurviveRestart" />
    </UnitTest>
    <UnitTest name="CodexBootstrap.Tests.Core.NodePersistenceTests.TypeBasedQueries_ShouldWorkAfterRestart" storage="/users/ursmuff/source/living-codex-csharp/src/codexbootstrap.tests/bin/debug/net6.0/codexbootstrap.tests.dll" id="53a59314-7293-f081-232f-56d1644cbca1">
      <Execution id="492aaf4f-c8ba-4880-a671-51810e25fb73" />
      <TestMethod codeBase="/Users/ursmuff/source/Living-Codex-CSharp/src/CodexBootstrap.Tests/bin/Debug/net6.0/CodexBootstrap.Tests.dll" adapterTypeName="executor://xunit/VsTestRunner2/netcoreapp" className="CodexBootstrap.Tests.Core.NodePersistenceTests" name="TypeBasedQueries_ShouldWorkAfterRestart" />
    </UnitTest>
    <UnitTest name="CodexBootstrap.Tests.Modules.NoMockDataRegressionTests.Health_SystemStatus_DoesNotMentionMockOrSimulation" storage="/users/ursmuff/source/living-codex-csharp/src/codexbootstrap.tests/bin/debug/net6.0/codexbootstrap.tests.dll" id="ca6abf66-bfa7-ba9c-4a7c-c7bb3f9e50f3">
      <Execution id="279cd778-215f-48fd-a3be-3945e6ed8881" />
      <TestMethod codeBase="/Users/ursmuff/source/Living-Codex-CSharp/src/CodexBootstrap.Tests/bin/Debug/net6.0/CodexBootstrap.Tests.dll" adapterTypeName="executor://xunit/VsTestRunner2/netcoreapp" className="CodexBootstrap.Tests.Modules.NoMockDataRegressionTests" name="Health_SystemStatus_DoesNotMentionMockOrSimulation" />
    </UnitTest>
    <UnitTest name="CodexBootstrap.Tests.Modules.FutureKnowledgeModuleTests.GeneratePrediction_WithNonExistentPattern_ReturnsError" storage="/users/ursmuff/source/living-codex-csharp/src/codexbootstrap.tests/bin/debug/net6.0/codexbootstrap.tests.dll" id="b8e86a2f-674f-f277-a8e3-1c4f7274634d">
      <Execution id="e613927a-2eda-4fe3-881b-1a7fabe868e6" />
      <TestMethod codeBase="/Users/ursmuff/source/Living-Codex-CSharp/src/CodexBootstrap.Tests/bin/Debug/net6.0/CodexBootstrap.Tests.dll" adapterTypeName="executor://xunit/VsTestRunner2/netcoreapp" className="CodexBootstrap.Tests.Modules.FutureKnowledgeModuleTests" name="GeneratePrediction_WithNonExistentPattern_ReturnsError" />
    </UnitTest>
    <UnitTest name="CodexBootstrap.Tests.Modules.VisualValidationModuleTests.RenderComponentToImage_ShouldStoreNodeAndReturnSuccess" storage="/users/ursmuff/source/living-codex-csharp/src/codexbootstrap.tests/bin/debug/net6.0/codexbootstrap.tests.dll" id="acc7a2a6-5b6f-24ca-1251-941601005cf3">
      <Execution id="9ebc639d-c5bf-4dff-b3c5-ebd1d0b80364" />
      <TestMethod codeBase="/Users/ursmuff/source/Living-Codex-CSharp/src/CodexBootstrap.Tests/bin/Debug/net6.0/CodexBootstrap.Tests.dll" adapterTypeName="executor://xunit/VsTestRunner2/netcoreapp" className="CodexBootstrap.Tests.Modules.VisualValidationModuleTests" name="RenderComponentToImage_ShouldStoreNodeAndReturnSuccess" />
    </UnitTest>
    <UnitTest name="CodexBootstrap.Tests.Modules.UXPrimitivesModuleTests.SendInvite_WithoutMessage_ReturnsError" storage="/users/ursmuff/source/living-codex-csharp/src/codexbootstrap.tests/bin/debug/net6.0/codexbootstrap.tests.dll" id="de3c4b09-a3ad-ae77-63dc-db0c1fac083d">
      <Execution id="7f36b890-13df-406e-b7f6-87f06edb7aa0" />
      <TestMethod codeBase="/Users/ursmuff/source/Living-Codex-CSharp/src/CodexBootstrap.Tests/bin/Debug/net6.0/CodexBootstrap.Tests.dll" adapterTypeName="executor://xunit/VsTestRunner2/netcoreapp" className="CodexBootstrap.Tests.Modules.UXPrimitivesModuleTests" name="SendInvite_WithoutMessage_ReturnsError" />
    </UnitTest>
    <UnitTest name="CodexBootstrap.Tests.Modules.CoreModuleTests.Register_ShouldRegisterModuleWithRegistry" storage="/users/ursmuff/source/living-codex-csharp/src/codexbootstrap.tests/bin/debug/net6.0/codexbootstrap.tests.dll" id="e816d20a-430f-2d97-9262-77eb57c11839">
      <Execution id="905bf5f3-b4b5-4ed8-82ee-ddfd714e8955" />
      <TestMethod codeBase="/Users/ursmuff/source/Living-Codex-CSharp/src/CodexBootstrap.Tests/bin/Debug/net6.0/CodexBootstrap.Tests.dll" adapterTypeName="executor://xunit/VsTestRunner2/netcoreapp" className="CodexBootstrap.Tests.Modules.CoreModuleTests" name="Register_ShouldRegisterModuleWithRegistry" />
    </UnitTest>
    <UnitTest name="CodexBootstrap.Tests.Core.NodePersistenceTests.EdgeStateConsistency_ShouldMatchNodeStates" storage="/users/ursmuff/source/living-codex-csharp/src/codexbootstrap.tests/bin/debug/net6.0/codexbootstrap.tests.dll" id="2b98f1ad-9067-5d96-8cc7-a0590be4d644">
      <Execution id="c9fd14c7-180f-48c3-a60c-883a8a7dd2b8" />
      <TestMethod codeBase="/Users/ursmuff/source/Living-Codex-CSharp/src/CodexBootstrap.Tests/bin/Debug/net6.0/CodexBootstrap.Tests.dll" adapterTypeName="executor://xunit/VsTestRunner2/netcoreapp" className="CodexBootstrap.Tests.Core.NodePersistenceTests" name="EdgeStateConsistency_ShouldMatchNodeStates" />
    </UnitTest>
    <UnitTest name="CodexBootstrap.Tests.Core.NodePersistenceTests.MetadataQueries_ShouldPersistCorrectly" storage="/users/ursmuff/source/living-codex-csharp/src/codexbootstrap.tests/bin/debug/net6.0/codexbootstrap.tests.dll" id="6656d4a1-4590-68b8-41cf-6ebd4239279f">
      <Execution id="cf48b919-6be7-4f5a-a975-71f34c7c8868" />
      <TestMethod codeBase="/Users/ursmuff/source/Living-Codex-CSharp/src/CodexBootstrap.Tests/bin/Debug/net6.0/CodexBootstrap.Tests.dll" adapterTypeName="executor://xunit/VsTestRunner2/netcoreapp" className="CodexBootstrap.Tests.Core.NodePersistenceTests" name="MetadataQueries_ShouldPersistCorrectly" />
    </UnitTest>
    <UnitTest name="CodexBootstrap.Tests.Modules.IdentityModuleApiTests.Authenticate_ShouldHandleMalformedJson" storage="/users/ursmuff/source/living-codex-csharp/src/codexbootstrap.tests/bin/debug/net6.0/codexbootstrap.tests.dll" id="9362de11-64d0-3a11-bfe7-ba203f9734b0">
      <Execution id="2420b3f9-d744-4e57-87ca-0881c44b5b4b" />
      <TestMethod codeBase="/Users/ursmuff/source/Living-Codex-CSharp/src/CodexBootstrap.Tests/bin/Debug/net6.0/CodexBootstrap.Tests.dll" adapterTypeName="executor://xunit/VsTestRunner2/netcoreapp" className="CodexBootstrap.Tests.Modules.IdentityModuleApiTests" name="Authenticate_ShouldHandleMalformedJson" />
    </UnitTest>
    <UnitTest name="CodexBootstrap.Tests.Modules.IdentityModuleApiTests.GetIdentityProviders_ShouldRespondWithinAcceptableTime" storage="/users/ursmuff/source/living-codex-csharp/src/codexbootstrap.tests/bin/debug/net6.0/codexbootstrap.tests.dll" id="c901140a-8e9f-da3b-f7f8-502ef77600a4">
      <Execution id="31d9d2bc-e3fa-4974-9804-8aecd79b5f9a" />
      <TestMethod codeBase="/Users/ursmuff/source/Living-Codex-CSharp/src/CodexBootstrap.Tests/bin/Debug/net6.0/CodexBootstrap.Tests.dll" adapterTypeName="executor://xunit/VsTestRunner2/netcoreapp" className="CodexBootstrap.Tests.Modules.IdentityModuleApiTests" name="GetIdentityProviders_ShouldRespondWithinAcceptableTime" />
    </UnitTest>
    <UnitTest name="CodexBootstrap.Tests.Modules.ConceptModuleApiTests.GetConcept_ShouldReturnConcept_WhenConceptExists" storage="/users/ursmuff/source/living-codex-csharp/src/codexbootstrap.tests/bin/debug/net6.0/codexbootstrap.tests.dll" id="a4d19a43-eee6-b34b-17f0-66d7158f5890">
      <Execution id="bac0f181-d8f0-4f93-bf22-69f6983d0c90" />
      <TestMethod codeBase="/Users/ursmuff/source/Living-Codex-CSharp/src/CodexBootstrap.Tests/bin/Debug/net6.0/CodexBootstrap.Tests.dll" adapterTypeName="executor://xunit/VsTestRunner2/netcoreapp" className="CodexBootstrap.Tests.Modules.ConceptModuleApiTests" name="GetConcept_ShouldReturnConcept_WhenConceptExists" />
    </UnitTest>
    <UnitTest name="CodexBootstrap.Tests.Modules.EnergyModuleApiTests.GetContributorEnergy_ShouldRespondWithinAcceptableTime_WhenImplemented" storage="/users/ursmuff/source/living-codex-csharp/src/codexbootstrap.tests/bin/debug/net6.0/codexbootstrap.tests.dll" id="14935da5-76f2-bd62-81ac-04e61a088bd0">
      <Execution id="fcf64309-0343-48fd-b8ca-53cf29642ea5" />
      <TestMethod codeBase="/Users/ursmuff/source/Living-Codex-CSharp/src/CodexBootstrap.Tests/bin/Debug/net6.0/CodexBootstrap.Tests.dll" adapterTypeName="executor://xunit/VsTestRunner2/netcoreapp" className="CodexBootstrap.Tests.Modules.EnergyModuleApiTests" name="GetContributorEnergy_ShouldRespondWithinAcceptableTime_WhenImplemented" />
    </UnitTest>
    <UnitTest name="CodexBootstrap.Tests.Modules.UXPrimitivesModuleTests.GenerateReflection_WithoutContentId_ReturnsError" storage="/users/ursmuff/source/living-codex-csharp/src/codexbootstrap.tests/bin/debug/net6.0/codexbootstrap.tests.dll" id="0dfb425c-5e4f-66ca-073c-7c258c6c7e5f">
      <Execution id="41e6a275-786f-4c9b-93c9-41487b0819f5" />
      <TestMethod codeBase="/Users/ursmuff/source/Living-Codex-CSharp/src/CodexBootstrap.Tests/bin/Debug/net6.0/CodexBootstrap.Tests.dll" adapterTypeName="executor://xunit/VsTestRunner2/netcoreapp" className="CodexBootstrap.Tests.Modules.UXPrimitivesModuleTests" name="GenerateReflection_WithoutContentId_ReturnsError" />
    </UnitTest>
    <UnitTest name="CodexBootstrap.Tests.Core.NodePersistenceTests.ServerRestart_MixedStates_ShouldRestoreCorrectly" storage="/users/ursmuff/source/living-codex-csharp/src/codexbootstrap.tests/bin/debug/net6.0/codexbootstrap.tests.dll" id="d2562022-cd7f-36b1-1c2d-849cc064d530">
      <Execution id="fcfbb6de-d129-441b-96ae-0436ff8b1fab" />
      <TestMethod codeBase="/Users/ursmuff/source/Living-Codex-CSharp/src/CodexBootstrap.Tests/bin/Debug/net6.0/CodexBootstrap.Tests.dll" adapterTypeName="executor://xunit/VsTestRunner2/netcoreapp" className="CodexBootstrap.Tests.Core.NodePersistenceTests" name="ServerRestart_MixedStates_ShouldRestoreCorrectly" />
    </UnitTest>
    <UnitTest name="CodexBootstrap.Tests.Core.NodeRegistryUserRepositoryTests.UpdateAsync_ShouldOverwriteMetadata" storage="/users/ursmuff/source/living-codex-csharp/src/codexbootstrap.tests/bin/debug/net6.0/codexbootstrap.tests.dll" id="2077052f-6555-ad72-a6cc-99d9e1294aa2">
      <Execution id="6515a34b-4fc0-4d03-a3c8-cc234d0c5358" />
      <TestMethod codeBase="/Users/ursmuff/source/Living-Codex-CSharp/src/CodexBootstrap.Tests/bin/Debug/net6.0/CodexBootstrap.Tests.dll" adapterTypeName="executor://xunit/VsTestRunner2/netcoreapp" className="CodexBootstrap.Tests.Core.NodeRegistryUserRepositoryTests" name="UpdateAsync_ShouldOverwriteMetadata" />
    </UnitTest>
    <UnitTest name="CodexBootstrap.Tests.Modules.NodeEdgeModuleApiTests.GetNodes_ShouldRespondWithinAcceptableTime" storage="/users/ursmuff/source/living-codex-csharp/src/codexbootstrap.tests/bin/debug/net6.0/codexbootstrap.tests.dll" id="4bd130c7-f504-8b12-ce2a-87666fadd50e">
      <Execution id="5267fae9-68dc-4565-9a63-de0710847ab0" />
      <TestMethod codeBase="/Users/ursmuff/source/Living-Codex-CSharp/src/CodexBootstrap.Tests/bin/Debug/net6.0/CodexBootstrap.Tests.dll" adapterTypeName="executor://xunit/VsTestRunner2/netcoreapp" className="CodexBootstrap.Tests.Modules.NodeEdgeModuleApiTests" name="GetNodes_ShouldRespondWithinAcceptableTime" />
    </UnitTest>
    <UnitTest name="CodexBootstrap.Tests.PortConfigurationTests.Server_ShouldStartOnPort" storage="/users/ursmuff/source/living-codex-csharp/src/codexbootstrap.tests/bin/debug/net6.0/codexbootstrap.tests.dll" id="0822fda8-1ecb-9b4b-b537-c5def62bdea6">
      <Execution id="edbe49d5-c05b-47d5-9537-bb14c54a51b5" />
      <TestMethod codeBase="/Users/ursmuff/source/Living-Codex-CSharp/src/CodexBootstrap.Tests/bin/Debug/net6.0/CodexBootstrap.Tests.dll" adapterTypeName="executor://xunit/VsTestRunner2/netcoreapp" className="CodexBootstrap.Tests.PortConfigurationTests" name="Server_ShouldStartOnPort" />
    </UnitTest>
    <UnitTest name="CodexBootstrap.Tests.ComprehensiveEndpointDiscovery.DiscoverAllEndpoints_ShouldFindAvailableEndpoints" storage="/users/ursmuff/source/living-codex-csharp/src/codexbootstrap.tests/bin/debug/net6.0/codexbootstrap.tests.dll" id="9a702a54-932a-77ac-8e6e-5b1318f49c63">
      <Execution id="3d3c63b7-a2b2-4109-b287-4a1263135197" />
      <TestMethod codeBase="/Users/ursmuff/source/Living-Codex-CSharp/src/CodexBootstrap.Tests/bin/Debug/net6.0/CodexBootstrap.Tests.dll" adapterTypeName="executor://xunit/VsTestRunner2/netcoreapp" className="CodexBootstrap.Tests.ComprehensiveEndpointDiscovery" name="DiscoverAllEndpoints_ShouldFindAvailableEndpoints" />
    </UnitTest>
    <UnitTest name="CodexBootstrap.Tests.Modules.NewsModuleApiTests.GetTrendingTopics_ShouldAcceptHoursBackParameter" storage="/users/ursmuff/source/living-codex-csharp/src/codexbootstrap.tests/bin/debug/net6.0/codexbootstrap.tests.dll" id="7d68e180-4522-1c63-e2b7-817dd0b2a6e5">
      <Execution id="e17244e1-3c0f-4579-8a72-f5e9c202e4a6" />
      <TestMethod codeBase="/Users/ursmuff/source/Living-Codex-CSharp/src/CodexBootstrap.Tests/bin/Debug/net6.0/CodexBootstrap.Tests.dll" adapterTypeName="executor://xunit/VsTestRunner2/netcoreapp" className="CodexBootstrap.Tests.Modules.NewsModuleApiTests" name="GetTrendingTopics_ShouldAcceptHoursBackParameter" />
    </UnitTest>
    <UnitTest name="CodexBootstrap.Tests.Modules.IdentityModuleApiTests.GetIdentityProviders_ShouldReturnProvidersList" storage="/users/ursmuff/source/living-codex-csharp/src/codexbootstrap.tests/bin/debug/net6.0/codexbootstrap.tests.dll" id="739ddbc9-29fb-28c3-7b57-b5ec668cdd0c">
      <Execution id="dff61efa-d30e-4c9d-931d-4358f20f4b2f" />
      <TestMethod codeBase="/Users/ursmuff/source/Living-Codex-CSharp/src/CodexBootstrap.Tests/bin/Debug/net6.0/CodexBootstrap.Tests.dll" adapterTypeName="executor://xunit/VsTestRunner2/netcoreapp" className="CodexBootstrap.Tests.Modules.IdentityModuleApiTests" name="GetIdentityProviders_ShouldReturnProvidersList" />
    </UnitTest>
    <UnitTest name="CodexBootstrap.Tests.Modules.NewsModuleApiTests.GetTrendingTopics_ShouldRespondWithinAcceptableTime" storage="/users/ursmuff/source/living-codex-csharp/src/codexbootstrap.tests/bin/debug/net6.0/codexbootstrap.tests.dll" id="bae85a23-fcdf-5f3d-d506-0fa1d219f067">
      <Execution id="2a90d45d-60ea-4dc4-9fd2-8e5f40d21e35" />
      <TestMethod codeBase="/Users/ursmuff/source/Living-Codex-CSharp/src/CodexBootstrap.Tests/bin/Debug/net6.0/CodexBootstrap.Tests.dll" adapterTypeName="executor://xunit/VsTestRunner2/netcoreapp" className="CodexBootstrap.Tests.Modules.NewsModuleApiTests" name="GetTrendingTopics_ShouldRespondWithinAcceptableTime" />
    </UnitTest>
    <UnitTest name="CodexBootstrap.Tests.Core.StateTransitionTests.NodeStateTransition_OneNodeToGas_ShouldMakeEdgeGas" storage="/users/ursmuff/source/living-codex-csharp/src/codexbootstrap.tests/bin/debug/net6.0/codexbootstrap.tests.dll" id="bea25778-24d9-fe1b-fa56-cac425810a84">
      <Execution id="80f82e59-63ea-492a-adae-8692e6b38b28" />
      <TestMethod codeBase="/Users/ursmuff/source/Living-Codex-CSharp/src/CodexBootstrap.Tests/bin/Debug/net6.0/CodexBootstrap.Tests.dll" adapterTypeName="executor://xunit/VsTestRunner2/netcoreapp" className="CodexBootstrap.Tests.Core.StateTransitionTests" name="NodeStateTransition_OneNodeToGas_ShouldMakeEdgeGas" />
    </UnitTest>
    <UnitTest name="CodexBootstrap.Tests.Modules.NodeEdgeModuleApiTests.SearchNodes_ShouldReturnSearchResults_WhenImplemented" storage="/users/ursmuff/source/living-codex-csharp/src/codexbootstrap.tests/bin/debug/net6.0/codexbootstrap.tests.dll" id="2fb70c5e-3630-184f-467a-2c4ada567323">
      <Execution id="c235a524-cd0a-4589-a6c1-0fdadb81b3ad" />
      <TestMethod codeBase="/Users/ursmuff/source/Living-Codex-CSharp/src/CodexBootstrap.Tests/bin/Debug/net6.0/CodexBootstrap.Tests.dll" adapterTypeName="executor://xunit/VsTestRunner2/netcoreapp" className="CodexBootstrap.Tests.Modules.NodeEdgeModuleApiTests" name="SearchNodes_ShouldReturnSearchResults_WhenImplemented" />
    </UnitTest>
    <UnitTest name="CodexBootstrap.Tests.Modules.EnergyModuleApiTests.RecordContribution_ShouldCreateContribution_WhenImplemented" storage="/users/ursmuff/source/living-codex-csharp/src/codexbootstrap.tests/bin/debug/net6.0/codexbootstrap.tests.dll" id="58ac984c-ccd6-0f0f-d8b2-fe2845649ddf">
      <Execution id="85bba8bb-e48f-48e4-ad27-cfc86105ed84" />
      <TestMethod codeBase="/Users/ursmuff/source/Living-Codex-CSharp/src/CodexBootstrap.Tests/bin/Debug/net6.0/CodexBootstrap.Tests.dll" adapterTypeName="executor://xunit/VsTestRunner2/netcoreapp" className="CodexBootstrap.Tests.Modules.EnergyModuleApiTests" name="RecordContribution_ShouldCreateContribution_WhenImplemented" />
    </UnitTest>
    <UnitTest name="CodexBootstrap.Tests.Modules.NodeEdgeModuleApiTests.GetNode_ShouldReturnNode_WhenNodeExists" storage="/users/ursmuff/source/living-codex-csharp/src/codexbootstrap.tests/bin/debug/net6.0/codexbootstrap.tests.dll" id="fc7bce22-4aa8-7f2e-5825-9a1561671044">
      <Execution id="6d09e7a6-dc7b-4d50-ad48-fe963934bd87" />
      <TestMethod codeBase="/Users/ursmuff/source/Living-Codex-CSharp/src/CodexBootstrap.Tests/bin/Debug/net6.0/CodexBootstrap.Tests.dll" adapterTypeName="executor://xunit/VsTestRunner2/netcoreapp" className="CodexBootstrap.Tests.Modules.NodeEdgeModuleApiTests" name="GetNode_ShouldReturnNode_WhenNodeExists" />
    </UnitTest>
    <UnitTest name="CodexBootstrap.Tests.Modules.FileSystemModuleTests.GetAllFileNodes_WithFileTypeFilter_ReturnsFilteredResults" storage="/users/ursmuff/source/living-codex-csharp/src/codexbootstrap.tests/bin/debug/net6.0/codexbootstrap.tests.dll" id="e568615c-3c9c-33c8-6eac-74638b778c06">
      <Execution id="5f6c82b0-c1d4-4987-b8e0-895c8ddf6f61" />
      <TestMethod codeBase="/Users/ursmuff/source/Living-Codex-CSharp/src/CodexBootstrap.Tests/bin/Debug/net6.0/CodexBootstrap.Tests.dll" adapterTypeName="executor://xunit/VsTestRunner2/netcoreapp" className="CodexBootstrap.Tests.Modules.FileSystemModuleTests" name="GetAllFileNodes_WithFileTypeFilter_ReturnsFilteredResults" />
    </UnitTest>
    <UnitTest name="CodexBootstrap.Tests.Modules.FileSystemModuleTests.SearchFiles_WithContentSearch_FindsMatches" storage="/users/ursmuff/source/living-codex-csharp/src/codexbootstrap.tests/bin/debug/net6.0/codexbootstrap.tests.dll" id="414bd08a-1856-619a-1a2c-f8de6ed4b859">
      <Execution id="7e8fedae-e109-4abe-9435-9de58a4e7f27" />
      <TestMethod codeBase="/Users/ursmuff/source/Living-Codex-CSharp/src/CodexBootstrap.Tests/bin/Debug/net6.0/CodexBootstrap.Tests.dll" adapterTypeName="executor://xunit/VsTestRunner2/netcoreapp" className="CodexBootstrap.Tests.Modules.FileSystemModuleTests" name="SearchFiles_WithContentSearch_FindsMatches" />
    </UnitTest>
    <UnitTest name="CodexBootstrap.Tests.Modules.FileSystemModuleTests.GetFileContent_WithValidNode_ReturnsFileContent" storage="/users/ursmuff/source/living-codex-csharp/src/codexbootstrap.tests/bin/debug/net6.0/codexbootstrap.tests.dll" id="446aeed3-732f-6fdf-1198-73e2ccb90cd0">
      <Execution id="6bbb77e9-531b-4d9d-9b57-8da862246e8d" />
      <TestMethod codeBase="/Users/ursmuff/source/Living-Codex-CSharp/src/CodexBootstrap.Tests/bin/Debug/net6.0/CodexBootstrap.Tests.dll" adapterTypeName="executor://xunit/VsTestRunner2/netcoreapp" className="CodexBootstrap.Tests.Modules.FileSystemModuleTests" name="GetFileContent_WithValidNode_ReturnsFileContent" />
    </UnitTest>
    <UnitTest name="CodexBootstrap.Tests.SimpleIntegrationTests.ModulesEndpoint_ShouldReturnModuleList" storage="/users/ursmuff/source/living-codex-csharp/src/codexbootstrap.tests/bin/debug/net6.0/codexbootstrap.tests.dll" id="7873e7fc-d46d-3fb0-064c-39886ac6bd92">
      <Execution id="2f2e178f-3e98-4dcf-856a-388c27f5b88d" />
      <TestMethod codeBase="/Users/ursmuff/source/Living-Codex-CSharp/src/CodexBootstrap.Tests/bin/Debug/net6.0/CodexBootstrap.Tests.dll" adapterTypeName="executor://xunit/VsTestRunner2/netcoreapp" className="CodexBootstrap.Tests.SimpleIntegrationTests" name="ModulesEndpoint_ShouldReturnModuleList" />
    </UnitTest>
    <UnitTest name="CodexBootstrap.Tests.UCoreOntologyTests.UCoreInitializer_Should_LoadAllUniversalAxes" storage="/users/ursmuff/source/living-codex-csharp/src/codexbootstrap.tests/bin/debug/net6.0/codexbootstrap.tests.dll" id="9427af82-0059-a7d9-573f-043a790c4050">
      <Execution id="fd06ce19-0273-4db3-aea7-4122a6be1f74" />
      <TestMethod codeBase="/Users/ursmuff/source/Living-Codex-CSharp/src/CodexBootstrap.Tests/bin/Debug/net6.0/CodexBootstrap.Tests.dll" adapterTypeName="executor://xunit/VsTestRunner2/netcoreapp" className="CodexBootstrap.Tests.UCoreOntologyTests" name="UCoreInitializer_Should_LoadAllUniversalAxes" />
    </UnitTest>
    <UnitTest name="CodexBootstrap.Tests.Core.LLMOrchestratorTests.ExecuteAsync_WithValidTemplate_ShouldReturnSuccessResponse" storage="/users/ursmuff/source/living-codex-csharp/src/codexbootstrap.tests/bin/debug/net6.0/codexbootstrap.tests.dll" id="d9ebdab0-e0e1-4dfb-e6ef-0b0976546f6d">
      <Execution id="34d4e62d-fa3f-4c1b-ba0a-070e1536083c" />
      <TestMethod codeBase="/Users/ursmuff/source/Living-Codex-CSharp/src/CodexBootstrap.Tests/bin/Debug/net6.0/CodexBootstrap.Tests.dll" adapterTypeName="executor://xunit/VsTestRunner2/netcoreapp" className="CodexBootstrap.Tests.Core.LLMOrchestratorTests" name="ExecuteAsync_WithValidTemplate_ShouldReturnSuccessResponse" />
    </UnitTest>
    <UnitTest name="CodexBootstrap.Tests.Modules.IdentityModuleApiTests.GetIdentityProviders_ShouldHandleConcurrentRequests" storage="/users/ursmuff/source/living-codex-csharp/src/codexbootstrap.tests/bin/debug/net6.0/codexbootstrap.tests.dll" id="2b034947-95be-beab-d32d-a72ae9771ccd">
      <Execution id="84b845c4-2bd0-4056-9dd2-c8c5d8de592a" />
      <TestMethod codeBase="/Users/ursmuff/source/Living-Codex-CSharp/src/CodexBootstrap.Tests/bin/Debug/net6.0/CodexBootstrap.Tests.dll" adapterTypeName="executor://xunit/VsTestRunner2/netcoreapp" className="CodexBootstrap.Tests.Modules.IdentityModuleApiTests" name="GetIdentityProviders_ShouldHandleConcurrentRequests" />
    </UnitTest>
    <UnitTest name="CodexBootstrap.Tests.ApiEndpointTests.Modules_ShouldReturnModuleList" storage="/users/ursmuff/source/living-codex-csharp/src/codexbootstrap.tests/bin/debug/net6.0/codexbootstrap.tests.dll" id="079febbc-fefa-997d-a518-2bb9b896a10f">
      <Execution id="c055d50a-eca1-4c45-bd08-b782ee72adab" />
      <TestMethod codeBase="/Users/ursmuff/source/Living-Codex-CSharp/src/CodexBootstrap.Tests/bin/Debug/net6.0/CodexBootstrap.Tests.dll" adapterTypeName="executor://xunit/VsTestRunner2/netcoreapp" className="CodexBootstrap.Tests.ApiEndpointTests" name="Modules_ShouldReturnModuleList" />
    </UnitTest>
    <UnitTest name="CodexBootstrap.Tests.ApiIntegrationTests.OAuthValidate_ShouldValidateUser" storage="/users/ursmuff/source/living-codex-csharp/src/codexbootstrap.tests/bin/debug/net6.0/codexbootstrap.tests.dll" id="4cdd7a6f-85c0-305c-e9b1-fd8d4db0dee3">
      <Execution id="2f5deaf5-d449-4ff2-b9fe-5bd3744b5f81" />
      <TestMethod codeBase="/Users/ursmuff/source/Living-Codex-CSharp/src/CodexBootstrap.Tests/bin/Debug/net6.0/CodexBootstrap.Tests.dll" adapterTypeName="executor://xunit/VsTestRunner2/netcoreapp" className="CodexBootstrap.Tests.ApiIntegrationTests" name="OAuthValidate_ShouldValidateUser" />
    </UnitTest>
  </TestDefinitions>
  <TestEntries>
    <TestEntry testId="98c2172e-97df-13d5-a0eb-3bfd4b42a99b" executionId="cb06f172-75a0-40ac-bb29-a0cbc50efac4" testListId="8c84fa94-04c1-424b-9868-57a2d4851a1d" />
    <TestEntry testId="ed4eeeaf-65c2-fe54-b0e2-7f711f9498db" executionId="8ac0666c-2db4-4f5d-9ae7-2c541c62cdaa" testListId="8c84fa94-04c1-424b-9868-57a2d4851a1d" />
    <TestEntry testId="6656d4a1-4590-68b8-41cf-6ebd4239279f" executionId="cf48b919-6be7-4f5a-a975-71f34c7c8868" testListId="8c84fa94-04c1-424b-9868-57a2d4851a1d" />
    <TestEntry testId="95697913-300a-0d09-fede-d269c1c9cc5a" executionId="5cdbebe6-98de-414e-bac4-5cb43e7ddb19" testListId="8c84fa94-04c1-424b-9868-57a2d4851a1d" />
    <TestEntry testId="7873e7fc-d46d-3fb0-064c-39886ac6bd92" executionId="2f2e178f-3e98-4dcf-856a-388c27f5b88d" testListId="8c84fa94-04c1-424b-9868-57a2d4851a1d" />
    <TestEntry testId="aceb456b-29fd-0aae-6a6f-60147dd6581b" executionId="156a435f-fbbd-4fa5-84e0-65c6477d3c1c" testListId="8c84fa94-04c1-424b-9868-57a2d4851a1d" />
    <TestEntry testId="26e7a1ad-63a6-c657-4516-74b5caa9040c" executionId="b218972c-b15c-41e6-8320-4198f71596bc" testListId="8c84fa94-04c1-424b-9868-57a2d4851a1d" />
    <TestEntry testId="2077052f-6555-ad72-a6cc-99d9e1294aa2" executionId="6515a34b-4fc0-4d03-a3c8-cc234d0c5358" testListId="8c84fa94-04c1-424b-9868-57a2d4851a1d" />
    <TestEntry testId="2b034947-95be-beab-d32d-a72ae9771ccd" executionId="84b845c4-2bd0-4056-9dd2-c8c5d8de592a" testListId="8c84fa94-04c1-424b-9868-57a2d4851a1d" />
    <TestEntry testId="9f121c41-56cf-362b-92e5-cf6e1918417e" executionId="533f886c-6851-485c-a3ec-21ba9a92ac38" testListId="8c84fa94-04c1-424b-9868-57a2d4851a1d" />
    <TestEntry testId="7119bdd5-175e-ef34-2080-2f86d1730b51" executionId="db0f9e25-21d2-4c02-86b7-fef587cc79c2" testListId="8c84fa94-04c1-424b-9868-57a2d4851a1d" />
    <TestEntry testId="65b80104-e391-765d-11f2-1a66e8fb8050" executionId="8e4c5dcd-ba5b-4528-aa43-c004ff137163" testListId="8c84fa94-04c1-424b-9868-57a2d4851a1d" />
    <TestEntry testId="58ac984c-ccd6-0f0f-d8b2-fe2845649ddf" executionId="85bba8bb-e48f-48e4-ad27-cfc86105ed84" testListId="8c84fa94-04c1-424b-9868-57a2d4851a1d" />
    <TestEntry testId="95bec019-ba93-557e-cc59-ca4522b92c84" executionId="0b2a9c94-90f2-46d2-9da4-1eef0f45706a" testListId="8c84fa94-04c1-424b-9868-57a2d4851a1d" />
    <TestEntry testId="0f184395-31a3-e4ac-1551-a332544da800" executionId="9eba81c3-7cf1-4473-bc28-fd1eba0359d0" testListId="8c84fa94-04c1-424b-9868-57a2d4851a1d" />
    <TestEntry testId="b3191fce-24b5-6614-db34-5b0f72b496c2" executionId="ddea06e4-78cd-4069-8dad-36c07c5356db" testListId="8c84fa94-04c1-424b-9868-57a2d4851a1d" />
    <TestEntry testId="93e90a79-2955-16ca-0032-f17795f74b9e" executionId="c5900810-95a1-491d-8994-486ba5f086c9" testListId="8c84fa94-04c1-424b-9868-57a2d4851a1d" />
    <TestEntry testId="bfb2c8de-1e85-9952-9db6-620f4acf1697" executionId="5cb5d583-bf08-496f-899c-2c435844100a" testListId="8c84fa94-04c1-424b-9868-57a2d4851a1d" />
    <TestEntry testId="90f3a3ce-3ea2-b8ab-e15a-d9c7a7f4a063" executionId="c387a728-7686-4883-b059-c388cb99c427" testListId="8c84fa94-04c1-424b-9868-57a2d4851a1d" />
    <TestEntry testId="a5a2e4c8-009c-485c-9e59-a0329e36f740" executionId="98aeff5b-6293-4509-b46b-67108f279ae5" testListId="8c84fa94-04c1-424b-9868-57a2d4851a1d" />
    <TestEntry testId="17c98091-dbf8-c2fd-549e-ce3eebd6325a" executionId="c5e145d6-e8bd-49f4-ab18-204552340e76" testListId="8c84fa94-04c1-424b-9868-57a2d4851a1d" />
    <TestEntry testId="d42ce1cc-fe07-766d-01d9-4d3235eb06da" executionId="db4b820e-61c1-4d11-8a85-2352e3fb4752" testListId="8c84fa94-04c1-424b-9868-57a2d4851a1d" />
    <TestEntry testId="386a6c80-c37f-2520-1205-e565042cab19" executionId="ed555f03-8e35-4255-93ec-c770e368827f" testListId="8c84fa94-04c1-424b-9868-57a2d4851a1d" />
    <TestEntry testId="8aaeb942-4618-a8e4-c6b1-266d34c97e41" executionId="e929d6cf-f9ef-4e94-b73f-cbe7b2eb042c" testListId="8c84fa94-04c1-424b-9868-57a2d4851a1d" />
    <TestEntry testId="b55e377f-0118-4ced-cfa6-b015b03a53b0" executionId="48e60c27-0de6-45b5-b57b-a36006119762" testListId="8c84fa94-04c1-424b-9868-57a2d4851a1d" />
    <TestEntry testId="9362de11-64d0-3a11-bfe7-ba203f9734b0" executionId="2420b3f9-d744-4e57-87ca-0881c44b5b4b" testListId="8c84fa94-04c1-424b-9868-57a2d4851a1d" />
    <TestEntry testId="55db700b-b4b0-5cf1-78a6-21f835d00459" executionId="15711f6c-b3fb-4ae1-905d-6c6a48c6ea7e" testListId="8c84fa94-04c1-424b-9868-57a2d4851a1d" />
    <TestEntry testId="48903600-7115-f18f-cfaa-40f126ec72dd" executionId="99f09dd7-5f84-408c-aab5-aa5bd2017e39" testListId="8c84fa94-04c1-424b-9868-57a2d4851a1d" />
    <TestEntry testId="330b9d6c-f08d-3484-f6a0-3b921f0a24a8" executionId="2287db94-af5a-4962-90df-178f0cbd84b8" testListId="8c84fa94-04c1-424b-9868-57a2d4851a1d" />
    <TestEntry testId="1529436c-8c17-521b-037f-0f4a6c1e07b3" executionId="75746aad-889b-49c0-951a-545c1357a154" testListId="8c84fa94-04c1-424b-9868-57a2d4851a1d" />
    <TestEntry testId="b66e2aed-6736-e5fb-1259-0a652017312d" executionId="5d43a3f6-2c04-4c08-b451-8b7228d1c6b0" testListId="8c84fa94-04c1-424b-9868-57a2d4851a1d" />
    <TestEntry testId="0f0bfda1-cada-6668-e50b-f263755ddcfa" executionId="a22cc8eb-99c0-49e2-9798-f181eb7ba97c" testListId="8c84fa94-04c1-424b-9868-57a2d4851a1d" />
    <TestEntry testId="d369dd01-3a76-1028-9769-257b2738d39c" executionId="5d90b880-53f1-4f05-b153-b0b8ec93239e" testListId="8c84fa94-04c1-424b-9868-57a2d4851a1d" />
    <TestEntry testId="4b95da6d-f196-a0fd-8ffb-751fec95c314" executionId="3c259995-a0b7-40d3-866b-a18bf0b54f31" testListId="8c84fa94-04c1-424b-9868-57a2d4851a1d" />
    <TestEntry testId="fac53d0a-a8d0-7e01-0000-597c45ffcfe4" executionId="f4d68838-d740-4b95-9667-cb1c346d3570" testListId="8c84fa94-04c1-424b-9868-57a2d4851a1d" />
    <TestEntry testId="210bbbd2-7277-0493-b4fc-59a018f08cc3" executionId="326621e1-9ed6-415e-8add-1ea92f72822b" testListId="8c84fa94-04c1-424b-9868-57a2d4851a1d" />
    <TestEntry testId="9427af82-0059-a7d9-573f-043a790c4050" executionId="fd06ce19-0273-4db3-aea7-4122a6be1f74" testListId="8c84fa94-04c1-424b-9868-57a2d4851a1d" />
    <TestEntry testId="65088179-bb39-a045-1fcc-d40375d536ba" executionId="fe47c739-321d-48a0-9dc2-30fda14ae2e8" testListId="8c84fa94-04c1-424b-9868-57a2d4851a1d" />
    <TestEntry testId="04685a3a-4e68-f6f3-27c2-152f2ba69c55" executionId="341639b4-532e-435f-815a-ad0771d3ed79" testListId="8c84fa94-04c1-424b-9868-57a2d4851a1d" />
    <TestEntry testId="d0160707-f909-e423-0bd5-ceb0e7a99a9c" executionId="0010cf0c-c587-42f2-9680-89168dc16449" testListId="8c84fa94-04c1-424b-9868-57a2d4851a1d" />
    <TestEntry testId="d94c59b9-3860-902d-b295-c5d99d6d5e53" executionId="d10e8a0b-c564-4a30-810a-1576593ddeff" testListId="8c84fa94-04c1-424b-9868-57a2d4851a1d" />
    <TestEntry testId="b8e86a2f-674f-f277-a8e3-1c4f7274634d" executionId="e613927a-2eda-4fe3-881b-1a7fabe868e6" testListId="8c84fa94-04c1-424b-9868-57a2d4851a1d" />
    <TestEntry testId="4e73c103-f467-67e6-7049-e34249ba699f" executionId="18bca698-7cf1-483d-a274-8bc13a61fc39" testListId="8c84fa94-04c1-424b-9868-57a2d4851a1d" />
    <TestEntry testId="0cb16ae0-9e92-a316-9f63-de35f31e5f39" executionId="683d545d-4ea5-4428-b587-17c595e6a779" testListId="8c84fa94-04c1-424b-9868-57a2d4851a1d" />
    <TestEntry testId="48f0b978-87f3-597c-b969-584d8c7f342b" executionId="e79a949e-4723-4e06-bf98-b6d8e07bd127" testListId="8c84fa94-04c1-424b-9868-57a2d4851a1d" />
    <TestEntry testId="6d1325fe-8024-7798-813c-49d49c7502db" executionId="fcb5db95-46a4-4e7d-a13e-bfa6aba1a33e" testListId="8c84fa94-04c1-424b-9868-57a2d4851a1d" />
    <TestEntry testId="2b5053f9-f02a-344a-cea0-eb8a5823c6c3" executionId="28b8f63d-3fed-4e9f-b724-760e587dc141" testListId="8c84fa94-04c1-424b-9868-57a2d4851a1d" />
    <TestEntry testId="db697f2e-ce6c-0e67-fba6-9e9dcf38b114" executionId="26702f9d-24c9-4405-8ba7-6aa4a0428199" testListId="8c84fa94-04c1-424b-9868-57a2d4851a1d" />
    <TestEntry testId="d9ebdab0-e0e1-4dfb-e6ef-0b0976546f6d" executionId="34d4e62d-fa3f-4c1b-ba0a-070e1536083c" testListId="8c84fa94-04c1-424b-9868-57a2d4851a1d" />
    <TestEntry testId="3ca8c1be-9224-8a17-a7fa-c377dada5726" executionId="f2ccd0f0-5c79-4569-86d3-0ebd1f8c6f60" testListId="8c84fa94-04c1-424b-9868-57a2d4851a1d" />
    <TestEntry testId="561f218d-b654-fb57-ee4b-f7e1649d5050" executionId="e0c87d3b-879e-4c9b-b921-5e648aee77a4" testListId="8c84fa94-04c1-424b-9868-57a2d4851a1d" />
    <TestEntry testId="c7e92259-b8e8-9f87-fc54-366eb8fde590" executionId="a6035527-8fcf-41f6-bdbc-a9144195f012" testListId="8c84fa94-04c1-424b-9868-57a2d4851a1d" />
    <TestEntry testId="f1200e70-c88e-dbc8-b7b0-014a66ebf8a6" executionId="d335f69c-54ac-4d65-a386-334b562274e1" testListId="8c84fa94-04c1-424b-9868-57a2d4851a1d" />
    <TestEntry testId="81ece0d0-0623-f285-5aef-39638b72d8de" executionId="11e855ac-ed12-44e7-bf7e-59bd054a55af" testListId="8c84fa94-04c1-424b-9868-57a2d4851a1d" />
    <TestEntry testId="4cdd7a6f-85c0-305c-e9b1-fd8d4db0dee3" executionId="2f5deaf5-d449-4ff2-b9fe-5bd3744b5f81" testListId="8c84fa94-04c1-424b-9868-57a2d4851a1d" />
    <TestEntry testId="0f0b59f9-3161-1d3d-fc85-4e0ab616dec1" executionId="6010f30e-eff9-4fc4-9d6e-ac6149d658c8" testListId="8c84fa94-04c1-424b-9868-57a2d4851a1d" />
    <TestEntry testId="aea25e69-8ef4-fcb6-b447-29de5becfc76" executionId="ab1ed77f-1755-41a1-8899-3a0235473343" testListId="8c84fa94-04c1-424b-9868-57a2d4851a1d" />
    <TestEntry testId="d97a6a51-1d28-ab30-5e6f-d68d2a74dcbf" executionId="97739cb8-d082-448a-bcc7-a4cfa9d8a904" testListId="8c84fa94-04c1-424b-9868-57a2d4851a1d" />
    <TestEntry testId="5f8249b6-8a38-f488-9401-fb030ff393d5" executionId="381f0aa5-1a23-43dd-97b7-0831de589a40" testListId="8c84fa94-04c1-424b-9868-57a2d4851a1d" />
    <TestEntry testId="7e413d25-15e9-ae82-c3ad-0fea9e290606" executionId="46e61145-7829-4c40-9ae9-523e2d8ed037" testListId="8c84fa94-04c1-424b-9868-57a2d4851a1d" />
    <TestEntry testId="d34512b0-24c2-85cf-1218-fa33c4d381bf" executionId="240f0522-6838-4e93-be49-f5cdca0ac58b" testListId="8c84fa94-04c1-424b-9868-57a2d4851a1d" />
    <TestEntry testId="68b579ad-d101-7563-7644-8b094cbff9dc" executionId="007b6728-dc52-48d2-9ad1-c92b90a06de5" testListId="8c84fa94-04c1-424b-9868-57a2d4851a1d" />
    <TestEntry testId="4d3ca544-276f-5d6d-1805-2b375093f8dc" executionId="13f86b0d-2425-4c97-8dcf-70ecc81f1a4a" testListId="8c84fa94-04c1-424b-9868-57a2d4851a1d" />
    <TestEntry testId="1f7976e5-938b-de19-e4f9-70a3b56afbf7" executionId="57d9b6f3-224f-4e7b-a9c1-6c947d96fdb9" testListId="8c84fa94-04c1-424b-9868-57a2d4851a1d" />
    <TestEntry testId="79341776-28f9-9f5a-685e-8b9cb0ecc3e5" executionId="1de223db-cd3e-4bc6-bad6-7a125397fbf5" testListId="8c84fa94-04c1-424b-9868-57a2d4851a1d" />
    <TestEntry testId="a89402d9-0924-308b-7904-fd6477f0ee7b" executionId="9c5bb97f-ccc8-47f6-8951-6e347039d6ea" testListId="8c84fa94-04c1-424b-9868-57a2d4851a1d" />
    <TestEntry testId="bc9c6b92-5291-21f7-4294-de06f4a39605" executionId="a6618e97-d59f-4251-9509-808e4d66fcc0" testListId="8c84fa94-04c1-424b-9868-57a2d4851a1d" />
    <TestEntry testId="f7b0b764-6d52-78e1-ce67-39dccd32fc90" executionId="ee22ba11-2203-4d07-bc8d-c37ece73e581" testListId="8c84fa94-04c1-424b-9868-57a2d4851a1d" />
    <TestEntry testId="fcef5775-779a-bf15-6f5f-56cf4b7bf258" executionId="db816fad-ce2f-473b-b444-c96185714a00" testListId="8c84fa94-04c1-424b-9868-57a2d4851a1d" />
    <TestEntry testId="6090d8db-c083-ec38-5d91-cefe25a89520" executionId="21379543-1b67-4907-8073-97f01bfd455b" testListId="8c84fa94-04c1-424b-9868-57a2d4851a1d" />
    <TestEntry testId="de6737cf-2597-d0d6-4640-2dcefdc86dd1" executionId="5dc53c09-b24d-4b94-9316-8775c0ae62a5" testListId="8c84fa94-04c1-424b-9868-57a2d4851a1d" />
    <TestEntry testId="d29b97cc-8f72-3f8f-ee60-4568f1429a8b" executionId="534ac31e-3f6b-4932-b7f3-a8c31132fdfc" testListId="8c84fa94-04c1-424b-9868-57a2d4851a1d" />
    <TestEntry testId="8256c5d2-edc2-214d-dcf5-e682bf42598b" executionId="95390db0-f446-47fb-8a8d-4190eeed3019" testListId="8c84fa94-04c1-424b-9868-57a2d4851a1d" />
    <TestEntry testId="6599a9fd-a45c-3f51-a550-7571741afdc8" executionId="461247e4-3ed0-4c91-8ff2-ea9321615517" testListId="8c84fa94-04c1-424b-9868-57a2d4851a1d" />
    <TestEntry testId="a3b04758-d6c8-afae-35de-edc9990eb840" executionId="e741c187-4c7b-465f-9f00-7ab2462ec6b9" testListId="8c84fa94-04c1-424b-9868-57a2d4851a1d" />
    <TestEntry testId="8e2e70aa-52bc-bb4c-eb25-92a87f9a71ab" executionId="e627050b-f1f6-4f1a-817b-7a50b41b982d" testListId="8c84fa94-04c1-424b-9868-57a2d4851a1d" />
    <TestEntry testId="e8d4d606-490f-c18b-b9f2-d71b9249e382" executionId="757386cc-3fbb-43c6-b8fb-4596474f7694" testListId="8c84fa94-04c1-424b-9868-57a2d4851a1d" />
    <TestEntry testId="cf881c4c-31da-3c3d-e657-0f7a60496f37" executionId="fe5857bb-7c5f-45cd-b630-753328bf495f" testListId="8c84fa94-04c1-424b-9868-57a2d4851a1d" />
    <TestEntry testId="5f315f1e-d6f1-03f6-3f34-8b951770fd4b" executionId="bcf34dfd-64a6-4f52-85a9-0e190885c382" testListId="8c84fa94-04c1-424b-9868-57a2d4851a1d" />
    <TestEntry testId="de3c4b09-a3ad-ae77-63dc-db0c1fac083d" executionId="7f36b890-13df-406e-b7f6-87f06edb7aa0" testListId="8c84fa94-04c1-424b-9868-57a2d4851a1d" />
    <TestEntry testId="6e5a8b91-6a75-56d3-b317-a9ac48ab0672" executionId="69dbca31-0865-49a3-b540-34d7c01cdb52" testListId="8c84fa94-04c1-424b-9868-57a2d4851a1d" />
    <TestEntry testId="e28593ad-f562-f9b6-0172-52c7b6e48ddf" executionId="09c09efb-de4a-4a34-9ca9-b05b62f115d4" testListId="8c84fa94-04c1-424b-9868-57a2d4851a1d" />
    <TestEntry testId="5bb357ef-a289-5457-59f1-0df201ad4323" executionId="8af9c334-bc3b-4e7f-b8b2-eb3f14a7e5b8" testListId="8c84fa94-04c1-424b-9868-57a2d4851a1d" />
    <TestEntry testId="a1457caa-f4c9-ba63-922a-5d90fbfc1363" executionId="7345a918-aa6c-4522-b384-a436f1157ff7" testListId="8c84fa94-04c1-424b-9868-57a2d4851a1d" />
    <TestEntry testId="1f334c79-0062-1fd4-b393-16846c0c4410" executionId="dc7c3fc8-96c7-420b-9896-66d52ff4d782" testListId="8c84fa94-04c1-424b-9868-57a2d4851a1d" />
    <TestEntry testId="146ff060-bcc7-e0b1-fb2c-4c0b171c5a00" executionId="5d6ceae9-45ec-45da-a70a-868437a8703c" testListId="8c84fa94-04c1-424b-9868-57a2d4851a1d" />
    <TestEntry testId="14935da5-76f2-bd62-81ac-04e61a088bd0" executionId="fcf64309-0343-48fd-b8ca-53cf29642ea5" testListId="8c84fa94-04c1-424b-9868-57a2d4851a1d" />
    <TestEntry testId="4c978083-c229-a01c-6a7c-ef18e5236170" executionId="462f2039-03cf-42db-aca3-1072536eca12" testListId="8c84fa94-04c1-424b-9868-57a2d4851a1d" />
    <TestEntry testId="9278bdb8-7599-f5f4-b1ea-3e31a3ba566f" executionId="70bb3826-4e4a-4423-9d5e-f3796c0dae43" testListId="8c84fa94-04c1-424b-9868-57a2d4851a1d" />
    <TestEntry testId="d7036780-9716-509c-617a-1f2084784363" executionId="d04df119-d3d0-4f93-b0c4-020250c7727f" testListId="8c84fa94-04c1-424b-9868-57a2d4851a1d" />
    <TestEntry testId="b95d7986-cd5c-1d27-935d-048129f27e6c" executionId="4b232e7b-1bda-4afc-8513-eac267f5ecda" testListId="8c84fa94-04c1-424b-9868-57a2d4851a1d" />
    <TestEntry testId="a1a3cd79-a8ef-2dca-2a37-88922f31b2df" executionId="0a1622a5-e1ce-4691-aafc-e096af0f61dd" testListId="8c84fa94-04c1-424b-9868-57a2d4851a1d" />
    <TestEntry testId="7d68e180-4522-1c63-e2b7-817dd0b2a6e5" executionId="e17244e1-3c0f-4579-8a72-f5e9c202e4a6" testListId="8c84fa94-04c1-424b-9868-57a2d4851a1d" />
    <TestEntry testId="9674b376-d6ac-4703-6bfc-2eb31e6b6cc1" executionId="da045cc7-7684-41ce-bdc8-02f1cbd33f57" testListId="8c84fa94-04c1-424b-9868-57a2d4851a1d" />
    <TestEntry testId="fc7bce22-4aa8-7f2e-5825-9a1561671044" executionId="6d09e7a6-dc7b-4d50-ad48-fe963934bd87" testListId="8c84fa94-04c1-424b-9868-57a2d4851a1d" />
    <TestEntry testId="d0cd9f70-6dc1-3c7d-5cf8-851aa39eea33" executionId="be85af37-a9f0-4200-8da7-77a035841127" testListId="8c84fa94-04c1-424b-9868-57a2d4851a1d" />
    <TestEntry testId="65339b3c-9de7-638f-f604-692a2aef89ff" executionId="28de43a6-1b77-401c-9e3c-4e7facea4dcf" testListId="8c84fa94-04c1-424b-9868-57a2d4851a1d" />
    <TestEntry testId="be0201d4-f64f-23ff-9843-409cbb744734" executionId="3143df3a-667e-4df5-9eb8-f650ef124d4d" testListId="8c84fa94-04c1-424b-9868-57a2d4851a1d" />
    <TestEntry testId="7fb892fc-7cfe-4a21-f5bf-3ca5ffe75254" executionId="32916e9f-c543-409a-a195-17fb944eb7c2" testListId="8c84fa94-04c1-424b-9868-57a2d4851a1d" />
    <TestEntry testId="e776ed9f-d0af-671b-5393-2bbcffd08132" executionId="4e985fe9-87b6-49a8-b36f-85b7dc2caf01" testListId="8c84fa94-04c1-424b-9868-57a2d4851a1d" />
    <TestEntry testId="3b5b492a-a447-2aad-e146-fe2b0287447c" executionId="39551ff2-cd41-4eb4-951d-029ab471f929" testListId="8c84fa94-04c1-424b-9868-57a2d4851a1d" />
    <TestEntry testId="a4d19a43-eee6-b34b-17f0-66d7158f5890" executionId="bac0f181-d8f0-4f93-bf22-69f6983d0c90" testListId="8c84fa94-04c1-424b-9868-57a2d4851a1d" />
    <TestEntry testId="3c9ab4c8-f1b7-75d5-dbbb-5692f82a8e63" executionId="ef93914d-e848-4c00-ad3d-00e0fe155839" testListId="8c84fa94-04c1-424b-9868-57a2d4851a1d" />
    <TestEntry testId="f1e9172e-c439-b721-cfd4-273b562aabf9" executionId="16ea887c-7239-4d56-8e3d-b2abd8957774" testListId="8c84fa94-04c1-424b-9868-57a2d4851a1d" />
    <TestEntry testId="739ddbc9-29fb-28c3-7b57-b5ec668cdd0c" executionId="dff61efa-d30e-4c9d-931d-4358f20f4b2f" testListId="8c84fa94-04c1-424b-9868-57a2d4851a1d" />
    <TestEntry testId="a5fef099-ba7b-ffee-c1d2-cd74a2ae92e6" executionId="67f86386-07ad-42fb-8a48-54d22016440d" testListId="8c84fa94-04c1-424b-9868-57a2d4851a1d" />
    <TestEntry testId="f2016284-bdfc-f7ad-0e9e-b1b0fe7c0d74" executionId="f66373d8-bee3-4dfb-9f73-7085025b14db" testListId="8c84fa94-04c1-424b-9868-57a2d4851a1d" />
    <TestEntry testId="e7b9a5d9-b357-ccab-0080-bfd9de9e4252" executionId="098b5c7a-d50d-4326-8a2a-9f4997f3af97" testListId="8c84fa94-04c1-424b-9868-57a2d4851a1d" />
    <TestEntry testId="1166eab5-8ec3-1343-8265-62eea03d0889" executionId="a2a91c70-2a21-4b29-8eb0-9a9ff52f9cf7" testListId="8c84fa94-04c1-424b-9868-57a2d4851a1d" />
    <TestEntry testId="71f08f4d-d319-720b-3b50-8197a3660ed2" executionId="930457c4-76ac-4cd5-a5ed-64675b5ef819" testListId="8c84fa94-04c1-424b-9868-57a2d4851a1d" />
    <TestEntry testId="4c4f9506-e0d0-a7af-bb2f-e96606d3bbf1" executionId="1af58beb-191d-4dfc-9e47-19a2f1c0ae6f" testListId="8c84fa94-04c1-424b-9868-57a2d4851a1d" />
    <TestEntry testId="1e43300c-2a88-befd-5bd4-aa2b7d5a855b" executionId="37e6dc0d-a8c3-4e46-a8aa-db7a55ac956b" testListId="8c84fa94-04c1-424b-9868-57a2d4851a1d" />
    <TestEntry testId="0f98bb0f-1c90-6365-7244-a712d1b631fa" executionId="894eb0ac-8e3d-4cc5-aab4-54213a0ca1bd" testListId="8c84fa94-04c1-424b-9868-57a2d4851a1d" />
    <TestEntry testId="88484ee7-b056-96be-c3f0-2f9ff210be2a" executionId="7c20e388-5808-43ff-92b6-09e37f11cc6c" testListId="8c84fa94-04c1-424b-9868-57a2d4851a1d" />
    <TestEntry testId="494a6f72-6254-5a6e-4577-c52cd4a0c3cd" executionId="66258d2a-27cb-48c5-a155-3c0233bae046" testListId="8c84fa94-04c1-424b-9868-57a2d4851a1d" />
    <TestEntry testId="223d2f32-df21-1170-abbc-18413ef59c92" executionId="68cb0c3c-54f4-4879-a987-965dcc87090b" testListId="8c84fa94-04c1-424b-9868-57a2d4851a1d" />
    <TestEntry testId="0e83f6d2-f0e7-2e47-ad7b-fd57feab6720" executionId="f7e49c46-9fee-4456-aba0-d70458b5faa1" testListId="8c84fa94-04c1-424b-9868-57a2d4851a1d" />
    <TestEntry testId="e568615c-3c9c-33c8-6eac-74638b778c06" executionId="5f6c82b0-c1d4-4987-b8e0-895c8ddf6f61" testListId="8c84fa94-04c1-424b-9868-57a2d4851a1d" />
    <TestEntry testId="53137f9b-436e-e65c-fa32-e820c39f3209" executionId="bd078ba8-1097-4704-bc06-0c1386cfc0e5" testListId="8c84fa94-04c1-424b-9868-57a2d4851a1d" />
    <TestEntry testId="075a023e-ceab-b914-c2b0-73dc9a4930e6" executionId="46f0ec43-181a-4fb2-9c0c-5860d64e9840" testListId="8c84fa94-04c1-424b-9868-57a2d4851a1d" />
    <TestEntry testId="8fd24cd4-a9c0-0221-2fef-ed0703bf3428" executionId="a4c0a272-23d2-4b0b-a4ef-03839a1134f5" testListId="8c84fa94-04c1-424b-9868-57a2d4851a1d" />
    <TestEntry testId="0533f3e6-8f2d-57bf-a884-bf63325bfb90" executionId="2255f84c-aeed-4267-9d7f-40d97b2138dd" testListId="8c84fa94-04c1-424b-9868-57a2d4851a1d" />
    <TestEntry testId="7a9984de-d3ac-18cd-d3c6-06e7c8272524" executionId="583cebc0-1515-4829-80c8-13dff4609e5b" testListId="8c84fa94-04c1-424b-9868-57a2d4851a1d" />
    <TestEntry testId="0be5b3d7-ad47-a6e7-2e5c-4e8c709b4254" executionId="440bd648-1883-4560-bebe-ee7edc3ab696" testListId="8c84fa94-04c1-424b-9868-57a2d4851a1d" />
    <TestEntry testId="5a8b9ae5-6cd8-00d0-c3cf-0d2174ecfe54" executionId="88a73815-0465-422b-ba20-c3a4f51d8077" testListId="8c84fa94-04c1-424b-9868-57a2d4851a1d" />
    <TestEntry testId="bae85a23-fcdf-5f3d-d506-0fa1d219f067" executionId="2a90d45d-60ea-4dc4-9fd2-8e5f40d21e35" testListId="8c84fa94-04c1-424b-9868-57a2d4851a1d" />
    <TestEntry testId="36c7d109-6289-1556-5b99-f94c9642b779" executionId="1f6033c2-125e-41ea-803d-fc582fc7dee0" testListId="8c84fa94-04c1-424b-9868-57a2d4851a1d" />
    <TestEntry testId="699de456-4b30-e20b-d29b-f9997d34c156" executionId="431e6110-5b14-4014-bb30-afb8816fcab0" testListId="8c84fa94-04c1-424b-9868-57a2d4851a1d" />
    <TestEntry testId="0bbc52b8-9211-5e92-e7eb-f98e00a8add3" executionId="0a2e1822-493d-433c-8435-53ffd4bd25d1" testListId="8c84fa94-04c1-424b-9868-57a2d4851a1d" />
    <TestEntry testId="0822fda8-1ecb-9b4b-b537-c5def62bdea6" executionId="edbe49d5-c05b-47d5-9537-bb14c54a51b5" testListId="8c84fa94-04c1-424b-9868-57a2d4851a1d" />
    <TestEntry testId="bea25778-24d9-fe1b-fa56-cac425810a84" executionId="80f82e59-63ea-492a-adae-8692e6b38b28" testListId="8c84fa94-04c1-424b-9868-57a2d4851a1d" />
    <TestEntry testId="511b09e9-fd91-89d6-3949-40db146ea6bd" executionId="0da664ee-f844-44d9-8678-7d833f07a8d2" testListId="8c84fa94-04c1-424b-9868-57a2d4851a1d" />
    <TestEntry testId="154b62c9-dfe1-2527-f8d9-a357f66717ec" executionId="8e38790a-c88c-4450-bf5d-03e6638d9662" testListId="8c84fa94-04c1-424b-9868-57a2d4851a1d" />
    <TestEntry testId="e2131088-170c-3f9d-b379-6ad5595999e5" executionId="4f7db2d3-2daf-4bf8-8b38-f799ea790d5e" testListId="8c84fa94-04c1-424b-9868-57a2d4851a1d" />
    <TestEntry testId="290da516-121d-61e0-0dd0-c0be605ad3c9" executionId="96a9951c-11ea-4134-8f9c-de0055a8d6df" testListId="8c84fa94-04c1-424b-9868-57a2d4851a1d" />
    <TestEntry testId="17c4bd2f-c5b7-cf83-b33d-828d0fc854b8" executionId="e819078a-a6eb-401a-9a9e-6f042cb8ee8f" testListId="8c84fa94-04c1-424b-9868-57a2d4851a1d" />
    <TestEntry testId="999fb951-b7b5-6631-599e-31a6be246d87" executionId="6a6041ec-394c-4737-80e4-fb91b3e34c92" testListId="8c84fa94-04c1-424b-9868-57a2d4851a1d" />
    <TestEntry testId="356cc5a1-12a0-34cb-5f3e-4ae7f80efd3b" executionId="94fa40f8-3006-44ec-af20-d39feb13625c" testListId="8c84fa94-04c1-424b-9868-57a2d4851a1d" />
    <TestEntry testId="559b9436-2baf-3857-ad76-499358d93140" executionId="44f9c608-971e-4636-9123-1a28016ea4c3" testListId="8c84fa94-04c1-424b-9868-57a2d4851a1d" />
    <TestEntry testId="1c07a485-c5ef-f8ee-f55f-68f9eb497dae" executionId="9eb5ad1a-d3c6-436f-b42e-3ffcd5d3e5e2" testListId="8c84fa94-04c1-424b-9868-57a2d4851a1d" />
    <TestEntry testId="65b592a1-b0ad-ad07-be7a-ec8928e7c9ae" executionId="6484a694-f47d-4106-9a8f-2384605316bb" testListId="8c84fa94-04c1-424b-9868-57a2d4851a1d" />
    <TestEntry testId="f26cae9a-0cfd-3b5a-d1f4-d5ed084eadad" executionId="456b41a8-14ed-490a-97db-0be9cf44e17f" testListId="8c84fa94-04c1-424b-9868-57a2d4851a1d" />
    <TestEntry testId="0500d70f-e850-de9a-7eba-8164c3b2fd99" executionId="5ca9beab-14d5-4f34-baf5-505c986ecfd5" testListId="8c84fa94-04c1-424b-9868-57a2d4851a1d" />
    <TestEntry testId="c0bc4442-97e7-adf6-c86b-0290475ca07f" executionId="d0b006ef-4948-405e-8328-04214500120b" testListId="8c84fa94-04c1-424b-9868-57a2d4851a1d" />
    <TestEntry testId="3869c8f5-7ab2-ef7f-cd2f-16c870de8af9" executionId="2bbe5df5-fa37-4212-9f7c-85611e80d50d" testListId="8c84fa94-04c1-424b-9868-57a2d4851a1d" />
    <TestEntry testId="297dbb1d-563a-4ae2-6e9d-d6d45465095a" executionId="7cbcc776-2e1d-4036-a28f-709a56490002" testListId="8c84fa94-04c1-424b-9868-57a2d4851a1d" />
    <TestEntry testId="64f2bbc2-131e-f499-10ff-759656bb07e6" executionId="27311f46-cf02-4ee8-9a95-93ccee009d7b" testListId="8c84fa94-04c1-424b-9868-57a2d4851a1d" />
    <TestEntry testId="ca6abf66-bfa7-ba9c-4a7c-c7bb3f9e50f3" executionId="279cd778-215f-48fd-a3be-3945e6ed8881" testListId="8c84fa94-04c1-424b-9868-57a2d4851a1d" />
    <TestEntry testId="d7af24cc-1160-9a7c-4a14-3e64c6768ae5" executionId="4216343c-e292-4815-9be2-9705b788ef78" testListId="8c84fa94-04c1-424b-9868-57a2d4851a1d" />
    <TestEntry testId="1bc1b8d4-02b1-64e2-302f-169565ce0455" executionId="adc1d5ac-b5e7-4d67-b56c-8bba09a045dc" testListId="8c84fa94-04c1-424b-9868-57a2d4851a1d" />
    <TestEntry testId="2fb70c5e-3630-184f-467a-2c4ada567323" executionId="c235a524-cd0a-4589-a6c1-0fdadb81b3ad" testListId="8c84fa94-04c1-424b-9868-57a2d4851a1d" />
    <TestEntry testId="2fb30a0f-ddea-628a-42a5-2fe6a57a267c" executionId="fc5467e5-b625-41ea-9849-19407219b0f9" testListId="8c84fa94-04c1-424b-9868-57a2d4851a1d" />
    <TestEntry testId="01fada6a-9beb-d06b-6787-0781734f5b1d" executionId="16273afc-9cfb-4f68-a358-ffdd68b6fbc7" testListId="8c84fa94-04c1-424b-9868-57a2d4851a1d" />
    <TestEntry testId="382f02cf-38c0-12b1-98d8-ae75885865e3" executionId="7e2a2567-5aae-46d0-9a03-d70c428baa15" testListId="8c84fa94-04c1-424b-9868-57a2d4851a1d" />
    <TestEntry testId="ef5b8d9e-795c-054a-92ba-fd2f4509fbbb" executionId="8ad120eb-2abd-4bca-891c-ba14096cd9c6" testListId="8c84fa94-04c1-424b-9868-57a2d4851a1d" />
    <TestEntry testId="9fd16290-2ffd-477a-8430-1b48345fb6df" executionId="5da759a0-dca6-46bb-9c75-13fc9a9e63c2" testListId="8c84fa94-04c1-424b-9868-57a2d4851a1d" />
    <TestEntry testId="3ffad5fc-3d39-cf1b-b6aa-3a273e7e7f8c" executionId="4d5195a3-10bc-49ab-abd8-516ae1386c3d" testListId="8c84fa94-04c1-424b-9868-57a2d4851a1d" />
    <TestEntry testId="e75caaaa-c0f2-35be-09ee-e95dc5be3d00" executionId="401ce2b7-8bc2-466e-b9cd-be5bd8f88c67" testListId="8c84fa94-04c1-424b-9868-57a2d4851a1d" />
    <TestEntry testId="d54e53b6-4b26-6bd1-09f9-f73b753baeb3" executionId="1ea77c2e-a091-4678-9144-a820a2191e35" testListId="8c84fa94-04c1-424b-9868-57a2d4851a1d" />
    <TestEntry testId="19930103-19e2-d6c6-243c-55a9ec794a78" executionId="209fa97d-6ee6-481a-a516-7bd87c846076" testListId="8c84fa94-04c1-424b-9868-57a2d4851a1d" />
    <TestEntry testId="bba67bf0-0da8-2aa3-67ad-89c48663e058" executionId="e4048ba2-1bd0-468a-9620-ae9804515339" testListId="8c84fa94-04c1-424b-9868-57a2d4851a1d" />
    <TestEntry testId="e8865027-a033-e711-71fb-2004ee1807fd" executionId="22cc9a20-6897-4c3f-9825-8975892706c4" testListId="8c84fa94-04c1-424b-9868-57a2d4851a1d" />
    <TestEntry testId="080e755c-ee7a-1e14-8f28-e087a10675d0" executionId="5ca6d091-c2ed-47ac-8800-1b105f9c2d49" testListId="8c84fa94-04c1-424b-9868-57a2d4851a1d" />
    <TestEntry testId="410a93d4-5a0d-cd14-1966-c13e3bca40a5" executionId="3c058bd2-5f4d-476b-9392-5a5b586b533a" testListId="8c84fa94-04c1-424b-9868-57a2d4851a1d" />
    <TestEntry testId="4e538f89-b18c-cf2e-2f16-94dc81d451d9" executionId="e8d80fd8-5518-4208-8fc6-fafc60363e10" testListId="8c84fa94-04c1-424b-9868-57a2d4851a1d" />
    <TestEntry testId="2b98f1ad-9067-5d96-8cc7-a0590be4d644" executionId="c9fd14c7-180f-48c3-a60c-883a8a7dd2b8" testListId="8c84fa94-04c1-424b-9868-57a2d4851a1d" />
    <TestEntry testId="3f4da332-2fb9-784e-8300-a3ffc13949c4" executionId="23b61e7e-0a7c-46fd-814e-4c7d29958410" testListId="8c84fa94-04c1-424b-9868-57a2d4851a1d" />
    <TestEntry testId="1ef27b33-e8b2-8d88-5c2b-3857b2abb5f1" executionId="a5046f87-0d33-4008-a858-93de0287c51e" testListId="8c84fa94-04c1-424b-9868-57a2d4851a1d" />
    <TestEntry testId="b16165b8-6f91-b918-f137-313f14ff474f" executionId="a3471c68-9827-4bd6-b85f-2d44d8b670f1" testListId="8c84fa94-04c1-424b-9868-57a2d4851a1d" />
    <TestEntry testId="4bd130c7-f504-8b12-ce2a-87666fadd50e" executionId="5267fae9-68dc-4565-9a63-de0710847ab0" testListId="8c84fa94-04c1-424b-9868-57a2d4851a1d" />
    <TestEntry testId="85af3b02-5b1f-ad47-f6c3-063b22aa2bc8" executionId="4e8512d6-c770-49e0-aa22-61e54ee219b5" testListId="8c84fa94-04c1-424b-9868-57a2d4851a1d" />
    <TestEntry testId="1f3199f3-f842-d0f8-2cf4-0c685e5c5cf9" executionId="bde17873-7163-451f-989b-88bb7b4eb7fa" testListId="8c84fa94-04c1-424b-9868-57a2d4851a1d" />
    <TestEntry testId="d2562022-cd7f-36b1-1c2d-849cc064d530" executionId="fcfbb6de-d129-441b-96ae-0436ff8b1fab" testListId="8c84fa94-04c1-424b-9868-57a2d4851a1d" />
    <TestEntry testId="aced4986-e1f4-a66e-d3bb-e7d4243e8cbf" executionId="463c2e0c-0427-4d27-a29e-e6bb0572f330" testListId="8c84fa94-04c1-424b-9868-57a2d4851a1d" />
    <TestEntry testId="c7664158-decd-1ae9-8bcf-1591fb563b34" executionId="dcc657e2-02c6-46d9-9e3f-36398bb22f02" testListId="8c84fa94-04c1-424b-9868-57a2d4851a1d" />
    <TestEntry testId="b99ace35-33d5-7d18-6ea4-38a87a6c5135" executionId="78f4d089-65d2-4ee3-bcc1-ae582ed9a987" testListId="8c84fa94-04c1-424b-9868-57a2d4851a1d" />
    <TestEntry testId="0dfb425c-5e4f-66ca-073c-7c258c6c7e5f" executionId="41e6a275-786f-4c9b-93c9-41487b0819f5" testListId="8c84fa94-04c1-424b-9868-57a2d4851a1d" />
    <TestEntry testId="a117d892-9fd1-1ad8-8d90-f3c71328203c" executionId="448e1eb7-6280-4cd1-8f39-585ec1e39887" testListId="8c84fa94-04c1-424b-9868-57a2d4851a1d" />
    <TestEntry testId="cda0a382-6483-cdc5-9e08-2b17d62c9076" executionId="5c67d77b-9861-4b04-963f-ed7f519f8494" testListId="8c84fa94-04c1-424b-9868-57a2d4851a1d" />
    <TestEntry testId="0eb841ee-4360-bfaa-b760-47ef164dac80" executionId="a2d5da6c-44c0-4d21-b18f-a2403d3c4a7c" testListId="8c84fa94-04c1-424b-9868-57a2d4851a1d" />
    <TestEntry testId="ce4786bd-8689-0f1b-0de8-7d35fef968cd" executionId="a0f8f93a-b335-4c16-abe5-304d1083bba2" testListId="8c84fa94-04c1-424b-9868-57a2d4851a1d" />
    <TestEntry testId="4490693e-5b5f-60f8-a352-34ba943e1d62" executionId="7b36aa54-cb50-411e-b6f7-d7bfa2ad62a3" testListId="8c84fa94-04c1-424b-9868-57a2d4851a1d" />
    <TestEntry testId="9398df0f-b7e2-21ef-6751-b96144b08a9b" executionId="aea1c8e4-5e7b-41bf-ae26-383517a40a2d" testListId="8c84fa94-04c1-424b-9868-57a2d4851a1d" />
    <TestEntry testId="acc7a2a6-5b6f-24ca-1251-941601005cf3" executionId="9ebc639d-c5bf-4dff-b3c5-ebd1d0b80364" testListId="8c84fa94-04c1-424b-9868-57a2d4851a1d" />
    <TestEntry testId="e9843f28-60bb-39a2-a561-28fdfd88f317" executionId="b9f8aa6f-f902-4f7e-a9c9-36cf0f050995" testListId="8c84fa94-04c1-424b-9868-57a2d4851a1d" />
    <TestEntry testId="2ad5cdb4-5093-99b8-7b30-cd507fc4fbf2" executionId="bdfca8a5-2dd5-4115-a353-b79b1016fade" testListId="8c84fa94-04c1-424b-9868-57a2d4851a1d" />
    <TestEntry testId="5f30b836-0b78-553e-28a0-931140309955" executionId="bd80d40a-d693-47f8-b832-cd8fd5d19087" testListId="8c84fa94-04c1-424b-9868-57a2d4851a1d" />
    <TestEntry testId="44690745-9c88-3bf3-0c2f-a725a9065892" executionId="3f1d4b21-5b22-4661-bb6c-2613841c9858" testListId="8c84fa94-04c1-424b-9868-57a2d4851a1d" />
    <TestEntry testId="3bd72a3e-a2cb-9292-a956-91e21e17c8b0" executionId="3ec2a86f-4f43-40b8-ae02-f912d30a9e5e" testListId="8c84fa94-04c1-424b-9868-57a2d4851a1d" />
    <TestEntry testId="950d7da6-55b8-4b89-a3fb-a58cb4462695" executionId="5fa503b3-e7ec-4c79-99ec-557a52a4313d" testListId="8c84fa94-04c1-424b-9868-57a2d4851a1d" />
    <TestEntry testId="0c97d759-0190-10c2-9a46-6ea0e0639ab1" executionId="71ee2595-c915-41cb-bf88-c91da984d33f" testListId="8c84fa94-04c1-424b-9868-57a2d4851a1d" />
    <TestEntry testId="632c0374-d9e5-0e22-1403-eb730369295e" executionId="152ef592-6b2c-4625-ad44-60237256b3e4" testListId="8c84fa94-04c1-424b-9868-57a2d4851a1d" />
    <TestEntry testId="441903f8-b742-d387-3227-bca90d5fdf20" executionId="53cbdd21-90a4-4c29-b1fa-04a6abf7207f" testListId="8c84fa94-04c1-424b-9868-57a2d4851a1d" />
    <TestEntry testId="52464efb-4166-65c1-6219-acc12f2b3ff6" executionId="a3ca2df9-fb41-4148-9357-8b687d137a60" testListId="8c84fa94-04c1-424b-9868-57a2d4851a1d" />
    <TestEntry testId="7814cc71-5384-55ab-b67a-fb18f5ac5c5f" executionId="1d5c69af-a786-4032-bbd2-8101b3e511ae" testListId="8c84fa94-04c1-424b-9868-57a2d4851a1d" />
    <TestEntry testId="8825c2ca-e48a-f1b9-4ae4-5d782ac55816" executionId="6f73ca69-9f30-4df5-b4ab-a5dab787c0bb" testListId="8c84fa94-04c1-424b-9868-57a2d4851a1d" />
    <TestEntry testId="bb61d7e3-a613-b2b8-0303-181e7a73d65b" executionId="c5bde5d0-9f94-436a-b214-3a2162f00483" testListId="8c84fa94-04c1-424b-9868-57a2d4851a1d" />
    <TestEntry testId="53a59314-7293-f081-232f-56d1644cbca1" executionId="492aaf4f-c8ba-4880-a671-51810e25fb73" testListId="8c84fa94-04c1-424b-9868-57a2d4851a1d" />
    <TestEntry testId="414bd08a-1856-619a-1a2c-f8de6ed4b859" executionId="7e8fedae-e109-4abe-9435-9de58a4e7f27" testListId="8c84fa94-04c1-424b-9868-57a2d4851a1d" />
    <TestEntry testId="f3484da0-8315-cdca-e737-98c55468fb4e" executionId="90a62a17-54c5-40da-b978-34803d528b1c" testListId="8c84fa94-04c1-424b-9868-57a2d4851a1d" />
    <TestEntry testId="ec5dab1e-1f0f-f383-92f5-6636c26252be" executionId="4e2a50f9-a302-4c63-982d-f71a37ce79d3" testListId="8c84fa94-04c1-424b-9868-57a2d4851a1d" />
    <TestEntry testId="8526b0ec-4803-dd78-6467-133c6f30ed12" executionId="cc3e2fac-58f0-4d1b-95c6-dc2b2d13f0ee" testListId="8c84fa94-04c1-424b-9868-57a2d4851a1d" />
    <TestEntry testId="4f365743-de47-b07f-fd2b-1af885da9411" executionId="04b6fa7e-e7d6-4940-a185-4a1745665a6f" testListId="8c84fa94-04c1-424b-9868-57a2d4851a1d" />
    <TestEntry testId="335af7d3-af17-2a3e-11a6-c40d770283f6" executionId="14bf93b4-63ae-4a57-bd71-64a5d9c9e329" testListId="8c84fa94-04c1-424b-9868-57a2d4851a1d" />
    <TestEntry testId="4eb589ee-9d4d-03f8-74f4-3090e3f3a730" executionId="bc841066-4088-4339-966d-88379be618f5" testListId="8c84fa94-04c1-424b-9868-57a2d4851a1d" />
    <TestEntry testId="2b00ad46-f32b-446f-acdc-2eea35c5f140" executionId="15f92280-8a83-464a-8ac1-91af3ba9f0c5" testListId="8c84fa94-04c1-424b-9868-57a2d4851a1d" />
    <TestEntry testId="137a3de0-5389-0354-9257-83888fc326aa" executionId="dfe9df07-cbdf-41d4-bb64-01c5888824a4" testListId="8c84fa94-04c1-424b-9868-57a2d4851a1d" />
    <TestEntry testId="df8d72e5-e210-8677-f027-f8ba257cf478" executionId="a36e8581-033a-460b-afe5-9e57619c94af" testListId="8c84fa94-04c1-424b-9868-57a2d4851a1d" />
    <TestEntry testId="fb0dc501-3b66-e027-61aa-7077b3c509b2" executionId="cf458514-e533-4953-b9d7-86827a0d7ad4" testListId="8c84fa94-04c1-424b-9868-57a2d4851a1d" />
    <TestEntry testId="9703efcc-6a13-36f7-cf46-5b1fef7db5be" executionId="473c6b44-6c3a-4a50-bf4d-54dea76c338e" testListId="8c84fa94-04c1-424b-9868-57a2d4851a1d" />
    <TestEntry testId="c353011d-9e94-c67d-e6eb-396de9239c5d" executionId="a1ba4a0e-2bf0-454a-ad38-b4587c648d99" testListId="8c84fa94-04c1-424b-9868-57a2d4851a1d" />
    <TestEntry testId="b16e5439-5de2-497d-5713-ea1d44c4819a" executionId="4590184b-beb1-4508-8fd0-be7e87837563" testListId="8c84fa94-04c1-424b-9868-57a2d4851a1d" />
    <TestEntry testId="49aabe26-596c-6a15-06b4-9dadc7c4733a" executionId="52f61514-1771-4cd5-8b0b-5f60e5fd329b" testListId="8c84fa94-04c1-424b-9868-57a2d4851a1d" />
    <TestEntry testId="779c2e27-af4c-ae6c-e16f-ac2d878c1918" executionId="54617f5d-1365-4c86-aedd-1e8d3c5d1808" testListId="8c84fa94-04c1-424b-9868-57a2d4851a1d" />
    <TestEntry testId="c4827e09-d08d-46ae-e11d-0d4589191c8f" executionId="258b82a5-18c5-42e3-b0e6-c694b0a343bf" testListId="8c84fa94-04c1-424b-9868-57a2d4851a1d" />
    <TestEntry testId="446aeed3-732f-6fdf-1198-73e2ccb90cd0" executionId="6bbb77e9-531b-4d9d-9b57-8da862246e8d" testListId="8c84fa94-04c1-424b-9868-57a2d4851a1d" />
    <TestEntry testId="c1c3c15c-2fd4-f407-447a-9b6a9260e785" executionId="bee16a51-9746-4edd-90eb-ef8c25f547e3" testListId="8c84fa94-04c1-424b-9868-57a2d4851a1d" />
    <TestEntry testId="4d5b8656-5c24-f46d-b781-bdd5173b1d4a" executionId="746209e4-1f7e-44d3-8eba-3bfd8e65a503" testListId="8c84fa94-04c1-424b-9868-57a2d4851a1d" />
    <TestEntry testId="904747e7-ff5e-8218-74d7-bb12f2b82a35" executionId="f13faf48-1f0b-4df6-a2c8-390e9d22349a" testListId="8c84fa94-04c1-424b-9868-57a2d4851a1d" />
    <TestEntry testId="82972118-4ab6-5c8e-198a-344b25ea05c2" executionId="34839847-e0b1-4c5e-9827-a895f6b03469" testListId="8c84fa94-04c1-424b-9868-57a2d4851a1d" />
    <TestEntry testId="43e2b03c-a2af-ef3b-ea65-35587a7a8502" executionId="78a42450-02d2-4cb1-a5ea-d517077c4653" testListId="8c84fa94-04c1-424b-9868-57a2d4851a1d" />
    <TestEntry testId="c901140a-8e9f-da3b-f7f8-502ef77600a4" executionId="31d9d2bc-e3fa-4974-9804-8aecd79b5f9a" testListId="8c84fa94-04c1-424b-9868-57a2d4851a1d" />
    <TestEntry testId="30c37470-8d6f-a7b2-7507-7a508b6368f0" executionId="203e755a-528e-4b65-91bf-0cc45d6e2976" testListId="8c84fa94-04c1-424b-9868-57a2d4851a1d" />
    <TestEntry testId="9a702a54-932a-77ac-8e6e-5b1318f49c63" executionId="3d3c63b7-a2b2-4109-b287-4a1263135197" testListId="8c84fa94-04c1-424b-9868-57a2d4851a1d" />
    <TestEntry testId="c18159c8-c488-c465-11b5-e4f60944ebea" executionId="81f384d2-3fc9-42bf-b07a-178a4e6df4ff" testListId="8c84fa94-04c1-424b-9868-57a2d4851a1d" />
    <TestEntry testId="69414ab0-4cf7-f312-3c05-6a9aa0f642b2" executionId="1ad74eec-5678-460a-8610-7dbbb60a6db3" testListId="8c84fa94-04c1-424b-9868-57a2d4851a1d" />
    <TestEntry testId="5fd7373e-836c-fd3b-1266-60a16d14daf5" executionId="8ea7c891-4bb3-42c1-af58-291798e3acc5" testListId="8c84fa94-04c1-424b-9868-57a2d4851a1d" />
    <TestEntry testId="6d4dda94-e519-5838-44e2-8dc3d94e25ab" executionId="ba93a5ac-dd35-4716-9592-9710102633d2" testListId="8c84fa94-04c1-424b-9868-57a2d4851a1d" />
    <TestEntry testId="c1296972-c12d-1979-50fb-ef6e48530532" executionId="7efa498f-9a1e-42d8-9282-07b30b93440b" testListId="8c84fa94-04c1-424b-9868-57a2d4851a1d" />
    <TestEntry testId="f90d32c6-f44e-af0c-3d05-d5d63d72fbed" executionId="61069ec0-5648-46e8-af78-afc6914b83a9" testListId="8c84fa94-04c1-424b-9868-57a2d4851a1d" />
    <TestEntry testId="5c474062-002c-63b6-812f-52223136dd77" executionId="8ffb04a6-9de9-4531-b73d-05474460dc97" testListId="8c84fa94-04c1-424b-9868-57a2d4851a1d" />
    <TestEntry testId="f0c4e84a-6a98-a7e5-d083-79a02acb860c" executionId="5147430e-cf17-4fcf-aa3c-a86a43936d87" testListId="8c84fa94-04c1-424b-9868-57a2d4851a1d" />
    <TestEntry testId="0864368a-5d20-d499-562d-dea9741e52aa" executionId="f10c213b-7099-4d3d-ba2d-2b0799ffa54c" testListId="8c84fa94-04c1-424b-9868-57a2d4851a1d" />
    <TestEntry testId="80dd12df-b2d2-e332-3474-ef692b090e79" executionId="8d5b95ae-7088-4ce8-8dbe-c81850aea1c9" testListId="8c84fa94-04c1-424b-9868-57a2d4851a1d" />
    <TestEntry testId="af1e193b-6914-4dd6-b3ed-2ac18e2a1b23" executionId="fed4226b-b5d2-4f40-8a85-bc98294320b0" testListId="8c84fa94-04c1-424b-9868-57a2d4851a1d" />
    <TestEntry testId="079febbc-fefa-997d-a518-2bb9b896a10f" executionId="c055d50a-eca1-4c45-bd08-b782ee72adab" testListId="8c84fa94-04c1-424b-9868-57a2d4851a1d" />
    <TestEntry testId="3ee13cb4-0958-6775-b9ba-c8af5a50fd57" executionId="36bb320b-3e6d-4f43-bf31-e1518ad26100" testListId="8c84fa94-04c1-424b-9868-57a2d4851a1d" />
    <TestEntry testId="19691bde-a850-be64-1937-e776a14dda46" executionId="aea50662-6b42-4271-b2e3-898cd2a265a4" testListId="8c84fa94-04c1-424b-9868-57a2d4851a1d" />
    <TestEntry testId="92cb8fbf-5503-f34b-b811-ac131e120972" executionId="11d1ba50-d4d5-43c9-9da1-fe1c9059d2d3" testListId="8c84fa94-04c1-424b-9868-57a2d4851a1d" />
    <TestEntry testId="2577ff6c-ab5b-df66-2d86-248c489cf166" executionId="94aecf3e-5efc-4796-ad91-ba68a343647d" testListId="8c84fa94-04c1-424b-9868-57a2d4851a1d" />
    <TestEntry testId="e816d20a-430f-2d97-9262-77eb57c11839" executionId="905bf5f3-b4b5-4ed8-82ee-ddfd714e8955" testListId="8c84fa94-04c1-424b-9868-57a2d4851a1d" />
    <TestEntry testId="e2097409-445a-3cd5-ae6e-0205fed90d91" executionId="47c169d5-4b6d-4802-b40c-e104e89f0c2a" testListId="8c84fa94-04c1-424b-9868-57a2d4851a1d" />
    <TestEntry testId="9dede88d-6de7-87ff-4549-77cfb8e6068f" executionId="1765b537-10ea-4b11-b09f-38233fa4e6fd" testListId="8c84fa94-04c1-424b-9868-57a2d4851a1d" />
    <TestEntry testId="419a8404-3052-a939-642f-9bc8d54507ed" executionId="56609a38-a06e-497d-b3e3-e87af102f772" testListId="8c84fa94-04c1-424b-9868-57a2d4851a1d" />
  </TestEntries>
  <TestLists>
    <TestList name="Results Not in a List" id="8c84fa94-04c1-424b-9868-57a2d4851a1d" />
    <TestList name="All Loaded Results" id="19431567-8539-422a-85d7-44ee4e166bda" />
  </TestLists>
  <ResultSummary outcome="Completed">
    <Counters total="244" executed="243" passed="243" failed="0" error="0" timeout="0" aborted="0" inconclusive="0" passedButRunAborted="0" notRunnable="0" notExecuted="0" disconnected="0" warning="0" completed="0" inProgress="0" pending="0" />
    <Output>
      <StdOut>[xUnit.net 00:00:00.00] xUnit.net VSTest Adapter v2.4.3+1b45f5407b (64-bit .NET 6.0.6)
[xUnit.net 00:00:00.67]   Discovering: CodexBootstrap.Tests
[xUnit.net 00:00:00.72]   Discovered:  CodexBootstrap.Tests
[xUnit.net 00:00:00.72]   Starting:    CodexBootstrap.Tests
[xUnit.net 00:00:57.20]       Resonance matrix integration edges not guaranteed during initial seed; enable when implemented
Test 'CodexBootstrap.Tests.UCoreOntologyTests.ResonanceMatrix_Should_ExistAndIntegrateAxes' was skipped in the test run.
[xUnit.net 00:01:50.17]   Finished:    CodexBootstrap.Tests
</StdOut>
    </Output>
    <RunInfos>
      <RunInfo computerName="Seeker-Mac" outcome="Warning" timestamp="2025-09-22T13:41:37.3503670-06:00">
        <Text>[xUnit.net 00:00:57.20]     CodexBootstrap.Tests.UCoreOntologyTests.ResonanceMatrix_Should_ExistAndIntegrateAxes [SKIP]</Text>
      </RunInfo>
    </RunInfos>
  </ResultSummary>
</TestRun>