<?xml version="1.0" encoding="utf-8"?>
<TestRun id="7cbe903d-44f7-499e-85f7-27b30b8e3513" name="@Seeker-Mac 2025-09-22 13:27:00" xmlns="http://microsoft.com/schemas/VisualStudio/TeamTest/2010">
  <Times creation="2025-09-22T13:27:00.8645420-06:00" queuing="2025-09-22T13:27:00.8645420-06:00" start="2025-09-22T13:26:57.5444370-06:00" finish="2025-09-22T13:27:09.3630490-06:00" />
  <TestSettings name="default" id="c5931385-80a1-4148-afc1-262a1f25a267">
    <Deployment runDeploymentRoot="_Seeker-Mac_2025-09-22_13_27_00" />
  </TestSettings>
  <Results>
    <UnitTestResult executionId="444de3d4-3529-4781-b5cd-e6bb48f71216" testId="a5a2e4c8-009c-485c-9e59-a0329e36f740" testName="CodexBootstrap.Tests.NewsSourceTests.NewsConceptExtraction_Should_LinkToUCore" computerName="Seeker-Mac" duration="00:00:00.0207428" startTime="2025-09-22T13:26:59.7419320-06:00" endTime="2025-09-22T13:26:59.7419320-06:00" testType="13cdc9d9-ddb5-4fa4-a97d-d965ccfc6d4b" outcome="Passed" testListId="8c84fa94-04c1-424b-9868-57a2d4851a1d" relativeResultsDirectory="444de3d4-3529-4781-b5cd-e6bb48f71216" />
    <UnitTestResult executionId="bf5d5567-99b5-4215-a91d-d16ca782b4ca" testId="e776ed9f-d0af-671b-5393-2bbcffd08132" testName="CodexBootstrap.Tests.NewsSourceTests.NewsSourceValidation_Should_CheckRandomSources" computerName="Seeker-Mac" duration="00:00:04.5256304" startTime="2025-09-22T13:27:09.2917850-06:00" endTime="2025-09-22T13:27:09.2917850-06:00" testType="13cdc9d9-ddb5-4fa4-a97d-d965ccfc6d4b" outcome="Passed" testListId="8c84fa94-04c1-424b-9868-57a2d4851a1d" relativeResultsDirectory="bf5d5567-99b5-4215-a91d-d16ca782b4ca" />
    <UnitTestResult executionId="d1547e23-da90-4592-a118-da6692790c0d" testId="1f3199f3-f842-d0f8-2cf4-0c685e5c5cf9" testName="CodexBootstrap.Tests.NewsSourceTests.NewsSourcesConfig_Should_LoadAllSources" computerName="Seeker-Mac" duration="00:00:01.0844391" startTime="2025-09-22T13:26:59.7250720-06:00" endTime="2025-09-22T13:26:59.7250850-06:00" testType="13cdc9d9-ddb5-4fa4-a97d-d965ccfc6d4b" outcome="Failed" testListId="8c84fa94-04c1-424b-9868-57a2d4851a1d" relativeResultsDirectory="d1547e23-da90-4592-a118-da6692790c0d">
      <Output>
        <ErrorInfo>
          <Message>Expected at least 50 news sources, found 30
Expected: True
Actual:   False</Message>
          <StackTrace>   at CodexBootstrap.Tests.NewsSourceTests.NewsSourcesConfig_Should_LoadAllSources() in /Users/ursmuff/source/Living-Codex-CSharp/src/CodexBootstrap.Tests/NewsSourceTests.cs:line 50
--- End of stack trace from previous location ---</StackTrace>
        </ErrorInfo>
      </Output>
    </UnitTestResult>
    <UnitTestResult executionId="c5a9be0f-3f69-45b7-8fba-fef20670b660" testId="9278bdb8-7599-f5f4-b1ea-3e31a3ba566f" testName="CodexBootstrap.Tests.NewsSourceTests.NewsIngestion_Should_CreateValidNewsItems" computerName="Seeker-Mac" duration="00:00:03.0045654" startTime="2025-09-22T13:27:04.7656790-06:00" endTime="2025-09-22T13:27:04.7656790-06:00" testType="13cdc9d9-ddb5-4fa4-a97d-d965ccfc6d4b" outcome="Passed" testListId="8c84fa94-04c1-424b-9868-57a2d4851a1d" relativeResultsDirectory="c5a9be0f-3f69-45b7-8fba-fef20670b660" />
    <UnitTestResult executionId="1d855763-af7d-48d7-944f-7ec003c9efe0" testId="be0201d4-f64f-23ff-9843-409cbb744734" testName="CodexBootstrap.Tests.NewsSourceTests.NewsSourceCategories_Should_CoverAllDomains" computerName="Seeker-Mac" duration="00:00:01.0099711" startTime="2025-09-22T13:27:00.7523180-06:00" endTime="2025-09-22T13:27:00.7523180-06:00" testType="13cdc9d9-ddb5-4fa4-a97d-d965ccfc6d4b" outcome="Passed" testListId="8c84fa94-04c1-424b-9868-57a2d4851a1d" relativeResultsDirectory="1d855763-af7d-48d7-944f-7ec003c9efe0" />
    <UnitTestResult executionId="00fbab7d-719a-458a-80c4-051619afe137" testId="223d2f32-df21-1170-abbc-18413ef59c92" testName="CodexBootstrap.Tests.NewsSourceTests.NewsSourceTypes_Should_BeValid" computerName="Seeker-Mac" duration="00:00:01.0077415" startTime="2025-09-22T13:27:01.7604960-06:00" endTime="2025-09-22T13:27:01.7604960-06:00" testType="13cdc9d9-ddb5-4fa4-a97d-d965ccfc6d4b" outcome="Passed" testListId="8c84fa94-04c1-424b-9868-57a2d4851a1d" relativeResultsDirectory="00fbab7d-719a-458a-80c4-051619afe137" />
  </Results>
  <TestDefinitions>
    <UnitTest name="CodexBootstrap.Tests.NewsSourceTests.NewsIngestion_Should_CreateValidNewsItems" storage="/users/ursmuff/source/living-codex-csharp/src/codexbootstrap.tests/bin/debug/net6.0/codexbootstrap.tests.dll" id="9278bdb8-7599-f5f4-b1ea-3e31a3ba566f">
      <Execution id="c5a9be0f-3f69-45b7-8fba-fef20670b660" />
      <TestMethod codeBase="/Users/ursmuff/source/Living-Codex-CSharp/src/CodexBootstrap.Tests/bin/Debug/net6.0/CodexBootstrap.Tests.dll" adapterTypeName="executor://xunit/VsTestRunner2/netcoreapp" className="CodexBootstrap.Tests.NewsSourceTests" name="NewsIngestion_Should_CreateValidNewsItems" />
    </UnitTest>
    <UnitTest name="CodexBootstrap.Tests.NewsSourceTests.NewsConceptExtraction_Should_LinkToUCore" storage="/users/ursmuff/source/living-codex-csharp/src/codexbootstrap.tests/bin/debug/net6.0/codexbootstrap.tests.dll" id="a5a2e4c8-009c-485c-9e59-a0329e36f740">
      <Execution id="444de3d4-3529-4781-b5cd-e6bb48f71216" />
      <TestMethod codeBase="/Users/ursmuff/source/Living-Codex-CSharp/src/CodexBootstrap.Tests/bin/Debug/net6.0/CodexBootstrap.Tests.dll" adapterTypeName="executor://xunit/VsTestRunner2/netcoreapp" className="CodexBootstrap.Tests.NewsSourceTests" name="NewsConceptExtraction_Should_LinkToUCore" />
    </UnitTest>
    <UnitTest name="CodexBootstrap.Tests.NewsSourceTests.NewsSourcesConfig_Should_LoadAllSources" storage="/users/ursmuff/source/living-codex-csharp/src/codexbootstrap.tests/bin/debug/net6.0/codexbootstrap.tests.dll" id="1f3199f3-f842-d0f8-2cf4-0c685e5c5cf9">
      <Execution id="d1547e23-da90-4592-a118-da6692790c0d" />
      <TestMethod codeBase="/Users/ursmuff/source/Living-Codex-CSharp/src/CodexBootstrap.Tests/bin/Debug/net6.0/CodexBootstrap.Tests.dll" adapterTypeName="executor://xunit/VsTestRunner2/netcoreapp" className="CodexBootstrap.Tests.NewsSourceTests" name="NewsSourcesConfig_Should_LoadAllSources" />
    </UnitTest>
    <UnitTest name="CodexBootstrap.Tests.NewsSourceTests.NewsSourceValidation_Should_CheckRandomSources" storage="/users/ursmuff/source/living-codex-csharp/src/codexbootstrap.tests/bin/debug/net6.0/codexbootstrap.tests.dll" id="e776ed9f-d0af-671b-5393-2bbcffd08132">
      <Execution id="bf5d5567-99b5-4215-a91d-d16ca782b4ca" />
      <TestMethod codeBase="/Users/ursmuff/source/Living-Codex-CSharp/src/CodexBootstrap.Tests/bin/Debug/net6.0/CodexBootstrap.Tests.dll" adapterTypeName="executor://xunit/VsTestRunner2/netcoreapp" className="CodexBootstrap.Tests.NewsSourceTests" name="NewsSourceValidation_Should_CheckRandomSources" />
    </UnitTest>
    <UnitTest name="CodexBootstrap.Tests.NewsSourceTests.NewsSourceTypes_Should_BeValid" storage="/users/ursmuff/source/living-codex-csharp/src/codexbootstrap.tests/bin/debug/net6.0/codexbootstrap.tests.dll" id="223d2f32-df21-1170-abbc-18413ef59c92">
      <Execution id="00fbab7d-719a-458a-80c4-051619afe137" />
      <TestMethod codeBase="/Users/ursmuff/source/Living-Codex-CSharp/src/CodexBootstrap.Tests/bin/Debug/net6.0/CodexBootstrap.Tests.dll" adapterTypeName="executor://xunit/VsTestRunner2/netcoreapp" className="CodexBootstrap.Tests.NewsSourceTests" name="NewsSourceTypes_Should_BeValid" />
    </UnitTest>
    <UnitTest name="CodexBootstrap.Tests.NewsSourceTests.NewsSourceCategories_Should_CoverAllDomains" storage="/users/ursmuff/source/living-codex-csharp/src/codexbootstrap.tests/bin/debug/net6.0/codexbootstrap.tests.dll" id="be0201d4-f64f-23ff-9843-409cbb744734">
      <Execution id="1d855763-af7d-48d7-944f-7ec003c9efe0" />
      <TestMethod codeBase="/Users/ursmuff/source/Living-Codex-CSharp/src/CodexBootstrap.Tests/bin/Debug/net6.0/CodexBootstrap.Tests.dll" adapterTypeName="executor://xunit/VsTestRunner2/netcoreapp" className="CodexBootstrap.Tests.NewsSourceTests" name="NewsSourceCategories_Should_CoverAllDomains" />
    </UnitTest>
  </TestDefinitions>
  <TestEntries>
    <TestEntry testId="a5a2e4c8-009c-485c-9e59-a0329e36f740" executionId="444de3d4-3529-4781-b5cd-e6bb48f71216" testListId="8c84fa94-04c1-424b-9868-57a2d4851a1d" />
    <TestEntry testId="e776ed9f-d0af-671b-5393-2bbcffd08132" executionId="bf5d5567-99b5-4215-a91d-d16ca782b4ca" testListId="8c84fa94-04c1-424b-9868-57a2d4851a1d" />
    <TestEntry testId="1f3199f3-f842-d0f8-2cf4-0c685e5c5cf9" executionId="d1547e23-da90-4592-a118-da6692790c0d" testListId="8c84fa94-04c1-424b-9868-57a2d4851a1d" />
    <TestEntry testId="9278bdb8-7599-f5f4-b1ea-3e31a3ba566f" executionId="c5a9be0f-3f69-45b7-8fba-fef20670b660" testListId="8c84fa94-04c1-424b-9868-57a2d4851a1d" />
    <TestEntry testId="be0201d4-f64f-23ff-9843-409cbb744734" executionId="1d855763-af7d-48d7-944f-7ec003c9efe0" testListId="8c84fa94-04c1-424b-9868-57a2d4851a1d" />
    <TestEntry testId="223d2f32-df21-1170-abbc-18413ef59c92" executionId="00fbab7d-719a-458a-80c4-051619afe137" testListId="8c84fa94-04c1-424b-9868-57a2d4851a1d" />
  </TestEntries>
  <TestLists>
    <TestList name="Results Not in a List" id="8c84fa94-04c1-424b-9868-57a2d4851a1d" />
    <TestList name="All Loaded Results" id="19431567-8539-422a-85d7-44ee4e166bda" />
  </TestLists>
  <ResultSummary outcome="Failed">
    <Counters total="6" executed="6" passed="5" failed="1" error="0" timeout="0" aborted="0" inconclusive="0" passedButRunAborted="0" notRunnable="0" notExecuted="0" disconnected="0" warning="0" completed="0" inProgress="0" pending="0" />
    <Output>
      <StdOut>[xUnit.net 00:00:00.00] xUnit.net VSTest Adapter v2.4.3+1b45f5407b (64-bit .NET 6.0.6)
[xUnit.net 00:00:00.68]   Discovering: CodexBootstrap.Tests
[xUnit.net 00:00:00.72]   Discovered:  CodexBootstrap.Tests
[xUnit.net 00:00:00.72]   Starting:    CodexBootstrap.Tests
[xUnit.net 00:00:01.84]       Expected at least 50 news sources, found 30
[xUnit.net 00:00:01.84]       Expected: True
[xUnit.net 00:00:01.84]       Actual:   False
[xUnit.net 00:00:01.84]       Stack Trace:
[xUnit.net 00:00:01.85]         /Users/ursmuff/source/Living-Codex-CSharp/src/CodexBootstrap.Tests/NewsSourceTests.cs(50,0): at CodexBootstrap.Tests.NewsSourceTests.NewsSourcesConfig_Should_LoadAllSources()
[xUnit.net 00:00:01.85]         --- End of stack trace from previous location ---
[xUnit.net 00:00:11.45]   Finished:    CodexBootstrap.Tests
</StdOut>
    </Output>
    <RunInfos>
      <RunInfo computerName="Seeker-Mac" outcome="Error" timestamp="2025-09-22T13:26:59.7227120-06:00">
        <Text>[xUnit.net 00:00:01.84]     CodexBootstrap.Tests.NewsSourceTests.NewsSourcesConfig_Should_LoadAllSources [FAIL]</Text>
      </RunInfo>
    </RunInfos>
  </ResultSummary>
</TestRun>