<?xml version="1.0" encoding="utf-8"?>
<TestRun id="c4ff370c-e277-4c41-a28f-8450f857e882" name="@Seeker-Mac 2025-09-22 13:26:49" xmlns="http://microsoft.com/schemas/VisualStudio/TeamTest/2010">
  <Times creation="2025-09-22T13:26:49.6885580-06:00" queuing="2025-09-22T13:26:49.6885580-06:00" start="2025-09-22T13:26:48.3780580-06:00" finish="2025-09-22T13:26:49.6887830-06:00" />
  <TestSettings name="default" id="6e291e33-4e3c-4005-8f2a-7dc684b6be3b">
    <Deployment runDeploymentRoot="_Seeker-Mac_2025-09-22_13_26_49" />
  </TestSettings>
  <TestLists>
    <TestList name="Results Not in a List" id="8c84fa94-04c1-424b-9868-57a2d4851a1d" />
    <TestList name="All Loaded Results" id="19431567-8539-422a-85d7-44ee4e166bda" />
  </TestLists>
  <ResultSummary outcome="Completed">
    <Counters total="0" executed="0" passed="0" failed="0" error="0" timeout="0" aborted="0" inconclusive="0" passedButRunAborted="0" notRunnable="0" notExecuted="0" disconnected="0" warning="0" completed="0" inProgress="0" pending="0" />
    <Output>
      <StdOut>[xUnit.net 00:00:00.00] xUnit.net VSTest Adapter v2.4.3+1b45f5407b (64-bit .NET 6.0.6)
[xUnit.net 00:00:00.85]   Discovering: CodexBootstrap.Tests
[xUnit.net 00:00:00.89]   Discovered:  CodexBootstrap.Tests
[xUnit.net 00:00:00.89]   Starting:    CodexBootstrap.Tests
[xUnit.net 00:00:00.90]   Finished:    CodexBootstrap.Tests
</StdOut>
    </Output>
    <RunInfos>
      <RunInfo computerName="Seeker-Mac" outcome="Warning" timestamp="2025-09-22T13:26:49.6217160-06:00">
        <Text>[xUnit.net 00:00:00.89] CodexBootstrap.Tests: Exception filtering tests: Incorrect format for TestCaseFilter Error: Invalid Condition 'FullyQualifiedName~NewsSourceTests or FullyQualifiedName~ConceptModuleApiTests'. Specify the correct format and try again. Note that the incorrect format can lead to no test getting executed.</Text>
      </RunInfo>
      <RunInfo computerName="Seeker-Mac" outcome="Warning" timestamp="2025-09-22T13:26:49.6349830-06:00">
        <Text>No test matches the given testcase filter `FullyQualifiedName~NewsSourceTests or FullyQualifiedName~ConceptModuleApiTests` in /Users/ursmuff/source/Living-Codex-CSharp/src/CodexBootstrap.Tests/bin/Debug/net6.0/CodexBootstrap.Tests.dll</Text>
      </RunInfo>
    </RunInfos>
  </ResultSummary>
</TestRun>