<?xml version="1.0" encoding="utf-8"?>
<TestRun id="7a646496-eb21-42cb-bc73-c5be643abe65" name="@Seeker-Mac 2025-09-22 13:37:23" xmlns="http://microsoft.com/schemas/VisualStudio/TeamTest/2010">
  <Times creation="2025-09-22T13:37:23.3427240-06:00" queuing="2025-09-22T13:37:23.3427240-06:00" start="2025-09-22T13:37:20.0097400-06:00" finish="2025-09-22T13:37:32.2212520-06:00" />
  <TestSettings name="default" id="7c3e3e9e-c5b3-4930-875f-7ea4cc4713fe">
    <Deployment runDeploymentRoot="_Seeker-Mac_2025-09-22_13_37_23" />
  </TestSettings>
  <Results>
    <UnitTestResult executionId="a0e399e6-9988-4163-849c-4fe80f274b9e" testId="9278bdb8-7599-f5f4-b1ea-3e31a3ba566f" testName="CodexBootstrap.Tests.NewsSourceTests.NewsIngestion_Should_CreateValidNewsItems" computerName="Seeker-Mac" duration="00:00:03.0109870" startTime="2025-09-22T13:37:27.2527370-06:00" endTime="2025-09-22T13:37:27.2527370-06:00" testType="13cdc9d9-ddb5-4fa4-a97d-d965ccfc6d4b" outcome="Passed" testListId="8c84fa94-04c1-424b-9868-57a2d4851a1d" relativeResultsDirectory="a0e399e6-9988-4163-849c-4fe80f274b9e" />
    <UnitTestResult executionId="47e3dcb5-5643-4ddc-8e93-8d13be26b37b" testId="a5a2e4c8-009c-485c-9e59-a0329e36f740" testName="CodexBootstrap.Tests.NewsSourceTests.NewsConceptExtraction_Should_LinkToUCore" computerName="Seeker-Mac" duration="00:00:00.0216465" startTime="2025-09-22T13:37:22.2174780-06:00" endTime="2025-09-22T13:37:22.2174780-06:00" testType="13cdc9d9-ddb5-4fa4-a97d-d965ccfc6d4b" outcome="Passed" testListId="8c84fa94-04c1-424b-9868-57a2d4851a1d" relativeResultsDirectory="47e3dcb5-5643-4ddc-8e93-8d13be26b37b" />
    <UnitTestResult executionId="e0a4c22e-33cc-4843-a968-601c36843cda" testId="be0201d4-f64f-23ff-9843-409cbb744734" testName="CodexBootstrap.Tests.NewsSourceTests.NewsSourceCategories_Should_CoverAllDomains" computerName="Seeker-Mac" duration="00:00:01.0116418" startTime="2025-09-22T13:37:23.2292690-06:00" endTime="2025-09-22T13:37:23.2292690-06:00" testType="13cdc9d9-ddb5-4fa4-a97d-d965ccfc6d4b" outcome="Passed" testListId="8c84fa94-04c1-424b-9868-57a2d4851a1d" relativeResultsDirectory="e0a4c22e-33cc-4843-a968-601c36843cda" />
    <UnitTestResult executionId="e2d81c2e-7e6d-45a8-8c30-2aed072d67a3" testId="1f3199f3-f842-d0f8-2cf4-0c685e5c5cf9" testName="CodexBootstrap.Tests.NewsSourceTests.NewsSourcesConfig_Should_LoadAllSources" computerName="Seeker-Mac" duration="00:00:01.0740226" startTime="2025-09-22T13:37:22.2025450-06:00" endTime="2025-09-22T13:37:22.2025610-06:00" testType="13cdc9d9-ddb5-4fa4-a97d-d965ccfc6d4b" outcome="Failed" testListId="8c84fa94-04c1-424b-9868-57a2d4851a1d" relativeResultsDirectory="e2d81c2e-7e6d-45a8-8c30-2aed072d67a3">
      <Output>
        <ErrorInfo>
          <Message>Expected at least 50 news sources, found 30
Expected: True
Actual:   False</Message>
          <StackTrace>   at CodexBootstrap.Tests.NewsSourceTests.NewsSourcesConfig_Should_LoadAllSources() in /Users/ursmuff/source/Living-Codex-CSharp/src/CodexBootstrap.Tests/NewsSourceTests.cs:line 50
--- End of stack trace from previous location ---</StackTrace>
        </ErrorInfo>
      </Output>
    </UnitTestResult>
    <UnitTestResult executionId="fdf3f9e3-0845-4b67-a9bb-f54951cff5f8" testId="e776ed9f-d0af-671b-5393-2bbcffd08132" testName="CodexBootstrap.Tests.NewsSourceTests.NewsSourceValidation_Should_CheckRandomSources" computerName="Seeker-Mac" duration="00:00:04.9144147" startTime="2025-09-22T13:37:32.1677750-06:00" endTime="2025-09-22T13:37:32.1677760-06:00" testType="13cdc9d9-ddb5-4fa4-a97d-d965ccfc6d4b" outcome="Passed" testListId="8c84fa94-04c1-424b-9868-57a2d4851a1d" relativeResultsDirectory="fdf3f9e3-0845-4b67-a9bb-f54951cff5f8" />
    <UnitTestResult executionId="6baaf5aa-3838-4b85-bf33-646f1da5bffd" testId="223d2f32-df21-1170-abbc-18413ef59c92" testName="CodexBootstrap.Tests.NewsSourceTests.NewsSourceTypes_Should_BeValid" computerName="Seeker-Mac" duration="00:00:01.0113158" startTime="2025-09-22T13:37:24.2410770-06:00" endTime="2025-09-22T13:37:24.2410770-06:00" testType="13cdc9d9-ddb5-4fa4-a97d-d965ccfc6d4b" outcome="Passed" testListId="8c84fa94-04c1-424b-9868-57a2d4851a1d" relativeResultsDirectory="6baaf5aa-3838-4b85-bf33-646f1da5bffd" />
  </Results>
  <TestDefinitions>
    <UnitTest name="CodexBootstrap.Tests.NewsSourceTests.NewsIngestion_Should_CreateValidNewsItems" storage="/users/ursmuff/source/living-codex-csharp/src/codexbootstrap.tests/bin/debug/net6.0/codexbootstrap.tests.dll" id="9278bdb8-7599-f5f4-b1ea-3e31a3ba566f">
      <Execution id="a0e399e6-9988-4163-849c-4fe80f274b9e" />
      <TestMethod codeBase="/Users/ursmuff/source/Living-Codex-CSharp/src/CodexBootstrap.Tests/bin/Debug/net6.0/CodexBootstrap.Tests.dll" adapterTypeName="executor://xunit/VsTestRunner2/netcoreapp" className="CodexBootstrap.Tests.NewsSourceTests" name="NewsIngestion_Should_CreateValidNewsItems" />
    </UnitTest>
    <UnitTest name="CodexBootstrap.Tests.NewsSourceTests.NewsConceptExtraction_Should_LinkToUCore" storage="/users/ursmuff/source/living-codex-csharp/src/codexbootstrap.tests/bin/debug/net6.0/codexbootstrap.tests.dll" id="a5a2e4c8-009c-485c-9e59-a0329e36f740">
      <Execution id="47e3dcb5-5643-4ddc-8e93-8d13be26b37b" />
      <TestMethod codeBase="/Users/ursmuff/source/Living-Codex-CSharp/src/CodexBootstrap.Tests/bin/Debug/net6.0/CodexBootstrap.Tests.dll" adapterTypeName="executor://xunit/VsTestRunner2/netcoreapp" className="CodexBootstrap.Tests.NewsSourceTests" name="NewsConceptExtraction_Should_LinkToUCore" />
    </UnitTest>
    <UnitTest name="CodexBootstrap.Tests.NewsSourceTests.NewsSourcesConfig_Should_LoadAllSources" storage="/users/ursmuff/source/living-codex-csharp/src/codexbootstrap.tests/bin/debug/net6.0/codexbootstrap.tests.dll" id="1f3199f3-f842-d0f8-2cf4-0c685e5c5cf9">
      <Execution id="e2d81c2e-7e6d-45a8-8c30-2aed072d67a3" />
      <TestMethod codeBase="/Users/ursmuff/source/Living-Codex-CSharp/src/CodexBootstrap.Tests/bin/Debug/net6.0/CodexBootstrap.Tests.dll" adapterTypeName="executor://xunit/VsTestRunner2/netcoreapp" className="CodexBootstrap.Tests.NewsSourceTests" name="NewsSourcesConfig_Should_LoadAllSources" />
    </UnitTest>
    <UnitTest name="CodexBootstrap.Tests.NewsSourceTests.NewsSourceValidation_Should_CheckRandomSources" storage="/users/ursmuff/source/living-codex-csharp/src/codexbootstrap.tests/bin/debug/net6.0/codexbootstrap.tests.dll" id="e776ed9f-d0af-671b-5393-2bbcffd08132">
      <Execution id="fdf3f9e3-0845-4b67-a9bb-f54951cff5f8" />
      <TestMethod codeBase="/Users/ursmuff/source/Living-Codex-CSharp/src/CodexBootstrap.Tests/bin/Debug/net6.0/CodexBootstrap.Tests.dll" adapterTypeName="executor://xunit/VsTestRunner2/netcoreapp" className="CodexBootstrap.Tests.NewsSourceTests" name="NewsSourceValidation_Should_CheckRandomSources" />
    </UnitTest>
    <UnitTest name="CodexBootstrap.Tests.NewsSourceTests.NewsSourceTypes_Should_BeValid" storage="/users/ursmuff/source/living-codex-csharp/src/codexbootstrap.tests/bin/debug/net6.0/codexbootstrap.tests.dll" id="223d2f32-df21-1170-abbc-18413ef59c92">
      <Execution id="6baaf5aa-3838-4b85-bf33-646f1da5bffd" />
      <TestMethod codeBase="/Users/ursmuff/source/Living-Codex-CSharp/src/CodexBootstrap.Tests/bin/Debug/net6.0/CodexBootstrap.Tests.dll" adapterTypeName="executor://xunit/VsTestRunner2/netcoreapp" className="CodexBootstrap.Tests.NewsSourceTests" name="NewsSourceTypes_Should_BeValid" />
    </UnitTest>
    <UnitTest name="CodexBootstrap.Tests.NewsSourceTests.NewsSourceCategories_Should_CoverAllDomains" storage="/users/ursmuff/source/living-codex-csharp/src/codexbootstrap.tests/bin/debug/net6.0/codexbootstrap.tests.dll" id="be0201d4-f64f-23ff-9843-409cbb744734">
      <Execution id="e0a4c22e-33cc-4843-a968-601c36843cda" />
      <TestMethod codeBase="/Users/ursmuff/source/Living-Codex-CSharp/src/CodexBootstrap.Tests/bin/Debug/net6.0/CodexBootstrap.Tests.dll" adapterTypeName="executor://xunit/VsTestRunner2/netcoreapp" className="CodexBootstrap.Tests.NewsSourceTests" name="NewsSourceCategories_Should_CoverAllDomains" />
    </UnitTest>
  </TestDefinitions>
  <TestEntries>
    <TestEntry testId="9278bdb8-7599-f5f4-b1ea-3e31a3ba566f" executionId="a0e399e6-9988-4163-849c-4fe80f274b9e" testListId="8c84fa94-04c1-424b-9868-57a2d4851a1d" />
    <TestEntry testId="a5a2e4c8-009c-485c-9e59-a0329e36f740" executionId="47e3dcb5-5643-4ddc-8e93-8d13be26b37b" testListId="8c84fa94-04c1-424b-9868-57a2d4851a1d" />
    <TestEntry testId="be0201d4-f64f-23ff-9843-409cbb744734" executionId="e0a4c22e-33cc-4843-a968-601c36843cda" testListId="8c84fa94-04c1-424b-9868-57a2d4851a1d" />
    <TestEntry testId="1f3199f3-f842-d0f8-2cf4-0c685e5c5cf9" executionId="e2d81c2e-7e6d-45a8-8c30-2aed072d67a3" testListId="8c84fa94-04c1-424b-9868-57a2d4851a1d" />
    <TestEntry testId="e776ed9f-d0af-671b-5393-2bbcffd08132" executionId="fdf3f9e3-0845-4b67-a9bb-f54951cff5f8" testListId="8c84fa94-04c1-424b-9868-57a2d4851a1d" />
    <TestEntry testId="223d2f32-df21-1170-abbc-18413ef59c92" executionId="6baaf5aa-3838-4b85-bf33-646f1da5bffd" testListId="8c84fa94-04c1-424b-9868-57a2d4851a1d" />
  </TestEntries>
  <TestLists>
    <TestList name="Results Not in a List" id="8c84fa94-04c1-424b-9868-57a2d4851a1d" />
    <TestList name="All Loaded Results" id="19431567-8539-422a-85d7-44ee4e166bda" />
  </TestLists>
  <ResultSummary outcome="Failed">
    <Counters total="6" executed="6" passed="5" failed="1" error="0" timeout="0" aborted="0" inconclusive="0" passedButRunAborted="0" notRunnable="0" notExecuted="0" disconnected="0" warning="0" completed="0" inProgress="0" pending="0" />
    <Output>
      <StdOut>[xUnit.net 00:00:00.00] xUnit.net VSTest Adapter v2.4.3+1b45f5407b (64-bit .NET 6.0.6)
[xUnit.net 00:00:00.68]   Discovering: CodexBootstrap.Tests
[xUnit.net 00:00:00.73]   Discovered:  CodexBootstrap.Tests
[xUnit.net 00:00:00.73]   Starting:    CodexBootstrap.Tests
[xUnit.net 00:00:01.84]       Expected at least 50 news sources, found 30
[xUnit.net 00:00:01.84]       Expected: True
[xUnit.net 00:00:01.84]       Actual:   False
[xUnit.net 00:00:01.84]       Stack Trace:
[xUnit.net 00:00:01.84]         /Users/ursmuff/source/Living-Codex-CSharp/src/CodexBootstrap.Tests/NewsSourceTests.cs(50,0): at CodexBootstrap.Tests.NewsSourceTests.NewsSourcesConfig_Should_LoadAllSources()
[xUnit.net 00:00:01.85]         --- End of stack trace from previous location ---
[xUnit.net 00:00:11.82]   Finished:    CodexBootstrap.Tests
</StdOut>
    </Output>
    <RunInfos>
      <RunInfo computerName="Seeker-Mac" outcome="Error" timestamp="2025-09-22T13:37:22.1996740-06:00">
        <Text>[xUnit.net 00:00:01.84]     CodexBootstrap.Tests.NewsSourceTests.NewsSourcesConfig_Should_LoadAllSources [FAIL]</Text>
      </RunInfo>
    </RunInfos>
  </ResultSummary>
</TestRun>