<?xml version="1.0" encoding="utf-8"?>
<TestRun id="5c419af3-2478-4600-b1e6-0cca89515733" name="@Seeker-Mac 2025-09-22 13:43:04" xmlns="http://microsoft.com/schemas/VisualStudio/TeamTest/2010">
  <Times creation="2025-09-22T13:43:04.6861750-06:00" queuing="2025-09-22T13:43:04.6861750-06:00" start="2025-09-22T13:43:03.4684350-06:00" finish="2025-09-22T13:43:04.6908890-06:00" />
  <TestSettings name="default" id="4987e2cb-3056-4388-915a-1da4ddbf27b5">
    <Deployment runDeploymentRoot="_Seeker-Mac_2025-09-22_13_43_04" />
  </TestSettings>
  <Results>
    <UnitTestResult executionId="efc771ea-24aa-413f-b719-cfa7bb3a572d" testId="1bc1b8d4-02b1-64e2-302f-169565ce0455" testName="CodexBootstrap.Tests.Modules.PersonalNewsMatchingTests.GetUserNewsFeed_ShouldPrioritizeItemsMatchingUserInterests" computerName="Seeker-Mac" duration="00:00:00.0587952" startTime="2025-09-22T13:43:04.6159490-06:00" endTime="2025-09-22T13:43:04.6159610-06:00" testType="13cdc9d9-ddb5-4fa4-a97d-d965ccfc6d4b" outcome="Passed" testListId="8c84fa94-04c1-424b-9868-57a2d4851a1d" relativeResultsDirectory="efc771ea-24aa-413f-b719-cfa7bb3a572d" />
  </Results>
  <TestDefinitions>
    <UnitTest name="CodexBootstrap.Tests.Modules.PersonalNewsMatchingTests.GetUserNewsFeed_ShouldPrioritizeItemsMatchingUserInterests" storage="/users/ursmuff/source/living-codex-csharp/src/codexbootstrap.tests/bin/debug/net6.0/codexbootstrap.tests.dll" id="1bc1b8d4-02b1-64e2-302f-169565ce0455">
      <Execution id="efc771ea-24aa-413f-b719-cfa7bb3a572d" />
      <TestMethod codeBase="/Users/ursmuff/source/Living-Codex-CSharp/src/CodexBootstrap.Tests/bin/Debug/net6.0/CodexBootstrap.Tests.dll" adapterTypeName="executor://xunit/VsTestRunner2/netcoreapp" className="CodexBootstrap.Tests.Modules.PersonalNewsMatchingTests" name="GetUserNewsFeed_ShouldPrioritizeItemsMatchingUserInterests" />
    </UnitTest>
  </TestDefinitions>
  <TestEntries>
    <TestEntry testId="1bc1b8d4-02b1-64e2-302f-169565ce0455" executionId="efc771ea-24aa-413f-b719-cfa7bb3a572d" testListId="8c84fa94-04c1-424b-9868-57a2d4851a1d" />
  </TestEntries>
  <TestLists>
    <TestList name="Results Not in a List" id="8c84fa94-04c1-424b-9868-57a2d4851a1d" />
    <TestList name="All Loaded Results" id="19431567-8539-422a-85d7-44ee4e166bda" />
  </TestLists>
  <ResultSummary outcome="Completed">
    <Counters total="1" executed="1" passed="1" failed="0" error="0" timeout="0" aborted="0" inconclusive="0" passedButRunAborted="0" notRunnable="0" notExecuted="0" disconnected="0" warning="0" completed="0" inProgress="0" pending="0" />
    <Output>
      <StdOut>[xUnit.net 00:00:00.00] xUnit.net VSTest Adapter v2.4.3+1b45f5407b (64-bit .NET 6.0.6)
[xUnit.net 00:00:00.68]   Discovering: CodexBootstrap.Tests
[xUnit.net 00:00:00.72]   Discovered:  CodexBootstrap.Tests
[xUnit.net 00:00:00.72]   Starting:    CodexBootstrap.Tests
[xUnit.net 00:00:00.81]   Finished:    CodexBootstrap.Tests
</StdOut>
    </Output>
  </ResultSummary>
</TestRun>