<?xml version="1.0" encoding="utf-8"?>
<TestRun id="5a95a5fb-7ce2-426e-b5d0-b700dd8af881" name="@Seeker-Mac 2025-09-22 13:38:17" xmlns="http://microsoft.com/schemas/VisualStudio/TeamTest/2010">
  <Times creation="2025-09-22T13:38:17.5803970-06:00" queuing="2025-09-22T13:38:17.5803970-06:00" start="2025-09-22T13:38:15.3513950-06:00" finish="2025-09-22T13:38:17.5851690-06:00" />
  <TestSettings name="default" id="e24ae176-d903-40bc-af95-5a612d721f5e">
    <Deployment runDeploymentRoot="_Seeker-Mac_2025-09-22_13_38_17" />
  </TestSettings>
  <Results>
    <UnitTestResult executionId="e7664184-8436-417f-9a32-9e6cdf51fa2b" testId="1f3199f3-f842-d0f8-2cf4-0c685e5c5cf9" testName="CodexBootstrap.Tests.NewsSourceTests.NewsSourcesConfig_Should_LoadAllSources" computerName="Seeker-Mac" duration="00:00:01.0715894" startTime="2025-09-22T13:38:17.5260480-06:00" endTime="2025-09-22T13:38:17.5260620-06:00" testType="13cdc9d9-ddb5-4fa4-a97d-d965ccfc6d4b" outcome="Passed" testListId="8c84fa94-04c1-424b-9868-57a2d4851a1d" relativeResultsDirectory="e7664184-8436-417f-9a32-9e6cdf51fa2b" />
  </Results>
  <TestDefinitions>
    <UnitTest name="CodexBootstrap.Tests.NewsSourceTests.NewsSourcesConfig_Should_LoadAllSources" storage="/users/ursmuff/source/living-codex-csharp/src/codexbootstrap.tests/bin/debug/net6.0/codexbootstrap.tests.dll" id="1f3199f3-f842-d0f8-2cf4-0c685e5c5cf9">
      <Execution id="e7664184-8436-417f-9a32-9e6cdf51fa2b" />
      <TestMethod codeBase="/Users/ursmuff/source/Living-Codex-CSharp/src/CodexBootstrap.Tests/bin/Debug/net6.0/CodexBootstrap.Tests.dll" adapterTypeName="executor://xunit/VsTestRunner2/netcoreapp" className="CodexBootstrap.Tests.NewsSourceTests" name="NewsSourcesConfig_Should_LoadAllSources" />
    </UnitTest>
  </TestDefinitions>
  <TestEntries>
    <TestEntry testId="1f3199f3-f842-d0f8-2cf4-0c685e5c5cf9" executionId="e7664184-8436-417f-9a32-9e6cdf51fa2b" testListId="8c84fa94-04c1-424b-9868-57a2d4851a1d" />
  </TestEntries>
  <TestLists>
    <TestList name="Results Not in a List" id="8c84fa94-04c1-424b-9868-57a2d4851a1d" />
    <TestList name="All Loaded Results" id="19431567-8539-422a-85d7-44ee4e166bda" />
  </TestLists>
  <ResultSummary outcome="Completed">
    <Counters total="1" executed="1" passed="1" failed="0" error="0" timeout="0" aborted="0" inconclusive="0" passedButRunAborted="0" notRunnable="0" notExecuted="0" disconnected="0" warning="0" completed="0" inProgress="0" pending="0" />
    <Output>
      <StdOut>[xUnit.net 00:00:00.00] xUnit.net VSTest Adapter v2.4.3+1b45f5407b (64-bit .NET 6.0.6)
[xUnit.net 00:00:00.68]   Discovering: CodexBootstrap.Tests
[xUnit.net 00:00:00.72]   Discovered:  CodexBootstrap.Tests
[xUnit.net 00:00:00.73]   Starting:    CodexBootstrap.Tests
[xUnit.net 00:00:01.84]   Finished:    CodexBootstrap.Tests
</StdOut>
    </Output>
  </ResultSummary>
</TestRun>