<?xml version="1.0" encoding="utf-8"?>
<TestRun id="0b4ef542-96d1-4a39-bd12-620b5cbe8e4f" name="@Seeker-Mac 2025-09-22 05:29:48" xmlns="http://microsoft.com/schemas/VisualStudio/TeamTest/2010">
  <Times creation="2025-09-22T05:29:48.3621130-06:00" queuing="2025-09-22T05:29:48.3621130-06:00" start="2025-09-22T05:29:46.5347390-06:00" finish="2025-09-22T05:31:37.8316440-06:00" />
  <TestSettings name="default" id="8a08e9fc-74f2-4e05-9621-fc10a28756a2">
    <Deployment runDeploymentRoot="_Seeker-Mac_2025-09-22_05_29_48" />
  </TestSettings>
  <Results>
    <UnitTestResult executionId="4f8b2631-827c-41b8-b19e-442d70d95cda" testId="65b592a1-b0ad-ad07-be7a-ec8928e7c9ae" testName="CodexBootstrap.Tests.Modules.CoreModuleTests.RegisterHttpEndpoints_ShouldNotThrow" computerName="Seeker-Mac" duration="00:00:00.0004468" startTime="2025-09-22T05:30:25.6015030-06:00" endTime="2025-09-22T05:30:25.6015030-06:00" testType="13cdc9d9-ddb5-4fa4-a97d-d965ccfc6d4b" outcome="Passed" testListId="8c84fa94-04c1-424b-9868-57a2d4851a1d" relativeResultsDirectory="4f8b2631-827c-41b8-b19e-442d70d95cda" />
    <UnitTestResult executionId="970f04e8-b648-4b82-b1eb-12b74f152b4f" testId="c7664158-decd-1ae9-8bcf-1591fb563b34" testName="CodexBootstrap.Tests.Modules.NewsModuleApiTests.SearchNews_ShouldReturnSearchResults_WhenImplemented" computerName="Seeker-Mac" duration="00:00:00.0104220" startTime="2025-09-22T05:29:52.3776470-06:00" endTime="2025-09-22T05:29:52.3776470-06:00" testType="13cdc9d9-ddb5-4fa4-a97d-d965ccfc6d4b" outcome="Passed" testListId="8c84fa94-04c1-424b-9868-57a2d4851a1d" relativeResultsDirectory="970f04e8-b648-4b82-b1eb-12b74f152b4f" />
    <UnitTestResult executionId="852c52b3-b1fe-4187-8458-8342212943f3" testId="bea25778-24d9-fe1b-fa56-cac425810a84" testName="CodexBootstrap.Tests.Core.StateTransitionTests.NodeStateTransition_OneNodeToGas_ShouldMakeEdgeGas" computerName="Seeker-Mac" duration="00:00:00.3123528" startTime="2025-09-22T05:29:48.4533190-06:00" endTime="2025-09-22T05:29:48.4533190-06:00" testType="13cdc9d9-ddb5-4fa4-a97d-d965ccfc6d4b" outcome="Passed" testListId="8c84fa94-04c1-424b-9868-57a2d4851a1d" relativeResultsDirectory="852c52b3-b1fe-4187-8458-8342212943f3" />
    <UnitTestResult executionId="59fe2fc6-e1c4-4e4f-a4f0-cf3e1dcc4fa3" testId="950d7da6-55b8-4b89-a3fb-a58cb4462695" testName="CodexBootstrap.Tests.Modules.FileSystemModuleTests.GetProjectTree_WithValidProject_ReturnsTreeStructure" computerName="Seeker-Mac" duration="00:00:00.0476045" startTime="2025-09-22T05:31:37.7345860-06:00" endTime="2025-09-22T05:31:37.7345860-06:00" testType="13cdc9d9-ddb5-4fa4-a97d-d965ccfc6d4b" outcome="Passed" testListId="8c84fa94-04c1-424b-9868-57a2d4851a1d" relativeResultsDirectory="59fe2fc6-e1c4-4e4f-a4f0-cf3e1dcc4fa3" />
    <UnitTestResult executionId="7e983dd9-5c7b-4292-8037-57a1600eba7e" testId="b99ace35-33d5-7d18-6ea4-38a87a6c5135" testName="CodexBootstrap.Tests.Modules.ConceptModuleApiTests.GetConcepts_ShouldRespondWithinAcceptableTime" computerName="Seeker-Mac" duration="00:00:00.0028068" startTime="2025-09-22T05:30:50.1963530-06:00" endTime="2025-09-22T05:30:50.1963540-06:00" testType="13cdc9d9-ddb5-4fa4-a97d-d965ccfc6d4b" outcome="Passed" testListId="8c84fa94-04c1-424b-9868-57a2d4851a1d" relativeResultsDirectory="7e983dd9-5c7b-4292-8037-57a1600eba7e" />
    <UnitTestResult executionId="dbe536dc-c470-45dd-909c-5e4d36a2df4c" testId="9278bdb8-7599-f5f4-b1ea-3e31a3ba566f" testName="CodexBootstrap.Tests.NewsSourceTests.NewsIngestion_Should_CreateValidNewsItems" computerName="Seeker-Mac" duration="00:00:03.0029138" startTime="2025-09-22T05:30:18.3444390-06:00" endTime="2025-09-22T05:30:18.3444390-06:00" testType="13cdc9d9-ddb5-4fa4-a97d-d965ccfc6d4b" outcome="Passed" testListId="8c84fa94-04c1-424b-9868-57a2d4851a1d" relativeResultsDirectory="dbe536dc-c470-45dd-909c-5e4d36a2df4c" />
    <UnitTestResult executionId="400a1cbd-5bad-4229-b3f6-527e036d26e5" testId="bba67bf0-0da8-2aa3-67ad-89c48663e058" testName="CodexBootstrap.Tests.Modules.FutureKnowledgeModuleTests.ModuleNode_HasCorrectProperties" computerName="Seeker-Mac" duration="00:00:00.0011947" startTime="2025-09-22T05:30:57.5806710-06:00" endTime="2025-09-22T05:30:57.5806710-06:00" testType="13cdc9d9-ddb5-4fa4-a97d-d965ccfc6d4b" outcome="Passed" testListId="8c84fa94-04c1-424b-9868-57a2d4851a1d" relativeResultsDirectory="400a1cbd-5bad-4229-b3f6-527e036d26e5" />
    <UnitTestResult executionId="2db5530c-876e-4904-9e70-98063e1f2834" testId="65088179-bb39-a045-1fcc-d40375d536ba" testName="CodexBootstrap.Tests.Modules.NoMockDataRegressionTests.ModuleEndpoints_WithInvalidData_ReturnCleanErrors(endpoint: &quot;/ux-primitives/reflect&quot;)" computerName="Seeker-Mac" duration="00:00:00.0006487" startTime="2025-09-22T05:31:11.0036530-06:00" endTime="2025-09-22T05:31:11.0036530-06:00" testType="13cdc9d9-ddb5-4fa4-a97d-d965ccfc6d4b" outcome="Passed" testListId="8c84fa94-04c1-424b-9868-57a2d4851a1d" relativeResultsDirectory="2db5530c-876e-4904-9e70-98063e1f2834" />
    <UnitTestResult executionId="c47dab19-146b-421f-894f-00fcdb584554" testId="b95d7986-cd5c-1d27-935d-048129f27e6c" testName="CodexBootstrap.Tests.Modules.VisualValidationModuleTests.ValidateComponentAgainstSpec_ShouldReturnValidationResult" computerName="Seeker-Mac" duration="00:00:00.0179642" startTime="2025-09-22T05:31:05.7991590-06:00" endTime="2025-09-22T05:31:05.7991590-06:00" testType="13cdc9d9-ddb5-4fa4-a97d-d965ccfc6d4b" outcome="Passed" testListId="8c84fa94-04c1-424b-9868-57a2d4851a1d" relativeResultsDirectory="c47dab19-146b-421f-894f-00fcdb584554" />
    <UnitTestResult executionId="a39eb36b-7bca-43d8-9f4c-9f55d45f045a" testId="b3191fce-24b5-6614-db34-5b0f72b496c2" testName="CodexBootstrap.Tests.Modules.NodeEdgeModuleApiTests.GetNodes_ShouldReturnNodesList" computerName="Seeker-Mac" duration="00:00:00.0046290" startTime="2025-09-22T05:30:35.3452900-06:00" endTime="2025-09-22T05:30:35.3452900-06:00" testType="13cdc9d9-ddb5-4fa4-a97d-d965ccfc6d4b" outcome="Passed" testListId="8c84fa94-04c1-424b-9868-57a2d4851a1d" relativeResultsDirectory="a39eb36b-7bca-43d8-9f4c-9f55d45f045a" />
    <UnitTestResult executionId="17916599-0edf-44ed-9b89-039074314877" testId="2b98f1ad-9067-5d96-8cc7-a0590be4d644" testName="CodexBootstrap.Tests.Core.NodePersistenceTests.EdgeStateConsistency_ShouldMatchNodeStates" computerName="Seeker-Mac" duration="00:00:00.2139187" startTime="2025-09-22T05:31:25.4672880-06:00" endTime="2025-09-22T05:31:25.4672880-06:00" testType="13cdc9d9-ddb5-4fa4-a97d-d965ccfc6d4b" outcome="Passed" testListId="8c84fa94-04c1-424b-9868-57a2d4851a1d" relativeResultsDirectory="17916599-0edf-44ed-9b89-039074314877" />
    <UnitTestResult executionId="8fbd0220-b37b-4c23-ad80-fd1f4b77267a" testId="93e90a79-2955-16ca-0032-f17795f74b9e" testName="CodexBootstrap.Tests.Core.NodeRegistryUserRepositoryTests.CreateAsync_ShouldPersistUserAsWaterNode" computerName="Seeker-Mac" duration="00:00:00.0017394" startTime="2025-09-22T05:31:28.8836660-06:00" endTime="2025-09-22T05:31:28.8836660-06:00" testType="13cdc9d9-ddb5-4fa4-a97d-d965ccfc6d4b" outcome="Passed" testListId="8c84fa94-04c1-424b-9868-57a2d4851a1d" relativeResultsDirectory="8fbd0220-b37b-4c23-ad80-fd1f4b77267a" />
    <UnitTestResult executionId="d22941e4-a61b-460c-9e1f-5d328d6cd2cb" testId="82972118-4ab6-5c8e-198a-344b25ea05c2" testName="CodexBootstrap.Tests.Modules.FileSystemModuleTests.InitializeFileSystemNodes_WithValidProject_CreatesFileNodes" computerName="Seeker-Mac" duration="00:00:00.0492034" startTime="2025-09-22T05:31:37.6867790-06:00" endTime="2025-09-22T05:31:37.6867790-06:00" testType="13cdc9d9-ddb5-4fa4-a97d-d965ccfc6d4b" outcome="Passed" testListId="8c84fa94-04c1-424b-9868-57a2d4851a1d" relativeResultsDirectory="d22941e4-a61b-460c-9e1f-5d328d6cd2cb" />
    <UnitTestResult executionId="00e8e4c6-4f3e-421e-88a9-81d710094f71" testId="f2016284-bdfc-f7ad-0e9e-b1b0fe7c0d74" testName="CodexBootstrap.Tests.Modules.ConceptModuleApiTests.GetConcepts_ShouldReturnConcepts_WhenConceptsExist" computerName="Seeker-Mac" duration="00:00:00.0040274" startTime="2025-09-22T05:30:50.2119350-06:00" endTime="2025-09-22T05:30:50.2119350-06:00" testType="13cdc9d9-ddb5-4fa4-a97d-d965ccfc6d4b" outcome="Passed" testListId="8c84fa94-04c1-424b-9868-57a2d4851a1d" relativeResultsDirectory="00e8e4c6-4f3e-421e-88a9-81d710094f71" />
    <UnitTestResult executionId="ad599522-5129-4f80-9f7d-7e2be3fe9838" testId="0f0bfda1-cada-6668-e50b-f263755ddcfa" testName="CodexBootstrap.Tests.UCoreOntologyTests.ChakrasAxis_Node_Should_Exist" computerName="Seeker-Mac" duration="00:00:00.0032642" startTime="2025-09-22T05:30:12.2734070-06:00" endTime="2025-09-22T05:30:12.2734070-06:00" testType="13cdc9d9-ddb5-4fa4-a97d-d965ccfc6d4b" outcome="Passed" testListId="8c84fa94-04c1-424b-9868-57a2d4851a1d" relativeResultsDirectory="ad599522-5129-4f80-9f7d-7e2be3fe9838" />
    <UnitTestResult executionId="b40e7fa9-6022-43e1-860c-5e3e2e2ffdee" testId="1f3199f3-f842-d0f8-2cf4-0c685e5c5cf9" testName="CodexBootstrap.Tests.NewsSourceTests.NewsSourcesConfig_Should_LoadAllSources" computerName="Seeker-Mac" duration="00:00:01.0231923" startTime="2025-09-22T05:30:13.3025490-06:00" endTime="2025-09-22T05:30:13.3025490-06:00" testType="13cdc9d9-ddb5-4fa4-a97d-d965ccfc6d4b" outcome="Passed" testListId="8c84fa94-04c1-424b-9868-57a2d4851a1d" relativeResultsDirectory="b40e7fa9-6022-43e1-860c-5e3e2e2ffdee" />
    <UnitTestResult executionId="50365235-064f-4cca-8da3-ad0256649761" testId="0f0b59f9-3161-1d3d-fc85-4e0ab616dec1" testName="CodexBootstrap.Tests.Modules.NewsModuleApiTests.GetTrendingTopics_ShouldReturnTopicsList" computerName="Seeker-Mac" duration="00:00:00.0534500" startTime="2025-09-22T05:29:52.2168270-06:00" endTime="2025-09-22T05:29:52.2168270-06:00" testType="13cdc9d9-ddb5-4fa4-a97d-d965ccfc6d4b" outcome="Passed" testListId="8c84fa94-04c1-424b-9868-57a2d4851a1d" relativeResultsDirectory="50365235-064f-4cca-8da3-ad0256649761" />
    <UnitTestResult executionId="60f4491b-b12a-44fc-94a7-9a7882b58ab4" testId="075a023e-ceab-b914-c2b0-73dc9a4930e6" testName="CodexBootstrap.Tests.SimpleIntegrationTests.HealthEndpoint_ShouldReturnHealthyStatus" computerName="Seeker-Mac" duration="00:00:00.0133632" startTime="2025-09-22T05:30:04.8779450-06:00" endTime="2025-09-22T05:30:04.8779450-06:00" testType="13cdc9d9-ddb5-4fa4-a97d-d965ccfc6d4b" outcome="Passed" testListId="8c84fa94-04c1-424b-9868-57a2d4851a1d" relativeResultsDirectory="60f4491b-b12a-44fc-94a7-9a7882b58ab4" />
    <UnitTestResult executionId="cd61efe2-3dd7-4928-8aa3-91b0f5b842c2" testId="9703efcc-6a13-36f7-cf46-5b1fef7db5be" testName="CodexBootstrap.Tests.Modules.ConceptModuleApiTests.CreateConceptLegacy_ShouldReturnSuccess_WhenValidRequest" computerName="Seeker-Mac" duration="00:00:00.0207016" startTime="2025-09-22T05:30:50.1544720-06:00" endTime="2025-09-22T05:30:50.1544720-06:00" testType="13cdc9d9-ddb5-4fa4-a97d-d965ccfc6d4b" outcome="Passed" testListId="8c84fa94-04c1-424b-9868-57a2d4851a1d" relativeResultsDirectory="cd61efe2-3dd7-4928-8aa3-91b0f5b842c2" />
    <UnitTestResult executionId="b42ee58b-9b67-482c-9452-a5d8ece2e5bf" testId="7873e7fc-d46d-3fb0-064c-39886ac6bd92" testName="CodexBootstrap.Tests.SimpleIntegrationTests.ModulesEndpoint_ShouldReturnModuleList" computerName="Seeker-Mac" duration="00:00:00.0034272" startTime="2025-09-22T05:30:04.8865950-06:00" endTime="2025-09-22T05:30:04.8865950-06:00" testType="13cdc9d9-ddb5-4fa4-a97d-d965ccfc6d4b" outcome="Passed" testListId="8c84fa94-04c1-424b-9868-57a2d4851a1d" relativeResultsDirectory="b42ee58b-9b67-482c-9452-a5d8ece2e5bf" />
    <UnitTestResult executionId="45b6bab1-4e1b-4c2e-a409-4839c7566da5" testId="ce4786bd-8689-0f1b-0de8-7d35fef968cd" testName="CodexBootstrap.Tests.ComprehensiveEndpointDiscovery.HealthEndpoint_ShouldReturnDetailedMetrics" computerName="Seeker-Mac" duration="00:00:00.0115246" startTime="2025-09-22T05:31:31.1876480-06:00" endTime="2025-09-22T05:31:31.1876480-06:00" testType="13cdc9d9-ddb5-4fa4-a97d-d965ccfc6d4b" outcome="Passed" testListId="8c84fa94-04c1-424b-9868-57a2d4851a1d" relativeResultsDirectory="45b6bab1-4e1b-4c2e-a409-4839c7566da5" />
    <UnitTestResult executionId="55724b1b-9e77-4e80-a368-520239687365" testId="335af7d3-af17-2a3e-11a6-c40d770283f6" testName="CodexBootstrap.Tests.IdentityTests.IdentityLogin_ShouldInitiateLoginFlow" computerName="Seeker-Mac" duration="00:00:00.0216699" startTime="2025-09-22T05:31:31.5104500-06:00" endTime="2025-09-22T05:31:31.5104500-06:00" testType="13cdc9d9-ddb5-4fa4-a97d-d965ccfc6d4b" outcome="Passed" testListId="8c84fa94-04c1-424b-9868-57a2d4851a1d" relativeResultsDirectory="55724b1b-9e77-4e80-a368-520239687365" />
    <UnitTestResult executionId="1c239b41-ed81-4d69-bba1-a46a1007487f" testId="fb0dc501-3b66-e027-61aa-7077b3c509b2" testName="CodexBootstrap.Tests.ApiIntegrationTests.GoogleOAuthLogin_ShouldInitiateLoginFlow" computerName="Seeker-Mac" duration="00:00:00.0017292" startTime="2025-09-22T05:30:25.6273080-06:00" endTime="2025-09-22T05:30:25.6273080-06:00" testType="13cdc9d9-ddb5-4fa4-a97d-d965ccfc6d4b" outcome="Passed" testListId="8c84fa94-04c1-424b-9868-57a2d4851a1d" relativeResultsDirectory="1c239b41-ed81-4d69-bba1-a46a1007487f" />
    <UnitTestResult executionId="d3c7aad9-f8d4-4584-abd7-715b68a9fac9" testId="90f3a3ce-3ea2-b8ab-e15a-d9c7a7f4a063" testName="CodexBootstrap.Tests.Modules.GalleryModuleTests.CreateGalleryItem_WithoutTitle_ReturnsError" computerName="Seeker-Mac" duration="00:00:00.0036651" startTime="2025-09-22T05:30:07.0679230-06:00" endTime="2025-09-22T05:30:07.0679230-06:00" testType="13cdc9d9-ddb5-4fa4-a97d-d965ccfc6d4b" outcome="Passed" testListId="8c84fa94-04c1-424b-9868-57a2d4851a1d" relativeResultsDirectory="d3c7aad9-f8d4-4584-abd7-715b68a9fac9" />
    <UnitTestResult executionId="5308d777-bb31-42ff-a09a-c3d405db35e2" testId="e7b9a5d9-b357-ccab-0080-bfd9de9e4252" testName="CodexBootstrap.Tests.Modules.AIModuleTests.Version_ShouldReturnCorrectVersion" computerName="Seeker-Mac" duration="00:00:00.0003306" startTime="2025-09-22T05:31:02.7458610-06:00" endTime="2025-09-22T05:31:02.7458610-06:00" testType="13cdc9d9-ddb5-4fa4-a97d-d965ccfc6d4b" outcome="Passed" testListId="8c84fa94-04c1-424b-9868-57a2d4851a1d" relativeResultsDirectory="5308d777-bb31-42ff-a09a-c3d405db35e2" />
    <UnitTestResult executionId="c9358fb5-1a3e-49d1-aa58-1ac3a1701453" testId="8256c5d2-edc2-214d-dcf5-e682bf42598b" testName="CodexBootstrap.Tests.Modules.FutureKnowledgeModuleTests.DiscoverPatterns_WithImplementation_ReturnsSuccess" computerName="Seeker-Mac" duration="00:00:00.0027927" startTime="2025-09-22T05:30:57.5866930-06:00" endTime="2025-09-22T05:30:57.5866930-06:00" testType="13cdc9d9-ddb5-4fa4-a97d-d965ccfc6d4b" outcome="Passed" testListId="8c84fa94-04c1-424b-9868-57a2d4851a1d" relativeResultsDirectory="c9358fb5-1a3e-49d1-aa58-1ac3a1701453" />
    <UnitTestResult executionId="8ccd6d3b-ff97-4317-9ec4-05f19a829553" testId="c901140a-8e9f-da3b-f7f8-502ef77600a4" testName="CodexBootstrap.Tests.Modules.IdentityModuleApiTests.GetIdentityProviders_ShouldRespondWithinAcceptableTime" computerName="Seeker-Mac" duration="00:00:00.0079615" startTime="2025-09-22T05:30:42.7378820-06:00" endTime="2025-09-22T05:30:42.7378820-06:00" testType="13cdc9d9-ddb5-4fa4-a97d-d965ccfc6d4b" outcome="Passed" testListId="8c84fa94-04c1-424b-9868-57a2d4851a1d" relativeResultsDirectory="8ccd6d3b-ff97-4317-9ec4-05f19a829553" />
    <UnitTestResult executionId="9708de57-7191-49d2-b3f7-2cbca75173dd" testId="0f184395-31a3-e4ac-1551-a332544da800" testName="CodexBootstrap.Tests.Modules.NoMockDataRegressionTests.GalleryModule_ListItems_WithoutMockData_ReturnsEmptyOrError" computerName="Seeker-Mac" duration="00:00:00.0059448" startTime="2025-09-22T05:31:11.0725500-06:00" endTime="2025-09-22T05:31:11.0725500-06:00" testType="13cdc9d9-ddb5-4fa4-a97d-d965ccfc6d4b" outcome="Passed" testListId="8c84fa94-04c1-424b-9868-57a2d4851a1d" relativeResultsDirectory="9708de57-7191-49d2-b3f7-2cbca75173dd" />
    <UnitTestResult executionId="ba9d68f4-5c80-4fc5-91ba-ca0ce155ef5f" testId="1c07a485-c5ef-f8ee-f55f-68f9eb497dae" testName="CodexBootstrap.Tests.Modules.IdentityModuleApiTests.Authenticate_ShouldReturnSuccess_WhenValidCredentials" computerName="Seeker-Mac" duration="00:00:00.0144770" startTime="2025-09-22T05:30:42.7525500-06:00" endTime="2025-09-22T05:30:42.7525510-06:00" testType="13cdc9d9-ddb5-4fa4-a97d-d965ccfc6d4b" outcome="Passed" testListId="8c84fa94-04c1-424b-9868-57a2d4851a1d" relativeResultsDirectory="ba9d68f4-5c80-4fc5-91ba-ca0ce155ef5f" />
    <UnitTestResult executionId="57ce5f63-477c-4535-ab35-70b03d9a2aec" testId="382f02cf-38c0-12b1-98d8-ae75885865e3" testName="CodexBootstrap.Tests.Core.NodePersistenceTests.ServerRestart_IceNodes_ShouldSurviveRestart" computerName="Seeker-Mac" duration="00:00:00.2158592" startTime="2025-09-22T05:31:25.2530130-06:00" endTime="2025-09-22T05:31:25.2530130-06:00" testType="13cdc9d9-ddb5-4fa4-a97d-d965ccfc6d4b" outcome="Passed" testListId="8c84fa94-04c1-424b-9868-57a2d4851a1d" relativeResultsDirectory="57ce5f63-477c-4535-ab35-70b03d9a2aec" />
    <UnitTestResult executionId="6848a7db-3f73-4742-a7fd-cc165bba14b8" testId="69414ab0-4cf7-f312-3c05-6a9aa0f642b2" testName="CodexBootstrap.Tests.Modules.FileSystemModuleTests.ModuleProperties_ShouldBeCorrect" computerName="Seeker-Mac" duration="00:00:00.0527308" startTime="2025-09-22T05:31:37.2783460-06:00" endTime="2025-09-22T05:31:37.2783460-06:00" testType="13cdc9d9-ddb5-4fa4-a97d-d965ccfc6d4b" outcome="Passed" testListId="8c84fa94-04c1-424b-9868-57a2d4851a1d" relativeResultsDirectory="6848a7db-3f73-4742-a7fd-cc165bba14b8" />
    <UnitTestResult executionId="27422a55-70e4-441e-8aaa-e02287a23c16" testId="e8d4d606-490f-c18b-b9f2-d71b9249e382" testName="CodexBootstrap.Tests.Modules.NoMockDataRegressionTests.ModuleEndpoints_WithInvalidData_ReturnCleanErrors(endpoint: &quot;/threads/create&quot;)" computerName="Seeker-Mac" duration="00:00:00.0021400" startTime="2025-09-22T05:31:11.0164510-06:00" endTime="2025-09-22T05:31:11.0164510-06:00" testType="13cdc9d9-ddb5-4fa4-a97d-d965ccfc6d4b" outcome="Passed" testListId="8c84fa94-04c1-424b-9868-57a2d4851a1d" relativeResultsDirectory="27422a55-70e4-441e-8aaa-e02287a23c16" />
    <UnitTestResult executionId="67303617-bfdd-4acf-b820-5c60b1735e5b" testId="3ca8c1be-9224-8a17-a7fa-c377dada5726" testName="CodexBootstrap.Tests.Modules.ThreadsModuleTests.CreateThread_WithoutTitle_ReturnsError" computerName="Seeker-Mac" duration="00:00:00.0021802" startTime="2025-09-22T05:29:59.7049060-06:00" endTime="2025-09-22T05:29:59.7049060-06:00" testType="13cdc9d9-ddb5-4fa4-a97d-d965ccfc6d4b" outcome="Passed" testListId="8c84fa94-04c1-424b-9868-57a2d4851a1d" relativeResultsDirectory="67303617-bfdd-4acf-b820-5c60b1735e5b" />
    <UnitTestResult executionId="99ea9447-29d5-4f77-b776-84cf2202a6c7" testId="aceb456b-29fd-0aae-6a6f-60147dd6581b" testName="CodexBootstrap.Tests.Modules.NewsModuleApiTests.GetTrendingTopics_ShouldHandleInvalidParameters" computerName="Seeker-Mac" duration="00:00:00.0042516" startTime="2025-09-22T05:29:52.2392660-06:00" endTime="2025-09-22T05:29:52.2392660-06:00" testType="13cdc9d9-ddb5-4fa4-a97d-d965ccfc6d4b" outcome="Passed" testListId="8c84fa94-04c1-424b-9868-57a2d4851a1d" relativeResultsDirectory="99ea9447-29d5-4f77-b776-84cf2202a6c7" />
    <UnitTestResult executionId="284596fa-ef43-4534-abca-f023d67e7a2c" testId="2577ff6c-ab5b-df66-2d86-248c489cf166" testName="CodexBootstrap.Tests.Modules.EnergyModuleApiTests.RecordContribution_ShouldReturnSuccess_WhenImplemented" computerName="Seeker-Mac" duration="00:00:00.0281378" startTime="2025-09-22T05:30:27.8881310-06:00" endTime="2025-09-22T05:30:27.8881310-06:00" testType="13cdc9d9-ddb5-4fa4-a97d-d965ccfc6d4b" outcome="Passed" testListId="8c84fa94-04c1-424b-9868-57a2d4851a1d" relativeResultsDirectory="284596fa-ef43-4534-abca-f023d67e7a2c" />
    <UnitTestResult executionId="510f73c6-50c6-4141-8276-997079f1a0f1" testId="7119bdd5-175e-ef34-2080-2f86d1730b51" testName="CodexBootstrap.Tests.IdentityTests.IdentityCallback_ShouldHandleMockAuthentication" computerName="Seeker-Mac" duration="00:00:00.1711489" startTime="2025-09-22T05:31:31.7657390-06:00" endTime="2025-09-22T05:31:31.7657390-06:00" testType="13cdc9d9-ddb5-4fa4-a97d-d965ccfc6d4b" outcome="Passed" testListId="8c84fa94-04c1-424b-9868-57a2d4851a1d" relativeResultsDirectory="510f73c6-50c6-4141-8276-997079f1a0f1" />
    <UnitTestResult executionId="33f2796b-fa3c-4cf5-baed-09510d0d84c7" testId="48f0b978-87f3-597c-b969-584d8c7f342b" testName="CodexBootstrap.Tests.Modules.NodeEdgeModuleApiTests.GetEdges_ShouldReturnEdgesList_WhenImplemented" computerName="Seeker-Mac" duration="00:00:00.0113728" startTime="2025-09-22T05:30:35.3404260-06:00" endTime="2025-09-22T05:30:35.3404260-06:00" testType="13cdc9d9-ddb5-4fa4-a97d-d965ccfc6d4b" outcome="Passed" testListId="8c84fa94-04c1-424b-9868-57a2d4851a1d" relativeResultsDirectory="33f2796b-fa3c-4cf5-baed-09510d0d84c7" />
    <UnitTestResult executionId="dfe8f446-a460-40f5-b0f6-b10bac6c7ca3" testId="bb61d7e3-a613-b2b8-0303-181e7a73d65b" testName="CodexBootstrap.Tests.HealthTests.HealthCheck_ShouldReturnValidJson" computerName="Seeker-Mac" duration="00:00:00.0143827" startTime="2025-09-22T05:31:31.2084870-06:00" endTime="2025-09-22T05:31:31.2084870-06:00" testType="13cdc9d9-ddb5-4fa4-a97d-d965ccfc6d4b" outcome="Passed" testListId="8c84fa94-04c1-424b-9868-57a2d4851a1d" relativeResultsDirectory="dfe8f446-a460-40f5-b0f6-b10bac6c7ca3" />
    <UnitTestResult executionId="2af1c8dc-22a2-4f5b-8b8d-5d368de49269" testId="b8e86a2f-674f-f277-a8e3-1c4f7274634d" testName="CodexBootstrap.Tests.Modules.FutureKnowledgeModuleTests.GeneratePrediction_WithNonExistentPattern_ReturnsError" computerName="Seeker-Mac" duration="00:00:00.0022177" startTime="2025-09-22T05:30:57.5838660-06:00" endTime="2025-09-22T05:30:57.5838660-06:00" testType="13cdc9d9-ddb5-4fa4-a97d-d965ccfc6d4b" outcome="Passed" testListId="8c84fa94-04c1-424b-9868-57a2d4851a1d" relativeResultsDirectory="2af1c8dc-22a2-4f5b-8b8d-5d368de49269" />
    <UnitTestResult executionId="99a4e509-1839-4e19-9273-b54c89911499" testId="17c4bd2f-c5b7-cf83-b33d-828d0fc854b8" testName="CodexBootstrap.Tests.Modules.ThreadsModuleTests.ListThreads_WithoutMockData_ReturnsEmptyList" computerName="Seeker-Mac" duration="00:00:00.0027027" startTime="2025-09-22T05:29:59.7114420-06:00" endTime="2025-09-22T05:29:59.7114420-06:00" testType="13cdc9d9-ddb5-4fa4-a97d-d965ccfc6d4b" outcome="Passed" testListId="8c84fa94-04c1-424b-9868-57a2d4851a1d" relativeResultsDirectory="99a4e509-1839-4e19-9273-b54c89911499" />
    <UnitTestResult executionId="f00a1095-e0b8-427f-8b26-7fad2de3142d" testId="d42ce1cc-fe07-766d-01d9-4d3235eb06da" testName="CodexBootstrap.Tests.Core.NodeRegistryTests.Upsert_NodeStateTransitionUpdatesMemoryAndPersistence" computerName="Seeker-Mac" duration="00:00:00.0287128" startTime="2025-09-22T05:31:37.1645390-06:00" endTime="2025-09-22T05:31:37.1645390-06:00" testType="13cdc9d9-ddb5-4fa4-a97d-d965ccfc6d4b" outcome="Passed" testListId="8c84fa94-04c1-424b-9868-57a2d4851a1d" relativeResultsDirectory="f00a1095-e0b8-427f-8b26-7fad2de3142d" />
    <UnitTestResult executionId="b0c9244b-0afe-474a-8156-9a6f858e3057" testId="b16e5439-5de2-497d-5713-ea1d44c4819a" testName="CodexBootstrap.Tests.Core.LLMOrchestratorTests.Constructor_ShouldInitializeCorrectly" computerName="Seeker-Mac" duration="00:00:00.0000347" startTime="2025-09-22T05:30:25.5395980-06:00" endTime="2025-09-22T05:30:25.5395980-06:00" testType="13cdc9d9-ddb5-4fa4-a97d-d965ccfc6d4b" outcome="Passed" testListId="8c84fa94-04c1-424b-9868-57a2d4851a1d" relativeResultsDirectory="b0c9244b-0afe-474a-8156-9a6f858e3057" />
    <UnitTestResult executionId="a57c4c36-38da-45ec-ad63-94cab7962918" testId="2b5053f9-f02a-344a-cea0-eb8a5823c6c3" testName="CodexBootstrap.Tests.ApiEndpointTests.Health_ShouldReturnHealthyStatus" computerName="Seeker-Mac" duration="00:00:00.0120798" startTime="2025-09-22T05:31:31.1321990-06:00" endTime="2025-09-22T05:31:31.1321990-06:00" testType="13cdc9d9-ddb5-4fa4-a97d-d965ccfc6d4b" outcome="Passed" testListId="8c84fa94-04c1-424b-9868-57a2d4851a1d" relativeResultsDirectory="a57c4c36-38da-45ec-ad63-94cab7962918" />
    <UnitTestResult executionId="6d5ab80e-3dac-4888-b56e-8712c51ff25a" testId="9f121c41-56cf-362b-92e5-cf6e1918417e" testName="CodexBootstrap.Tests.Modules.AIModuleTests.Name_ShouldReturnCorrectName" computerName="Seeker-Mac" duration="00:00:00.0001655" startTime="2025-09-22T05:31:02.7467790-06:00" endTime="2025-09-22T05:31:02.7467790-06:00" testType="13cdc9d9-ddb5-4fa4-a97d-d965ccfc6d4b" outcome="Passed" testListId="8c84fa94-04c1-424b-9868-57a2d4851a1d" relativeResultsDirectory="6d5ab80e-3dac-4888-b56e-8712c51ff25a" />
    <UnitTestResult executionId="6dc652c0-3aed-470b-adb3-1ed09ceaef31" testId="19691bde-a850-be64-1937-e776a14dda46" testName="CodexBootstrap.Tests.Modules.NodeEdgeModuleApiTests.GetEdge_ShouldReturnNotFound_WhenNotImplemented" computerName="Seeker-Mac" duration="00:00:00.0021004" startTime="2025-09-22T05:30:35.3475600-06:00" endTime="2025-09-22T05:30:35.3475610-06:00" testType="13cdc9d9-ddb5-4fa4-a97d-d965ccfc6d4b" outcome="Passed" testListId="8c84fa94-04c1-424b-9868-57a2d4851a1d" relativeResultsDirectory="6dc652c0-3aed-470b-adb3-1ed09ceaef31" />
    <UnitTestResult executionId="4f55afe1-c8bd-423d-8786-57b15c957e3e" testId="9398df0f-b7e2-21ef-6751-b96144b08a9b" testName="CodexBootstrap.Tests.Modules.ConceptModuleApiTests.GetConcept_ShouldReturnNotFound_WhenConceptDoesNotExist" computerName="Seeker-Mac" duration="00:00:00.0106914" startTime="2025-09-22T05:30:50.2228770-06:00" endTime="2025-09-22T05:30:50.2228770-06:00" testType="13cdc9d9-ddb5-4fa4-a97d-d965ccfc6d4b" outcome="Passed" testListId="8c84fa94-04c1-424b-9868-57a2d4851a1d" relativeResultsDirectory="4f55afe1-c8bd-423d-8786-57b15c957e3e" />
    <UnitTestResult executionId="5f938851-daa4-4650-9acf-fcf8c6f4ec5b" testId="8825c2ca-e48a-f1b9-4ae4-5d782ac55816" testName="CodexBootstrap.Tests.Modules.ConceptModuleApiTests.UpdateConcept_ShouldReturnNotFound_WhenConceptDoesNotExist" computerName="Seeker-Mac" duration="00:00:00.0112177" startTime="2025-09-22T05:30:50.2077300-06:00" endTime="2025-09-22T05:30:50.2077300-06:00" testType="13cdc9d9-ddb5-4fa4-a97d-d965ccfc6d4b" outcome="Passed" testListId="8c84fa94-04c1-424b-9868-57a2d4851a1d" relativeResultsDirectory="5f938851-daa4-4650-9acf-fcf8c6f4ec5b" />
    <UnitTestResult executionId="f3982719-a823-4450-8588-78705d62e629" testId="be0201d4-f64f-23ff-9843-409cbb744734" testName="CodexBootstrap.Tests.NewsSourceTests.NewsSourceCategories_Should_CoverAllDomains" computerName="Seeker-Mac" duration="00:00:01.0077129" startTime="2025-09-22T05:30:14.3283190-06:00" endTime="2025-09-22T05:30:14.3283190-06:00" testType="13cdc9d9-ddb5-4fa4-a97d-d965ccfc6d4b" outcome="Passed" testListId="8c84fa94-04c1-424b-9868-57a2d4851a1d" relativeResultsDirectory="f3982719-a823-4450-8588-78705d62e629" />
    <UnitTestResult executionId="c3740ba5-482f-4f7e-96a7-f8475d91cd61" testId="7e413d25-15e9-ae82-c3ad-0fea9e290606" testName="CodexBootstrap.Tests.Modules.NoMockDataRegressionTests.FutureKnowledge_RetrieveFutureKnowledge_WithRealImplementation_ReturnsSuccess" computerName="Seeker-Mac" duration="00:00:00.0324205" startTime="2025-09-22T05:31:11.0649470-06:00" endTime="2025-09-22T05:31:11.0649470-06:00" testType="13cdc9d9-ddb5-4fa4-a97d-d965ccfc6d4b" outcome="Passed" testListId="8c84fa94-04c1-424b-9868-57a2d4851a1d" relativeResultsDirectory="c3740ba5-482f-4f7e-96a7-f8475d91cd61" />
    <UnitTestResult executionId="ebf71f17-22fc-40b0-af75-c3a6a043704a" testId="d34512b0-24c2-85cf-1218-fa33c4d381bf" testName="CodexBootstrap.Tests.Modules.NoMockDataRegressionTests.ModuleEndpoints_WithInvalidData_ReturnCleanErrors(endpoint: &quot;/ux-primitives/invite&quot;)" computerName="Seeker-Mac" duration="00:00:00.0006688" startTime="2025-09-22T05:31:11.0028180-06:00" endTime="2025-09-22T05:31:11.0028180-06:00" testType="13cdc9d9-ddb5-4fa4-a97d-d965ccfc6d4b" outcome="Passed" testListId="8c84fa94-04c1-424b-9868-57a2d4851a1d" relativeResultsDirectory="ebf71f17-22fc-40b0-af75-c3a6a043704a" />
    <UnitTestResult executionId="b63a0a32-1552-4651-9b03-fadc3f2406b9" testId="71f08f4d-d319-720b-3b50-8197a3660ed2" testName="CodexBootstrap.Tests.UCoreOntologyTests.QuantumDimensionsAxis_Node_Should_Exist" computerName="Seeker-Mac" duration="00:00:00.0064995" startTime="2025-09-22T05:30:12.2556420-06:00" endTime="2025-09-22T05:30:12.2556420-06:00" testType="13cdc9d9-ddb5-4fa4-a97d-d965ccfc6d4b" outcome="Passed" testListId="8c84fa94-04c1-424b-9868-57a2d4851a1d" relativeResultsDirectory="b63a0a32-1552-4651-9b03-fadc3f2406b9" />
    <UnitTestResult executionId="ce7f881c-ccd3-44ca-a1b4-790a9e93b05f" testId="d54e53b6-4b26-6bd1-09f9-f73b753baeb3" testName="CodexBootstrap.Tests.ComprehensiveEndpointDiscovery.ModulesEndpoint_ShouldReturnStructuredData" computerName="Seeker-Mac" duration="00:00:00.0041909" startTime="2025-09-22T05:31:31.1919800-06:00" endTime="2025-09-22T05:31:31.1919800-06:00" testType="13cdc9d9-ddb5-4fa4-a97d-d965ccfc6d4b" outcome="Passed" testListId="8c84fa94-04c1-424b-9868-57a2d4851a1d" relativeResultsDirectory="ce7f881c-ccd3-44ca-a1b4-790a9e93b05f" />
    <UnitTestResult executionId="72d06eab-07bf-4a77-9d0d-933dfc7b84af" testId="4bd130c7-f504-8b12-ce2a-87666fadd50e" testName="CodexBootstrap.Tests.Modules.NodeEdgeModuleApiTests.GetNodes_ShouldRespondWithinAcceptableTime" computerName="Seeker-Mac" duration="00:00:00.0035303" startTime="2025-09-22T05:30:35.3288360-06:00" endTime="2025-09-22T05:30:35.3288360-06:00" testType="13cdc9d9-ddb5-4fa4-a97d-d965ccfc6d4b" outcome="Passed" testListId="8c84fa94-04c1-424b-9868-57a2d4851a1d" relativeResultsDirectory="72d06eab-07bf-4a77-9d0d-933dfc7b84af" />
    <UnitTestResult executionId="a38ef622-3e74-4c45-848a-e2161cf4ef35" testId="0bbc52b8-9211-5e92-e7eb-f98e00a8add3" testName="CodexBootstrap.Tests.Core.NodeRegistryTests.InitializeAsync_HydratesNodesFromPersistentStorage" computerName="Seeker-Mac" duration="00:00:00.0019215" startTime="2025-09-22T05:31:37.1672600-06:00" endTime="2025-09-22T05:31:37.1672600-06:00" testType="13cdc9d9-ddb5-4fa4-a97d-d965ccfc6d4b" outcome="Passed" testListId="8c84fa94-04c1-424b-9868-57a2d4851a1d" relativeResultsDirectory="a38ef622-3e74-4c45-848a-e2161cf4ef35" />
    <UnitTestResult executionId="76064c9d-4774-4292-b1c8-41a63f47258a" testId="8aaeb942-4618-a8e4-c6b1-266d34c97e41" testName="CodexBootstrap.Tests.Modules.EnergyModuleApiTests.RecordContribution_ShouldReturnBadRequest_WhenRequestInvalid_WhenImplemented" computerName="Seeker-Mac" duration="00:00:00.0028257" startTime="2025-09-22T05:30:27.8911320-06:00" endTime="2025-09-22T05:30:27.8911320-06:00" testType="13cdc9d9-ddb5-4fa4-a97d-d965ccfc6d4b" outcome="Passed" testListId="8c84fa94-04c1-424b-9868-57a2d4851a1d" relativeResultsDirectory="76064c9d-4774-4292-b1c8-41a63f47258a" />
    <UnitTestResult executionId="7b0aa61c-3b16-4db2-86b2-9a153e101300" testId="c1296972-c12d-1979-50fb-ef6e48530532" testName="CodexBootstrap.Tests.Core.LLMOrchestratorTests.ExecuteAsync_WithUnavailableService_ShouldReturnFallback" computerName="Seeker-Mac" duration="00:00:00.0031392" startTime="2025-09-22T05:30:25.5385850-06:00" endTime="2025-09-22T05:30:25.5385850-06:00" testType="13cdc9d9-ddb5-4fa4-a97d-d965ccfc6d4b" outcome="Passed" testListId="8c84fa94-04c1-424b-9868-57a2d4851a1d" relativeResultsDirectory="7b0aa61c-3b16-4db2-86b2-9a153e101300" />
    <UnitTestResult executionId="aaf8ac24-012a-4040-b835-60993a7f7d25" testId="f3484da0-8315-cdca-e737-98c55468fb4e" testName="CodexBootstrap.Tests.Integration.ApiIntegrationTests.RootEndpoint_ShouldReturnResponse" computerName="Seeker-Mac" duration="00:00:00.0011630" startTime="2025-09-22T05:31:31.9805340-06:00" endTime="2025-09-22T05:31:31.9805340-06:00" testType="13cdc9d9-ddb5-4fa4-a97d-d965ccfc6d4b" outcome="Passed" testListId="8c84fa94-04c1-424b-9868-57a2d4851a1d" relativeResultsDirectory="aaf8ac24-012a-4040-b835-60993a7f7d25" />
    <UnitTestResult executionId="4f5d2ae2-da3d-4bbb-9b34-94dd7a52848f" testId="e568615c-3c9c-33c8-6eac-74638b778c06" testName="CodexBootstrap.Tests.Modules.FileSystemModuleTests.GetAllFileNodes_WithFileTypeFilter_ReturnsFilteredResults" computerName="Seeker-Mac" duration="00:00:00.0522481" startTime="2025-09-22T05:31:37.4305330-06:00" endTime="2025-09-22T05:31:37.4305330-06:00" testType="13cdc9d9-ddb5-4fa4-a97d-d965ccfc6d4b" outcome="Passed" testListId="8c84fa94-04c1-424b-9868-57a2d4851a1d" relativeResultsDirectory="4f5d2ae2-da3d-4bbb-9b34-94dd7a52848f" />
    <UnitTestResult executionId="693e90dc-40f7-49b7-a553-5872ca1bf0db" testId="80dd12df-b2d2-e332-3474-ef692b090e79" testName="CodexBootstrap.Tests.Core.StateTransitionTests.Edge_BetweenTwoWaterNodes_ShouldPersistInWaterStorage" computerName="Seeker-Mac" duration="00:00:00.2138643" startTime="2025-09-22T05:29:49.5115800-06:00" endTime="2025-09-22T05:29:49.5115800-06:00" testType="13cdc9d9-ddb5-4fa4-a97d-d965ccfc6d4b" outcome="Passed" testListId="8c84fa94-04c1-424b-9868-57a2d4851a1d" relativeResultsDirectory="693e90dc-40f7-49b7-a553-5872ca1bf0db" />
    <UnitTestResult executionId="08c339c2-32c8-4bef-9bd0-c3557c796bb4" testId="410a93d4-5a0d-cd14-1966-c13e3bca40a5" testName="CodexBootstrap.Tests.Core.NodeRegistryTests.GetNodesByType_ShouldReturnNodesOfSpecificType" computerName="Seeker-Mac" duration="00:00:00.0004608" startTime="2025-09-22T05:31:37.1346390-06:00" endTime="2025-09-22T05:31:37.1346390-06:00" testType="13cdc9d9-ddb5-4fa4-a97d-d965ccfc6d4b" outcome="Passed" testListId="8c84fa94-04c1-424b-9868-57a2d4851a1d" relativeResultsDirectory="08c339c2-32c8-4bef-9bd0-c3557c796bb4" />
    <UnitTestResult executionId="4979eeb7-9df6-4803-b6bd-9a6be7bc9546" testId="6d1325fe-8024-7798-813c-49d49c7502db" testName="CodexBootstrap.Tests.Modules.FileSystemModuleTests.DeleteFile_WithValidNode_MovesToBackupAndMarksDeleted" computerName="Seeker-Mac" duration="00:00:00.0538869" startTime="2025-09-22T05:31:37.5334200-06:00" endTime="2025-09-22T05:31:37.5334200-06:00" testType="13cdc9d9-ddb5-4fa4-a97d-d965ccfc6d4b" outcome="Passed" testListId="8c84fa94-04c1-424b-9868-57a2d4851a1d" relativeResultsDirectory="4979eeb7-9df6-4803-b6bd-9a6be7bc9546" />
    <UnitTestResult executionId="b93c394b-37bf-4c0e-8b45-904e170af835" testId="acc7a2a6-5b6f-24ca-1251-941601005cf3" testName="CodexBootstrap.Tests.Modules.VisualValidationModuleTests.RenderComponentToImage_ShouldStoreNodeAndReturnSuccess" computerName="Seeker-Mac" duration="00:00:03.0317245" startTime="2025-09-22T05:31:05.7811180-06:00" endTime="2025-09-22T05:31:05.7811180-06:00" testType="13cdc9d9-ddb5-4fa4-a97d-d965ccfc6d4b" outcome="Passed" testListId="8c84fa94-04c1-424b-9868-57a2d4851a1d" relativeResultsDirectory="b93c394b-37bf-4c0e-8b45-904e170af835" />
    <UnitTestResult executionId="6949de26-c193-495d-8e28-e786c1076611" testId="44690745-9c88-3bf3-0c2f-a725a9065892" testName="CodexBootstrap.Tests.Modules.AIModuleTests.Register_ShouldRegisterModuleWithRegistry" computerName="Seeker-Mac" duration="00:00:00.0019895" startTime="2025-09-22T05:31:02.7488060-06:00" endTime="2025-09-22T05:31:02.7488060-06:00" testType="13cdc9d9-ddb5-4fa4-a97d-d965ccfc6d4b" outcome="Passed" testListId="8c84fa94-04c1-424b-9868-57a2d4851a1d" relativeResultsDirectory="6949de26-c193-495d-8e28-e786c1076611" />
    <UnitTestResult executionId="f2c03379-43ef-4ab8-b0f9-6e32b1e455de" testId="0533f3e6-8f2d-57bf-a884-bf63325bfb90" testName="CodexBootstrap.Tests.UCoreOntologyTests.UCoreInitializer_Should_LoadAllBaseUCoreConcepts" computerName="Seeker-Mac" duration="00:00:00.0048857" startTime="2025-09-22T05:30:12.2786580-06:00" endTime="2025-09-22T05:30:12.2786580-06:00" testType="13cdc9d9-ddb5-4fa4-a97d-d965ccfc6d4b" outcome="Passed" testListId="8c84fa94-04c1-424b-9868-57a2d4851a1d" relativeResultsDirectory="f2c03379-43ef-4ab8-b0f9-6e32b1e455de" />
    <UnitTestResult executionId="921a88ae-06c1-49fa-ac6b-9e7bf3926ccd" testId="441903f8-b742-d387-3227-bca90d5fdf20" testName="CodexBootstrap.Tests.Integration.ApiIntegrationTests.SwaggerEndpoint_ShouldReturnSwaggerDocumentation" computerName="Seeker-Mac" duration="00:00:00.0014767" startTime="2025-09-22T05:31:31.9648060-06:00" endTime="2025-09-22T05:31:31.9648060-06:00" testType="13cdc9d9-ddb5-4fa4-a97d-d965ccfc6d4b" outcome="Passed" testListId="8c84fa94-04c1-424b-9868-57a2d4851a1d" relativeResultsDirectory="921a88ae-06c1-49fa-ac6b-9e7bf3926ccd" />
    <UnitTestResult executionId="946b4815-bbf5-4dbe-96a1-bbd8696b2e11" testId="1166eab5-8ec3-1343-8265-62eea03d0889" testName="CodexBootstrap.Tests.UCoreOntologyTests.UCoreInitializer_Should_LoadRelationshipTypes" computerName="Seeker-Mac" duration="00:00:00.0041701" startTime="2025-09-22T05:30:12.2699750-06:00" endTime="2025-09-22T05:30:12.2699750-06:00" testType="13cdc9d9-ddb5-4fa4-a97d-d965ccfc6d4b" outcome="Passed" testListId="8c84fa94-04c1-424b-9868-57a2d4851a1d" relativeResultsDirectory="946b4815-bbf5-4dbe-96a1-bbd8696b2e11" />
    <UnitTestResult executionId="260c7cbb-fff7-441b-a892-df4a1d2357e3" testId="4c4f9506-e0d0-a7af-bb2f-e96606d3bbf1" testName="CodexBootstrap.Tests.Modules.IdentityModuleApiTests.GetIdentityProviders_ShouldIncludeMockProvider" computerName="Seeker-Mac" duration="00:00:00.0038386" startTime="2025-09-22T05:30:42.7565690-06:00" endTime="2025-09-22T05:30:42.7565690-06:00" testType="13cdc9d9-ddb5-4fa4-a97d-d965ccfc6d4b" outcome="Passed" testListId="8c84fa94-04c1-424b-9868-57a2d4851a1d" relativeResultsDirectory="260c7cbb-fff7-441b-a892-df4a1d2357e3" />
    <UnitTestResult executionId="c11cbdea-cbec-4368-9553-9ea0572dbc95" testId="2ad5cdb4-5093-99b8-7b30-cd507fc4fbf2" testName="CodexBootstrap.Tests.Modules.FutureKnowledgeModuleTests.RetrieveFutureKnowledge_WithImplementation_ReturnsSuccess" computerName="Seeker-Mac" duration="00:00:00.0061951" startTime="2025-09-22T05:30:57.5759920-06:00" endTime="2025-09-22T05:30:57.5759930-06:00" testType="13cdc9d9-ddb5-4fa4-a97d-d965ccfc6d4b" outcome="Passed" testListId="8c84fa94-04c1-424b-9868-57a2d4851a1d" relativeResultsDirectory="c11cbdea-cbec-4368-9553-9ea0572dbc95" />
    <UnitTestResult executionId="2024c50d-6d29-42f2-ad66-677215661569" testId="3b5b492a-a447-2aad-e146-fe2b0287447c" testName="CodexBootstrap.Tests.Modules.FutureKnowledgeModuleTests.ApplyFutureKnowledge_WithNonExistentKnowledge_ReturnsError" computerName="Seeker-Mac" duration="00:00:00.0019882" startTime="2025-09-22T05:30:57.5906640-06:00" endTime="2025-09-22T05:30:57.5906640-06:00" testType="13cdc9d9-ddb5-4fa4-a97d-d965ccfc6d4b" outcome="Passed" testListId="8c84fa94-04c1-424b-9868-57a2d4851a1d" relativeResultsDirectory="2024c50d-6d29-42f2-ad66-677215661569" />
    <UnitTestResult executionId="1e04646c-74e4-4e1c-b4e3-0207258de2ee" testId="ef5b8d9e-795c-054a-92ba-fd2f4509fbbb" testName="CodexBootstrap.Tests.Core.NodePersistenceTests.NodeStateTransition_Ice_ShouldPersistInIceStorage" computerName="Seeker-Mac" duration="00:00:00.1059539" startTime="2025-09-22T05:31:27.2993650-06:00" endTime="2025-09-22T05:31:27.2993660-06:00" testType="13cdc9d9-ddb5-4fa4-a97d-d965ccfc6d4b" outcome="Passed" testListId="8c84fa94-04c1-424b-9868-57a2d4851a1d" relativeResultsDirectory="1e04646c-74e4-4e1c-b4e3-0207258de2ee" />
    <UnitTestResult executionId="194d14ff-0c49-400e-b7c6-d8444c670e71" testId="137a3de0-5389-0354-9257-83888fc326aa" testName="CodexBootstrap.Tests.Integration.ApiIntegrationTests.HealthEndpoint_ShouldReturnHealthyStatus" computerName="Seeker-Mac" duration="00:00:00.0128469" startTime="2025-09-22T05:31:31.9778670-06:00" endTime="2025-09-22T05:31:31.9778670-06:00" testType="13cdc9d9-ddb5-4fa4-a97d-d965ccfc6d4b" outcome="Passed" testListId="8c84fa94-04c1-424b-9868-57a2d4851a1d" relativeResultsDirectory="194d14ff-0c49-400e-b7c6-d8444c670e71" />
    <UnitTestResult executionId="f435879d-a784-4f78-a313-a7f18e2ab96f" testId="c4827e09-d08d-46ae-e11d-0d4589191c8f" testName="CodexBootstrap.Tests.ApiIntegrationTests.UserDiscovery_ShouldReturnUsers" computerName="Seeker-Mac" duration="00:00:00.0022556" startTime="2025-09-22T05:30:25.6234330-06:00" endTime="2025-09-22T05:30:25.6234330-06:00" testType="13cdc9d9-ddb5-4fa4-a97d-d965ccfc6d4b" outcome="Passed" testListId="8c84fa94-04c1-424b-9868-57a2d4851a1d" relativeResultsDirectory="f435879d-a784-4f78-a313-a7f18e2ab96f" />
    <UnitTestResult executionId="05d8f78e-d31c-4d03-ad44-051f59e869ca" testId="4490693e-5b5f-60f8-a352-34ba943e1d62" testName="CodexBootstrap.Tests.Core.StateTransitionTests.Edge_BetweenWaterAndGasNodes_ShouldNotPersist" computerName="Seeker-Mac" duration="00:00:00.2076412" startTime="2025-09-22T05:29:48.1409080-06:00" endTime="2025-09-22T05:29:48.1409080-06:00" testType="13cdc9d9-ddb5-4fa4-a97d-d965ccfc6d4b" outcome="Passed" testListId="8c84fa94-04c1-424b-9868-57a2d4851a1d" relativeResultsDirectory="05d8f78e-d31c-4d03-ad44-051f59e869ca" />
    <UnitTestResult executionId="55afa617-59e1-4950-ac42-8437e71137ae" testId="c353011d-9e94-c67d-e6eb-396de9239c5d" testName="CodexBootstrap.Tests.Core.LLMOrchestratorTests.ExecuteParallelAsync_WithMultipleOperations_ShouldExecuteAll" computerName="Seeker-Mac" duration="00:00:00.0001882" startTime="2025-09-22T05:30:25.5393500-06:00" endTime="2025-09-22T05:30:25.5393500-06:00" testType="13cdc9d9-ddb5-4fa4-a97d-d965ccfc6d4b" outcome="Passed" testListId="8c84fa94-04c1-424b-9868-57a2d4851a1d" relativeResultsDirectory="55afa617-59e1-4950-ac42-8437e71137ae" />
    <UnitTestResult executionId="b46d65e5-4be1-47d9-877b-510bdfce4399" testId="fac53d0a-a8d0-7e01-0000-597c45ffcfe4" testName="CodexBootstrap.Tests.Modules.GalleryModuleTests.CreateGalleryItem_WithValidData_CreatesSuccessfully" computerName="Seeker-Mac" duration="00:00:00.0046414" startTime="2025-09-22T05:30:07.0814690-06:00" endTime="2025-09-22T05:30:07.0814690-06:00" testType="13cdc9d9-ddb5-4fa4-a97d-d965ccfc6d4b" outcome="Passed" testListId="8c84fa94-04c1-424b-9868-57a2d4851a1d" relativeResultsDirectory="b46d65e5-4be1-47d9-877b-510bdfce4399" />
    <UnitTestResult executionId="f5de9bd1-ec12-4743-8758-d417c7674eea" testId="5f8249b6-8a38-f488-9401-fb030ff393d5" testName="CodexBootstrap.Tests.Modules.EnergyModuleApiTests.GetContributorEnergy_ShouldReturnSuccess_WhenImplemented" computerName="Seeker-Mac" duration="00:00:00.0015442" startTime="2025-09-22T05:30:27.8928360-06:00" endTime="2025-09-22T05:30:27.8928360-06:00" testType="13cdc9d9-ddb5-4fa4-a97d-d965ccfc6d4b" outcome="Passed" testListId="8c84fa94-04c1-424b-9868-57a2d4851a1d" relativeResultsDirectory="f5de9bd1-ec12-4743-8758-d417c7674eea" />
    <UnitTestResult executionId="c4d1c509-968b-46ed-ab09-9280dcb6f15f" testId="0e83f6d2-f0e7-2e47-ad7b-fd57feab6720" testName="CodexBootstrap.Tests.Modules.IdentityModuleApiTests.GoogleLogin_ShouldReturnRedirect_WhenProviderAvailable" computerName="Seeker-Mac" duration="00:00:00.0026575" startTime="2025-09-22T05:30:42.7672690-06:00" endTime="2025-09-22T05:30:42.7672690-06:00" testType="13cdc9d9-ddb5-4fa4-a97d-d965ccfc6d4b" outcome="Passed" testListId="8c84fa94-04c1-424b-9868-57a2d4851a1d" relativeResultsDirectory="c4d1c509-968b-46ed-ab09-9280dcb6f15f" />
    <UnitTestResult executionId="b2b46aaf-b3fc-473b-bc73-de15f1202213" testId="7d68e180-4522-1c63-e2b7-817dd0b2a6e5" testName="CodexBootstrap.Tests.Modules.NewsModuleApiTests.GetTrendingTopics_ShouldAcceptHoursBackParameter" computerName="Seeker-Mac" duration="00:00:00.0074674" startTime="2025-09-22T05:29:52.3065910-06:00" endTime="2025-09-22T05:29:52.3065910-06:00" testType="13cdc9d9-ddb5-4fa4-a97d-d965ccfc6d4b" outcome="Passed" testListId="8c84fa94-04c1-424b-9868-57a2d4851a1d" relativeResultsDirectory="b2b46aaf-b3fc-473b-bc73-de15f1202213" />
    <UnitTestResult executionId="0c56a850-e9cd-458d-a007-a2055b70ccef" testId="0cb16ae0-9e92-a316-9f63-de35f31e5f39" testName="CodexBootstrap.Tests.Modules.ThreadsModuleTests.ModuleNode_HasCorrectProperties" computerName="Seeker-Mac" duration="00:00:00.0058708" startTime="2025-09-22T05:29:59.7173810-06:00" endTime="2025-09-22T05:29:59.7173810-06:00" testType="13cdc9d9-ddb5-4fa4-a97d-d965ccfc6d4b" outcome="Passed" testListId="8c84fa94-04c1-424b-9868-57a2d4851a1d" relativeResultsDirectory="0c56a850-e9cd-458d-a007-a2055b70ccef" />
    <UnitTestResult executionId="483d65c8-172f-4432-8d81-f84c58fb07c0" testId="4eb589ee-9d4d-03f8-74f4-3090e3f3a730" testName="CodexBootstrap.Tests.Modules.ThreadsModuleTests.CreateThread_WithValidData_CreatesSuccessfully" computerName="Seeker-Mac" duration="00:00:00.0031307" startTime="2025-09-22T05:29:59.7205700-06:00" endTime="2025-09-22T05:29:59.7205700-06:00" testType="13cdc9d9-ddb5-4fa4-a97d-d965ccfc6d4b" outcome="Passed" testListId="8c84fa94-04c1-424b-9868-57a2d4851a1d" relativeResultsDirectory="483d65c8-172f-4432-8d81-f84c58fb07c0" />
    <UnitTestResult executionId="d6b75ba9-494b-477a-9eae-d73859198743" testId="0be5b3d7-ad47-a6e7-2e5c-4e8c709b4254" testName="CodexBootstrap.Tests.Modules.NewsModuleApiTests.GetTrendingTopics_ShouldHandleConcurrentRequests" computerName="Seeker-Mac" duration="00:00:00.0064901" startTime="2025-09-22T05:29:52.2459770-06:00" endTime="2025-09-22T05:29:52.2459770-06:00" testType="13cdc9d9-ddb5-4fa4-a97d-d965ccfc6d4b" outcome="Passed" testListId="8c84fa94-04c1-424b-9868-57a2d4851a1d" relativeResultsDirectory="d6b75ba9-494b-477a-9eae-d73859198743" />
    <UnitTestResult executionId="4addf47e-b56b-4470-8d9a-771c8b09a66c" testId="419a8404-3052-a939-642f-9bc8d54507ed" testName="CodexBootstrap.Tests.Modules.EnergyModuleApiTests.GetCollectiveEnergy_ShouldRespondWithinAcceptableTime_WhenImplemented" computerName="Seeker-Mac" duration="00:00:00.0017747" startTime="2025-09-22T05:30:27.8432980-06:00" endTime="2025-09-22T05:30:27.8432980-06:00" testType="13cdc9d9-ddb5-4fa4-a97d-d965ccfc6d4b" outcome="Passed" testListId="8c84fa94-04c1-424b-9868-57a2d4851a1d" relativeResultsDirectory="4addf47e-b56b-4470-8d9a-771c8b09a66c" />
    <UnitTestResult executionId="0eb52cd6-71f4-4e23-8826-ccb48ef8cc4c" testId="a5fef099-ba7b-ffee-c1d2-cd74a2ae92e6" testName="CodexBootstrap.Tests.IdentityTests.MockIdentityProvider_ShouldHandleCallback" computerName="Seeker-Mac" duration="00:00:00.1779678" startTime="2025-09-22T05:31:31.4313090-06:00" endTime="2025-09-22T05:31:31.4313090-06:00" testType="13cdc9d9-ddb5-4fa4-a97d-d965ccfc6d4b" outcome="Passed" testListId="8c84fa94-04c1-424b-9868-57a2d4851a1d" relativeResultsDirectory="0eb52cd6-71f4-4e23-8826-ccb48ef8cc4c" />
    <UnitTestResult executionId="ffb50823-dc6c-495e-8908-c4207511ea0b" testId="e8865027-a033-e711-71fb-2004ee1807fd" testName="CodexBootstrap.Tests.Core.StateTransitionTests.Edge_BetweenTwoIceNodes_ShouldPersistInIceStorage" computerName="Seeker-Mac" duration="00:00:00.2099415" startTime="2025-09-22T05:29:48.6634330-06:00" endTime="2025-09-22T05:29:48.6634330-06:00" testType="13cdc9d9-ddb5-4fa4-a97d-d965ccfc6d4b" outcome="Passed" testListId="8c84fa94-04c1-424b-9868-57a2d4851a1d" relativeResultsDirectory="ffb50823-dc6c-495e-8908-c4207511ea0b" />
    <UnitTestResult executionId="bb332539-8c94-4a0e-b4de-b5e97c7bd319" testId="386a6c80-c37f-2520-1205-e565042cab19" testName="CodexBootstrap.Tests.Modules.EnergyModuleApiTests.GetContributionStats_ShouldReturnStats_WhenImplemented" computerName="Seeker-Mac" duration="00:00:00.0070972" startTime="2025-09-22T05:30:27.8597930-06:00" endTime="2025-09-22T05:30:27.8597930-06:00" testType="13cdc9d9-ddb5-4fa4-a97d-d965ccfc6d4b" outcome="Passed" testListId="8c84fa94-04c1-424b-9868-57a2d4851a1d" relativeResultsDirectory="bb332539-8c94-4a0e-b4de-b5e97c7bd319" />
    <UnitTestResult executionId="9613bac9-b64c-47df-af2b-8c639fbd6289" testId="0f98bb0f-1c90-6365-7244-a712d1b631fa" testName="CodexBootstrap.Tests.Core.StateTransitionTests.ServerRestart_ShouldMaintainEdgePersistenceInCorrectBackends" computerName="Seeker-Mac" duration="00:00:00.2966092" startTime="2025-09-22T05:29:47.9367210-06:00" endTime="2025-09-22T05:29:47.9367340-06:00" testType="13cdc9d9-ddb5-4fa4-a97d-d965ccfc6d4b" outcome="Failed" testListId="8c84fa94-04c1-424b-9868-57a2d4851a1d" relativeResultsDirectory="9613bac9-b64c-47df-af2b-8c639fbd6289">
      <Output>
        <ErrorInfo>
          <Message>Expected waterEdges 
{
    &lt;null&gt;, 
    CodexBootstrap.Core.Edge
    {
        FromId = "restart-ice-1", 
        Meta = {["type"] = "mixed"}, 
        Role = "ice-to-water", 
        ToId = "restart-water-1", 
        Weight = 0.5
    }
} to have an item matching ((((e != null) AndAlso (e.FromId == "restart-water-1")) AndAlso (e.ToId == "restart-water-2")) AndAlso (e.Role == "water-flows")).</Message>
          <StackTrace>   at FluentAssertions.Execution.XUnit2TestFramework.Throw(String message)
   at FluentAssertions.Execution.TestFrameworkProvider.Throw(String message)
   at FluentAssertions.Execution.DefaultAssertionStrategy.HandleFailure(String message)
   at FluentAssertions.Execution.AssertionScope.FailWith(Func`1 failReasonFunc)
   at FluentAssertions.Execution.AssertionScope.FailWith(Func`1 failReasonFunc)
   at FluentAssertions.Execution.AssertionScope.FailWith(String message, Object[] args)
   at FluentAssertions.Collections.GenericCollectionAssertions`3.Contain(Expression`1 predicate, String because, Object[] becauseArgs)
   at CodexBootstrap.Tests.Core.StateTransitionTests.ServerRestart_ShouldMaintainEdgePersistenceInCorrectBackends() in /Users/ursmuff/source/Living-Codex-CSharp/src/CodexBootstrap.Tests/Core/StateTransitionTests.cs:line 323
--- End of stack trace from previous location ---</StackTrace>
        </ErrorInfo>
      </Output>
    </UnitTestResult>
    <UnitTestResult executionId="2e167ccb-237a-46b5-ac93-9f0c067a38c4" testId="19930103-19e2-d6c6-243c-55a9ec794a78" testName="CodexBootstrap.Tests.IdentityTests.GetUserProfile_ShouldReturnUserProfile" computerName="Seeker-Mac" duration="00:00:00.0136809" startTime="2025-09-22T05:31:31.5769090-06:00" endTime="2025-09-22T05:31:31.5769090-06:00" testType="13cdc9d9-ddb5-4fa4-a97d-d965ccfc6d4b" outcome="Passed" testListId="8c84fa94-04c1-424b-9868-57a2d4851a1d" relativeResultsDirectory="2e167ccb-237a-46b5-ac93-9f0c067a38c4" />
    <UnitTestResult executionId="7f51b905-160c-4bc0-86a7-0819dac61365" testId="1f7976e5-938b-de19-e4f9-70a3b56afbf7" testName="CodexBootstrap.Tests.Modules.AIModuleTests.Description_ShouldReturnCorrectDescription" computerName="Seeker-Mac" duration="00:00:00.0001787" startTime="2025-09-22T05:31:02.7466020-06:00" endTime="2025-09-22T05:31:02.7466020-06:00" testType="13cdc9d9-ddb5-4fa4-a97d-d965ccfc6d4b" outcome="Passed" testListId="8c84fa94-04c1-424b-9868-57a2d4851a1d" relativeResultsDirectory="7f51b905-160c-4bc0-86a7-0819dac61365" />
    <UnitTestResult executionId="2d50d1b3-74f1-496a-b80c-b7f6f1384a07" testId="4e73c103-f467-67e6-7049-e34249ba699f" testName="CodexBootstrap.Tests.Modules.NewsModuleApiTests.SearchNews_ShouldReturnEmptyResults_WhenNoNewsAvailable" computerName="Seeker-Mac" duration="00:00:00.0425065" startTime="2025-09-22T05:29:52.2928010-06:00" endTime="2025-09-22T05:29:52.2928010-06:00" testType="13cdc9d9-ddb5-4fa4-a97d-d965ccfc6d4b" outcome="Passed" testListId="8c84fa94-04c1-424b-9868-57a2d4851a1d" relativeResultsDirectory="2d50d1b3-74f1-496a-b80c-b7f6f1384a07" />
    <UnitTestResult executionId="0bf716b9-f8c2-41fb-8bd7-d0cd321b842f" testId="17c98091-dbf8-c2fd-549e-ce3eebd6325a" testName="CodexBootstrap.Tests.Modules.FutureKnowledgeModuleTests.AnalyzePatterns_WithNonExistentPattern_ReturnsError" computerName="Seeker-Mac" duration="00:00:00.0019391" startTime="2025-09-22T05:30:57.5886580-06:00" endTime="2025-09-22T05:30:57.5886580-06:00" testType="13cdc9d9-ddb5-4fa4-a97d-d965ccfc6d4b" outcome="Passed" testListId="8c84fa94-04c1-424b-9868-57a2d4851a1d" relativeResultsDirectory="0bf716b9-f8c2-41fb-8bd7-d0cd321b842f" />
    <UnitTestResult executionId="e0580dad-c755-40e1-ae04-74c99887e250" testId="e776ed9f-d0af-671b-5393-2bbcffd08132" testName="CodexBootstrap.Tests.NewsSourceTests.NewsSourceValidation_Should_CheckRandomSources" computerName="Seeker-Mac" duration="00:00:07.1903503" startTime="2025-09-22T05:30:25.5350780-06:00" endTime="2025-09-22T05:30:25.5350780-06:00" testType="13cdc9d9-ddb5-4fa4-a97d-d965ccfc6d4b" outcome="Passed" testListId="8c84fa94-04c1-424b-9868-57a2d4851a1d" relativeResultsDirectory="e0580dad-c755-40e1-ae04-74c99887e250" />
    <UnitTestResult executionId="0f9a9faa-2e91-4b31-9618-40e4d66ff002" testId="a5a2e4c8-009c-485c-9e59-a0329e36f740" testName="CodexBootstrap.Tests.NewsSourceTests.NewsConceptExtraction_Should_LinkToUCore" computerName="Seeker-Mac" duration="00:00:00.0175468" startTime="2025-09-22T05:30:13.3203830-06:00" endTime="2025-09-22T05:30:13.3203830-06:00" testType="13cdc9d9-ddb5-4fa4-a97d-d965ccfc6d4b" outcome="Passed" testListId="8c84fa94-04c1-424b-9868-57a2d4851a1d" relativeResultsDirectory="0f9a9faa-2e91-4b31-9618-40e4d66ff002" />
    <UnitTestResult executionId="772670a2-a181-4921-966d-2c41a74f6dc8" testId="f7b0b764-6d52-78e1-ce67-39dccd32fc90" testName="CodexBootstrap.Tests.Core.NodePersistenceTests.EdgePersistence_MixedStates_ShouldBeGas" computerName="Seeker-Mac" duration="00:00:00.2159095" startTime="2025-09-22T05:31:27.7244540-06:00" endTime="2025-09-22T05:31:27.7244540-06:00" testType="13cdc9d9-ddb5-4fa4-a97d-d965ccfc6d4b" outcome="Passed" testListId="8c84fa94-04c1-424b-9868-57a2d4851a1d" relativeResultsDirectory="772670a2-a181-4921-966d-2c41a74f6dc8" />
    <UnitTestResult executionId="14534511-977f-4090-991a-f2c727b55b67" testId="079febbc-fefa-997d-a518-2bb9b896a10f" testName="CodexBootstrap.Tests.ApiEndpointTests.Modules_ShouldReturnModuleList" computerName="Seeker-Mac" duration="00:00:00.0049652" startTime="2025-09-22T05:31:31.1405060-06:00" endTime="2025-09-22T05:31:31.1405060-06:00" testType="13cdc9d9-ddb5-4fa4-a97d-d965ccfc6d4b" outcome="Passed" testListId="8c84fa94-04c1-424b-9868-57a2d4851a1d" relativeResultsDirectory="14534511-977f-4090-991a-f2c727b55b67" />
    <UnitTestResult executionId="bd4704d7-9b1f-4604-9cd4-de50f4313a46" testId="aced4986-e1f4-a66e-d3bb-e7d4243e8cbf" testName="CodexBootstrap.Tests.Modules.FileSystemModuleTests.CreateFile_WithValidRequest_CreatesFileAndNode" computerName="Seeker-Mac" duration="00:00:00.0485981" startTime="2025-09-22T05:31:37.4793460-06:00" endTime="2025-09-22T05:31:37.4793460-06:00" testType="13cdc9d9-ddb5-4fa4-a97d-d965ccfc6d4b" outcome="Passed" testListId="8c84fa94-04c1-424b-9868-57a2d4851a1d" relativeResultsDirectory="bd4704d7-9b1f-4604-9cd4-de50f4313a46" />
    <UnitTestResult executionId="4a2b82b1-0401-457e-bbca-0e9bacfc98e8" testId="356cc5a1-12a0-34cb-5f3e-4ae7f80efd3b" testName="CodexBootstrap.Tests.Modules.CoreModuleTests.RegisterApiHandlers_ShouldNotThrow" computerName="Seeker-Mac" duration="00:00:00.0010948" startTime="2025-09-22T05:30:25.6029130-06:00" endTime="2025-09-22T05:30:25.6029130-06:00" testType="13cdc9d9-ddb5-4fa4-a97d-d965ccfc6d4b" outcome="Passed" testListId="8c84fa94-04c1-424b-9868-57a2d4851a1d" relativeResultsDirectory="4a2b82b1-0401-457e-bbca-0e9bacfc98e8" />
    <UnitTestResult executionId="2c575b1e-1f51-4b41-87ed-d56e211da75b" testId="3c9ab4c8-f1b7-75d5-dbbb-5692f82a8e63" testName="CodexBootstrap.Tests.Modules.FileSystemModuleTests.FileNode_ShouldHaveCorrectContentRef" computerName="Seeker-Mac" duration="00:00:00.0509078" startTime="2025-09-22T05:31:37.5844050-06:00" endTime="2025-09-22T05:31:37.5844050-06:00" testType="13cdc9d9-ddb5-4fa4-a97d-d965ccfc6d4b" outcome="Passed" testListId="8c84fa94-04c1-424b-9868-57a2d4851a1d" relativeResultsDirectory="2c575b1e-1f51-4b41-87ed-d56e211da75b" />
    <UnitTestResult executionId="2044dcc9-1151-446f-9a47-c51fb034237a" testId="559b9436-2baf-3857-ad76-499358d93140" testName="CodexBootstrap.Tests.Modules.NoMockDataRegressionTests.ModuleEndpoints_WithInvalidData_ReturnCleanErrors(endpoint: &quot;/gallery/create&quot;)" computerName="Seeker-Mac" duration="00:00:00.0101540" startTime="2025-09-22T05:31:11.0140870-06:00" endTime="2025-09-22T05:31:11.0140870-06:00" testType="13cdc9d9-ddb5-4fa4-a97d-d965ccfc6d4b" outcome="Passed" testListId="8c84fa94-04c1-424b-9868-57a2d4851a1d" relativeResultsDirectory="2044dcc9-1151-446f-9a47-c51fb034237a" />
    <UnitTestResult executionId="8d606142-6ea0-486b-bfcc-b45548cccbeb" testId="81ece0d0-0623-f285-5aef-39638b72d8de" testName="CodexBootstrap.Tests.IdentityTests.CreateSession_ShouldCreateNewSession" computerName="Seeker-Mac" duration="00:00:00.0017196" startTime="2025-09-22T05:31:31.5136530-06:00" endTime="2025-09-22T05:31:31.5136530-06:00" testType="13cdc9d9-ddb5-4fa4-a97d-d965ccfc6d4b" outcome="Passed" testListId="8c84fa94-04c1-424b-9868-57a2d4851a1d" relativeResultsDirectory="8d606142-6ea0-486b-bfcc-b45548cccbeb" />
    <UnitTestResult executionId="33247f41-b63e-48d5-af24-a41a652ec9a7" testId="53137f9b-436e-e65c-fa32-e820c39f3209" testName="CodexBootstrap.Tests.ApiEndpointTests.Swagger_ShouldReturnDocumentation" computerName="Seeker-Mac" duration="00:00:00.0344351" startTime="2025-09-22T05:31:31.1198710-06:00" endTime="2025-09-22T05:31:31.1198710-06:00" testType="13cdc9d9-ddb5-4fa4-a97d-d965ccfc6d4b" outcome="Passed" testListId="8c84fa94-04c1-424b-9868-57a2d4851a1d" relativeResultsDirectory="33247f41-b63e-48d5-af24-a41a652ec9a7" />
    <UnitTestResult executionId="0929f7b7-b4a9-4fbb-9fbc-6644691b075b" testId="9674b376-d6ac-4703-6bfc-2eb31e6b6cc1" testName="CodexBootstrap.Tests.IdentityTests.MockIdentityProvider_ShouldGetIdentityProviders" computerName="Seeker-Mac" duration="00:00:00.0008521" startTime="2025-09-22T05:31:31.5944490-06:00" endTime="2025-09-22T05:31:31.5944490-06:00" testType="13cdc9d9-ddb5-4fa4-a97d-d965ccfc6d4b" outcome="Passed" testListId="8c84fa94-04c1-424b-9868-57a2d4851a1d" relativeResultsDirectory="0929f7b7-b4a9-4fbb-9fbc-6644691b075b" />
    <UnitTestResult executionId="8a7a70f9-eff3-4c88-b78f-594ac827b63c" testId="85af3b02-5b1f-ad47-f6c3-063b22aa2bc8" testName="CodexBootstrap.Tests.Modules.GalleryModuleTests.GenerateAIImage_WithoutPrompt_ReturnsError" computerName="Seeker-Mac" duration="00:00:00.0023467" startTime="2025-09-22T05:30:07.0730860-06:00" endTime="2025-09-22T05:30:07.0730860-06:00" testType="13cdc9d9-ddb5-4fa4-a97d-d965ccfc6d4b" outcome="Passed" testListId="8c84fa94-04c1-424b-9868-57a2d4851a1d" relativeResultsDirectory="8a7a70f9-eff3-4c88-b78f-594ac827b63c" />
    <UnitTestResult executionId="2cb7910f-3831-4a7a-a388-a23ec174956e" testId="4d3ca544-276f-5d6d-1805-2b375093f8dc" testName="CodexBootstrap.Tests.Core.NodePersistenceTests.NodeStateTransition_WaterToGas_ShouldRemoveFromStorage" computerName="Seeker-Mac" duration="00:00:00.2202751" startTime="2025-09-22T05:31:24.2940740-06:00" endTime="2025-09-22T05:31:24.2940740-06:00" testType="13cdc9d9-ddb5-4fa4-a97d-d965ccfc6d4b" outcome="Passed" testListId="8c84fa94-04c1-424b-9868-57a2d4851a1d" relativeResultsDirectory="2cb7910f-3831-4a7a-a388-a23ec174956e" />
    <UnitTestResult executionId="ff8cb09a-b1aa-495c-bc67-a95e508eaf4d" testId="cda0a382-6483-cdc5-9e08-2b17d62c9076" testName="CodexBootstrap.Tests.Core.NodeRegistryTests.TryGet_WithNonExistentId_ShouldReturnFalse" computerName="Seeker-Mac" duration="00:00:00.0004209" startTime="2025-09-22T05:31:37.1683180-06:00" endTime="2025-09-22T05:31:37.1683180-06:00" testType="13cdc9d9-ddb5-4fa4-a97d-d965ccfc6d4b" outcome="Passed" testListId="8c84fa94-04c1-424b-9868-57a2d4851a1d" relativeResultsDirectory="ff8cb09a-b1aa-495c-bc67-a95e508eaf4d" />
    <UnitTestResult executionId="f2aae18b-8892-4363-841d-63b291f078f1" testId="9fd16290-2ffd-477a-8430-1b48345fb6df" testName="CodexBootstrap.Tests.UCoreOntologyTests.ResonanceMatrix_Should_ExistAndIntegrateAxes" computerName="Seeker-Mac" duration="00:00:00.0010000" startTime="2025-09-22T05:30:12.2741680-06:00" endTime="2025-09-22T05:30:12.2741680-06:00" testType="13cdc9d9-ddb5-4fa4-a97d-d965ccfc6d4b" outcome="NotExecuted" testListId="8c84fa94-04c1-424b-9868-57a2d4851a1d" relativeResultsDirectory="f2aae18b-8892-4363-841d-63b291f078f1">
      <Output>
        <StdOut>Resonance matrix integration edges not guaranteed during initial seed; enable when implemented</StdOut>
      </Output>
    </UnitTestResult>
    <UnitTestResult executionId="e1ac8c56-1806-4198-ae4e-d642feb6558a" testId="d0160707-f909-e423-0bd5-ceb0e7a99a9c" testName="CodexBootstrap.Tests.Core.NodeRegistryTests.UpsertNode_WithValidNode_ShouldRegisterSuccessfully" computerName="Seeker-Mac" duration="00:00:00.0025252" startTime="2025-09-22T05:31:37.1324770-06:00" endTime="2025-09-22T05:31:37.1324770-06:00" testType="13cdc9d9-ddb5-4fa4-a97d-d965ccfc6d4b" outcome="Passed" testListId="8c84fa94-04c1-424b-9868-57a2d4851a1d" relativeResultsDirectory="e1ac8c56-1806-4198-ae4e-d642feb6558a" />
    <UnitTestResult executionId="53bc6438-d737-4368-9ede-ba8b3ccd49da" testId="e2131088-170c-3f9d-b379-6ad5595999e5" testName="CodexBootstrap.Tests.Modules.VisualValidationModuleTests.ExecuteVisualValidationPipeline_ShouldReturnSuccessAndThreeSteps" computerName="Seeker-Mac" duration="00:00:02.9674312" startTime="2025-09-22T05:31:08.7673080-06:00" endTime="2025-09-22T05:31:08.7673080-06:00" testType="13cdc9d9-ddb5-4fa4-a97d-d965ccfc6d4b" outcome="Passed" testListId="8c84fa94-04c1-424b-9868-57a2d4851a1d" relativeResultsDirectory="53bc6438-d737-4368-9ede-ba8b3ccd49da" />
    <UnitTestResult executionId="2e466088-8548-44d1-898a-9e4a0bcc1baf" testId="561f218d-b654-fb57-ee4b-f7e1649d5050" testName="CodexBootstrap.Tests.Modules.UXPrimitivesModuleTests.CreateWeave_WithValidData_CreatesSuccessfully" computerName="Seeker-Mac" duration="00:00:00.0039395" startTime="2025-09-22T05:31:18.3950920-06:00" endTime="2025-09-22T05:31:18.3950920-06:00" testType="13cdc9d9-ddb5-4fa4-a97d-d965ccfc6d4b" outcome="Passed" testListId="8c84fa94-04c1-424b-9868-57a2d4851a1d" relativeResultsDirectory="2e466088-8548-44d1-898a-9e4a0bcc1baf" />
    <UnitTestResult executionId="c6298a70-7138-4dc1-bceb-74a6a50dcd90" testId="26e7a1ad-63a6-c657-4516-74b5caa9040c" testName="CodexBootstrap.Tests.Core.NodePersistenceTests.ConcurrentOperations_ShouldMaintainConsistency" computerName="Seeker-Mac" duration="00:00:00.2252913" startTime="2025-09-22T05:31:26.0180610-06:00" endTime="2025-09-22T05:31:26.0180610-06:00" testType="13cdc9d9-ddb5-4fa4-a97d-d965ccfc6d4b" outcome="Passed" testListId="8c84fa94-04c1-424b-9868-57a2d4851a1d" relativeResultsDirectory="c6298a70-7138-4dc1-bceb-74a6a50dcd90" />
    <UnitTestResult executionId="0829b09d-7a22-4fa8-bbc9-f2c35b91ef49" testId="080e755c-ee7a-1e14-8f28-e087a10675d0" testName="CodexBootstrap.Tests.ApiIntegrationTests.OAuthProviders_ShouldReturnAvailableProviders" computerName="Seeker-Mac" duration="00:00:00.0013431" startTime="2025-09-22T05:30:25.6288880-06:00" endTime="2025-09-22T05:30:25.6288880-06:00" testType="13cdc9d9-ddb5-4fa4-a97d-d965ccfc6d4b" outcome="Passed" testListId="8c84fa94-04c1-424b-9868-57a2d4851a1d" relativeResultsDirectory="0829b09d-7a22-4fa8-bbc9-f2c35b91ef49" />
    <UnitTestResult executionId="3dc79691-c40d-4a8f-833d-65aa52884447" testId="c1c3c15c-2fd4-f407-447a-9b6a9260e785" testName="CodexBootstrap.Tests.Modules.FileSystemModuleTests.GetFileSystemStats_WithFiles_ReturnsStatistics" computerName="Seeker-Mac" duration="00:00:00.0556970" startTime="2025-09-22T05:31:37.2255580-06:00" endTime="2025-09-22T05:31:37.2255580-06:00" testType="13cdc9d9-ddb5-4fa4-a97d-d965ccfc6d4b" outcome="Passed" testListId="8c84fa94-04c1-424b-9868-57a2d4851a1d" relativeResultsDirectory="3dc79691-c40d-4a8f-833d-65aa52884447" />
    <UnitTestResult executionId="ce0243a5-a35d-4551-9498-644413929d21" testId="494a6f72-6254-5a6e-4577-c52cd4a0c3cd" testName="CodexBootstrap.Tests.HealthTests.HealthCheck_ShouldIncludeSystemMetrics" computerName="Seeker-Mac" duration="00:00:00.0110744" startTime="2025-09-22T05:31:31.2197390-06:00" endTime="2025-09-22T05:31:31.2197390-06:00" testType="13cdc9d9-ddb5-4fa4-a97d-d965ccfc6d4b" outcome="Passed" testListId="8c84fa94-04c1-424b-9868-57a2d4851a1d" relativeResultsDirectory="ce0243a5-a35d-4551-9498-644413929d21" />
    <UnitTestResult executionId="90713ba4-9806-43fc-9d15-d148bbd7ae2e" testId="14935da5-76f2-bd62-81ac-04e61a088bd0" testName="CodexBootstrap.Tests.Modules.EnergyModuleApiTests.GetContributorEnergy_ShouldRespondWithinAcceptableTime_WhenImplemented" computerName="Seeker-Mac" duration="00:00:00.0033819" startTime="2025-09-22T05:30:27.8495540-06:00" endTime="2025-09-22T05:30:27.8495540-06:00" testType="13cdc9d9-ddb5-4fa4-a97d-d965ccfc6d4b" outcome="Passed" testListId="8c84fa94-04c1-424b-9868-57a2d4851a1d" relativeResultsDirectory="90713ba4-9806-43fc-9d15-d148bbd7ae2e" />
    <UnitTestResult executionId="1fee0ea8-2c58-4abe-9a5a-1153906b17ee" testId="a3b04758-d6c8-afae-35de-edc9990eb840" testName="CodexBootstrap.Tests.Modules.GalleryModuleTests.ListGalleryItems_WithoutMockData_ReturnsEmptyList" computerName="Seeker-Mac" duration="00:00:00.0025071" startTime="2025-09-22T05:30:07.0768180-06:00" endTime="2025-09-22T05:30:07.0768190-06:00" testType="13cdc9d9-ddb5-4fa4-a97d-d965ccfc6d4b" outcome="Passed" testListId="8c84fa94-04c1-424b-9868-57a2d4851a1d" relativeResultsDirectory="1fee0ea8-2c58-4abe-9a5a-1153906b17ee" />
    <UnitTestResult executionId="22f987f6-5e86-4d15-8fd7-bf2cca42c837" testId="8526b0ec-4803-dd78-6467-133c6f30ed12" testName="CodexBootstrap.Tests.Modules.FileSystemModuleTests.UpdateFileContent_WithValidRequest_UpdatesFileAndNode" computerName="Seeker-Mac" duration="00:00:00.0995970" startTime="2025-09-22T05:31:37.3781400-06:00" endTime="2025-09-22T05:31:37.3781400-06:00" testType="13cdc9d9-ddb5-4fa4-a97d-d965ccfc6d4b" outcome="Passed" testListId="8c84fa94-04c1-424b-9868-57a2d4851a1d" relativeResultsDirectory="22f987f6-5e86-4d15-8fd7-bf2cca42c837" />
    <UnitTestResult executionId="5cfdc4d1-ac70-4a2c-a864-2bb8d3a62912" testId="6599a9fd-a45c-3f51-a550-7571741afdc8" testName="CodexBootstrap.Tests.Modules.ConceptModuleApiTests.GetConcepts_ShouldReturnValidConceptsArray" computerName="Seeker-Mac" duration="00:00:00.0089195" startTime="2025-09-22T05:30:50.1636200-06:00" endTime="2025-09-22T05:30:50.1636200-06:00" testType="13cdc9d9-ddb5-4fa4-a97d-d965ccfc6d4b" outcome="Passed" testListId="8c84fa94-04c1-424b-9868-57a2d4851a1d" relativeResultsDirectory="5cfdc4d1-ac70-4a2c-a864-2bb8d3a62912" />
    <UnitTestResult executionId="0d68f5d5-297a-45d6-aef9-f55cde03bda0" testId="a1a3cd79-a8ef-2dca-2a37-88922f31b2df" testName="CodexBootstrap.Tests.Core.NodeRegistryTests.EdgeState_ShouldFollowNodePhaseTransitions" computerName="Seeker-Mac" duration="00:00:00.0011800" startTime="2025-09-22T05:31:37.1695180-06:00" endTime="2025-09-22T05:31:37.1695180-06:00" testType="13cdc9d9-ddb5-4fa4-a97d-d965ccfc6d4b" outcome="Passed" testListId="8c84fa94-04c1-424b-9868-57a2d4851a1d" relativeResultsDirectory="0d68f5d5-297a-45d6-aef9-f55cde03bda0" />
    <UnitTestResult executionId="cfff8975-7912-4fbb-8249-5a3e841fda80" testId="5f30b836-0b78-553e-28a0-931140309955" testName="CodexBootstrap.Tests.Core.NodeRegistryTests.UpsertNode_WithDuplicateId_ShouldOverwrite" computerName="Seeker-Mac" duration="00:00:00.0004942" startTime="2025-09-22T05:31:37.1341680-06:00" endTime="2025-09-22T05:31:37.1341680-06:00" testType="13cdc9d9-ddb5-4fa4-a97d-d965ccfc6d4b" outcome="Passed" testListId="8c84fa94-04c1-424b-9868-57a2d4851a1d" relativeResultsDirectory="cfff8975-7912-4fbb-8249-5a3e841fda80" />
    <UnitTestResult executionId="ecadbaf7-3a4b-4f9b-a0d6-1089cd935d9e" testId="146ff060-bcc7-e0b1-fb2c-4c0b171c5a00" testName="CodexBootstrap.Tests.Modules.GalleryModuleTests.CreateGalleryItem_WithoutImageUrl_ReturnsError" computerName="Seeker-Mac" duration="00:00:00.0011796" startTime="2025-09-22T05:30:07.0742750-06:00" endTime="2025-09-22T05:30:07.0742750-06:00" testType="13cdc9d9-ddb5-4fa4-a97d-d965ccfc6d4b" outcome="Passed" testListId="8c84fa94-04c1-424b-9868-57a2d4851a1d" relativeResultsDirectory="ecadbaf7-3a4b-4f9b-a0d6-1089cd935d9e" />
    <UnitTestResult executionId="c4b546a5-40da-4870-93b0-2c1aa588f9b2" testId="bfb2c8de-1e85-9952-9db6-620f4acf1697" testName="CodexBootstrap.Tests.Modules.NodeEdgeModuleApiTests.GetNodes_ShouldHandleInvalidQueryParameters" computerName="Seeker-Mac" duration="00:00:00.0302227" startTime="2025-09-22T05:30:35.2499280-06:00" endTime="2025-09-22T05:30:35.2499280-06:00" testType="13cdc9d9-ddb5-4fa4-a97d-d965ccfc6d4b" outcome="Passed" testListId="8c84fa94-04c1-424b-9868-57a2d4851a1d" relativeResultsDirectory="c4b546a5-40da-4870-93b0-2c1aa588f9b2" />
    <UnitTestResult executionId="4807bd37-e47a-4c39-a2ee-5a13a792c915" testId="9dede88d-6de7-87ff-4549-77cfb8e6068f" testName="CodexBootstrap.Tests.Core.NodePersistenceTests.NodeStateTransition_Gas_ShouldNotPersist" computerName="Seeker-Mac" duration="00:00:00.1113925" startTime="2025-09-22T05:31:28.6776900-06:00" endTime="2025-09-22T05:31:28.6776900-06:00" testType="13cdc9d9-ddb5-4fa4-a97d-d965ccfc6d4b" outcome="Passed" testListId="8c84fa94-04c1-424b-9868-57a2d4851a1d" relativeResultsDirectory="4807bd37-e47a-4c39-a2ee-5a13a792c915" />
    <UnitTestResult executionId="956a221b-82e1-493f-9289-936fb6951113" testId="2fb30a0f-ddea-628a-42a5-2fe6a57a267c" testName="CodexBootstrap.Tests.Modules.IdentityModuleApiTests.MicrosoftLogin_ShouldReturnRedirect_WhenProviderAvailable" computerName="Seeker-Mac" duration="00:00:00.0029617" startTime="2025-09-22T05:30:42.7597310-06:00" endTime="2025-09-22T05:30:42.7597310-06:00" testType="13cdc9d9-ddb5-4fa4-a97d-d965ccfc6d4b" outcome="Passed" testListId="8c84fa94-04c1-424b-9868-57a2d4851a1d" relativeResultsDirectory="956a221b-82e1-493f-9289-936fb6951113" />
    <UnitTestResult executionId="d2cf46aa-e022-469f-b2e4-d8ab12d03eca" testId="49aabe26-596c-6a15-06b4-9dadc7c4733a" testName="CodexBootstrap.Tests.IdentityTests.CreateUser_ShouldCreateNewUser" computerName="Seeker-Mac" duration="00:00:00.0107940" startTime="2025-09-22T05:31:31.5321440-06:00" endTime="2025-09-22T05:31:31.5321440-06:00" testType="13cdc9d9-ddb5-4fa4-a97d-d965ccfc6d4b" outcome="Passed" testListId="8c84fa94-04c1-424b-9868-57a2d4851a1d" relativeResultsDirectory="d2cf46aa-e022-469f-b2e4-d8ab12d03eca" />
    <UnitTestResult executionId="21a079a9-7429-46b9-8f01-c04d83894dcf" testId="0dfb425c-5e4f-66ca-073c-7c258c6c7e5f" testName="CodexBootstrap.Tests.Modules.UXPrimitivesModuleTests.GenerateReflection_WithoutContentId_ReturnsError" computerName="Seeker-Mac" duration="00:00:00.0010609" startTime="2025-09-22T05:31:18.3911100-06:00" endTime="2025-09-22T05:31:18.3911100-06:00" testType="13cdc9d9-ddb5-4fa4-a97d-d965ccfc6d4b" outcome="Passed" testListId="8c84fa94-04c1-424b-9868-57a2d4851a1d" relativeResultsDirectory="21a079a9-7429-46b9-8f01-c04d83894dcf" />
    <UnitTestResult executionId="92395751-0051-4717-b74c-dcb83c163e0b" testId="d7036780-9716-509c-617a-1f2084784363" testName="CodexBootstrap.Tests.Modules.UXPrimitivesModuleTests.ModuleNode_HasCorrectProperties" computerName="Seeker-Mac" duration="00:00:00.0011028" startTime="2025-09-22T05:31:18.3831990-06:00" endTime="2025-09-22T05:31:18.3831990-06:00" testType="13cdc9d9-ddb5-4fa4-a97d-d965ccfc6d4b" outcome="Passed" testListId="8c84fa94-04c1-424b-9868-57a2d4851a1d" relativeResultsDirectory="92395751-0051-4717-b74c-dcb83c163e0b" />
    <UnitTestResult executionId="866f474f-6741-475f-9233-118a0a9c9022" testId="6d4dda94-e519-5838-44e2-8dc3d94e25ab" testName="CodexBootstrap.Tests.ApiIntegrationTests.Swagger_ShouldBeAvailable" computerName="Seeker-Mac" duration="00:00:00.0018290" startTime="2025-09-22T05:30:25.6254110-06:00" endTime="2025-09-22T05:30:25.6254110-06:00" testType="13cdc9d9-ddb5-4fa4-a97d-d965ccfc6d4b" outcome="Passed" testListId="8c84fa94-04c1-424b-9868-57a2d4851a1d" relativeResultsDirectory="866f474f-6741-475f-9233-118a0a9c9022" />
    <UnitTestResult executionId="dd54df1f-fc00-4f9d-a7c3-4038836131c3" testId="0822fda8-1ecb-9b4b-b537-c5def62bdea6" testName="CodexBootstrap.Tests.PortConfigurationTests.Server_ShouldStartOnPort" computerName="Seeker-Mac" duration="00:00:00.0120867" startTime="2025-09-22T05:31:31.9552030-06:00" endTime="2025-09-22T05:31:31.9552030-06:00" testType="13cdc9d9-ddb5-4fa4-a97d-d965ccfc6d4b" outcome="Passed" testListId="8c84fa94-04c1-424b-9868-57a2d4851a1d" relativeResultsDirectory="dd54df1f-fc00-4f9d-a7c3-4038836131c3" />
    <UnitTestResult executionId="af571d59-0f81-49f5-9637-4aba039ac860" testId="aea25e69-8ef4-fcb6-b447-29de5becfc76" testName="CodexBootstrap.Tests.Core.NodePersistenceTests.EdgePersistence_WaterToWater_ShouldPersistInWaterStorage" computerName="Seeker-Mac" duration="00:00:00.2136392" startTime="2025-09-22T05:31:24.0733370-06:00" endTime="2025-09-22T05:31:24.0733370-06:00" testType="13cdc9d9-ddb5-4fa4-a97d-d965ccfc6d4b" outcome="Passed" testListId="8c84fa94-04c1-424b-9868-57a2d4851a1d" relativeResultsDirectory="af571d59-0f81-49f5-9637-4aba039ac860" />
    <UnitTestResult executionId="43b231cd-4ba3-4162-8f2f-76eba5517e7a" testId="d0cd9f70-6dc1-3c7d-5cf8-851aa39eea33" testName="CodexBootstrap.Tests.Modules.EnergyModuleApiTests.GetUserContributions_ShouldReturnOk_WhenImplemented" computerName="Seeker-Mac" duration="00:00:00.0019152" startTime="2025-09-22T05:30:27.8413560-06:00" endTime="2025-09-22T05:30:27.8413560-06:00" testType="13cdc9d9-ddb5-4fa4-a97d-d965ccfc6d4b" outcome="Passed" testListId="8c84fa94-04c1-424b-9868-57a2d4851a1d" relativeResultsDirectory="43b231cd-4ba3-4162-8f2f-76eba5517e7a" />
    <UnitTestResult executionId="930019b8-22ef-4469-b8c3-c04d6032447c" testId="779c2e27-af4c-ae6c-e16f-ac2d878c1918" testName="CodexBootstrap.Tests.Modules.FutureKnowledgeModuleTests.GetTrendingPatterns_WithImplementation_ReturnsSuccess" computerName="Seeker-Mac" duration="00:00:00.0034397" startTime="2025-09-22T05:30:57.5794910-06:00" endTime="2025-09-22T05:30:57.5794910-06:00" testType="13cdc9d9-ddb5-4fa4-a97d-d965ccfc6d4b" outcome="Passed" testListId="8c84fa94-04c1-424b-9868-57a2d4851a1d" relativeResultsDirectory="930019b8-22ef-4469-b8c3-c04d6032447c" />
    <UnitTestResult executionId="01e645ce-b71d-4ead-8ad7-3f4e70f76c5e" testId="ca6abf66-bfa7-ba9c-4a7c-c7bb3f9e50f3" testName="CodexBootstrap.Tests.Modules.NoMockDataRegressionTests.Health_SystemStatus_DoesNotMentionMockOrSimulation" computerName="Seeker-Mac" duration="00:00:00.0210386" startTime="2025-09-22T05:31:11.0000720-06:00" endTime="2025-09-22T05:31:11.0000720-06:00" testType="13cdc9d9-ddb5-4fa4-a97d-d965ccfc6d4b" outcome="Passed" testListId="8c84fa94-04c1-424b-9868-57a2d4851a1d" relativeResultsDirectory="01e645ce-b71d-4ead-8ad7-3f4e70f76c5e" />
    <UnitTestResult executionId="eac9cb59-37a6-4b40-a9a4-2d47f59880af" testId="904747e7-ff5e-8218-74d7-bb12f2b82a35" testName="CodexBootstrap.Tests.Modules.AIModuleTests.Constructor_ShouldInitializeCorrectly" computerName="Seeker-Mac" duration="00:00:00.0002000" startTime="2025-09-22T05:31:02.7460580-06:00" endTime="2025-09-22T05:31:02.7460580-06:00" testType="13cdc9d9-ddb5-4fa4-a97d-d965ccfc6d4b" outcome="Passed" testListId="8c84fa94-04c1-424b-9868-57a2d4851a1d" relativeResultsDirectory="eac9cb59-37a6-4b40-a9a4-2d47f59880af" />
    <UnitTestResult executionId="108b383f-7789-4cb4-8226-80b529b32bb4" testId="65b80104-e391-765d-11f2-1a66e8fb8050" testName="CodexBootstrap.Tests.Modules.AIModuleTests.RegisterHttpEndpoints_ShouldNotThrow" computerName="Seeker-Mac" duration="00:00:00.0002854" startTime="2025-09-22T05:31:02.7490980-06:00" endTime="2025-09-22T05:31:02.7490980-06:00" testType="13cdc9d9-ddb5-4fa4-a97d-d965ccfc6d4b" outcome="Passed" testListId="8c84fa94-04c1-424b-9868-57a2d4851a1d" relativeResultsDirectory="108b383f-7789-4cb4-8226-80b529b32bb4" />
    <UnitTestResult executionId="a508a364-db10-4f4f-a92b-0a875abf912c" testId="c18159c8-c488-c465-11b5-e4f60944ebea" testName="CodexBootstrap.Tests.Core.LLMOrchestratorTests.ExecuteAsync_WithException_ShouldReturnError" computerName="Seeker-Mac" duration="00:00:00.0002015" startTime="2025-09-22T05:30:25.5391490-06:00" endTime="2025-09-22T05:30:25.5391490-06:00" testType="13cdc9d9-ddb5-4fa4-a97d-d965ccfc6d4b" outcome="Passed" testListId="8c84fa94-04c1-424b-9868-57a2d4851a1d" relativeResultsDirectory="a508a364-db10-4f4f-a92b-0a875abf912c" />
    <UnitTestResult executionId="3a72064f-9e9f-40a3-86fd-562a974fc5f8" testId="3869c8f5-7ab2-ef7f-cd2f-16c870de8af9" testName="CodexBootstrap.Tests.Core.NodeRegistryTests.UpsertEdge_ShouldRegisterEdgeSuccessfully" computerName="Seeker-Mac" duration="00:00:00.0006027" startTime="2025-09-22T05:31:37.1678780-06:00" endTime="2025-09-22T05:31:37.1678780-06:00" testType="13cdc9d9-ddb5-4fa4-a97d-d965ccfc6d4b" outcome="Passed" testListId="8c84fa94-04c1-424b-9868-57a2d4851a1d" relativeResultsDirectory="3a72064f-9e9f-40a3-86fd-562a974fc5f8" />
    <UnitTestResult executionId="111d419e-f336-4821-981d-480764b4184d" testId="36c7d109-6289-1556-5b99-f94c9642b779" testName="CodexBootstrap.Tests.Modules.EnergyModuleApiTests.GetUserContributions_ShouldReturnContributionsList_WhenImplemented" computerName="Seeker-Mac" duration="00:00:00.0257178" startTime="2025-09-22T05:30:27.8314910-06:00" endTime="2025-09-22T05:30:27.8314910-06:00" testType="13cdc9d9-ddb5-4fa4-a97d-d965ccfc6d4b" outcome="Passed" testListId="8c84fa94-04c1-424b-9868-57a2d4851a1d" relativeResultsDirectory="111d419e-f336-4821-981d-480764b4184d" />
    <UnitTestResult executionId="a15b8a97-78a8-4acd-82ab-3e668a9f8a2b" testId="53a59314-7293-f081-232f-56d1644cbca1" testName="CodexBootstrap.Tests.Core.NodePersistenceTests.TypeBasedQueries_ShouldWorkAfterRestart" computerName="Seeker-Mac" duration="00:00:00.2119402" startTime="2025-09-22T05:31:28.3607870-06:00" endTime="2025-09-22T05:31:28.3607870-06:00" testType="13cdc9d9-ddb5-4fa4-a97d-d965ccfc6d4b" outcome="Passed" testListId="8c84fa94-04c1-424b-9868-57a2d4851a1d" relativeResultsDirectory="a15b8a97-78a8-4acd-82ab-3e668a9f8a2b" />
    <UnitTestResult executionId="8404ef72-d25b-42f6-b9b0-3b3e7d34018f" testId="df8d72e5-e210-8677-f027-f8ba257cf478" testName="CodexBootstrap.Tests.Modules.UXPrimitivesModuleTests.SendInvite_WithValidData_CreatesSuccessfully" computerName="Seeker-Mac" duration="00:00:00.0031924" startTime="2025-09-22T05:31:18.3879160-06:00" endTime="2025-09-22T05:31:18.3879160-06:00" testType="13cdc9d9-ddb5-4fa4-a97d-d965ccfc6d4b" outcome="Passed" testListId="8c84fa94-04c1-424b-9868-57a2d4851a1d" relativeResultsDirectory="8404ef72-d25b-42f6-b9b0-3b3e7d34018f" />
    <UnitTestResult executionId="902f1d47-3c43-4a58-9c29-6e3f9515c5a3" testId="c7e92259-b8e8-9f87-fc54-366eb8fde590" testName="CodexBootstrap.Tests.Modules.ThreadsModuleTests.AddReply_WithoutThread_ReturnsError" computerName="Seeker-Mac" duration="00:00:00.0071211" startTime="2025-09-22T05:29:59.7026800-06:00" endTime="2025-09-22T05:29:59.7026800-06:00" testType="13cdc9d9-ddb5-4fa4-a97d-d965ccfc6d4b" outcome="Passed" testListId="8c84fa94-04c1-424b-9868-57a2d4851a1d" relativeResultsDirectory="902f1d47-3c43-4a58-9c29-6e3f9515c5a3" />
    <UnitTestResult executionId="777bf6f8-bf92-4b1b-8f8f-96f401dc34e5" testId="632c0374-d9e5-0e22-1403-eb730369295e" testName="CodexBootstrap.Tests.Modules.NewsModuleApiTests.GetNewsFeed_ShouldReturnEmptyResults_WhenNoNewsAvailable" computerName="Seeker-Mac" duration="00:00:00.0153520" startTime="2025-09-22T05:29:52.3670350-06:00" endTime="2025-09-22T05:29:52.3670350-06:00" testType="13cdc9d9-ddb5-4fa4-a97d-d965ccfc6d4b" outcome="Passed" testListId="8c84fa94-04c1-424b-9868-57a2d4851a1d" relativeResultsDirectory="777bf6f8-bf92-4b1b-8f8f-96f401dc34e5" />
    <UnitTestResult executionId="75ea38e7-e3fe-45e0-8e7f-6d2c0a7ce8c9" testId="fc7bce22-4aa8-7f2e-5825-9a1561671044" testName="CodexBootstrap.Tests.Modules.NodeEdgeModuleApiTests.GetNode_ShouldReturnNode_WhenNodeExists" computerName="Seeker-Mac" duration="00:00:00.0082171" startTime="2025-09-22T05:30:35.3251260-06:00" endTime="2025-09-22T05:30:35.3251260-06:00" testType="13cdc9d9-ddb5-4fa4-a97d-d965ccfc6d4b" outcome="Passed" testListId="8c84fa94-04c1-424b-9868-57a2d4851a1d" relativeResultsDirectory="75ea38e7-e3fe-45e0-8e7f-6d2c0a7ce8c9" />
    <UnitTestResult executionId="47d6dbf6-ec04-44e1-aab0-2162f37ef3f6" testId="68b579ad-d101-7563-7644-8b094cbff9dc" testName="CodexBootstrap.Tests.Modules.FutureKnowledgeModuleTests.Module_Description_NoLongerMentionsSimulation" computerName="Seeker-Mac" duration="00:00:00.0009033" startTime="2025-09-22T05:30:57.5816230-06:00" endTime="2025-09-22T05:30:57.5816230-06:00" testType="13cdc9d9-ddb5-4fa4-a97d-d965ccfc6d4b" outcome="Passed" testListId="8c84fa94-04c1-424b-9868-57a2d4851a1d" relativeResultsDirectory="47d6dbf6-ec04-44e1-aab0-2162f37ef3f6" />
    <UnitTestResult executionId="c9b2c958-85fa-4f8e-99fe-b2356a4f47e7" testId="290da516-121d-61e0-0dd0-c0be605ad3c9" testName="CodexBootstrap.Tests.Core.StateTransitionTests.Edge_BetweenIceAndGasNodes_ShouldNotPersist" computerName="Seeker-Mac" duration="00:00:00.2174938" startTime="2025-09-22T05:29:49.9437660-06:00" endTime="2025-09-22T05:29:49.9437660-06:00" testType="13cdc9d9-ddb5-4fa4-a97d-d965ccfc6d4b" outcome="Passed" testListId="8c84fa94-04c1-424b-9868-57a2d4851a1d" relativeResultsDirectory="c9b2c958-85fa-4f8e-99fe-b2356a4f47e7" />
    <UnitTestResult executionId="bd34a57e-46ba-48af-a85b-505088f604e2" testId="8e2e70aa-52bc-bb4c-eb25-92a87f9a71ab" testName="CodexBootstrap.Tests.Modules.CoreModuleTests.Constructor_ShouldInitializeCorrectly" computerName="Seeker-Mac" duration="00:00:00.0000858" startTime="2025-09-22T05:30:25.6019460-06:00" endTime="2025-09-22T05:30:25.6019460-06:00" testType="13cdc9d9-ddb5-4fa4-a97d-d965ccfc6d4b" outcome="Passed" testListId="8c84fa94-04c1-424b-9868-57a2d4851a1d" relativeResultsDirectory="bd34a57e-46ba-48af-a85b-505088f604e2" />
    <UnitTestResult executionId="eaa1ffde-2939-47cb-befa-2350ee2f3421" testId="8fd24cd4-a9c0-0221-2fef-ed0703bf3428" testName="CodexBootstrap.Tests.Integration.ApiIntegrationTests.ApiDiscovery_ShouldReturnAvailableEndpoints" computerName="Seeker-Mac" duration="00:00:00.0010134" startTime="2025-09-22T05:31:31.9791190-06:00" endTime="2025-09-22T05:31:31.9791190-06:00" testType="13cdc9d9-ddb5-4fa4-a97d-d965ccfc6d4b" outcome="Passed" testListId="8c84fa94-04c1-424b-9868-57a2d4851a1d" relativeResultsDirectory="eaa1ffde-2939-47cb-befa-2350ee2f3421" />
    <UnitTestResult executionId="c6dcd952-0aca-40bc-b8a2-f4f392c1a12b" testId="de6737cf-2597-d0d6-4640-2dcefdc86dd1" testName="CodexBootstrap.Tests.Core.NodeRegistryUserRepositoryTests.DeleteAsync_ShouldRemoveNode" computerName="Seeker-Mac" duration="00:00:00.0671759" startTime="2025-09-22T05:31:28.8783090-06:00" endTime="2025-09-22T05:31:28.8783090-06:00" testType="13cdc9d9-ddb5-4fa4-a97d-d965ccfc6d4b" outcome="Passed" testListId="8c84fa94-04c1-424b-9868-57a2d4851a1d" relativeResultsDirectory="c6dcd952-0aca-40bc-b8a2-f4f392c1a12b" />
    <UnitTestResult executionId="708bd8d2-4466-4b40-9fc5-0eff8c0c6d4b" testId="330b9d6c-f08d-3484-f6a0-3b921f0a24a8" testName="CodexBootstrap.Tests.IdentityTests.MockIdentityProvider_ShouldValidateUser" computerName="Seeker-Mac" duration="00:00:00.0163831" startTime="2025-09-22T05:31:31.5935510-06:00" endTime="2025-09-22T05:31:31.5935510-06:00" testType="13cdc9d9-ddb5-4fa4-a97d-d965ccfc6d4b" outcome="Passed" testListId="8c84fa94-04c1-424b-9868-57a2d4851a1d" relativeResultsDirectory="708bd8d2-4466-4b40-9fc5-0eff8c0c6d4b" />
    <UnitTestResult executionId="e95dbcf1-ac3f-4f1d-bd86-0c6273af09ab" testId="4cdd7a6f-85c0-305c-e9b1-fd8d4db0dee3" testName="CodexBootstrap.Tests.ApiIntegrationTests.OAuthValidate_ShouldValidateUser" computerName="Seeker-Mac" duration="00:00:00.0025073" startTime="2025-09-22T05:30:25.6210280-06:00" endTime="2025-09-22T05:30:25.6210280-06:00" testType="13cdc9d9-ddb5-4fa4-a97d-d965ccfc6d4b" outcome="Passed" testListId="8c84fa94-04c1-424b-9868-57a2d4851a1d" relativeResultsDirectory="e95dbcf1-ac3f-4f1d-bd86-0c6273af09ab" />
    <UnitTestResult executionId="02e64f48-2d76-4079-88d2-5e4b97a4cedf" testId="d97a6a51-1d28-ab30-5e6f-d68d2a74dcbf" testName="CodexBootstrap.Tests.Modules.ConceptModuleApiTests.CreateConcept_ShouldReturnBadRequest_WhenInvalidRequest" computerName="Seeker-Mac" duration="00:00:00.0072908" startTime="2025-09-22T05:30:50.1711850-06:00" endTime="2025-09-22T05:30:50.1711850-06:00" testType="13cdc9d9-ddb5-4fa4-a97d-d965ccfc6d4b" outcome="Passed" testListId="8c84fa94-04c1-424b-9868-57a2d4851a1d" relativeResultsDirectory="02e64f48-2d76-4079-88d2-5e4b97a4cedf" />
    <UnitTestResult executionId="8a287e49-6e83-45d6-894f-32af91f4225b" testId="a4d19a43-eee6-b34b-17f0-66d7158f5890" testName="CodexBootstrap.Tests.Modules.ConceptModuleApiTests.GetConcept_ShouldReturnConcept_WhenConceptExists" computerName="Seeker-Mac" duration="00:00:00.0041829" startTime="2025-09-22T05:30:50.1755410-06:00" endTime="2025-09-22T05:30:50.1755410-06:00" testType="13cdc9d9-ddb5-4fa4-a97d-d965ccfc6d4b" outcome="Passed" testListId="8c84fa94-04c1-424b-9868-57a2d4851a1d" relativeResultsDirectory="8a287e49-6e83-45d6-894f-32af91f4225b" />
    <UnitTestResult executionId="72098495-d203-4130-830d-7030ccf7835a" testId="4b95da6d-f196-a0fd-8ffb-751fec95c314" testName="CodexBootstrap.Tests.Modules.VisualValidationModuleTests.AnalyzeRenderedImage_ShouldReturnAnalysisUsingRouter" computerName="Seeker-Mac" duration="00:00:00.0022329" startTime="2025-09-22T05:31:08.7695780-06:00" endTime="2025-09-22T05:31:08.7695780-06:00" testType="13cdc9d9-ddb5-4fa4-a97d-d965ccfc6d4b" outcome="Passed" testListId="8c84fa94-04c1-424b-9868-57a2d4851a1d" relativeResultsDirectory="72098495-d203-4130-830d-7030ccf7835a" />
    <UnitTestResult executionId="2df10e55-81a4-4f03-9c11-ce0771b13d89" testId="414bd08a-1856-619a-1a2c-f8de6ed4b859" testName="CodexBootstrap.Tests.Modules.FileSystemModuleTests.SearchFiles_WithContentSearch_FindsMatches" computerName="Seeker-Mac" duration="00:00:00.0545192" startTime="2025-09-22T05:31:37.7892950-06:00" endTime="2025-09-22T05:31:37.7892950-06:00" testType="13cdc9d9-ddb5-4fa4-a97d-d965ccfc6d4b" outcome="Passed" testListId="8c84fa94-04c1-424b-9868-57a2d4851a1d" relativeResultsDirectory="2df10e55-81a4-4f03-9c11-ce0771b13d89" />
    <UnitTestResult executionId="d5fe1aee-84af-4c9e-9461-89d5c3f957a7" testId="5c474062-002c-63b6-812f-52223136dd77" testName="CodexBootstrap.Tests.Modules.NewsModuleApiTests.MarkNewsAsRead_ShouldReturnSuccess_WhenCalled" computerName="Seeker-Mac" duration="00:00:00.0058825" startTime="2025-09-22T05:29:52.2988940-06:00" endTime="2025-09-22T05:29:52.2988940-06:00" testType="13cdc9d9-ddb5-4fa4-a97d-d965ccfc6d4b" outcome="Passed" testListId="8c84fa94-04c1-424b-9868-57a2d4851a1d" relativeResultsDirectory="d5fe1aee-84af-4c9e-9461-89d5c3f957a7" />
    <UnitTestResult executionId="b4b02b74-e9f1-4dcb-b0bc-e447d8dff24b" testId="e9843f28-60bb-39a2-a561-28fdfd88f317" testName="CodexBootstrap.Tests.SimpleIntegrationTests.RootEndpoint_ShouldRespond" computerName="Seeker-Mac" duration="00:00:00.0016483" startTime="2025-09-22T05:30:04.8830070-06:00" endTime="2025-09-22T05:30:04.8830070-06:00" testType="13cdc9d9-ddb5-4fa4-a97d-d965ccfc6d4b" outcome="Passed" testListId="8c84fa94-04c1-424b-9868-57a2d4851a1d" relativeResultsDirectory="b4b02b74-e9f1-4dcb-b0bc-e447d8dff24b" />
    <UnitTestResult executionId="65ac0cb4-8502-401d-b1aa-5793c8ac366f" testId="79341776-28f9-9f5a-685e-8b9cb0ecc3e5" testName="CodexBootstrap.Tests.IdentityTests.MockIdentityProvider_ShouldInitiateLogin" computerName="Seeker-Mac" duration="00:00:00.0185927" startTime="2025-09-22T05:31:31.4499840-06:00" endTime="2025-09-22T05:31:31.4499840-06:00" testType="13cdc9d9-ddb5-4fa4-a97d-d965ccfc6d4b" outcome="Passed" testListId="8c84fa94-04c1-424b-9868-57a2d4851a1d" relativeResultsDirectory="65ac0cb4-8502-401d-b1aa-5793c8ac366f" />
    <UnitTestResult executionId="424f9034-9df5-477c-8e8d-008c7f311750" testId="d2562022-cd7f-36b1-1c2d-849cc064d530" testName="CodexBootstrap.Tests.Core.NodePersistenceTests.ServerRestart_MixedStates_ShouldRestoreCorrectly" computerName="Seeker-Mac" duration="00:00:00.2050184" startTime="2025-09-22T05:31:28.5660260-06:00" endTime="2025-09-22T05:31:28.5660260-06:00" testType="13cdc9d9-ddb5-4fa4-a97d-d965ccfc6d4b" outcome="Passed" testListId="8c84fa94-04c1-424b-9868-57a2d4851a1d" relativeResultsDirectory="424f9034-9df5-477c-8e8d-008c7f311750" />
    <UnitTestResult executionId="df7df165-4f21-48e8-9319-b83d3101a1ae" testId="5f315f1e-d6f1-03f6-3f34-8b951770fd4b" testName="CodexBootstrap.Tests.ApiIntegrationTests.Modules_ShouldBeAvailable" computerName="Seeker-Mac" duration="00:00:00.0036389" startTime="2025-09-22T05:30:25.6183910-06:00" endTime="2025-09-22T05:30:25.6183910-06:00" testType="13cdc9d9-ddb5-4fa4-a97d-d965ccfc6d4b" outcome="Passed" testListId="8c84fa94-04c1-424b-9868-57a2d4851a1d" relativeResultsDirectory="df7df165-4f21-48e8-9319-b83d3101a1ae" />
    <UnitTestResult executionId="300d97f0-114d-4f2a-ac33-0b6501e06093" testId="7a9984de-d3ac-18cd-d3c6-06e7c8272524" testName="CodexBootstrap.Tests.Modules.CoreModuleTests.GetModuleNode_ShouldReturnModuleNode" computerName="Seeker-Mac" duration="00:00:00.0001559" startTime="2025-09-22T05:30:25.6016850-06:00" endTime="2025-09-22T05:30:25.6016850-06:00" testType="13cdc9d9-ddb5-4fa4-a97d-d965ccfc6d4b" outcome="Passed" testListId="8c84fa94-04c1-424b-9868-57a2d4851a1d" relativeResultsDirectory="300d97f0-114d-4f2a-ac33-0b6501e06093" />
    <UnitTestResult executionId="f2de5392-5d66-49b5-9ca3-61e1ca8d7335" testId="297dbb1d-563a-4ae2-6e9d-d6d45465095a" testName="CodexBootstrap.Tests.Core.NodePersistenceTests.EdgePersistence_IceToIce_ShouldPersistInIceStorage" computerName="Seeker-Mac" duration="00:00:00.2157562" startTime="2025-09-22T05:31:26.9775810-06:00" endTime="2025-09-22T05:31:26.9775810-06:00" testType="13cdc9d9-ddb5-4fa4-a97d-d965ccfc6d4b" outcome="Passed" testListId="8c84fa94-04c1-424b-9868-57a2d4851a1d" relativeResultsDirectory="f2de5392-5d66-49b5-9ca3-61e1ca8d7335" />
    <UnitTestResult executionId="2d0fedf6-00a7-4c99-b3d3-af5c62f0372a" testId="f1e9172e-c439-b721-cfd4-273b562aabf9" testName="CodexBootstrap.Tests.ApiEndpointTests.UserEndpoints_ShouldBeAccessible" computerName="Seeker-Mac" duration="00:00:00.0014930" startTime="2025-09-22T05:31:31.1421460-06:00" endTime="2025-09-22T05:31:31.1421460-06:00" testType="13cdc9d9-ddb5-4fa4-a97d-d965ccfc6d4b" outcome="Passed" testListId="8c84fa94-04c1-424b-9868-57a2d4851a1d" relativeResultsDirectory="2d0fedf6-00a7-4c99-b3d3-af5c62f0372a" />
    <UnitTestResult executionId="32df5c35-595f-4177-910c-c60653180421" testId="5fd7373e-836c-fd3b-1266-60a16d14daf5" testName="CodexBootstrap.Tests.Modules.EnergyModuleApiTests.GetContributorEnergy_ShouldReturnBadRequest_WhenUserIdInvalid_WhenImplemented" computerName="Seeker-Mac" duration="00:00:00.0011153" startTime="2025-09-22T05:30:27.8524370-06:00" endTime="2025-09-22T05:30:27.8524370-06:00" testType="13cdc9d9-ddb5-4fa4-a97d-d965ccfc6d4b" outcome="Passed" testListId="8c84fa94-04c1-424b-9868-57a2d4851a1d" relativeResultsDirectory="32df5c35-595f-4177-910c-c60653180421" />
    <UnitTestResult executionId="e074c815-3331-4a05-9c86-8e4543139a3b" testId="2077052f-6555-ad72-a6cc-99d9e1294aa2" testName="CodexBootstrap.Tests.Core.NodeRegistryUserRepositoryTests.UpdateAsync_ShouldOverwriteMetadata" computerName="Seeker-Mac" duration="00:00:00.0035101" startTime="2025-09-22T05:31:28.8818680-06:00" endTime="2025-09-22T05:31:28.8818680-06:00" testType="13cdc9d9-ddb5-4fa4-a97d-d965ccfc6d4b" outcome="Passed" testListId="8c84fa94-04c1-424b-9868-57a2d4851a1d" relativeResultsDirectory="e074c815-3331-4a05-9c86-8e4543139a3b" />
    <UnitTestResult executionId="7cb164f5-ff7c-4a88-a9c1-2961b0ba4559" testId="4e538f89-b18c-cf2e-2f16-94dc81d451d9" testName="CodexBootstrap.Tests.Modules.NodeEdgeModuleApiTests.GetEdge_ShouldReturnEdge_WhenImplemented" computerName="Seeker-Mac" duration="00:00:00.0015664" startTime="2025-09-22T05:30:35.3492930-06:00" endTime="2025-09-22T05:30:35.3492930-06:00" testType="13cdc9d9-ddb5-4fa4-a97d-d965ccfc6d4b" outcome="Passed" testListId="8c84fa94-04c1-424b-9868-57a2d4851a1d" relativeResultsDirectory="7cb164f5-ff7c-4a88-a9c1-2961b0ba4559" />
    <UnitTestResult executionId="b926e835-3eb0-4653-9dbc-0c8009d9d85b" testId="f0c4e84a-6a98-a7e5-d083-79a02acb860c" testName="CodexBootstrap.Tests.Core.StateTransitionTests.NodeStateTransition_FromWaterToIce_ShouldMigrateEdgesToIce" computerName="Seeker-Mac" duration="00:00:00.3143792" startTime="2025-09-22T05:29:48.9781060-06:00" endTime="2025-09-22T05:29:48.9781070-06:00" testType="13cdc9d9-ddb5-4fa4-a97d-d965ccfc6d4b" outcome="Passed" testListId="8c84fa94-04c1-424b-9868-57a2d4851a1d" relativeResultsDirectory="b926e835-3eb0-4653-9dbc-0c8009d9d85b" />
    <UnitTestResult executionId="434151bd-8a00-44fd-ae5f-ec6628a6ad87" testId="4c978083-c229-a01c-6a7c-ef18e5236170" testName="CodexBootstrap.Tests.IdentityTests.MockIdentityProvider_ShouldExchangeCodeForToken" computerName="Seeker-Mac" duration="00:00:00.1135434" startTime="2025-09-22T05:31:31.9427400-06:00" endTime="2025-09-22T05:31:31.9427400-06:00" testType="13cdc9d9-ddb5-4fa4-a97d-d965ccfc6d4b" outcome="Passed" testListId="8c84fa94-04c1-424b-9868-57a2d4851a1d" relativeResultsDirectory="434151bd-8a00-44fd-ae5f-ec6628a6ad87" />
    <UnitTestResult executionId="84736ce7-6582-492e-bd11-371d6e624349" testId="d7af24cc-1160-9a7c-4a14-3e64c6768ae5" testName="CodexBootstrap.Tests.ComprehensiveEndpointDiscovery.SwaggerEndpoint_ShouldReturnApiDocumentation" computerName="Seeker-Mac" duration="00:00:00.0017122" startTime="2025-09-22T05:31:31.1938410-06:00" endTime="2025-09-22T05:31:31.1938410-06:00" testType="13cdc9d9-ddb5-4fa4-a97d-d965ccfc6d4b" outcome="Passed" testListId="8c84fa94-04c1-424b-9868-57a2d4851a1d" relativeResultsDirectory="84736ce7-6582-492e-bd11-371d6e624349" />
    <UnitTestResult executionId="cf604a1f-73da-4bd0-96db-546503b7be3c" testId="9427af82-0059-a7d9-573f-043a790c4050" testName="CodexBootstrap.Tests.UCoreOntologyTests.UCoreInitializer_Should_LoadAllUniversalAxes" computerName="Seeker-Mac" duration="00:00:00.0051513" startTime="2025-09-22T05:30:12.2609920-06:00" endTime="2025-09-22T05:30:12.2609920-06:00" testType="13cdc9d9-ddb5-4fa4-a97d-d965ccfc6d4b" outcome="Passed" testListId="8c84fa94-04c1-424b-9868-57a2d4851a1d" relativeResultsDirectory="cf604a1f-73da-4bd0-96db-546503b7be3c" />
    <UnitTestResult executionId="ce5d5712-76c6-47df-b94f-9c9e248e9b8a" testId="55db700b-b4b0-5cf1-78a6-21f835d00459" testName="CodexBootstrap.Tests.Modules.NewsModuleApiTests.GetNewsItem_ShouldReturnNotFound_WhenNewsItemNotFound" computerName="Seeker-Mac" duration="00:00:00.0121795" startTime="2025-09-22T05:29:52.3354330-06:00" endTime="2025-09-22T05:29:52.3354330-06:00" testType="13cdc9d9-ddb5-4fa4-a97d-d965ccfc6d4b" outcome="Passed" testListId="8c84fa94-04c1-424b-9868-57a2d4851a1d" relativeResultsDirectory="ce5d5712-76c6-47df-b94f-9c9e248e9b8a" />
    <UnitTestResult executionId="a5728edc-4242-44d5-b2fb-92a0802f74f6" testId="0500d70f-e850-de9a-7eba-8164c3b2fd99" testName="CodexBootstrap.Tests.Modules.NewsModuleApiTests.GetRelatedNews_ShouldReturnNotFound_WhenNewsItemNotFound" computerName="Seeker-Mac" duration="00:00:00.0118625" startTime="2025-09-22T05:29:52.3515100-06:00" endTime="2025-09-22T05:29:52.3515100-06:00" testType="13cdc9d9-ddb5-4fa4-a97d-d965ccfc6d4b" outcome="Passed" testListId="8c84fa94-04c1-424b-9868-57a2d4851a1d" relativeResultsDirectory="a5728edc-4242-44d5-b2fb-92a0802f74f6" />
    <UnitTestResult executionId="8338bc3f-0990-4df8-8c39-2ecd3018ec74" testId="d94c59b9-3860-902d-b295-c5d99d6d5e53" testName="CodexBootstrap.Tests.Core.NodePersistenceTests.ServerRestart_WaterNodes_ShouldNotSurviveRestart" computerName="Seeker-Mac" duration="00:00:00.2156840" startTime="2025-09-22T05:31:25.0367860-06:00" endTime="2025-09-22T05:31:25.0367860-06:00" testType="13cdc9d9-ddb5-4fa4-a97d-d965ccfc6d4b" outcome="Passed" testListId="8c84fa94-04c1-424b-9868-57a2d4851a1d" relativeResultsDirectory="8338bc3f-0990-4df8-8c39-2ecd3018ec74" />
    <UnitTestResult executionId="c4a4783a-ea7f-4daf-aed7-766ed6369506" testId="a117d892-9fd1-1ad8-8d90-f3c71328203c" testName="CodexBootstrap.Tests.Core.NodeRegistryTests.TryGet_WithExistingId_ShouldReturnNode" computerName="Seeker-Mac" duration="00:00:00.0007099" startTime="2025-09-22T05:31:37.1653030-06:00" endTime="2025-09-22T05:31:37.1653030-06:00" testType="13cdc9d9-ddb5-4fa4-a97d-d965ccfc6d4b" outcome="Passed" testListId="8c84fa94-04c1-424b-9868-57a2d4851a1d" relativeResultsDirectory="c4a4783a-ea7f-4daf-aed7-766ed6369506" />
    <UnitTestResult executionId="3a1aa302-987b-4ad3-a69c-a238e65f3968" testId="999fb951-b7b5-6631-599e-31a6be246d87" testName="CodexBootstrap.Tests.Modules.ThreadsModuleTests.GetThread_WithNonExistentId_ReturnsError" computerName="Seeker-Mac" duration="00:00:00.0037296" startTime="2025-09-22T05:29:59.7087080-06:00" endTime="2025-09-22T05:29:59.7087080-06:00" testType="13cdc9d9-ddb5-4fa4-a97d-d965ccfc6d4b" outcome="Passed" testListId="8c84fa94-04c1-424b-9868-57a2d4851a1d" relativeResultsDirectory="3a1aa302-987b-4ad3-a69c-a238e65f3968" />
    <UnitTestResult executionId="d0bb1dfa-271c-4af2-becf-5840eccc4f3c" testId="e816d20a-430f-2d97-9262-77eb57c11839" testName="CodexBootstrap.Tests.Modules.CoreModuleTests.Register_ShouldRegisterModuleWithRegistry" computerName="Seeker-Mac" duration="00:00:00.0612126" startTime="2025-09-22T05:30:25.6010440-06:00" endTime="2025-09-22T05:30:25.6010440-06:00" testType="13cdc9d9-ddb5-4fa4-a97d-d965ccfc6d4b" outcome="Passed" testListId="8c84fa94-04c1-424b-9868-57a2d4851a1d" relativeResultsDirectory="d0bb1dfa-271c-4af2-becf-5840eccc4f3c" />
    <UnitTestResult executionId="6e828572-5d6e-4476-b81e-66cf231feae4" testId="9362de11-64d0-3a11-bfe7-ba203f9734b0" testName="CodexBootstrap.Tests.Modules.IdentityModuleApiTests.Authenticate_ShouldHandleMalformedJson" computerName="Seeker-Mac" duration="00:00:00.0053221" startTime="2025-09-22T05:30:42.7948450-06:00" endTime="2025-09-22T05:30:42.7948450-06:00" testType="13cdc9d9-ddb5-4fa4-a97d-d965ccfc6d4b" outcome="Passed" testListId="8c84fa94-04c1-424b-9868-57a2d4851a1d" relativeResultsDirectory="6e828572-5d6e-4476-b81e-66cf231feae4" />
    <UnitTestResult executionId="6db0ae00-9eae-4579-99c5-86b1c8aabe11" testId="3bd72a3e-a2cb-9292-a956-91e21e17c8b0" testName="CodexBootstrap.Tests.ApiIntegrationTests.HealthEndpoint_ShouldReturnHealthyStatus" computerName="Seeker-Mac" duration="00:00:00.0113387" startTime="2025-09-22T05:30:25.6145410-06:00" endTime="2025-09-22T05:30:25.6145420-06:00" testType="13cdc9d9-ddb5-4fa4-a97d-d965ccfc6d4b" outcome="Passed" testListId="8c84fa94-04c1-424b-9868-57a2d4851a1d" relativeResultsDirectory="6db0ae00-9eae-4579-99c5-86b1c8aabe11" />
    <UnitTestResult executionId="32bc529f-8f25-425b-b7b1-712a8726a910" testId="db697f2e-ce6c-0e67-fba6-9e9dcf38b114" testName="CodexBootstrap.Tests.Modules.ConceptModuleApiTests.DeleteConcept_ShouldReturnSuccess_WhenConceptExists" computerName="Seeker-Mac" duration="00:00:00.0025927" startTime="2025-09-22T05:30:50.1933700-06:00" endTime="2025-09-22T05:30:50.1933700-06:00" testType="13cdc9d9-ddb5-4fa4-a97d-d965ccfc6d4b" outcome="Passed" testListId="8c84fa94-04c1-424b-9868-57a2d4851a1d" relativeResultsDirectory="32bc529f-8f25-425b-b7b1-712a8726a910" />
    <UnitTestResult executionId="c2bd681e-db52-437c-916f-5f4db6fef097" testId="3ffad5fc-3d39-cf1b-b6aa-3a273e7e7f8c" testName="CodexBootstrap.Tests.Modules.EnergyModuleApiTests.GetContributorEnergy_ShouldReturnUserEnergy_WhenImplemented" computerName="Seeker-Mac" duration="00:00:00.0014154" startTime="2025-09-22T05:30:27.8511040-06:00" endTime="2025-09-22T05:30:27.8511040-06:00" testType="13cdc9d9-ddb5-4fa4-a97d-d965ccfc6d4b" outcome="Passed" testListId="8c84fa94-04c1-424b-9868-57a2d4851a1d" relativeResultsDirectory="c2bd681e-db52-437c-916f-5f4db6fef097" />
    <UnitTestResult executionId="f829d7e7-c0c6-4c57-84b8-1705f5660993" testId="2b00ad46-f32b-446f-acdc-2eea35c5f140" testName="CodexBootstrap.Tests.Modules.AIModuleTests.GetModuleNode_ShouldReturnModuleNode" computerName="Seeker-Mac" duration="00:00:00.0003337" startTime="2025-09-22T05:31:02.7464010-06:00" endTime="2025-09-22T05:31:02.7464010-06:00" testType="13cdc9d9-ddb5-4fa4-a97d-d965ccfc6d4b" outcome="Passed" testListId="8c84fa94-04c1-424b-9868-57a2d4851a1d" relativeResultsDirectory="f829d7e7-c0c6-4c57-84b8-1705f5660993" />
    <UnitTestResult executionId="a452e31a-4ca8-4c05-8904-b42885eee89b" testId="f26cae9a-0cfd-3b5a-d1f4-d5ed084eadad" testName="CodexBootstrap.Tests.Modules.AIModuleTests.RegisterApiHandlers_ShouldNotThrow" computerName="Seeker-Mac" duration="00:00:00.0107721" startTime="2025-09-22T05:31:02.7454830-06:00" endTime="2025-09-22T05:31:02.7454830-06:00" testType="13cdc9d9-ddb5-4fa4-a97d-d965ccfc6d4b" outcome="Passed" testListId="8c84fa94-04c1-424b-9868-57a2d4851a1d" relativeResultsDirectory="a452e31a-4ca8-4c05-8904-b42885eee89b" />
    <UnitTestResult executionId="9e68b8bd-61af-4c71-a110-04b33053439c" testId="d369dd01-3a76-1028-9769-257b2738d39c" testName="CodexBootstrap.Tests.Modules.NewsModuleApiTests.GetTrendingTopics_ShouldAcceptLimitParameter" computerName="Seeker-Mac" duration="00:00:00.0104071" startTime="2025-09-22T05:29:52.2274500-06:00" endTime="2025-09-22T05:29:52.2274520-06:00" testType="13cdc9d9-ddb5-4fa4-a97d-d965ccfc6d4b" outcome="Passed" testListId="8c84fa94-04c1-424b-9868-57a2d4851a1d" relativeResultsDirectory="9e68b8bd-61af-4c71-a110-04b33053439c" />
    <UnitTestResult executionId="50d79aba-62cf-467c-93ad-58ed3d9df89e" testId="a1457caa-f4c9-ba63-922a-5d90fbfc1363" testName="CodexBootstrap.Tests.Core.NodeRegistryTests.GetEdgesFrom_ShouldReturnEdgesFromSpecificNode" computerName="Seeker-Mac" duration="00:00:00.0009525" startTime="2025-09-22T05:31:37.1356110-06:00" endTime="2025-09-22T05:31:37.1356110-06:00" testType="13cdc9d9-ddb5-4fa4-a97d-d965ccfc6d4b" outcome="Passed" testListId="8c84fa94-04c1-424b-9868-57a2d4851a1d" relativeResultsDirectory="50d79aba-62cf-467c-93ad-58ed3d9df89e" />
    <UnitTestResult executionId="80cd1e65-6ac6-421f-9f0c-c78e76b24976" testId="1529436c-8c17-521b-037f-0f4a6c1e07b3" testName="CodexBootstrap.Tests.Modules.UXPrimitivesModuleTests.GetReceivedInvites_WithNoInvites_ReturnsEmptyList" computerName="Seeker-Mac" duration="00:00:00.0016402" startTime="2025-09-22T05:31:18.3967250-06:00" endTime="2025-09-22T05:31:18.3967250-06:00" testType="13cdc9d9-ddb5-4fa4-a97d-d965ccfc6d4b" outcome="Passed" testListId="8c84fa94-04c1-424b-9868-57a2d4851a1d" relativeResultsDirectory="80cd1e65-6ac6-421f-9f0c-c78e76b24976" />
    <UnitTestResult executionId="c7e4b189-5368-48ed-a0ba-f435129dd5ee" testId="88484ee7-b056-96be-c3f0-2f9ff210be2a" testName="CodexBootstrap.Tests.Modules.NoMockDataRegressionTests.ThreadsModule_ListThreads_WithoutMockData_ReturnsEmptyOrError" computerName="Seeker-Mac" duration="00:00:00.0190221" startTime="2025-09-22T05:31:10.9788010-06:00" endTime="2025-09-22T05:31:10.9788010-06:00" testType="13cdc9d9-ddb5-4fa4-a97d-d965ccfc6d4b" outcome="Passed" testListId="8c84fa94-04c1-424b-9868-57a2d4851a1d" relativeResultsDirectory="c7e4b189-5368-48ed-a0ba-f435129dd5ee" />
    <UnitTestResult executionId="07b89f40-84f7-49f8-81d6-5925e9eea138" testId="1e43300c-2a88-befd-5bd4-aa2b7d5a855b" testName="CodexBootstrap.Tests.UCoreOntologyTests.TopologyPaths_Should_ConnectToUCoreConcepts_IfPresent" computerName="Seeker-Mac" duration="00:00:00.0043245" startTime="2025-09-22T05:30:12.2655700-06:00" endTime="2025-09-22T05:30:12.2655700-06:00" testType="13cdc9d9-ddb5-4fa4-a97d-d965ccfc6d4b" outcome="Passed" testListId="8c84fa94-04c1-424b-9868-57a2d4851a1d" relativeResultsDirectory="07b89f40-84f7-49f8-81d6-5925e9eea138" />
    <UnitTestResult executionId="9481bb03-9582-4efb-a0ed-5d6ac3d1903c" testId="0eb841ee-4360-bfaa-b760-47ef164dac80" testName="CodexBootstrap.Tests.Modules.EnergyModuleApiTests.GetCollectiveEnergy_ShouldReturnEnergyValue_WhenImplemented" computerName="Seeker-Mac" duration="00:00:00.0025281" startTime="2025-09-22T05:30:27.8460070-06:00" endTime="2025-09-22T05:30:27.8460070-06:00" testType="13cdc9d9-ddb5-4fa4-a97d-d965ccfc6d4b" outcome="Passed" testListId="8c84fa94-04c1-424b-9868-57a2d4851a1d" relativeResultsDirectory="9481bb03-9582-4efb-a0ed-5d6ac3d1903c" />
    <UnitTestResult executionId="2ad2a02c-837f-4d81-a0ed-5031fcc25268" testId="2fb70c5e-3630-184f-467a-2c4ada567323" testName="CodexBootstrap.Tests.Modules.NodeEdgeModuleApiTests.SearchNodes_ShouldReturnSearchResults_WhenImplemented" computerName="Seeker-Mac" duration="00:00:00.0394508" startTime="2025-09-22T05:30:35.2986680-06:00" endTime="2025-09-22T05:30:35.2986680-06:00" testType="13cdc9d9-ddb5-4fa4-a97d-d965ccfc6d4b" outcome="Passed" testListId="8c84fa94-04c1-424b-9868-57a2d4851a1d" relativeResultsDirectory="2ad2a02c-837f-4d81-a0ed-5031fcc25268" />
    <UnitTestResult executionId="79aa47e2-f002-40e5-93e7-71096ca3560c" testId="6656d4a1-4590-68b8-41cf-6ebd4239279f" testName="CodexBootstrap.Tests.Core.NodePersistenceTests.MetadataQueries_ShouldPersistCorrectly" computerName="Seeker-Mac" duration="00:00:00.2086844" startTime="2025-09-22T05:31:27.5082850-06:00" endTime="2025-09-22T05:31:27.5082850-06:00" testType="13cdc9d9-ddb5-4fa4-a97d-d965ccfc6d4b" outcome="Passed" testListId="8c84fa94-04c1-424b-9868-57a2d4851a1d" relativeResultsDirectory="79aa47e2-f002-40e5-93e7-71096ca3560c" />
    <UnitTestResult executionId="e8a49faa-4690-4ded-bd58-3af566abe8ef" testId="3ee13cb4-0958-6775-b9ba-c8af5a50fd57" testName="CodexBootstrap.Tests.IdentityTests.AuthenticateUser_ShouldAuthenticateValidUser" computerName="Seeker-Mac" duration="00:00:00.0307191" startTime="2025-09-22T05:31:31.5630260-06:00" endTime="2025-09-22T05:31:31.5630260-06:00" testType="13cdc9d9-ddb5-4fa4-a97d-d965ccfc6d4b" outcome="Passed" testListId="8c84fa94-04c1-424b-9868-57a2d4851a1d" relativeResultsDirectory="e8a49faa-4690-4ded-bd58-3af566abe8ef" />
    <UnitTestResult executionId="f0d0dd32-f928-49aa-b01b-a69f608ca18b" testId="92cb8fbf-5503-f34b-b811-ac131e120972" testName="CodexBootstrap.Tests.Core.NodeRegistryUserRepositoryTests.GetByEmailAsync_ShouldMatchRegardlessOfCase" computerName="Seeker-Mac" duration="00:00:00.1323761" startTime="2025-09-22T05:31:28.8108500-06:00" endTime="2025-09-22T05:31:28.8108500-06:00" testType="13cdc9d9-ddb5-4fa4-a97d-d965ccfc6d4b" outcome="Passed" testListId="8c84fa94-04c1-424b-9868-57a2d4851a1d" relativeResultsDirectory="f0d0dd32-f928-49aa-b01b-a69f608ca18b" />
    <UnitTestResult executionId="6d80655f-93aa-48f9-b993-e9dc560213f0" testId="de3c4b09-a3ad-ae77-63dc-db0c1fac083d" testName="CodexBootstrap.Tests.Modules.UXPrimitivesModuleTests.SendInvite_WithoutMessage_ReturnsError" computerName="Seeker-Mac" duration="00:00:00.0014811" startTime="2025-09-22T05:31:18.3847000-06:00" endTime="2025-09-22T05:31:18.3847000-06:00" testType="13cdc9d9-ddb5-4fa4-a97d-d965ccfc6d4b" outcome="Passed" testListId="8c84fa94-04c1-424b-9868-57a2d4851a1d" relativeResultsDirectory="6d80655f-93aa-48f9-b993-e9dc560213f0" />
    <UnitTestResult executionId="f36f6be2-e3db-4fd6-8720-8880ddfaad0b" testId="95697913-300a-0d09-fede-d269c1c9cc5a" testName="CodexBootstrap.Tests.Modules.ConceptModuleApiTests.CreateConcept_ShouldReturnSuccess_WhenValidRequest" computerName="Seeker-Mac" duration="00:00:00.0033401" startTime="2025-09-22T05:30:50.2264150-06:00" endTime="2025-09-22T05:30:50.2264150-06:00" testType="13cdc9d9-ddb5-4fa4-a97d-d965ccfc6d4b" outcome="Passed" testListId="8c84fa94-04c1-424b-9868-57a2d4851a1d" relativeResultsDirectory="f36f6be2-e3db-4fd6-8720-8880ddfaad0b" />
    <UnitTestResult executionId="9bb905e3-c499-4d76-8d9c-ae14593d741e" testId="699de456-4b30-e20b-d29b-f9997d34c156" testName="CodexBootstrap.Tests.Modules.IdentityModuleApiTests.Authenticate_ShouldReturnUnauthorized_WhenInvalidCredentials" computerName="Seeker-Mac" duration="00:00:00.0102147" startTime="2025-09-22T05:30:42.7893310-06:00" endTime="2025-09-22T05:30:42.7893310-06:00" testType="13cdc9d9-ddb5-4fa4-a97d-d965ccfc6d4b" outcome="Passed" testListId="8c84fa94-04c1-424b-9868-57a2d4851a1d" relativeResultsDirectory="9bb905e3-c499-4d76-8d9c-ae14593d741e" />
    <UnitTestResult executionId="5e04f919-28b8-44e3-850e-88c7b665289b" testId="48903600-7115-f18f-cfaa-40f126ec72dd" testName="CodexBootstrap.Tests.Core.NodePersistenceTests.NodeStateTransition_IceToWater_ShouldMoveStorage" computerName="Seeker-Mac" duration="00:00:00.2151883" startTime="2025-09-22T05:31:27.1930170-06:00" endTime="2025-09-22T05:31:27.1930170-06:00" testType="13cdc9d9-ddb5-4fa4-a97d-d965ccfc6d4b" outcome="Passed" testListId="8c84fa94-04c1-424b-9868-57a2d4851a1d" relativeResultsDirectory="5e04f919-28b8-44e3-850e-88c7b665289b" />
    <UnitTestResult executionId="d401189d-2369-47f2-b284-0a9bcfa6761b" testId="04685a3a-4e68-f6f3-27c2-152f2ba69c55" testName="CodexBootstrap.Tests.Core.StateTransitionTests.NodeStateTransition_FromIceToWater_ShouldMigrateEdgesToWater" computerName="Seeker-Mac" duration="00:00:00.3157489" startTime="2025-09-22T05:29:49.2942720-06:00" endTime="2025-09-22T05:29:49.2942730-06:00" testType="13cdc9d9-ddb5-4fa4-a97d-d965ccfc6d4b" outcome="Passed" testListId="8c84fa94-04c1-424b-9868-57a2d4851a1d" relativeResultsDirectory="d401189d-2369-47f2-b284-0a9bcfa6761b" />
    <UnitTestResult executionId="ef6699c5-bc70-42d1-9ee6-f9d25e7fda09" testId="fcef5775-779a-bf15-6f5f-56cf4b7bf258" testName="CodexBootstrap.Tests.Modules.GalleryModuleTests.ModuleNode_HasCorrectProperties" computerName="Seeker-Mac" duration="00:00:00.0019683" startTime="2025-09-22T05:30:07.0835030-06:00" endTime="2025-09-22T05:30:07.0835030-06:00" testType="13cdc9d9-ddb5-4fa4-a97d-d965ccfc6d4b" outcome="Passed" testListId="8c84fa94-04c1-424b-9868-57a2d4851a1d" relativeResultsDirectory="ef6699c5-bc70-42d1-9ee6-f9d25e7fda09" />
    <UnitTestResult executionId="14bd119f-2ccb-4016-b494-c5806675e460" testId="7fb892fc-7cfe-4a21-f5bf-3ca5ffe75254" testName="CodexBootstrap.Tests.SimpleIntegrationTests.SwaggerEndpoint_ShouldBeAccessible" computerName="Seeker-Mac" duration="00:00:00.0030761" startTime="2025-09-22T05:30:04.8812150-06:00" endTime="2025-09-22T05:30:04.8812150-06:00" testType="13cdc9d9-ddb5-4fa4-a97d-d965ccfc6d4b" outcome="Passed" testListId="8c84fa94-04c1-424b-9868-57a2d4851a1d" relativeResultsDirectory="14bd119f-2ccb-4016-b494-c5806675e460" />
    <UnitTestResult executionId="d70f5a03-2ae5-4b2c-917d-e2ccf97a3edb" testId="5a8b9ae5-6cd8-00d0-c3cf-0d2174ecfe54" testName="CodexBootstrap.Tests.Core.NodePersistenceTests.BulkOperations_ShouldMaintainStateConsistency" computerName="Seeker-Mac" duration="00:00:00.3079302" startTime="2025-09-22T05:31:28.0327690-06:00" endTime="2025-09-22T05:31:28.0327690-06:00" testType="13cdc9d9-ddb5-4fa4-a97d-d965ccfc6d4b" outcome="Passed" testListId="8c84fa94-04c1-424b-9868-57a2d4851a1d" relativeResultsDirectory="d70f5a03-2ae5-4b2c-917d-e2ccf97a3edb" />
    <UnitTestResult executionId="4bf4cdaa-8217-4f27-b42f-0a978261f9c3" testId="98c2172e-97df-13d5-a0eb-3bfd4b42a99b" testName="CodexBootstrap.Tests.Core.NodeRegistryTests.AllNodes_ShouldReturnAllRegisteredNodes" computerName="Seeker-Mac" duration="00:00:00.0010765" startTime="2025-09-22T05:31:37.1336500-06:00" endTime="2025-09-22T05:31:37.1336500-06:00" testType="13cdc9d9-ddb5-4fa4-a97d-d965ccfc6d4b" outcome="Passed" testListId="8c84fa94-04c1-424b-9868-57a2d4851a1d" relativeResultsDirectory="4bf4cdaa-8217-4f27-b42f-0a978261f9c3" />
    <UnitTestResult executionId="1e377d41-6022-4ce3-91fc-5e9cf74b38b3" testId="3f4da332-2fb9-784e-8300-a3ffc13949c4" testName="CodexBootstrap.Tests.IdentityTests.MockIdentityProvider_ShouldGetAllMockUsers" computerName="Seeker-Mac" duration="00:00:00.0009123" startTime="2025-09-22T05:31:31.4509230-06:00" endTime="2025-09-22T05:31:31.4509230-06:00" testType="13cdc9d9-ddb5-4fa4-a97d-d965ccfc6d4b" outcome="Passed" testListId="8c84fa94-04c1-424b-9868-57a2d4851a1d" relativeResultsDirectory="1e377d41-6022-4ce3-91fc-5e9cf74b38b3" />
    <UnitTestResult executionId="6be97783-2cb2-4e46-a4d7-7bc3064dfc3f" testId="e28593ad-f562-f9b6-0172-52c7b6e48ddf" testName="CodexBootstrap.Tests.Core.NodePersistenceTests.NodeStateTransition_Water_ShouldPersistInWaterStorage" computerName="Seeker-Mac" duration="00:00:00.1079960" startTime="2025-09-22T05:31:25.5757820-06:00" endTime="2025-09-22T05:31:25.5757820-06:00" testType="13cdc9d9-ddb5-4fa4-a97d-d965ccfc6d4b" outcome="Passed" testListId="8c84fa94-04c1-424b-9868-57a2d4851a1d" relativeResultsDirectory="6be97783-2cb2-4e46-a4d7-7bc3064dfc3f" />
    <UnitTestResult executionId="1e503116-7494-46c1-8e77-b9ba0ef651ca" testId="c0bc4442-97e7-adf6-c86b-0290475ca07f" testName="CodexBootstrap.Tests.PortConfigurationTests.Modules_ShouldBeAvailableOnPort" computerName="Seeker-Mac" duration="00:00:00.0029708" startTime="2025-09-22T05:31:31.9583730-06:00" endTime="2025-09-22T05:31:31.9583730-06:00" testType="13cdc9d9-ddb5-4fa4-a97d-d965ccfc6d4b" outcome="Passed" testListId="8c84fa94-04c1-424b-9868-57a2d4851a1d" relativeResultsDirectory="1e503116-7494-46c1-8e77-b9ba0ef651ca" />
    <UnitTestResult executionId="3beaa1c3-b1af-4e4f-a2e5-efdca94788f9" testId="58ac984c-ccd6-0f0f-d8b2-fe2845649ddf" testName="CodexBootstrap.Tests.Modules.EnergyModuleApiTests.RecordContribution_ShouldCreateContribution_WhenImplemented" computerName="Seeker-Mac" duration="00:00:00.0017765" startTime="2025-09-22T05:30:27.8947910-06:00" endTime="2025-09-22T05:30:27.8947910-06:00" testType="13cdc9d9-ddb5-4fa4-a97d-d965ccfc6d4b" outcome="Passed" testListId="8c84fa94-04c1-424b-9868-57a2d4851a1d" relativeResultsDirectory="3beaa1c3-b1af-4e4f-a2e5-efdca94788f9" />
    <UnitTestResult executionId="44c08263-b5e7-454d-a1f3-c6c61ea0b395" testId="2b034947-95be-beab-d32d-a72ae9771ccd" testName="CodexBootstrap.Tests.Modules.IdentityModuleApiTests.GetIdentityProviders_ShouldHandleConcurrentRequests" computerName="Seeker-Mac" duration="00:00:00.0028794" startTime="2025-09-22T05:30:42.7644540-06:00" endTime="2025-09-22T05:30:42.7644540-06:00" testType="13cdc9d9-ddb5-4fa4-a97d-d965ccfc6d4b" outcome="Passed" testListId="8c84fa94-04c1-424b-9868-57a2d4851a1d" relativeResultsDirectory="44c08263-b5e7-454d-a1f3-c6c61ea0b395" />
    <UnitTestResult executionId="418ed922-2638-4eed-bb19-9d7843174b7f" testId="9a702a54-932a-77ac-8e6e-5b1318f49c63" testName="CodexBootstrap.Tests.ComprehensiveEndpointDiscovery.DiscoverAllEndpoints_ShouldFindAvailableEndpoints" computerName="Seeker-Mac" duration="00:00:00.0335045" startTime="2025-09-22T05:31:31.1759040-06:00" endTime="2025-09-22T05:31:31.1759050-06:00" testType="13cdc9d9-ddb5-4fa4-a97d-d965ccfc6d4b" outcome="Passed" testListId="8c84fa94-04c1-424b-9868-57a2d4851a1d" relativeResultsDirectory="418ed922-2638-4eed-bb19-9d7843174b7f" />
    <UnitTestResult executionId="b69d7cc4-f8cc-4848-9e99-4ab3cd371342" testId="43e2b03c-a2af-ef3b-ea65-35587a7a8502" testName="CodexBootstrap.Tests.Modules.NoMockDataRegressionTests.UserDiscovery_WithoutGeocoding_ShouldFailNotFallback" computerName="Seeker-Mac" duration="00:00:00.0012941" startTime="2025-09-22T05:31:11.0664070-06:00" endTime="2025-09-22T05:31:11.0664070-06:00" testType="13cdc9d9-ddb5-4fa4-a97d-d965ccfc6d4b" outcome="Passed" testListId="8c84fa94-04c1-424b-9868-57a2d4851a1d" relativeResultsDirectory="b69d7cc4-f8cc-4848-9e99-4ab3cd371342" />
    <UnitTestResult executionId="9c37f597-5969-4b96-b4b3-efdda5685090" testId="bc9c6b92-5291-21f7-4294-de06f4a39605" testName="CodexBootstrap.Tests.Modules.NoMockDataRegressionTests.ModuleEndpoints_WithInvalidData_ReturnCleanErrors(endpoint: &quot;/ux-primitives/weave&quot;)" computerName="Seeker-Mac" duration="00:00:00.0018147" startTime="2025-09-22T05:31:11.0020100-06:00" endTime="2025-09-22T05:31:11.0020100-06:00" testType="13cdc9d9-ddb5-4fa4-a97d-d965ccfc6d4b" outcome="Passed" testListId="8c84fa94-04c1-424b-9868-57a2d4851a1d" relativeResultsDirectory="9c37f597-5969-4b96-b4b3-efdda5685090" />
    <UnitTestResult executionId="4c75f3c6-edae-44b2-80c3-cf95a22300e1" testId="65339b3c-9de7-638f-f604-692a2aef89ff" testName="CodexBootstrap.Tests.IdentityTests.IdentityProviders_ShouldReturnAvailableProviders" computerName="Seeker-Mac" duration="00:00:00.0072996" startTime="2025-09-22T05:31:31.5211310-06:00" endTime="2025-09-22T05:31:31.5211310-06:00" testType="13cdc9d9-ddb5-4fa4-a97d-d965ccfc6d4b" outcome="Passed" testListId="8c84fa94-04c1-424b-9868-57a2d4851a1d" relativeResultsDirectory="4c75f3c6-edae-44b2-80c3-cf95a22300e1" />
    <UnitTestResult executionId="e6dce3fe-a16f-4438-b0dd-31f6a4cdca68" testId="739ddbc9-29fb-28c3-7b57-b5ec668cdd0c" testName="CodexBootstrap.Tests.Modules.IdentityModuleApiTests.GetIdentityProviders_ShouldReturnProvidersList" computerName="Seeker-Mac" duration="00:00:00.0015414" startTime="2025-09-22T05:30:42.7614210-06:00" endTime="2025-09-22T05:30:42.7614210-06:00" testType="13cdc9d9-ddb5-4fa4-a97d-d965ccfc6d4b" outcome="Passed" testListId="8c84fa94-04c1-424b-9868-57a2d4851a1d" relativeResultsDirectory="e6dce3fe-a16f-4438-b0dd-31f6a4cdca68" />
    <UnitTestResult executionId="b43ec68f-bbcc-46b4-9b29-7be709996168" testId="223d2f32-df21-1170-abbc-18413ef59c92" testName="CodexBootstrap.Tests.NewsSourceTests.NewsSourceTypes_Should_BeValid" computerName="Seeker-Mac" duration="00:00:01.0125491" startTime="2025-09-22T05:30:15.3411930-06:00" endTime="2025-09-22T05:30:15.3411930-06:00" testType="13cdc9d9-ddb5-4fa4-a97d-d965ccfc6d4b" outcome="Passed" testListId="8c84fa94-04c1-424b-9868-57a2d4851a1d" relativeResultsDirectory="b43ec68f-bbcc-46b4-9b29-7be709996168" />
    <UnitTestResult executionId="ead15ca2-1758-4f2c-a0e5-5fbc0a0c748f" testId="af1e193b-6914-4dd6-b3ed-2ac18e2a1b23" testName="CodexBootstrap.Tests.Modules.ConceptModuleApiTests.UpdateConcept_ShouldReturnSuccess_WhenConceptExists" computerName="Seeker-Mac" duration="00:00:00.0034891" startTime="2025-09-22T05:30:50.1791970-06:00" endTime="2025-09-22T05:30:50.1791980-06:00" testType="13cdc9d9-ddb5-4fa4-a97d-d965ccfc6d4b" outcome="Passed" testListId="8c84fa94-04c1-424b-9868-57a2d4851a1d" relativeResultsDirectory="ead15ca2-1758-4f2c-a0e5-5fbc0a0c748f" />
    <UnitTestResult executionId="c7036c29-b0af-4345-a6dc-26850c74acf7" testId="52464efb-4166-65c1-6219-acc12f2b3ff6" testName="CodexBootstrap.Tests.Modules.IdentityModuleApiTests.Authenticate_ShouldRespondWithinAcceptableTime" computerName="Seeker-Mac" duration="00:00:00.0376550" startTime="2025-09-22T05:30:42.7297640-06:00" endTime="2025-09-22T05:30:42.7297640-06:00" testType="13cdc9d9-ddb5-4fa4-a97d-d965ccfc6d4b" outcome="Passed" testListId="8c84fa94-04c1-424b-9868-57a2d4851a1d" relativeResultsDirectory="c7036c29-b0af-4345-a6dc-26850c74acf7" />
    <UnitTestResult executionId="d44d8864-ebd0-450d-89af-22c7f47e5763" testId="b16165b8-6f91-b918-f137-313f14ff474f" testName="CodexBootstrap.Tests.Core.StateTransitionTests.Edge_BetweenIceAndWaterNodes_ShouldPersistInWaterStorage" computerName="Seeker-Mac" duration="00:00:00.2137942" startTime="2025-09-22T05:29:49.7258180-06:00" endTime="2025-09-22T05:29:49.7258180-06:00" testType="13cdc9d9-ddb5-4fa4-a97d-d965ccfc6d4b" outcome="Passed" testListId="8c84fa94-04c1-424b-9868-57a2d4851a1d" relativeResultsDirectory="d44d8864-ebd0-450d-89af-22c7f47e5763" />
    <UnitTestResult executionId="c3987a68-3da8-43e8-9713-93a03d5acab3" testId="f90d32c6-f44e-af0c-3d05-d5d63d72fbed" testName="CodexBootstrap.Tests.Core.NodePersistenceTests.DataIntegrity_NodeUpdates_ShouldPreserveHistory" computerName="Seeker-Mac" duration="00:00:00.2163196" startTime="2025-09-22T05:31:25.7924350-06:00" endTime="2025-09-22T05:31:25.7924350-06:00" testType="13cdc9d9-ddb5-4fa4-a97d-d965ccfc6d4b" outcome="Passed" testListId="8c84fa94-04c1-424b-9868-57a2d4851a1d" relativeResultsDirectory="c3987a68-3da8-43e8-9713-93a03d5acab3" />
    <UnitTestResult executionId="e15f0e39-4bdf-4bb4-8635-78b9903a4dc9" testId="446aeed3-732f-6fdf-1198-73e2ccb90cd0" testName="CodexBootstrap.Tests.Modules.FileSystemModuleTests.GetFileContent_WithValidNode_ReturnsFileContent" computerName="Seeker-Mac" duration="00:00:00.0526981" startTime="2025-09-22T05:31:37.6373940-06:00" endTime="2025-09-22T05:31:37.6373940-06:00" testType="13cdc9d9-ddb5-4fa4-a97d-d965ccfc6d4b" outcome="Passed" testListId="8c84fa94-04c1-424b-9868-57a2d4851a1d" relativeResultsDirectory="e15f0e39-4bdf-4bb4-8635-78b9903a4dc9" />
    <UnitTestResult executionId="e2d388e8-6e4d-4f4c-a36b-ab6a50d50916" testId="6e5a8b91-6a75-56d3-b317-a9ac48ab0672" testName="CodexBootstrap.Tests.Modules.NodeEdgeModuleApiTests.GetNodes_ShouldAcceptQueryParameters" computerName="Seeker-Mac" duration="00:00:00.0046287" startTime="2025-09-22T05:30:35.3167100-06:00" endTime="2025-09-22T05:30:35.3167100-06:00" testType="13cdc9d9-ddb5-4fa4-a97d-d965ccfc6d4b" outcome="Passed" testListId="8c84fa94-04c1-424b-9868-57a2d4851a1d" relativeResultsDirectory="e2d388e8-6e4d-4f4c-a36b-ab6a50d50916" />
    <UnitTestResult executionId="9fe675a5-332e-4c62-a504-a991a6087ba8" testId="95bec019-ba93-557e-cc59-ca4522b92c84" testName="CodexBootstrap.Tests.IdentityTests.EndSession_ShouldEndExistingSession" computerName="Seeker-Mac" duration="00:00:00.0374520" startTime="2025-09-22T05:31:31.4885960-06:00" endTime="2025-09-22T05:31:31.4885960-06:00" testType="13cdc9d9-ddb5-4fa4-a97d-d965ccfc6d4b" outcome="Passed" testListId="8c84fa94-04c1-424b-9868-57a2d4851a1d" relativeResultsDirectory="9fe675a5-332e-4c62-a504-a991a6087ba8" />
    <UnitTestResult executionId="fe2e6a4b-9dce-4f2f-8eb6-b65ee5a632a1" testId="f1200e70-c88e-dbc8-b7b0-014a66ebf8a6" testName="CodexBootstrap.Tests.Modules.NewsModuleApiTests.GetNewsFeed_ShouldReturnNewsItems_WhenImplemented" computerName="Seeker-Mac" duration="00:00:00.0162246" startTime="2025-09-22T05:29:52.3230300-06:00" endTime="2025-09-22T05:29:52.3230300-06:00" testType="13cdc9d9-ddb5-4fa4-a97d-d965ccfc6d4b" outcome="Passed" testListId="8c84fa94-04c1-424b-9868-57a2d4851a1d" relativeResultsDirectory="fe2e6a4b-9dce-4f2f-8eb6-b65ee5a632a1" />
    <UnitTestResult executionId="416b1c49-d9ca-4e6e-b566-c51b5a2330db" testId="e2097409-445a-3cd5-ae6e-0205fed90d91" testName="CodexBootstrap.Tests.Modules.NodeEdgeModuleApiTests.GetNode_ShouldReturnNotFound_WhenNodeDoesNotExist" computerName="Seeker-Mac" duration="00:00:00.0130249" startTime="2025-09-22T05:30:35.3119070-06:00" endTime="2025-09-22T05:30:35.3119070-06:00" testType="13cdc9d9-ddb5-4fa4-a97d-d965ccfc6d4b" outcome="Passed" testListId="8c84fa94-04c1-424b-9868-57a2d4851a1d" relativeResultsDirectory="416b1c49-d9ca-4e6e-b566-c51b5a2330db" />
    <UnitTestResult executionId="668defdd-85f7-476b-a210-a3db446483b3" testId="5bb357ef-a289-5457-59f1-0df201ad4323" testName="CodexBootstrap.Tests.UCoreOntologyTests.WaterStatesAxis_Node_Should_Exist" computerName="Seeker-Mac" duration="00:00:00.0294824" startTime="2025-09-22T05:30:12.2489370-06:00" endTime="2025-09-22T05:30:12.2489370-06:00" testType="13cdc9d9-ddb5-4fa4-a97d-d965ccfc6d4b" outcome="Passed" testListId="8c84fa94-04c1-424b-9868-57a2d4851a1d" relativeResultsDirectory="668defdd-85f7-476b-a210-a3db446483b3" />
    <UnitTestResult executionId="d908fd5f-50e5-4071-bbc3-3813e48f8394" testId="210bbbd2-7277-0493-b4fc-59a018f08cc3" testName="CodexBootstrap.Tests.Modules.NoMockDataRegressionTests.VisualValidation_WithoutAI_ShouldFailNotFallback" computerName="Seeker-Mac" duration="00:00:00.0156668" startTime="2025-09-22T05:31:11.0323170-06:00" endTime="2025-09-22T05:31:11.0323170-06:00" testType="13cdc9d9-ddb5-4fa4-a97d-d965ccfc6d4b" outcome="Passed" testListId="8c84fa94-04c1-424b-9868-57a2d4851a1d" relativeResultsDirectory="d908fd5f-50e5-4071-bbc3-3813e48f8394" />
    <UnitTestResult executionId="3a17656c-7d57-44c0-ab89-8002a1302084" testId="511b09e9-fd91-89d6-3949-40db146ea6bd" testName="CodexBootstrap.Tests.Core.NodePersistenceTests.ServerRestart_GasNodes_ShouldNotSurviveRestart" computerName="Seeker-Mac" duration="00:00:00.1152598" startTime="2025-09-22T05:31:28.1484340-06:00" endTime="2025-09-22T05:31:28.1484340-06:00" testType="13cdc9d9-ddb5-4fa4-a97d-d965ccfc6d4b" outcome="Passed" testListId="8c84fa94-04c1-424b-9868-57a2d4851a1d" relativeResultsDirectory="3a17656c-7d57-44c0-ab89-8002a1302084" />
    <UnitTestResult executionId="fca90a61-b144-4236-a280-50f153de237a" testId="4f365743-de47-b07f-fd2b-1af885da9411" testName="CodexBootstrap.Tests.Modules.IdentityModuleApiTests.Authenticate_ShouldReturnBadRequest_WhenInvalidRequest" computerName="Seeker-Mac" duration="00:00:00.0114656" startTime="2025-09-22T05:30:42.7789740-06:00" endTime="2025-09-22T05:30:42.7789740-06:00" testType="13cdc9d9-ddb5-4fa4-a97d-d965ccfc6d4b" outcome="Passed" testListId="8c84fa94-04c1-424b-9868-57a2d4851a1d" relativeResultsDirectory="fca90a61-b144-4236-a280-50f153de237a" />
    <UnitTestResult executionId="b8aafca8-58b9-41b3-bd26-dd52db5cd505" testId="7814cc71-5384-55ab-b67a-fb18f5ac5c5f" testName="CodexBootstrap.Tests.Modules.GalleryModuleTests.GetGalleryItem_WithNonExistentId_ReturnsError" computerName="Seeker-Mac" duration="00:00:00.0027307" startTime="2025-09-22T05:30:07.0707110-06:00" endTime="2025-09-22T05:30:07.0707110-06:00" testType="13cdc9d9-ddb5-4fa4-a97d-d965ccfc6d4b" outcome="Passed" testListId="8c84fa94-04c1-424b-9868-57a2d4851a1d" relativeResultsDirectory="b8aafca8-58b9-41b3-bd26-dd52db5cd505" />
    <UnitTestResult executionId="94d910ff-a262-48c7-982a-42800e303234" testId="0864368a-5d20-d499-562d-dea9741e52aa" testName="CodexBootstrap.Tests.Integration.ApiIntegrationTests.ModulesEndpoint_ShouldReturnModuleList" computerName="Seeker-Mac" duration="00:00:00.0028221" startTime="2025-09-22T05:31:31.9631850-06:00" endTime="2025-09-22T05:31:31.9631850-06:00" testType="13cdc9d9-ddb5-4fa4-a97d-d965ccfc6d4b" outcome="Passed" testListId="8c84fa94-04c1-424b-9868-57a2d4851a1d" relativeResultsDirectory="94d910ff-a262-48c7-982a-42800e303234" />
    <UnitTestResult executionId="248c8d99-6f46-4b33-8e75-86e673a49cf5" testId="64f2bbc2-131e-f499-10ff-759656bb07e6" testName="CodexBootstrap.Tests.Core.NodePersistenceTests.CacheClearAndReload_ShouldRestorePersistentNodes" computerName="Seeker-Mac" duration="00:00:00.3149769" startTime="2025-09-22T05:31:26.7615990-06:00" endTime="2025-09-22T05:31:26.7615990-06:00" testType="13cdc9d9-ddb5-4fa4-a97d-d965ccfc6d4b" outcome="Passed" testListId="8c84fa94-04c1-424b-9868-57a2d4851a1d" relativeResultsDirectory="248c8d99-6f46-4b33-8e75-86e673a49cf5" />
    <UnitTestResult executionId="7b9d487e-c93d-42bc-a0f6-49c7258d1066" testId="6090d8db-c083-ec38-5d91-cefe25a89520" testName="CodexBootstrap.Tests.HealthTests.HealthCheck_ShouldReturnHealthyStatus" computerName="Seeker-Mac" duration="00:00:00.0330546" startTime="2025-09-22T05:31:31.2529970-06:00" endTime="2025-09-22T05:31:31.2529970-06:00" testType="13cdc9d9-ddb5-4fa4-a97d-d965ccfc6d4b" outcome="Passed" testListId="8c84fa94-04c1-424b-9868-57a2d4851a1d" relativeResultsDirectory="7b9d487e-c93d-42bc-a0f6-49c7258d1066" />
    <UnitTestResult executionId="8e6d41e4-aae2-4450-8195-ceb7d1d2e516" testId="b55e377f-0118-4ced-cfa6-b015b03a53b0" testName="CodexBootstrap.Tests.Modules.UXPrimitivesModuleTests.GenerateReflection_WithNonExistentContent_ReturnsError" computerName="Seeker-Mac" duration="00:00:00.0020641" startTime="2025-09-22T05:31:18.3900450-06:00" endTime="2025-09-22T05:31:18.3900450-06:00" testType="13cdc9d9-ddb5-4fa4-a97d-d965ccfc6d4b" outcome="Passed" testListId="8c84fa94-04c1-424b-9868-57a2d4851a1d" relativeResultsDirectory="8e6d41e4-aae2-4450-8195-ceb7d1d2e516" />
    <UnitTestResult executionId="ba40e139-ea88-4346-b8f9-1c39e489aebd" testId="d29b97cc-8f72-3f8f-ee60-4568f1429a8b" testName="CodexBootstrap.Tests.Core.NodePersistenceTests.CacheClearAndReload_Edges_ShouldRestorePersistentEdges" computerName="Seeker-Mac" duration="00:00:00.3180759" startTime="2025-09-22T05:31:26.3364420-06:00" endTime="2025-09-22T05:31:26.3364420-06:00" testType="13cdc9d9-ddb5-4fa4-a97d-d965ccfc6d4b" outcome="Passed" testListId="8c84fa94-04c1-424b-9868-57a2d4851a1d" relativeResultsDirectory="ba40e139-ea88-4346-b8f9-1c39e489aebd" />
    <UnitTestResult executionId="1b6f82d2-81b3-49f4-b5ad-d1207986d762" testId="30c37470-8d6f-a7b2-7507-7a508b6368f0" testName="CodexBootstrap.Tests.Core.NodePersistenceTests.StressTest_ManyNodesAndEdges_ShouldMaintainPerformance" computerName="Seeker-Mac" duration="00:00:00.5257079" startTime="2025-09-22T05:31:24.8214060-06:00" endTime="2025-09-22T05:31:24.8214060-06:00" testType="13cdc9d9-ddb5-4fa4-a97d-d965ccfc6d4b" outcome="Failed" testListId="8c84fa94-04c1-424b-9868-57a2d4851a1d" relativeResultsDirectory="1b6f82d2-81b3-49f4-b5ad-d1207986d762">
      <Output>
        <ErrorInfo>
          <Message>Expected actualRestoredCount to be 75, but found 73 (difference of -2).</Message>
          <StackTrace>   at FluentAssertions.Execution.XUnit2TestFramework.Throw(String message)
   at FluentAssertions.Execution.TestFrameworkProvider.Throw(String message)
   at FluentAssertions.Execution.DefaultAssertionStrategy.HandleFailure(String message)
   at FluentAssertions.Execution.AssertionScope.FailWith(Func`1 failReasonFunc)
   at FluentAssertions.Numeric.NumericAssertions`2.Be(T expected, String because, Object[] becauseArgs)
   at CodexBootstrap.Tests.Core.NodePersistenceTests.StressTest_ManyNodesAndEdges_ShouldMaintainPerformance() in /Users/ursmuff/source/Living-Codex-CSharp/src/CodexBootstrap.Tests/Core/NodePersistenceTests.cs:line 1253
--- End of stack trace from previous location ---</StackTrace>
        </ErrorInfo>
      </Output>
    </UnitTestResult>
    <UnitTestResult executionId="faba57a7-3c78-4b64-8cee-040b1124c318" testId="cf881c4c-31da-3c3d-e657-0f7a60496f37" testName="CodexBootstrap.Tests.Modules.ConceptModuleApiTests.DeleteConcept_ShouldReturnNotFound_WhenConceptDoesNotExist" computerName="Seeker-Mac" duration="00:00:00.0112436" startTime="2025-09-22T05:30:50.1906050-06:00" endTime="2025-09-22T05:30:50.1906050-06:00" testType="13cdc9d9-ddb5-4fa4-a97d-d965ccfc6d4b" outcome="Passed" testListId="8c84fa94-04c1-424b-9868-57a2d4851a1d" relativeResultsDirectory="faba57a7-3c78-4b64-8cee-040b1124c318" />
    <UnitTestResult executionId="d1dc8cdb-c2a5-4bab-a988-9dc8a1117bf7" testId="b66e2aed-6736-e5fb-1259-0a652017312d" testName="CodexBootstrap.Tests.IdentityTests.MockIdentityProvider_ShouldGetUserInfo" computerName="Seeker-Mac" duration="00:00:00.0622808" startTime="2025-09-22T05:31:31.8288510-06:00" endTime="2025-09-22T05:31:31.8288510-06:00" testType="13cdc9d9-ddb5-4fa4-a97d-d965ccfc6d4b" outcome="Passed" testListId="8c84fa94-04c1-424b-9868-57a2d4851a1d" relativeResultsDirectory="d1dc8cdb-c2a5-4bab-a988-9dc8a1117bf7" />
    <UnitTestResult executionId="e9fb1cc3-b20b-4ee5-bf87-eb4c81af282f" testId="a89402d9-0924-308b-7904-fd6477f0ee7b" testName="CodexBootstrap.Tests.Modules.EnergyModuleApiTests.GetCollectiveEnergy_ShouldReturnSuccess_WhenImplemented" computerName="Seeker-Mac" duration="00:00:00.0076077" startTime="2025-09-22T05:30:27.8392890-06:00" endTime="2025-09-22T05:30:27.8392890-06:00" testType="13cdc9d9-ddb5-4fa4-a97d-d965ccfc6d4b" outcome="Passed" testListId="8c84fa94-04c1-424b-9868-57a2d4851a1d" relativeResultsDirectory="e9fb1cc3-b20b-4ee5-bf87-eb4c81af282f" />
    <UnitTestResult executionId="f5e7466e-7498-4732-8cab-ac4b6815009f" testId="1ef27b33-e8b2-8d88-5c2b-3857b2abb5f1" testName="CodexBootstrap.Tests.Core.NodePersistenceTests.ComplexStateTransition_IceToWaterToGas_ShouldHandleCorrectly" computerName="Seeker-Mac" duration="00:00:00.3250726" startTime="2025-09-22T05:31:23.8592700-06:00" endTime="2025-09-22T05:31:23.8592700-06:00" testType="13cdc9d9-ddb5-4fa4-a97d-d965ccfc6d4b" outcome="Passed" testListId="8c84fa94-04c1-424b-9868-57a2d4851a1d" relativeResultsDirectory="f5e7466e-7498-4732-8cab-ac4b6815009f" />
    <UnitTestResult executionId="d71cb008-9ed9-48e7-b7cb-6781a6b24c8b" testId="154b62c9-dfe1-2527-f8d9-a357f66717ec" testName="CodexBootstrap.Tests.Modules.NodeEdgeModuleApiTests.GetNodes_ShouldHandleConcurrentRequests" computerName="Seeker-Mac" duration="00:00:00.0089036" startTime="2025-09-22T05:30:35.2590640-06:00" endTime="2025-09-22T05:30:35.2590640-06:00" testType="13cdc9d9-ddb5-4fa4-a97d-d965ccfc6d4b" outcome="Passed" testListId="8c84fa94-04c1-424b-9868-57a2d4851a1d" relativeResultsDirectory="d71cb008-9ed9-48e7-b7cb-6781a6b24c8b" />
    <UnitTestResult executionId="ec027688-a523-43dc-86a4-3684136b2df6" testId="4d5b8656-5c24-f46d-b781-bdd5173b1d4a" testName="CodexBootstrap.Tests.PortConfigurationTests.Swagger_ShouldBeAvailableOnPort" computerName="Seeker-Mac" duration="00:00:00.0015665" startTime="2025-09-22T05:31:31.9600850-06:00" endTime="2025-09-22T05:31:31.9600850-06:00" testType="13cdc9d9-ddb5-4fa4-a97d-d965ccfc6d4b" outcome="Passed" testListId="8c84fa94-04c1-424b-9868-57a2d4851a1d" relativeResultsDirectory="ec027688-a523-43dc-86a4-3684136b2df6" />
    <UnitTestResult executionId="3d06df7a-c302-434f-86b5-b88e5e58f835" testId="ec5dab1e-1f0f-f383-92f5-6636c26252be" testName="CodexBootstrap.Tests.Core.NodePersistenceTests.DataIntegrity_ComplexContent_ShouldPersistCorrectly" computerName="Seeker-Mac" duration="00:00:00.1094976" startTime="2025-09-22T05:31:26.4461710-06:00" endTime="2025-09-22T05:31:26.4461710-06:00" testType="13cdc9d9-ddb5-4fa4-a97d-d965ccfc6d4b" outcome="Passed" testListId="8c84fa94-04c1-424b-9868-57a2d4851a1d" relativeResultsDirectory="3d06df7a-c302-434f-86b5-b88e5e58f835" />
    <UnitTestResult executionId="c7149672-f0fa-4c6c-aec1-d0e1d122f5ed" testId="e75caaaa-c0f2-35be-09ee-e95dc5be3d00" testName="CodexBootstrap.Tests.Modules.UXPrimitivesModuleTests.CreateWeave_WithoutSourceId_ReturnsError" computerName="Seeker-Mac" duration="00:00:00.0028296" startTime="2025-09-22T05:31:18.3820760-06:00" endTime="2025-09-22T05:31:18.3820760-06:00" testType="13cdc9d9-ddb5-4fa4-a97d-d965ccfc6d4b" outcome="Passed" testListId="8c84fa94-04c1-424b-9868-57a2d4851a1d" relativeResultsDirectory="c7149672-f0fa-4c6c-aec1-d0e1d122f5ed" />
    <UnitTestResult executionId="4c2b5178-ec93-4368-9195-301a9d7ad885" testId="01fada6a-9beb-d06b-6787-0781734f5b1d" testName="CodexBootstrap.Tests.Core.LLMOrchestratorTests.ExecuteAsync_WithNonExistentTemplate_ShouldReturnError" computerName="Seeker-Mac" duration="00:00:00.0001850" startTime="2025-09-22T05:30:25.5395500-06:00" endTime="2025-09-22T05:30:25.5395500-06:00" testType="13cdc9d9-ddb5-4fa4-a97d-d965ccfc6d4b" outcome="Passed" testListId="8c84fa94-04c1-424b-9868-57a2d4851a1d" relativeResultsDirectory="4c2b5178-ec93-4368-9195-301a9d7ad885" />
    <UnitTestResult executionId="ddb23151-d0da-4249-8c2f-66273acab772" testId="bae85a23-fcdf-5f3d-d506-0fa1d219f067" testName="CodexBootstrap.Tests.Modules.NewsModuleApiTests.GetTrendingTopics_ShouldRespondWithinAcceptableTime" computerName="Seeker-Mac" duration="00:00:00.0037567" startTime="2025-09-22T05:29:52.3393870-06:00" endTime="2025-09-22T05:29:52.3393870-06:00" testType="13cdc9d9-ddb5-4fa4-a97d-d965ccfc6d4b" outcome="Passed" testListId="8c84fa94-04c1-424b-9868-57a2d4851a1d" relativeResultsDirectory="ddb23151-d0da-4249-8c2f-66273acab772" />
    <UnitTestResult executionId="5ddaf72c-b102-4841-9096-5652fc5af72c" testId="1f334c79-0062-1fd4-b393-16846c0c4410" testName="CodexBootstrap.Tests.Modules.NewsModuleApiTests.GetUnreadNews_ShouldReturnEmptyResults_WhenNoUnreadNews" computerName="Seeker-Mac" duration="00:00:00.0070985" startTime="2025-09-22T05:29:52.2348210-06:00" endTime="2025-09-22T05:29:52.2348210-06:00" testType="13cdc9d9-ddb5-4fa4-a97d-d965ccfc6d4b" outcome="Passed" testListId="8c84fa94-04c1-424b-9868-57a2d4851a1d" relativeResultsDirectory="5ddaf72c-b102-4841-9096-5652fc5af72c" />
    <UnitTestResult executionId="a67bad4b-0b30-4d0c-9bd0-65a30545c4b7" testId="d9ebdab0-e0e1-4dfb-e6ef-0b0976546f6d" testName="CodexBootstrap.Tests.Core.LLMOrchestratorTests.ExecuteAsync_WithValidTemplate_ShouldReturnSuccessResponse" computerName="Seeker-Mac" duration="00:00:00.0003088" startTime="2025-09-22T05:30:25.5389260-06:00" endTime="2025-09-22T05:30:25.5389260-06:00" testType="13cdc9d9-ddb5-4fa4-a97d-d965ccfc6d4b" outcome="Passed" testListId="8c84fa94-04c1-424b-9868-57a2d4851a1d" relativeResultsDirectory="a67bad4b-0b30-4d0c-9bd0-65a30545c4b7" />
    <UnitTestResult executionId="44b36c5b-c6e8-4663-95f2-56600b450328" testId="0c97d759-0190-10c2-9a46-6ea0e0639ab1" testName="CodexBootstrap.Tests.ApiEndpointTests.Root_ShouldReturnResponse" computerName="Seeker-Mac" duration="00:00:00.0028874" startTime="2025-09-22T05:31:31.1353260-06:00" endTime="2025-09-22T05:31:31.1353260-06:00" testType="13cdc9d9-ddb5-4fa4-a97d-d965ccfc6d4b" outcome="Passed" testListId="8c84fa94-04c1-424b-9868-57a2d4851a1d" relativeResultsDirectory="44b36c5b-c6e8-4663-95f2-56600b450328" />
    <UnitTestResult executionId="a7382b92-1f76-4ed8-8dca-a13d117be433" testId="ed4eeeaf-65c2-fe54-b0e2-7f711f9498db" testName="CodexBootstrap.Tests.Modules.NewsModuleApiTests.GetReadNews_ShouldReturnEmptyResults_WhenNoReadNews" computerName="Seeker-Mac" duration="00:00:00.0038706" startTime="2025-09-22T05:29:52.2500400-06:00" endTime="2025-09-22T05:29:52.2500400-06:00" testType="13cdc9d9-ddb5-4fa4-a97d-d965ccfc6d4b" outcome="Passed" testListId="8c84fa94-04c1-424b-9868-57a2d4851a1d" relativeResultsDirectory="a7382b92-1f76-4ed8-8dca-a13d117be433" />
  </Results>
  <TestDefinitions>
    <UnitTest name="CodexBootstrap.Tests.PortConfigurationTests.Server_ShouldStartOnPort" storage="/users/ursmuff/source/living-codex-csharp/src/codexbootstrap.tests/bin/debug/net6.0/codexbootstrap.tests.dll" id="0822fda8-1ecb-9b4b-b537-c5def62bdea6">
      <Execution id="dd54df1f-fc00-4f9d-a7c3-4038836131c3" />
      <TestMethod codeBase="/Users/ursmuff/source/Living-Codex-CSharp/src/CodexBootstrap.Tests/bin/Debug/net6.0/CodexBootstrap.Tests.dll" adapterTypeName="executor://xunit/VsTestRunner2/netcoreapp" className="CodexBootstrap.Tests.PortConfigurationTests" name="Server_ShouldStartOnPort" />
    </UnitTest>
    <UnitTest name="CodexBootstrap.Tests.Core.StateTransitionTests.Edge_BetweenTwoIceNodes_ShouldPersistInIceStorage" storage="/users/ursmuff/source/living-codex-csharp/src/codexbootstrap.tests/bin/debug/net6.0/codexbootstrap.tests.dll" id="e8865027-a033-e711-71fb-2004ee1807fd">
      <Execution id="ffb50823-dc6c-495e-8908-c4207511ea0b" />
      <TestMethod codeBase="/Users/ursmuff/source/Living-Codex-CSharp/src/CodexBootstrap.Tests/bin/Debug/net6.0/CodexBootstrap.Tests.dll" adapterTypeName="executor://xunit/VsTestRunner2/netcoreapp" className="CodexBootstrap.Tests.Core.StateTransitionTests" name="Edge_BetweenTwoIceNodes_ShouldPersistInIceStorage" />
    </UnitTest>
    <UnitTest name="CodexBootstrap.Tests.Modules.NodeEdgeModuleApiTests.GetNode_ShouldReturnNode_WhenNodeExists" storage="/users/ursmuff/source/living-codex-csharp/src/codexbootstrap.tests/bin/debug/net6.0/codexbootstrap.tests.dll" id="fc7bce22-4aa8-7f2e-5825-9a1561671044">
      <Execution id="75ea38e7-e3fe-45e0-8e7f-6d2c0a7ce8c9" />
      <TestMethod codeBase="/Users/ursmuff/source/Living-Codex-CSharp/src/CodexBootstrap.Tests/bin/Debug/net6.0/CodexBootstrap.Tests.dll" adapterTypeName="executor://xunit/VsTestRunner2/netcoreapp" className="CodexBootstrap.Tests.Modules.NodeEdgeModuleApiTests" name="GetNode_ShouldReturnNode_WhenNodeExists" />
    </UnitTest>
    <UnitTest name="CodexBootstrap.Tests.Modules.AIModuleTests.GetModuleNode_ShouldReturnModuleNode" storage="/users/ursmuff/source/living-codex-csharp/src/codexbootstrap.tests/bin/debug/net6.0/codexbootstrap.tests.dll" id="2b00ad46-f32b-446f-acdc-2eea35c5f140">
      <Execution id="f829d7e7-c0c6-4c57-84b8-1705f5660993" />
      <TestMethod codeBase="/Users/ursmuff/source/Living-Codex-CSharp/src/CodexBootstrap.Tests/bin/Debug/net6.0/CodexBootstrap.Tests.dll" adapterTypeName="executor://xunit/VsTestRunner2/netcoreapp" className="CodexBootstrap.Tests.Modules.AIModuleTests" name="GetModuleNode_ShouldReturnModuleNode" />
    </UnitTest>
    <UnitTest name="CodexBootstrap.Tests.Modules.NodeEdgeModuleApiTests.GetNodes_ShouldReturnNodesList" storage="/users/ursmuff/source/living-codex-csharp/src/codexbootstrap.tests/bin/debug/net6.0/codexbootstrap.tests.dll" id="b3191fce-24b5-6614-db34-5b0f72b496c2">
      <Execution id="a39eb36b-7bca-43d8-9f4c-9f55d45f045a" />
      <TestMethod codeBase="/Users/ursmuff/source/Living-Codex-CSharp/src/CodexBootstrap.Tests/bin/Debug/net6.0/CodexBootstrap.Tests.dll" adapterTypeName="executor://xunit/VsTestRunner2/netcoreapp" className="CodexBootstrap.Tests.Modules.NodeEdgeModuleApiTests" name="GetNodes_ShouldReturnNodesList" />
    </UnitTest>
    <UnitTest name="CodexBootstrap.Tests.Modules.NodeEdgeModuleApiTests.GetNode_ShouldReturnNotFound_WhenNodeDoesNotExist" storage="/users/ursmuff/source/living-codex-csharp/src/codexbootstrap.tests/bin/debug/net6.0/codexbootstrap.tests.dll" id="e2097409-445a-3cd5-ae6e-0205fed90d91">
      <Execution id="416b1c49-d9ca-4e6e-b566-c51b5a2330db" />
      <TestMethod codeBase="/Users/ursmuff/source/Living-Codex-CSharp/src/CodexBootstrap.Tests/bin/Debug/net6.0/CodexBootstrap.Tests.dll" adapterTypeName="executor://xunit/VsTestRunner2/netcoreapp" className="CodexBootstrap.Tests.Modules.NodeEdgeModuleApiTests" name="GetNode_ShouldReturnNotFound_WhenNodeDoesNotExist" />
    </UnitTest>
    <UnitTest name="CodexBootstrap.Tests.Modules.ConceptModuleApiTests.CreateConcept_ShouldReturnBadRequest_WhenInvalidRequest" storage="/users/ursmuff/source/living-codex-csharp/src/codexbootstrap.tests/bin/debug/net6.0/codexbootstrap.tests.dll" id="d97a6a51-1d28-ab30-5e6f-d68d2a74dcbf">
      <Execution id="02e64f48-2d76-4079-88d2-5e4b97a4cedf" />
      <TestMethod codeBase="/Users/ursmuff/source/Living-Codex-CSharp/src/CodexBootstrap.Tests/bin/Debug/net6.0/CodexBootstrap.Tests.dll" adapterTypeName="executor://xunit/VsTestRunner2/netcoreapp" className="CodexBootstrap.Tests.Modules.ConceptModuleApiTests" name="CreateConcept_ShouldReturnBadRequest_WhenInvalidRequest" />
    </UnitTest>
    <UnitTest name="CodexBootstrap.Tests.Modules.UXPrimitivesModuleTests.CreateWeave_WithoutSourceId_ReturnsError" storage="/users/ursmuff/source/living-codex-csharp/src/codexbootstrap.tests/bin/debug/net6.0/codexbootstrap.tests.dll" id="e75caaaa-c0f2-35be-09ee-e95dc5be3d00">
      <Execution id="c7149672-f0fa-4c6c-aec1-d0e1d122f5ed" />
      <TestMethod codeBase="/Users/ursmuff/source/Living-Codex-CSharp/src/CodexBootstrap.Tests/bin/Debug/net6.0/CodexBootstrap.Tests.dll" adapterTypeName="executor://xunit/VsTestRunner2/netcoreapp" className="CodexBootstrap.Tests.Modules.UXPrimitivesModuleTests" name="CreateWeave_WithoutSourceId_ReturnsError" />
    </UnitTest>
    <UnitTest name="CodexBootstrap.Tests.Modules.NodeEdgeModuleApiTests.SearchNodes_ShouldReturnSearchResults_WhenImplemented" storage="/users/ursmuff/source/living-codex-csharp/src/codexbootstrap.tests/bin/debug/net6.0/codexbootstrap.tests.dll" id="2fb70c5e-3630-184f-467a-2c4ada567323">
      <Execution id="2ad2a02c-837f-4d81-a0ed-5031fcc25268" />
      <TestMethod codeBase="/Users/ursmuff/source/Living-Codex-CSharp/src/CodexBootstrap.Tests/bin/Debug/net6.0/CodexBootstrap.Tests.dll" adapterTypeName="executor://xunit/VsTestRunner2/netcoreapp" className="CodexBootstrap.Tests.Modules.NodeEdgeModuleApiTests" name="SearchNodes_ShouldReturnSearchResults_WhenImplemented" />
    </UnitTest>
    <UnitTest name="CodexBootstrap.Tests.Modules.NodeEdgeModuleApiTests.GetEdge_ShouldReturnNotFound_WhenNotImplemented" storage="/users/ursmuff/source/living-codex-csharp/src/codexbootstrap.tests/bin/debug/net6.0/codexbootstrap.tests.dll" id="19691bde-a850-be64-1937-e776a14dda46">
      <Execution id="6dc652c0-3aed-470b-adb3-1ed09ceaef31" />
      <TestMethod codeBase="/Users/ursmuff/source/Living-Codex-CSharp/src/CodexBootstrap.Tests/bin/Debug/net6.0/CodexBootstrap.Tests.dll" adapterTypeName="executor://xunit/VsTestRunner2/netcoreapp" className="CodexBootstrap.Tests.Modules.NodeEdgeModuleApiTests" name="GetEdge_ShouldReturnNotFound_WhenNotImplemented" />
    </UnitTest>
    <UnitTest name="CodexBootstrap.Tests.Modules.GalleryModuleTests.CreateGalleryItem_WithoutImageUrl_ReturnsError" storage="/users/ursmuff/source/living-codex-csharp/src/codexbootstrap.tests/bin/debug/net6.0/codexbootstrap.tests.dll" id="146ff060-bcc7-e0b1-fb2c-4c0b171c5a00">
      <Execution id="ecadbaf7-3a4b-4f9b-a0d6-1089cd935d9e" />
      <TestMethod codeBase="/Users/ursmuff/source/Living-Codex-CSharp/src/CodexBootstrap.Tests/bin/Debug/net6.0/CodexBootstrap.Tests.dll" adapterTypeName="executor://xunit/VsTestRunner2/netcoreapp" className="CodexBootstrap.Tests.Modules.GalleryModuleTests" name="CreateGalleryItem_WithoutImageUrl_ReturnsError" />
    </UnitTest>
    <UnitTest name="CodexBootstrap.Tests.SimpleIntegrationTests.ModulesEndpoint_ShouldReturnModuleList" storage="/users/ursmuff/source/living-codex-csharp/src/codexbootstrap.tests/bin/debug/net6.0/codexbootstrap.tests.dll" id="7873e7fc-d46d-3fb0-064c-39886ac6bd92">
      <Execution id="b42ee58b-9b67-482c-9452-a5d8ece2e5bf" />
      <TestMethod codeBase="/Users/ursmuff/source/Living-Codex-CSharp/src/CodexBootstrap.Tests/bin/Debug/net6.0/CodexBootstrap.Tests.dll" adapterTypeName="executor://xunit/VsTestRunner2/netcoreapp" className="CodexBootstrap.Tests.SimpleIntegrationTests" name="ModulesEndpoint_ShouldReturnModuleList" />
    </UnitTest>
    <UnitTest name="CodexBootstrap.Tests.Core.NodePersistenceTests.NodeStateTransition_Water_ShouldPersistInWaterStorage" storage="/users/ursmuff/source/living-codex-csharp/src/codexbootstrap.tests/bin/debug/net6.0/codexbootstrap.tests.dll" id="e28593ad-f562-f9b6-0172-52c7b6e48ddf">
      <Execution id="6be97783-2cb2-4e46-a4d7-7bc3064dfc3f" />
      <TestMethod codeBase="/Users/ursmuff/source/Living-Codex-CSharp/src/CodexBootstrap.Tests/bin/Debug/net6.0/CodexBootstrap.Tests.dll" adapterTypeName="executor://xunit/VsTestRunner2/netcoreapp" className="CodexBootstrap.Tests.Core.NodePersistenceTests" name="NodeStateTransition_Water_ShouldPersistInWaterStorage" />
    </UnitTest>
    <UnitTest name="CodexBootstrap.Tests.Modules.ThreadsModuleTests.GetThread_WithNonExistentId_ReturnsError" storage="/users/ursmuff/source/living-codex-csharp/src/codexbootstrap.tests/bin/debug/net6.0/codexbootstrap.tests.dll" id="999fb951-b7b5-6631-599e-31a6be246d87">
      <Execution id="3a1aa302-987b-4ad3-a69c-a238e65f3968" />
      <TestMethod codeBase="/Users/ursmuff/source/Living-Codex-CSharp/src/CodexBootstrap.Tests/bin/Debug/net6.0/CodexBootstrap.Tests.dll" adapterTypeName="executor://xunit/VsTestRunner2/netcoreapp" className="CodexBootstrap.Tests.Modules.ThreadsModuleTests" name="GetThread_WithNonExistentId_ReturnsError" />
    </UnitTest>
    <UnitTest name="CodexBootstrap.Tests.Modules.ConceptModuleApiTests.DeleteConcept_ShouldReturnNotFound_WhenConceptDoesNotExist" storage="/users/ursmuff/source/living-codex-csharp/src/codexbootstrap.tests/bin/debug/net6.0/codexbootstrap.tests.dll" id="cf881c4c-31da-3c3d-e657-0f7a60496f37">
      <Execution id="faba57a7-3c78-4b64-8cee-040b1124c318" />
      <TestMethod codeBase="/Users/ursmuff/source/Living-Codex-CSharp/src/CodexBootstrap.Tests/bin/Debug/net6.0/CodexBootstrap.Tests.dll" adapterTypeName="executor://xunit/VsTestRunner2/netcoreapp" className="CodexBootstrap.Tests.Modules.ConceptModuleApiTests" name="DeleteConcept_ShouldReturnNotFound_WhenConceptDoesNotExist" />
    </UnitTest>
    <UnitTest name="CodexBootstrap.Tests.NewsSourceTests.NewsSourceCategories_Should_CoverAllDomains" storage="/users/ursmuff/source/living-codex-csharp/src/codexbootstrap.tests/bin/debug/net6.0/codexbootstrap.tests.dll" id="be0201d4-f64f-23ff-9843-409cbb744734">
      <Execution id="f3982719-a823-4450-8588-78705d62e629" />
      <TestMethod codeBase="/Users/ursmuff/source/Living-Codex-CSharp/src/CodexBootstrap.Tests/bin/Debug/net6.0/CodexBootstrap.Tests.dll" adapterTypeName="executor://xunit/VsTestRunner2/netcoreapp" className="CodexBootstrap.Tests.NewsSourceTests" name="NewsSourceCategories_Should_CoverAllDomains" />
    </UnitTest>
    <UnitTest name="CodexBootstrap.Tests.Modules.UXPrimitivesModuleTests.SendInvite_WithValidData_CreatesSuccessfully" storage="/users/ursmuff/source/living-codex-csharp/src/codexbootstrap.tests/bin/debug/net6.0/codexbootstrap.tests.dll" id="df8d72e5-e210-8677-f027-f8ba257cf478">
      <Execution id="8404ef72-d25b-42f6-b9b0-3b3e7d34018f" />
      <TestMethod codeBase="/Users/ursmuff/source/Living-Codex-CSharp/src/CodexBootstrap.Tests/bin/Debug/net6.0/CodexBootstrap.Tests.dll" adapterTypeName="executor://xunit/VsTestRunner2/netcoreapp" className="CodexBootstrap.Tests.Modules.UXPrimitivesModuleTests" name="SendInvite_WithValidData_CreatesSuccessfully" />
    </UnitTest>
    <UnitTest name="CodexBootstrap.Tests.Modules.EnergyModuleApiTests.GetUserContributions_ShouldReturnOk_WhenImplemented" storage="/users/ursmuff/source/living-codex-csharp/src/codexbootstrap.tests/bin/debug/net6.0/codexbootstrap.tests.dll" id="d0cd9f70-6dc1-3c7d-5cf8-851aa39eea33">
      <Execution id="43b231cd-4ba3-4162-8f2f-76eba5517e7a" />
      <TestMethod codeBase="/Users/ursmuff/source/Living-Codex-CSharp/src/CodexBootstrap.Tests/bin/Debug/net6.0/CodexBootstrap.Tests.dll" adapterTypeName="executor://xunit/VsTestRunner2/netcoreapp" className="CodexBootstrap.Tests.Modules.EnergyModuleApiTests" name="GetUserContributions_ShouldReturnOk_WhenImplemented" />
    </UnitTest>
    <UnitTest name="CodexBootstrap.Tests.Core.LLMOrchestratorTests.ExecuteAsync_WithValidTemplate_ShouldReturnSuccessResponse" storage="/users/ursmuff/source/living-codex-csharp/src/codexbootstrap.tests/bin/debug/net6.0/codexbootstrap.tests.dll" id="d9ebdab0-e0e1-4dfb-e6ef-0b0976546f6d">
      <Execution id="a67bad4b-0b30-4d0c-9bd0-65a30545c4b7" />
      <TestMethod codeBase="/Users/ursmuff/source/Living-Codex-CSharp/src/CodexBootstrap.Tests/bin/Debug/net6.0/CodexBootstrap.Tests.dll" adapterTypeName="executor://xunit/VsTestRunner2/netcoreapp" className="CodexBootstrap.Tests.Core.LLMOrchestratorTests" name="ExecuteAsync_WithValidTemplate_ShouldReturnSuccessResponse" />
    </UnitTest>
    <UnitTest name="CodexBootstrap.Tests.Integration.ApiIntegrationTests.RootEndpoint_ShouldReturnResponse" storage="/users/ursmuff/source/living-codex-csharp/src/codexbootstrap.tests/bin/debug/net6.0/codexbootstrap.tests.dll" id="f3484da0-8315-cdca-e737-98c55468fb4e">
      <Execution id="aaf8ac24-012a-4040-b835-60993a7f7d25" />
      <TestMethod codeBase="/Users/ursmuff/source/Living-Codex-CSharp/src/CodexBootstrap.Tests/bin/Debug/net6.0/CodexBootstrap.Tests.dll" adapterTypeName="executor://xunit/VsTestRunner2/netcoreapp" className="CodexBootstrap.Tests.Integration.ApiIntegrationTests" name="RootEndpoint_ShouldReturnResponse" />
    </UnitTest>
    <UnitTest name="CodexBootstrap.Tests.Modules.ThreadsModuleTests.ModuleNode_HasCorrectProperties" storage="/users/ursmuff/source/living-codex-csharp/src/codexbootstrap.tests/bin/debug/net6.0/codexbootstrap.tests.dll" id="0cb16ae0-9e92-a316-9f63-de35f31e5f39">
      <Execution id="0c56a850-e9cd-458d-a007-a2055b70ccef" />
      <TestMethod codeBase="/Users/ursmuff/source/Living-Codex-CSharp/src/CodexBootstrap.Tests/bin/Debug/net6.0/CodexBootstrap.Tests.dll" adapterTypeName="executor://xunit/VsTestRunner2/netcoreapp" className="CodexBootstrap.Tests.Modules.ThreadsModuleTests" name="ModuleNode_HasCorrectProperties" />
    </UnitTest>
    <UnitTest name="CodexBootstrap.Tests.Modules.NodeEdgeModuleApiTests.GetNodes_ShouldAcceptQueryParameters" storage="/users/ursmuff/source/living-codex-csharp/src/codexbootstrap.tests/bin/debug/net6.0/codexbootstrap.tests.dll" id="6e5a8b91-6a75-56d3-b317-a9ac48ab0672">
      <Execution id="e2d388e8-6e4d-4f4c-a36b-ab6a50d50916" />
      <TestMethod codeBase="/Users/ursmuff/source/Living-Codex-CSharp/src/CodexBootstrap.Tests/bin/Debug/net6.0/CodexBootstrap.Tests.dll" adapterTypeName="executor://xunit/VsTestRunner2/netcoreapp" className="CodexBootstrap.Tests.Modules.NodeEdgeModuleApiTests" name="GetNodes_ShouldAcceptQueryParameters" />
    </UnitTest>
    <UnitTest name="CodexBootstrap.Tests.Modules.FutureKnowledgeModuleTests.DiscoverPatterns_WithImplementation_ReturnsSuccess" storage="/users/ursmuff/source/living-codex-csharp/src/codexbootstrap.tests/bin/debug/net6.0/codexbootstrap.tests.dll" id="8256c5d2-edc2-214d-dcf5-e682bf42598b">
      <Execution id="c9358fb5-1a3e-49d1-aa58-1ac3a1701453" />
      <TestMethod codeBase="/Users/ursmuff/source/Living-Codex-CSharp/src/CodexBootstrap.Tests/bin/Debug/net6.0/CodexBootstrap.Tests.dll" adapterTypeName="executor://xunit/VsTestRunner2/netcoreapp" className="CodexBootstrap.Tests.Modules.FutureKnowledgeModuleTests" name="DiscoverPatterns_WithImplementation_ReturnsSuccess" />
    </UnitTest>
    <UnitTest name="CodexBootstrap.Tests.Modules.NoMockDataRegressionTests.GalleryModule_ListItems_WithoutMockData_ReturnsEmptyOrError" storage="/users/ursmuff/source/living-codex-csharp/src/codexbootstrap.tests/bin/debug/net6.0/codexbootstrap.tests.dll" id="0f184395-31a3-e4ac-1551-a332544da800">
      <Execution id="9708de57-7191-49d2-b3f7-2cbca75173dd" />
      <TestMethod codeBase="/Users/ursmuff/source/Living-Codex-CSharp/src/CodexBootstrap.Tests/bin/Debug/net6.0/CodexBootstrap.Tests.dll" adapterTypeName="executor://xunit/VsTestRunner2/netcoreapp" className="CodexBootstrap.Tests.Modules.NoMockDataRegressionTests" name="GalleryModule_ListItems_WithoutMockData_ReturnsEmptyOrError" />
    </UnitTest>
    <UnitTest name="CodexBootstrap.Tests.Modules.NewsModuleApiTests.GetNewsFeed_ShouldReturnNewsItems_WhenImplemented" storage="/users/ursmuff/source/living-codex-csharp/src/codexbootstrap.tests/bin/debug/net6.0/codexbootstrap.tests.dll" id="f1200e70-c88e-dbc8-b7b0-014a66ebf8a6">
      <Execution id="fe2e6a4b-9dce-4f2f-8eb6-b65ee5a632a1" />
      <TestMethod codeBase="/Users/ursmuff/source/Living-Codex-CSharp/src/CodexBootstrap.Tests/bin/Debug/net6.0/CodexBootstrap.Tests.dll" adapterTypeName="executor://xunit/VsTestRunner2/netcoreapp" className="CodexBootstrap.Tests.Modules.NewsModuleApiTests" name="GetNewsFeed_ShouldReturnNewsItems_WhenImplemented" />
    </UnitTest>
    <UnitTest name="CodexBootstrap.Tests.Core.StateTransitionTests.Edge_BetweenIceAndGasNodes_ShouldNotPersist" storage="/users/ursmuff/source/living-codex-csharp/src/codexbootstrap.tests/bin/debug/net6.0/codexbootstrap.tests.dll" id="290da516-121d-61e0-0dd0-c0be605ad3c9">
      <Execution id="c9b2c958-85fa-4f8e-99fe-b2356a4f47e7" />
      <TestMethod codeBase="/Users/ursmuff/source/Living-Codex-CSharp/src/CodexBootstrap.Tests/bin/Debug/net6.0/CodexBootstrap.Tests.dll" adapterTypeName="executor://xunit/VsTestRunner2/netcoreapp" className="CodexBootstrap.Tests.Core.StateTransitionTests" name="Edge_BetweenIceAndGasNodes_ShouldNotPersist" />
    </UnitTest>
    <UnitTest name="CodexBootstrap.Tests.Modules.ConceptModuleApiTests.GetConcepts_ShouldReturnConcepts_WhenConceptsExist" storage="/users/ursmuff/source/living-codex-csharp/src/codexbootstrap.tests/bin/debug/net6.0/codexbootstrap.tests.dll" id="f2016284-bdfc-f7ad-0e9e-b1b0fe7c0d74">
      <Execution id="00e8e4c6-4f3e-421e-88a9-81d710094f71" />
      <TestMethod codeBase="/Users/ursmuff/source/Living-Codex-CSharp/src/CodexBootstrap.Tests/bin/Debug/net6.0/CodexBootstrap.Tests.dll" adapterTypeName="executor://xunit/VsTestRunner2/netcoreapp" className="CodexBootstrap.Tests.Modules.ConceptModuleApiTests" name="GetConcepts_ShouldReturnConcepts_WhenConceptsExist" />
    </UnitTest>
    <UnitTest name="CodexBootstrap.Tests.IdentityTests.MockIdentityProvider_ShouldHandleCallback" storage="/users/ursmuff/source/living-codex-csharp/src/codexbootstrap.tests/bin/debug/net6.0/codexbootstrap.tests.dll" id="a5fef099-ba7b-ffee-c1d2-cd74a2ae92e6">
      <Execution id="0eb52cd6-71f4-4e23-8826-ccb48ef8cc4c" />
      <TestMethod codeBase="/Users/ursmuff/source/Living-Codex-CSharp/src/CodexBootstrap.Tests/bin/Debug/net6.0/CodexBootstrap.Tests.dll" adapterTypeName="executor://xunit/VsTestRunner2/netcoreapp" className="CodexBootstrap.Tests.IdentityTests" name="MockIdentityProvider_ShouldHandleCallback" />
    </UnitTest>
    <UnitTest name="CodexBootstrap.Tests.Core.NodePersistenceTests.ServerRestart_WaterNodes_ShouldNotSurviveRestart" storage="/users/ursmuff/source/living-codex-csharp/src/codexbootstrap.tests/bin/debug/net6.0/codexbootstrap.tests.dll" id="d94c59b9-3860-902d-b295-c5d99d6d5e53">
      <Execution id="8338bc3f-0990-4df8-8c39-2ecd3018ec74" />
      <TestMethod codeBase="/Users/ursmuff/source/Living-Codex-CSharp/src/CodexBootstrap.Tests/bin/Debug/net6.0/CodexBootstrap.Tests.dll" adapterTypeName="executor://xunit/VsTestRunner2/netcoreapp" className="CodexBootstrap.Tests.Core.NodePersistenceTests" name="ServerRestart_WaterNodes_ShouldNotSurviveRestart" />
    </UnitTest>
    <UnitTest name="CodexBootstrap.Tests.Modules.EnergyModuleApiTests.GetContributionStats_ShouldReturnStats_WhenImplemented" storage="/users/ursmuff/source/living-codex-csharp/src/codexbootstrap.tests/bin/debug/net6.0/codexbootstrap.tests.dll" id="386a6c80-c37f-2520-1205-e565042cab19">
      <Execution id="bb332539-8c94-4a0e-b4de-b5e97c7bd319" />
      <TestMethod codeBase="/Users/ursmuff/source/Living-Codex-CSharp/src/CodexBootstrap.Tests/bin/Debug/net6.0/CodexBootstrap.Tests.dll" adapterTypeName="executor://xunit/VsTestRunner2/netcoreapp" className="CodexBootstrap.Tests.Modules.EnergyModuleApiTests" name="GetContributionStats_ShouldReturnStats_WhenImplemented" />
    </UnitTest>
    <UnitTest name="CodexBootstrap.Tests.ApiEndpointTests.Health_ShouldReturnHealthyStatus" storage="/users/ursmuff/source/living-codex-csharp/src/codexbootstrap.tests/bin/debug/net6.0/codexbootstrap.tests.dll" id="2b5053f9-f02a-344a-cea0-eb8a5823c6c3">
      <Execution id="a57c4c36-38da-45ec-ad63-94cab7962918" />
      <TestMethod codeBase="/Users/ursmuff/source/Living-Codex-CSharp/src/CodexBootstrap.Tests/bin/Debug/net6.0/CodexBootstrap.Tests.dll" adapterTypeName="executor://xunit/VsTestRunner2/netcoreapp" className="CodexBootstrap.Tests.ApiEndpointTests" name="Health_ShouldReturnHealthyStatus" />
    </UnitTest>
    <UnitTest name="CodexBootstrap.Tests.Core.NodePersistenceTests.ServerRestart_MixedStates_ShouldRestoreCorrectly" storage="/users/ursmuff/source/living-codex-csharp/src/codexbootstrap.tests/bin/debug/net6.0/codexbootstrap.tests.dll" id="d2562022-cd7f-36b1-1c2d-849cc064d530">
      <Execution id="424f9034-9df5-477c-8e8d-008c7f311750" />
      <TestMethod codeBase="/Users/ursmuff/source/Living-Codex-CSharp/src/CodexBootstrap.Tests/bin/Debug/net6.0/CodexBootstrap.Tests.dll" adapterTypeName="executor://xunit/VsTestRunner2/netcoreapp" className="CodexBootstrap.Tests.Core.NodePersistenceTests" name="ServerRestart_MixedStates_ShouldRestoreCorrectly" />
    </UnitTest>
    <UnitTest name="CodexBootstrap.Tests.Core.NodeRegistryTests.InitializeAsync_HydratesNodesFromPersistentStorage" storage="/users/ursmuff/source/living-codex-csharp/src/codexbootstrap.tests/bin/debug/net6.0/codexbootstrap.tests.dll" id="0bbc52b8-9211-5e92-e7eb-f98e00a8add3">
      <Execution id="a38ef622-3e74-4c45-848a-e2161cf4ef35" />
      <TestMethod codeBase="/Users/ursmuff/source/Living-Codex-CSharp/src/CodexBootstrap.Tests/bin/Debug/net6.0/CodexBootstrap.Tests.dll" adapterTypeName="executor://xunit/VsTestRunner2/netcoreapp" className="CodexBootstrap.Tests.Core.NodeRegistryTests" name="InitializeAsync_HydratesNodesFromPersistentStorage" />
    </UnitTest>
    <UnitTest name="CodexBootstrap.Tests.Modules.IdentityModuleApiTests.Authenticate_ShouldHandleMalformedJson" storage="/users/ursmuff/source/living-codex-csharp/src/codexbootstrap.tests/bin/debug/net6.0/codexbootstrap.tests.dll" id="9362de11-64d0-3a11-bfe7-ba203f9734b0">
      <Execution id="6e828572-5d6e-4476-b81e-66cf231feae4" />
      <TestMethod codeBase="/Users/ursmuff/source/Living-Codex-CSharp/src/CodexBootstrap.Tests/bin/Debug/net6.0/CodexBootstrap.Tests.dll" adapterTypeName="executor://xunit/VsTestRunner2/netcoreapp" className="CodexBootstrap.Tests.Modules.IdentityModuleApiTests" name="Authenticate_ShouldHandleMalformedJson" />
    </UnitTest>
    <UnitTest name="CodexBootstrap.Tests.Modules.GalleryModuleTests.GenerateAIImage_WithoutPrompt_ReturnsError" storage="/users/ursmuff/source/living-codex-csharp/src/codexbootstrap.tests/bin/debug/net6.0/codexbootstrap.tests.dll" id="85af3b02-5b1f-ad47-f6c3-063b22aa2bc8">
      <Execution id="8a7a70f9-eff3-4c88-b78f-594ac827b63c" />
      <TestMethod codeBase="/Users/ursmuff/source/Living-Codex-CSharp/src/CodexBootstrap.Tests/bin/Debug/net6.0/CodexBootstrap.Tests.dll" adapterTypeName="executor://xunit/VsTestRunner2/netcoreapp" className="CodexBootstrap.Tests.Modules.GalleryModuleTests" name="GenerateAIImage_WithoutPrompt_ReturnsError" />
    </UnitTest>
    <UnitTest name="CodexBootstrap.Tests.Core.NodePersistenceTests.DataIntegrity_NodeUpdates_ShouldPreserveHistory" storage="/users/ursmuff/source/living-codex-csharp/src/codexbootstrap.tests/bin/debug/net6.0/codexbootstrap.tests.dll" id="f90d32c6-f44e-af0c-3d05-d5d63d72fbed">
      <Execution id="c3987a68-3da8-43e8-9713-93a03d5acab3" />
      <TestMethod codeBase="/Users/ursmuff/source/Living-Codex-CSharp/src/CodexBootstrap.Tests/bin/Debug/net6.0/CodexBootstrap.Tests.dll" adapterTypeName="executor://xunit/VsTestRunner2/netcoreapp" className="CodexBootstrap.Tests.Core.NodePersistenceTests" name="DataIntegrity_NodeUpdates_ShouldPreserveHistory" />
    </UnitTest>
    <UnitTest name="CodexBootstrap.Tests.Core.NodePersistenceTests.NodeStateTransition_IceToWater_ShouldMoveStorage" storage="/users/ursmuff/source/living-codex-csharp/src/codexbootstrap.tests/bin/debug/net6.0/codexbootstrap.tests.dll" id="48903600-7115-f18f-cfaa-40f126ec72dd">
      <Execution id="5e04f919-28b8-44e3-850e-88c7b665289b" />
      <TestMethod codeBase="/Users/ursmuff/source/Living-Codex-CSharp/src/CodexBootstrap.Tests/bin/Debug/net6.0/CodexBootstrap.Tests.dll" adapterTypeName="executor://xunit/VsTestRunner2/netcoreapp" className="CodexBootstrap.Tests.Core.NodePersistenceTests" name="NodeStateTransition_IceToWater_ShouldMoveStorage" />
    </UnitTest>
    <UnitTest name="CodexBootstrap.Tests.Modules.IdentityModuleApiTests.GetIdentityProviders_ShouldIncludeMockProvider" storage="/users/ursmuff/source/living-codex-csharp/src/codexbootstrap.tests/bin/debug/net6.0/codexbootstrap.tests.dll" id="4c4f9506-e0d0-a7af-bb2f-e96606d3bbf1">
      <Execution id="260c7cbb-fff7-441b-a892-df4a1d2357e3" />
      <TestMethod codeBase="/Users/ursmuff/source/Living-Codex-CSharp/src/CodexBootstrap.Tests/bin/Debug/net6.0/CodexBootstrap.Tests.dll" adapterTypeName="executor://xunit/VsTestRunner2/netcoreapp" className="CodexBootstrap.Tests.Modules.IdentityModuleApiTests" name="GetIdentityProviders_ShouldIncludeMockProvider" />
    </UnitTest>
    <UnitTest name="CodexBootstrap.Tests.Core.NodePersistenceTests.CacheClearAndReload_Edges_ShouldRestorePersistentEdges" storage="/users/ursmuff/source/living-codex-csharp/src/codexbootstrap.tests/bin/debug/net6.0/codexbootstrap.tests.dll" id="d29b97cc-8f72-3f8f-ee60-4568f1429a8b">
      <Execution id="ba40e139-ea88-4346-b8f9-1c39e489aebd" />
      <TestMethod codeBase="/Users/ursmuff/source/Living-Codex-CSharp/src/CodexBootstrap.Tests/bin/Debug/net6.0/CodexBootstrap.Tests.dll" adapterTypeName="executor://xunit/VsTestRunner2/netcoreapp" className="CodexBootstrap.Tests.Core.NodePersistenceTests" name="CacheClearAndReload_Edges_ShouldRestorePersistentEdges" />
    </UnitTest>
    <UnitTest name="CodexBootstrap.Tests.Core.NodeRegistryTests.GetNodesByType_ShouldReturnNodesOfSpecificType" storage="/users/ursmuff/source/living-codex-csharp/src/codexbootstrap.tests/bin/debug/net6.0/codexbootstrap.tests.dll" id="410a93d4-5a0d-cd14-1966-c13e3bca40a5">
      <Execution id="08c339c2-32c8-4bef-9bd0-c3557c796bb4" />
      <TestMethod codeBase="/Users/ursmuff/source/Living-Codex-CSharp/src/CodexBootstrap.Tests/bin/Debug/net6.0/CodexBootstrap.Tests.dll" adapterTypeName="executor://xunit/VsTestRunner2/netcoreapp" className="CodexBootstrap.Tests.Core.NodeRegistryTests" name="GetNodesByType_ShouldReturnNodesOfSpecificType" />
    </UnitTest>
    <UnitTest name="CodexBootstrap.Tests.Core.NodeRegistryUserRepositoryTests.GetByEmailAsync_ShouldMatchRegardlessOfCase" storage="/users/ursmuff/source/living-codex-csharp/src/codexbootstrap.tests/bin/debug/net6.0/codexbootstrap.tests.dll" id="92cb8fbf-5503-f34b-b811-ac131e120972">
      <Execution id="f0d0dd32-f928-49aa-b01b-a69f608ca18b" />
      <TestMethod codeBase="/Users/ursmuff/source/Living-Codex-CSharp/src/CodexBootstrap.Tests/bin/Debug/net6.0/CodexBootstrap.Tests.dll" adapterTypeName="executor://xunit/VsTestRunner2/netcoreapp" className="CodexBootstrap.Tests.Core.NodeRegistryUserRepositoryTests" name="GetByEmailAsync_ShouldMatchRegardlessOfCase" />
    </UnitTest>
    <UnitTest name="CodexBootstrap.Tests.HealthTests.HealthCheck_ShouldReturnValidJson" storage="/users/ursmuff/source/living-codex-csharp/src/codexbootstrap.tests/bin/debug/net6.0/codexbootstrap.tests.dll" id="bb61d7e3-a613-b2b8-0303-181e7a73d65b">
      <Execution id="dfe8f446-a460-40f5-b0f6-b10bac6c7ca3" />
      <TestMethod codeBase="/Users/ursmuff/source/Living-Codex-CSharp/src/CodexBootstrap.Tests/bin/Debug/net6.0/CodexBootstrap.Tests.dll" adapterTypeName="executor://xunit/VsTestRunner2/netcoreapp" className="CodexBootstrap.Tests.HealthTests" name="HealthCheck_ShouldReturnValidJson" />
    </UnitTest>
    <UnitTest name="CodexBootstrap.Tests.Core.NodePersistenceTests.MetadataQueries_ShouldPersistCorrectly" storage="/users/ursmuff/source/living-codex-csharp/src/codexbootstrap.tests/bin/debug/net6.0/codexbootstrap.tests.dll" id="6656d4a1-4590-68b8-41cf-6ebd4239279f">
      <Execution id="79aa47e2-f002-40e5-93e7-71096ca3560c" />
      <TestMethod codeBase="/Users/ursmuff/source/Living-Codex-CSharp/src/CodexBootstrap.Tests/bin/Debug/net6.0/CodexBootstrap.Tests.dll" adapterTypeName="executor://xunit/VsTestRunner2/netcoreapp" className="CodexBootstrap.Tests.Core.NodePersistenceTests" name="MetadataQueries_ShouldPersistCorrectly" />
    </UnitTest>
    <UnitTest name="CodexBootstrap.Tests.Modules.NoMockDataRegressionTests.ModuleEndpoints_WithInvalidData_ReturnCleanErrors(endpoint: &quot;/ux-primitives/reflect&quot;)" storage="/users/ursmuff/source/living-codex-csharp/src/codexbootstrap.tests/bin/debug/net6.0/codexbootstrap.tests.dll" id="65088179-bb39-a045-1fcc-d40375d536ba">
      <Execution id="2db5530c-876e-4904-9e70-98063e1f2834" />
      <TestMethod codeBase="/Users/ursmuff/source/Living-Codex-CSharp/src/CodexBootstrap.Tests/bin/Debug/net6.0/CodexBootstrap.Tests.dll" adapterTypeName="executor://xunit/VsTestRunner2/netcoreapp" className="CodexBootstrap.Tests.Modules.NoMockDataRegressionTests" name="ModuleEndpoints_WithInvalidData_ReturnCleanErrors" />
    </UnitTest>
    <UnitTest name="CodexBootstrap.Tests.Modules.GalleryModuleTests.ListGalleryItems_WithoutMockData_ReturnsEmptyList" storage="/users/ursmuff/source/living-codex-csharp/src/codexbootstrap.tests/bin/debug/net6.0/codexbootstrap.tests.dll" id="a3b04758-d6c8-afae-35de-edc9990eb840">
      <Execution id="1fee0ea8-2c58-4abe-9a5a-1153906b17ee" />
      <TestMethod codeBase="/Users/ursmuff/source/Living-Codex-CSharp/src/CodexBootstrap.Tests/bin/Debug/net6.0/CodexBootstrap.Tests.dll" adapterTypeName="executor://xunit/VsTestRunner2/netcoreapp" className="CodexBootstrap.Tests.Modules.GalleryModuleTests" name="ListGalleryItems_WithoutMockData_ReturnsEmptyList" />
    </UnitTest>
    <UnitTest name="CodexBootstrap.Tests.Core.LLMOrchestratorTests.Constructor_ShouldInitializeCorrectly" storage="/users/ursmuff/source/living-codex-csharp/src/codexbootstrap.tests/bin/debug/net6.0/codexbootstrap.tests.dll" id="b16e5439-5de2-497d-5713-ea1d44c4819a">
      <Execution id="b0c9244b-0afe-474a-8156-9a6f858e3057" />
      <TestMethod codeBase="/Users/ursmuff/source/Living-Codex-CSharp/src/CodexBootstrap.Tests/bin/Debug/net6.0/CodexBootstrap.Tests.dll" adapterTypeName="executor://xunit/VsTestRunner2/netcoreapp" className="CodexBootstrap.Tests.Core.LLMOrchestratorTests" name="Constructor_ShouldInitializeCorrectly" />
    </UnitTest>
    <UnitTest name="CodexBootstrap.Tests.Modules.CoreModuleTests.RegisterApiHandlers_ShouldNotThrow" storage="/users/ursmuff/source/living-codex-csharp/src/codexbootstrap.tests/bin/debug/net6.0/codexbootstrap.tests.dll" id="356cc5a1-12a0-34cb-5f3e-4ae7f80efd3b">
      <Execution id="4a2b82b1-0401-457e-bbca-0e9bacfc98e8" />
      <TestMethod codeBase="/Users/ursmuff/source/Living-Codex-CSharp/src/CodexBootstrap.Tests/bin/Debug/net6.0/CodexBootstrap.Tests.dll" adapterTypeName="executor://xunit/VsTestRunner2/netcoreapp" className="CodexBootstrap.Tests.Modules.CoreModuleTests" name="RegisterApiHandlers_ShouldNotThrow" />
    </UnitTest>
    <UnitTest name="CodexBootstrap.Tests.Modules.FileSystemModuleTests.ModuleProperties_ShouldBeCorrect" storage="/users/ursmuff/source/living-codex-csharp/src/codexbootstrap.tests/bin/debug/net6.0/codexbootstrap.tests.dll" id="69414ab0-4cf7-f312-3c05-6a9aa0f642b2">
      <Execution id="6848a7db-3f73-4742-a7fd-cc165bba14b8" />
      <TestMethod codeBase="/Users/ursmuff/source/Living-Codex-CSharp/src/CodexBootstrap.Tests/bin/Debug/net6.0/CodexBootstrap.Tests.dll" adapterTypeName="executor://xunit/VsTestRunner2/netcoreapp" className="CodexBootstrap.Tests.Modules.FileSystemModuleTests" name="ModuleProperties_ShouldBeCorrect" />
    </UnitTest>
    <UnitTest name="CodexBootstrap.Tests.Modules.EnergyModuleApiTests.GetContributorEnergy_ShouldReturnUserEnergy_WhenImplemented" storage="/users/ursmuff/source/living-codex-csharp/src/codexbootstrap.tests/bin/debug/net6.0/codexbootstrap.tests.dll" id="3ffad5fc-3d39-cf1b-b6aa-3a273e7e7f8c">
      <Execution id="c2bd681e-db52-437c-916f-5f4db6fef097" />
      <TestMethod codeBase="/Users/ursmuff/source/Living-Codex-CSharp/src/CodexBootstrap.Tests/bin/Debug/net6.0/CodexBootstrap.Tests.dll" adapterTypeName="executor://xunit/VsTestRunner2/netcoreapp" className="CodexBootstrap.Tests.Modules.EnergyModuleApiTests" name="GetContributorEnergy_ShouldReturnUserEnergy_WhenImplemented" />
    </UnitTest>
    <UnitTest name="CodexBootstrap.Tests.Modules.ConceptModuleApiTests.UpdateConcept_ShouldReturnSuccess_WhenConceptExists" storage="/users/ursmuff/source/living-codex-csharp/src/codexbootstrap.tests/bin/debug/net6.0/codexbootstrap.tests.dll" id="af1e193b-6914-4dd6-b3ed-2ac18e2a1b23">
      <Execution id="ead15ca2-1758-4f2c-a0e5-5fbc0a0c748f" />
      <TestMethod codeBase="/Users/ursmuff/source/Living-Codex-CSharp/src/CodexBootstrap.Tests/bin/Debug/net6.0/CodexBootstrap.Tests.dll" adapterTypeName="executor://xunit/VsTestRunner2/netcoreapp" className="CodexBootstrap.Tests.Modules.ConceptModuleApiTests" name="UpdateConcept_ShouldReturnSuccess_WhenConceptExists" />
    </UnitTest>
    <UnitTest name="CodexBootstrap.Tests.Modules.IdentityModuleApiTests.GoogleLogin_ShouldReturnRedirect_WhenProviderAvailable" storage="/users/ursmuff/source/living-codex-csharp/src/codexbootstrap.tests/bin/debug/net6.0/codexbootstrap.tests.dll" id="0e83f6d2-f0e7-2e47-ad7b-fd57feab6720">
      <Execution id="c4d1c509-968b-46ed-ab09-9280dcb6f15f" />
      <TestMethod codeBase="/Users/ursmuff/source/Living-Codex-CSharp/src/CodexBootstrap.Tests/bin/Debug/net6.0/CodexBootstrap.Tests.dll" adapterTypeName="executor://xunit/VsTestRunner2/netcoreapp" className="CodexBootstrap.Tests.Modules.IdentityModuleApiTests" name="GoogleLogin_ShouldReturnRedirect_WhenProviderAvailable" />
    </UnitTest>
    <UnitTest name="CodexBootstrap.Tests.Modules.NewsModuleApiTests.GetReadNews_ShouldReturnEmptyResults_WhenNoReadNews" storage="/users/ursmuff/source/living-codex-csharp/src/codexbootstrap.tests/bin/debug/net6.0/codexbootstrap.tests.dll" id="ed4eeeaf-65c2-fe54-b0e2-7f711f9498db">
      <Execution id="a7382b92-1f76-4ed8-8dca-a13d117be433" />
      <TestMethod codeBase="/Users/ursmuff/source/Living-Codex-CSharp/src/CodexBootstrap.Tests/bin/Debug/net6.0/CodexBootstrap.Tests.dll" adapterTypeName="executor://xunit/VsTestRunner2/netcoreapp" className="CodexBootstrap.Tests.Modules.NewsModuleApiTests" name="GetReadNews_ShouldReturnEmptyResults_WhenNoReadNews" />
    </UnitTest>
    <UnitTest name="CodexBootstrap.Tests.Core.NodeRegistryTests.TryGet_WithNonExistentId_ShouldReturnFalse" storage="/users/ursmuff/source/living-codex-csharp/src/codexbootstrap.tests/bin/debug/net6.0/codexbootstrap.tests.dll" id="cda0a382-6483-cdc5-9e08-2b17d62c9076">
      <Execution id="ff8cb09a-b1aa-495c-bc67-a95e508eaf4d" />
      <TestMethod codeBase="/Users/ursmuff/source/Living-Codex-CSharp/src/CodexBootstrap.Tests/bin/Debug/net6.0/CodexBootstrap.Tests.dll" adapterTypeName="executor://xunit/VsTestRunner2/netcoreapp" className="CodexBootstrap.Tests.Core.NodeRegistryTests" name="TryGet_WithNonExistentId_ShouldReturnFalse" />
    </UnitTest>
    <UnitTest name="CodexBootstrap.Tests.Modules.UXPrimitivesModuleTests.ModuleNode_HasCorrectProperties" storage="/users/ursmuff/source/living-codex-csharp/src/codexbootstrap.tests/bin/debug/net6.0/codexbootstrap.tests.dll" id="d7036780-9716-509c-617a-1f2084784363">
      <Execution id="92395751-0051-4717-b74c-dcb83c163e0b" />
      <TestMethod codeBase="/Users/ursmuff/source/Living-Codex-CSharp/src/CodexBootstrap.Tests/bin/Debug/net6.0/CodexBootstrap.Tests.dll" adapterTypeName="executor://xunit/VsTestRunner2/netcoreapp" className="CodexBootstrap.Tests.Modules.UXPrimitivesModuleTests" name="ModuleNode_HasCorrectProperties" />
    </UnitTest>
    <UnitTest name="CodexBootstrap.Tests.Modules.NoMockDataRegressionTests.UserDiscovery_WithoutGeocoding_ShouldFailNotFallback" storage="/users/ursmuff/source/living-codex-csharp/src/codexbootstrap.tests/bin/debug/net6.0/codexbootstrap.tests.dll" id="43e2b03c-a2af-ef3b-ea65-35587a7a8502">
      <Execution id="b69d7cc4-f8cc-4848-9e99-4ab3cd371342" />
      <TestMethod codeBase="/Users/ursmuff/source/Living-Codex-CSharp/src/CodexBootstrap.Tests/bin/Debug/net6.0/CodexBootstrap.Tests.dll" adapterTypeName="executor://xunit/VsTestRunner2/netcoreapp" className="CodexBootstrap.Tests.Modules.NoMockDataRegressionTests" name="UserDiscovery_WithoutGeocoding_ShouldFailNotFallback" />
    </UnitTest>
    <UnitTest name="CodexBootstrap.Tests.Modules.ConceptModuleApiTests.GetConcepts_ShouldReturnValidConceptsArray" storage="/users/ursmuff/source/living-codex-csharp/src/codexbootstrap.tests/bin/debug/net6.0/codexbootstrap.tests.dll" id="6599a9fd-a45c-3f51-a550-7571741afdc8">
      <Execution id="5cfdc4d1-ac70-4a2c-a864-2bb8d3a62912" />
      <TestMethod codeBase="/Users/ursmuff/source/Living-Codex-CSharp/src/CodexBootstrap.Tests/bin/Debug/net6.0/CodexBootstrap.Tests.dll" adapterTypeName="executor://xunit/VsTestRunner2/netcoreapp" className="CodexBootstrap.Tests.Modules.ConceptModuleApiTests" name="GetConcepts_ShouldReturnValidConceptsArray" />
    </UnitTest>
    <UnitTest name="CodexBootstrap.Tests.Modules.AIModuleTests.RegisterApiHandlers_ShouldNotThrow" storage="/users/ursmuff/source/living-codex-csharp/src/codexbootstrap.tests/bin/debug/net6.0/codexbootstrap.tests.dll" id="f26cae9a-0cfd-3b5a-d1f4-d5ed084eadad">
      <Execution id="a452e31a-4ca8-4c05-8904-b42885eee89b" />
      <TestMethod codeBase="/Users/ursmuff/source/Living-Codex-CSharp/src/CodexBootstrap.Tests/bin/Debug/net6.0/CodexBootstrap.Tests.dll" adapterTypeName="executor://xunit/VsTestRunner2/netcoreapp" className="CodexBootstrap.Tests.Modules.AIModuleTests" name="RegisterApiHandlers_ShouldNotThrow" />
    </UnitTest>
    <UnitTest name="CodexBootstrap.Tests.Modules.GalleryModuleTests.GetGalleryItem_WithNonExistentId_ReturnsError" storage="/users/ursmuff/source/living-codex-csharp/src/codexbootstrap.tests/bin/debug/net6.0/codexbootstrap.tests.dll" id="7814cc71-5384-55ab-b67a-fb18f5ac5c5f">
      <Execution id="b8aafca8-58b9-41b3-bd26-dd52db5cd505" />
      <TestMethod codeBase="/Users/ursmuff/source/Living-Codex-CSharp/src/CodexBootstrap.Tests/bin/Debug/net6.0/CodexBootstrap.Tests.dll" adapterTypeName="executor://xunit/VsTestRunner2/netcoreapp" className="CodexBootstrap.Tests.Modules.GalleryModuleTests" name="GetGalleryItem_WithNonExistentId_ReturnsError" />
    </UnitTest>
    <UnitTest name="CodexBootstrap.Tests.Core.NodeRegistryTests.TryGet_WithExistingId_ShouldReturnNode" storage="/users/ursmuff/source/living-codex-csharp/src/codexbootstrap.tests/bin/debug/net6.0/codexbootstrap.tests.dll" id="a117d892-9fd1-1ad8-8d90-f3c71328203c">
      <Execution id="c4a4783a-ea7f-4daf-aed7-766ed6369506" />
      <TestMethod codeBase="/Users/ursmuff/source/Living-Codex-CSharp/src/CodexBootstrap.Tests/bin/Debug/net6.0/CodexBootstrap.Tests.dll" adapterTypeName="executor://xunit/VsTestRunner2/netcoreapp" className="CodexBootstrap.Tests.Core.NodeRegistryTests" name="TryGet_WithExistingId_ShouldReturnNode" />
    </UnitTest>
    <UnitTest name="CodexBootstrap.Tests.Modules.GalleryModuleTests.ModuleNode_HasCorrectProperties" storage="/users/ursmuff/source/living-codex-csharp/src/codexbootstrap.tests/bin/debug/net6.0/codexbootstrap.tests.dll" id="fcef5775-779a-bf15-6f5f-56cf4b7bf258">
      <Execution id="ef6699c5-bc70-42d1-9ee6-f9d25e7fda09" />
      <TestMethod codeBase="/Users/ursmuff/source/Living-Codex-CSharp/src/CodexBootstrap.Tests/bin/Debug/net6.0/CodexBootstrap.Tests.dll" adapterTypeName="executor://xunit/VsTestRunner2/netcoreapp" className="CodexBootstrap.Tests.Modules.GalleryModuleTests" name="ModuleNode_HasCorrectProperties" />
    </UnitTest>
    <UnitTest name="CodexBootstrap.Tests.Modules.NewsModuleApiTests.SearchNews_ShouldReturnSearchResults_WhenImplemented" storage="/users/ursmuff/source/living-codex-csharp/src/codexbootstrap.tests/bin/debug/net6.0/codexbootstrap.tests.dll" id="c7664158-decd-1ae9-8bcf-1591fb563b34">
      <Execution id="970f04e8-b648-4b82-b1eb-12b74f152b4f" />
      <TestMethod codeBase="/Users/ursmuff/source/Living-Codex-CSharp/src/CodexBootstrap.Tests/bin/Debug/net6.0/CodexBootstrap.Tests.dll" adapterTypeName="executor://xunit/VsTestRunner2/netcoreapp" className="CodexBootstrap.Tests.Modules.NewsModuleApiTests" name="SearchNews_ShouldReturnSearchResults_WhenImplemented" />
    </UnitTest>
    <UnitTest name="CodexBootstrap.Tests.Core.NodePersistenceTests.TypeBasedQueries_ShouldWorkAfterRestart" storage="/users/ursmuff/source/living-codex-csharp/src/codexbootstrap.tests/bin/debug/net6.0/codexbootstrap.tests.dll" id="53a59314-7293-f081-232f-56d1644cbca1">
      <Execution id="a15b8a97-78a8-4acd-82ab-3e668a9f8a2b" />
      <TestMethod codeBase="/Users/ursmuff/source/Living-Codex-CSharp/src/CodexBootstrap.Tests/bin/Debug/net6.0/CodexBootstrap.Tests.dll" adapterTypeName="executor://xunit/VsTestRunner2/netcoreapp" className="CodexBootstrap.Tests.Core.NodePersistenceTests" name="TypeBasedQueries_ShouldWorkAfterRestart" />
    </UnitTest>
    <UnitTest name="CodexBootstrap.Tests.IdentityTests.CreateSession_ShouldCreateNewSession" storage="/users/ursmuff/source/living-codex-csharp/src/codexbootstrap.tests/bin/debug/net6.0/codexbootstrap.tests.dll" id="81ece0d0-0623-f285-5aef-39638b72d8de">
      <Execution id="8d606142-6ea0-486b-bfcc-b45548cccbeb" />
      <TestMethod codeBase="/Users/ursmuff/source/Living-Codex-CSharp/src/CodexBootstrap.Tests/bin/Debug/net6.0/CodexBootstrap.Tests.dll" adapterTypeName="executor://xunit/VsTestRunner2/netcoreapp" className="CodexBootstrap.Tests.IdentityTests" name="CreateSession_ShouldCreateNewSession" />
    </UnitTest>
    <UnitTest name="CodexBootstrap.Tests.UCoreOntologyTests.TopologyPaths_Should_ConnectToUCoreConcepts_IfPresent" storage="/users/ursmuff/source/living-codex-csharp/src/codexbootstrap.tests/bin/debug/net6.0/codexbootstrap.tests.dll" id="1e43300c-2a88-befd-5bd4-aa2b7d5a855b">
      <Execution id="07b89f40-84f7-49f8-81d6-5925e9eea138" />
      <TestMethod codeBase="/Users/ursmuff/source/Living-Codex-CSharp/src/CodexBootstrap.Tests/bin/Debug/net6.0/CodexBootstrap.Tests.dll" adapterTypeName="executor://xunit/VsTestRunner2/netcoreapp" className="CodexBootstrap.Tests.UCoreOntologyTests" name="TopologyPaths_Should_ConnectToUCoreConcepts_IfPresent" />
    </UnitTest>
    <UnitTest name="CodexBootstrap.Tests.Modules.FileSystemModuleTests.CreateFile_WithValidRequest_CreatesFileAndNode" storage="/users/ursmuff/source/living-codex-csharp/src/codexbootstrap.tests/bin/debug/net6.0/codexbootstrap.tests.dll" id="aced4986-e1f4-a66e-d3bb-e7d4243e8cbf">
      <Execution id="bd4704d7-9b1f-4604-9cd4-de50f4313a46" />
      <TestMethod codeBase="/Users/ursmuff/source/Living-Codex-CSharp/src/CodexBootstrap.Tests/bin/Debug/net6.0/CodexBootstrap.Tests.dll" adapterTypeName="executor://xunit/VsTestRunner2/netcoreapp" className="CodexBootstrap.Tests.Modules.FileSystemModuleTests" name="CreateFile_WithValidRequest_CreatesFileAndNode" />
    </UnitTest>
    <UnitTest name="CodexBootstrap.Tests.Core.NodeRegistryTests.UpsertNode_WithValidNode_ShouldRegisterSuccessfully" storage="/users/ursmuff/source/living-codex-csharp/src/codexbootstrap.tests/bin/debug/net6.0/codexbootstrap.tests.dll" id="d0160707-f909-e423-0bd5-ceb0e7a99a9c">
      <Execution id="e1ac8c56-1806-4198-ae4e-d642feb6558a" />
      <TestMethod codeBase="/Users/ursmuff/source/Living-Codex-CSharp/src/CodexBootstrap.Tests/bin/Debug/net6.0/CodexBootstrap.Tests.dll" adapterTypeName="executor://xunit/VsTestRunner2/netcoreapp" className="CodexBootstrap.Tests.Core.NodeRegistryTests" name="UpsertNode_WithValidNode_ShouldRegisterSuccessfully" />
    </UnitTest>
    <UnitTest name="CodexBootstrap.Tests.Core.NodePersistenceTests.ConcurrentOperations_ShouldMaintainConsistency" storage="/users/ursmuff/source/living-codex-csharp/src/codexbootstrap.tests/bin/debug/net6.0/codexbootstrap.tests.dll" id="26e7a1ad-63a6-c657-4516-74b5caa9040c">
      <Execution id="c6298a70-7138-4dc1-bceb-74a6a50dcd90" />
      <TestMethod codeBase="/Users/ursmuff/source/Living-Codex-CSharp/src/CodexBootstrap.Tests/bin/Debug/net6.0/CodexBootstrap.Tests.dll" adapterTypeName="executor://xunit/VsTestRunner2/netcoreapp" className="CodexBootstrap.Tests.Core.NodePersistenceTests" name="ConcurrentOperations_ShouldMaintainConsistency" />
    </UnitTest>
    <UnitTest name="CodexBootstrap.Tests.ComprehensiveEndpointDiscovery.DiscoverAllEndpoints_ShouldFindAvailableEndpoints" storage="/users/ursmuff/source/living-codex-csharp/src/codexbootstrap.tests/bin/debug/net6.0/codexbootstrap.tests.dll" id="9a702a54-932a-77ac-8e6e-5b1318f49c63">
      <Execution id="418ed922-2638-4eed-bb19-9d7843174b7f" />
      <TestMethod codeBase="/Users/ursmuff/source/Living-Codex-CSharp/src/CodexBootstrap.Tests/bin/Debug/net6.0/CodexBootstrap.Tests.dll" adapterTypeName="executor://xunit/VsTestRunner2/netcoreapp" className="CodexBootstrap.Tests.ComprehensiveEndpointDiscovery" name="DiscoverAllEndpoints_ShouldFindAvailableEndpoints" />
    </UnitTest>
    <UnitTest name="CodexBootstrap.Tests.Modules.EnergyModuleApiTests.RecordContribution_ShouldCreateContribution_WhenImplemented" storage="/users/ursmuff/source/living-codex-csharp/src/codexbootstrap.tests/bin/debug/net6.0/codexbootstrap.tests.dll" id="58ac984c-ccd6-0f0f-d8b2-fe2845649ddf">
      <Execution id="3beaa1c3-b1af-4e4f-a2e5-efdca94788f9" />
      <TestMethod codeBase="/Users/ursmuff/source/Living-Codex-CSharp/src/CodexBootstrap.Tests/bin/Debug/net6.0/CodexBootstrap.Tests.dll" adapterTypeName="executor://xunit/VsTestRunner2/netcoreapp" className="CodexBootstrap.Tests.Modules.EnergyModuleApiTests" name="RecordContribution_ShouldCreateContribution_WhenImplemented" />
    </UnitTest>
    <UnitTest name="CodexBootstrap.Tests.Modules.UXPrimitivesModuleTests.SendInvite_WithoutMessage_ReturnsError" storage="/users/ursmuff/source/living-codex-csharp/src/codexbootstrap.tests/bin/debug/net6.0/codexbootstrap.tests.dll" id="de3c4b09-a3ad-ae77-63dc-db0c1fac083d">
      <Execution id="6d80655f-93aa-48f9-b993-e9dc560213f0" />
      <TestMethod codeBase="/Users/ursmuff/source/Living-Codex-CSharp/src/CodexBootstrap.Tests/bin/Debug/net6.0/CodexBootstrap.Tests.dll" adapterTypeName="executor://xunit/VsTestRunner2/netcoreapp" className="CodexBootstrap.Tests.Modules.UXPrimitivesModuleTests" name="SendInvite_WithoutMessage_ReturnsError" />
    </UnitTest>
    <UnitTest name="CodexBootstrap.Tests.IdentityTests.AuthenticateUser_ShouldAuthenticateValidUser" storage="/users/ursmuff/source/living-codex-csharp/src/codexbootstrap.tests/bin/debug/net6.0/codexbootstrap.tests.dll" id="3ee13cb4-0958-6775-b9ba-c8af5a50fd57">
      <Execution id="e8a49faa-4690-4ded-bd58-3af566abe8ef" />
      <TestMethod codeBase="/Users/ursmuff/source/Living-Codex-CSharp/src/CodexBootstrap.Tests/bin/Debug/net6.0/CodexBootstrap.Tests.dll" adapterTypeName="executor://xunit/VsTestRunner2/netcoreapp" className="CodexBootstrap.Tests.IdentityTests" name="AuthenticateUser_ShouldAuthenticateValidUser" />
    </UnitTest>
    <UnitTest name="CodexBootstrap.Tests.Modules.UXPrimitivesModuleTests.GenerateReflection_WithoutContentId_ReturnsError" storage="/users/ursmuff/source/living-codex-csharp/src/codexbootstrap.tests/bin/debug/net6.0/codexbootstrap.tests.dll" id="0dfb425c-5e4f-66ca-073c-7c258c6c7e5f">
      <Execution id="21a079a9-7429-46b9-8f01-c04d83894dcf" />
      <TestMethod codeBase="/Users/ursmuff/source/Living-Codex-CSharp/src/CodexBootstrap.Tests/bin/Debug/net6.0/CodexBootstrap.Tests.dll" adapterTypeName="executor://xunit/VsTestRunner2/netcoreapp" className="CodexBootstrap.Tests.Modules.UXPrimitivesModuleTests" name="GenerateReflection_WithoutContentId_ReturnsError" />
    </UnitTest>
    <UnitTest name="CodexBootstrap.Tests.Core.LLMOrchestratorTests.ExecuteAsync_WithNonExistentTemplate_ShouldReturnError" storage="/users/ursmuff/source/living-codex-csharp/src/codexbootstrap.tests/bin/debug/net6.0/codexbootstrap.tests.dll" id="01fada6a-9beb-d06b-6787-0781734f5b1d">
      <Execution id="4c2b5178-ec93-4368-9195-301a9d7ad885" />
      <TestMethod codeBase="/Users/ursmuff/source/Living-Codex-CSharp/src/CodexBootstrap.Tests/bin/Debug/net6.0/CodexBootstrap.Tests.dll" adapterTypeName="executor://xunit/VsTestRunner2/netcoreapp" className="CodexBootstrap.Tests.Core.LLMOrchestratorTests" name="ExecuteAsync_WithNonExistentTemplate_ShouldReturnError" />
    </UnitTest>
    <UnitTest name="CodexBootstrap.Tests.HealthTests.HealthCheck_ShouldIncludeSystemMetrics" storage="/users/ursmuff/source/living-codex-csharp/src/codexbootstrap.tests/bin/debug/net6.0/codexbootstrap.tests.dll" id="494a6f72-6254-5a6e-4577-c52cd4a0c3cd">
      <Execution id="ce0243a5-a35d-4551-9498-644413929d21" />
      <TestMethod codeBase="/Users/ursmuff/source/Living-Codex-CSharp/src/CodexBootstrap.Tests/bin/Debug/net6.0/CodexBootstrap.Tests.dll" adapterTypeName="executor://xunit/VsTestRunner2/netcoreapp" className="CodexBootstrap.Tests.HealthTests" name="HealthCheck_ShouldIncludeSystemMetrics" />
    </UnitTest>
    <UnitTest name="CodexBootstrap.Tests.Core.StateTransitionTests.Edge_BetweenWaterAndGasNodes_ShouldNotPersist" storage="/users/ursmuff/source/living-codex-csharp/src/codexbootstrap.tests/bin/debug/net6.0/codexbootstrap.tests.dll" id="4490693e-5b5f-60f8-a352-34ba943e1d62">
      <Execution id="05d8f78e-d31c-4d03-ad44-051f59e869ca" />
      <TestMethod codeBase="/Users/ursmuff/source/Living-Codex-CSharp/src/CodexBootstrap.Tests/bin/Debug/net6.0/CodexBootstrap.Tests.dll" adapterTypeName="executor://xunit/VsTestRunner2/netcoreapp" className="CodexBootstrap.Tests.Core.StateTransitionTests" name="Edge_BetweenWaterAndGasNodes_ShouldNotPersist" />
    </UnitTest>
    <UnitTest name="CodexBootstrap.Tests.Core.NodeRegistryUserRepositoryTests.UpdateAsync_ShouldOverwriteMetadata" storage="/users/ursmuff/source/living-codex-csharp/src/codexbootstrap.tests/bin/debug/net6.0/codexbootstrap.tests.dll" id="2077052f-6555-ad72-a6cc-99d9e1294aa2">
      <Execution id="e074c815-3331-4a05-9c86-8e4543139a3b" />
      <TestMethod codeBase="/Users/ursmuff/source/Living-Codex-CSharp/src/CodexBootstrap.Tests/bin/Debug/net6.0/CodexBootstrap.Tests.dll" adapterTypeName="executor://xunit/VsTestRunner2/netcoreapp" className="CodexBootstrap.Tests.Core.NodeRegistryUserRepositoryTests" name="UpdateAsync_ShouldOverwriteMetadata" />
    </UnitTest>
    <UnitTest name="CodexBootstrap.Tests.Modules.FileSystemModuleTests.FileNode_ShouldHaveCorrectContentRef" storage="/users/ursmuff/source/living-codex-csharp/src/codexbootstrap.tests/bin/debug/net6.0/codexbootstrap.tests.dll" id="3c9ab4c8-f1b7-75d5-dbbb-5692f82a8e63">
      <Execution id="2c575b1e-1f51-4b41-87ed-d56e211da75b" />
      <TestMethod codeBase="/Users/ursmuff/source/Living-Codex-CSharp/src/CodexBootstrap.Tests/bin/Debug/net6.0/CodexBootstrap.Tests.dll" adapterTypeName="executor://xunit/VsTestRunner2/netcoreapp" className="CodexBootstrap.Tests.Modules.FileSystemModuleTests" name="FileNode_ShouldHaveCorrectContentRef" />
    </UnitTest>
    <UnitTest name="CodexBootstrap.Tests.Modules.AIModuleTests.Version_ShouldReturnCorrectVersion" storage="/users/ursmuff/source/living-codex-csharp/src/codexbootstrap.tests/bin/debug/net6.0/codexbootstrap.tests.dll" id="e7b9a5d9-b357-ccab-0080-bfd9de9e4252">
      <Execution id="5308d777-bb31-42ff-a09a-c3d405db35e2" />
      <TestMethod codeBase="/Users/ursmuff/source/Living-Codex-CSharp/src/CodexBootstrap.Tests/bin/Debug/net6.0/CodexBootstrap.Tests.dll" adapterTypeName="executor://xunit/VsTestRunner2/netcoreapp" className="CodexBootstrap.Tests.Modules.AIModuleTests" name="Version_ShouldReturnCorrectVersion" />
    </UnitTest>
    <UnitTest name="CodexBootstrap.Tests.ApiIntegrationTests.OAuthProviders_ShouldReturnAvailableProviders" storage="/users/ursmuff/source/living-codex-csharp/src/codexbootstrap.tests/bin/debug/net6.0/codexbootstrap.tests.dll" id="080e755c-ee7a-1e14-8f28-e087a10675d0">
      <Execution id="0829b09d-7a22-4fa8-bbc9-f2c35b91ef49" />
      <TestMethod codeBase="/Users/ursmuff/source/Living-Codex-CSharp/src/CodexBootstrap.Tests/bin/Debug/net6.0/CodexBootstrap.Tests.dll" adapterTypeName="executor://xunit/VsTestRunner2/netcoreapp" className="CodexBootstrap.Tests.ApiIntegrationTests" name="OAuthProviders_ShouldReturnAvailableProviders" />
    </UnitTest>
    <UnitTest name="CodexBootstrap.Tests.Modules.NewsModuleApiTests.SearchNews_ShouldReturnEmptyResults_WhenNoNewsAvailable" storage="/users/ursmuff/source/living-codex-csharp/src/codexbootstrap.tests/bin/debug/net6.0/codexbootstrap.tests.dll" id="4e73c103-f467-67e6-7049-e34249ba699f">
      <Execution id="2d50d1b3-74f1-496a-b80c-b7f6f1384a07" />
      <TestMethod codeBase="/Users/ursmuff/source/Living-Codex-CSharp/src/CodexBootstrap.Tests/bin/Debug/net6.0/CodexBootstrap.Tests.dll" adapterTypeName="executor://xunit/VsTestRunner2/netcoreapp" className="CodexBootstrap.Tests.Modules.NewsModuleApiTests" name="SearchNews_ShouldReturnEmptyResults_WhenNoNewsAvailable" />
    </UnitTest>
    <UnitTest name="CodexBootstrap.Tests.UCoreOntologyTests.ResonanceMatrix_Should_ExistAndIntegrateAxes" storage="/users/ursmuff/source/living-codex-csharp/src/codexbootstrap.tests/bin/debug/net6.0/codexbootstrap.tests.dll" id="9fd16290-2ffd-477a-8430-1b48345fb6df">
      <Execution id="f2aae18b-8892-4363-841d-63b291f078f1" />
      <TestMethod codeBase="/Users/ursmuff/source/Living-Codex-CSharp/src/CodexBootstrap.Tests/bin/Debug/net6.0/CodexBootstrap.Tests.dll" adapterTypeName="executor://xunit/VsTestRunner2/netcoreapp" className="CodexBootstrap.Tests.UCoreOntologyTests" name="ResonanceMatrix_Should_ExistAndIntegrateAxes" />
    </UnitTest>
    <UnitTest name="CodexBootstrap.Tests.Modules.FutureKnowledgeModuleTests.GeneratePrediction_WithNonExistentPattern_ReturnsError" storage="/users/ursmuff/source/living-codex-csharp/src/codexbootstrap.tests/bin/debug/net6.0/codexbootstrap.tests.dll" id="b8e86a2f-674f-f277-a8e3-1c4f7274634d">
      <Execution id="2af1c8dc-22a2-4f5b-8b8d-5d368de49269" />
      <TestMethod codeBase="/Users/ursmuff/source/Living-Codex-CSharp/src/CodexBootstrap.Tests/bin/Debug/net6.0/CodexBootstrap.Tests.dll" adapterTypeName="executor://xunit/VsTestRunner2/netcoreapp" className="CodexBootstrap.Tests.Modules.FutureKnowledgeModuleTests" name="GeneratePrediction_WithNonExistentPattern_ReturnsError" />
    </UnitTest>
    <UnitTest name="CodexBootstrap.Tests.Modules.NewsModuleApiTests.GetTrendingTopics_ShouldHandleConcurrentRequests" storage="/users/ursmuff/source/living-codex-csharp/src/codexbootstrap.tests/bin/debug/net6.0/codexbootstrap.tests.dll" id="0be5b3d7-ad47-a6e7-2e5c-4e8c709b4254">
      <Execution id="d6b75ba9-494b-477a-9eae-d73859198743" />
      <TestMethod codeBase="/Users/ursmuff/source/Living-Codex-CSharp/src/CodexBootstrap.Tests/bin/Debug/net6.0/CodexBootstrap.Tests.dll" adapterTypeName="executor://xunit/VsTestRunner2/netcoreapp" className="CodexBootstrap.Tests.Modules.NewsModuleApiTests" name="GetTrendingTopics_ShouldHandleConcurrentRequests" />
    </UnitTest>
    <UnitTest name="CodexBootstrap.Tests.Core.StateTransitionTests.NodeStateTransition_FromIceToWater_ShouldMigrateEdgesToWater" storage="/users/ursmuff/source/living-codex-csharp/src/codexbootstrap.tests/bin/debug/net6.0/codexbootstrap.tests.dll" id="04685a3a-4e68-f6f3-27c2-152f2ba69c55">
      <Execution id="d401189d-2369-47f2-b284-0a9bcfa6761b" />
      <TestMethod codeBase="/Users/ursmuff/source/Living-Codex-CSharp/src/CodexBootstrap.Tests/bin/Debug/net6.0/CodexBootstrap.Tests.dll" adapterTypeName="executor://xunit/VsTestRunner2/netcoreapp" className="CodexBootstrap.Tests.Core.StateTransitionTests" name="NodeStateTransition_FromIceToWater_ShouldMigrateEdgesToWater" />
    </UnitTest>
    <UnitTest name="CodexBootstrap.Tests.Core.NodePersistenceTests.DataIntegrity_ComplexContent_ShouldPersistCorrectly" storage="/users/ursmuff/source/living-codex-csharp/src/codexbootstrap.tests/bin/debug/net6.0/codexbootstrap.tests.dll" id="ec5dab1e-1f0f-f383-92f5-6636c26252be">
      <Execution id="3d06df7a-c302-434f-86b5-b88e5e58f835" />
      <TestMethod codeBase="/Users/ursmuff/source/Living-Codex-CSharp/src/CodexBootstrap.Tests/bin/Debug/net6.0/CodexBootstrap.Tests.dll" adapterTypeName="executor://xunit/VsTestRunner2/netcoreapp" className="CodexBootstrap.Tests.Core.NodePersistenceTests" name="DataIntegrity_ComplexContent_ShouldPersistCorrectly" />
    </UnitTest>
    <UnitTest name="CodexBootstrap.Tests.Modules.NoMockDataRegressionTests.ThreadsModule_ListThreads_WithoutMockData_ReturnsEmptyOrError" storage="/users/ursmuff/source/living-codex-csharp/src/codexbootstrap.tests/bin/debug/net6.0/codexbootstrap.tests.dll" id="88484ee7-b056-96be-c3f0-2f9ff210be2a">
      <Execution id="c7e4b189-5368-48ed-a0ba-f435129dd5ee" />
      <TestMethod codeBase="/Users/ursmuff/source/Living-Codex-CSharp/src/CodexBootstrap.Tests/bin/Debug/net6.0/CodexBootstrap.Tests.dll" adapterTypeName="executor://xunit/VsTestRunner2/netcoreapp" className="CodexBootstrap.Tests.Modules.NoMockDataRegressionTests" name="ThreadsModule_ListThreads_WithoutMockData_ReturnsEmptyOrError" />
    </UnitTest>
    <UnitTest name="CodexBootstrap.Tests.Integration.ApiIntegrationTests.ApiDiscovery_ShouldReturnAvailableEndpoints" storage="/users/ursmuff/source/living-codex-csharp/src/codexbootstrap.tests/bin/debug/net6.0/codexbootstrap.tests.dll" id="8fd24cd4-a9c0-0221-2fef-ed0703bf3428">
      <Execution id="eaa1ffde-2939-47cb-befa-2350ee2f3421" />
      <TestMethod codeBase="/Users/ursmuff/source/Living-Codex-CSharp/src/CodexBootstrap.Tests/bin/Debug/net6.0/CodexBootstrap.Tests.dll" adapterTypeName="executor://xunit/VsTestRunner2/netcoreapp" className="CodexBootstrap.Tests.Integration.ApiIntegrationTests" name="ApiDiscovery_ShouldReturnAvailableEndpoints" />
    </UnitTest>
    <UnitTest name="CodexBootstrap.Tests.Core.StateTransitionTests.NodeStateTransition_OneNodeToGas_ShouldMakeEdgeGas" storage="/users/ursmuff/source/living-codex-csharp/src/codexbootstrap.tests/bin/debug/net6.0/codexbootstrap.tests.dll" id="bea25778-24d9-fe1b-fa56-cac425810a84">
      <Execution id="852c52b3-b1fe-4187-8458-8342212943f3" />
      <TestMethod codeBase="/Users/ursmuff/source/Living-Codex-CSharp/src/CodexBootstrap.Tests/bin/Debug/net6.0/CodexBootstrap.Tests.dll" adapterTypeName="executor://xunit/VsTestRunner2/netcoreapp" className="CodexBootstrap.Tests.Core.StateTransitionTests" name="NodeStateTransition_OneNodeToGas_ShouldMakeEdgeGas" />
    </UnitTest>
    <UnitTest name="CodexBootstrap.Tests.IdentityTests.MockIdentityProvider_ShouldInitiateLogin" storage="/users/ursmuff/source/living-codex-csharp/src/codexbootstrap.tests/bin/debug/net6.0/codexbootstrap.tests.dll" id="79341776-28f9-9f5a-685e-8b9cb0ecc3e5">
      <Execution id="65ac0cb4-8502-401d-b1aa-5793c8ac366f" />
      <TestMethod codeBase="/Users/ursmuff/source/Living-Codex-CSharp/src/CodexBootstrap.Tests/bin/Debug/net6.0/CodexBootstrap.Tests.dll" adapterTypeName="executor://xunit/VsTestRunner2/netcoreapp" className="CodexBootstrap.Tests.IdentityTests" name="MockIdentityProvider_ShouldInitiateLogin" />
    </UnitTest>
    <UnitTest name="CodexBootstrap.Tests.IdentityTests.IdentityCallback_ShouldHandleMockAuthentication" storage="/users/ursmuff/source/living-codex-csharp/src/codexbootstrap.tests/bin/debug/net6.0/codexbootstrap.tests.dll" id="7119bdd5-175e-ef34-2080-2f86d1730b51">
      <Execution id="510f73c6-50c6-4141-8276-997079f1a0f1" />
      <TestMethod codeBase="/Users/ursmuff/source/Living-Codex-CSharp/src/CodexBootstrap.Tests/bin/Debug/net6.0/CodexBootstrap.Tests.dll" adapterTypeName="executor://xunit/VsTestRunner2/netcoreapp" className="CodexBootstrap.Tests.IdentityTests" name="IdentityCallback_ShouldHandleMockAuthentication" />
    </UnitTest>
    <UnitTest name="CodexBootstrap.Tests.Modules.NewsModuleApiTests.GetTrendingTopics_ShouldAcceptHoursBackParameter" storage="/users/ursmuff/source/living-codex-csharp/src/codexbootstrap.tests/bin/debug/net6.0/codexbootstrap.tests.dll" id="7d68e180-4522-1c63-e2b7-817dd0b2a6e5">
      <Execution id="b2b46aaf-b3fc-473b-bc73-de15f1202213" />
      <TestMethod codeBase="/Users/ursmuff/source/Living-Codex-CSharp/src/CodexBootstrap.Tests/bin/Debug/net6.0/CodexBootstrap.Tests.dll" adapterTypeName="executor://xunit/VsTestRunner2/netcoreapp" className="CodexBootstrap.Tests.Modules.NewsModuleApiTests" name="GetTrendingTopics_ShouldAcceptHoursBackParameter" />
    </UnitTest>
    <UnitTest name="CodexBootstrap.Tests.Modules.EnergyModuleApiTests.GetCollectiveEnergy_ShouldRespondWithinAcceptableTime_WhenImplemented" storage="/users/ursmuff/source/living-codex-csharp/src/codexbootstrap.tests/bin/debug/net6.0/codexbootstrap.tests.dll" id="419a8404-3052-a939-642f-9bc8d54507ed">
      <Execution id="4addf47e-b56b-4470-8d9a-771c8b09a66c" />
      <TestMethod codeBase="/Users/ursmuff/source/Living-Codex-CSharp/src/CodexBootstrap.Tests/bin/Debug/net6.0/CodexBootstrap.Tests.dll" adapterTypeName="executor://xunit/VsTestRunner2/netcoreapp" className="CodexBootstrap.Tests.Modules.EnergyModuleApiTests" name="GetCollectiveEnergy_ShouldRespondWithinAcceptableTime_WhenImplemented" />
    </UnitTest>
    <UnitTest name="CodexBootstrap.Tests.Modules.IdentityModuleApiTests.Authenticate_ShouldReturnBadRequest_WhenInvalidRequest" storage="/users/ursmuff/source/living-codex-csharp/src/codexbootstrap.tests/bin/debug/net6.0/codexbootstrap.tests.dll" id="4f365743-de47-b07f-fd2b-1af885da9411">
      <Execution id="fca90a61-b144-4236-a280-50f153de237a" />
      <TestMethod codeBase="/Users/ursmuff/source/Living-Codex-CSharp/src/CodexBootstrap.Tests/bin/Debug/net6.0/CodexBootstrap.Tests.dll" adapterTypeName="executor://xunit/VsTestRunner2/netcoreapp" className="CodexBootstrap.Tests.Modules.IdentityModuleApiTests" name="Authenticate_ShouldReturnBadRequest_WhenInvalidRequest" />
    </UnitTest>
    <UnitTest name="CodexBootstrap.Tests.ApiIntegrationTests.UserDiscovery_ShouldReturnUsers" storage="/users/ursmuff/source/living-codex-csharp/src/codexbootstrap.tests/bin/debug/net6.0/codexbootstrap.tests.dll" id="c4827e09-d08d-46ae-e11d-0d4589191c8f">
      <Execution id="f435879d-a784-4f78-a313-a7f18e2ab96f" />
      <TestMethod codeBase="/Users/ursmuff/source/Living-Codex-CSharp/src/CodexBootstrap.Tests/bin/Debug/net6.0/CodexBootstrap.Tests.dll" adapterTypeName="executor://xunit/VsTestRunner2/netcoreapp" className="CodexBootstrap.Tests.ApiIntegrationTests" name="UserDiscovery_ShouldReturnUsers" />
    </UnitTest>
    <UnitTest name="CodexBootstrap.Tests.Core.NodeRegistryTests.GetEdgesFrom_ShouldReturnEdgesFromSpecificNode" storage="/users/ursmuff/source/living-codex-csharp/src/codexbootstrap.tests/bin/debug/net6.0/codexbootstrap.tests.dll" id="a1457caa-f4c9-ba63-922a-5d90fbfc1363">
      <Execution id="50d79aba-62cf-467c-93ad-58ed3d9df89e" />
      <TestMethod codeBase="/Users/ursmuff/source/Living-Codex-CSharp/src/CodexBootstrap.Tests/bin/Debug/net6.0/CodexBootstrap.Tests.dll" adapterTypeName="executor://xunit/VsTestRunner2/netcoreapp" className="CodexBootstrap.Tests.Core.NodeRegistryTests" name="GetEdgesFrom_ShouldReturnEdgesFromSpecificNode" />
    </UnitTest>
    <UnitTest name="CodexBootstrap.Tests.Modules.FutureKnowledgeModuleTests.AnalyzePatterns_WithNonExistentPattern_ReturnsError" storage="/users/ursmuff/source/living-codex-csharp/src/codexbootstrap.tests/bin/debug/net6.0/codexbootstrap.tests.dll" id="17c98091-dbf8-c2fd-549e-ce3eebd6325a">
      <Execution id="0bf716b9-f8c2-41fb-8bd7-d0cd321b842f" />
      <TestMethod codeBase="/Users/ursmuff/source/Living-Codex-CSharp/src/CodexBootstrap.Tests/bin/Debug/net6.0/CodexBootstrap.Tests.dll" adapterTypeName="executor://xunit/VsTestRunner2/netcoreapp" className="CodexBootstrap.Tests.Modules.FutureKnowledgeModuleTests" name="AnalyzePatterns_WithNonExistentPattern_ReturnsError" />
    </UnitTest>
    <UnitTest name="CodexBootstrap.Tests.ApiIntegrationTests.HealthEndpoint_ShouldReturnHealthyStatus" storage="/users/ursmuff/source/living-codex-csharp/src/codexbootstrap.tests/bin/debug/net6.0/codexbootstrap.tests.dll" id="3bd72a3e-a2cb-9292-a956-91e21e17c8b0">
      <Execution id="6db0ae00-9eae-4579-99c5-86b1c8aabe11" />
      <TestMethod codeBase="/Users/ursmuff/source/Living-Codex-CSharp/src/CodexBootstrap.Tests/bin/Debug/net6.0/CodexBootstrap.Tests.dll" adapterTypeName="executor://xunit/VsTestRunner2/netcoreapp" className="CodexBootstrap.Tests.ApiIntegrationTests" name="HealthEndpoint_ShouldReturnHealthyStatus" />
    </UnitTest>
    <UnitTest name="CodexBootstrap.Tests.Modules.ThreadsModuleTests.ListThreads_WithoutMockData_ReturnsEmptyList" storage="/users/ursmuff/source/living-codex-csharp/src/codexbootstrap.tests/bin/debug/net6.0/codexbootstrap.tests.dll" id="17c4bd2f-c5b7-cf83-b33d-828d0fc854b8">
      <Execution id="99a4e509-1839-4e19-9273-b54c89911499" />
      <TestMethod codeBase="/Users/ursmuff/source/Living-Codex-CSharp/src/CodexBootstrap.Tests/bin/Debug/net6.0/CodexBootstrap.Tests.dll" adapterTypeName="executor://xunit/VsTestRunner2/netcoreapp" className="CodexBootstrap.Tests.Modules.ThreadsModuleTests" name="ListThreads_WithoutMockData_ReturnsEmptyList" />
    </UnitTest>
    <UnitTest name="CodexBootstrap.Tests.Modules.UXPrimitivesModuleTests.CreateWeave_WithValidData_CreatesSuccessfully" storage="/users/ursmuff/source/living-codex-csharp/src/codexbootstrap.tests/bin/debug/net6.0/codexbootstrap.tests.dll" id="561f218d-b654-fb57-ee4b-f7e1649d5050">
      <Execution id="2e466088-8548-44d1-898a-9e4a0bcc1baf" />
      <TestMethod codeBase="/Users/ursmuff/source/Living-Codex-CSharp/src/CodexBootstrap.Tests/bin/Debug/net6.0/CodexBootstrap.Tests.dll" adapterTypeName="executor://xunit/VsTestRunner2/netcoreapp" className="CodexBootstrap.Tests.Modules.UXPrimitivesModuleTests" name="CreateWeave_WithValidData_CreatesSuccessfully" />
    </UnitTest>
    <UnitTest name="CodexBootstrap.Tests.SimpleIntegrationTests.HealthEndpoint_ShouldReturnHealthyStatus" storage="/users/ursmuff/source/living-codex-csharp/src/codexbootstrap.tests/bin/debug/net6.0/codexbootstrap.tests.dll" id="075a023e-ceab-b914-c2b0-73dc9a4930e6">
      <Execution id="60f4491b-b12a-44fc-94a7-9a7882b58ab4" />
      <TestMethod codeBase="/Users/ursmuff/source/Living-Codex-CSharp/src/CodexBootstrap.Tests/bin/Debug/net6.0/CodexBootstrap.Tests.dll" adapterTypeName="executor://xunit/VsTestRunner2/netcoreapp" className="CodexBootstrap.Tests.SimpleIntegrationTests" name="HealthEndpoint_ShouldReturnHealthyStatus" />
    </UnitTest>
    <UnitTest name="CodexBootstrap.Tests.Modules.FileSystemModuleTests.InitializeFileSystemNodes_WithValidProject_CreatesFileNodes" storage="/users/ursmuff/source/living-codex-csharp/src/codexbootstrap.tests/bin/debug/net6.0/codexbootstrap.tests.dll" id="82972118-4ab6-5c8e-198a-344b25ea05c2">
      <Execution id="d22941e4-a61b-460c-9e1f-5d328d6cd2cb" />
      <TestMethod codeBase="/Users/ursmuff/source/Living-Codex-CSharp/src/CodexBootstrap.Tests/bin/Debug/net6.0/CodexBootstrap.Tests.dll" adapterTypeName="executor://xunit/VsTestRunner2/netcoreapp" className="CodexBootstrap.Tests.Modules.FileSystemModuleTests" name="InitializeFileSystemNodes_WithValidProject_CreatesFileNodes" />
    </UnitTest>
    <UnitTest name="CodexBootstrap.Tests.Modules.NoMockDataRegressionTests.ModuleEndpoints_WithInvalidData_ReturnCleanErrors(endpoint: &quot;/gallery/create&quot;)" storage="/users/ursmuff/source/living-codex-csharp/src/codexbootstrap.tests/bin/debug/net6.0/codexbootstrap.tests.dll" id="559b9436-2baf-3857-ad76-499358d93140">
      <Execution id="2044dcc9-1151-446f-9a47-c51fb034237a" />
      <TestMethod codeBase="/Users/ursmuff/source/Living-Codex-CSharp/src/CodexBootstrap.Tests/bin/Debug/net6.0/CodexBootstrap.Tests.dll" adapterTypeName="executor://xunit/VsTestRunner2/netcoreapp" className="CodexBootstrap.Tests.Modules.NoMockDataRegressionTests" name="ModuleEndpoints_WithInvalidData_ReturnCleanErrors" />
    </UnitTest>
    <UnitTest name="CodexBootstrap.Tests.Modules.IdentityModuleApiTests.GetIdentityProviders_ShouldHandleConcurrentRequests" storage="/users/ursmuff/source/living-codex-csharp/src/codexbootstrap.tests/bin/debug/net6.0/codexbootstrap.tests.dll" id="2b034947-95be-beab-d32d-a72ae9771ccd">
      <Execution id="44c08263-b5e7-454d-a1f3-c6c61ea0b395" />
      <TestMethod codeBase="/Users/ursmuff/source/Living-Codex-CSharp/src/CodexBootstrap.Tests/bin/Debug/net6.0/CodexBootstrap.Tests.dll" adapterTypeName="executor://xunit/VsTestRunner2/netcoreapp" className="CodexBootstrap.Tests.Modules.IdentityModuleApiTests" name="GetIdentityProviders_ShouldHandleConcurrentRequests" />
    </UnitTest>
    <UnitTest name="CodexBootstrap.Tests.Modules.ConceptModuleApiTests.GetConcept_ShouldReturnConcept_WhenConceptExists" storage="/users/ursmuff/source/living-codex-csharp/src/codexbootstrap.tests/bin/debug/net6.0/codexbootstrap.tests.dll" id="a4d19a43-eee6-b34b-17f0-66d7158f5890">
      <Execution id="8a287e49-6e83-45d6-894f-32af91f4225b" />
      <TestMethod codeBase="/Users/ursmuff/source/Living-Codex-CSharp/src/CodexBootstrap.Tests/bin/Debug/net6.0/CodexBootstrap.Tests.dll" adapterTypeName="executor://xunit/VsTestRunner2/netcoreapp" className="CodexBootstrap.Tests.Modules.ConceptModuleApiTests" name="GetConcept_ShouldReturnConcept_WhenConceptExists" />
    </UnitTest>
    <UnitTest name="CodexBootstrap.Tests.Core.StateTransitionTests.Edge_BetweenIceAndWaterNodes_ShouldPersistInWaterStorage" storage="/users/ursmuff/source/living-codex-csharp/src/codexbootstrap.tests/bin/debug/net6.0/codexbootstrap.tests.dll" id="b16165b8-6f91-b918-f137-313f14ff474f">
      <Execution id="d44d8864-ebd0-450d-89af-22c7f47e5763" />
      <TestMethod codeBase="/Users/ursmuff/source/Living-Codex-CSharp/src/CodexBootstrap.Tests/bin/Debug/net6.0/CodexBootstrap.Tests.dll" adapterTypeName="executor://xunit/VsTestRunner2/netcoreapp" className="CodexBootstrap.Tests.Core.StateTransitionTests" name="Edge_BetweenIceAndWaterNodes_ShouldPersistInWaterStorage" />
    </UnitTest>
    <UnitTest name="CodexBootstrap.Tests.Core.NodePersistenceTests.CacheClearAndReload_ShouldRestorePersistentNodes" storage="/users/ursmuff/source/living-codex-csharp/src/codexbootstrap.tests/bin/debug/net6.0/codexbootstrap.tests.dll" id="64f2bbc2-131e-f499-10ff-759656bb07e6">
      <Execution id="248c8d99-6f46-4b33-8e75-86e673a49cf5" />
      <TestMethod codeBase="/Users/ursmuff/source/Living-Codex-CSharp/src/CodexBootstrap.Tests/bin/Debug/net6.0/CodexBootstrap.Tests.dll" adapterTypeName="executor://xunit/VsTestRunner2/netcoreapp" className="CodexBootstrap.Tests.Core.NodePersistenceTests" name="CacheClearAndReload_ShouldRestorePersistentNodes" />
    </UnitTest>
    <UnitTest name="CodexBootstrap.Tests.Core.NodeRegistryTests.UpsertEdge_ShouldRegisterEdgeSuccessfully" storage="/users/ursmuff/source/living-codex-csharp/src/codexbootstrap.tests/bin/debug/net6.0/codexbootstrap.tests.dll" id="3869c8f5-7ab2-ef7f-cd2f-16c870de8af9">
      <Execution id="3a72064f-9e9f-40a3-86fd-562a974fc5f8" />
      <TestMethod codeBase="/Users/ursmuff/source/Living-Codex-CSharp/src/CodexBootstrap.Tests/bin/Debug/net6.0/CodexBootstrap.Tests.dll" adapterTypeName="executor://xunit/VsTestRunner2/netcoreapp" className="CodexBootstrap.Tests.Core.NodeRegistryTests" name="UpsertEdge_ShouldRegisterEdgeSuccessfully" />
    </UnitTest>
    <UnitTest name="CodexBootstrap.Tests.Modules.FileSystemModuleTests.GetFileContent_WithValidNode_ReturnsFileContent" storage="/users/ursmuff/source/living-codex-csharp/src/codexbootstrap.tests/bin/debug/net6.0/codexbootstrap.tests.dll" id="446aeed3-732f-6fdf-1198-73e2ccb90cd0">
      <Execution id="e15f0e39-4bdf-4bb4-8635-78b9903a4dc9" />
      <TestMethod codeBase="/Users/ursmuff/source/Living-Codex-CSharp/src/CodexBootstrap.Tests/bin/Debug/net6.0/CodexBootstrap.Tests.dll" adapterTypeName="executor://xunit/VsTestRunner2/netcoreapp" className="CodexBootstrap.Tests.Modules.FileSystemModuleTests" name="GetFileContent_WithValidNode_ReturnsFileContent" />
    </UnitTest>
    <UnitTest name="CodexBootstrap.Tests.Modules.AIModuleTests.Constructor_ShouldInitializeCorrectly" storage="/users/ursmuff/source/living-codex-csharp/src/codexbootstrap.tests/bin/debug/net6.0/codexbootstrap.tests.dll" id="904747e7-ff5e-8218-74d7-bb12f2b82a35">
      <Execution id="eac9cb59-37a6-4b40-a9a4-2d47f59880af" />
      <TestMethod codeBase="/Users/ursmuff/source/Living-Codex-CSharp/src/CodexBootstrap.Tests/bin/Debug/net6.0/CodexBootstrap.Tests.dll" adapterTypeName="executor://xunit/VsTestRunner2/netcoreapp" className="CodexBootstrap.Tests.Modules.AIModuleTests" name="Constructor_ShouldInitializeCorrectly" />
    </UnitTest>
    <UnitTest name="CodexBootstrap.Tests.Modules.IdentityModuleApiTests.MicrosoftLogin_ShouldReturnRedirect_WhenProviderAvailable" storage="/users/ursmuff/source/living-codex-csharp/src/codexbootstrap.tests/bin/debug/net6.0/codexbootstrap.tests.dll" id="2fb30a0f-ddea-628a-42a5-2fe6a57a267c">
      <Execution id="956a221b-82e1-493f-9289-936fb6951113" />
      <TestMethod codeBase="/Users/ursmuff/source/Living-Codex-CSharp/src/CodexBootstrap.Tests/bin/Debug/net6.0/CodexBootstrap.Tests.dll" adapterTypeName="executor://xunit/VsTestRunner2/netcoreapp" className="CodexBootstrap.Tests.Modules.IdentityModuleApiTests" name="MicrosoftLogin_ShouldReturnRedirect_WhenProviderAvailable" />
    </UnitTest>
    <UnitTest name="CodexBootstrap.Tests.Modules.EnergyModuleApiTests.GetContributorEnergy_ShouldRespondWithinAcceptableTime_WhenImplemented" storage="/users/ursmuff/source/living-codex-csharp/src/codexbootstrap.tests/bin/debug/net6.0/codexbootstrap.tests.dll" id="14935da5-76f2-bd62-81ac-04e61a088bd0">
      <Execution id="90713ba4-9806-43fc-9d15-d148bbd7ae2e" />
      <TestMethod codeBase="/Users/ursmuff/source/Living-Codex-CSharp/src/CodexBootstrap.Tests/bin/Debug/net6.0/CodexBootstrap.Tests.dll" adapterTypeName="executor://xunit/VsTestRunner2/netcoreapp" className="CodexBootstrap.Tests.Modules.EnergyModuleApiTests" name="GetContributorEnergy_ShouldRespondWithinAcceptableTime_WhenImplemented" />
    </UnitTest>
    <UnitTest name="CodexBootstrap.Tests.Modules.FileSystemModuleTests.GetProjectTree_WithValidProject_ReturnsTreeStructure" storage="/users/ursmuff/source/living-codex-csharp/src/codexbootstrap.tests/bin/debug/net6.0/codexbootstrap.tests.dll" id="950d7da6-55b8-4b89-a3fb-a58cb4462695">
      <Execution id="59fe2fc6-e1c4-4e4f-a4f0-cf3e1dcc4fa3" />
      <TestMethod codeBase="/Users/ursmuff/source/Living-Codex-CSharp/src/CodexBootstrap.Tests/bin/Debug/net6.0/CodexBootstrap.Tests.dll" adapterTypeName="executor://xunit/VsTestRunner2/netcoreapp" className="CodexBootstrap.Tests.Modules.FileSystemModuleTests" name="GetProjectTree_WithValidProject_ReturnsTreeStructure" />
    </UnitTest>
    <UnitTest name="CodexBootstrap.Tests.Core.NodeRegistryTests.UpsertNode_WithDuplicateId_ShouldOverwrite" storage="/users/ursmuff/source/living-codex-csharp/src/codexbootstrap.tests/bin/debug/net6.0/codexbootstrap.tests.dll" id="5f30b836-0b78-553e-28a0-931140309955">
      <Execution id="cfff8975-7912-4fbb-8249-5a3e841fda80" />
      <TestMethod codeBase="/Users/ursmuff/source/Living-Codex-CSharp/src/CodexBootstrap.Tests/bin/Debug/net6.0/CodexBootstrap.Tests.dll" adapterTypeName="executor://xunit/VsTestRunner2/netcoreapp" className="CodexBootstrap.Tests.Core.NodeRegistryTests" name="UpsertNode_WithDuplicateId_ShouldOverwrite" />
    </UnitTest>
    <UnitTest name="CodexBootstrap.Tests.Integration.ApiIntegrationTests.HealthEndpoint_ShouldReturnHealthyStatus" storage="/users/ursmuff/source/living-codex-csharp/src/codexbootstrap.tests/bin/debug/net6.0/codexbootstrap.tests.dll" id="137a3de0-5389-0354-9257-83888fc326aa">
      <Execution id="194d14ff-0c49-400e-b7c6-d8444c670e71" />
      <TestMethod codeBase="/Users/ursmuff/source/Living-Codex-CSharp/src/CodexBootstrap.Tests/bin/Debug/net6.0/CodexBootstrap.Tests.dll" adapterTypeName="executor://xunit/VsTestRunner2/netcoreapp" className="CodexBootstrap.Tests.Integration.ApiIntegrationTests" name="HealthEndpoint_ShouldReturnHealthyStatus" />
    </UnitTest>
    <UnitTest name="CodexBootstrap.Tests.Modules.ThreadsModuleTests.CreateThread_WithValidData_CreatesSuccessfully" storage="/users/ursmuff/source/living-codex-csharp/src/codexbootstrap.tests/bin/debug/net6.0/codexbootstrap.tests.dll" id="4eb589ee-9d4d-03f8-74f4-3090e3f3a730">
      <Execution id="483d65c8-172f-4432-8d81-f84c58fb07c0" />
      <TestMethod codeBase="/Users/ursmuff/source/Living-Codex-CSharp/src/CodexBootstrap.Tests/bin/Debug/net6.0/CodexBootstrap.Tests.dll" adapterTypeName="executor://xunit/VsTestRunner2/netcoreapp" className="CodexBootstrap.Tests.Modules.ThreadsModuleTests" name="CreateThread_WithValidData_CreatesSuccessfully" />
    </UnitTest>
    <UnitTest name="CodexBootstrap.Tests.Core.NodeRegistryUserRepositoryTests.DeleteAsync_ShouldRemoveNode" storage="/users/ursmuff/source/living-codex-csharp/src/codexbootstrap.tests/bin/debug/net6.0/codexbootstrap.tests.dll" id="de6737cf-2597-d0d6-4640-2dcefdc86dd1">
      <Execution id="c6dcd952-0aca-40bc-b8a2-f4f392c1a12b" />
      <TestMethod codeBase="/Users/ursmuff/source/Living-Codex-CSharp/src/CodexBootstrap.Tests/bin/Debug/net6.0/CodexBootstrap.Tests.dll" adapterTypeName="executor://xunit/VsTestRunner2/netcoreapp" className="CodexBootstrap.Tests.Core.NodeRegistryUserRepositoryTests" name="DeleteAsync_ShouldRemoveNode" />
    </UnitTest>
    <UnitTest name="CodexBootstrap.Tests.Core.NodePersistenceTests.ComplexStateTransition_IceToWaterToGas_ShouldHandleCorrectly" storage="/users/ursmuff/source/living-codex-csharp/src/codexbootstrap.tests/bin/debug/net6.0/codexbootstrap.tests.dll" id="1ef27b33-e8b2-8d88-5c2b-3857b2abb5f1">
      <Execution id="f5e7466e-7498-4732-8cab-ac4b6815009f" />
      <TestMethod codeBase="/Users/ursmuff/source/Living-Codex-CSharp/src/CodexBootstrap.Tests/bin/Debug/net6.0/CodexBootstrap.Tests.dll" adapterTypeName="executor://xunit/VsTestRunner2/netcoreapp" className="CodexBootstrap.Tests.Core.NodePersistenceTests" name="ComplexStateTransition_IceToWaterToGas_ShouldHandleCorrectly" />
    </UnitTest>
    <UnitTest name="CodexBootstrap.Tests.Core.NodePersistenceTests.ServerRestart_IceNodes_ShouldSurviveRestart" storage="/users/ursmuff/source/living-codex-csharp/src/codexbootstrap.tests/bin/debug/net6.0/codexbootstrap.tests.dll" id="382f02cf-38c0-12b1-98d8-ae75885865e3">
      <Execution id="57ce5f63-477c-4535-ab35-70b03d9a2aec" />
      <TestMethod codeBase="/Users/ursmuff/source/Living-Codex-CSharp/src/CodexBootstrap.Tests/bin/Debug/net6.0/CodexBootstrap.Tests.dll" adapterTypeName="executor://xunit/VsTestRunner2/netcoreapp" className="CodexBootstrap.Tests.Core.NodePersistenceTests" name="ServerRestart_IceNodes_ShouldSurviveRestart" />
    </UnitTest>
    <UnitTest name="CodexBootstrap.Tests.Modules.NodeEdgeModuleApiTests.GetNodes_ShouldRespondWithinAcceptableTime" storage="/users/ursmuff/source/living-codex-csharp/src/codexbootstrap.tests/bin/debug/net6.0/codexbootstrap.tests.dll" id="4bd130c7-f504-8b12-ce2a-87666fadd50e">
      <Execution id="72d06eab-07bf-4a77-9d0d-933dfc7b84af" />
      <TestMethod codeBase="/Users/ursmuff/source/Living-Codex-CSharp/src/CodexBootstrap.Tests/bin/Debug/net6.0/CodexBootstrap.Tests.dll" adapterTypeName="executor://xunit/VsTestRunner2/netcoreapp" className="CodexBootstrap.Tests.Modules.NodeEdgeModuleApiTests" name="GetNodes_ShouldRespondWithinAcceptableTime" />
    </UnitTest>
    <UnitTest name="CodexBootstrap.Tests.Modules.NodeEdgeModuleApiTests.GetNodes_ShouldHandleInvalidQueryParameters" storage="/users/ursmuff/source/living-codex-csharp/src/codexbootstrap.tests/bin/debug/net6.0/codexbootstrap.tests.dll" id="bfb2c8de-1e85-9952-9db6-620f4acf1697">
      <Execution id="c4b546a5-40da-4870-93b0-2c1aa588f9b2" />
      <TestMethod codeBase="/Users/ursmuff/source/Living-Codex-CSharp/src/CodexBootstrap.Tests/bin/Debug/net6.0/CodexBootstrap.Tests.dll" adapterTypeName="executor://xunit/VsTestRunner2/netcoreapp" className="CodexBootstrap.Tests.Modules.NodeEdgeModuleApiTests" name="GetNodes_ShouldHandleInvalidQueryParameters" />
    </UnitTest>
    <UnitTest name="CodexBootstrap.Tests.Core.StateTransitionTests.Edge_BetweenTwoWaterNodes_ShouldPersistInWaterStorage" storage="/users/ursmuff/source/living-codex-csharp/src/codexbootstrap.tests/bin/debug/net6.0/codexbootstrap.tests.dll" id="80dd12df-b2d2-e332-3474-ef692b090e79">
      <Execution id="693e90dc-40f7-49b7-a553-5872ca1bf0db" />
      <TestMethod codeBase="/Users/ursmuff/source/Living-Codex-CSharp/src/CodexBootstrap.Tests/bin/Debug/net6.0/CodexBootstrap.Tests.dll" adapterTypeName="executor://xunit/VsTestRunner2/netcoreapp" className="CodexBootstrap.Tests.Core.StateTransitionTests" name="Edge_BetweenTwoWaterNodes_ShouldPersistInWaterStorage" />
    </UnitTest>
    <UnitTest name="CodexBootstrap.Tests.Core.NodePersistenceTests.NodeStateTransition_WaterToGas_ShouldRemoveFromStorage" storage="/users/ursmuff/source/living-codex-csharp/src/codexbootstrap.tests/bin/debug/net6.0/codexbootstrap.tests.dll" id="4d3ca544-276f-5d6d-1805-2b375093f8dc">
      <Execution id="2cb7910f-3831-4a7a-a388-a23ec174956e" />
      <TestMethod codeBase="/Users/ursmuff/source/Living-Codex-CSharp/src/CodexBootstrap.Tests/bin/Debug/net6.0/CodexBootstrap.Tests.dll" adapterTypeName="executor://xunit/VsTestRunner2/netcoreapp" className="CodexBootstrap.Tests.Core.NodePersistenceTests" name="NodeStateTransition_WaterToGas_ShouldRemoveFromStorage" />
    </UnitTest>
    <UnitTest name="CodexBootstrap.Tests.Modules.ThreadsModuleTests.AddReply_WithoutThread_ReturnsError" storage="/users/ursmuff/source/living-codex-csharp/src/codexbootstrap.tests/bin/debug/net6.0/codexbootstrap.tests.dll" id="c7e92259-b8e8-9f87-fc54-366eb8fde590">
      <Execution id="902f1d47-3c43-4a58-9c29-6e3f9515c5a3" />
      <TestMethod codeBase="/Users/ursmuff/source/Living-Codex-CSharp/src/CodexBootstrap.Tests/bin/Debug/net6.0/CodexBootstrap.Tests.dll" adapterTypeName="executor://xunit/VsTestRunner2/netcoreapp" className="CodexBootstrap.Tests.Modules.ThreadsModuleTests" name="AddReply_WithoutThread_ReturnsError" />
    </UnitTest>
    <UnitTest name="CodexBootstrap.Tests.Modules.FileSystemModuleTests.GetAllFileNodes_WithFileTypeFilter_ReturnsFilteredResults" storage="/users/ursmuff/source/living-codex-csharp/src/codexbootstrap.tests/bin/debug/net6.0/codexbootstrap.tests.dll" id="e568615c-3c9c-33c8-6eac-74638b778c06">
      <Execution id="4f5d2ae2-da3d-4bbb-9b34-94dd7a52848f" />
      <TestMethod codeBase="/Users/ursmuff/source/Living-Codex-CSharp/src/CodexBootstrap.Tests/bin/Debug/net6.0/CodexBootstrap.Tests.dll" adapterTypeName="executor://xunit/VsTestRunner2/netcoreapp" className="CodexBootstrap.Tests.Modules.FileSystemModuleTests" name="GetAllFileNodes_WithFileTypeFilter_ReturnsFilteredResults" />
    </UnitTest>
    <UnitTest name="CodexBootstrap.Tests.Modules.VisualValidationModuleTests.AnalyzeRenderedImage_ShouldReturnAnalysisUsingRouter" storage="/users/ursmuff/source/living-codex-csharp/src/codexbootstrap.tests/bin/debug/net6.0/codexbootstrap.tests.dll" id="4b95da6d-f196-a0fd-8ffb-751fec95c314">
      <Execution id="72098495-d203-4130-830d-7030ccf7835a" />
      <TestMethod codeBase="/Users/ursmuff/source/Living-Codex-CSharp/src/CodexBootstrap.Tests/bin/Debug/net6.0/CodexBootstrap.Tests.dll" adapterTypeName="executor://xunit/VsTestRunner2/netcoreapp" className="CodexBootstrap.Tests.Modules.VisualValidationModuleTests" name="AnalyzeRenderedImage_ShouldReturnAnalysisUsingRouter" />
    </UnitTest>
    <UnitTest name="CodexBootstrap.Tests.Modules.VisualValidationModuleTests.ExecuteVisualValidationPipeline_ShouldReturnSuccessAndThreeSteps" storage="/users/ursmuff/source/living-codex-csharp/src/codexbootstrap.tests/bin/debug/net6.0/codexbootstrap.tests.dll" id="e2131088-170c-3f9d-b379-6ad5595999e5">
      <Execution id="53bc6438-d737-4368-9ede-ba8b3ccd49da" />
      <TestMethod codeBase="/Users/ursmuff/source/Living-Codex-CSharp/src/CodexBootstrap.Tests/bin/Debug/net6.0/CodexBootstrap.Tests.dll" adapterTypeName="executor://xunit/VsTestRunner2/netcoreapp" className="CodexBootstrap.Tests.Modules.VisualValidationModuleTests" name="ExecuteVisualValidationPipeline_ShouldReturnSuccessAndThreeSteps" />
    </UnitTest>
    <UnitTest name="CodexBootstrap.Tests.Modules.NodeEdgeModuleApiTests.GetEdge_ShouldReturnEdge_WhenImplemented" storage="/users/ursmuff/source/living-codex-csharp/src/codexbootstrap.tests/bin/debug/net6.0/codexbootstrap.tests.dll" id="4e538f89-b18c-cf2e-2f16-94dc81d451d9">
      <Execution id="7cb164f5-ff7c-4a88-a9c1-2961b0ba4559" />
      <TestMethod codeBase="/Users/ursmuff/source/Living-Codex-CSharp/src/CodexBootstrap.Tests/bin/Debug/net6.0/CodexBootstrap.Tests.dll" adapterTypeName="executor://xunit/VsTestRunner2/netcoreapp" className="CodexBootstrap.Tests.Modules.NodeEdgeModuleApiTests" name="GetEdge_ShouldReturnEdge_WhenImplemented" />
    </UnitTest>
    <UnitTest name="CodexBootstrap.Tests.Modules.NoMockDataRegressionTests.ModuleEndpoints_WithInvalidData_ReturnCleanErrors(endpoint: &quot;/ux-primitives/weave&quot;)" storage="/users/ursmuff/source/living-codex-csharp/src/codexbootstrap.tests/bin/debug/net6.0/codexbootstrap.tests.dll" id="bc9c6b92-5291-21f7-4294-de06f4a39605">
      <Execution id="9c37f597-5969-4b96-b4b3-efdda5685090" />
      <TestMethod codeBase="/Users/ursmuff/source/Living-Codex-CSharp/src/CodexBootstrap.Tests/bin/Debug/net6.0/CodexBootstrap.Tests.dll" adapterTypeName="executor://xunit/VsTestRunner2/netcoreapp" className="CodexBootstrap.Tests.Modules.NoMockDataRegressionTests" name="ModuleEndpoints_WithInvalidData_ReturnCleanErrors" />
    </UnitTest>
    <UnitTest name="CodexBootstrap.Tests.Modules.UXPrimitivesModuleTests.GetReceivedInvites_WithNoInvites_ReturnsEmptyList" storage="/users/ursmuff/source/living-codex-csharp/src/codexbootstrap.tests/bin/debug/net6.0/codexbootstrap.tests.dll" id="1529436c-8c17-521b-037f-0f4a6c1e07b3">
      <Execution id="80cd1e65-6ac6-421f-9f0c-c78e76b24976" />
      <TestMethod codeBase="/Users/ursmuff/source/Living-Codex-CSharp/src/CodexBootstrap.Tests/bin/Debug/net6.0/CodexBootstrap.Tests.dll" adapterTypeName="executor://xunit/VsTestRunner2/netcoreapp" className="CodexBootstrap.Tests.Modules.UXPrimitivesModuleTests" name="GetReceivedInvites_WithNoInvites_ReturnsEmptyList" />
    </UnitTest>
    <UnitTest name="CodexBootstrap.Tests.PortConfigurationTests.Modules_ShouldBeAvailableOnPort" storage="/users/ursmuff/source/living-codex-csharp/src/codexbootstrap.tests/bin/debug/net6.0/codexbootstrap.tests.dll" id="c0bc4442-97e7-adf6-c86b-0290475ca07f">
      <Execution id="1e503116-7494-46c1-8e77-b9ba0ef651ca" />
      <TestMethod codeBase="/Users/ursmuff/source/Living-Codex-CSharp/src/CodexBootstrap.Tests/bin/Debug/net6.0/CodexBootstrap.Tests.dll" adapterTypeName="executor://xunit/VsTestRunner2/netcoreapp" className="CodexBootstrap.Tests.PortConfigurationTests" name="Modules_ShouldBeAvailableOnPort" />
    </UnitTest>
    <UnitTest name="CodexBootstrap.Tests.Modules.FutureKnowledgeModuleTests.Module_Description_NoLongerMentionsSimulation" storage="/users/ursmuff/source/living-codex-csharp/src/codexbootstrap.tests/bin/debug/net6.0/codexbootstrap.tests.dll" id="68b579ad-d101-7563-7644-8b094cbff9dc">
      <Execution id="47d6dbf6-ec04-44e1-aab0-2162f37ef3f6" />
      <TestMethod codeBase="/Users/ursmuff/source/Living-Codex-CSharp/src/CodexBootstrap.Tests/bin/Debug/net6.0/CodexBootstrap.Tests.dll" adapterTypeName="executor://xunit/VsTestRunner2/netcoreapp" className="CodexBootstrap.Tests.Modules.FutureKnowledgeModuleTests" name="Module_Description_NoLongerMentionsSimulation" />
    </UnitTest>
    <UnitTest name="CodexBootstrap.Tests.ApiEndpointTests.Swagger_ShouldReturnDocumentation" storage="/users/ursmuff/source/living-codex-csharp/src/codexbootstrap.tests/bin/debug/net6.0/codexbootstrap.tests.dll" id="53137f9b-436e-e65c-fa32-e820c39f3209">
      <Execution id="33247f41-b63e-48d5-af24-a41a652ec9a7" />
      <TestMethod codeBase="/Users/ursmuff/source/Living-Codex-CSharp/src/CodexBootstrap.Tests/bin/Debug/net6.0/CodexBootstrap.Tests.dll" adapterTypeName="executor://xunit/VsTestRunner2/netcoreapp" className="CodexBootstrap.Tests.ApiEndpointTests" name="Swagger_ShouldReturnDocumentation" />
    </UnitTest>
    <UnitTest name="CodexBootstrap.Tests.IdentityTests.MockIdentityProvider_ShouldGetIdentityProviders" storage="/users/ursmuff/source/living-codex-csharp/src/codexbootstrap.tests/bin/debug/net6.0/codexbootstrap.tests.dll" id="9674b376-d6ac-4703-6bfc-2eb31e6b6cc1">
      <Execution id="0929f7b7-b4a9-4fbb-9fbc-6644691b075b" />
      <TestMethod codeBase="/Users/ursmuff/source/Living-Codex-CSharp/src/CodexBootstrap.Tests/bin/Debug/net6.0/CodexBootstrap.Tests.dll" adapterTypeName="executor://xunit/VsTestRunner2/netcoreapp" className="CodexBootstrap.Tests.IdentityTests" name="MockIdentityProvider_ShouldGetIdentityProviders" />
    </UnitTest>
    <UnitTest name="CodexBootstrap.Tests.Modules.NewsModuleApiTests.GetUnreadNews_ShouldReturnEmptyResults_WhenNoUnreadNews" storage="/users/ursmuff/source/living-codex-csharp/src/codexbootstrap.tests/bin/debug/net6.0/codexbootstrap.tests.dll" id="1f334c79-0062-1fd4-b393-16846c0c4410">
      <Execution id="5ddaf72c-b102-4841-9096-5652fc5af72c" />
      <TestMethod codeBase="/Users/ursmuff/source/Living-Codex-CSharp/src/CodexBootstrap.Tests/bin/Debug/net6.0/CodexBootstrap.Tests.dll" adapterTypeName="executor://xunit/VsTestRunner2/netcoreapp" className="CodexBootstrap.Tests.Modules.NewsModuleApiTests" name="GetUnreadNews_ShouldReturnEmptyResults_WhenNoUnreadNews" />
    </UnitTest>
    <UnitTest name="CodexBootstrap.Tests.Modules.FileSystemModuleTests.DeleteFile_WithValidNode_MovesToBackupAndMarksDeleted" storage="/users/ursmuff/source/living-codex-csharp/src/codexbootstrap.tests/bin/debug/net6.0/codexbootstrap.tests.dll" id="6d1325fe-8024-7798-813c-49d49c7502db">
      <Execution id="4979eeb7-9df6-4803-b6bd-9a6be7bc9546" />
      <TestMethod codeBase="/Users/ursmuff/source/Living-Codex-CSharp/src/CodexBootstrap.Tests/bin/Debug/net6.0/CodexBootstrap.Tests.dll" adapterTypeName="executor://xunit/VsTestRunner2/netcoreapp" className="CodexBootstrap.Tests.Modules.FileSystemModuleTests" name="DeleteFile_WithValidNode_MovesToBackupAndMarksDeleted" />
    </UnitTest>
    <UnitTest name="CodexBootstrap.Tests.Core.NodeRegistryTests.AllNodes_ShouldReturnAllRegisteredNodes" storage="/users/ursmuff/source/living-codex-csharp/src/codexbootstrap.tests/bin/debug/net6.0/codexbootstrap.tests.dll" id="98c2172e-97df-13d5-a0eb-3bfd4b42a99b">
      <Execution id="4bf4cdaa-8217-4f27-b42f-0a978261f9c3" />
      <TestMethod codeBase="/Users/ursmuff/source/Living-Codex-CSharp/src/CodexBootstrap.Tests/bin/Debug/net6.0/CodexBootstrap.Tests.dll" adapterTypeName="executor://xunit/VsTestRunner2/netcoreapp" className="CodexBootstrap.Tests.Core.NodeRegistryTests" name="AllNodes_ShouldReturnAllRegisteredNodes" />
    </UnitTest>
    <UnitTest name="CodexBootstrap.Tests.Modules.EnergyModuleApiTests.GetContributorEnergy_ShouldReturnSuccess_WhenImplemented" storage="/users/ursmuff/source/living-codex-csharp/src/codexbootstrap.tests/bin/debug/net6.0/codexbootstrap.tests.dll" id="5f8249b6-8a38-f488-9401-fb030ff393d5">
      <Execution id="f5de9bd1-ec12-4743-8758-d417c7674eea" />
      <TestMethod codeBase="/Users/ursmuff/source/Living-Codex-CSharp/src/CodexBootstrap.Tests/bin/Debug/net6.0/CodexBootstrap.Tests.dll" adapterTypeName="executor://xunit/VsTestRunner2/netcoreapp" className="CodexBootstrap.Tests.Modules.EnergyModuleApiTests" name="GetContributorEnergy_ShouldReturnSuccess_WhenImplemented" />
    </UnitTest>
    <UnitTest name="CodexBootstrap.Tests.Core.LLMOrchestratorTests.ExecuteAsync_WithException_ShouldReturnError" storage="/users/ursmuff/source/living-codex-csharp/src/codexbootstrap.tests/bin/debug/net6.0/codexbootstrap.tests.dll" id="c18159c8-c488-c465-11b5-e4f60944ebea">
      <Execution id="a508a364-db10-4f4f-a92b-0a875abf912c" />
      <TestMethod codeBase="/Users/ursmuff/source/Living-Codex-CSharp/src/CodexBootstrap.Tests/bin/Debug/net6.0/CodexBootstrap.Tests.dll" adapterTypeName="executor://xunit/VsTestRunner2/netcoreapp" className="CodexBootstrap.Tests.Core.LLMOrchestratorTests" name="ExecuteAsync_WithException_ShouldReturnError" />
    </UnitTest>
    <UnitTest name="CodexBootstrap.Tests.ApiIntegrationTests.GoogleOAuthLogin_ShouldInitiateLoginFlow" storage="/users/ursmuff/source/living-codex-csharp/src/codexbootstrap.tests/bin/debug/net6.0/codexbootstrap.tests.dll" id="fb0dc501-3b66-e027-61aa-7077b3c509b2">
      <Execution id="1c239b41-ed81-4d69-bba1-a46a1007487f" />
      <TestMethod codeBase="/Users/ursmuff/source/Living-Codex-CSharp/src/CodexBootstrap.Tests/bin/Debug/net6.0/CodexBootstrap.Tests.dll" adapterTypeName="executor://xunit/VsTestRunner2/netcoreapp" className="CodexBootstrap.Tests.ApiIntegrationTests" name="GoogleOAuthLogin_ShouldInitiateLoginFlow" />
    </UnitTest>
    <UnitTest name="CodexBootstrap.Tests.UCoreOntologyTests.UCoreInitializer_Should_LoadAllBaseUCoreConcepts" storage="/users/ursmuff/source/living-codex-csharp/src/codexbootstrap.tests/bin/debug/net6.0/codexbootstrap.tests.dll" id="0533f3e6-8f2d-57bf-a884-bf63325bfb90">
      <Execution id="f2c03379-43ef-4ab8-b0f9-6e32b1e455de" />
      <TestMethod codeBase="/Users/ursmuff/source/Living-Codex-CSharp/src/CodexBootstrap.Tests/bin/Debug/net6.0/CodexBootstrap.Tests.dll" adapterTypeName="executor://xunit/VsTestRunner2/netcoreapp" className="CodexBootstrap.Tests.UCoreOntologyTests" name="UCoreInitializer_Should_LoadAllBaseUCoreConcepts" />
    </UnitTest>
    <UnitTest name="CodexBootstrap.Tests.Modules.NoMockDataRegressionTests.ModuleEndpoints_WithInvalidData_ReturnCleanErrors(endpoint: &quot;/ux-primitives/invite&quot;)" storage="/users/ursmuff/source/living-codex-csharp/src/codexbootstrap.tests/bin/debug/net6.0/codexbootstrap.tests.dll" id="d34512b0-24c2-85cf-1218-fa33c4d381bf">
      <Execution id="ebf71f17-22fc-40b0-af75-c3a6a043704a" />
      <TestMethod codeBase="/Users/ursmuff/source/Living-Codex-CSharp/src/CodexBootstrap.Tests/bin/Debug/net6.0/CodexBootstrap.Tests.dll" adapterTypeName="executor://xunit/VsTestRunner2/netcoreapp" className="CodexBootstrap.Tests.Modules.NoMockDataRegressionTests" name="ModuleEndpoints_WithInvalidData_ReturnCleanErrors" />
    </UnitTest>
    <UnitTest name="CodexBootstrap.Tests.IdentityTests.CreateUser_ShouldCreateNewUser" storage="/users/ursmuff/source/living-codex-csharp/src/codexbootstrap.tests/bin/debug/net6.0/codexbootstrap.tests.dll" id="49aabe26-596c-6a15-06b4-9dadc7c4733a">
      <Execution id="d2cf46aa-e022-469f-b2e4-d8ab12d03eca" />
      <TestMethod codeBase="/Users/ursmuff/source/Living-Codex-CSharp/src/CodexBootstrap.Tests/bin/Debug/net6.0/CodexBootstrap.Tests.dll" adapterTypeName="executor://xunit/VsTestRunner2/netcoreapp" className="CodexBootstrap.Tests.IdentityTests" name="CreateUser_ShouldCreateNewUser" />
    </UnitTest>
    <UnitTest name="CodexBootstrap.Tests.ComprehensiveEndpointDiscovery.ModulesEndpoint_ShouldReturnStructuredData" storage="/users/ursmuff/source/living-codex-csharp/src/codexbootstrap.tests/bin/debug/net6.0/codexbootstrap.tests.dll" id="d54e53b6-4b26-6bd1-09f9-f73b753baeb3">
      <Execution id="ce7f881c-ccd3-44ca-a1b4-790a9e93b05f" />
      <TestMethod codeBase="/Users/ursmuff/source/Living-Codex-CSharp/src/CodexBootstrap.Tests/bin/Debug/net6.0/CodexBootstrap.Tests.dll" adapterTypeName="executor://xunit/VsTestRunner2/netcoreapp" className="CodexBootstrap.Tests.ComprehensiveEndpointDiscovery" name="ModulesEndpoint_ShouldReturnStructuredData" />
    </UnitTest>
    <UnitTest name="CodexBootstrap.Tests.IdentityTests.MockIdentityProvider_ShouldValidateUser" storage="/users/ursmuff/source/living-codex-csharp/src/codexbootstrap.tests/bin/debug/net6.0/codexbootstrap.tests.dll" id="330b9d6c-f08d-3484-f6a0-3b921f0a24a8">
      <Execution id="708bd8d2-4466-4b40-9fc5-0eff8c0c6d4b" />
      <TestMethod codeBase="/Users/ursmuff/source/Living-Codex-CSharp/src/CodexBootstrap.Tests/bin/Debug/net6.0/CodexBootstrap.Tests.dll" adapterTypeName="executor://xunit/VsTestRunner2/netcoreapp" className="CodexBootstrap.Tests.IdentityTests" name="MockIdentityProvider_ShouldValidateUser" />
    </UnitTest>
    <UnitTest name="CodexBootstrap.Tests.Modules.ThreadsModuleTests.CreateThread_WithoutTitle_ReturnsError" storage="/users/ursmuff/source/living-codex-csharp/src/codexbootstrap.tests/bin/debug/net6.0/codexbootstrap.tests.dll" id="3ca8c1be-9224-8a17-a7fa-c377dada5726">
      <Execution id="67303617-bfdd-4acf-b820-5c60b1735e5b" />
      <TestMethod codeBase="/Users/ursmuff/source/Living-Codex-CSharp/src/CodexBootstrap.Tests/bin/Debug/net6.0/CodexBootstrap.Tests.dll" adapterTypeName="executor://xunit/VsTestRunner2/netcoreapp" className="CodexBootstrap.Tests.Modules.ThreadsModuleTests" name="CreateThread_WithoutTitle_ReturnsError" />
    </UnitTest>
    <UnitTest name="CodexBootstrap.Tests.Modules.NewsModuleApiTests.GetNewsItem_ShouldReturnNotFound_WhenNewsItemNotFound" storage="/users/ursmuff/source/living-codex-csharp/src/codexbootstrap.tests/bin/debug/net6.0/codexbootstrap.tests.dll" id="55db700b-b4b0-5cf1-78a6-21f835d00459">
      <Execution id="ce5d5712-76c6-47df-b94f-9c9e248e9b8a" />
      <TestMethod codeBase="/Users/ursmuff/source/Living-Codex-CSharp/src/CodexBootstrap.Tests/bin/Debug/net6.0/CodexBootstrap.Tests.dll" adapterTypeName="executor://xunit/VsTestRunner2/netcoreapp" className="CodexBootstrap.Tests.Modules.NewsModuleApiTests" name="GetNewsItem_ShouldReturnNotFound_WhenNewsItemNotFound" />
    </UnitTest>
    <UnitTest name="CodexBootstrap.Tests.Modules.NoMockDataRegressionTests.VisualValidation_WithoutAI_ShouldFailNotFallback" storage="/users/ursmuff/source/living-codex-csharp/src/codexbootstrap.tests/bin/debug/net6.0/codexbootstrap.tests.dll" id="210bbbd2-7277-0493-b4fc-59a018f08cc3">
      <Execution id="d908fd5f-50e5-4071-bbc3-3813e48f8394" />
      <TestMethod codeBase="/Users/ursmuff/source/Living-Codex-CSharp/src/CodexBootstrap.Tests/bin/Debug/net6.0/CodexBootstrap.Tests.dll" adapterTypeName="executor://xunit/VsTestRunner2/netcoreapp" className="CodexBootstrap.Tests.Modules.NoMockDataRegressionTests" name="VisualValidation_WithoutAI_ShouldFailNotFallback" />
    </UnitTest>
    <UnitTest name="CodexBootstrap.Tests.Modules.AIModuleTests.Register_ShouldRegisterModuleWithRegistry" storage="/users/ursmuff/source/living-codex-csharp/src/codexbootstrap.tests/bin/debug/net6.0/codexbootstrap.tests.dll" id="44690745-9c88-3bf3-0c2f-a725a9065892">
      <Execution id="6949de26-c193-495d-8e28-e786c1076611" />
      <TestMethod codeBase="/Users/ursmuff/source/Living-Codex-CSharp/src/CodexBootstrap.Tests/bin/Debug/net6.0/CodexBootstrap.Tests.dll" adapterTypeName="executor://xunit/VsTestRunner2/netcoreapp" className="CodexBootstrap.Tests.Modules.AIModuleTests" name="Register_ShouldRegisterModuleWithRegistry" />
    </UnitTest>
    <UnitTest name="CodexBootstrap.Tests.Core.NodePersistenceTests.NodeStateTransition_Gas_ShouldNotPersist" storage="/users/ursmuff/source/living-codex-csharp/src/codexbootstrap.tests/bin/debug/net6.0/codexbootstrap.tests.dll" id="9dede88d-6de7-87ff-4549-77cfb8e6068f">
      <Execution id="4807bd37-e47a-4c39-a2ee-5a13a792c915" />
      <TestMethod codeBase="/Users/ursmuff/source/Living-Codex-CSharp/src/CodexBootstrap.Tests/bin/Debug/net6.0/CodexBootstrap.Tests.dll" adapterTypeName="executor://xunit/VsTestRunner2/netcoreapp" className="CodexBootstrap.Tests.Core.NodePersistenceTests" name="NodeStateTransition_Gas_ShouldNotPersist" />
    </UnitTest>
    <UnitTest name="CodexBootstrap.Tests.Core.NodePersistenceTests.BulkOperations_ShouldMaintainStateConsistency" storage="/users/ursmuff/source/living-codex-csharp/src/codexbootstrap.tests/bin/debug/net6.0/codexbootstrap.tests.dll" id="5a8b9ae5-6cd8-00d0-c3cf-0d2174ecfe54">
      <Execution id="d70f5a03-2ae5-4b2c-917d-e2ccf97a3edb" />
      <TestMethod codeBase="/Users/ursmuff/source/Living-Codex-CSharp/src/CodexBootstrap.Tests/bin/Debug/net6.0/CodexBootstrap.Tests.dll" adapterTypeName="executor://xunit/VsTestRunner2/netcoreapp" className="CodexBootstrap.Tests.Core.NodePersistenceTests" name="BulkOperations_ShouldMaintainStateConsistency" />
    </UnitTest>
    <UnitTest name="CodexBootstrap.Tests.Modules.NewsModuleApiTests.GetTrendingTopics_ShouldHandleInvalidParameters" storage="/users/ursmuff/source/living-codex-csharp/src/codexbootstrap.tests/bin/debug/net6.0/codexbootstrap.tests.dll" id="aceb456b-29fd-0aae-6a6f-60147dd6581b">
      <Execution id="99ea9447-29d5-4f77-b776-84cf2202a6c7" />
      <TestMethod codeBase="/Users/ursmuff/source/Living-Codex-CSharp/src/CodexBootstrap.Tests/bin/Debug/net6.0/CodexBootstrap.Tests.dll" adapterTypeName="executor://xunit/VsTestRunner2/netcoreapp" className="CodexBootstrap.Tests.Modules.NewsModuleApiTests" name="GetTrendingTopics_ShouldHandleInvalidParameters" />
    </UnitTest>
    <UnitTest name="CodexBootstrap.Tests.Modules.AIModuleTests.Name_ShouldReturnCorrectName" storage="/users/ursmuff/source/living-codex-csharp/src/codexbootstrap.tests/bin/debug/net6.0/codexbootstrap.tests.dll" id="9f121c41-56cf-362b-92e5-cf6e1918417e">
      <Execution id="6d5ab80e-3dac-4888-b56e-8712c51ff25a" />
      <TestMethod codeBase="/Users/ursmuff/source/Living-Codex-CSharp/src/CodexBootstrap.Tests/bin/Debug/net6.0/CodexBootstrap.Tests.dll" adapterTypeName="executor://xunit/VsTestRunner2/netcoreapp" className="CodexBootstrap.Tests.Modules.AIModuleTests" name="Name_ShouldReturnCorrectName" />
    </UnitTest>
    <UnitTest name="CodexBootstrap.Tests.Modules.IdentityModuleApiTests.GetIdentityProviders_ShouldRespondWithinAcceptableTime" storage="/users/ursmuff/source/living-codex-csharp/src/codexbootstrap.tests/bin/debug/net6.0/codexbootstrap.tests.dll" id="c901140a-8e9f-da3b-f7f8-502ef77600a4">
      <Execution id="8ccd6d3b-ff97-4317-9ec4-05f19a829553" />
      <TestMethod codeBase="/Users/ursmuff/source/Living-Codex-CSharp/src/CodexBootstrap.Tests/bin/Debug/net6.0/CodexBootstrap.Tests.dll" adapterTypeName="executor://xunit/VsTestRunner2/netcoreapp" className="CodexBootstrap.Tests.Modules.IdentityModuleApiTests" name="GetIdentityProviders_ShouldRespondWithinAcceptableTime" />
    </UnitTest>
    <UnitTest name="CodexBootstrap.Tests.Modules.IdentityModuleApiTests.Authenticate_ShouldRespondWithinAcceptableTime" storage="/users/ursmuff/source/living-codex-csharp/src/codexbootstrap.tests/bin/debug/net6.0/codexbootstrap.tests.dll" id="52464efb-4166-65c1-6219-acc12f2b3ff6">
      <Execution id="c7036c29-b0af-4345-a6dc-26850c74acf7" />
      <TestMethod codeBase="/Users/ursmuff/source/Living-Codex-CSharp/src/CodexBootstrap.Tests/bin/Debug/net6.0/CodexBootstrap.Tests.dll" adapterTypeName="executor://xunit/VsTestRunner2/netcoreapp" className="CodexBootstrap.Tests.Modules.IdentityModuleApiTests" name="Authenticate_ShouldRespondWithinAcceptableTime" />
    </UnitTest>
    <UnitTest name="CodexBootstrap.Tests.Core.LLMOrchestratorTests.ExecuteParallelAsync_WithMultipleOperations_ShouldExecuteAll" storage="/users/ursmuff/source/living-codex-csharp/src/codexbootstrap.tests/bin/debug/net6.0/codexbootstrap.tests.dll" id="c353011d-9e94-c67d-e6eb-396de9239c5d">
      <Execution id="55afa617-59e1-4950-ac42-8437e71137ae" />
      <TestMethod codeBase="/Users/ursmuff/source/Living-Codex-CSharp/src/CodexBootstrap.Tests/bin/Debug/net6.0/CodexBootstrap.Tests.dll" adapterTypeName="executor://xunit/VsTestRunner2/netcoreapp" className="CodexBootstrap.Tests.Core.LLMOrchestratorTests" name="ExecuteParallelAsync_WithMultipleOperations_ShouldExecuteAll" />
    </UnitTest>
    <UnitTest name="CodexBootstrap.Tests.Modules.NodeEdgeModuleApiTests.GetNodes_ShouldHandleConcurrentRequests" storage="/users/ursmuff/source/living-codex-csharp/src/codexbootstrap.tests/bin/debug/net6.0/codexbootstrap.tests.dll" id="154b62c9-dfe1-2527-f8d9-a357f66717ec">
      <Execution id="d71cb008-9ed9-48e7-b7cb-6781a6b24c8b" />
      <TestMethod codeBase="/Users/ursmuff/source/Living-Codex-CSharp/src/CodexBootstrap.Tests/bin/Debug/net6.0/CodexBootstrap.Tests.dll" adapterTypeName="executor://xunit/VsTestRunner2/netcoreapp" className="CodexBootstrap.Tests.Modules.NodeEdgeModuleApiTests" name="GetNodes_ShouldHandleConcurrentRequests" />
    </UnitTest>
    <UnitTest name="CodexBootstrap.Tests.Modules.NewsModuleApiTests.GetTrendingTopics_ShouldReturnTopicsList" storage="/users/ursmuff/source/living-codex-csharp/src/codexbootstrap.tests/bin/debug/net6.0/codexbootstrap.tests.dll" id="0f0b59f9-3161-1d3d-fc85-4e0ab616dec1">
      <Execution id="50365235-064f-4cca-8da3-ad0256649761" />
      <TestMethod codeBase="/Users/ursmuff/source/Living-Codex-CSharp/src/CodexBootstrap.Tests/bin/Debug/net6.0/CodexBootstrap.Tests.dll" adapterTypeName="executor://xunit/VsTestRunner2/netcoreapp" className="CodexBootstrap.Tests.Modules.NewsModuleApiTests" name="GetTrendingTopics_ShouldReturnTopicsList" />
    </UnitTest>
    <UnitTest name="CodexBootstrap.Tests.Modules.EnergyModuleApiTests.GetCollectiveEnergy_ShouldReturnEnergyValue_WhenImplemented" storage="/users/ursmuff/source/living-codex-csharp/src/codexbootstrap.tests/bin/debug/net6.0/codexbootstrap.tests.dll" id="0eb841ee-4360-bfaa-b760-47ef164dac80">
      <Execution id="9481bb03-9582-4efb-a0ed-5d6ac3d1903c" />
      <TestMethod codeBase="/Users/ursmuff/source/Living-Codex-CSharp/src/CodexBootstrap.Tests/bin/Debug/net6.0/CodexBootstrap.Tests.dll" adapterTypeName="executor://xunit/VsTestRunner2/netcoreapp" className="CodexBootstrap.Tests.Modules.EnergyModuleApiTests" name="GetCollectiveEnergy_ShouldReturnEnergyValue_WhenImplemented" />
    </UnitTest>
    <UnitTest name="CodexBootstrap.Tests.Modules.ConceptModuleApiTests.UpdateConcept_ShouldReturnNotFound_WhenConceptDoesNotExist" storage="/users/ursmuff/source/living-codex-csharp/src/codexbootstrap.tests/bin/debug/net6.0/codexbootstrap.tests.dll" id="8825c2ca-e48a-f1b9-4ae4-5d782ac55816">
      <Execution id="5f938851-daa4-4650-9acf-fcf8c6f4ec5b" />
      <TestMethod codeBase="/Users/ursmuff/source/Living-Codex-CSharp/src/CodexBootstrap.Tests/bin/Debug/net6.0/CodexBootstrap.Tests.dll" adapterTypeName="executor://xunit/VsTestRunner2/netcoreapp" className="CodexBootstrap.Tests.Modules.ConceptModuleApiTests" name="UpdateConcept_ShouldReturnNotFound_WhenConceptDoesNotExist" />
    </UnitTest>
    <UnitTest name="CodexBootstrap.Tests.ComprehensiveEndpointDiscovery.SwaggerEndpoint_ShouldReturnApiDocumentation" storage="/users/ursmuff/source/living-codex-csharp/src/codexbootstrap.tests/bin/debug/net6.0/codexbootstrap.tests.dll" id="d7af24cc-1160-9a7c-4a14-3e64c6768ae5">
      <Execution id="84736ce7-6582-492e-bd11-371d6e624349" />
      <TestMethod codeBase="/Users/ursmuff/source/Living-Codex-CSharp/src/CodexBootstrap.Tests/bin/Debug/net6.0/CodexBootstrap.Tests.dll" adapterTypeName="executor://xunit/VsTestRunner2/netcoreapp" className="CodexBootstrap.Tests.ComprehensiveEndpointDiscovery" name="SwaggerEndpoint_ShouldReturnApiDocumentation" />
    </UnitTest>
    <UnitTest name="CodexBootstrap.Tests.Core.StateTransitionTests.NodeStateTransition_FromWaterToIce_ShouldMigrateEdgesToIce" storage="/users/ursmuff/source/living-codex-csharp/src/codexbootstrap.tests/bin/debug/net6.0/codexbootstrap.tests.dll" id="f0c4e84a-6a98-a7e5-d083-79a02acb860c">
      <Execution id="b926e835-3eb0-4653-9dbc-0c8009d9d85b" />
      <TestMethod codeBase="/Users/ursmuff/source/Living-Codex-CSharp/src/CodexBootstrap.Tests/bin/Debug/net6.0/CodexBootstrap.Tests.dll" adapterTypeName="executor://xunit/VsTestRunner2/netcoreapp" className="CodexBootstrap.Tests.Core.StateTransitionTests" name="NodeStateTransition_FromWaterToIce_ShouldMigrateEdgesToIce" />
    </UnitTest>
    <UnitTest name="CodexBootstrap.Tests.Modules.FileSystemModuleTests.SearchFiles_WithContentSearch_FindsMatches" storage="/users/ursmuff/source/living-codex-csharp/src/codexbootstrap.tests/bin/debug/net6.0/codexbootstrap.tests.dll" id="414bd08a-1856-619a-1a2c-f8de6ed4b859">
      <Execution id="2df10e55-81a4-4f03-9c11-ce0771b13d89" />
      <TestMethod codeBase="/Users/ursmuff/source/Living-Codex-CSharp/src/CodexBootstrap.Tests/bin/Debug/net6.0/CodexBootstrap.Tests.dll" adapterTypeName="executor://xunit/VsTestRunner2/netcoreapp" className="CodexBootstrap.Tests.Modules.FileSystemModuleTests" name="SearchFiles_WithContentSearch_FindsMatches" />
    </UnitTest>
    <UnitTest name="CodexBootstrap.Tests.Modules.NodeEdgeModuleApiTests.GetEdges_ShouldReturnEdgesList_WhenImplemented" storage="/users/ursmuff/source/living-codex-csharp/src/codexbootstrap.tests/bin/debug/net6.0/codexbootstrap.tests.dll" id="48f0b978-87f3-597c-b969-584d8c7f342b">
      <Execution id="33f2796b-fa3c-4cf5-baed-09510d0d84c7" />
      <TestMethod codeBase="/Users/ursmuff/source/Living-Codex-CSharp/src/CodexBootstrap.Tests/bin/Debug/net6.0/CodexBootstrap.Tests.dll" adapterTypeName="executor://xunit/VsTestRunner2/netcoreapp" className="CodexBootstrap.Tests.Modules.NodeEdgeModuleApiTests" name="GetEdges_ShouldReturnEdgesList_WhenImplemented" />
    </UnitTest>
    <UnitTest name="CodexBootstrap.Tests.ApiIntegrationTests.OAuthValidate_ShouldValidateUser" storage="/users/ursmuff/source/living-codex-csharp/src/codexbootstrap.tests/bin/debug/net6.0/codexbootstrap.tests.dll" id="4cdd7a6f-85c0-305c-e9b1-fd8d4db0dee3">
      <Execution id="e95dbcf1-ac3f-4f1d-bd86-0c6273af09ab" />
      <TestMethod codeBase="/Users/ursmuff/source/Living-Codex-CSharp/src/CodexBootstrap.Tests/bin/Debug/net6.0/CodexBootstrap.Tests.dll" adapterTypeName="executor://xunit/VsTestRunner2/netcoreapp" className="CodexBootstrap.Tests.ApiIntegrationTests" name="OAuthValidate_ShouldValidateUser" />
    </UnitTest>
    <UnitTest name="CodexBootstrap.Tests.NewsSourceTests.NewsIngestion_Should_CreateValidNewsItems" storage="/users/ursmuff/source/living-codex-csharp/src/codexbootstrap.tests/bin/debug/net6.0/codexbootstrap.tests.dll" id="9278bdb8-7599-f5f4-b1ea-3e31a3ba566f">
      <Execution id="dbe536dc-c470-45dd-909c-5e4d36a2df4c" />
      <TestMethod codeBase="/Users/ursmuff/source/Living-Codex-CSharp/src/CodexBootstrap.Tests/bin/Debug/net6.0/CodexBootstrap.Tests.dll" adapterTypeName="executor://xunit/VsTestRunner2/netcoreapp" className="CodexBootstrap.Tests.NewsSourceTests" name="NewsIngestion_Should_CreateValidNewsItems" />
    </UnitTest>
    <UnitTest name="CodexBootstrap.Tests.UCoreOntologyTests.WaterStatesAxis_Node_Should_Exist" storage="/users/ursmuff/source/living-codex-csharp/src/codexbootstrap.tests/bin/debug/net6.0/codexbootstrap.tests.dll" id="5bb357ef-a289-5457-59f1-0df201ad4323">
      <Execution id="668defdd-85f7-476b-a210-a3db446483b3" />
      <TestMethod codeBase="/Users/ursmuff/source/Living-Codex-CSharp/src/CodexBootstrap.Tests/bin/Debug/net6.0/CodexBootstrap.Tests.dll" adapterTypeName="executor://xunit/VsTestRunner2/netcoreapp" className="CodexBootstrap.Tests.UCoreOntologyTests" name="WaterStatesAxis_Node_Should_Exist" />
    </UnitTest>
    <UnitTest name="CodexBootstrap.Tests.Modules.EnergyModuleApiTests.RecordContribution_ShouldReturnBadRequest_WhenRequestInvalid_WhenImplemented" storage="/users/ursmuff/source/living-codex-csharp/src/codexbootstrap.tests/bin/debug/net6.0/codexbootstrap.tests.dll" id="8aaeb942-4618-a8e4-c6b1-266d34c97e41">
      <Execution id="76064c9d-4774-4292-b1c8-41a63f47258a" />
      <TestMethod codeBase="/Users/ursmuff/source/Living-Codex-CSharp/src/CodexBootstrap.Tests/bin/Debug/net6.0/CodexBootstrap.Tests.dll" adapterTypeName="executor://xunit/VsTestRunner2/netcoreapp" className="CodexBootstrap.Tests.Modules.EnergyModuleApiTests" name="RecordContribution_ShouldReturnBadRequest_WhenRequestInvalid_WhenImplemented" />
    </UnitTest>
    <UnitTest name="CodexBootstrap.Tests.Modules.ConceptModuleApiTests.DeleteConcept_ShouldReturnSuccess_WhenConceptExists" storage="/users/ursmuff/source/living-codex-csharp/src/codexbootstrap.tests/bin/debug/net6.0/codexbootstrap.tests.dll" id="db697f2e-ce6c-0e67-fba6-9e9dcf38b114">
      <Execution id="32bc529f-8f25-425b-b7b1-712a8726a910" />
      <TestMethod codeBase="/Users/ursmuff/source/Living-Codex-CSharp/src/CodexBootstrap.Tests/bin/Debug/net6.0/CodexBootstrap.Tests.dll" adapterTypeName="executor://xunit/VsTestRunner2/netcoreapp" className="CodexBootstrap.Tests.Modules.ConceptModuleApiTests" name="DeleteConcept_ShouldReturnSuccess_WhenConceptExists" />
    </UnitTest>
    <UnitTest name="CodexBootstrap.Tests.Core.NodePersistenceTests.EdgePersistence_WaterToWater_ShouldPersistInWaterStorage" storage="/users/ursmuff/source/living-codex-csharp/src/codexbootstrap.tests/bin/debug/net6.0/codexbootstrap.tests.dll" id="aea25e69-8ef4-fcb6-b447-29de5becfc76">
      <Execution id="af571d59-0f81-49f5-9637-4aba039ac860" />
      <TestMethod codeBase="/Users/ursmuff/source/Living-Codex-CSharp/src/CodexBootstrap.Tests/bin/Debug/net6.0/CodexBootstrap.Tests.dll" adapterTypeName="executor://xunit/VsTestRunner2/netcoreapp" className="CodexBootstrap.Tests.Core.NodePersistenceTests" name="EdgePersistence_WaterToWater_ShouldPersistInWaterStorage" />
    </UnitTest>
    <UnitTest name="CodexBootstrap.Tests.Modules.CoreModuleTests.Register_ShouldRegisterModuleWithRegistry" storage="/users/ursmuff/source/living-codex-csharp/src/codexbootstrap.tests/bin/debug/net6.0/codexbootstrap.tests.dll" id="e816d20a-430f-2d97-9262-77eb57c11839">
      <Execution id="d0bb1dfa-271c-4af2-becf-5840eccc4f3c" />
      <TestMethod codeBase="/Users/ursmuff/source/Living-Codex-CSharp/src/CodexBootstrap.Tests/bin/Debug/net6.0/CodexBootstrap.Tests.dll" adapterTypeName="executor://xunit/VsTestRunner2/netcoreapp" className="CodexBootstrap.Tests.Modules.CoreModuleTests" name="Register_ShouldRegisterModuleWithRegistry" />
    </UnitTest>
    <UnitTest name="CodexBootstrap.Tests.IdentityTests.MockIdentityProvider_ShouldGetUserInfo" storage="/users/ursmuff/source/living-codex-csharp/src/codexbootstrap.tests/bin/debug/net6.0/codexbootstrap.tests.dll" id="b66e2aed-6736-e5fb-1259-0a652017312d">
      <Execution id="d1dc8cdb-c2a5-4bab-a988-9dc8a1117bf7" />
      <TestMethod codeBase="/Users/ursmuff/source/Living-Codex-CSharp/src/CodexBootstrap.Tests/bin/Debug/net6.0/CodexBootstrap.Tests.dll" adapterTypeName="executor://xunit/VsTestRunner2/netcoreapp" className="CodexBootstrap.Tests.IdentityTests" name="MockIdentityProvider_ShouldGetUserInfo" />
    </UnitTest>
    <UnitTest name="CodexBootstrap.Tests.IdentityTests.EndSession_ShouldEndExistingSession" storage="/users/ursmuff/source/living-codex-csharp/src/codexbootstrap.tests/bin/debug/net6.0/codexbootstrap.tests.dll" id="95bec019-ba93-557e-cc59-ca4522b92c84">
      <Execution id="9fe675a5-332e-4c62-a504-a991a6087ba8" />
      <TestMethod codeBase="/Users/ursmuff/source/Living-Codex-CSharp/src/CodexBootstrap.Tests/bin/Debug/net6.0/CodexBootstrap.Tests.dll" adapterTypeName="executor://xunit/VsTestRunner2/netcoreapp" className="CodexBootstrap.Tests.IdentityTests" name="EndSession_ShouldEndExistingSession" />
    </UnitTest>
    <UnitTest name="CodexBootstrap.Tests.Modules.EnergyModuleApiTests.GetCollectiveEnergy_ShouldReturnSuccess_WhenImplemented" storage="/users/ursmuff/source/living-codex-csharp/src/codexbootstrap.tests/bin/debug/net6.0/codexbootstrap.tests.dll" id="a89402d9-0924-308b-7904-fd6477f0ee7b">
      <Execution id="e9fb1cc3-b20b-4ee5-bf87-eb4c81af282f" />
      <TestMethod codeBase="/Users/ursmuff/source/Living-Codex-CSharp/src/CodexBootstrap.Tests/bin/Debug/net6.0/CodexBootstrap.Tests.dll" adapterTypeName="executor://xunit/VsTestRunner2/netcoreapp" className="CodexBootstrap.Tests.Modules.EnergyModuleApiTests" name="GetCollectiveEnergy_ShouldReturnSuccess_WhenImplemented" />
    </UnitTest>
    <UnitTest name="CodexBootstrap.Tests.Integration.ApiIntegrationTests.ModulesEndpoint_ShouldReturnModuleList" storage="/users/ursmuff/source/living-codex-csharp/src/codexbootstrap.tests/bin/debug/net6.0/codexbootstrap.tests.dll" id="0864368a-5d20-d499-562d-dea9741e52aa">
      <Execution id="94d910ff-a262-48c7-982a-42800e303234" />
      <TestMethod codeBase="/Users/ursmuff/source/Living-Codex-CSharp/src/CodexBootstrap.Tests/bin/Debug/net6.0/CodexBootstrap.Tests.dll" adapterTypeName="executor://xunit/VsTestRunner2/netcoreapp" className="CodexBootstrap.Tests.Integration.ApiIntegrationTests" name="ModulesEndpoint_ShouldReturnModuleList" />
    </UnitTest>
    <UnitTest name="CodexBootstrap.Tests.Core.NodeRegistryTests.Upsert_NodeStateTransitionUpdatesMemoryAndPersistence" storage="/users/ursmuff/source/living-codex-csharp/src/codexbootstrap.tests/bin/debug/net6.0/codexbootstrap.tests.dll" id="d42ce1cc-fe07-766d-01d9-4d3235eb06da">
      <Execution id="f00a1095-e0b8-427f-8b26-7fad2de3142d" />
      <TestMethod codeBase="/Users/ursmuff/source/Living-Codex-CSharp/src/CodexBootstrap.Tests/bin/Debug/net6.0/CodexBootstrap.Tests.dll" adapterTypeName="executor://xunit/VsTestRunner2/netcoreapp" className="CodexBootstrap.Tests.Core.NodeRegistryTests" name="Upsert_NodeStateTransitionUpdatesMemoryAndPersistence" />
    </UnitTest>
    <UnitTest name="CodexBootstrap.Tests.HealthTests.HealthCheck_ShouldReturnHealthyStatus" storage="/users/ursmuff/source/living-codex-csharp/src/codexbootstrap.tests/bin/debug/net6.0/codexbootstrap.tests.dll" id="6090d8db-c083-ec38-5d91-cefe25a89520">
      <Execution id="7b9d487e-c93d-42bc-a0f6-49c7258d1066" />
      <TestMethod codeBase="/Users/ursmuff/source/Living-Codex-CSharp/src/CodexBootstrap.Tests/bin/Debug/net6.0/CodexBootstrap.Tests.dll" adapterTypeName="executor://xunit/VsTestRunner2/netcoreapp" className="CodexBootstrap.Tests.HealthTests" name="HealthCheck_ShouldReturnHealthyStatus" />
    </UnitTest>
    <UnitTest name="CodexBootstrap.Tests.Modules.FileSystemModuleTests.GetFileSystemStats_WithFiles_ReturnsStatistics" storage="/users/ursmuff/source/living-codex-csharp/src/codexbootstrap.tests/bin/debug/net6.0/codexbootstrap.tests.dll" id="c1c3c15c-2fd4-f407-447a-9b6a9260e785">
      <Execution id="3dc79691-c40d-4a8f-833d-65aa52884447" />
      <TestMethod codeBase="/Users/ursmuff/source/Living-Codex-CSharp/src/CodexBootstrap.Tests/bin/Debug/net6.0/CodexBootstrap.Tests.dll" adapterTypeName="executor://xunit/VsTestRunner2/netcoreapp" className="CodexBootstrap.Tests.Modules.FileSystemModuleTests" name="GetFileSystemStats_WithFiles_ReturnsStatistics" />
    </UnitTest>
    <UnitTest name="CodexBootstrap.Tests.Modules.ConceptModuleApiTests.GetConcepts_ShouldRespondWithinAcceptableTime" storage="/users/ursmuff/source/living-codex-csharp/src/codexbootstrap.tests/bin/debug/net6.0/codexbootstrap.tests.dll" id="b99ace35-33d5-7d18-6ea4-38a87a6c5135">
      <Execution id="7e983dd9-5c7b-4292-8037-57a1600eba7e" />
      <TestMethod codeBase="/Users/ursmuff/source/Living-Codex-CSharp/src/CodexBootstrap.Tests/bin/Debug/net6.0/CodexBootstrap.Tests.dll" adapterTypeName="executor://xunit/VsTestRunner2/netcoreapp" className="CodexBootstrap.Tests.Modules.ConceptModuleApiTests" name="GetConcepts_ShouldRespondWithinAcceptableTime" />
    </UnitTest>
    <UnitTest name="CodexBootstrap.Tests.SimpleIntegrationTests.SwaggerEndpoint_ShouldBeAccessible" storage="/users/ursmuff/source/living-codex-csharp/src/codexbootstrap.tests/bin/debug/net6.0/codexbootstrap.tests.dll" id="7fb892fc-7cfe-4a21-f5bf-3ca5ffe75254">
      <Execution id="14bd119f-2ccb-4016-b494-c5806675e460" />
      <TestMethod codeBase="/Users/ursmuff/source/Living-Codex-CSharp/src/CodexBootstrap.Tests/bin/Debug/net6.0/CodexBootstrap.Tests.dll" adapterTypeName="executor://xunit/VsTestRunner2/netcoreapp" className="CodexBootstrap.Tests.SimpleIntegrationTests" name="SwaggerEndpoint_ShouldBeAccessible" />
    </UnitTest>
    <UnitTest name="CodexBootstrap.Tests.Core.NodePersistenceTests.ServerRestart_GasNodes_ShouldNotSurviveRestart" storage="/users/ursmuff/source/living-codex-csharp/src/codexbootstrap.tests/bin/debug/net6.0/codexbootstrap.tests.dll" id="511b09e9-fd91-89d6-3949-40db146ea6bd">
      <Execution id="3a17656c-7d57-44c0-ab89-8002a1302084" />
      <TestMethod codeBase="/Users/ursmuff/source/Living-Codex-CSharp/src/CodexBootstrap.Tests/bin/Debug/net6.0/CodexBootstrap.Tests.dll" adapterTypeName="executor://xunit/VsTestRunner2/netcoreapp" className="CodexBootstrap.Tests.Core.NodePersistenceTests" name="ServerRestart_GasNodes_ShouldNotSurviveRestart" />
    </UnitTest>
    <UnitTest name="CodexBootstrap.Tests.Modules.EnergyModuleApiTests.GetUserContributions_ShouldReturnContributionsList_WhenImplemented" storage="/users/ursmuff/source/living-codex-csharp/src/codexbootstrap.tests/bin/debug/net6.0/codexbootstrap.tests.dll" id="36c7d109-6289-1556-5b99-f94c9642b779">
      <Execution id="111d419e-f336-4821-981d-480764b4184d" />
      <TestMethod codeBase="/Users/ursmuff/source/Living-Codex-CSharp/src/CodexBootstrap.Tests/bin/Debug/net6.0/CodexBootstrap.Tests.dll" adapterTypeName="executor://xunit/VsTestRunner2/netcoreapp" className="CodexBootstrap.Tests.Modules.EnergyModuleApiTests" name="GetUserContributions_ShouldReturnContributionsList_WhenImplemented" />
    </UnitTest>
    <UnitTest name="CodexBootstrap.Tests.NewsSourceTests.NewsConceptExtraction_Should_LinkToUCore" storage="/users/ursmuff/source/living-codex-csharp/src/codexbootstrap.tests/bin/debug/net6.0/codexbootstrap.tests.dll" id="a5a2e4c8-009c-485c-9e59-a0329e36f740">
      <Execution id="0f9a9faa-2e91-4b31-9618-40e4d66ff002" />
      <TestMethod codeBase="/Users/ursmuff/source/Living-Codex-CSharp/src/CodexBootstrap.Tests/bin/Debug/net6.0/CodexBootstrap.Tests.dll" adapterTypeName="executor://xunit/VsTestRunner2/netcoreapp" className="CodexBootstrap.Tests.NewsSourceTests" name="NewsConceptExtraction_Should_LinkToUCore" />
    </UnitTest>
    <UnitTest name="CodexBootstrap.Tests.Modules.ConceptModuleApiTests.CreateConcept_ShouldReturnSuccess_WhenValidRequest" storage="/users/ursmuff/source/living-codex-csharp/src/codexbootstrap.tests/bin/debug/net6.0/codexbootstrap.tests.dll" id="95697913-300a-0d09-fede-d269c1c9cc5a">
      <Execution id="f36f6be2-e3db-4fd6-8720-8880ddfaad0b" />
      <TestMethod codeBase="/Users/ursmuff/source/Living-Codex-CSharp/src/CodexBootstrap.Tests/bin/Debug/net6.0/CodexBootstrap.Tests.dll" adapterTypeName="executor://xunit/VsTestRunner2/netcoreapp" className="CodexBootstrap.Tests.Modules.ConceptModuleApiTests" name="CreateConcept_ShouldReturnSuccess_WhenValidRequest" />
    </UnitTest>
    <UnitTest name="CodexBootstrap.Tests.IdentityTests.IdentityLogin_ShouldInitiateLoginFlow" storage="/users/ursmuff/source/living-codex-csharp/src/codexbootstrap.tests/bin/debug/net6.0/codexbootstrap.tests.dll" id="335af7d3-af17-2a3e-11a6-c40d770283f6">
      <Execution id="55724b1b-9e77-4e80-a368-520239687365" />
      <TestMethod codeBase="/Users/ursmuff/source/Living-Codex-CSharp/src/CodexBootstrap.Tests/bin/Debug/net6.0/CodexBootstrap.Tests.dll" adapterTypeName="executor://xunit/VsTestRunner2/netcoreapp" className="CodexBootstrap.Tests.IdentityTests" name="IdentityLogin_ShouldInitiateLoginFlow" />
    </UnitTest>
    <UnitTest name="CodexBootstrap.Tests.Core.NodeRegistryTests.EdgeState_ShouldFollowNodePhaseTransitions" storage="/users/ursmuff/source/living-codex-csharp/src/codexbootstrap.tests/bin/debug/net6.0/codexbootstrap.tests.dll" id="a1a3cd79-a8ef-2dca-2a37-88922f31b2df">
      <Execution id="0d68f5d5-297a-45d6-aef9-f55cde03bda0" />
      <TestMethod codeBase="/Users/ursmuff/source/Living-Codex-CSharp/src/CodexBootstrap.Tests/bin/Debug/net6.0/CodexBootstrap.Tests.dll" adapterTypeName="executor://xunit/VsTestRunner2/netcoreapp" className="CodexBootstrap.Tests.Core.NodeRegistryTests" name="EdgeState_ShouldFollowNodePhaseTransitions" />
    </UnitTest>
    <UnitTest name="CodexBootstrap.Tests.Modules.IdentityModuleApiTests.GetIdentityProviders_ShouldReturnProvidersList" storage="/users/ursmuff/source/living-codex-csharp/src/codexbootstrap.tests/bin/debug/net6.0/codexbootstrap.tests.dll" id="739ddbc9-29fb-28c3-7b57-b5ec668cdd0c">
      <Execution id="e6dce3fe-a16f-4438-b0dd-31f6a4cdca68" />
      <TestMethod codeBase="/Users/ursmuff/source/Living-Codex-CSharp/src/CodexBootstrap.Tests/bin/Debug/net6.0/CodexBootstrap.Tests.dll" adapterTypeName="executor://xunit/VsTestRunner2/netcoreapp" className="CodexBootstrap.Tests.Modules.IdentityModuleApiTests" name="GetIdentityProviders_ShouldReturnProvidersList" />
    </UnitTest>
    <UnitTest name="CodexBootstrap.Tests.Modules.ConceptModuleApiTests.GetConcept_ShouldReturnNotFound_WhenConceptDoesNotExist" storage="/users/ursmuff/source/living-codex-csharp/src/codexbootstrap.tests/bin/debug/net6.0/codexbootstrap.tests.dll" id="9398df0f-b7e2-21ef-6751-b96144b08a9b">
      <Execution id="4f55afe1-c8bd-423d-8786-57b15c957e3e" />
      <TestMethod codeBase="/Users/ursmuff/source/Living-Codex-CSharp/src/CodexBootstrap.Tests/bin/Debug/net6.0/CodexBootstrap.Tests.dll" adapterTypeName="executor://xunit/VsTestRunner2/netcoreapp" className="CodexBootstrap.Tests.Modules.ConceptModuleApiTests" name="GetConcept_ShouldReturnNotFound_WhenConceptDoesNotExist" />
    </UnitTest>
    <UnitTest name="CodexBootstrap.Tests.ComprehensiveEndpointDiscovery.HealthEndpoint_ShouldReturnDetailedMetrics" storage="/users/ursmuff/source/living-codex-csharp/src/codexbootstrap.tests/bin/debug/net6.0/codexbootstrap.tests.dll" id="ce4786bd-8689-0f1b-0de8-7d35fef968cd">
      <Execution id="45b6bab1-4e1b-4c2e-a409-4839c7566da5" />
      <TestMethod codeBase="/Users/ursmuff/source/Living-Codex-CSharp/src/CodexBootstrap.Tests/bin/Debug/net6.0/CodexBootstrap.Tests.dll" adapterTypeName="executor://xunit/VsTestRunner2/netcoreapp" className="CodexBootstrap.Tests.ComprehensiveEndpointDiscovery" name="HealthEndpoint_ShouldReturnDetailedMetrics" />
    </UnitTest>
    <UnitTest name="CodexBootstrap.Tests.Modules.NewsModuleApiTests.GetNewsFeed_ShouldReturnEmptyResults_WhenNoNewsAvailable" storage="/users/ursmuff/source/living-codex-csharp/src/codexbootstrap.tests/bin/debug/net6.0/codexbootstrap.tests.dll" id="632c0374-d9e5-0e22-1403-eb730369295e">
      <Execution id="777bf6f8-bf92-4b1b-8f8f-96f401dc34e5" />
      <TestMethod codeBase="/Users/ursmuff/source/Living-Codex-CSharp/src/CodexBootstrap.Tests/bin/Debug/net6.0/CodexBootstrap.Tests.dll" adapterTypeName="executor://xunit/VsTestRunner2/netcoreapp" className="CodexBootstrap.Tests.Modules.NewsModuleApiTests" name="GetNewsFeed_ShouldReturnEmptyResults_WhenNoNewsAvailable" />
    </UnitTest>
    <UnitTest name="CodexBootstrap.Tests.UCoreOntologyTests.ChakrasAxis_Node_Should_Exist" storage="/users/ursmuff/source/living-codex-csharp/src/codexbootstrap.tests/bin/debug/net6.0/codexbootstrap.tests.dll" id="0f0bfda1-cada-6668-e50b-f263755ddcfa">
      <Execution id="ad599522-5129-4f80-9f7d-7e2be3fe9838" />
      <TestMethod codeBase="/Users/ursmuff/source/Living-Codex-CSharp/src/CodexBootstrap.Tests/bin/Debug/net6.0/CodexBootstrap.Tests.dll" adapterTypeName="executor://xunit/VsTestRunner2/netcoreapp" className="CodexBootstrap.Tests.UCoreOntologyTests" name="ChakrasAxis_Node_Should_Exist" />
    </UnitTest>
    <UnitTest name="CodexBootstrap.Tests.Core.NodeRegistryUserRepositoryTests.CreateAsync_ShouldPersistUserAsWaterNode" storage="/users/ursmuff/source/living-codex-csharp/src/codexbootstrap.tests/bin/debug/net6.0/codexbootstrap.tests.dll" id="93e90a79-2955-16ca-0032-f17795f74b9e">
      <Execution id="8fbd0220-b37b-4c23-ad80-fd1f4b77267a" />
      <TestMethod codeBase="/Users/ursmuff/source/Living-Codex-CSharp/src/CodexBootstrap.Tests/bin/Debug/net6.0/CodexBootstrap.Tests.dll" adapterTypeName="executor://xunit/VsTestRunner2/netcoreapp" className="CodexBootstrap.Tests.Core.NodeRegistryUserRepositoryTests" name="CreateAsync_ShouldPersistUserAsWaterNode" />
    </UnitTest>
    <UnitTest name="CodexBootstrap.Tests.Modules.FutureKnowledgeModuleTests.RetrieveFutureKnowledge_WithImplementation_ReturnsSuccess" storage="/users/ursmuff/source/living-codex-csharp/src/codexbootstrap.tests/bin/debug/net6.0/codexbootstrap.tests.dll" id="2ad5cdb4-5093-99b8-7b30-cd507fc4fbf2">
      <Execution id="c11cbdea-cbec-4368-9553-9ea0572dbc95" />
      <TestMethod codeBase="/Users/ursmuff/source/Living-Codex-CSharp/src/CodexBootstrap.Tests/bin/Debug/net6.0/CodexBootstrap.Tests.dll" adapterTypeName="executor://xunit/VsTestRunner2/netcoreapp" className="CodexBootstrap.Tests.Modules.FutureKnowledgeModuleTests" name="RetrieveFutureKnowledge_WithImplementation_ReturnsSuccess" />
    </UnitTest>
    <UnitTest name="CodexBootstrap.Tests.NewsSourceTests.NewsSourceValidation_Should_CheckRandomSources" storage="/users/ursmuff/source/living-codex-csharp/src/codexbootstrap.tests/bin/debug/net6.0/codexbootstrap.tests.dll" id="e776ed9f-d0af-671b-5393-2bbcffd08132">
      <Execution id="e0580dad-c755-40e1-ae04-74c99887e250" />
      <TestMethod codeBase="/Users/ursmuff/source/Living-Codex-CSharp/src/CodexBootstrap.Tests/bin/Debug/net6.0/CodexBootstrap.Tests.dll" adapterTypeName="executor://xunit/VsTestRunner2/netcoreapp" className="CodexBootstrap.Tests.NewsSourceTests" name="NewsSourceValidation_Should_CheckRandomSources" />
    </UnitTest>
    <UnitTest name="CodexBootstrap.Tests.Modules.GalleryModuleTests.CreateGalleryItem_WithoutTitle_ReturnsError" storage="/users/ursmuff/source/living-codex-csharp/src/codexbootstrap.tests/bin/debug/net6.0/codexbootstrap.tests.dll" id="90f3a3ce-3ea2-b8ab-e15a-d9c7a7f4a063">
      <Execution id="d3c7aad9-f8d4-4584-abd7-715b68a9fac9" />
      <TestMethod codeBase="/Users/ursmuff/source/Living-Codex-CSharp/src/CodexBootstrap.Tests/bin/Debug/net6.0/CodexBootstrap.Tests.dll" adapterTypeName="executor://xunit/VsTestRunner2/netcoreapp" className="CodexBootstrap.Tests.Modules.GalleryModuleTests" name="CreateGalleryItem_WithoutTitle_ReturnsError" />
    </UnitTest>
    <UnitTest name="CodexBootstrap.Tests.Modules.AIModuleTests.Description_ShouldReturnCorrectDescription" storage="/users/ursmuff/source/living-codex-csharp/src/codexbootstrap.tests/bin/debug/net6.0/codexbootstrap.tests.dll" id="1f7976e5-938b-de19-e4f9-70a3b56afbf7">
      <Execution id="7f51b905-160c-4bc0-86a7-0819dac61365" />
      <TestMethod codeBase="/Users/ursmuff/source/Living-Codex-CSharp/src/CodexBootstrap.Tests/bin/Debug/net6.0/CodexBootstrap.Tests.dll" adapterTypeName="executor://xunit/VsTestRunner2/netcoreapp" className="CodexBootstrap.Tests.Modules.AIModuleTests" name="Description_ShouldReturnCorrectDescription" />
    </UnitTest>
    <UnitTest name="CodexBootstrap.Tests.Core.NodePersistenceTests.EdgeStateConsistency_ShouldMatchNodeStates" storage="/users/ursmuff/source/living-codex-csharp/src/codexbootstrap.tests/bin/debug/net6.0/codexbootstrap.tests.dll" id="2b98f1ad-9067-5d96-8cc7-a0590be4d644">
      <Execution id="17916599-0edf-44ed-9b89-039074314877" />
      <TestMethod codeBase="/Users/ursmuff/source/Living-Codex-CSharp/src/CodexBootstrap.Tests/bin/Debug/net6.0/CodexBootstrap.Tests.dll" adapterTypeName="executor://xunit/VsTestRunner2/netcoreapp" className="CodexBootstrap.Tests.Core.NodePersistenceTests" name="EdgeStateConsistency_ShouldMatchNodeStates" />
    </UnitTest>
    <UnitTest name="CodexBootstrap.Tests.UCoreOntologyTests.QuantumDimensionsAxis_Node_Should_Exist" storage="/users/ursmuff/source/living-codex-csharp/src/codexbootstrap.tests/bin/debug/net6.0/codexbootstrap.tests.dll" id="71f08f4d-d319-720b-3b50-8197a3660ed2">
      <Execution id="b63a0a32-1552-4651-9b03-fadc3f2406b9" />
      <TestMethod codeBase="/Users/ursmuff/source/Living-Codex-CSharp/src/CodexBootstrap.Tests/bin/Debug/net6.0/CodexBootstrap.Tests.dll" adapterTypeName="executor://xunit/VsTestRunner2/netcoreapp" className="CodexBootstrap.Tests.UCoreOntologyTests" name="QuantumDimensionsAxis_Node_Should_Exist" />
    </UnitTest>
    <UnitTest name="CodexBootstrap.Tests.UCoreOntologyTests.UCoreInitializer_Should_LoadAllUniversalAxes" storage="/users/ursmuff/source/living-codex-csharp/src/codexbootstrap.tests/bin/debug/net6.0/codexbootstrap.tests.dll" id="9427af82-0059-a7d9-573f-043a790c4050">
      <Execution id="cf604a1f-73da-4bd0-96db-546503b7be3c" />
      <TestMethod codeBase="/Users/ursmuff/source/Living-Codex-CSharp/src/CodexBootstrap.Tests/bin/Debug/net6.0/CodexBootstrap.Tests.dll" adapterTypeName="executor://xunit/VsTestRunner2/netcoreapp" className="CodexBootstrap.Tests.UCoreOntologyTests" name="UCoreInitializer_Should_LoadAllUniversalAxes" />
    </UnitTest>
    <UnitTest name="CodexBootstrap.Tests.Modules.IdentityModuleApiTests.Authenticate_ShouldReturnSuccess_WhenValidCredentials" storage="/users/ursmuff/source/living-codex-csharp/src/codexbootstrap.tests/bin/debug/net6.0/codexbootstrap.tests.dll" id="1c07a485-c5ef-f8ee-f55f-68f9eb497dae">
      <Execution id="ba9d68f4-5c80-4fc5-91ba-ca0ce155ef5f" />
      <TestMethod codeBase="/Users/ursmuff/source/Living-Codex-CSharp/src/CodexBootstrap.Tests/bin/Debug/net6.0/CodexBootstrap.Tests.dll" adapterTypeName="executor://xunit/VsTestRunner2/netcoreapp" className="CodexBootstrap.Tests.Modules.IdentityModuleApiTests" name="Authenticate_ShouldReturnSuccess_WhenValidCredentials" />
    </UnitTest>
    <UnitTest name="CodexBootstrap.Tests.IdentityTests.MockIdentityProvider_ShouldGetAllMockUsers" storage="/users/ursmuff/source/living-codex-csharp/src/codexbootstrap.tests/bin/debug/net6.0/codexbootstrap.tests.dll" id="3f4da332-2fb9-784e-8300-a3ffc13949c4">
      <Execution id="1e377d41-6022-4ce3-91fc-5e9cf74b38b3" />
      <TestMethod codeBase="/Users/ursmuff/source/Living-Codex-CSharp/src/CodexBootstrap.Tests/bin/Debug/net6.0/CodexBootstrap.Tests.dll" adapterTypeName="executor://xunit/VsTestRunner2/netcoreapp" className="CodexBootstrap.Tests.IdentityTests" name="MockIdentityProvider_ShouldGetAllMockUsers" />
    </UnitTest>
    <UnitTest name="CodexBootstrap.Tests.Modules.NewsModuleApiTests.GetTrendingTopics_ShouldRespondWithinAcceptableTime" storage="/users/ursmuff/source/living-codex-csharp/src/codexbootstrap.tests/bin/debug/net6.0/codexbootstrap.tests.dll" id="bae85a23-fcdf-5f3d-d506-0fa1d219f067">
      <Execution id="ddb23151-d0da-4249-8c2f-66273acab772" />
      <TestMethod codeBase="/Users/ursmuff/source/Living-Codex-CSharp/src/CodexBootstrap.Tests/bin/Debug/net6.0/CodexBootstrap.Tests.dll" adapterTypeName="executor://xunit/VsTestRunner2/netcoreapp" className="CodexBootstrap.Tests.Modules.NewsModuleApiTests" name="GetTrendingTopics_ShouldRespondWithinAcceptableTime" />
    </UnitTest>
    <UnitTest name="CodexBootstrap.Tests.Core.StateTransitionTests.ServerRestart_ShouldMaintainEdgePersistenceInCorrectBackends" storage="/users/ursmuff/source/living-codex-csharp/src/codexbootstrap.tests/bin/debug/net6.0/codexbootstrap.tests.dll" id="0f98bb0f-1c90-6365-7244-a712d1b631fa">
      <Execution id="9613bac9-b64c-47df-af2b-8c639fbd6289" />
      <TestMethod codeBase="/Users/ursmuff/source/Living-Codex-CSharp/src/CodexBootstrap.Tests/bin/Debug/net6.0/CodexBootstrap.Tests.dll" adapterTypeName="executor://xunit/VsTestRunner2/netcoreapp" className="CodexBootstrap.Tests.Core.StateTransitionTests" name="ServerRestart_ShouldMaintainEdgePersistenceInCorrectBackends" />
    </UnitTest>
    <UnitTest name="CodexBootstrap.Tests.Core.LLMOrchestratorTests.ExecuteAsync_WithUnavailableService_ShouldReturnFallback" storage="/users/ursmuff/source/living-codex-csharp/src/codexbootstrap.tests/bin/debug/net6.0/codexbootstrap.tests.dll" id="c1296972-c12d-1979-50fb-ef6e48530532">
      <Execution id="7b0aa61c-3b16-4db2-86b2-9a153e101300" />
      <TestMethod codeBase="/Users/ursmuff/source/Living-Codex-CSharp/src/CodexBootstrap.Tests/bin/Debug/net6.0/CodexBootstrap.Tests.dll" adapterTypeName="executor://xunit/VsTestRunner2/netcoreapp" className="CodexBootstrap.Tests.Core.LLMOrchestratorTests" name="ExecuteAsync_WithUnavailableService_ShouldReturnFallback" />
    </UnitTest>
    <UnitTest name="CodexBootstrap.Tests.IdentityTests.MockIdentityProvider_ShouldExchangeCodeForToken" storage="/users/ursmuff/source/living-codex-csharp/src/codexbootstrap.tests/bin/debug/net6.0/codexbootstrap.tests.dll" id="4c978083-c229-a01c-6a7c-ef18e5236170">
      <Execution id="434151bd-8a00-44fd-ae5f-ec6628a6ad87" />
      <TestMethod codeBase="/Users/ursmuff/source/Living-Codex-CSharp/src/CodexBootstrap.Tests/bin/Debug/net6.0/CodexBootstrap.Tests.dll" adapterTypeName="executor://xunit/VsTestRunner2/netcoreapp" className="CodexBootstrap.Tests.IdentityTests" name="MockIdentityProvider_ShouldExchangeCodeForToken" />
    </UnitTest>
    <UnitTest name="CodexBootstrap.Tests.Modules.FutureKnowledgeModuleTests.ApplyFutureKnowledge_WithNonExistentKnowledge_ReturnsError" storage="/users/ursmuff/source/living-codex-csharp/src/codexbootstrap.tests/bin/debug/net6.0/codexbootstrap.tests.dll" id="3b5b492a-a447-2aad-e146-fe2b0287447c">
      <Execution id="2024c50d-6d29-42f2-ad66-677215661569" />
      <TestMethod codeBase="/Users/ursmuff/source/Living-Codex-CSharp/src/CodexBootstrap.Tests/bin/Debug/net6.0/CodexBootstrap.Tests.dll" adapterTypeName="executor://xunit/VsTestRunner2/netcoreapp" className="CodexBootstrap.Tests.Modules.FutureKnowledgeModuleTests" name="ApplyFutureKnowledge_WithNonExistentKnowledge_ReturnsError" />
    </UnitTest>
    <UnitTest name="CodexBootstrap.Tests.Modules.EnergyModuleApiTests.GetContributorEnergy_ShouldReturnBadRequest_WhenUserIdInvalid_WhenImplemented" storage="/users/ursmuff/source/living-codex-csharp/src/codexbootstrap.tests/bin/debug/net6.0/codexbootstrap.tests.dll" id="5fd7373e-836c-fd3b-1266-60a16d14daf5">
      <Execution id="32df5c35-595f-4177-910c-c60653180421" />
      <TestMethod codeBase="/Users/ursmuff/source/Living-Codex-CSharp/src/CodexBootstrap.Tests/bin/Debug/net6.0/CodexBootstrap.Tests.dll" adapterTypeName="executor://xunit/VsTestRunner2/netcoreapp" className="CodexBootstrap.Tests.Modules.EnergyModuleApiTests" name="GetContributorEnergy_ShouldReturnBadRequest_WhenUserIdInvalid_WhenImplemented" />
    </UnitTest>
    <UnitTest name="CodexBootstrap.Tests.IdentityTests.GetUserProfile_ShouldReturnUserProfile" storage="/users/ursmuff/source/living-codex-csharp/src/codexbootstrap.tests/bin/debug/net6.0/codexbootstrap.tests.dll" id="19930103-19e2-d6c6-243c-55a9ec794a78">
      <Execution id="2e167ccb-237a-46b5-ac93-9f0c067a38c4" />
      <TestMethod codeBase="/Users/ursmuff/source/Living-Codex-CSharp/src/CodexBootstrap.Tests/bin/Debug/net6.0/CodexBootstrap.Tests.dll" adapterTypeName="executor://xunit/VsTestRunner2/netcoreapp" className="CodexBootstrap.Tests.IdentityTests" name="GetUserProfile_ShouldReturnUserProfile" />
    </UnitTest>
    <UnitTest name="CodexBootstrap.Tests.Modules.FutureKnowledgeModuleTests.ModuleNode_HasCorrectProperties" storage="/users/ursmuff/source/living-codex-csharp/src/codexbootstrap.tests/bin/debug/net6.0/codexbootstrap.tests.dll" id="bba67bf0-0da8-2aa3-67ad-89c48663e058">
      <Execution id="400a1cbd-5bad-4229-b3f6-527e036d26e5" />
      <TestMethod codeBase="/Users/ursmuff/source/Living-Codex-CSharp/src/CodexBootstrap.Tests/bin/Debug/net6.0/CodexBootstrap.Tests.dll" adapterTypeName="executor://xunit/VsTestRunner2/netcoreapp" className="CodexBootstrap.Tests.Modules.FutureKnowledgeModuleTests" name="ModuleNode_HasCorrectProperties" />
    </UnitTest>
    <UnitTest name="CodexBootstrap.Tests.Modules.FutureKnowledgeModuleTests.GetTrendingPatterns_WithImplementation_ReturnsSuccess" storage="/users/ursmuff/source/living-codex-csharp/src/codexbootstrap.tests/bin/debug/net6.0/codexbootstrap.tests.dll" id="779c2e27-af4c-ae6c-e16f-ac2d878c1918">
      <Execution id="930019b8-22ef-4469-b8c3-c04d6032447c" />
      <TestMethod codeBase="/Users/ursmuff/source/Living-Codex-CSharp/src/CodexBootstrap.Tests/bin/Debug/net6.0/CodexBootstrap.Tests.dll" adapterTypeName="executor://xunit/VsTestRunner2/netcoreapp" className="CodexBootstrap.Tests.Modules.FutureKnowledgeModuleTests" name="GetTrendingPatterns_WithImplementation_ReturnsSuccess" />
    </UnitTest>
    <UnitTest name="CodexBootstrap.Tests.Modules.CoreModuleTests.Constructor_ShouldInitializeCorrectly" storage="/users/ursmuff/source/living-codex-csharp/src/codexbootstrap.tests/bin/debug/net6.0/codexbootstrap.tests.dll" id="8e2e70aa-52bc-bb4c-eb25-92a87f9a71ab">
      <Execution id="bd34a57e-46ba-48af-a85b-505088f604e2" />
      <TestMethod codeBase="/Users/ursmuff/source/Living-Codex-CSharp/src/CodexBootstrap.Tests/bin/Debug/net6.0/CodexBootstrap.Tests.dll" adapterTypeName="executor://xunit/VsTestRunner2/netcoreapp" className="CodexBootstrap.Tests.Modules.CoreModuleTests" name="Constructor_ShouldInitializeCorrectly" />
    </UnitTest>
    <UnitTest name="CodexBootstrap.Tests.ApiEndpointTests.UserEndpoints_ShouldBeAccessible" storage="/users/ursmuff/source/living-codex-csharp/src/codexbootstrap.tests/bin/debug/net6.0/codexbootstrap.tests.dll" id="f1e9172e-c439-b721-cfd4-273b562aabf9">
      <Execution id="2d0fedf6-00a7-4c99-b3d3-af5c62f0372a" />
      <TestMethod codeBase="/Users/ursmuff/source/Living-Codex-CSharp/src/CodexBootstrap.Tests/bin/Debug/net6.0/CodexBootstrap.Tests.dll" adapterTypeName="executor://xunit/VsTestRunner2/netcoreapp" className="CodexBootstrap.Tests.ApiEndpointTests" name="UserEndpoints_ShouldBeAccessible" />
    </UnitTest>
    <UnitTest name="CodexBootstrap.Tests.Modules.AIModuleTests.RegisterHttpEndpoints_ShouldNotThrow" storage="/users/ursmuff/source/living-codex-csharp/src/codexbootstrap.tests/bin/debug/net6.0/codexbootstrap.tests.dll" id="65b80104-e391-765d-11f2-1a66e8fb8050">
      <Execution id="108b383f-7789-4cb4-8226-80b529b32bb4" />
      <TestMethod codeBase="/Users/ursmuff/source/Living-Codex-CSharp/src/CodexBootstrap.Tests/bin/Debug/net6.0/CodexBootstrap.Tests.dll" adapterTypeName="executor://xunit/VsTestRunner2/netcoreapp" className="CodexBootstrap.Tests.Modules.AIModuleTests" name="RegisterHttpEndpoints_ShouldNotThrow" />
    </UnitTest>
    <UnitTest name="CodexBootstrap.Tests.Core.NodePersistenceTests.EdgePersistence_IceToIce_ShouldPersistInIceStorage" storage="/users/ursmuff/source/living-codex-csharp/src/codexbootstrap.tests/bin/debug/net6.0/codexbootstrap.tests.dll" id="297dbb1d-563a-4ae2-6e9d-d6d45465095a">
      <Execution id="f2de5392-5d66-49b5-9ca3-61e1ca8d7335" />
      <TestMethod codeBase="/Users/ursmuff/source/Living-Codex-CSharp/src/CodexBootstrap.Tests/bin/Debug/net6.0/CodexBootstrap.Tests.dll" adapterTypeName="executor://xunit/VsTestRunner2/netcoreapp" className="CodexBootstrap.Tests.Core.NodePersistenceTests" name="EdgePersistence_IceToIce_ShouldPersistInIceStorage" />
    </UnitTest>
    <UnitTest name="CodexBootstrap.Tests.Modules.VisualValidationModuleTests.ValidateComponentAgainstSpec_ShouldReturnValidationResult" storage="/users/ursmuff/source/living-codex-csharp/src/codexbootstrap.tests/bin/debug/net6.0/codexbootstrap.tests.dll" id="b95d7986-cd5c-1d27-935d-048129f27e6c">
      <Execution id="c47dab19-146b-421f-894f-00fcdb584554" />
      <TestMethod codeBase="/Users/ursmuff/source/Living-Codex-CSharp/src/CodexBootstrap.Tests/bin/Debug/net6.0/CodexBootstrap.Tests.dll" adapterTypeName="executor://xunit/VsTestRunner2/netcoreapp" className="CodexBootstrap.Tests.Modules.VisualValidationModuleTests" name="ValidateComponentAgainstSpec_ShouldReturnValidationResult" />
    </UnitTest>
    <UnitTest name="CodexBootstrap.Tests.ApiEndpointTests.Root_ShouldReturnResponse" storage="/users/ursmuff/source/living-codex-csharp/src/codexbootstrap.tests/bin/debug/net6.0/codexbootstrap.tests.dll" id="0c97d759-0190-10c2-9a46-6ea0e0639ab1">
      <Execution id="44b36c5b-c6e8-4663-95f2-56600b450328" />
      <TestMethod codeBase="/Users/ursmuff/source/Living-Codex-CSharp/src/CodexBootstrap.Tests/bin/Debug/net6.0/CodexBootstrap.Tests.dll" adapterTypeName="executor://xunit/VsTestRunner2/netcoreapp" className="CodexBootstrap.Tests.ApiEndpointTests" name="Root_ShouldReturnResponse" />
    </UnitTest>
    <UnitTest name="CodexBootstrap.Tests.SimpleIntegrationTests.RootEndpoint_ShouldRespond" storage="/users/ursmuff/source/living-codex-csharp/src/codexbootstrap.tests/bin/debug/net6.0/codexbootstrap.tests.dll" id="e9843f28-60bb-39a2-a561-28fdfd88f317">
      <Execution id="b4b02b74-e9f1-4dcb-b0bc-e447d8dff24b" />
      <TestMethod codeBase="/Users/ursmuff/source/Living-Codex-CSharp/src/CodexBootstrap.Tests/bin/Debug/net6.0/CodexBootstrap.Tests.dll" adapterTypeName="executor://xunit/VsTestRunner2/netcoreapp" className="CodexBootstrap.Tests.SimpleIntegrationTests" name="RootEndpoint_ShouldRespond" />
    </UnitTest>
    <UnitTest name="CodexBootstrap.Tests.Core.NodePersistenceTests.NodeStateTransition_Ice_ShouldPersistInIceStorage" storage="/users/ursmuff/source/living-codex-csharp/src/codexbootstrap.tests/bin/debug/net6.0/codexbootstrap.tests.dll" id="ef5b8d9e-795c-054a-92ba-fd2f4509fbbb">
      <Execution id="1e04646c-74e4-4e1c-b4e3-0207258de2ee" />
      <TestMethod codeBase="/Users/ursmuff/source/Living-Codex-CSharp/src/CodexBootstrap.Tests/bin/Debug/net6.0/CodexBootstrap.Tests.dll" adapterTypeName="executor://xunit/VsTestRunner2/netcoreapp" className="CodexBootstrap.Tests.Core.NodePersistenceTests" name="NodeStateTransition_Ice_ShouldPersistInIceStorage" />
    </UnitTest>
    <UnitTest name="CodexBootstrap.Tests.Modules.NewsModuleApiTests.GetRelatedNews_ShouldReturnNotFound_WhenNewsItemNotFound" storage="/users/ursmuff/source/living-codex-csharp/src/codexbootstrap.tests/bin/debug/net6.0/codexbootstrap.tests.dll" id="0500d70f-e850-de9a-7eba-8164c3b2fd99">
      <Execution id="a5728edc-4242-44d5-b2fb-92a0802f74f6" />
      <TestMethod codeBase="/Users/ursmuff/source/Living-Codex-CSharp/src/CodexBootstrap.Tests/bin/Debug/net6.0/CodexBootstrap.Tests.dll" adapterTypeName="executor://xunit/VsTestRunner2/netcoreapp" className="CodexBootstrap.Tests.Modules.NewsModuleApiTests" name="GetRelatedNews_ShouldReturnNotFound_WhenNewsItemNotFound" />
    </UnitTest>
    <UnitTest name="CodexBootstrap.Tests.Modules.NewsModuleApiTests.GetTrendingTopics_ShouldAcceptLimitParameter" storage="/users/ursmuff/source/living-codex-csharp/src/codexbootstrap.tests/bin/debug/net6.0/codexbootstrap.tests.dll" id="d369dd01-3a76-1028-9769-257b2738d39c">
      <Execution id="9e68b8bd-61af-4c71-a110-04b33053439c" />
      <TestMethod codeBase="/Users/ursmuff/source/Living-Codex-CSharp/src/CodexBootstrap.Tests/bin/Debug/net6.0/CodexBootstrap.Tests.dll" adapterTypeName="executor://xunit/VsTestRunner2/netcoreapp" className="CodexBootstrap.Tests.Modules.NewsModuleApiTests" name="GetTrendingTopics_ShouldAcceptLimitParameter" />
    </UnitTest>
    <UnitTest name="CodexBootstrap.Tests.Modules.CoreModuleTests.RegisterHttpEndpoints_ShouldNotThrow" storage="/users/ursmuff/source/living-codex-csharp/src/codexbootstrap.tests/bin/debug/net6.0/codexbootstrap.tests.dll" id="65b592a1-b0ad-ad07-be7a-ec8928e7c9ae">
      <Execution id="4f8b2631-827c-41b8-b19e-442d70d95cda" />
      <TestMethod codeBase="/Users/ursmuff/source/Living-Codex-CSharp/src/CodexBootstrap.Tests/bin/Debug/net6.0/CodexBootstrap.Tests.dll" adapterTypeName="executor://xunit/VsTestRunner2/netcoreapp" className="CodexBootstrap.Tests.Modules.CoreModuleTests" name="RegisterHttpEndpoints_ShouldNotThrow" />
    </UnitTest>
    <UnitTest name="CodexBootstrap.Tests.Modules.NoMockDataRegressionTests.Health_SystemStatus_DoesNotMentionMockOrSimulation" storage="/users/ursmuff/source/living-codex-csharp/src/codexbootstrap.tests/bin/debug/net6.0/codexbootstrap.tests.dll" id="ca6abf66-bfa7-ba9c-4a7c-c7bb3f9e50f3">
      <Execution id="01e645ce-b71d-4ead-8ad7-3f4e70f76c5e" />
      <TestMethod codeBase="/Users/ursmuff/source/Living-Codex-CSharp/src/CodexBootstrap.Tests/bin/Debug/net6.0/CodexBootstrap.Tests.dll" adapterTypeName="executor://xunit/VsTestRunner2/netcoreapp" className="CodexBootstrap.Tests.Modules.NoMockDataRegressionTests" name="Health_SystemStatus_DoesNotMentionMockOrSimulation" />
    </UnitTest>
    <UnitTest name="CodexBootstrap.Tests.Modules.NoMockDataRegressionTests.FutureKnowledge_RetrieveFutureKnowledge_WithRealImplementation_ReturnsSuccess" storage="/users/ursmuff/source/living-codex-csharp/src/codexbootstrap.tests/bin/debug/net6.0/codexbootstrap.tests.dll" id="7e413d25-15e9-ae82-c3ad-0fea9e290606">
      <Execution id="c3740ba5-482f-4f7e-96a7-f8475d91cd61" />
      <TestMethod codeBase="/Users/ursmuff/source/Living-Codex-CSharp/src/CodexBootstrap.Tests/bin/Debug/net6.0/CodexBootstrap.Tests.dll" adapterTypeName="executor://xunit/VsTestRunner2/netcoreapp" className="CodexBootstrap.Tests.Modules.NoMockDataRegressionTests" name="FutureKnowledge_RetrieveFutureKnowledge_WithRealImplementation_ReturnsSuccess" />
    </UnitTest>
    <UnitTest name="CodexBootstrap.Tests.Modules.IdentityModuleApiTests.Authenticate_ShouldReturnUnauthorized_WhenInvalidCredentials" storage="/users/ursmuff/source/living-codex-csharp/src/codexbootstrap.tests/bin/debug/net6.0/codexbootstrap.tests.dll" id="699de456-4b30-e20b-d29b-f9997d34c156">
      <Execution id="9bb905e3-c499-4d76-8d9c-ae14593d741e" />
      <TestMethod codeBase="/Users/ursmuff/source/Living-Codex-CSharp/src/CodexBootstrap.Tests/bin/Debug/net6.0/CodexBootstrap.Tests.dll" adapterTypeName="executor://xunit/VsTestRunner2/netcoreapp" className="CodexBootstrap.Tests.Modules.IdentityModuleApiTests" name="Authenticate_ShouldReturnUnauthorized_WhenInvalidCredentials" />
    </UnitTest>
    <UnitTest name="CodexBootstrap.Tests.Modules.ConceptModuleApiTests.CreateConceptLegacy_ShouldReturnSuccess_WhenValidRequest" storage="/users/ursmuff/source/living-codex-csharp/src/codexbootstrap.tests/bin/debug/net6.0/codexbootstrap.tests.dll" id="9703efcc-6a13-36f7-cf46-5b1fef7db5be">
      <Execution id="cd61efe2-3dd7-4928-8aa3-91b0f5b842c2" />
      <TestMethod codeBase="/Users/ursmuff/source/Living-Codex-CSharp/src/CodexBootstrap.Tests/bin/Debug/net6.0/CodexBootstrap.Tests.dll" adapterTypeName="executor://xunit/VsTestRunner2/netcoreapp" className="CodexBootstrap.Tests.Modules.ConceptModuleApiTests" name="CreateConceptLegacy_ShouldReturnSuccess_WhenValidRequest" />
    </UnitTest>
    <UnitTest name="CodexBootstrap.Tests.NewsSourceTests.NewsSourceTypes_Should_BeValid" storage="/users/ursmuff/source/living-codex-csharp/src/codexbootstrap.tests/bin/debug/net6.0/codexbootstrap.tests.dll" id="223d2f32-df21-1170-abbc-18413ef59c92">
      <Execution id="b43ec68f-bbcc-46b4-9b29-7be709996168" />
      <TestMethod codeBase="/Users/ursmuff/source/Living-Codex-CSharp/src/CodexBootstrap.Tests/bin/Debug/net6.0/CodexBootstrap.Tests.dll" adapterTypeName="executor://xunit/VsTestRunner2/netcoreapp" className="CodexBootstrap.Tests.NewsSourceTests" name="NewsSourceTypes_Should_BeValid" />
    </UnitTest>
    <UnitTest name="CodexBootstrap.Tests.Modules.NoMockDataRegressionTests.ModuleEndpoints_WithInvalidData_ReturnCleanErrors(endpoint: &quot;/threads/create&quot;)" storage="/users/ursmuff/source/living-codex-csharp/src/codexbootstrap.tests/bin/debug/net6.0/codexbootstrap.tests.dll" id="e8d4d606-490f-c18b-b9f2-d71b9249e382">
      <Execution id="27422a55-70e4-441e-8aaa-e02287a23c16" />
      <TestMethod codeBase="/Users/ursmuff/source/Living-Codex-CSharp/src/CodexBootstrap.Tests/bin/Debug/net6.0/CodexBootstrap.Tests.dll" adapterTypeName="executor://xunit/VsTestRunner2/netcoreapp" className="CodexBootstrap.Tests.Modules.NoMockDataRegressionTests" name="ModuleEndpoints_WithInvalidData_ReturnCleanErrors" />
    </UnitTest>
    <UnitTest name="CodexBootstrap.Tests.Modules.FileSystemModuleTests.UpdateFileContent_WithValidRequest_UpdatesFileAndNode" storage="/users/ursmuff/source/living-codex-csharp/src/codexbootstrap.tests/bin/debug/net6.0/codexbootstrap.tests.dll" id="8526b0ec-4803-dd78-6467-133c6f30ed12">
      <Execution id="22f987f6-5e86-4d15-8fd7-bf2cca42c837" />
      <TestMethod codeBase="/Users/ursmuff/source/Living-Codex-CSharp/src/CodexBootstrap.Tests/bin/Debug/net6.0/CodexBootstrap.Tests.dll" adapterTypeName="executor://xunit/VsTestRunner2/netcoreapp" className="CodexBootstrap.Tests.Modules.FileSystemModuleTests" name="UpdateFileContent_WithValidRequest_UpdatesFileAndNode" />
    </UnitTest>
    <UnitTest name="CodexBootstrap.Tests.Core.NodePersistenceTests.StressTest_ManyNodesAndEdges_ShouldMaintainPerformance" storage="/users/ursmuff/source/living-codex-csharp/src/codexbootstrap.tests/bin/debug/net6.0/codexbootstrap.tests.dll" id="30c37470-8d6f-a7b2-7507-7a508b6368f0">
      <Execution id="1b6f82d2-81b3-49f4-b5ad-d1207986d762" />
      <TestMethod codeBase="/Users/ursmuff/source/Living-Codex-CSharp/src/CodexBootstrap.Tests/bin/Debug/net6.0/CodexBootstrap.Tests.dll" adapterTypeName="executor://xunit/VsTestRunner2/netcoreapp" className="CodexBootstrap.Tests.Core.NodePersistenceTests" name="StressTest_ManyNodesAndEdges_ShouldMaintainPerformance" />
    </UnitTest>
    <UnitTest name="CodexBootstrap.Tests.Modules.CoreModuleTests.GetModuleNode_ShouldReturnModuleNode" storage="/users/ursmuff/source/living-codex-csharp/src/codexbootstrap.tests/bin/debug/net6.0/codexbootstrap.tests.dll" id="7a9984de-d3ac-18cd-d3c6-06e7c8272524">
      <Execution id="300d97f0-114d-4f2a-ac33-0b6501e06093" />
      <TestMethod codeBase="/Users/ursmuff/source/Living-Codex-CSharp/src/CodexBootstrap.Tests/bin/Debug/net6.0/CodexBootstrap.Tests.dll" adapterTypeName="executor://xunit/VsTestRunner2/netcoreapp" className="CodexBootstrap.Tests.Modules.CoreModuleTests" name="GetModuleNode_ShouldReturnModuleNode" />
    </UnitTest>
    <UnitTest name="CodexBootstrap.Tests.ApiEndpointTests.Modules_ShouldReturnModuleList" storage="/users/ursmuff/source/living-codex-csharp/src/codexbootstrap.tests/bin/debug/net6.0/codexbootstrap.tests.dll" id="079febbc-fefa-997d-a518-2bb9b896a10f">
      <Execution id="14534511-977f-4090-991a-f2c727b55b67" />
      <TestMethod codeBase="/Users/ursmuff/source/Living-Codex-CSharp/src/CodexBootstrap.Tests/bin/Debug/net6.0/CodexBootstrap.Tests.dll" adapterTypeName="executor://xunit/VsTestRunner2/netcoreapp" className="CodexBootstrap.Tests.ApiEndpointTests" name="Modules_ShouldReturnModuleList" />
    </UnitTest>
    <UnitTest name="CodexBootstrap.Tests.Modules.GalleryModuleTests.CreateGalleryItem_WithValidData_CreatesSuccessfully" storage="/users/ursmuff/source/living-codex-csharp/src/codexbootstrap.tests/bin/debug/net6.0/codexbootstrap.tests.dll" id="fac53d0a-a8d0-7e01-0000-597c45ffcfe4">
      <Execution id="b46d65e5-4be1-47d9-877b-510bdfce4399" />
      <TestMethod codeBase="/Users/ursmuff/source/Living-Codex-CSharp/src/CodexBootstrap.Tests/bin/Debug/net6.0/CodexBootstrap.Tests.dll" adapterTypeName="executor://xunit/VsTestRunner2/netcoreapp" className="CodexBootstrap.Tests.Modules.GalleryModuleTests" name="CreateGalleryItem_WithValidData_CreatesSuccessfully" />
    </UnitTest>
    <UnitTest name="CodexBootstrap.Tests.Modules.NewsModuleApiTests.MarkNewsAsRead_ShouldReturnSuccess_WhenCalled" storage="/users/ursmuff/source/living-codex-csharp/src/codexbootstrap.tests/bin/debug/net6.0/codexbootstrap.tests.dll" id="5c474062-002c-63b6-812f-52223136dd77">
      <Execution id="d5fe1aee-84af-4c9e-9461-89d5c3f957a7" />
      <TestMethod codeBase="/Users/ursmuff/source/Living-Codex-CSharp/src/CodexBootstrap.Tests/bin/Debug/net6.0/CodexBootstrap.Tests.dll" adapterTypeName="executor://xunit/VsTestRunner2/netcoreapp" className="CodexBootstrap.Tests.Modules.NewsModuleApiTests" name="MarkNewsAsRead_ShouldReturnSuccess_WhenCalled" />
    </UnitTest>
    <UnitTest name="CodexBootstrap.Tests.Modules.EnergyModuleApiTests.RecordContribution_ShouldReturnSuccess_WhenImplemented" storage="/users/ursmuff/source/living-codex-csharp/src/codexbootstrap.tests/bin/debug/net6.0/codexbootstrap.tests.dll" id="2577ff6c-ab5b-df66-2d86-248c489cf166">
      <Execution id="284596fa-ef43-4534-abca-f023d67e7a2c" />
      <TestMethod codeBase="/Users/ursmuff/source/Living-Codex-CSharp/src/CodexBootstrap.Tests/bin/Debug/net6.0/CodexBootstrap.Tests.dll" adapterTypeName="executor://xunit/VsTestRunner2/netcoreapp" className="CodexBootstrap.Tests.Modules.EnergyModuleApiTests" name="RecordContribution_ShouldReturnSuccess_WhenImplemented" />
    </UnitTest>
    <UnitTest name="CodexBootstrap.Tests.Integration.ApiIntegrationTests.SwaggerEndpoint_ShouldReturnSwaggerDocumentation" storage="/users/ursmuff/source/living-codex-csharp/src/codexbootstrap.tests/bin/debug/net6.0/codexbootstrap.tests.dll" id="441903f8-b742-d387-3227-bca90d5fdf20">
      <Execution id="921a88ae-06c1-49fa-ac6b-9e7bf3926ccd" />
      <TestMethod codeBase="/Users/ursmuff/source/Living-Codex-CSharp/src/CodexBootstrap.Tests/bin/Debug/net6.0/CodexBootstrap.Tests.dll" adapterTypeName="executor://xunit/VsTestRunner2/netcoreapp" className="CodexBootstrap.Tests.Integration.ApiIntegrationTests" name="SwaggerEndpoint_ShouldReturnSwaggerDocumentation" />
    </UnitTest>
    <UnitTest name="CodexBootstrap.Tests.ApiIntegrationTests.Modules_ShouldBeAvailable" storage="/users/ursmuff/source/living-codex-csharp/src/codexbootstrap.tests/bin/debug/net6.0/codexbootstrap.tests.dll" id="5f315f1e-d6f1-03f6-3f34-8b951770fd4b">
      <Execution id="df7df165-4f21-48e8-9319-b83d3101a1ae" />
      <TestMethod codeBase="/Users/ursmuff/source/Living-Codex-CSharp/src/CodexBootstrap.Tests/bin/Debug/net6.0/CodexBootstrap.Tests.dll" adapterTypeName="executor://xunit/VsTestRunner2/netcoreapp" className="CodexBootstrap.Tests.ApiIntegrationTests" name="Modules_ShouldBeAvailable" />
    </UnitTest>
    <UnitTest name="CodexBootstrap.Tests.UCoreOntologyTests.UCoreInitializer_Should_LoadRelationshipTypes" storage="/users/ursmuff/source/living-codex-csharp/src/codexbootstrap.tests/bin/debug/net6.0/codexbootstrap.tests.dll" id="1166eab5-8ec3-1343-8265-62eea03d0889">
      <Execution id="946b4815-bbf5-4dbe-96a1-bbd8696b2e11" />
      <TestMethod codeBase="/Users/ursmuff/source/Living-Codex-CSharp/src/CodexBootstrap.Tests/bin/Debug/net6.0/CodexBootstrap.Tests.dll" adapterTypeName="executor://xunit/VsTestRunner2/netcoreapp" className="CodexBootstrap.Tests.UCoreOntologyTests" name="UCoreInitializer_Should_LoadRelationshipTypes" />
    </UnitTest>
    <UnitTest name="CodexBootstrap.Tests.Core.NodePersistenceTests.EdgePersistence_MixedStates_ShouldBeGas" storage="/users/ursmuff/source/living-codex-csharp/src/codexbootstrap.tests/bin/debug/net6.0/codexbootstrap.tests.dll" id="f7b0b764-6d52-78e1-ce67-39dccd32fc90">
      <Execution id="772670a2-a181-4921-966d-2c41a74f6dc8" />
      <TestMethod codeBase="/Users/ursmuff/source/Living-Codex-CSharp/src/CodexBootstrap.Tests/bin/Debug/net6.0/CodexBootstrap.Tests.dll" adapterTypeName="executor://xunit/VsTestRunner2/netcoreapp" className="CodexBootstrap.Tests.Core.NodePersistenceTests" name="EdgePersistence_MixedStates_ShouldBeGas" />
    </UnitTest>
    <UnitTest name="CodexBootstrap.Tests.PortConfigurationTests.Swagger_ShouldBeAvailableOnPort" storage="/users/ursmuff/source/living-codex-csharp/src/codexbootstrap.tests/bin/debug/net6.0/codexbootstrap.tests.dll" id="4d5b8656-5c24-f46d-b781-bdd5173b1d4a">
      <Execution id="ec027688-a523-43dc-86a4-3684136b2df6" />
      <TestMethod codeBase="/Users/ursmuff/source/Living-Codex-CSharp/src/CodexBootstrap.Tests/bin/Debug/net6.0/CodexBootstrap.Tests.dll" adapterTypeName="executor://xunit/VsTestRunner2/netcoreapp" className="CodexBootstrap.Tests.PortConfigurationTests" name="Swagger_ShouldBeAvailableOnPort" />
    </UnitTest>
    <UnitTest name="CodexBootstrap.Tests.ApiIntegrationTests.Swagger_ShouldBeAvailable" storage="/users/ursmuff/source/living-codex-csharp/src/codexbootstrap.tests/bin/debug/net6.0/codexbootstrap.tests.dll" id="6d4dda94-e519-5838-44e2-8dc3d94e25ab">
      <Execution id="866f474f-6741-475f-9233-118a0a9c9022" />
      <TestMethod codeBase="/Users/ursmuff/source/Living-Codex-CSharp/src/CodexBootstrap.Tests/bin/Debug/net6.0/CodexBootstrap.Tests.dll" adapterTypeName="executor://xunit/VsTestRunner2/netcoreapp" className="CodexBootstrap.Tests.ApiIntegrationTests" name="Swagger_ShouldBeAvailable" />
    </UnitTest>
    <UnitTest name="CodexBootstrap.Tests.Modules.VisualValidationModuleTests.RenderComponentToImage_ShouldStoreNodeAndReturnSuccess" storage="/users/ursmuff/source/living-codex-csharp/src/codexbootstrap.tests/bin/debug/net6.0/codexbootstrap.tests.dll" id="acc7a2a6-5b6f-24ca-1251-941601005cf3">
      <Execution id="b93c394b-37bf-4c0e-8b45-904e170af835" />
      <TestMethod codeBase="/Users/ursmuff/source/Living-Codex-CSharp/src/CodexBootstrap.Tests/bin/Debug/net6.0/CodexBootstrap.Tests.dll" adapterTypeName="executor://xunit/VsTestRunner2/netcoreapp" className="CodexBootstrap.Tests.Modules.VisualValidationModuleTests" name="RenderComponentToImage_ShouldStoreNodeAndReturnSuccess" />
    </UnitTest>
    <UnitTest name="CodexBootstrap.Tests.IdentityTests.IdentityProviders_ShouldReturnAvailableProviders" storage="/users/ursmuff/source/living-codex-csharp/src/codexbootstrap.tests/bin/debug/net6.0/codexbootstrap.tests.dll" id="65339b3c-9de7-638f-f604-692a2aef89ff">
      <Execution id="4c75f3c6-edae-44b2-80c3-cf95a22300e1" />
      <TestMethod codeBase="/Users/ursmuff/source/Living-Codex-CSharp/src/CodexBootstrap.Tests/bin/Debug/net6.0/CodexBootstrap.Tests.dll" adapterTypeName="executor://xunit/VsTestRunner2/netcoreapp" className="CodexBootstrap.Tests.IdentityTests" name="IdentityProviders_ShouldReturnAvailableProviders" />
    </UnitTest>
    <UnitTest name="CodexBootstrap.Tests.Modules.UXPrimitivesModuleTests.GenerateReflection_WithNonExistentContent_ReturnsError" storage="/users/ursmuff/source/living-codex-csharp/src/codexbootstrap.tests/bin/debug/net6.0/codexbootstrap.tests.dll" id="b55e377f-0118-4ced-cfa6-b015b03a53b0">
      <Execution id="8e6d41e4-aae2-4450-8195-ceb7d1d2e516" />
      <TestMethod codeBase="/Users/ursmuff/source/Living-Codex-CSharp/src/CodexBootstrap.Tests/bin/Debug/net6.0/CodexBootstrap.Tests.dll" adapterTypeName="executor://xunit/VsTestRunner2/netcoreapp" className="CodexBootstrap.Tests.Modules.UXPrimitivesModuleTests" name="GenerateReflection_WithNonExistentContent_ReturnsError" />
    </UnitTest>
    <UnitTest name="CodexBootstrap.Tests.NewsSourceTests.NewsSourcesConfig_Should_LoadAllSources" storage="/users/ursmuff/source/living-codex-csharp/src/codexbootstrap.tests/bin/debug/net6.0/codexbootstrap.tests.dll" id="1f3199f3-f842-d0f8-2cf4-0c685e5c5cf9">
      <Execution id="b40e7fa9-6022-43e1-860c-5e3e2e2ffdee" />
      <TestMethod codeBase="/Users/ursmuff/source/Living-Codex-CSharp/src/CodexBootstrap.Tests/bin/Debug/net6.0/CodexBootstrap.Tests.dll" adapterTypeName="executor://xunit/VsTestRunner2/netcoreapp" className="CodexBootstrap.Tests.NewsSourceTests" name="NewsSourcesConfig_Should_LoadAllSources" />
    </UnitTest>
  </TestDefinitions>
  <TestEntries>
    <TestEntry testId="65b592a1-b0ad-ad07-be7a-ec8928e7c9ae" executionId="4f8b2631-827c-41b8-b19e-442d70d95cda" testListId="8c84fa94-04c1-424b-9868-57a2d4851a1d" />
    <TestEntry testId="c7664158-decd-1ae9-8bcf-1591fb563b34" executionId="970f04e8-b648-4b82-b1eb-12b74f152b4f" testListId="8c84fa94-04c1-424b-9868-57a2d4851a1d" />
    <TestEntry testId="bea25778-24d9-fe1b-fa56-cac425810a84" executionId="852c52b3-b1fe-4187-8458-8342212943f3" testListId="8c84fa94-04c1-424b-9868-57a2d4851a1d" />
    <TestEntry testId="950d7da6-55b8-4b89-a3fb-a58cb4462695" executionId="59fe2fc6-e1c4-4e4f-a4f0-cf3e1dcc4fa3" testListId="8c84fa94-04c1-424b-9868-57a2d4851a1d" />
    <TestEntry testId="b99ace35-33d5-7d18-6ea4-38a87a6c5135" executionId="7e983dd9-5c7b-4292-8037-57a1600eba7e" testListId="8c84fa94-04c1-424b-9868-57a2d4851a1d" />
    <TestEntry testId="9278bdb8-7599-f5f4-b1ea-3e31a3ba566f" executionId="dbe536dc-c470-45dd-909c-5e4d36a2df4c" testListId="8c84fa94-04c1-424b-9868-57a2d4851a1d" />
    <TestEntry testId="bba67bf0-0da8-2aa3-67ad-89c48663e058" executionId="400a1cbd-5bad-4229-b3f6-527e036d26e5" testListId="8c84fa94-04c1-424b-9868-57a2d4851a1d" />
    <TestEntry testId="65088179-bb39-a045-1fcc-d40375d536ba" executionId="2db5530c-876e-4904-9e70-98063e1f2834" testListId="8c84fa94-04c1-424b-9868-57a2d4851a1d" />
    <TestEntry testId="b95d7986-cd5c-1d27-935d-048129f27e6c" executionId="c47dab19-146b-421f-894f-00fcdb584554" testListId="8c84fa94-04c1-424b-9868-57a2d4851a1d" />
    <TestEntry testId="b3191fce-24b5-6614-db34-5b0f72b496c2" executionId="a39eb36b-7bca-43d8-9f4c-9f55d45f045a" testListId="8c84fa94-04c1-424b-9868-57a2d4851a1d" />
    <TestEntry testId="2b98f1ad-9067-5d96-8cc7-a0590be4d644" executionId="17916599-0edf-44ed-9b89-039074314877" testListId="8c84fa94-04c1-424b-9868-57a2d4851a1d" />
    <TestEntry testId="93e90a79-2955-16ca-0032-f17795f74b9e" executionId="8fbd0220-b37b-4c23-ad80-fd1f4b77267a" testListId="8c84fa94-04c1-424b-9868-57a2d4851a1d" />
    <TestEntry testId="82972118-4ab6-5c8e-198a-344b25ea05c2" executionId="d22941e4-a61b-460c-9e1f-5d328d6cd2cb" testListId="8c84fa94-04c1-424b-9868-57a2d4851a1d" />
    <TestEntry testId="f2016284-bdfc-f7ad-0e9e-b1b0fe7c0d74" executionId="00e8e4c6-4f3e-421e-88a9-81d710094f71" testListId="8c84fa94-04c1-424b-9868-57a2d4851a1d" />
    <TestEntry testId="0f0bfda1-cada-6668-e50b-f263755ddcfa" executionId="ad599522-5129-4f80-9f7d-7e2be3fe9838" testListId="8c84fa94-04c1-424b-9868-57a2d4851a1d" />
    <TestEntry testId="1f3199f3-f842-d0f8-2cf4-0c685e5c5cf9" executionId="b40e7fa9-6022-43e1-860c-5e3e2e2ffdee" testListId="8c84fa94-04c1-424b-9868-57a2d4851a1d" />
    <TestEntry testId="0f0b59f9-3161-1d3d-fc85-4e0ab616dec1" executionId="50365235-064f-4cca-8da3-ad0256649761" testListId="8c84fa94-04c1-424b-9868-57a2d4851a1d" />
    <TestEntry testId="075a023e-ceab-b914-c2b0-73dc9a4930e6" executionId="60f4491b-b12a-44fc-94a7-9a7882b58ab4" testListId="8c84fa94-04c1-424b-9868-57a2d4851a1d" />
    <TestEntry testId="9703efcc-6a13-36f7-cf46-5b1fef7db5be" executionId="cd61efe2-3dd7-4928-8aa3-91b0f5b842c2" testListId="8c84fa94-04c1-424b-9868-57a2d4851a1d" />
    <TestEntry testId="7873e7fc-d46d-3fb0-064c-39886ac6bd92" executionId="b42ee58b-9b67-482c-9452-a5d8ece2e5bf" testListId="8c84fa94-04c1-424b-9868-57a2d4851a1d" />
    <TestEntry testId="ce4786bd-8689-0f1b-0de8-7d35fef968cd" executionId="45b6bab1-4e1b-4c2e-a409-4839c7566da5" testListId="8c84fa94-04c1-424b-9868-57a2d4851a1d" />
    <TestEntry testId="335af7d3-af17-2a3e-11a6-c40d770283f6" executionId="55724b1b-9e77-4e80-a368-520239687365" testListId="8c84fa94-04c1-424b-9868-57a2d4851a1d" />
    <TestEntry testId="fb0dc501-3b66-e027-61aa-7077b3c509b2" executionId="1c239b41-ed81-4d69-bba1-a46a1007487f" testListId="8c84fa94-04c1-424b-9868-57a2d4851a1d" />
    <TestEntry testId="90f3a3ce-3ea2-b8ab-e15a-d9c7a7f4a063" executionId="d3c7aad9-f8d4-4584-abd7-715b68a9fac9" testListId="8c84fa94-04c1-424b-9868-57a2d4851a1d" />
    <TestEntry testId="e7b9a5d9-b357-ccab-0080-bfd9de9e4252" executionId="5308d777-bb31-42ff-a09a-c3d405db35e2" testListId="8c84fa94-04c1-424b-9868-57a2d4851a1d" />
    <TestEntry testId="8256c5d2-edc2-214d-dcf5-e682bf42598b" executionId="c9358fb5-1a3e-49d1-aa58-1ac3a1701453" testListId="8c84fa94-04c1-424b-9868-57a2d4851a1d" />
    <TestEntry testId="c901140a-8e9f-da3b-f7f8-502ef77600a4" executionId="8ccd6d3b-ff97-4317-9ec4-05f19a829553" testListId="8c84fa94-04c1-424b-9868-57a2d4851a1d" />
    <TestEntry testId="0f184395-31a3-e4ac-1551-a332544da800" executionId="9708de57-7191-49d2-b3f7-2cbca75173dd" testListId="8c84fa94-04c1-424b-9868-57a2d4851a1d" />
    <TestEntry testId="1c07a485-c5ef-f8ee-f55f-68f9eb497dae" executionId="ba9d68f4-5c80-4fc5-91ba-ca0ce155ef5f" testListId="8c84fa94-04c1-424b-9868-57a2d4851a1d" />
    <TestEntry testId="382f02cf-38c0-12b1-98d8-ae75885865e3" executionId="57ce5f63-477c-4535-ab35-70b03d9a2aec" testListId="8c84fa94-04c1-424b-9868-57a2d4851a1d" />
    <TestEntry testId="69414ab0-4cf7-f312-3c05-6a9aa0f642b2" executionId="6848a7db-3f73-4742-a7fd-cc165bba14b8" testListId="8c84fa94-04c1-424b-9868-57a2d4851a1d" />
    <TestEntry testId="e8d4d606-490f-c18b-b9f2-d71b9249e382" executionId="27422a55-70e4-441e-8aaa-e02287a23c16" testListId="8c84fa94-04c1-424b-9868-57a2d4851a1d" />
    <TestEntry testId="3ca8c1be-9224-8a17-a7fa-c377dada5726" executionId="67303617-bfdd-4acf-b820-5c60b1735e5b" testListId="8c84fa94-04c1-424b-9868-57a2d4851a1d" />
    <TestEntry testId="aceb456b-29fd-0aae-6a6f-60147dd6581b" executionId="99ea9447-29d5-4f77-b776-84cf2202a6c7" testListId="8c84fa94-04c1-424b-9868-57a2d4851a1d" />
    <TestEntry testId="2577ff6c-ab5b-df66-2d86-248c489cf166" executionId="284596fa-ef43-4534-abca-f023d67e7a2c" testListId="8c84fa94-04c1-424b-9868-57a2d4851a1d" />
    <TestEntry testId="7119bdd5-175e-ef34-2080-2f86d1730b51" executionId="510f73c6-50c6-4141-8276-997079f1a0f1" testListId="8c84fa94-04c1-424b-9868-57a2d4851a1d" />
    <TestEntry testId="48f0b978-87f3-597c-b969-584d8c7f342b" executionId="33f2796b-fa3c-4cf5-baed-09510d0d84c7" testListId="8c84fa94-04c1-424b-9868-57a2d4851a1d" />
    <TestEntry testId="bb61d7e3-a613-b2b8-0303-181e7a73d65b" executionId="dfe8f446-a460-40f5-b0f6-b10bac6c7ca3" testListId="8c84fa94-04c1-424b-9868-57a2d4851a1d" />
    <TestEntry testId="b8e86a2f-674f-f277-a8e3-1c4f7274634d" executionId="2af1c8dc-22a2-4f5b-8b8d-5d368de49269" testListId="8c84fa94-04c1-424b-9868-57a2d4851a1d" />
    <TestEntry testId="17c4bd2f-c5b7-cf83-b33d-828d0fc854b8" executionId="99a4e509-1839-4e19-9273-b54c89911499" testListId="8c84fa94-04c1-424b-9868-57a2d4851a1d" />
    <TestEntry testId="d42ce1cc-fe07-766d-01d9-4d3235eb06da" executionId="f00a1095-e0b8-427f-8b26-7fad2de3142d" testListId="8c84fa94-04c1-424b-9868-57a2d4851a1d" />
    <TestEntry testId="b16e5439-5de2-497d-5713-ea1d44c4819a" executionId="b0c9244b-0afe-474a-8156-9a6f858e3057" testListId="8c84fa94-04c1-424b-9868-57a2d4851a1d" />
    <TestEntry testId="2b5053f9-f02a-344a-cea0-eb8a5823c6c3" executionId="a57c4c36-38da-45ec-ad63-94cab7962918" testListId="8c84fa94-04c1-424b-9868-57a2d4851a1d" />
    <TestEntry testId="9f121c41-56cf-362b-92e5-cf6e1918417e" executionId="6d5ab80e-3dac-4888-b56e-8712c51ff25a" testListId="8c84fa94-04c1-424b-9868-57a2d4851a1d" />
    <TestEntry testId="19691bde-a850-be64-1937-e776a14dda46" executionId="6dc652c0-3aed-470b-adb3-1ed09ceaef31" testListId="8c84fa94-04c1-424b-9868-57a2d4851a1d" />
    <TestEntry testId="9398df0f-b7e2-21ef-6751-b96144b08a9b" executionId="4f55afe1-c8bd-423d-8786-57b15c957e3e" testListId="8c84fa94-04c1-424b-9868-57a2d4851a1d" />
    <TestEntry testId="8825c2ca-e48a-f1b9-4ae4-5d782ac55816" executionId="5f938851-daa4-4650-9acf-fcf8c6f4ec5b" testListId="8c84fa94-04c1-424b-9868-57a2d4851a1d" />
    <TestEntry testId="be0201d4-f64f-23ff-9843-409cbb744734" executionId="f3982719-a823-4450-8588-78705d62e629" testListId="8c84fa94-04c1-424b-9868-57a2d4851a1d" />
    <TestEntry testId="7e413d25-15e9-ae82-c3ad-0fea9e290606" executionId="c3740ba5-482f-4f7e-96a7-f8475d91cd61" testListId="8c84fa94-04c1-424b-9868-57a2d4851a1d" />
    <TestEntry testId="d34512b0-24c2-85cf-1218-fa33c4d381bf" executionId="ebf71f17-22fc-40b0-af75-c3a6a043704a" testListId="8c84fa94-04c1-424b-9868-57a2d4851a1d" />
    <TestEntry testId="71f08f4d-d319-720b-3b50-8197a3660ed2" executionId="b63a0a32-1552-4651-9b03-fadc3f2406b9" testListId="8c84fa94-04c1-424b-9868-57a2d4851a1d" />
    <TestEntry testId="d54e53b6-4b26-6bd1-09f9-f73b753baeb3" executionId="ce7f881c-ccd3-44ca-a1b4-790a9e93b05f" testListId="8c84fa94-04c1-424b-9868-57a2d4851a1d" />
    <TestEntry testId="4bd130c7-f504-8b12-ce2a-87666fadd50e" executionId="72d06eab-07bf-4a77-9d0d-933dfc7b84af" testListId="8c84fa94-04c1-424b-9868-57a2d4851a1d" />
    <TestEntry testId="0bbc52b8-9211-5e92-e7eb-f98e00a8add3" executionId="a38ef622-3e74-4c45-848a-e2161cf4ef35" testListId="8c84fa94-04c1-424b-9868-57a2d4851a1d" />
    <TestEntry testId="8aaeb942-4618-a8e4-c6b1-266d34c97e41" executionId="76064c9d-4774-4292-b1c8-41a63f47258a" testListId="8c84fa94-04c1-424b-9868-57a2d4851a1d" />
    <TestEntry testId="c1296972-c12d-1979-50fb-ef6e48530532" executionId="7b0aa61c-3b16-4db2-86b2-9a153e101300" testListId="8c84fa94-04c1-424b-9868-57a2d4851a1d" />
    <TestEntry testId="f3484da0-8315-cdca-e737-98c55468fb4e" executionId="aaf8ac24-012a-4040-b835-60993a7f7d25" testListId="8c84fa94-04c1-424b-9868-57a2d4851a1d" />
    <TestEntry testId="e568615c-3c9c-33c8-6eac-74638b778c06" executionId="4f5d2ae2-da3d-4bbb-9b34-94dd7a52848f" testListId="8c84fa94-04c1-424b-9868-57a2d4851a1d" />
    <TestEntry testId="80dd12df-b2d2-e332-3474-ef692b090e79" executionId="693e90dc-40f7-49b7-a553-5872ca1bf0db" testListId="8c84fa94-04c1-424b-9868-57a2d4851a1d" />
    <TestEntry testId="410a93d4-5a0d-cd14-1966-c13e3bca40a5" executionId="08c339c2-32c8-4bef-9bd0-c3557c796bb4" testListId="8c84fa94-04c1-424b-9868-57a2d4851a1d" />
    <TestEntry testId="6d1325fe-8024-7798-813c-49d49c7502db" executionId="4979eeb7-9df6-4803-b6bd-9a6be7bc9546" testListId="8c84fa94-04c1-424b-9868-57a2d4851a1d" />
    <TestEntry testId="acc7a2a6-5b6f-24ca-1251-941601005cf3" executionId="b93c394b-37bf-4c0e-8b45-904e170af835" testListId="8c84fa94-04c1-424b-9868-57a2d4851a1d" />
    <TestEntry testId="44690745-9c88-3bf3-0c2f-a725a9065892" executionId="6949de26-c193-495d-8e28-e786c1076611" testListId="8c84fa94-04c1-424b-9868-57a2d4851a1d" />
    <TestEntry testId="0533f3e6-8f2d-57bf-a884-bf63325bfb90" executionId="f2c03379-43ef-4ab8-b0f9-6e32b1e455de" testListId="8c84fa94-04c1-424b-9868-57a2d4851a1d" />
    <TestEntry testId="441903f8-b742-d387-3227-bca90d5fdf20" executionId="921a88ae-06c1-49fa-ac6b-9e7bf3926ccd" testListId="8c84fa94-04c1-424b-9868-57a2d4851a1d" />
    <TestEntry testId="1166eab5-8ec3-1343-8265-62eea03d0889" executionId="946b4815-bbf5-4dbe-96a1-bbd8696b2e11" testListId="8c84fa94-04c1-424b-9868-57a2d4851a1d" />
    <TestEntry testId="4c4f9506-e0d0-a7af-bb2f-e96606d3bbf1" executionId="260c7cbb-fff7-441b-a892-df4a1d2357e3" testListId="8c84fa94-04c1-424b-9868-57a2d4851a1d" />
    <TestEntry testId="2ad5cdb4-5093-99b8-7b30-cd507fc4fbf2" executionId="c11cbdea-cbec-4368-9553-9ea0572dbc95" testListId="8c84fa94-04c1-424b-9868-57a2d4851a1d" />
    <TestEntry testId="3b5b492a-a447-2aad-e146-fe2b0287447c" executionId="2024c50d-6d29-42f2-ad66-677215661569" testListId="8c84fa94-04c1-424b-9868-57a2d4851a1d" />
    <TestEntry testId="ef5b8d9e-795c-054a-92ba-fd2f4509fbbb" executionId="1e04646c-74e4-4e1c-b4e3-0207258de2ee" testListId="8c84fa94-04c1-424b-9868-57a2d4851a1d" />
    <TestEntry testId="137a3de0-5389-0354-9257-83888fc326aa" executionId="194d14ff-0c49-400e-b7c6-d8444c670e71" testListId="8c84fa94-04c1-424b-9868-57a2d4851a1d" />
    <TestEntry testId="c4827e09-d08d-46ae-e11d-0d4589191c8f" executionId="f435879d-a784-4f78-a313-a7f18e2ab96f" testListId="8c84fa94-04c1-424b-9868-57a2d4851a1d" />
    <TestEntry testId="4490693e-5b5f-60f8-a352-34ba943e1d62" executionId="05d8f78e-d31c-4d03-ad44-051f59e869ca" testListId="8c84fa94-04c1-424b-9868-57a2d4851a1d" />
    <TestEntry testId="c353011d-9e94-c67d-e6eb-396de9239c5d" executionId="55afa617-59e1-4950-ac42-8437e71137ae" testListId="8c84fa94-04c1-424b-9868-57a2d4851a1d" />
    <TestEntry testId="fac53d0a-a8d0-7e01-0000-597c45ffcfe4" executionId="b46d65e5-4be1-47d9-877b-510bdfce4399" testListId="8c84fa94-04c1-424b-9868-57a2d4851a1d" />
    <TestEntry testId="5f8249b6-8a38-f488-9401-fb030ff393d5" executionId="f5de9bd1-ec12-4743-8758-d417c7674eea" testListId="8c84fa94-04c1-424b-9868-57a2d4851a1d" />
    <TestEntry testId="0e83f6d2-f0e7-2e47-ad7b-fd57feab6720" executionId="c4d1c509-968b-46ed-ab09-9280dcb6f15f" testListId="8c84fa94-04c1-424b-9868-57a2d4851a1d" />
    <TestEntry testId="7d68e180-4522-1c63-e2b7-817dd0b2a6e5" executionId="b2b46aaf-b3fc-473b-bc73-de15f1202213" testListId="8c84fa94-04c1-424b-9868-57a2d4851a1d" />
    <TestEntry testId="0cb16ae0-9e92-a316-9f63-de35f31e5f39" executionId="0c56a850-e9cd-458d-a007-a2055b70ccef" testListId="8c84fa94-04c1-424b-9868-57a2d4851a1d" />
    <TestEntry testId="4eb589ee-9d4d-03f8-74f4-3090e3f3a730" executionId="483d65c8-172f-4432-8d81-f84c58fb07c0" testListId="8c84fa94-04c1-424b-9868-57a2d4851a1d" />
    <TestEntry testId="0be5b3d7-ad47-a6e7-2e5c-4e8c709b4254" executionId="d6b75ba9-494b-477a-9eae-d73859198743" testListId="8c84fa94-04c1-424b-9868-57a2d4851a1d" />
    <TestEntry testId="419a8404-3052-a939-642f-9bc8d54507ed" executionId="4addf47e-b56b-4470-8d9a-771c8b09a66c" testListId="8c84fa94-04c1-424b-9868-57a2d4851a1d" />
    <TestEntry testId="a5fef099-ba7b-ffee-c1d2-cd74a2ae92e6" executionId="0eb52cd6-71f4-4e23-8826-ccb48ef8cc4c" testListId="8c84fa94-04c1-424b-9868-57a2d4851a1d" />
    <TestEntry testId="e8865027-a033-e711-71fb-2004ee1807fd" executionId="ffb50823-dc6c-495e-8908-c4207511ea0b" testListId="8c84fa94-04c1-424b-9868-57a2d4851a1d" />
    <TestEntry testId="386a6c80-c37f-2520-1205-e565042cab19" executionId="bb332539-8c94-4a0e-b4de-b5e97c7bd319" testListId="8c84fa94-04c1-424b-9868-57a2d4851a1d" />
    <TestEntry testId="0f98bb0f-1c90-6365-7244-a712d1b631fa" executionId="9613bac9-b64c-47df-af2b-8c639fbd6289" testListId="8c84fa94-04c1-424b-9868-57a2d4851a1d" />
    <TestEntry testId="19930103-19e2-d6c6-243c-55a9ec794a78" executionId="2e167ccb-237a-46b5-ac93-9f0c067a38c4" testListId="8c84fa94-04c1-424b-9868-57a2d4851a1d" />
    <TestEntry testId="1f7976e5-938b-de19-e4f9-70a3b56afbf7" executionId="7f51b905-160c-4bc0-86a7-0819dac61365" testListId="8c84fa94-04c1-424b-9868-57a2d4851a1d" />
    <TestEntry testId="4e73c103-f467-67e6-7049-e34249ba699f" executionId="2d50d1b3-74f1-496a-b80c-b7f6f1384a07" testListId="8c84fa94-04c1-424b-9868-57a2d4851a1d" />
    <TestEntry testId="17c98091-dbf8-c2fd-549e-ce3eebd6325a" executionId="0bf716b9-f8c2-41fb-8bd7-d0cd321b842f" testListId="8c84fa94-04c1-424b-9868-57a2d4851a1d" />
    <TestEntry testId="e776ed9f-d0af-671b-5393-2bbcffd08132" executionId="e0580dad-c755-40e1-ae04-74c99887e250" testListId="8c84fa94-04c1-424b-9868-57a2d4851a1d" />
    <TestEntry testId="a5a2e4c8-009c-485c-9e59-a0329e36f740" executionId="0f9a9faa-2e91-4b31-9618-40e4d66ff002" testListId="8c84fa94-04c1-424b-9868-57a2d4851a1d" />
    <TestEntry testId="f7b0b764-6d52-78e1-ce67-39dccd32fc90" executionId="772670a2-a181-4921-966d-2c41a74f6dc8" testListId="8c84fa94-04c1-424b-9868-57a2d4851a1d" />
    <TestEntry testId="079febbc-fefa-997d-a518-2bb9b896a10f" executionId="14534511-977f-4090-991a-f2c727b55b67" testListId="8c84fa94-04c1-424b-9868-57a2d4851a1d" />
    <TestEntry testId="aced4986-e1f4-a66e-d3bb-e7d4243e8cbf" executionId="bd4704d7-9b1f-4604-9cd4-de50f4313a46" testListId="8c84fa94-04c1-424b-9868-57a2d4851a1d" />
    <TestEntry testId="356cc5a1-12a0-34cb-5f3e-4ae7f80efd3b" executionId="4a2b82b1-0401-457e-bbca-0e9bacfc98e8" testListId="8c84fa94-04c1-424b-9868-57a2d4851a1d" />
    <TestEntry testId="3c9ab4c8-f1b7-75d5-dbbb-5692f82a8e63" executionId="2c575b1e-1f51-4b41-87ed-d56e211da75b" testListId="8c84fa94-04c1-424b-9868-57a2d4851a1d" />
    <TestEntry testId="559b9436-2baf-3857-ad76-499358d93140" executionId="2044dcc9-1151-446f-9a47-c51fb034237a" testListId="8c84fa94-04c1-424b-9868-57a2d4851a1d" />
    <TestEntry testId="81ece0d0-0623-f285-5aef-39638b72d8de" executionId="8d606142-6ea0-486b-bfcc-b45548cccbeb" testListId="8c84fa94-04c1-424b-9868-57a2d4851a1d" />
    <TestEntry testId="53137f9b-436e-e65c-fa32-e820c39f3209" executionId="33247f41-b63e-48d5-af24-a41a652ec9a7" testListId="8c84fa94-04c1-424b-9868-57a2d4851a1d" />
    <TestEntry testId="9674b376-d6ac-4703-6bfc-2eb31e6b6cc1" executionId="0929f7b7-b4a9-4fbb-9fbc-6644691b075b" testListId="8c84fa94-04c1-424b-9868-57a2d4851a1d" />
    <TestEntry testId="85af3b02-5b1f-ad47-f6c3-063b22aa2bc8" executionId="8a7a70f9-eff3-4c88-b78f-594ac827b63c" testListId="8c84fa94-04c1-424b-9868-57a2d4851a1d" />
    <TestEntry testId="4d3ca544-276f-5d6d-1805-2b375093f8dc" executionId="2cb7910f-3831-4a7a-a388-a23ec174956e" testListId="8c84fa94-04c1-424b-9868-57a2d4851a1d" />
    <TestEntry testId="cda0a382-6483-cdc5-9e08-2b17d62c9076" executionId="ff8cb09a-b1aa-495c-bc67-a95e508eaf4d" testListId="8c84fa94-04c1-424b-9868-57a2d4851a1d" />
    <TestEntry testId="9fd16290-2ffd-477a-8430-1b48345fb6df" executionId="f2aae18b-8892-4363-841d-63b291f078f1" testListId="8c84fa94-04c1-424b-9868-57a2d4851a1d" />
    <TestEntry testId="d0160707-f909-e423-0bd5-ceb0e7a99a9c" executionId="e1ac8c56-1806-4198-ae4e-d642feb6558a" testListId="8c84fa94-04c1-424b-9868-57a2d4851a1d" />
    <TestEntry testId="e2131088-170c-3f9d-b379-6ad5595999e5" executionId="53bc6438-d737-4368-9ede-ba8b3ccd49da" testListId="8c84fa94-04c1-424b-9868-57a2d4851a1d" />
    <TestEntry testId="561f218d-b654-fb57-ee4b-f7e1649d5050" executionId="2e466088-8548-44d1-898a-9e4a0bcc1baf" testListId="8c84fa94-04c1-424b-9868-57a2d4851a1d" />
    <TestEntry testId="26e7a1ad-63a6-c657-4516-74b5caa9040c" executionId="c6298a70-7138-4dc1-bceb-74a6a50dcd90" testListId="8c84fa94-04c1-424b-9868-57a2d4851a1d" />
    <TestEntry testId="080e755c-ee7a-1e14-8f28-e087a10675d0" executionId="0829b09d-7a22-4fa8-bbc9-f2c35b91ef49" testListId="8c84fa94-04c1-424b-9868-57a2d4851a1d" />
    <TestEntry testId="c1c3c15c-2fd4-f407-447a-9b6a9260e785" executionId="3dc79691-c40d-4a8f-833d-65aa52884447" testListId="8c84fa94-04c1-424b-9868-57a2d4851a1d" />
    <TestEntry testId="494a6f72-6254-5a6e-4577-c52cd4a0c3cd" executionId="ce0243a5-a35d-4551-9498-644413929d21" testListId="8c84fa94-04c1-424b-9868-57a2d4851a1d" />
    <TestEntry testId="14935da5-76f2-bd62-81ac-04e61a088bd0" executionId="90713ba4-9806-43fc-9d15-d148bbd7ae2e" testListId="8c84fa94-04c1-424b-9868-57a2d4851a1d" />
    <TestEntry testId="a3b04758-d6c8-afae-35de-edc9990eb840" executionId="1fee0ea8-2c58-4abe-9a5a-1153906b17ee" testListId="8c84fa94-04c1-424b-9868-57a2d4851a1d" />
    <TestEntry testId="8526b0ec-4803-dd78-6467-133c6f30ed12" executionId="22f987f6-5e86-4d15-8fd7-bf2cca42c837" testListId="8c84fa94-04c1-424b-9868-57a2d4851a1d" />
    <TestEntry testId="6599a9fd-a45c-3f51-a550-7571741afdc8" executionId="5cfdc4d1-ac70-4a2c-a864-2bb8d3a62912" testListId="8c84fa94-04c1-424b-9868-57a2d4851a1d" />
    <TestEntry testId="a1a3cd79-a8ef-2dca-2a37-88922f31b2df" executionId="0d68f5d5-297a-45d6-aef9-f55cde03bda0" testListId="8c84fa94-04c1-424b-9868-57a2d4851a1d" />
    <TestEntry testId="5f30b836-0b78-553e-28a0-931140309955" executionId="cfff8975-7912-4fbb-8249-5a3e841fda80" testListId="8c84fa94-04c1-424b-9868-57a2d4851a1d" />
    <TestEntry testId="146ff060-bcc7-e0b1-fb2c-4c0b171c5a00" executionId="ecadbaf7-3a4b-4f9b-a0d6-1089cd935d9e" testListId="8c84fa94-04c1-424b-9868-57a2d4851a1d" />
    <TestEntry testId="bfb2c8de-1e85-9952-9db6-620f4acf1697" executionId="c4b546a5-40da-4870-93b0-2c1aa588f9b2" testListId="8c84fa94-04c1-424b-9868-57a2d4851a1d" />
    <TestEntry testId="9dede88d-6de7-87ff-4549-77cfb8e6068f" executionId="4807bd37-e47a-4c39-a2ee-5a13a792c915" testListId="8c84fa94-04c1-424b-9868-57a2d4851a1d" />
    <TestEntry testId="2fb30a0f-ddea-628a-42a5-2fe6a57a267c" executionId="956a221b-82e1-493f-9289-936fb6951113" testListId="8c84fa94-04c1-424b-9868-57a2d4851a1d" />
    <TestEntry testId="49aabe26-596c-6a15-06b4-9dadc7c4733a" executionId="d2cf46aa-e022-469f-b2e4-d8ab12d03eca" testListId="8c84fa94-04c1-424b-9868-57a2d4851a1d" />
    <TestEntry testId="0dfb425c-5e4f-66ca-073c-7c258c6c7e5f" executionId="21a079a9-7429-46b9-8f01-c04d83894dcf" testListId="8c84fa94-04c1-424b-9868-57a2d4851a1d" />
    <TestEntry testId="d7036780-9716-509c-617a-1f2084784363" executionId="92395751-0051-4717-b74c-dcb83c163e0b" testListId="8c84fa94-04c1-424b-9868-57a2d4851a1d" />
    <TestEntry testId="6d4dda94-e519-5838-44e2-8dc3d94e25ab" executionId="866f474f-6741-475f-9233-118a0a9c9022" testListId="8c84fa94-04c1-424b-9868-57a2d4851a1d" />
    <TestEntry testId="0822fda8-1ecb-9b4b-b537-c5def62bdea6" executionId="dd54df1f-fc00-4f9d-a7c3-4038836131c3" testListId="8c84fa94-04c1-424b-9868-57a2d4851a1d" />
    <TestEntry testId="aea25e69-8ef4-fcb6-b447-29de5becfc76" executionId="af571d59-0f81-49f5-9637-4aba039ac860" testListId="8c84fa94-04c1-424b-9868-57a2d4851a1d" />
    <TestEntry testId="d0cd9f70-6dc1-3c7d-5cf8-851aa39eea33" executionId="43b231cd-4ba3-4162-8f2f-76eba5517e7a" testListId="8c84fa94-04c1-424b-9868-57a2d4851a1d" />
    <TestEntry testId="779c2e27-af4c-ae6c-e16f-ac2d878c1918" executionId="930019b8-22ef-4469-b8c3-c04d6032447c" testListId="8c84fa94-04c1-424b-9868-57a2d4851a1d" />
    <TestEntry testId="ca6abf66-bfa7-ba9c-4a7c-c7bb3f9e50f3" executionId="01e645ce-b71d-4ead-8ad7-3f4e70f76c5e" testListId="8c84fa94-04c1-424b-9868-57a2d4851a1d" />
    <TestEntry testId="904747e7-ff5e-8218-74d7-bb12f2b82a35" executionId="eac9cb59-37a6-4b40-a9a4-2d47f59880af" testListId="8c84fa94-04c1-424b-9868-57a2d4851a1d" />
    <TestEntry testId="65b80104-e391-765d-11f2-1a66e8fb8050" executionId="108b383f-7789-4cb4-8226-80b529b32bb4" testListId="8c84fa94-04c1-424b-9868-57a2d4851a1d" />
    <TestEntry testId="c18159c8-c488-c465-11b5-e4f60944ebea" executionId="a508a364-db10-4f4f-a92b-0a875abf912c" testListId="8c84fa94-04c1-424b-9868-57a2d4851a1d" />
    <TestEntry testId="3869c8f5-7ab2-ef7f-cd2f-16c870de8af9" executionId="3a72064f-9e9f-40a3-86fd-562a974fc5f8" testListId="8c84fa94-04c1-424b-9868-57a2d4851a1d" />
    <TestEntry testId="36c7d109-6289-1556-5b99-f94c9642b779" executionId="111d419e-f336-4821-981d-480764b4184d" testListId="8c84fa94-04c1-424b-9868-57a2d4851a1d" />
    <TestEntry testId="53a59314-7293-f081-232f-56d1644cbca1" executionId="a15b8a97-78a8-4acd-82ab-3e668a9f8a2b" testListId="8c84fa94-04c1-424b-9868-57a2d4851a1d" />
    <TestEntry testId="df8d72e5-e210-8677-f027-f8ba257cf478" executionId="8404ef72-d25b-42f6-b9b0-3b3e7d34018f" testListId="8c84fa94-04c1-424b-9868-57a2d4851a1d" />
    <TestEntry testId="c7e92259-b8e8-9f87-fc54-366eb8fde590" executionId="902f1d47-3c43-4a58-9c29-6e3f9515c5a3" testListId="8c84fa94-04c1-424b-9868-57a2d4851a1d" />
    <TestEntry testId="632c0374-d9e5-0e22-1403-eb730369295e" executionId="777bf6f8-bf92-4b1b-8f8f-96f401dc34e5" testListId="8c84fa94-04c1-424b-9868-57a2d4851a1d" />
    <TestEntry testId="fc7bce22-4aa8-7f2e-5825-9a1561671044" executionId="75ea38e7-e3fe-45e0-8e7f-6d2c0a7ce8c9" testListId="8c84fa94-04c1-424b-9868-57a2d4851a1d" />
    <TestEntry testId="68b579ad-d101-7563-7644-8b094cbff9dc" executionId="47d6dbf6-ec04-44e1-aab0-2162f37ef3f6" testListId="8c84fa94-04c1-424b-9868-57a2d4851a1d" />
    <TestEntry testId="290da516-121d-61e0-0dd0-c0be605ad3c9" executionId="c9b2c958-85fa-4f8e-99fe-b2356a4f47e7" testListId="8c84fa94-04c1-424b-9868-57a2d4851a1d" />
    <TestEntry testId="8e2e70aa-52bc-bb4c-eb25-92a87f9a71ab" executionId="bd34a57e-46ba-48af-a85b-505088f604e2" testListId="8c84fa94-04c1-424b-9868-57a2d4851a1d" />
    <TestEntry testId="8fd24cd4-a9c0-0221-2fef-ed0703bf3428" executionId="eaa1ffde-2939-47cb-befa-2350ee2f3421" testListId="8c84fa94-04c1-424b-9868-57a2d4851a1d" />
    <TestEntry testId="de6737cf-2597-d0d6-4640-2dcefdc86dd1" executionId="c6dcd952-0aca-40bc-b8a2-f4f392c1a12b" testListId="8c84fa94-04c1-424b-9868-57a2d4851a1d" />
    <TestEntry testId="330b9d6c-f08d-3484-f6a0-3b921f0a24a8" executionId="708bd8d2-4466-4b40-9fc5-0eff8c0c6d4b" testListId="8c84fa94-04c1-424b-9868-57a2d4851a1d" />
    <TestEntry testId="4cdd7a6f-85c0-305c-e9b1-fd8d4db0dee3" executionId="e95dbcf1-ac3f-4f1d-bd86-0c6273af09ab" testListId="8c84fa94-04c1-424b-9868-57a2d4851a1d" />
    <TestEntry testId="d97a6a51-1d28-ab30-5e6f-d68d2a74dcbf" executionId="02e64f48-2d76-4079-88d2-5e4b97a4cedf" testListId="8c84fa94-04c1-424b-9868-57a2d4851a1d" />
    <TestEntry testId="a4d19a43-eee6-b34b-17f0-66d7158f5890" executionId="8a287e49-6e83-45d6-894f-32af91f4225b" testListId="8c84fa94-04c1-424b-9868-57a2d4851a1d" />
    <TestEntry testId="4b95da6d-f196-a0fd-8ffb-751fec95c314" executionId="72098495-d203-4130-830d-7030ccf7835a" testListId="8c84fa94-04c1-424b-9868-57a2d4851a1d" />
    <TestEntry testId="414bd08a-1856-619a-1a2c-f8de6ed4b859" executionId="2df10e55-81a4-4f03-9c11-ce0771b13d89" testListId="8c84fa94-04c1-424b-9868-57a2d4851a1d" />
    <TestEntry testId="5c474062-002c-63b6-812f-52223136dd77" executionId="d5fe1aee-84af-4c9e-9461-89d5c3f957a7" testListId="8c84fa94-04c1-424b-9868-57a2d4851a1d" />
    <TestEntry testId="e9843f28-60bb-39a2-a561-28fdfd88f317" executionId="b4b02b74-e9f1-4dcb-b0bc-e447d8dff24b" testListId="8c84fa94-04c1-424b-9868-57a2d4851a1d" />
    <TestEntry testId="79341776-28f9-9f5a-685e-8b9cb0ecc3e5" executionId="65ac0cb4-8502-401d-b1aa-5793c8ac366f" testListId="8c84fa94-04c1-424b-9868-57a2d4851a1d" />
    <TestEntry testId="d2562022-cd7f-36b1-1c2d-849cc064d530" executionId="424f9034-9df5-477c-8e8d-008c7f311750" testListId="8c84fa94-04c1-424b-9868-57a2d4851a1d" />
    <TestEntry testId="5f315f1e-d6f1-03f6-3f34-8b951770fd4b" executionId="df7df165-4f21-48e8-9319-b83d3101a1ae" testListId="8c84fa94-04c1-424b-9868-57a2d4851a1d" />
    <TestEntry testId="7a9984de-d3ac-18cd-d3c6-06e7c8272524" executionId="300d97f0-114d-4f2a-ac33-0b6501e06093" testListId="8c84fa94-04c1-424b-9868-57a2d4851a1d" />
    <TestEntry testId="297dbb1d-563a-4ae2-6e9d-d6d45465095a" executionId="f2de5392-5d66-49b5-9ca3-61e1ca8d7335" testListId="8c84fa94-04c1-424b-9868-57a2d4851a1d" />
    <TestEntry testId="f1e9172e-c439-b721-cfd4-273b562aabf9" executionId="2d0fedf6-00a7-4c99-b3d3-af5c62f0372a" testListId="8c84fa94-04c1-424b-9868-57a2d4851a1d" />
    <TestEntry testId="5fd7373e-836c-fd3b-1266-60a16d14daf5" executionId="32df5c35-595f-4177-910c-c60653180421" testListId="8c84fa94-04c1-424b-9868-57a2d4851a1d" />
    <TestEntry testId="2077052f-6555-ad72-a6cc-99d9e1294aa2" executionId="e074c815-3331-4a05-9c86-8e4543139a3b" testListId="8c84fa94-04c1-424b-9868-57a2d4851a1d" />
    <TestEntry testId="4e538f89-b18c-cf2e-2f16-94dc81d451d9" executionId="7cb164f5-ff7c-4a88-a9c1-2961b0ba4559" testListId="8c84fa94-04c1-424b-9868-57a2d4851a1d" />
    <TestEntry testId="f0c4e84a-6a98-a7e5-d083-79a02acb860c" executionId="b926e835-3eb0-4653-9dbc-0c8009d9d85b" testListId="8c84fa94-04c1-424b-9868-57a2d4851a1d" />
    <TestEntry testId="4c978083-c229-a01c-6a7c-ef18e5236170" executionId="434151bd-8a00-44fd-ae5f-ec6628a6ad87" testListId="8c84fa94-04c1-424b-9868-57a2d4851a1d" />
    <TestEntry testId="d7af24cc-1160-9a7c-4a14-3e64c6768ae5" executionId="84736ce7-6582-492e-bd11-371d6e624349" testListId="8c84fa94-04c1-424b-9868-57a2d4851a1d" />
    <TestEntry testId="9427af82-0059-a7d9-573f-043a790c4050" executionId="cf604a1f-73da-4bd0-96db-546503b7be3c" testListId="8c84fa94-04c1-424b-9868-57a2d4851a1d" />
    <TestEntry testId="55db700b-b4b0-5cf1-78a6-21f835d00459" executionId="ce5d5712-76c6-47df-b94f-9c9e248e9b8a" testListId="8c84fa94-04c1-424b-9868-57a2d4851a1d" />
    <TestEntry testId="0500d70f-e850-de9a-7eba-8164c3b2fd99" executionId="a5728edc-4242-44d5-b2fb-92a0802f74f6" testListId="8c84fa94-04c1-424b-9868-57a2d4851a1d" />
    <TestEntry testId="d94c59b9-3860-902d-b295-c5d99d6d5e53" executionId="8338bc3f-0990-4df8-8c39-2ecd3018ec74" testListId="8c84fa94-04c1-424b-9868-57a2d4851a1d" />
    <TestEntry testId="a117d892-9fd1-1ad8-8d90-f3c71328203c" executionId="c4a4783a-ea7f-4daf-aed7-766ed6369506" testListId="8c84fa94-04c1-424b-9868-57a2d4851a1d" />
    <TestEntry testId="999fb951-b7b5-6631-599e-31a6be246d87" executionId="3a1aa302-987b-4ad3-a69c-a238e65f3968" testListId="8c84fa94-04c1-424b-9868-57a2d4851a1d" />
    <TestEntry testId="e816d20a-430f-2d97-9262-77eb57c11839" executionId="d0bb1dfa-271c-4af2-becf-5840eccc4f3c" testListId="8c84fa94-04c1-424b-9868-57a2d4851a1d" />
    <TestEntry testId="9362de11-64d0-3a11-bfe7-ba203f9734b0" executionId="6e828572-5d6e-4476-b81e-66cf231feae4" testListId="8c84fa94-04c1-424b-9868-57a2d4851a1d" />
    <TestEntry testId="3bd72a3e-a2cb-9292-a956-91e21e17c8b0" executionId="6db0ae00-9eae-4579-99c5-86b1c8aabe11" testListId="8c84fa94-04c1-424b-9868-57a2d4851a1d" />
    <TestEntry testId="db697f2e-ce6c-0e67-fba6-9e9dcf38b114" executionId="32bc529f-8f25-425b-b7b1-712a8726a910" testListId="8c84fa94-04c1-424b-9868-57a2d4851a1d" />
    <TestEntry testId="3ffad5fc-3d39-cf1b-b6aa-3a273e7e7f8c" executionId="c2bd681e-db52-437c-916f-5f4db6fef097" testListId="8c84fa94-04c1-424b-9868-57a2d4851a1d" />
    <TestEntry testId="2b00ad46-f32b-446f-acdc-2eea35c5f140" executionId="f829d7e7-c0c6-4c57-84b8-1705f5660993" testListId="8c84fa94-04c1-424b-9868-57a2d4851a1d" />
    <TestEntry testId="f26cae9a-0cfd-3b5a-d1f4-d5ed084eadad" executionId="a452e31a-4ca8-4c05-8904-b42885eee89b" testListId="8c84fa94-04c1-424b-9868-57a2d4851a1d" />
    <TestEntry testId="d369dd01-3a76-1028-9769-257b2738d39c" executionId="9e68b8bd-61af-4c71-a110-04b33053439c" testListId="8c84fa94-04c1-424b-9868-57a2d4851a1d" />
    <TestEntry testId="a1457caa-f4c9-ba63-922a-5d90fbfc1363" executionId="50d79aba-62cf-467c-93ad-58ed3d9df89e" testListId="8c84fa94-04c1-424b-9868-57a2d4851a1d" />
    <TestEntry testId="1529436c-8c17-521b-037f-0f4a6c1e07b3" executionId="80cd1e65-6ac6-421f-9f0c-c78e76b24976" testListId="8c84fa94-04c1-424b-9868-57a2d4851a1d" />
    <TestEntry testId="88484ee7-b056-96be-c3f0-2f9ff210be2a" executionId="c7e4b189-5368-48ed-a0ba-f435129dd5ee" testListId="8c84fa94-04c1-424b-9868-57a2d4851a1d" />
    <TestEntry testId="1e43300c-2a88-befd-5bd4-aa2b7d5a855b" executionId="07b89f40-84f7-49f8-81d6-5925e9eea138" testListId="8c84fa94-04c1-424b-9868-57a2d4851a1d" />
    <TestEntry testId="0eb841ee-4360-bfaa-b760-47ef164dac80" executionId="9481bb03-9582-4efb-a0ed-5d6ac3d1903c" testListId="8c84fa94-04c1-424b-9868-57a2d4851a1d" />
    <TestEntry testId="2fb70c5e-3630-184f-467a-2c4ada567323" executionId="2ad2a02c-837f-4d81-a0ed-5031fcc25268" testListId="8c84fa94-04c1-424b-9868-57a2d4851a1d" />
    <TestEntry testId="6656d4a1-4590-68b8-41cf-6ebd4239279f" executionId="79aa47e2-f002-40e5-93e7-71096ca3560c" testListId="8c84fa94-04c1-424b-9868-57a2d4851a1d" />
    <TestEntry testId="3ee13cb4-0958-6775-b9ba-c8af5a50fd57" executionId="e8a49faa-4690-4ded-bd58-3af566abe8ef" testListId="8c84fa94-04c1-424b-9868-57a2d4851a1d" />
    <TestEntry testId="92cb8fbf-5503-f34b-b811-ac131e120972" executionId="f0d0dd32-f928-49aa-b01b-a69f608ca18b" testListId="8c84fa94-04c1-424b-9868-57a2d4851a1d" />
    <TestEntry testId="de3c4b09-a3ad-ae77-63dc-db0c1fac083d" executionId="6d80655f-93aa-48f9-b993-e9dc560213f0" testListId="8c84fa94-04c1-424b-9868-57a2d4851a1d" />
    <TestEntry testId="95697913-300a-0d09-fede-d269c1c9cc5a" executionId="f36f6be2-e3db-4fd6-8720-8880ddfaad0b" testListId="8c84fa94-04c1-424b-9868-57a2d4851a1d" />
    <TestEntry testId="699de456-4b30-e20b-d29b-f9997d34c156" executionId="9bb905e3-c499-4d76-8d9c-ae14593d741e" testListId="8c84fa94-04c1-424b-9868-57a2d4851a1d" />
    <TestEntry testId="48903600-7115-f18f-cfaa-40f126ec72dd" executionId="5e04f919-28b8-44e3-850e-88c7b665289b" testListId="8c84fa94-04c1-424b-9868-57a2d4851a1d" />
    <TestEntry testId="04685a3a-4e68-f6f3-27c2-152f2ba69c55" executionId="d401189d-2369-47f2-b284-0a9bcfa6761b" testListId="8c84fa94-04c1-424b-9868-57a2d4851a1d" />
    <TestEntry testId="fcef5775-779a-bf15-6f5f-56cf4b7bf258" executionId="ef6699c5-bc70-42d1-9ee6-f9d25e7fda09" testListId="8c84fa94-04c1-424b-9868-57a2d4851a1d" />
    <TestEntry testId="7fb892fc-7cfe-4a21-f5bf-3ca5ffe75254" executionId="14bd119f-2ccb-4016-b494-c5806675e460" testListId="8c84fa94-04c1-424b-9868-57a2d4851a1d" />
    <TestEntry testId="5a8b9ae5-6cd8-00d0-c3cf-0d2174ecfe54" executionId="d70f5a03-2ae5-4b2c-917d-e2ccf97a3edb" testListId="8c84fa94-04c1-424b-9868-57a2d4851a1d" />
    <TestEntry testId="98c2172e-97df-13d5-a0eb-3bfd4b42a99b" executionId="4bf4cdaa-8217-4f27-b42f-0a978261f9c3" testListId="8c84fa94-04c1-424b-9868-57a2d4851a1d" />
    <TestEntry testId="3f4da332-2fb9-784e-8300-a3ffc13949c4" executionId="1e377d41-6022-4ce3-91fc-5e9cf74b38b3" testListId="8c84fa94-04c1-424b-9868-57a2d4851a1d" />
    <TestEntry testId="e28593ad-f562-f9b6-0172-52c7b6e48ddf" executionId="6be97783-2cb2-4e46-a4d7-7bc3064dfc3f" testListId="8c84fa94-04c1-424b-9868-57a2d4851a1d" />
    <TestEntry testId="c0bc4442-97e7-adf6-c86b-0290475ca07f" executionId="1e503116-7494-46c1-8e77-b9ba0ef651ca" testListId="8c84fa94-04c1-424b-9868-57a2d4851a1d" />
    <TestEntry testId="58ac984c-ccd6-0f0f-d8b2-fe2845649ddf" executionId="3beaa1c3-b1af-4e4f-a2e5-efdca94788f9" testListId="8c84fa94-04c1-424b-9868-57a2d4851a1d" />
    <TestEntry testId="2b034947-95be-beab-d32d-a72ae9771ccd" executionId="44c08263-b5e7-454d-a1f3-c6c61ea0b395" testListId="8c84fa94-04c1-424b-9868-57a2d4851a1d" />
    <TestEntry testId="9a702a54-932a-77ac-8e6e-5b1318f49c63" executionId="418ed922-2638-4eed-bb19-9d7843174b7f" testListId="8c84fa94-04c1-424b-9868-57a2d4851a1d" />
    <TestEntry testId="43e2b03c-a2af-ef3b-ea65-35587a7a8502" executionId="b69d7cc4-f8cc-4848-9e99-4ab3cd371342" testListId="8c84fa94-04c1-424b-9868-57a2d4851a1d" />
    <TestEntry testId="bc9c6b92-5291-21f7-4294-de06f4a39605" executionId="9c37f597-5969-4b96-b4b3-efdda5685090" testListId="8c84fa94-04c1-424b-9868-57a2d4851a1d" />
    <TestEntry testId="65339b3c-9de7-638f-f604-692a2aef89ff" executionId="4c75f3c6-edae-44b2-80c3-cf95a22300e1" testListId="8c84fa94-04c1-424b-9868-57a2d4851a1d" />
    <TestEntry testId="739ddbc9-29fb-28c3-7b57-b5ec668cdd0c" executionId="e6dce3fe-a16f-4438-b0dd-31f6a4cdca68" testListId="8c84fa94-04c1-424b-9868-57a2d4851a1d" />
    <TestEntry testId="223d2f32-df21-1170-abbc-18413ef59c92" executionId="b43ec68f-bbcc-46b4-9b29-7be709996168" testListId="8c84fa94-04c1-424b-9868-57a2d4851a1d" />
    <TestEntry testId="af1e193b-6914-4dd6-b3ed-2ac18e2a1b23" executionId="ead15ca2-1758-4f2c-a0e5-5fbc0a0c748f" testListId="8c84fa94-04c1-424b-9868-57a2d4851a1d" />
    <TestEntry testId="52464efb-4166-65c1-6219-acc12f2b3ff6" executionId="c7036c29-b0af-4345-a6dc-26850c74acf7" testListId="8c84fa94-04c1-424b-9868-57a2d4851a1d" />
    <TestEntry testId="b16165b8-6f91-b918-f137-313f14ff474f" executionId="d44d8864-ebd0-450d-89af-22c7f47e5763" testListId="8c84fa94-04c1-424b-9868-57a2d4851a1d" />
    <TestEntry testId="f90d32c6-f44e-af0c-3d05-d5d63d72fbed" executionId="c3987a68-3da8-43e8-9713-93a03d5acab3" testListId="8c84fa94-04c1-424b-9868-57a2d4851a1d" />
    <TestEntry testId="446aeed3-732f-6fdf-1198-73e2ccb90cd0" executionId="e15f0e39-4bdf-4bb4-8635-78b9903a4dc9" testListId="8c84fa94-04c1-424b-9868-57a2d4851a1d" />
    <TestEntry testId="6e5a8b91-6a75-56d3-b317-a9ac48ab0672" executionId="e2d388e8-6e4d-4f4c-a36b-ab6a50d50916" testListId="8c84fa94-04c1-424b-9868-57a2d4851a1d" />
    <TestEntry testId="95bec019-ba93-557e-cc59-ca4522b92c84" executionId="9fe675a5-332e-4c62-a504-a991a6087ba8" testListId="8c84fa94-04c1-424b-9868-57a2d4851a1d" />
    <TestEntry testId="f1200e70-c88e-dbc8-b7b0-014a66ebf8a6" executionId="fe2e6a4b-9dce-4f2f-8eb6-b65ee5a632a1" testListId="8c84fa94-04c1-424b-9868-57a2d4851a1d" />
    <TestEntry testId="e2097409-445a-3cd5-ae6e-0205fed90d91" executionId="416b1c49-d9ca-4e6e-b566-c51b5a2330db" testListId="8c84fa94-04c1-424b-9868-57a2d4851a1d" />
    <TestEntry testId="5bb357ef-a289-5457-59f1-0df201ad4323" executionId="668defdd-85f7-476b-a210-a3db446483b3" testListId="8c84fa94-04c1-424b-9868-57a2d4851a1d" />
    <TestEntry testId="210bbbd2-7277-0493-b4fc-59a018f08cc3" executionId="d908fd5f-50e5-4071-bbc3-3813e48f8394" testListId="8c84fa94-04c1-424b-9868-57a2d4851a1d" />
    <TestEntry testId="511b09e9-fd91-89d6-3949-40db146ea6bd" executionId="3a17656c-7d57-44c0-ab89-8002a1302084" testListId="8c84fa94-04c1-424b-9868-57a2d4851a1d" />
    <TestEntry testId="4f365743-de47-b07f-fd2b-1af885da9411" executionId="fca90a61-b144-4236-a280-50f153de237a" testListId="8c84fa94-04c1-424b-9868-57a2d4851a1d" />
    <TestEntry testId="7814cc71-5384-55ab-b67a-fb18f5ac5c5f" executionId="b8aafca8-58b9-41b3-bd26-dd52db5cd505" testListId="8c84fa94-04c1-424b-9868-57a2d4851a1d" />
    <TestEntry testId="0864368a-5d20-d499-562d-dea9741e52aa" executionId="94d910ff-a262-48c7-982a-42800e303234" testListId="8c84fa94-04c1-424b-9868-57a2d4851a1d" />
    <TestEntry testId="64f2bbc2-131e-f499-10ff-759656bb07e6" executionId="248c8d99-6f46-4b33-8e75-86e673a49cf5" testListId="8c84fa94-04c1-424b-9868-57a2d4851a1d" />
    <TestEntry testId="6090d8db-c083-ec38-5d91-cefe25a89520" executionId="7b9d487e-c93d-42bc-a0f6-49c7258d1066" testListId="8c84fa94-04c1-424b-9868-57a2d4851a1d" />
    <TestEntry testId="b55e377f-0118-4ced-cfa6-b015b03a53b0" executionId="8e6d41e4-aae2-4450-8195-ceb7d1d2e516" testListId="8c84fa94-04c1-424b-9868-57a2d4851a1d" />
    <TestEntry testId="d29b97cc-8f72-3f8f-ee60-4568f1429a8b" executionId="ba40e139-ea88-4346-b8f9-1c39e489aebd" testListId="8c84fa94-04c1-424b-9868-57a2d4851a1d" />
    <TestEntry testId="30c37470-8d6f-a7b2-7507-7a508b6368f0" executionId="1b6f82d2-81b3-49f4-b5ad-d1207986d762" testListId="8c84fa94-04c1-424b-9868-57a2d4851a1d" />
    <TestEntry testId="cf881c4c-31da-3c3d-e657-0f7a60496f37" executionId="faba57a7-3c78-4b64-8cee-040b1124c318" testListId="8c84fa94-04c1-424b-9868-57a2d4851a1d" />
    <TestEntry testId="b66e2aed-6736-e5fb-1259-0a652017312d" executionId="d1dc8cdb-c2a5-4bab-a988-9dc8a1117bf7" testListId="8c84fa94-04c1-424b-9868-57a2d4851a1d" />
    <TestEntry testId="a89402d9-0924-308b-7904-fd6477f0ee7b" executionId="e9fb1cc3-b20b-4ee5-bf87-eb4c81af282f" testListId="8c84fa94-04c1-424b-9868-57a2d4851a1d" />
    <TestEntry testId="1ef27b33-e8b2-8d88-5c2b-3857b2abb5f1" executionId="f5e7466e-7498-4732-8cab-ac4b6815009f" testListId="8c84fa94-04c1-424b-9868-57a2d4851a1d" />
    <TestEntry testId="154b62c9-dfe1-2527-f8d9-a357f66717ec" executionId="d71cb008-9ed9-48e7-b7cb-6781a6b24c8b" testListId="8c84fa94-04c1-424b-9868-57a2d4851a1d" />
    <TestEntry testId="4d5b8656-5c24-f46d-b781-bdd5173b1d4a" executionId="ec027688-a523-43dc-86a4-3684136b2df6" testListId="8c84fa94-04c1-424b-9868-57a2d4851a1d" />
    <TestEntry testId="ec5dab1e-1f0f-f383-92f5-6636c26252be" executionId="3d06df7a-c302-434f-86b5-b88e5e58f835" testListId="8c84fa94-04c1-424b-9868-57a2d4851a1d" />
    <TestEntry testId="e75caaaa-c0f2-35be-09ee-e95dc5be3d00" executionId="c7149672-f0fa-4c6c-aec1-d0e1d122f5ed" testListId="8c84fa94-04c1-424b-9868-57a2d4851a1d" />
    <TestEntry testId="01fada6a-9beb-d06b-6787-0781734f5b1d" executionId="4c2b5178-ec93-4368-9195-301a9d7ad885" testListId="8c84fa94-04c1-424b-9868-57a2d4851a1d" />
    <TestEntry testId="bae85a23-fcdf-5f3d-d506-0fa1d219f067" executionId="ddb23151-d0da-4249-8c2f-66273acab772" testListId="8c84fa94-04c1-424b-9868-57a2d4851a1d" />
    <TestEntry testId="1f334c79-0062-1fd4-b393-16846c0c4410" executionId="5ddaf72c-b102-4841-9096-5652fc5af72c" testListId="8c84fa94-04c1-424b-9868-57a2d4851a1d" />
    <TestEntry testId="d9ebdab0-e0e1-4dfb-e6ef-0b0976546f6d" executionId="a67bad4b-0b30-4d0c-9bd0-65a30545c4b7" testListId="8c84fa94-04c1-424b-9868-57a2d4851a1d" />
    <TestEntry testId="0c97d759-0190-10c2-9a46-6ea0e0639ab1" executionId="44b36c5b-c6e8-4663-95f2-56600b450328" testListId="8c84fa94-04c1-424b-9868-57a2d4851a1d" />
    <TestEntry testId="ed4eeeaf-65c2-fe54-b0e2-7f711f9498db" executionId="a7382b92-1f76-4ed8-8dca-a13d117be433" testListId="8c84fa94-04c1-424b-9868-57a2d4851a1d" />
  </TestEntries>
  <TestLists>
    <TestList name="Results Not in a List" id="8c84fa94-04c1-424b-9868-57a2d4851a1d" />
    <TestList name="All Loaded Results" id="19431567-8539-422a-85d7-44ee4e166bda" />
  </TestLists>
  <ResultSummary outcome="Failed">
    <Counters total="243" executed="242" passed="240" failed="2" error="0" timeout="0" aborted="0" inconclusive="0" passedButRunAborted="0" notRunnable="0" notExecuted="0" disconnected="0" warning="0" completed="0" inProgress="0" pending="0" />
    <Output>
      <StdOut>[xUnit.net 00:00:00.00] xUnit.net VSTest Adapter v2.4.3+1b45f5407b (64-bit .NET 6.0.6)
[xUnit.net 00:00:00.70]   Discovering: CodexBootstrap.Tests
[xUnit.net 00:00:00.74]   Discovered:  CodexBootstrap.Tests
[xUnit.net 00:00:00.74]   Starting:    CodexBootstrap.Tests
[xUnit.net 00:00:01.07]       Expected waterEdges 
[xUnit.net 00:00:01.07]       {
[xUnit.net 00:00:01.07]           &lt;null&gt;, 
[xUnit.net 00:00:01.07]           CodexBootstrap.Core.Edge
[xUnit.net 00:00:01.07]           {
[xUnit.net 00:00:01.07]               FromId = "restart-ice-1", 
[xUnit.net 00:00:01.07]               Meta = {["type"] = "mixed"}, 
[xUnit.net 00:00:01.07]               Role = "ice-to-water", 
[xUnit.net 00:00:01.07]               ToId = "restart-water-1", 
[xUnit.net 00:00:01.07]               Weight = 0.5
[xUnit.net 00:00:01.07]           }
[xUnit.net 00:00:01.07]       } to have an item matching ((((e != null) AndAlso (e.FromId == "restart-water-1")) AndAlso (e.ToId == "restart-water-2")) AndAlso (e.Role == "water-flows")).
[xUnit.net 00:00:01.07]       Stack Trace:
[xUnit.net 00:00:01.07]            at FluentAssertions.Execution.XUnit2TestFramework.Throw(String message)
[xUnit.net 00:00:01.07]            at FluentAssertions.Execution.TestFrameworkProvider.Throw(String message)
[xUnit.net 00:00:01.07]            at FluentAssertions.Execution.DefaultAssertionStrategy.HandleFailure(String message)
[xUnit.net 00:00:01.07]            at FluentAssertions.Execution.AssertionScope.FailWith(Func`1 failReasonFunc)
[xUnit.net 00:00:01.07]            at FluentAssertions.Execution.AssertionScope.FailWith(Func`1 failReasonFunc)
[xUnit.net 00:00:01.07]            at FluentAssertions.Execution.AssertionScope.FailWith(String message, Object[] args)
[xUnit.net 00:00:01.07]            at FluentAssertions.Collections.GenericCollectionAssertions`3.Contain(Expression`1 predicate, String because, Object[] becauseArgs)
[xUnit.net 00:00:01.08]         /Users/ursmuff/source/Living-Codex-CSharp/src/CodexBootstrap.Tests/Core/StateTransitionTests.cs(323,0): at CodexBootstrap.Tests.Core.StateTransitionTests.ServerRestart_ShouldMaintainEdgePersistenceInCorrectBackends()
[xUnit.net 00:00:01.08]         --- End of stack trace from previous location ---
[xUnit.net 00:00:25.41]       Resonance matrix integration edges not guaranteed during initial seed; enable when implemented
Test 'CodexBootstrap.Tests.UCoreOntologyTests.ResonanceMatrix_Should_ExistAndIntegrateAxes' was skipped in the test run.
[xUnit.net 00:01:37.96]       Expected actualRestoredCount to be 75, but found 73 (difference of -2).
[xUnit.net 00:01:37.96]       Stack Trace:
[xUnit.net 00:01:37.96]            at FluentAssertions.Execution.XUnit2TestFramework.Throw(String message)
[xUnit.net 00:01:37.96]            at FluentAssertions.Execution.TestFrameworkProvider.Throw(String message)
[xUnit.net 00:01:37.96]            at FluentAssertions.Execution.DefaultAssertionStrategy.HandleFailure(String message)
[xUnit.net 00:01:37.96]            at FluentAssertions.Execution.AssertionScope.FailWith(Func`1 failReasonFunc)
[xUnit.net 00:01:37.96]            at FluentAssertions.Numeric.NumericAssertions`2.Be(T expected, String because, Object[] becauseArgs)
[xUnit.net 00:01:37.96]         /Users/ursmuff/source/Living-Codex-CSharp/src/CodexBootstrap.Tests/Core/NodePersistenceTests.cs(1253,0): at CodexBootstrap.Tests.Core.NodePersistenceTests.StressTest_ManyNodesAndEdges_ShouldMaintainPerformance()
[xUnit.net 00:01:37.96]         --- End of stack trace from previous location ---
[xUnit.net 00:01:50.93]   Finished:    CodexBootstrap.Tests
</StdOut>
    </Output>
    <RunInfos>
      <RunInfo computerName="Seeker-Mac" outcome="Error" timestamp="2025-09-22T05:29:47.9347180-06:00">
        <Text>[xUnit.net 00:00:01.07]     CodexBootstrap.Tests.Core.StateTransitionTests.ServerRestart_ShouldMaintainEdgePersistenceInCorrectBackends [FAIL]</Text>
      </RunInfo>
      <RunInfo computerName="Seeker-Mac" outcome="Warning" timestamp="2025-09-22T05:30:12.2741800-06:00">
        <Text>[xUnit.net 00:00:25.41]     CodexBootstrap.Tests.UCoreOntologyTests.ResonanceMatrix_Should_ExistAndIntegrateAxes [SKIP]</Text>
      </RunInfo>
      <RunInfo computerName="Seeker-Mac" outcome="Error" timestamp="2025-09-22T05:31:24.8214270-06:00">
        <Text>[xUnit.net 00:01:37.96]     CodexBootstrap.Tests.Core.NodePersistenceTests.StressTest_ManyNodesAndEdges_ShouldMaintainPerformance [FAIL]</Text>
      </RunInfo>
    </RunInfos>
  </ResultSummary>
</TestRun>