<?xml version="1.0" encoding="utf-8"?>
<TestRun id="64b0bcdc-6823-4d2f-bc3e-633793d3d91d" name="@Seeker-Mac 2025-09-24 03:25:51" xmlns="http://microsoft.com/schemas/VisualStudio/TeamTest/2010">
  <Times creation="2025-09-24T03:25:51.9043230-06:00" queuing="2025-09-24T03:25:51.9043230-06:00" start="2025-09-24T03:25:48.1213790-06:00" finish="2025-09-24T03:28:19.3960860-06:00" />
  <TestSettings name="default" id="fb285bf2-43d9-41a8-a212-66253166fc56">
    <Deployment runDeploymentRoot="_Seeker-Mac_2025-09-24_03_25_51" />
  </TestSettings>
  <Results>
    <UnitTestResult executionId="ebba34b3-cb9e-4270-b1f8-ab4815d9b9b9" testId="bae85a23-fcdf-5f3d-d506-0fa1d219f067" testName="CodexBootstrap.Tests.Modules.NewsModuleApiTests.GetTrendingTopics_ShouldRespondWithinAcceptableTime" computerName="Seeker-Mac" duration="00:00:00.0114827" startTime="2025-09-24T03:28:13.9991370-06:00" endTime="2025-09-24T03:28:13.9991370-06:00" testType="13cdc9d9-ddb5-4fa4-a97d-d965ccfc6d4b" outcome="Passed" testListId="8c84fa94-04c1-424b-9868-57a2d4851a1d" relativeResultsDirectory="ebba34b3-cb9e-4270-b1f8-ab4815d9b9b9" />
    <UnitTestResult executionId="d1aa6609-4059-4c8e-a379-5c56e891a0b9" testId="7814cc71-5384-55ab-b67a-fb18f5ac5c5f" testName="CodexBootstrap.Tests.Modules.GalleryModuleTests.GetGalleryItem_WithNonExistentId_ReturnsError" computerName="Seeker-Mac" duration="00:00:00.0105279" startTime="2025-09-24T03:26:00.6078250-06:00" endTime="2025-09-24T03:26:00.6078250-06:00" testType="13cdc9d9-ddb5-4fa4-a97d-d965ccfc6d4b" outcome="Passed" testListId="8c84fa94-04c1-424b-9868-57a2d4851a1d" relativeResultsDirectory="d1aa6609-4059-4c8e-a379-5c56e891a0b9" />
    <UnitTestResult executionId="528c854f-2266-43b4-896a-b5a3e31dfa23" testId="0eb841ee-4360-bfaa-b760-47ef164dac80" testName="CodexBootstrap.Tests.Modules.EnergyModuleApiTests.GetCollectiveEnergy_ShouldReturnEnergyValue_WhenImplemented" computerName="Seeker-Mac" duration="00:00:00.0025986" startTime="2025-09-24T03:25:51.8018510-06:00" endTime="2025-09-24T03:25:51.8018510-06:00" testType="13cdc9d9-ddb5-4fa4-a97d-d965ccfc6d4b" outcome="Passed" testListId="8c84fa94-04c1-424b-9868-57a2d4851a1d" relativeResultsDirectory="528c854f-2266-43b4-896a-b5a3e31dfa23" />
    <UnitTestResult executionId="5b83a11f-a961-48a2-8790-7c225e657a96" testId="419a8404-3052-a939-642f-9bc8d54507ed" testName="CodexBootstrap.Tests.Modules.EnergyModuleApiTests.GetCollectiveEnergy_ShouldRespondWithinAcceptableTime_WhenImplemented" computerName="Seeker-Mac" duration="00:00:00.0031408" startTime="2025-09-24T03:25:51.7990500-06:00" endTime="2025-09-24T03:25:51.7990500-06:00" testType="13cdc9d9-ddb5-4fa4-a97d-d965ccfc6d4b" outcome="Passed" testListId="8c84fa94-04c1-424b-9868-57a2d4851a1d" relativeResultsDirectory="5b83a11f-a961-48a2-8790-7c225e657a96" />
    <UnitTestResult executionId="5c94cb19-2e2b-44d1-9a67-ae1e8eae90cf" testId="e568615c-3c9c-33c8-6eac-74638b778c06" testName="CodexBootstrap.Tests.Modules.FileSystemModuleTests.GetAllFileNodes_WithFileTypeFilter_ReturnsFilteredResults" computerName="Seeker-Mac" duration="00:00:00.1420155" startTime="2025-09-24T03:27:27.7421510-06:00" endTime="2025-09-24T03:27:27.7421510-06:00" testType="13cdc9d9-ddb5-4fa4-a97d-d965ccfc6d4b" outcome="Passed" testListId="8c84fa94-04c1-424b-9868-57a2d4851a1d" relativeResultsDirectory="5c94cb19-2e2b-44d1-9a67-ae1e8eae90cf" />
    <UnitTestResult executionId="0b96aa3c-5b2e-4436-9fd9-d1a41258d5f3" testId="ec5dab1e-1f0f-f383-92f5-6636c26252be" testName="CodexBootstrap.Tests.Core.NodePersistenceTests.DataIntegrity_ComplexContent_ShouldPersistCorrectly" computerName="Seeker-Mac" duration="00:00:00.1051178" startTime="2025-09-24T03:26:46.8607480-06:00" endTime="2025-09-24T03:26:46.8607480-06:00" testType="13cdc9d9-ddb5-4fa4-a97d-d965ccfc6d4b" outcome="Passed" testListId="8c84fa94-04c1-424b-9868-57a2d4851a1d" relativeResultsDirectory="0b96aa3c-5b2e-4436-9fd9-d1a41258d5f3" />
    <UnitTestResult executionId="44e296d3-7ac1-41b1-8a7b-8ba3cf2bb81e" testId="bea25778-24d9-fe1b-fa56-cac425810a84" testName="CodexBootstrap.Tests.Core.StateTransitionTests.NodeStateTransition_OneNodeToGas_ShouldMakeEdgeGas" computerName="Seeker-Mac" duration="00:00:00.3167139" startTime="2025-09-24T03:27:29.2824110-06:00" endTime="2025-09-24T03:27:29.2824110-06:00" testType="13cdc9d9-ddb5-4fa4-a97d-d965ccfc6d4b" outcome="Passed" testListId="8c84fa94-04c1-424b-9868-57a2d4851a1d" relativeResultsDirectory="44e296d3-7ac1-41b1-8a7b-8ba3cf2bb81e" />
    <UnitTestResult executionId="a0b67138-8532-4581-9822-cdeabd9eacd2" testId="f7b0b764-6d52-78e1-ce67-39dccd32fc90" testName="CodexBootstrap.Tests.Core.NodePersistenceTests.EdgePersistence_MixedStates_ShouldBeGas" computerName="Seeker-Mac" duration="00:00:00.2135254" startTime="2025-09-24T03:26:48.1384980-06:00" endTime="2025-09-24T03:26:48.1384990-06:00" testType="13cdc9d9-ddb5-4fa4-a97d-d965ccfc6d4b" outcome="Passed" testListId="8c84fa94-04c1-424b-9868-57a2d4851a1d" relativeResultsDirectory="a0b67138-8532-4581-9822-cdeabd9eacd2" />
    <UnitTestResult executionId="ba99b7ee-347f-4e33-a889-b5067ff4f51f" testId="a1457caa-f4c9-ba63-922a-5d90fbfc1363" testName="CodexBootstrap.Tests.Core.NodeRegistryTests.GetEdgesFrom_ShouldReturnEdgesFromSpecificNode" computerName="Seeker-Mac" duration="00:00:00.0015872" startTime="2025-09-24T03:27:18.2898330-06:00" endTime="2025-09-24T03:27:18.2898330-06:00" testType="13cdc9d9-ddb5-4fa4-a97d-d965ccfc6d4b" outcome="Passed" testListId="8c84fa94-04c1-424b-9868-57a2d4851a1d" relativeResultsDirectory="ba99b7ee-347f-4e33-a889-b5067ff4f51f" />
    <UnitTestResult executionId="15bea49a-e8e0-4a3f-a15f-b947f53e1ba0" testId="26e7a1ad-63a6-c657-4516-74b5caa9040c" testName="CodexBootstrap.Tests.Core.NodePersistenceTests.ConcurrentOperations_ShouldMaintainConsistency" computerName="Seeker-Mac" duration="00:00:00.2173702" startTime="2025-09-24T03:26:46.4488020-06:00" endTime="2025-09-24T03:26:46.4488020-06:00" testType="13cdc9d9-ddb5-4fa4-a97d-d965ccfc6d4b" outcome="Passed" testListId="8c84fa94-04c1-424b-9868-57a2d4851a1d" relativeResultsDirectory="15bea49a-e8e0-4a3f-a15f-b947f53e1ba0" />
    <UnitTestResult executionId="d02e6390-b4d4-4ab1-8613-b1c9252498a9" testId="d7af24cc-1160-9a7c-4a14-3e64c6768ae5" testName="CodexBootstrap.Tests.ComprehensiveEndpointDiscovery.SwaggerEndpoint_ShouldReturnApiDocumentation" computerName="Seeker-Mac" duration="00:00:00.0017767" startTime="2025-09-24T03:27:42.0223840-06:00" endTime="2025-09-24T03:27:42.0223840-06:00" testType="13cdc9d9-ddb5-4fa4-a97d-d965ccfc6d4b" outcome="Passed" testListId="8c84fa94-04c1-424b-9868-57a2d4851a1d" relativeResultsDirectory="d02e6390-b4d4-4ab1-8613-b1c9252498a9" />
    <UnitTestResult executionId="f6197243-4ab2-4309-ab5c-2f0774dc3fba" testId="079febbc-fefa-997d-a518-2bb9b896a10f" testName="CodexBootstrap.Tests.ApiEndpointTests.Modules_ShouldReturnModuleList" computerName="Seeker-Mac" duration="00:00:00.0047482" startTime="2025-09-24T03:27:41.9636620-06:00" endTime="2025-09-24T03:27:41.9636620-06:00" testType="13cdc9d9-ddb5-4fa4-a97d-d965ccfc6d4b" outcome="Passed" testListId="8c84fa94-04c1-424b-9868-57a2d4851a1d" relativeResultsDirectory="f6197243-4ab2-4309-ab5c-2f0774dc3fba" />
    <UnitTestResult executionId="5fb6907a-ffb1-4a6e-a940-393097950d56" testId="4eb589ee-9d4d-03f8-74f4-3090e3f3a730" testName="CodexBootstrap.Tests.Modules.ThreadsModuleTests.CreateThread_WithValidData_CreatesSuccessfully" computerName="Seeker-Mac" duration="00:00:00.0031000" startTime="2025-09-24T03:26:22.5572400-06:00" endTime="2025-09-24T03:26:22.5572400-06:00" testType="13cdc9d9-ddb5-4fa4-a97d-d965ccfc6d4b" outcome="Passed" testListId="8c84fa94-04c1-424b-9868-57a2d4851a1d" relativeResultsDirectory="5fb6907a-ffb1-4a6e-a940-393097950d56" />
    <UnitTestResult executionId="8f24134d-7f53-4bba-b04d-709595e05ec8" testId="93e90a79-2955-16ca-0032-f17795f74b9e" testName="CodexBootstrap.Tests.Core.NodeRegistryUserRepositoryTests.CreateAsync_ShouldPersistUserAsWaterNode" computerName="Seeker-Mac" duration="00:00:00.0059075" startTime="2025-09-24T03:26:35.5612400-06:00" endTime="2025-09-24T03:26:35.5612400-06:00" testType="13cdc9d9-ddb5-4fa4-a97d-d965ccfc6d4b" outcome="Passed" testListId="8c84fa94-04c1-424b-9868-57a2d4851a1d" relativeResultsDirectory="8f24134d-7f53-4bba-b04d-709595e05ec8" />
    <UnitTestResult executionId="353260dd-b08d-4929-ad43-852917482a98" testId="9703efcc-6a13-36f7-cf46-5b1fef7db5be" testName="CodexBootstrap.Tests.Modules.ConceptModuleApiTests.CreateConceptLegacy_ShouldReturnSuccess_WhenValidRequest" computerName="Seeker-Mac" duration="00:00:00.0220543" startTime="2025-09-24T03:26:30.0675040-06:00" endTime="2025-09-24T03:26:30.0675040-06:00" testType="13cdc9d9-ddb5-4fa4-a97d-d965ccfc6d4b" outcome="Passed" testListId="8c84fa94-04c1-424b-9868-57a2d4851a1d" relativeResultsDirectory="353260dd-b08d-4929-ad43-852917482a98" />
    <UnitTestResult executionId="d1d5c050-e039-4e6d-b1ee-03a3bf8d54d4" testId="9278bdb8-7599-f5f4-b1ea-3e31a3ba566f" testName="CodexBootstrap.Tests.NewsSourceTests.NewsIngestion_Should_CreateValidNewsItems" computerName="Seeker-Mac" duration="00:00:03.0114424" startTime="2025-09-24T03:27:03.8494760-06:00" endTime="2025-09-24T03:27:03.8494760-06:00" testType="13cdc9d9-ddb5-4fa4-a97d-d965ccfc6d4b" outcome="Passed" testListId="8c84fa94-04c1-424b-9868-57a2d4851a1d" relativeResultsDirectory="d1d5c050-e039-4e6d-b1ee-03a3bf8d54d4" />
    <UnitTestResult executionId="b2da19fb-c724-4812-b36c-80aa2cb3022f" testId="223d2f32-df21-1170-abbc-18413ef59c92" testName="CodexBootstrap.Tests.NewsSourceTests.NewsSourceTypes_Should_BeValid" computerName="Seeker-Mac" duration="00:00:01.0103998" startTime="2025-09-24T03:27:00.8331420-06:00" endTime="2025-09-24T03:27:00.8331420-06:00" testType="13cdc9d9-ddb5-4fa4-a97d-d965ccfc6d4b" outcome="Passed" testListId="8c84fa94-04c1-424b-9868-57a2d4851a1d" relativeResultsDirectory="b2da19fb-c724-4812-b36c-80aa2cb3022f" />
    <UnitTestResult executionId="f8a89c4b-1edc-4d37-aae2-bcbbe04c6d58" testId="19691bde-a850-be64-1937-e776a14dda46" testName="CodexBootstrap.Tests.Modules.NodeEdgeModuleApiTests.GetEdge_ShouldReturnNotFound_WhenNotImplemented" computerName="Seeker-Mac" duration="00:00:00.0062401" startTime="2025-09-24T03:27:21.8302160-06:00" endTime="2025-09-24T03:27:21.8302160-06:00" testType="13cdc9d9-ddb5-4fa4-a97d-d965ccfc6d4b" outcome="Passed" testListId="8c84fa94-04c1-424b-9868-57a2d4851a1d" relativeResultsDirectory="f8a89c4b-1edc-4d37-aae2-bcbbe04c6d58" />
    <UnitTestResult executionId="f0d196a1-46f5-4964-aa6a-38e0d19a7530" testId="779c2e27-af4c-ae6c-e16f-ac2d878c1918" testName="CodexBootstrap.Tests.Modules.FutureKnowledgeModuleTests.GetTrendingPatterns_WithImplementation_ReturnsSuccess" computerName="Seeker-Mac" duration="00:00:00.0028539" startTime="2025-09-24T03:26:15.0932710-06:00" endTime="2025-09-24T03:26:15.0932710-06:00" testType="13cdc9d9-ddb5-4fa4-a97d-d965ccfc6d4b" outcome="Passed" testListId="8c84fa94-04c1-424b-9868-57a2d4851a1d" relativeResultsDirectory="f0d196a1-46f5-4964-aa6a-38e0d19a7530" />
    <UnitTestResult executionId="d2357f00-ac51-4c2d-b482-417b45266e3b" testId="8526b0ec-4803-dd78-6467-133c6f30ed12" testName="CodexBootstrap.Tests.Modules.FileSystemModuleTests.UpdateFileContent_WithValidRequest_UpdatesFileAndNode" computerName="Seeker-Mac" duration="00:00:00.0843740" startTime="2025-09-24T03:27:27.5987420-06:00" endTime="2025-09-24T03:27:27.5987420-06:00" testType="13cdc9d9-ddb5-4fa4-a97d-d965ccfc6d4b" outcome="Failed" testListId="8c84fa94-04c1-424b-9868-57a2d4851a1d" relativeResultsDirectory="d2357f00-ac51-4c2d-b482-417b45266e3b">
      <Output>
        <ErrorInfo>
          <Message>Method returned error: File node 'file:UpdateTest.cs' not found
Expected: True
Actual:   False</Message>
          <StackTrace>   at CodexBootstrap.Tests.Modules.FileSystemModuleTests.UpdateFileContent_WithValidRequest_UpdatesFileAndNode() in /Users/ursmuff/source/Living-Codex-CSharp/src/CodexBootstrap.Tests/Modules/FileSystemModuleTests.cs:line 191
--- End of stack trace from previous location ---</StackTrace>
        </ErrorInfo>
      </Output>
    </UnitTestResult>
    <UnitTestResult executionId="0234831e-e9be-4f36-9fc4-67a7799e7024" testId="414bd08a-1856-619a-1a2c-f8de6ed4b859" testName="CodexBootstrap.Tests.Modules.FileSystemModuleTests.SearchFiles_WithContentSearch_FindsMatches" computerName="Seeker-Mac" duration="00:00:00.0950710" startTime="2025-09-24T03:27:28.5314110-06:00" endTime="2025-09-24T03:27:28.5314110-06:00" testType="13cdc9d9-ddb5-4fa4-a97d-d965ccfc6d4b" outcome="Passed" testListId="8c84fa94-04c1-424b-9868-57a2d4851a1d" relativeResultsDirectory="0234831e-e9be-4f36-9fc4-67a7799e7024" />
    <UnitTestResult executionId="030571cf-da76-463a-876c-a4a0ef2a86e4" testId="af1e193b-6914-4dd6-b3ed-2ac18e2a1b23" testName="CodexBootstrap.Tests.Modules.ConceptModuleApiTests.UpdateConcept_ShouldReturnSuccess_WhenConceptExists" computerName="Seeker-Mac" duration="00:00:00.0042797" startTime="2025-09-24T03:26:30.1003770-06:00" endTime="2025-09-24T03:26:30.1003770-06:00" testType="13cdc9d9-ddb5-4fa4-a97d-d965ccfc6d4b" outcome="Passed" testListId="8c84fa94-04c1-424b-9868-57a2d4851a1d" relativeResultsDirectory="030571cf-da76-463a-876c-a4a0ef2a86e4" />
    <UnitTestResult executionId="9dcb215b-5018-4dc4-ad5e-f298880ad92d" testId="c3abd107-5e96-3579-b50c-c5c9526624a6" testName="CodexBootstrap.Tests.Modules.RealAIConceptExtractionTests.ExtractConceptsFromRealNewsArticle_ShouldReturnValidConcepts" computerName="Seeker-Mac" duration="00:00:06.6268659" startTime="2025-09-24T03:27:55.1175120-06:00" endTime="2025-09-24T03:27:55.1175120-06:00" testType="13cdc9d9-ddb5-4fa4-a97d-d965ccfc6d4b" outcome="Passed" testListId="8c84fa94-04c1-424b-9868-57a2d4851a1d" relativeResultsDirectory="9dcb215b-5018-4dc4-ad5e-f298880ad92d" />
    <UnitTestResult executionId="29668553-f1a5-4d25-89fb-fe6aa8dcc24f" testId="d97a6a51-1d28-ab30-5e6f-d68d2a74dcbf" testName="CodexBootstrap.Tests.Modules.ConceptModuleApiTests.CreateConcept_ShouldReturnBadRequest_WhenInvalidRequest" computerName="Seeker-Mac" duration="00:00:00.0050879" startTime="2025-09-24T03:26:30.0911530-06:00" endTime="2025-09-24T03:26:30.0911530-06:00" testType="13cdc9d9-ddb5-4fa4-a97d-d965ccfc6d4b" outcome="Passed" testListId="8c84fa94-04c1-424b-9868-57a2d4851a1d" relativeResultsDirectory="29668553-f1a5-4d25-89fb-fe6aa8dcc24f" />
    <UnitTestResult executionId="0a0b7e9e-26ed-411f-8736-6feaf2accd89" testId="a4d19a43-eee6-b34b-17f0-66d7158f5890" testName="CodexBootstrap.Tests.Modules.ConceptModuleApiTests.GetConcept_ShouldReturnConcept_WhenConceptExists" computerName="Seeker-Mac" duration="00:00:00.0045670" startTime="2025-09-24T03:26:30.0958810-06:00" endTime="2025-09-24T03:26:30.0958810-06:00" testType="13cdc9d9-ddb5-4fa4-a97d-d965ccfc6d4b" outcome="Passed" testListId="8c84fa94-04c1-424b-9868-57a2d4851a1d" relativeResultsDirectory="0a0b7e9e-26ed-411f-8736-6feaf2accd89" />
    <UnitTestResult executionId="292ab081-6563-4d0a-8cb0-43d0abebea54" testId="5f8249b6-8a38-f488-9401-fb030ff393d5" testName="CodexBootstrap.Tests.Modules.EnergyModuleApiTests.GetContributorEnergy_ShouldReturnSuccess_WhenImplemented" computerName="Seeker-Mac" duration="00:00:00.0018180" startTime="2025-09-24T03:25:51.9432340-06:00" endTime="2025-09-24T03:25:51.9432340-06:00" testType="13cdc9d9-ddb5-4fa4-a97d-d965ccfc6d4b" outcome="Passed" testListId="8c84fa94-04c1-424b-9868-57a2d4851a1d" relativeResultsDirectory="292ab081-6563-4d0a-8cb0-43d0abebea54" />
    <UnitTestResult executionId="4f11dcba-7098-4be6-9fbb-339509a0db77" testId="f1200e70-c88e-dbc8-b7b0-014a66ebf8a6" testName="CodexBootstrap.Tests.Modules.NewsModuleApiTests.GetNewsFeed_ShouldReturnNewsItems_WhenImplemented" computerName="Seeker-Mac" duration="00:00:00.0272701" startTime="2025-09-24T03:28:13.9705490-06:00" endTime="2025-09-24T03:28:13.9705490-06:00" testType="13cdc9d9-ddb5-4fa4-a97d-d965ccfc6d4b" outcome="Passed" testListId="8c84fa94-04c1-424b-9868-57a2d4851a1d" relativeResultsDirectory="4f11dcba-7098-4be6-9fbb-339509a0db77" />
    <UnitTestResult executionId="41ef2675-80c5-472d-8eb9-0e6af9a1c6e2" testId="950d7da6-55b8-4b89-a3fb-a58cb4462695" testName="CodexBootstrap.Tests.Modules.FileSystemModuleTests.GetProjectTree_WithValidProject_ReturnsTreeStructure" computerName="Seeker-Mac" duration="00:00:00.1410833" startTime="2025-09-24T03:27:28.4356180-06:00" endTime="2025-09-24T03:27:28.4356180-06:00" testType="13cdc9d9-ddb5-4fa4-a97d-d965ccfc6d4b" outcome="Passed" testListId="8c84fa94-04c1-424b-9868-57a2d4851a1d" relativeResultsDirectory="41ef2675-80c5-472d-8eb9-0e6af9a1c6e2" />
    <UnitTestResult executionId="f4d32fab-0fde-4774-b87a-3cc06884cb8f" testId="1c07a485-c5ef-f8ee-f55f-68f9eb497dae" testName="CodexBootstrap.Tests.Modules.IdentityModuleApiTests.Authenticate_ShouldReturnSuccess_WhenValidCredentials" computerName="Seeker-Mac" duration="00:00:00.0158668" startTime="2025-09-24T03:26:52.3619210-06:00" endTime="2025-09-24T03:26:52.3619210-06:00" testType="13cdc9d9-ddb5-4fa4-a97d-d965ccfc6d4b" outcome="Passed" testListId="8c84fa94-04c1-424b-9868-57a2d4851a1d" relativeResultsDirectory="f4d32fab-0fde-4774-b87a-3cc06884cb8f" />
    <UnitTestResult executionId="9ddb5e71-ca01-4cc3-a9e5-3867e60ada4b" testId="d34512b0-24c2-85cf-1218-fa33c4d381bf" testName="CodexBootstrap.Tests.Modules.NoMockDataRegressionTests.ModuleEndpoints_WithInvalidData_ReturnCleanErrors(endpoint: &quot;/ux-primitives/invite&quot;)" computerName="Seeker-Mac" duration="00:00:00.0016946" startTime="2025-09-24T03:27:34.1779880-06:00" endTime="2025-09-24T03:27:34.1779880-06:00" testType="13cdc9d9-ddb5-4fa4-a97d-d965ccfc6d4b" outcome="Passed" testListId="8c84fa94-04c1-424b-9868-57a2d4851a1d" relativeResultsDirectory="9ddb5e71-ca01-4cc3-a9e5-3867e60ada4b" />
    <UnitTestResult executionId="250253f6-0ec9-4f6b-adce-3b36b1c17823" testId="9dede88d-6de7-87ff-4549-77cfb8e6068f" testName="CodexBootstrap.Tests.Core.NodePersistenceTests.NodeStateTransition_Gas_ShouldNotPersist" computerName="Seeker-Mac" duration="00:00:00.1041942" startTime="2025-09-24T03:26:49.0645620-06:00" endTime="2025-09-24T03:26:49.0645620-06:00" testType="13cdc9d9-ddb5-4fa4-a97d-d965ccfc6d4b" outcome="Passed" testListId="8c84fa94-04c1-424b-9868-57a2d4851a1d" relativeResultsDirectory="250253f6-0ec9-4f6b-adce-3b36b1c17823" />
    <UnitTestResult executionId="d323eb66-77f2-4124-8b5c-ff822ba128bb" testId="511b09e9-fd91-89d6-3949-40db146ea6bd" testName="CodexBootstrap.Tests.Core.NodePersistenceTests.ServerRestart_GasNodes_ShouldNotSurviveRestart" computerName="Seeker-Mac" duration="00:00:00.1068304" startTime="2025-09-24T03:26:48.5523950-06:00" endTime="2025-09-24T03:26:48.5523950-06:00" testType="13cdc9d9-ddb5-4fa4-a97d-d965ccfc6d4b" outcome="Passed" testListId="8c84fa94-04c1-424b-9868-57a2d4851a1d" relativeResultsDirectory="d323eb66-77f2-4124-8b5c-ff822ba128bb" />
    <UnitTestResult executionId="0dde789f-0355-49fe-8711-82888f7ea326" testId="d9ebdab0-e0e1-4dfb-e6ef-0b0976546f6d" testName="CodexBootstrap.Tests.Core.LLMOrchestratorTests.ExecuteAsync_WithValidTemplate_ShouldReturnSuccessResponse" computerName="Seeker-Mac" duration="00:00:00.0001859" startTime="2025-09-24T03:27:27.3300930-06:00" endTime="2025-09-24T03:27:27.3300930-06:00" testType="13cdc9d9-ddb5-4fa4-a97d-d965ccfc6d4b" outcome="Passed" testListId="8c84fa94-04c1-424b-9868-57a2d4851a1d" relativeResultsDirectory="0dde789f-0355-49fe-8711-82888f7ea326" />
    <UnitTestResult executionId="d60df887-b658-438c-90b6-71eec0608591" testId="cda0a382-6483-cdc5-9e08-2b17d62c9076" testName="CodexBootstrap.Tests.Core.NodeRegistryTests.TryGet_WithNonExistentId_ShouldReturnFalse" computerName="Seeker-Mac" duration="00:00:00.0007381" startTime="2025-09-24T03:27:18.2985960-06:00" endTime="2025-09-24T03:27:18.2985960-06:00" testType="13cdc9d9-ddb5-4fa4-a97d-d965ccfc6d4b" outcome="Passed" testListId="8c84fa94-04c1-424b-9868-57a2d4851a1d" relativeResultsDirectory="d60df887-b658-438c-90b6-71eec0608591" />
    <UnitTestResult executionId="5a20e65c-eead-45bb-bfac-1c9f19e6f711" testId="356cc5a1-12a0-34cb-5f3e-4ae7f80efd3b" testName="CodexBootstrap.Tests.Modules.CoreModuleTests.RegisterApiHandlers_ShouldNotThrow" computerName="Seeker-Mac" duration="00:00:00.0011723" startTime="2025-09-24T03:26:05.9912790-06:00" endTime="2025-09-24T03:26:05.9912790-06:00" testType="13cdc9d9-ddb5-4fa4-a97d-d965ccfc6d4b" outcome="Passed" testListId="8c84fa94-04c1-424b-9868-57a2d4851a1d" relativeResultsDirectory="5a20e65c-eead-45bb-bfac-1c9f19e6f711" />
    <UnitTestResult executionId="55b0024e-0edd-4855-91d5-47821fdea959" testId="3ee13cb4-0958-6775-b9ba-c8af5a50fd57" testName="CodexBootstrap.Tests.IdentityTests.AuthenticateUser_ShouldAuthenticateValidUser" computerName="Seeker-Mac" duration="00:00:00.0293976" startTime="2025-09-24T03:27:42.5471520-06:00" endTime="2025-09-24T03:27:42.5471520-06:00" testType="13cdc9d9-ddb5-4fa4-a97d-d965ccfc6d4b" outcome="Failed" testListId="8c84fa94-04c1-424b-9868-57a2d4851a1d" relativeResultsDirectory="55b0024e-0edd-4855-91d5-47821fdea959">
      <Output>
        <ErrorInfo>
          <Message>Expected result {["success"] = False, ["message"] = Invalid credentials} to contain key "token".</Message>
          <StackTrace>   at FluentAssertions.Execution.XUnit2TestFramework.Throw(String message)
   at FluentAssertions.Execution.TestFrameworkProvider.Throw(String message)
   at FluentAssertions.Execution.DefaultAssertionStrategy.HandleFailure(String message)
   at FluentAssertions.Execution.AssertionScope.FailWith(Func`1 failReasonFunc)
   at FluentAssertions.Collections.GenericDictionaryAssertions`4.ContainKeys(IEnumerable`1 expected, String because, Object[] becauseArgs)
   at FluentAssertions.Collections.GenericDictionaryAssertions`4.ContainKey(TKey expected, String because, Object[] becauseArgs)
   at CodexBootstrap.Tests.IdentityTests.AuthenticateUser_ShouldAuthenticateValidUser() in /Users/ursmuff/source/Living-Codex-CSharp/src/CodexBootstrap.Tests/IdentityTests.cs:line 295
--- End of stack trace from previous location ---</StackTrace>
        </ErrorInfo>
      </Output>
    </UnitTestResult>
    <UnitTestResult executionId="fe942bad-ab27-4bff-a820-be2aef26d0f0" testId="4d3ca544-276f-5d6d-1805-2b375093f8dc" testName="CodexBootstrap.Tests.Core.NodePersistenceTests.NodeStateTransition_WaterToGas_ShouldRemoveFromStorage" computerName="Seeker-Mac" duration="00:00:00.2129215" startTime="2025-09-24T03:26:44.7732720-06:00" endTime="2025-09-24T03:26:44.7732720-06:00" testType="13cdc9d9-ddb5-4fa4-a97d-d965ccfc6d4b" outcome="Passed" testListId="8c84fa94-04c1-424b-9868-57a2d4851a1d" relativeResultsDirectory="fe942bad-ab27-4bff-a820-be2aef26d0f0" />
    <UnitTestResult executionId="bc756ede-b643-4272-b005-83cfcf87ca62" testId="e816d20a-430f-2d97-9262-77eb57c11839" testName="CodexBootstrap.Tests.Modules.CoreModuleTests.Register_ShouldRegisterModuleWithRegistry" computerName="Seeker-Mac" duration="00:00:00.0700395" startTime="2025-09-24T03:26:05.9875860-06:00" endTime="2025-09-24T03:26:05.9875870-06:00" testType="13cdc9d9-ddb5-4fa4-a97d-d965ccfc6d4b" outcome="Passed" testListId="8c84fa94-04c1-424b-9868-57a2d4851a1d" relativeResultsDirectory="bc756ede-b643-4272-b005-83cfcf87ca62" />
    <UnitTestResult executionId="3e2aca4c-4be8-4dc8-9cb4-743679b0fbc2" testId="0533f3e6-8f2d-57bf-a884-bf63325bfb90" testName="CodexBootstrap.Tests.UCoreOntologyTests.UCoreInitializer_Should_LoadAllBaseUCoreConcepts" computerName="Seeker-Mac" duration="00:00:00.0407663" startTime="2025-09-24T03:27:48.4901470-06:00" endTime="2025-09-24T03:27:48.4901470-06:00" testType="13cdc9d9-ddb5-4fa4-a97d-d965ccfc6d4b" outcome="Passed" testListId="8c84fa94-04c1-424b-9868-57a2d4851a1d" relativeResultsDirectory="3e2aca4c-4be8-4dc8-9cb4-743679b0fbc2" />
    <UnitTestResult executionId="af5dab2d-2d43-496d-b23f-fa1b944c80a9" testId="4bd130c7-f504-8b12-ce2a-87666fadd50e" testName="CodexBootstrap.Tests.Modules.NodeEdgeModuleApiTests.GetNodes_ShouldRespondWithinAcceptableTime" computerName="Seeker-Mac" duration="00:00:00.0039163" startTime="2025-09-24T03:27:21.8053470-06:00" endTime="2025-09-24T03:27:21.8053470-06:00" testType="13cdc9d9-ddb5-4fa4-a97d-d965ccfc6d4b" outcome="Passed" testListId="8c84fa94-04c1-424b-9868-57a2d4851a1d" relativeResultsDirectory="af5dab2d-2d43-496d-b23f-fa1b944c80a9" />
    <UnitTestResult executionId="10ff4380-00c4-4a23-8b5e-42b5d350fd88" testId="fcef5775-779a-bf15-6f5f-56cf4b7bf258" testName="CodexBootstrap.Tests.Modules.GalleryModuleTests.ModuleNode_HasCorrectProperties" computerName="Seeker-Mac" duration="00:00:00.0034419" startTime="2025-09-24T03:26:00.6319980-06:00" endTime="2025-09-24T03:26:00.6319980-06:00" testType="13cdc9d9-ddb5-4fa4-a97d-d965ccfc6d4b" outcome="Passed" testListId="8c84fa94-04c1-424b-9868-57a2d4851a1d" relativeResultsDirectory="10ff4380-00c4-4a23-8b5e-42b5d350fd88" />
    <UnitTestResult executionId="9d35ecb0-dd77-4e4a-a081-deb9ed01bee7" testId="c0bc4442-97e7-adf6-c86b-0290475ca07f" testName="CodexBootstrap.Tests.PortConfigurationTests.Modules_ShouldBeAvailableOnPort" computerName="Seeker-Mac" duration="00:00:00.0031360" startTime="2025-09-24T03:27:42.9156640-06:00" endTime="2025-09-24T03:27:42.9156640-06:00" testType="13cdc9d9-ddb5-4fa4-a97d-d965ccfc6d4b" outcome="Passed" testListId="8c84fa94-04c1-424b-9868-57a2d4851a1d" relativeResultsDirectory="9d35ecb0-dd77-4e4a-a081-deb9ed01bee7" />
    <UnitTestResult executionId="3d604a16-99cf-4584-b05b-84b42578e9a8" testId="739ddbc9-29fb-28c3-7b57-b5ec668cdd0c" testName="CodexBootstrap.Tests.Modules.IdentityModuleApiTests.GetIdentityProviders_ShouldReturnProvidersList" computerName="Seeker-Mac" duration="00:00:00.0020460" startTime="2025-09-24T03:26:52.3733270-06:00" endTime="2025-09-24T03:26:52.3733270-06:00" testType="13cdc9d9-ddb5-4fa4-a97d-d965ccfc6d4b" outcome="Passed" testListId="8c84fa94-04c1-424b-9868-57a2d4851a1d" relativeResultsDirectory="3d604a16-99cf-4584-b05b-84b42578e9a8" />
    <UnitTestResult executionId="6eee4f9c-b90a-4a1e-bcb2-cfc45758a2c9" testId="4e73c103-f467-67e6-7049-e34249ba699f" testName="CodexBootstrap.Tests.Modules.NewsModuleApiTests.SearchNews_ShouldReturnEmptyResults_WhenNoNewsAvailable" computerName="Seeker-Mac" duration="00:00:00.1213662" startTime="2025-09-24T03:28:13.9078770-06:00" endTime="2025-09-24T03:28:13.9078770-06:00" testType="13cdc9d9-ddb5-4fa4-a97d-d965ccfc6d4b" outcome="Passed" testListId="8c84fa94-04c1-424b-9868-57a2d4851a1d" relativeResultsDirectory="6eee4f9c-b90a-4a1e-bcb2-cfc45758a2c9" />
    <UnitTestResult executionId="cdb2b8ae-3bad-4c6c-80ad-eaec6e8e60d1" testId="1529436c-8c17-521b-037f-0f4a6c1e07b3" testName="CodexBootstrap.Tests.Modules.UXPrimitivesModuleTests.GetReceivedInvites_WithNoInvites_ReturnsEmptyList" computerName="Seeker-Mac" duration="00:00:00.0021936" startTime="2025-09-24T03:26:38.7915040-06:00" endTime="2025-09-24T03:26:38.7915040-06:00" testType="13cdc9d9-ddb5-4fa4-a97d-d965ccfc6d4b" outcome="Passed" testListId="8c84fa94-04c1-424b-9868-57a2d4851a1d" relativeResultsDirectory="cdb2b8ae-3bad-4c6c-80ad-eaec6e8e60d1" />
    <UnitTestResult executionId="20b59da5-8b71-4690-a4c0-90353b8b7113" testId="e9843f28-60bb-39a2-a561-28fdfd88f317" testName="CodexBootstrap.Tests.SimpleIntegrationTests.RootEndpoint_ShouldRespond" computerName="Seeker-Mac" duration="00:00:00.0023214" startTime="2025-09-24T03:28:19.3244130-06:00" endTime="2025-09-24T03:28:19.3244140-06:00" testType="13cdc9d9-ddb5-4fa4-a97d-d965ccfc6d4b" outcome="Passed" testListId="8c84fa94-04c1-424b-9868-57a2d4851a1d" relativeResultsDirectory="20b59da5-8b71-4690-a4c0-90353b8b7113" />
    <UnitTestResult executionId="5d2b3147-a3b4-4df7-b16f-07d6ae43d085" testId="7d68e180-4522-1c63-e2b7-817dd0b2a6e5" testName="CodexBootstrap.Tests.Modules.NewsModuleApiTests.GetTrendingTopics_ShouldAcceptHoursBackParameter" computerName="Seeker-Mac" duration="00:00:00.0187397" startTime="2025-09-24T03:28:13.9432160-06:00" endTime="2025-09-24T03:28:13.9432160-06:00" testType="13cdc9d9-ddb5-4fa4-a97d-d965ccfc6d4b" outcome="Passed" testListId="8c84fa94-04c1-424b-9868-57a2d4851a1d" relativeResultsDirectory="5d2b3147-a3b4-4df7-b16f-07d6ae43d085" />
    <UnitTestResult executionId="aca0d99d-5725-4027-807e-58d9bc9adedd" testId="65339b3c-9de7-638f-f604-692a2aef89ff" testName="CodexBootstrap.Tests.IdentityTests.IdentityProviders_ShouldReturnAvailableProviders" computerName="Seeker-Mac" duration="00:00:00.0096732" startTime="2025-09-24T03:27:42.5056770-06:00" endTime="2025-09-24T03:27:42.5056770-06:00" testType="13cdc9d9-ddb5-4fa4-a97d-d965ccfc6d4b" outcome="Passed" testListId="8c84fa94-04c1-424b-9868-57a2d4851a1d" relativeResultsDirectory="aca0d99d-5725-4027-807e-58d9bc9adedd" />
    <UnitTestResult executionId="ca552e40-762a-44f9-9d4f-7d135ad37763" testId="bba67bf0-0da8-2aa3-67ad-89c48663e058" testName="CodexBootstrap.Tests.Modules.FutureKnowledgeModuleTests.ModuleNode_HasCorrectProperties" computerName="Seeker-Mac" duration="00:00:00.0012319" startTime="2025-09-24T03:26:15.0945130-06:00" endTime="2025-09-24T03:26:15.0945130-06:00" testType="13cdc9d9-ddb5-4fa4-a97d-d965ccfc6d4b" outcome="Passed" testListId="8c84fa94-04c1-424b-9868-57a2d4851a1d" relativeResultsDirectory="ca552e40-762a-44f9-9d4f-7d135ad37763" />
    <UnitTestResult executionId="76057810-9843-4dfc-84bd-aa93e7b4cde2" testId="a117d892-9fd1-1ad8-8d90-f3c71328203c" testName="CodexBootstrap.Tests.Core.NodeRegistryTests.TryGet_WithExistingId_ShouldReturnNode" computerName="Seeker-Mac" duration="00:00:00.0008280" startTime="2025-09-24T03:27:18.2944070-06:00" endTime="2025-09-24T03:27:18.2944070-06:00" testType="13cdc9d9-ddb5-4fa4-a97d-d965ccfc6d4b" outcome="Passed" testListId="8c84fa94-04c1-424b-9868-57a2d4851a1d" relativeResultsDirectory="76057810-9843-4dfc-84bd-aa93e7b4cde2" />
    <UnitTestResult executionId="cf8d82f5-10f4-4472-bb15-5e5eeba50fb6" testId="075a023e-ceab-b914-c2b0-73dc9a4930e6" testName="CodexBootstrap.Tests.SimpleIntegrationTests.HealthEndpoint_ShouldReturnHealthyStatus" computerName="Seeker-Mac" duration="00:00:00.0034185" startTime="2025-09-24T03:28:19.3195230-06:00" endTime="2025-09-24T03:28:19.3195230-06:00" testType="13cdc9d9-ddb5-4fa4-a97d-d965ccfc6d4b" outcome="Passed" testListId="8c84fa94-04c1-424b-9868-57a2d4851a1d" relativeResultsDirectory="cf8d82f5-10f4-4472-bb15-5e5eeba50fb6" />
    <UnitTestResult executionId="af6d9799-4230-4440-aa20-42b4713c8ba4" testId="fc7bce22-4aa8-7f2e-5825-9a1561671044" testName="CodexBootstrap.Tests.Modules.NodeEdgeModuleApiTests.GetNode_ShouldReturnNode_WhenNodeExists" computerName="Seeker-Mac" duration="00:00:00.0153153" startTime="2025-09-24T03:27:21.8013250-06:00" endTime="2025-09-24T03:27:21.8013250-06:00" testType="13cdc9d9-ddb5-4fa4-a97d-d965ccfc6d4b" outcome="Passed" testListId="8c84fa94-04c1-424b-9868-57a2d4851a1d" relativeResultsDirectory="af6d9799-4230-4440-aa20-42b4713c8ba4" />
    <UnitTestResult executionId="17254a2d-9040-413e-89b5-0c7b0102c38b" testId="a5fef099-ba7b-ffee-c1d2-cd74a2ae92e6" testName="CodexBootstrap.Tests.IdentityTests.MockIdentityProvider_ShouldHandleCallback" computerName="Seeker-Mac" duration="00:00:00.3415490" startTime="2025-09-24T03:27:42.4067420-06:00" endTime="2025-09-24T03:27:42.4067420-06:00" testType="13cdc9d9-ddb5-4fa4-a97d-d965ccfc6d4b" outcome="Passed" testListId="8c84fa94-04c1-424b-9868-57a2d4851a1d" relativeResultsDirectory="17254a2d-9040-413e-89b5-0c7b0102c38b" />
    <UnitTestResult executionId="1d917721-f0a8-456e-95b5-568985da945b" testId="c5db2117-0201-03a3-9460-af9c37f77765" testName="CodexBootstrap.Tests.Modules.RealAIConceptExtractionTests.ExtractConceptsFromScientificNews_ShouldIdentifyScienceAndConsciousnessConcepts" computerName="Seeker-Mac" duration="00:00:05.6318201" startTime="2025-09-24T03:28:00.7501560-06:00" endTime="2025-09-24T03:28:00.7501560-06:00" testType="13cdc9d9-ddb5-4fa4-a97d-d965ccfc6d4b" outcome="Failed" testListId="8c84fa94-04c1-424b-9868-57a2d4851a1d" relativeResultsDirectory="1d917721-f0a8-456e-95b5-568985da945b">
      <Output>
        <ErrorInfo>
          <Message>Should extract consciousness-related concepts from scientific news
Expected: True
Actual:   False</Message>
          <StackTrace>   at CodexBootstrap.Tests.Modules.RealAIConceptExtractionTests.ExtractConceptsFromScientificNews_ShouldIdentifyScienceAndConsciousnessConcepts() in /Users/ursmuff/source/Living-Codex-CSharp/src/CodexBootstrap.Tests/Modules/RealAIConceptExtractionTests.cs:line 146
--- End of stack trace from previous location ---</StackTrace>
        </ErrorInfo>
      </Output>
    </UnitTestResult>
    <UnitTestResult executionId="b3149400-89df-477c-bd6d-45423138ddf7" testId="b16165b8-6f91-b918-f137-313f14ff474f" testName="CodexBootstrap.Tests.Core.StateTransitionTests.Edge_BetweenIceAndWaterNodes_ShouldPersistInWaterStorage" computerName="Seeker-Mac" duration="00:00:00.2048700" startTime="2025-09-24T03:27:30.5217830-06:00" endTime="2025-09-24T03:27:30.5217830-06:00" testType="13cdc9d9-ddb5-4fa4-a97d-d965ccfc6d4b" outcome="Passed" testListId="8c84fa94-04c1-424b-9868-57a2d4851a1d" relativeResultsDirectory="b3149400-89df-477c-bd6d-45423138ddf7" />
    <UnitTestResult executionId="0a312c19-103f-4250-9a60-f7b0554b6522" testId="48903600-7115-f18f-cfaa-40f126ec72dd" testName="CodexBootstrap.Tests.Core.NodePersistenceTests.NodeStateTransition_IceToWater_ShouldMoveStorage" computerName="Seeker-Mac" duration="00:00:00.2111739" startTime="2025-09-24T03:26:47.5931070-06:00" endTime="2025-09-24T03:26:47.5931070-06:00" testType="13cdc9d9-ddb5-4fa4-a97d-d965ccfc6d4b" outcome="Passed" testListId="8c84fa94-04c1-424b-9868-57a2d4851a1d" relativeResultsDirectory="0a312c19-103f-4250-9a60-f7b0554b6522" />
    <UnitTestResult executionId="6185de1f-ff55-47df-a9a9-22f09b8a109e" testId="c1c3c15c-2fd4-f407-447a-9b6a9260e785" testName="CodexBootstrap.Tests.Modules.FileSystemModuleTests.GetFileSystemStats_WithFiles_ReturnsStatistics" computerName="Seeker-Mac" duration="00:00:00.1161895" startTime="2025-09-24T03:27:27.4471800-06:00" endTime="2025-09-24T03:27:27.4471800-06:00" testType="13cdc9d9-ddb5-4fa4-a97d-d965ccfc6d4b" outcome="Passed" testListId="8c84fa94-04c1-424b-9868-57a2d4851a1d" relativeResultsDirectory="6185de1f-ff55-47df-a9a9-22f09b8a109e" />
    <UnitTestResult executionId="7bd4fd42-7562-4bda-9733-13bf4f300c28" testId="f3484da0-8315-cdca-e737-98c55468fb4e" testName="CodexBootstrap.Tests.Integration.ApiIntegrationTests.RootEndpoint_ShouldReturnResponse" computerName="Seeker-Mac" duration="00:00:00.0013226" startTime="2025-09-24T03:27:42.9454520-06:00" endTime="2025-09-24T03:27:42.9454520-06:00" testType="13cdc9d9-ddb5-4fa4-a97d-d965ccfc6d4b" outcome="Passed" testListId="8c84fa94-04c1-424b-9868-57a2d4851a1d" relativeResultsDirectory="7bd4fd42-7562-4bda-9733-13bf4f300c28" />
    <UnitTestResult executionId="f73e3851-d68f-4bb6-9785-054ea3a43a25" testId="ed4eeeaf-65c2-fe54-b0e2-7f711f9498db" testName="CodexBootstrap.Tests.Modules.NewsModuleApiTests.GetReadNews_ShouldReturnEmptyResults_WhenNoReadNews" computerName="Seeker-Mac" duration="00:00:00.0580224" startTime="2025-09-24T03:28:13.7859410-06:00" endTime="2025-09-24T03:28:13.7859410-06:00" testType="13cdc9d9-ddb5-4fa4-a97d-d965ccfc6d4b" outcome="Passed" testListId="8c84fa94-04c1-424b-9868-57a2d4851a1d" relativeResultsDirectory="f73e3851-d68f-4bb6-9785-054ea3a43a25" />
    <UnitTestResult executionId="7d71daf0-653d-44a6-bf5f-23a50df7f6a6" testId="43e2b03c-a2af-ef3b-ea65-35587a7a8502" testName="CodexBootstrap.Tests.Modules.NoMockDataRegressionTests.UserDiscovery_WithoutGeocoding_ShouldFailNotFallback" computerName="Seeker-Mac" duration="00:00:00.0020601" startTime="2025-09-24T03:27:34.2580920-06:00" endTime="2025-09-24T03:27:34.2580920-06:00" testType="13cdc9d9-ddb5-4fa4-a97d-d965ccfc6d4b" outcome="Passed" testListId="8c84fa94-04c1-424b-9868-57a2d4851a1d" relativeResultsDirectory="7d71daf0-653d-44a6-bf5f-23a50df7f6a6" />
    <UnitTestResult executionId="5dced5e2-6378-46bf-bfca-1c2dcfad572b" testId="2b034947-95be-beab-d32d-a72ae9771ccd" testName="CodexBootstrap.Tests.Modules.IdentityModuleApiTests.GetIdentityProviders_ShouldHandleConcurrentRequests" computerName="Seeker-Mac" duration="00:00:00.0053307" startTime="2025-09-24T03:26:52.3788970-06:00" endTime="2025-09-24T03:26:52.3788970-06:00" testType="13cdc9d9-ddb5-4fa4-a97d-d965ccfc6d4b" outcome="Passed" testListId="8c84fa94-04c1-424b-9868-57a2d4851a1d" relativeResultsDirectory="5dced5e2-6378-46bf-bfca-1c2dcfad572b" />
    <UnitTestResult executionId="f4f34920-20a0-4df5-8172-0b427d7c1fc5" testId="5c76b9d5-d314-d6a4-6bde-2bc1a5dcfc87" testName="CodexBootstrap.Tests.Modules.RealAIConceptExtractionTests.ExtractConceptsFromSpiritualNews_ShouldIdentifyTransformationAndUnityConcepts" computerName="Seeker-Mac" duration="00:00:09.6223465" startTime="2025-09-24T03:28:10.3726910-06:00" endTime="2025-09-24T03:28:10.3726910-06:00" testType="13cdc9d9-ddb5-4fa4-a97d-d965ccfc6d4b" outcome="Passed" testListId="8c84fa94-04c1-424b-9868-57a2d4851a1d" relativeResultsDirectory="f4f34920-20a0-4df5-8172-0b427d7c1fc5" />
    <UnitTestResult executionId="9fb7fad3-fb48-421a-a97c-1bf14cca0554" testId="154b62c9-dfe1-2527-f8d9-a357f66717ec" testName="CodexBootstrap.Tests.Modules.NodeEdgeModuleApiTests.GetNodes_ShouldHandleConcurrentRequests" computerName="Seeker-Mac" duration="00:00:00.0103565" startTime="2025-09-24T03:27:21.6930740-06:00" endTime="2025-09-24T03:27:21.6930740-06:00" testType="13cdc9d9-ddb5-4fa4-a97d-d965ccfc6d4b" outcome="Passed" testListId="8c84fa94-04c1-424b-9868-57a2d4851a1d" relativeResultsDirectory="9fb7fad3-fb48-421a-a97c-1bf14cca0554" />
    <UnitTestResult executionId="fc16c136-86d5-46e4-a70e-5db2e6597273" testId="9fd16290-2ffd-477a-8430-1b48345fb6df" testName="CodexBootstrap.Tests.UCoreOntologyTests.ResonanceMatrix_Should_ExistAndIntegrateAxes" computerName="Seeker-Mac" duration="00:00:00.0010000" startTime="2025-09-24T03:27:48.4499040-06:00" endTime="2025-09-24T03:27:48.4499040-06:00" testType="13cdc9d9-ddb5-4fa4-a97d-d965ccfc6d4b" outcome="NotExecuted" testListId="8c84fa94-04c1-424b-9868-57a2d4851a1d" relativeResultsDirectory="fc16c136-86d5-46e4-a70e-5db2e6597273">
      <Output>
        <StdOut>Resonance matrix integration edges not guaranteed during initial seed; enable when implemented</StdOut>
      </Output>
    </UnitTestResult>
    <UnitTestResult executionId="edbd466c-e3a0-41c5-9149-67a821f36c02" testId="5c474062-002c-63b6-812f-52223136dd77" testName="CodexBootstrap.Tests.Modules.NewsModuleApiTests.MarkNewsAsRead_ShouldReturnSuccess_WhenCalled" computerName="Seeker-Mac" duration="00:00:00.0127880" startTime="2025-09-24T03:28:13.9209610-06:00" endTime="2025-09-24T03:28:13.9209610-06:00" testType="13cdc9d9-ddb5-4fa4-a97d-d965ccfc6d4b" outcome="Passed" testListId="8c84fa94-04c1-424b-9868-57a2d4851a1d" relativeResultsDirectory="edbd466c-e3a0-41c5-9149-67a821f36c02" />
    <UnitTestResult executionId="ea9e3e8d-3a4d-4bbc-9d30-80f2f4374a59" testId="65b80104-e391-765d-11f2-1a66e8fb8050" testName="CodexBootstrap.Tests.Modules.AIModuleTests.RegisterHttpEndpoints_ShouldNotThrow" computerName="Seeker-Mac" duration="00:00:00.0002392" startTime="2025-09-24T03:26:44.0258850-06:00" endTime="2025-09-24T03:26:44.0258850-06:00" testType="13cdc9d9-ddb5-4fa4-a97d-d965ccfc6d4b" outcome="Passed" testListId="8c84fa94-04c1-424b-9868-57a2d4851a1d" relativeResultsDirectory="ea9e3e8d-3a4d-4bbc-9d30-80f2f4374a59" />
    <UnitTestResult executionId="26b4ff9e-390d-4e73-a705-f3f5d56a99f6" testId="8256c5d2-edc2-214d-dcf5-e682bf42598b" testName="CodexBootstrap.Tests.Modules.FutureKnowledgeModuleTests.DiscoverPatterns_WithImplementation_ReturnsSuccess" computerName="Seeker-Mac" duration="00:00:00.0032109" startTime="2025-09-24T03:26:15.1019770-06:00" endTime="2025-09-24T03:26:15.1019770-06:00" testType="13cdc9d9-ddb5-4fa4-a97d-d965ccfc6d4b" outcome="Passed" testListId="8c84fa94-04c1-424b-9868-57a2d4851a1d" relativeResultsDirectory="26b4ff9e-390d-4e73-a705-f3f5d56a99f6" />
    <UnitTestResult executionId="414265c4-4d79-4903-b81e-711a257f0c98" testId="aea25e69-8ef4-fcb6-b447-29de5becfc76" testName="CodexBootstrap.Tests.Core.NodePersistenceTests.EdgePersistence_WaterToWater_ShouldPersistInWaterStorage" computerName="Seeker-Mac" duration="00:00:00.2141456" startTime="2025-09-24T03:26:44.5599420-06:00" endTime="2025-09-24T03:26:44.5599420-06:00" testType="13cdc9d9-ddb5-4fa4-a97d-d965ccfc6d4b" outcome="Passed" testListId="8c84fa94-04c1-424b-9868-57a2d4851a1d" relativeResultsDirectory="414265c4-4d79-4903-b81e-711a257f0c98" />
    <UnitTestResult executionId="6bf39034-ddaf-448d-a5a6-2c97bba907c7" testId="c1296972-c12d-1979-50fb-ef6e48530532" testName="CodexBootstrap.Tests.Core.LLMOrchestratorTests.ExecuteAsync_WithUnavailableService_ShouldReturnFallback" computerName="Seeker-Mac" duration="00:00:00.0004090" startTime="2025-09-24T03:27:27.3300610-06:00" endTime="2025-09-24T03:27:27.3300610-06:00" testType="13cdc9d9-ddb5-4fa4-a97d-d965ccfc6d4b" outcome="Passed" testListId="8c84fa94-04c1-424b-9868-57a2d4851a1d" relativeResultsDirectory="6bf39034-ddaf-448d-a5a6-2c97bba907c7" />
    <UnitTestResult executionId="08e7986d-15c0-40c5-9eb8-627a73e41b87" testId="c901140a-8e9f-da3b-f7f8-502ef77600a4" testName="CodexBootstrap.Tests.Modules.IdentityModuleApiTests.GetIdentityProviders_ShouldRespondWithinAcceptableTime" computerName="Seeker-Mac" duration="00:00:00.0083614" startTime="2025-09-24T03:26:52.3458270-06:00" endTime="2025-09-24T03:26:52.3458270-06:00" testType="13cdc9d9-ddb5-4fa4-a97d-d965ccfc6d4b" outcome="Passed" testListId="8c84fa94-04c1-424b-9868-57a2d4851a1d" relativeResultsDirectory="08e7986d-15c0-40c5-9eb8-627a73e41b87" />
    <UnitTestResult executionId="4736cbff-6cd3-4323-8531-027c1d0bb34d" testId="53137f9b-436e-e65c-fa32-e820c39f3209" testName="CodexBootstrap.Tests.ApiEndpointTests.Swagger_ShouldReturnDocumentation" computerName="Seeker-Mac" duration="00:00:00.0355387" startTime="2025-09-24T03:27:41.9240980-06:00" endTime="2025-09-24T03:27:41.9240990-06:00" testType="13cdc9d9-ddb5-4fa4-a97d-d965ccfc6d4b" outcome="Passed" testListId="8c84fa94-04c1-424b-9868-57a2d4851a1d" relativeResultsDirectory="4736cbff-6cd3-4323-8531-027c1d0bb34d" />
    <UnitTestResult executionId="4b237fbe-bb77-4aed-bf2f-fee6836433da" testId="c7664158-decd-1ae9-8bcf-1591fb563b34" testName="CodexBootstrap.Tests.Modules.NewsModuleApiTests.SearchNews_ShouldReturnSearchResults_WhenImplemented" computerName="Seeker-Mac" duration="00:00:00.0303053" startTime="2025-09-24T03:28:14.0617880-06:00" endTime="2025-09-24T03:28:14.0617880-06:00" testType="13cdc9d9-ddb5-4fa4-a97d-d965ccfc6d4b" outcome="Passed" testListId="8c84fa94-04c1-424b-9868-57a2d4851a1d" relativeResultsDirectory="4b237fbe-bb77-4aed-bf2f-fee6836433da" />
    <UnitTestResult executionId="f734b1db-ff0f-4a75-84d8-4123b0fdf572" testId="2b98f1ad-9067-5d96-8cc7-a0590be4d644" testName="CodexBootstrap.Tests.Core.NodePersistenceTests.EdgeStateConsistency_ShouldMatchNodeStates" computerName="Seeker-Mac" duration="00:00:00.2121613" startTime="2025-09-24T03:26:45.9148710-06:00" endTime="2025-09-24T03:26:45.9148710-06:00" testType="13cdc9d9-ddb5-4fa4-a97d-d965ccfc6d4b" outcome="Passed" testListId="8c84fa94-04c1-424b-9868-57a2d4851a1d" relativeResultsDirectory="f734b1db-ff0f-4a75-84d8-4123b0fdf572" />
    <UnitTestResult executionId="63c8d1d6-be1a-4f28-878d-a93d7b850f1c" testId="4c978083-c229-a01c-6a7c-ef18e5236170" testName="CodexBootstrap.Tests.IdentityTests.MockIdentityProvider_ShouldExchangeCodeForToken" computerName="Seeker-Mac" duration="00:00:00.1029669" startTime="2025-09-24T03:27:42.8964060-06:00" endTime="2025-09-24T03:27:42.8964070-06:00" testType="13cdc9d9-ddb5-4fa4-a97d-d965ccfc6d4b" outcome="Passed" testListId="8c84fa94-04c1-424b-9868-57a2d4851a1d" relativeResultsDirectory="63c8d1d6-be1a-4f28-878d-a93d7b850f1c" />
    <UnitTestResult executionId="1fa5d8f5-06a7-4b5e-a841-f73b346d810c" testId="81ece0d0-0623-f285-5aef-39638b72d8de" testName="CodexBootstrap.Tests.IdentityTests.CreateSession_ShouldCreateNewSession" computerName="Seeker-Mac" duration="00:00:00.0019930" startTime="2025-09-24T03:27:42.4958800-06:00" endTime="2025-09-24T03:27:42.4958800-06:00" testType="13cdc9d9-ddb5-4fa4-a97d-d965ccfc6d4b" outcome="Passed" testListId="8c84fa94-04c1-424b-9868-57a2d4851a1d" relativeResultsDirectory="1fa5d8f5-06a7-4b5e-a841-f73b346d810c" />
    <UnitTestResult executionId="f95936a6-8a2f-42fc-84d6-825721d046fa" testId="9a702a54-932a-77ac-8e6e-5b1318f49c63" testName="CodexBootstrap.Tests.ComprehensiveEndpointDiscovery.DiscoverAllEndpoints_ShouldFindAvailableEndpoints" computerName="Seeker-Mac" duration="00:00:00.0327961" startTime="2025-09-24T03:27:42.0036670-06:00" endTime="2025-09-24T03:27:42.0036670-06:00" testType="13cdc9d9-ddb5-4fa4-a97d-d965ccfc6d4b" outcome="Passed" testListId="8c84fa94-04c1-424b-9868-57a2d4851a1d" relativeResultsDirectory="f95936a6-8a2f-42fc-84d6-825721d046fa" />
    <UnitTestResult executionId="850c5950-c7ac-4204-bfc3-4b5b42fbd62a" testId="e2097409-445a-3cd5-ae6e-0205fed90d91" testName="CodexBootstrap.Tests.Modules.NodeEdgeModuleApiTests.GetNode_ShouldReturnNotFound_WhenNodeDoesNotExist" computerName="Seeker-Mac" duration="00:00:00.0174826" startTime="2025-09-24T03:27:21.7619720-06:00" endTime="2025-09-24T03:27:21.7619720-06:00" testType="13cdc9d9-ddb5-4fa4-a97d-d965ccfc6d4b" outcome="Passed" testListId="8c84fa94-04c1-424b-9868-57a2d4851a1d" relativeResultsDirectory="850c5950-c7ac-4204-bfc3-4b5b42fbd62a" />
    <UnitTestResult executionId="700fe71e-1427-4d21-a575-41b0421a098e" testId="3b5b492a-a447-2aad-e146-fe2b0287447c" testName="CodexBootstrap.Tests.Modules.FutureKnowledgeModuleTests.ApplyFutureKnowledge_WithNonExistentKnowledge_ReturnsError" computerName="Seeker-Mac" duration="00:00:00.0051358" startTime="2025-09-24T03:26:15.1097140-06:00" endTime="2025-09-24T03:26:15.1097140-06:00" testType="13cdc9d9-ddb5-4fa4-a97d-d965ccfc6d4b" outcome="Passed" testListId="8c84fa94-04c1-424b-9868-57a2d4851a1d" relativeResultsDirectory="700fe71e-1427-4d21-a575-41b0421a098e" />
    <UnitTestResult executionId="3819fb25-6fce-4bcc-9679-d21f22bdaa34" testId="9f121c41-56cf-362b-92e5-cf6e1918417e" testName="CodexBootstrap.Tests.Modules.AIModuleTests.Name_ShouldReturnCorrectName" computerName="Seeker-Mac" duration="00:00:00.0001932" startTime="2025-09-24T03:26:44.0233730-06:00" endTime="2025-09-24T03:26:44.0233730-06:00" testType="13cdc9d9-ddb5-4fa4-a97d-d965ccfc6d4b" outcome="Passed" testListId="8c84fa94-04c1-424b-9868-57a2d4851a1d" relativeResultsDirectory="3819fb25-6fce-4bcc-9679-d21f22bdaa34" />
    <UnitTestResult executionId="8ed7484f-0033-4ca4-ab3d-a5664af5b482" testId="559b9436-2baf-3857-ad76-499358d93140" testName="CodexBootstrap.Tests.Modules.NoMockDataRegressionTests.ModuleEndpoints_WithInvalidData_ReturnCleanErrors(endpoint: &quot;/gallery/create&quot;)" computerName="Seeker-Mac" duration="00:00:00.0125468" startTime="2025-09-24T03:27:34.1918670-06:00" endTime="2025-09-24T03:27:34.1918670-06:00" testType="13cdc9d9-ddb5-4fa4-a97d-d965ccfc6d4b" outcome="Passed" testListId="8c84fa94-04c1-424b-9868-57a2d4851a1d" relativeResultsDirectory="8ed7484f-0033-4ca4-ab3d-a5664af5b482" />
    <UnitTestResult executionId="ad6b72ce-2523-4ede-a86f-3da1f088c808" testId="aceb456b-29fd-0aae-6a6f-60147dd6581b" testName="CodexBootstrap.Tests.Modules.NewsModuleApiTests.GetTrendingTopics_ShouldHandleInvalidParameters" computerName="Seeker-Mac" duration="00:00:00.0080404" startTime="2025-09-24T03:28:13.6579400-06:00" endTime="2025-09-24T03:28:13.6579400-06:00" testType="13cdc9d9-ddb5-4fa4-a97d-d965ccfc6d4b" outcome="Passed" testListId="8c84fa94-04c1-424b-9868-57a2d4851a1d" relativeResultsDirectory="ad6b72ce-2523-4ede-a86f-3da1f088c808" />
    <UnitTestResult executionId="c528f722-ec97-4713-b736-0f5abec2ad8a" testId="95bec019-ba93-557e-cc59-ca4522b92c84" testName="CodexBootstrap.Tests.IdentityTests.EndSession_ShouldEndExistingSession" computerName="Seeker-Mac" duration="00:00:00.0486904" startTime="2025-09-24T03:27:42.4721530-06:00" endTime="2025-09-24T03:27:42.4721530-06:00" testType="13cdc9d9-ddb5-4fa4-a97d-d965ccfc6d4b" outcome="Failed" testListId="8c84fa94-04c1-424b-9868-57a2d4851a1d" relativeResultsDirectory="c528f722-ec97-4713-b736-0f5abec2ad8a">
      <Output>
        <ErrorInfo>
          <Message>Expected (result["success"] as JsonElement?)?.GetBoolean() to be true, but found False.</Message>
          <StackTrace>   at FluentAssertions.Execution.XUnit2TestFramework.Throw(String message)
   at FluentAssertions.Execution.TestFrameworkProvider.Throw(String message)
   at FluentAssertions.Execution.DefaultAssertionStrategy.HandleFailure(String message)
   at FluentAssertions.Execution.AssertionScope.FailWith(Func`1 failReasonFunc)
   at FluentAssertions.Primitives.BooleanAssertions`1.BeTrue(String because, Object[] becauseArgs)
   at CodexBootstrap.Tests.IdentityTests.EndSession_ShouldEndExistingSession() in /Users/ursmuff/source/Living-Codex-CSharp/src/CodexBootstrap.Tests/IdentityTests.cs:line 415
--- End of stack trace from previous location ---</StackTrace>
        </ErrorInfo>
      </Output>
    </UnitTestResult>
    <UnitTestResult executionId="fea725c0-5f53-40e3-8440-3cdcdd6e0144" testId="ca6abf66-bfa7-ba9c-4a7c-c7bb3f9e50f3" testName="CodexBootstrap.Tests.Modules.NoMockDataRegressionTests.Health_SystemStatus_DoesNotMentionMockOrSimulation" computerName="Seeker-Mac" duration="00:00:00.0271487" startTime="2025-09-24T03:27:34.1735600-06:00" endTime="2025-09-24T03:27:34.1735600-06:00" testType="13cdc9d9-ddb5-4fa4-a97d-d965ccfc6d4b" outcome="Passed" testListId="8c84fa94-04c1-424b-9868-57a2d4851a1d" relativeResultsDirectory="fea725c0-5f53-40e3-8440-3cdcdd6e0144" />
    <UnitTestResult executionId="f17e4745-8127-4c31-b8ad-6fc6563b1d84" testId="3bd72a3e-a2cb-9292-a956-91e21e17c8b0" testName="CodexBootstrap.Tests.ApiIntegrationTests.HealthEndpoint_ShouldReturnHealthyStatus" computerName="Seeker-Mac" duration="00:00:00.0239115" startTime="2025-09-24T03:25:57.3314570-06:00" endTime="2025-09-24T03:25:57.3314570-06:00" testType="13cdc9d9-ddb5-4fa4-a97d-d965ccfc6d4b" outcome="Passed" testListId="8c84fa94-04c1-424b-9868-57a2d4851a1d" relativeResultsDirectory="f17e4745-8127-4c31-b8ad-6fc6563b1d84" />
    <UnitTestResult executionId="75b00e93-6f57-4539-8b9f-39f1f05e656e" testId="0f184395-31a3-e4ac-1551-a332544da800" testName="CodexBootstrap.Tests.Modules.NoMockDataRegressionTests.GalleryModule_ListItems_WithoutMockData_ReturnsEmptyOrError" computerName="Seeker-Mac" duration="00:00:00.0118913" startTime="2025-09-24T03:27:34.2704220-06:00" endTime="2025-09-24T03:27:34.2704220-06:00" testType="13cdc9d9-ddb5-4fa4-a97d-d965ccfc6d4b" outcome="Passed" testListId="8c84fa94-04c1-424b-9868-57a2d4851a1d" relativeResultsDirectory="75b00e93-6f57-4539-8b9f-39f1f05e656e" />
    <UnitTestResult executionId="4e67c0cd-40ed-4434-b73f-ca3fa1e09297" testId="8825c2ca-e48a-f1b9-4ae4-5d782ac55816" testName="CodexBootstrap.Tests.Modules.ConceptModuleApiTests.UpdateConcept_ShouldReturnNotFound_WhenConceptDoesNotExist" computerName="Seeker-Mac" duration="00:00:00.0116855" startTime="2025-09-24T03:26:30.1347990-06:00" endTime="2025-09-24T03:26:30.1347990-06:00" testType="13cdc9d9-ddb5-4fa4-a97d-d965ccfc6d4b" outcome="Passed" testListId="8c84fa94-04c1-424b-9868-57a2d4851a1d" relativeResultsDirectory="4e67c0cd-40ed-4434-b73f-ca3fa1e09297" />
    <UnitTestResult executionId="2cad98dd-d852-47da-ae71-8ad43a700cc9" testId="b55e377f-0118-4ced-cfa6-b015b03a53b0" testName="CodexBootstrap.Tests.Modules.UXPrimitivesModuleTests.GenerateReflection_WithNonExistentContent_ReturnsError" computerName="Seeker-Mac" duration="00:00:00.0025242" startTime="2025-09-24T03:26:38.7825270-06:00" endTime="2025-09-24T03:26:38.7825270-06:00" testType="13cdc9d9-ddb5-4fa4-a97d-d965ccfc6d4b" outcome="Passed" testListId="8c84fa94-04c1-424b-9868-57a2d4851a1d" relativeResultsDirectory="2cad98dd-d852-47da-ae71-8ad43a700cc9" />
    <UnitTestResult executionId="d2d0449b-2bff-4c24-a7b2-e1444b78f00a" testId="44690745-9c88-3bf3-0c2f-a725a9065892" testName="CodexBootstrap.Tests.Modules.AIModuleTests.Register_ShouldRegisterModuleWithRegistry" computerName="Seeker-Mac" duration="00:00:00.0022329" startTime="2025-09-24T03:26:44.0256180-06:00" endTime="2025-09-24T03:26:44.0256180-06:00" testType="13cdc9d9-ddb5-4fa4-a97d-d965ccfc6d4b" outcome="Passed" testListId="8c84fa94-04c1-424b-9868-57a2d4851a1d" relativeResultsDirectory="d2d0449b-2bff-4c24-a7b2-e1444b78f00a" />
    <UnitTestResult executionId="ff82adb0-ed23-4db1-a20d-e1669c28744d" testId="e776ed9f-d0af-671b-5393-2bbcffd08132" testName="CodexBootstrap.Tests.NewsSourceTests.NewsSourceValidation_Should_CheckRandomSources" computerName="Seeker-Mac" duration="00:00:14.4269639" startTime="2025-09-24T03:27:18.2821020-06:00" endTime="2025-09-24T03:27:18.2821020-06:00" testType="13cdc9d9-ddb5-4fa4-a97d-d965ccfc6d4b" outcome="Failed" testListId="8c84fa94-04c1-424b-9868-57a2d4851a1d" relativeResultsDirectory="ff82adb0-ed23-4db1-a20d-e1669c28744d">
      <Output>
        <ErrorInfo>
          <Message>Expected at least 70% of news sources to be valid, got 60.0%. Invalid sources: NASA JPL News: HTTP NotFound, Reuters: HTTP Unauthorized, Phys.org: The request was canceled due to the configured HttpClient.Timeout of 10 seconds elapsing., Medical News Today: HTTP NotFound
Expected: True
Actual:   False</Message>
          <StackTrace>   at CodexBootstrap.Tests.NewsSourceTests.NewsSourceValidation_Should_CheckRandomSources() in /Users/ursmuff/source/Living-Codex-CSharp/src/CodexBootstrap.Tests/NewsSourceTests.cs:line 125
--- End of stack trace from previous location ---</StackTrace>
        </ErrorInfo>
      </Output>
    </UnitTestResult>
    <UnitTestResult executionId="26161cc0-1e97-43e4-9843-8781a2700688" testId="4c4f9506-e0d0-a7af-bb2f-e96606d3bbf1" testName="CodexBootstrap.Tests.Modules.IdentityModuleApiTests.GetIdentityProviders_ShouldIncludeMockProvider" computerName="Seeker-Mac" duration="00:00:00.0038334" startTime="2025-09-24T03:26:52.3659780-06:00" endTime="2025-09-24T03:26:52.3659780-06:00" testType="13cdc9d9-ddb5-4fa4-a97d-d965ccfc6d4b" outcome="Passed" testListId="8c84fa94-04c1-424b-9868-57a2d4851a1d" relativeResultsDirectory="26161cc0-1e97-43e4-9843-8781a2700688" />
    <UnitTestResult executionId="1bbe9149-071b-46a7-b178-fcc750c725b5" testId="7fb892fc-7cfe-4a21-f5bf-3ca5ffe75254" testName="CodexBootstrap.Tests.SimpleIntegrationTests.SwaggerEndpoint_ShouldBeAccessible" computerName="Seeker-Mac" duration="00:00:00.0021468" startTime="2025-09-24T03:28:19.3218190-06:00" endTime="2025-09-24T03:28:19.3218190-06:00" testType="13cdc9d9-ddb5-4fa4-a97d-d965ccfc6d4b" outcome="Passed" testListId="8c84fa94-04c1-424b-9868-57a2d4851a1d" relativeResultsDirectory="1bbe9149-071b-46a7-b178-fcc750c725b5" />
    <UnitTestResult executionId="c61dbfd4-d774-45db-bbe1-2d6f3e719d9c" testId="0bbc52b8-9211-5e92-e7eb-f98e00a8add3" testName="CodexBootstrap.Tests.Core.NodeRegistryTests.InitializeAsync_HydratesNodesFromPersistentStorage" computerName="Seeker-Mac" duration="00:00:00.0024676" startTime="2025-09-24T03:27:18.2969620-06:00" endTime="2025-09-24T03:27:18.2969620-06:00" testType="13cdc9d9-ddb5-4fa4-a97d-d965ccfc6d4b" outcome="Passed" testListId="8c84fa94-04c1-424b-9868-57a2d4851a1d" relativeResultsDirectory="c61dbfd4-d774-45db-bbe1-2d6f3e719d9c" />
    <UnitTestResult executionId="bea99749-79cf-4774-84f4-622d5f17f865" testId="b3191fce-24b5-6614-db34-5b0f72b496c2" testName="CodexBootstrap.Tests.Modules.NodeEdgeModuleApiTests.GetNodes_ShouldReturnNodesList" computerName="Seeker-Mac" duration="00:00:00.0040461" startTime="2025-09-24T03:27:21.8237560-06:00" endTime="2025-09-24T03:27:21.8237560-06:00" testType="13cdc9d9-ddb5-4fa4-a97d-d965ccfc6d4b" outcome="Passed" testListId="8c84fa94-04c1-424b-9868-57a2d4851a1d" relativeResultsDirectory="bea99749-79cf-4774-84f4-622d5f17f865" />
    <UnitTestResult executionId="bd584f0d-e37e-41eb-9cba-5da292c37787" testId="17c4bd2f-c5b7-cf83-b33d-828d0fc854b8" testName="CodexBootstrap.Tests.Modules.ThreadsModuleTests.ListThreads_WithoutMockData_ReturnsEmptyList" computerName="Seeker-Mac" duration="00:00:00.0029212" startTime="2025-09-24T03:26:22.5514330-06:00" endTime="2025-09-24T03:26:22.5514330-06:00" testType="13cdc9d9-ddb5-4fa4-a97d-d965ccfc6d4b" outcome="Passed" testListId="8c84fa94-04c1-424b-9868-57a2d4851a1d" relativeResultsDirectory="bd584f0d-e37e-41eb-9cba-5da292c37787" />
    <UnitTestResult executionId="1e8e78bc-e905-449d-95b2-ff4e39348c86" testId="0cb16ae0-9e92-a316-9f63-de35f31e5f39" testName="CodexBootstrap.Tests.Modules.ThreadsModuleTests.ModuleNode_HasCorrectProperties" computerName="Seeker-Mac" duration="00:00:00.0026082" startTime="2025-09-24T03:26:22.5541060-06:00" endTime="2025-09-24T03:26:22.5541060-06:00" testType="13cdc9d9-ddb5-4fa4-a97d-d965ccfc6d4b" outcome="Passed" testListId="8c84fa94-04c1-424b-9868-57a2d4851a1d" relativeResultsDirectory="1e8e78bc-e905-449d-95b2-ff4e39348c86" />
    <UnitTestResult executionId="581685fa-0819-4aaa-8005-92f6870093c1" testId="65088179-bb39-a045-1fcc-d40375d536ba" testName="CodexBootstrap.Tests.Modules.NoMockDataRegressionTests.ModuleEndpoints_WithInvalidData_ReturnCleanErrors(endpoint: &quot;/ux-primitives/reflect&quot;)" computerName="Seeker-Mac" duration="00:00:00.0009678" startTime="2025-09-24T03:27:34.1791150-06:00" endTime="2025-09-24T03:27:34.1791150-06:00" testType="13cdc9d9-ddb5-4fa4-a97d-d965ccfc6d4b" outcome="Passed" testListId="8c84fa94-04c1-424b-9868-57a2d4851a1d" relativeResultsDirectory="581685fa-0819-4aaa-8005-92f6870093c1" />
    <UnitTestResult executionId="74da8dca-949b-4953-a62e-7eb24dbd478b" testId="7a9984de-d3ac-18cd-d3c6-06e7c8272524" testName="CodexBootstrap.Tests.Modules.CoreModuleTests.GetModuleNode_ShouldReturnModuleNode" computerName="Seeker-Mac" duration="00:00:00.0013974" startTime="2025-09-24T03:26:05.9898990-06:00" endTime="2025-09-24T03:26:05.9898990-06:00" testType="13cdc9d9-ddb5-4fa4-a97d-d965ccfc6d4b" outcome="Passed" testListId="8c84fa94-04c1-424b-9868-57a2d4851a1d" relativeResultsDirectory="74da8dca-949b-4953-a62e-7eb24dbd478b" />
    <UnitTestResult executionId="0a2a98a3-fa0b-49ba-8eaf-b049dbd6c7c0" testId="446aeed3-732f-6fdf-1198-73e2ccb90cd0" testName="CodexBootstrap.Tests.Modules.FileSystemModuleTests.GetFileContent_WithValidNode_ReturnsFileContent" computerName="Seeker-Mac" duration="00:00:00.1142211" startTime="2025-09-24T03:27:28.1627620-06:00" endTime="2025-09-24T03:27:28.1627620-06:00" testType="13cdc9d9-ddb5-4fa4-a97d-d965ccfc6d4b" outcome="Failed" testListId="8c84fa94-04c1-424b-9868-57a2d4851a1d" relativeResultsDirectory="0a2a98a3-fa0b-49ba-8eaf-b049dbd6c7c0">
      <Output>
        <ErrorInfo>
          <Message>Method returned error: File node 'file:TestContent.cs' not found
Expected: True
Actual:   False</Message>
          <StackTrace>   at CodexBootstrap.Tests.Modules.FileSystemModuleTests.GetFileContent_WithValidNode_ReturnsFileContent() in /Users/ursmuff/source/Living-Codex-CSharp/src/CodexBootstrap.Tests/Modules/FileSystemModuleTests.cs:line 143
--- End of stack trace from previous location ---</StackTrace>
        </ErrorInfo>
      </Output>
    </UnitTestResult>
    <UnitTestResult executionId="03ef51e5-2523-42b8-82d2-3581029a1a06" testId="88484ee7-b056-96be-c3f0-2f9ff210be2a" testName="CodexBootstrap.Tests.Modules.NoMockDataRegressionTests.ThreadsModule_ListThreads_WithoutMockData_ReturnsEmptyOrError" computerName="Seeker-Mac" duration="00:00:00.0229213" startTime="2025-09-24T03:27:34.1461680-06:00" endTime="2025-09-24T03:27:34.1461680-06:00" testType="13cdc9d9-ddb5-4fa4-a97d-d965ccfc6d4b" outcome="Passed" testListId="8c84fa94-04c1-424b-9868-57a2d4851a1d" relativeResultsDirectory="03ef51e5-2523-42b8-82d2-3581029a1a06" />
    <UnitTestResult executionId="1a9b87c5-3182-4c43-814f-9f93b9978d87" testId="3869c8f5-7ab2-ef7f-cd2f-16c870de8af9" testName="CodexBootstrap.Tests.Core.NodeRegistryTests.UpsertEdge_ShouldRegisterEdgeSuccessfully" computerName="Seeker-Mac" duration="00:00:00.0008331" startTime="2025-09-24T03:27:18.2978110-06:00" endTime="2025-09-24T03:27:18.2978110-06:00" testType="13cdc9d9-ddb5-4fa4-a97d-d965ccfc6d4b" outcome="Passed" testListId="8c84fa94-04c1-424b-9868-57a2d4851a1d" relativeResultsDirectory="1a9b87c5-3182-4c43-814f-9f93b9978d87" />
    <UnitTestResult executionId="819d3858-400d-4f12-a339-88c5951d7c4c" testId="a5a2e4c8-009c-485c-9e59-a0329e36f740" testName="CodexBootstrap.Tests.NewsSourceTests.NewsConceptExtraction_Should_LinkToUCore" computerName="Seeker-Mac" duration="00:00:00.0602130" startTime="2025-09-24T03:26:58.8100950-06:00" endTime="2025-09-24T03:26:58.8100950-06:00" testType="13cdc9d9-ddb5-4fa4-a97d-d965ccfc6d4b" outcome="Passed" testListId="8c84fa94-04c1-424b-9868-57a2d4851a1d" relativeResultsDirectory="819d3858-400d-4f12-a339-88c5951d7c4c" />
    <UnitTestResult executionId="1af10b28-d4f8-4c7a-89e2-3582596f5db1" testId="c353011d-9e94-c67d-e6eb-396de9239c5d" testName="CodexBootstrap.Tests.Core.LLMOrchestratorTests.ExecuteParallelAsync_WithMultipleOperations_ShouldExecuteAll" computerName="Seeker-Mac" duration="00:00:00.0001528" startTime="2025-09-24T03:27:27.3317020-06:00" endTime="2025-09-24T03:27:27.3317020-06:00" testType="13cdc9d9-ddb5-4fa4-a97d-d965ccfc6d4b" outcome="Passed" testListId="8c84fa94-04c1-424b-9868-57a2d4851a1d" relativeResultsDirectory="1af10b28-d4f8-4c7a-89e2-3582596f5db1" />
    <UnitTestResult executionId="d035eb74-3bef-4398-a7c7-63a5153caac2" testId="2fb70c5e-3630-184f-467a-2c4ada567323" testName="CodexBootstrap.Tests.Modules.NodeEdgeModuleApiTests.SearchNodes_ShouldReturnSearchResults_WhenImplemented" computerName="Seeker-Mac" duration="00:00:00.0503631" startTime="2025-09-24T03:27:21.7443830-06:00" endTime="2025-09-24T03:27:21.7443830-06:00" testType="13cdc9d9-ddb5-4fa4-a97d-d965ccfc6d4b" outcome="Passed" testListId="8c84fa94-04c1-424b-9868-57a2d4851a1d" relativeResultsDirectory="d035eb74-3bef-4398-a7c7-63a5153caac2" />
    <UnitTestResult executionId="f4cd6db9-ac22-43aa-9955-146309fcb50e" testId="bb61d7e3-a613-b2b8-0303-181e7a73d65b" testName="CodexBootstrap.Tests.HealthTests.HealthCheck_ShouldReturnValidJson" computerName="Seeker-Mac" duration="00:00:00.0127995" startTime="2025-09-24T03:27:42.0356860-06:00" endTime="2025-09-24T03:27:42.0356860-06:00" testType="13cdc9d9-ddb5-4fa4-a97d-d965ccfc6d4b" outcome="Passed" testListId="8c84fa94-04c1-424b-9868-57a2d4851a1d" relativeResultsDirectory="f4cd6db9-ac22-43aa-9955-146309fcb50e" />
    <UnitTestResult executionId="47d1669f-3fcd-45ac-8d8f-025ae3a2d8c5" testId="999fb951-b7b5-6631-599e-31a6be246d87" testName="CodexBootstrap.Tests.Modules.ThreadsModuleTests.GetThread_WithNonExistentId_ReturnsError" computerName="Seeker-Mac" duration="00:00:00.0021873" startTime="2025-09-24T03:26:22.5484910-06:00" endTime="2025-09-24T03:26:22.5484910-06:00" testType="13cdc9d9-ddb5-4fa4-a97d-d965ccfc6d4b" outcome="Passed" testListId="8c84fa94-04c1-424b-9868-57a2d4851a1d" relativeResultsDirectory="47d1669f-3fcd-45ac-8d8f-025ae3a2d8c5" />
    <UnitTestResult executionId="72a88276-22da-474e-ab95-0e6c80ed03f0" testId="17c98091-dbf8-c2fd-549e-ce3eebd6325a" testName="CodexBootstrap.Tests.Modules.FutureKnowledgeModuleTests.AnalyzePatterns_WithNonExistentPattern_ReturnsError" computerName="Seeker-Mac" duration="00:00:00.0024859" startTime="2025-09-24T03:26:15.1045270-06:00" endTime="2025-09-24T03:26:15.1045270-06:00" testType="13cdc9d9-ddb5-4fa4-a97d-d965ccfc6d4b" outcome="Passed" testListId="8c84fa94-04c1-424b-9868-57a2d4851a1d" relativeResultsDirectory="72a88276-22da-474e-ab95-0e6c80ed03f0" />
    <UnitTestResult executionId="9c23c2d1-cb27-4dfd-85b5-ec08777bf0cb" testId="d7036780-9716-509c-617a-1f2084784363" testName="CodexBootstrap.Tests.Modules.UXPrimitivesModuleTests.ModuleNode_HasCorrectProperties" computerName="Seeker-Mac" duration="00:00:00.0010991" startTime="2025-09-24T03:26:38.7737760-06:00" endTime="2025-09-24T03:26:38.7737760-06:00" testType="13cdc9d9-ddb5-4fa4-a97d-d965ccfc6d4b" outcome="Passed" testListId="8c84fa94-04c1-424b-9868-57a2d4851a1d" relativeResultsDirectory="9c23c2d1-cb27-4dfd-85b5-ec08777bf0cb" />
    <UnitTestResult executionId="4338d6a8-e039-4340-bdd3-dc773608f48d" testId="5a8b9ae5-6cd8-00d0-c3cf-0d2174ecfe54" testName="CodexBootstrap.Tests.Core.NodePersistenceTests.BulkOperations_ShouldMaintainStateConsistency" computerName="Seeker-Mac" duration="00:00:00.3066134" startTime="2025-09-24T03:26:48.4453210-06:00" endTime="2025-09-24T03:26:48.4453210-06:00" testType="13cdc9d9-ddb5-4fa4-a97d-d965ccfc6d4b" outcome="Passed" testListId="8c84fa94-04c1-424b-9868-57a2d4851a1d" relativeResultsDirectory="4338d6a8-e039-4340-bdd3-dc773608f48d" />
    <UnitTestResult executionId="cf952b8e-1fb8-480b-8789-915b1c5f392d" testId="b16e5439-5de2-497d-5713-ea1d44c4819a" testName="CodexBootstrap.Tests.Core.LLMOrchestratorTests.Constructor_ShouldInitializeCorrectly" computerName="Seeker-Mac" duration="00:00:00.0000275" startTime="2025-09-24T03:27:27.3317730-06:00" endTime="2025-09-24T03:27:27.3317730-06:00" testType="13cdc9d9-ddb5-4fa4-a97d-d965ccfc6d4b" outcome="Passed" testListId="8c84fa94-04c1-424b-9868-57a2d4851a1d" relativeResultsDirectory="cf952b8e-1fb8-480b-8789-915b1c5f392d" />
    <UnitTestResult executionId="a078e591-4994-45bc-8a71-e97285fdf66c" testId="0be5b3d7-ad47-a6e7-2e5c-4e8c709b4254" testName="CodexBootstrap.Tests.Modules.NewsModuleApiTests.GetTrendingTopics_ShouldHandleConcurrentRequests" computerName="Seeker-Mac" duration="00:00:00.0666663" startTime="2025-09-24T03:28:13.7256190-06:00" endTime="2025-09-24T03:28:13.7256190-06:00" testType="13cdc9d9-ddb5-4fa4-a97d-d965ccfc6d4b" outcome="Passed" testListId="8c84fa94-04c1-424b-9868-57a2d4851a1d" relativeResultsDirectory="a078e591-4994-45bc-8a71-e97285fdf66c" />
    <UnitTestResult executionId="94f33f54-d678-44b3-b566-1f517239ea06" testId="7873e7fc-d46d-3fb0-064c-39886ac6bd92" testName="CodexBootstrap.Tests.SimpleIntegrationTests.ModulesEndpoint_ShouldReturnModuleList" computerName="Seeker-Mac" duration="00:00:00.0022583" startTime="2025-09-24T03:28:19.3268900-06:00" endTime="2025-09-24T03:28:19.3268900-06:00" testType="13cdc9d9-ddb5-4fa4-a97d-d965ccfc6d4b" outcome="Passed" testListId="8c84fa94-04c1-424b-9868-57a2d4851a1d" relativeResultsDirectory="94f33f54-d678-44b3-b566-1f517239ea06" />
    <UnitTestResult executionId="bb6fbd55-f978-4a73-81c0-65be22f03773" testId="1bc1b8d4-02b1-64e2-302f-169565ce0455" testName="CodexBootstrap.Tests.Modules.PersonalNewsMatchingTests.GetUserNewsFeed_ShouldPrioritizeItemsMatchingUserInterests" computerName="Seeker-Mac" duration="00:00:00.0114748" startTime="2025-09-24T03:26:35.3795700-06:00" endTime="2025-09-24T03:26:35.3795700-06:00" testType="13cdc9d9-ddb5-4fa4-a97d-d965ccfc6d4b" outcome="Passed" testListId="8c84fa94-04c1-424b-9868-57a2d4851a1d" relativeResultsDirectory="bb6fbd55-f978-4a73-81c0-65be22f03773" />
    <UnitTestResult executionId="5524a7be-a984-4bd5-a743-dd21e0ddf2c2" testId="441903f8-b742-d387-3227-bca90d5fdf20" testName="CodexBootstrap.Tests.Integration.ApiIntegrationTests.SwaggerEndpoint_ShouldReturnSwaggerDocumentation" computerName="Seeker-Mac" duration="00:00:00.0015535" startTime="2025-09-24T03:27:42.9239310-06:00" endTime="2025-09-24T03:27:42.9239310-06:00" testType="13cdc9d9-ddb5-4fa4-a97d-d965ccfc6d4b" outcome="Passed" testListId="8c84fa94-04c1-424b-9868-57a2d4851a1d" relativeResultsDirectory="5524a7be-a984-4bd5-a743-dd21e0ddf2c2" />
    <UnitTestResult executionId="38af7586-dd0e-4b03-ad9f-a0a69e23f40a" testId="d0cd9f70-6dc1-3c7d-5cf8-851aa39eea33" testName="CodexBootstrap.Tests.Modules.EnergyModuleApiTests.GetUserContributions_ShouldReturnOk_WhenImplemented" computerName="Seeker-Mac" duration="00:00:00.0031009" startTime="2025-09-24T03:25:51.7956570-06:00" endTime="2025-09-24T03:25:51.7956570-06:00" testType="13cdc9d9-ddb5-4fa4-a97d-d965ccfc6d4b" outcome="Passed" testListId="8c84fa94-04c1-424b-9868-57a2d4851a1d" relativeResultsDirectory="38af7586-dd0e-4b03-ad9f-a0a69e23f40a" />
    <UnitTestResult executionId="dbb0c7f0-a495-4116-825d-6ed36627a7a1" testId="1e43300c-2a88-befd-5bd4-aa2b7d5a855b" testName="CodexBootstrap.Tests.UCoreOntologyTests.TopologyPaths_Should_ConnectToUCoreConcepts_IfPresent" computerName="Seeker-Mac" duration="00:00:00.0432767" startTime="2025-09-24T03:27:48.3712900-06:00" endTime="2025-09-24T03:27:48.3712900-06:00" testType="13cdc9d9-ddb5-4fa4-a97d-d965ccfc6d4b" outcome="Passed" testListId="8c84fa94-04c1-424b-9868-57a2d4851a1d" relativeResultsDirectory="dbb0c7f0-a495-4116-825d-6ed36627a7a1" />
    <UnitTestResult executionId="de242e45-5847-48f5-af52-63f2036423dc" testId="d2562022-cd7f-36b1-1c2d-849cc064d530" testName="CodexBootstrap.Tests.Core.NodePersistenceTests.ServerRestart_MixedStates_ShouldRestoreCorrectly" computerName="Seeker-Mac" duration="00:00:00.2031376" startTime="2025-09-24T03:26:48.9601200-06:00" endTime="2025-09-24T03:26:48.9601200-06:00" testType="13cdc9d9-ddb5-4fa4-a97d-d965ccfc6d4b" outcome="Passed" testListId="8c84fa94-04c1-424b-9868-57a2d4851a1d" relativeResultsDirectory="de242e45-5847-48f5-af52-63f2036423dc" />
    <UnitTestResult executionId="f8521e0a-40dd-4665-b6a1-56e836f8686b" testId="bfb2c8de-1e85-9952-9db6-620f4acf1697" testName="CodexBootstrap.Tests.Modules.NodeEdgeModuleApiTests.GetNodes_ShouldHandleInvalidQueryParameters" computerName="Seeker-Mac" duration="00:00:00.0352926" startTime="2025-09-24T03:27:21.6825490-06:00" endTime="2025-09-24T03:27:21.6825490-06:00" testType="13cdc9d9-ddb5-4fa4-a97d-d965ccfc6d4b" outcome="Passed" testListId="8c84fa94-04c1-424b-9868-57a2d4851a1d" relativeResultsDirectory="f8521e0a-40dd-4665-b6a1-56e836f8686b" />
    <UnitTestResult executionId="bf408f27-80cb-4899-8d0d-e5e45b50e3c1" testId="f0c4e84a-6a98-a7e5-d083-79a02acb860c" testName="CodexBootstrap.Tests.Core.StateTransitionTests.NodeStateTransition_FromWaterToIce_ShouldMigrateEdgesToIce" computerName="Seeker-Mac" duration="00:00:00.3084190" startTime="2025-09-24T03:27:29.8007560-06:00" endTime="2025-09-24T03:27:29.8007560-06:00" testType="13cdc9d9-ddb5-4fa4-a97d-d965ccfc6d4b" outcome="Passed" testListId="8c84fa94-04c1-424b-9868-57a2d4851a1d" relativeResultsDirectory="bf408f27-80cb-4899-8d0d-e5e45b50e3c1" />
    <UnitTestResult executionId="137140a1-5860-408b-aa19-082b67341f5a" testId="4e538f89-b18c-cf2e-2f16-94dc81d451d9" testName="CodexBootstrap.Tests.Modules.NodeEdgeModuleApiTests.GetEdge_ShouldReturnEdge_WhenImplemented" computerName="Seeker-Mac" duration="00:00:00.0014528" startTime="2025-09-24T03:27:21.8318520-06:00" endTime="2025-09-24T03:27:21.8318520-06:00" testType="13cdc9d9-ddb5-4fa4-a97d-d965ccfc6d4b" outcome="Passed" testListId="8c84fa94-04c1-424b-9868-57a2d4851a1d" relativeResultsDirectory="137140a1-5860-408b-aa19-082b67341f5a" />
    <UnitTestResult executionId="9c06290b-2fd2-4cca-91d9-1233871fc7d3" testId="69414ab0-4cf7-f312-3c05-6a9aa0f642b2" testName="CodexBootstrap.Tests.Modules.FileSystemModuleTests.ModuleProperties_ShouldBeCorrect" computerName="Seeker-Mac" duration="00:00:00.0662252" startTime="2025-09-24T03:27:27.5134700-06:00" endTime="2025-09-24T03:27:27.5134700-06:00" testType="13cdc9d9-ddb5-4fa4-a97d-d965ccfc6d4b" outcome="Passed" testListId="8c84fa94-04c1-424b-9868-57a2d4851a1d" relativeResultsDirectory="9c06290b-2fd2-4cca-91d9-1233871fc7d3" />
    <UnitTestResult executionId="8d0a9cec-1889-4f46-b6d2-e292f159e65c" testId="8aaeb942-4618-a8e4-c6b1-266d34c97e41" testName="CodexBootstrap.Tests.Modules.EnergyModuleApiTests.RecordContribution_ShouldReturnBadRequest_WhenRequestInvalid_WhenImplemented" computerName="Seeker-Mac" duration="00:00:00.0045058" startTime="2025-09-24T03:25:51.9411880-06:00" endTime="2025-09-24T03:25:51.9411880-06:00" testType="13cdc9d9-ddb5-4fa4-a97d-d965ccfc6d4b" outcome="Passed" testListId="8c84fa94-04c1-424b-9868-57a2d4851a1d" relativeResultsDirectory="8d0a9cec-1889-4f46-b6d2-e292f159e65c" />
    <UnitTestResult executionId="37079ec2-476b-489a-be5e-1c948f562644" testId="137a3de0-5389-0354-9257-83888fc326aa" testName="CodexBootstrap.Tests.Integration.ApiIntegrationTests.HealthEndpoint_ShouldReturnHealthyStatus" computerName="Seeker-Mac" duration="00:00:00.0180176" startTime="2025-09-24T03:27:42.9421190-06:00" endTime="2025-09-24T03:27:42.9421190-06:00" testType="13cdc9d9-ddb5-4fa4-a97d-d965ccfc6d4b" outcome="Passed" testListId="8c84fa94-04c1-424b-9868-57a2d4851a1d" relativeResultsDirectory="37079ec2-476b-489a-be5e-1c948f562644" />
    <UnitTestResult executionId="bb54db0e-7814-45c9-b950-25b448f89c06" testId="335af7d3-af17-2a3e-11a6-c40d770283f6" testName="CodexBootstrap.Tests.IdentityTests.IdentityLogin_ShouldInitiateLoginFlow" computerName="Seeker-Mac" duration="00:00:00.0217616" startTime="2025-09-24T03:27:42.4937300-06:00" endTime="2025-09-24T03:27:42.4937300-06:00" testType="13cdc9d9-ddb5-4fa4-a97d-d965ccfc6d4b" outcome="Passed" testListId="8c84fa94-04c1-424b-9868-57a2d4851a1d" relativeResultsDirectory="bb54db0e-7814-45c9-b950-25b448f89c06" />
    <UnitTestResult executionId="5f4ef782-c411-4f84-a2fd-5db680851cf9" testId="bc9c6b92-5291-21f7-4294-de06f4a39605" testName="CodexBootstrap.Tests.Modules.NoMockDataRegressionTests.ModuleEndpoints_WithInvalidData_ReturnCleanErrors(endpoint: &quot;/ux-primitives/weave&quot;)" computerName="Seeker-Mac" duration="00:00:00.0019725" startTime="2025-09-24T03:27:34.1757490-06:00" endTime="2025-09-24T03:27:34.1757490-06:00" testType="13cdc9d9-ddb5-4fa4-a97d-d965ccfc6d4b" outcome="Passed" testListId="8c84fa94-04c1-424b-9868-57a2d4851a1d" relativeResultsDirectory="5f4ef782-c411-4f84-a2fd-5db680851cf9" />
    <UnitTestResult executionId="fabdaeea-b526-44d0-917d-9bf52aa7c149" testId="2b5053f9-f02a-344a-cea0-eb8a5823c6c3" testName="CodexBootstrap.Tests.ApiEndpointTests.Health_ShouldReturnHealthyStatus" computerName="Seeker-Mac" duration="00:00:00.0310734" startTime="2025-09-24T03:27:41.9554500-06:00" endTime="2025-09-24T03:27:41.9554500-06:00" testType="13cdc9d9-ddb5-4fa4-a97d-d965ccfc6d4b" outcome="Passed" testListId="8c84fa94-04c1-424b-9868-57a2d4851a1d" relativeResultsDirectory="fabdaeea-b526-44d0-917d-9bf52aa7c149" />
    <UnitTestResult executionId="419c3181-0e3b-4ac3-8c09-9176b9d6deaf" testId="65b592a1-b0ad-ad07-be7a-ec8928e7c9ae" testName="CodexBootstrap.Tests.Modules.CoreModuleTests.RegisterHttpEndpoints_ShouldNotThrow" computerName="Seeker-Mac" duration="00:00:00.0007248" startTime="2025-09-24T03:26:05.9883930-06:00" endTime="2025-09-24T03:26:05.9883930-06:00" testType="13cdc9d9-ddb5-4fa4-a97d-d965ccfc6d4b" outcome="Passed" testListId="8c84fa94-04c1-424b-9868-57a2d4851a1d" relativeResultsDirectory="419c3181-0e3b-4ac3-8c09-9176b9d6deaf" />
    <UnitTestResult executionId="5c8a3d12-6729-40e5-8212-0b3ecb4b3bcd" testId="6656d4a1-4590-68b8-41cf-6ebd4239279f" testName="CodexBootstrap.Tests.Core.NodePersistenceTests.MetadataQueries_ShouldPersistCorrectly" computerName="Seeker-Mac" duration="00:00:00.2087956" startTime="2025-09-24T03:26:47.9247990-06:00" endTime="2025-09-24T03:26:47.9247990-06:00" testType="13cdc9d9-ddb5-4fa4-a97d-d965ccfc6d4b" outcome="Passed" testListId="8c84fa94-04c1-424b-9868-57a2d4851a1d" relativeResultsDirectory="5c8a3d12-6729-40e5-8212-0b3ecb4b3bcd" />
    <UnitTestResult executionId="d210b5e7-14a9-41f0-9dd8-4dbce66742a5" testId="f2016284-bdfc-f7ad-0e9e-b1b0fe7c0d74" testName="CodexBootstrap.Tests.Modules.ConceptModuleApiTests.GetConcepts_ShouldReturnConcepts_WhenConceptsExist" computerName="Seeker-Mac" duration="00:00:00.0089158" startTime="2025-09-24T03:26:30.1439200-06:00" endTime="2025-09-24T03:26:30.1439200-06:00" testType="13cdc9d9-ddb5-4fa4-a97d-d965ccfc6d4b" outcome="Passed" testListId="8c84fa94-04c1-424b-9868-57a2d4851a1d" relativeResultsDirectory="d210b5e7-14a9-41f0-9dd8-4dbce66742a5" />
    <UnitTestResult executionId="26c8777d-899f-4559-a0ca-85989483987e" testId="d0160707-f909-e423-0bd5-ceb0e7a99a9c" testName="CodexBootstrap.Tests.Core.NodeRegistryTests.UpsertNode_WithValidNode_ShouldRegisterSuccessfully" computerName="Seeker-Mac" duration="00:00:00.0017869" startTime="2025-09-24T03:27:18.2839670-06:00" endTime="2025-09-24T03:27:18.2839670-06:00" testType="13cdc9d9-ddb5-4fa4-a97d-d965ccfc6d4b" outcome="Passed" testListId="8c84fa94-04c1-424b-9868-57a2d4851a1d" relativeResultsDirectory="26c8777d-899f-4559-a0ca-85989483987e" />
    <UnitTestResult executionId="0cf7d876-dfd4-4f16-a229-5a089322ffac" testId="4490693e-5b5f-60f8-a352-34ba943e1d62" testName="CodexBootstrap.Tests.Core.StateTransitionTests.Edge_BetweenWaterAndGasNodes_ShouldNotPersist" computerName="Seeker-Mac" duration="00:00:00.2113647" startTime="2025-09-24T03:27:28.9628800-06:00" endTime="2025-09-24T03:27:28.9628800-06:00" testType="13cdc9d9-ddb5-4fa4-a97d-d965ccfc6d4b" outcome="Passed" testListId="8c84fa94-04c1-424b-9868-57a2d4851a1d" relativeResultsDirectory="0cf7d876-dfd4-4f16-a229-5a089322ffac" />
    <UnitTestResult executionId="85a25e77-c4fa-4fa0-9990-be678b12c0b9" testId="e2131088-170c-3f9d-b379-6ad5595999e5" testName="CodexBootstrap.Tests.Modules.VisualValidationModuleTests.ExecuteVisualValidationPipeline_ShouldReturnSuccessAndThreeSteps" computerName="Seeker-Mac" duration="00:00:03.1372294" startTime="2025-09-24T03:26:12.8698370-06:00" endTime="2025-09-24T03:26:12.8698370-06:00" testType="13cdc9d9-ddb5-4fa4-a97d-d965ccfc6d4b" outcome="Failed" testListId="8c84fa94-04c1-424b-9868-57a2d4851a1d" relativeResultsDirectory="85a25e77-c4fa-4fa0-9990-be678b12c0b9">
      <Output>
        <ErrorInfo>
          <Message>Expected registry.TryGet("validation.card-component", out var validationNode) to be true, but found False.</Message>
          <StackTrace>   at FluentAssertions.Execution.XUnit2TestFramework.Throw(String message)
   at FluentAssertions.Execution.TestFrameworkProvider.Throw(String message)
   at FluentAssertions.Execution.DefaultAssertionStrategy.HandleFailure(String message)
   at FluentAssertions.Execution.AssertionScope.FailWith(Func`1 failReasonFunc)
   at FluentAssertions.Execution.AssertionScope.FailWith(String message, Object[] args)
   at FluentAssertions.Primitives.BooleanAssertions`1.BeTrue(String because, Object[] becauseArgs)
   at CodexBootstrap.Tests.Modules.VisualValidationModuleTests.ExecuteVisualValidationPipeline_ShouldReturnSuccessAndThreeSteps() in /Users/ursmuff/source/Living-Codex-CSharp/src/CodexBootstrap.Tests/Modules/VisualValidationModuleTests.cs:line 227
--- End of stack trace from previous location ---</StackTrace>
        </ErrorInfo>
      </Output>
    </UnitTestResult>
    <UnitTestResult executionId="bc188a19-0197-4a30-ad51-62ef5ec4b12e" testId="cf881c4c-31da-3c3d-e657-0f7a60496f37" testName="CodexBootstrap.Tests.Modules.ConceptModuleApiTests.DeleteConcept_ShouldReturnNotFound_WhenConceptDoesNotExist" computerName="Seeker-Mac" duration="00:00:00.0130991" startTime="2025-09-24T03:26:30.1137420-06:00" endTime="2025-09-24T03:26:30.1137420-06:00" testType="13cdc9d9-ddb5-4fa4-a97d-d965ccfc6d4b" outcome="Passed" testListId="8c84fa94-04c1-424b-9868-57a2d4851a1d" relativeResultsDirectory="bc188a19-0197-4a30-ad51-62ef5ec4b12e" />
    <UnitTestResult executionId="750dbbd5-114f-4163-bc4f-0d4c7ecc1d44" testId="e7b9a5d9-b357-ccab-0080-bfd9de9e4252" testName="CodexBootstrap.Tests.Modules.AIModuleTests.Version_ShouldReturnCorrectVersion" computerName="Seeker-Mac" duration="00:00:00.0003183" startTime="2025-09-24T03:26:44.0223580-06:00" endTime="2025-09-24T03:26:44.0223580-06:00" testType="13cdc9d9-ddb5-4fa4-a97d-d965ccfc6d4b" outcome="Passed" testListId="8c84fa94-04c1-424b-9868-57a2d4851a1d" relativeResultsDirectory="750dbbd5-114f-4163-bc4f-0d4c7ecc1d44" />
    <UnitTestResult executionId="5886c88c-4065-4ebd-b3cf-aa5f7b42b57f" testId="5bb357ef-a289-5457-59f1-0df201ad4323" testName="CodexBootstrap.Tests.UCoreOntologyTests.WaterStatesAxis_Node_Should_Exist" computerName="Seeker-Mac" duration="00:00:00.0519876" startTime="2025-09-24T03:27:48.2541800-06:00" endTime="2025-09-24T03:27:48.2541800-06:00" testType="13cdc9d9-ddb5-4fa4-a97d-d965ccfc6d4b" outcome="Passed" testListId="8c84fa94-04c1-424b-9868-57a2d4851a1d" relativeResultsDirectory="5886c88c-4065-4ebd-b3cf-aa5f7b42b57f" />
    <UnitTestResult executionId="ae05f2fe-166a-43cd-b5c8-3ef752510c90" testId="0dfb425c-5e4f-66ca-073c-7c258c6c7e5f" testName="CodexBootstrap.Tests.Modules.UXPrimitivesModuleTests.GenerateReflection_WithoutContentId_ReturnsError" computerName="Seeker-Mac" duration="00:00:00.0027150" startTime="2025-09-24T03:26:38.7852930-06:00" endTime="2025-09-24T03:26:38.7852930-06:00" testType="13cdc9d9-ddb5-4fa4-a97d-d965ccfc6d4b" outcome="Passed" testListId="8c84fa94-04c1-424b-9868-57a2d4851a1d" relativeResultsDirectory="ae05f2fe-166a-43cd-b5c8-3ef752510c90" />
    <UnitTestResult executionId="303186e1-526b-4fa4-88cb-37d4c1241bbe" testId="92cb8fbf-5503-f34b-b811-ac131e120972" testName="CodexBootstrap.Tests.Core.NodeRegistryUserRepositoryTests.GetByEmailAsync_ShouldMatchRegardlessOfCase" computerName="Seeker-Mac" duration="00:00:00.1158903" startTime="2025-09-24T03:26:35.4958300-06:00" endTime="2025-09-24T03:26:35.4958300-06:00" testType="13cdc9d9-ddb5-4fa4-a97d-d965ccfc6d4b" outcome="Passed" testListId="8c84fa94-04c1-424b-9868-57a2d4851a1d" relativeResultsDirectory="303186e1-526b-4fa4-88cb-37d4c1241bbe" />
    <UnitTestResult executionId="e6704fdb-dc56-4674-bf2b-4718d6ad32c3" testId="494a6f72-6254-5a6e-4577-c52cd4a0c3cd" testName="CodexBootstrap.Tests.HealthTests.HealthCheck_ShouldIncludeSystemMetrics" computerName="Seeker-Mac" duration="00:00:00.0167166" startTime="2025-09-24T03:27:42.0528120-06:00" endTime="2025-09-24T03:27:42.0528120-06:00" testType="13cdc9d9-ddb5-4fa4-a97d-d965ccfc6d4b" outcome="Passed" testListId="8c84fa94-04c1-424b-9868-57a2d4851a1d" relativeResultsDirectory="e6704fdb-dc56-4674-bf2b-4718d6ad32c3" />
    <UnitTestResult executionId="27d8ad2a-2318-4371-ac8f-d823ef90cd9c" testId="d42ce1cc-fe07-766d-01d9-4d3235eb06da" testName="CodexBootstrap.Tests.Core.NodeRegistryTests.Upsert_NodeStateTransitionUpdatesMemoryAndPersistence" computerName="Seeker-Mac" duration="00:00:00.0036757" startTime="2025-09-24T03:27:18.2935460-06:00" endTime="2025-09-24T03:27:18.2935460-06:00" testType="13cdc9d9-ddb5-4fa4-a97d-d965ccfc6d4b" outcome="Passed" testListId="8c84fa94-04c1-424b-9868-57a2d4851a1d" relativeResultsDirectory="27d8ad2a-2318-4371-ac8f-d823ef90cd9c" />
    <UnitTestResult executionId="09e705ac-3388-4052-b1c0-bc68c32ced54" testId="71f08f4d-d319-720b-3b50-8197a3660ed2" testName="CodexBootstrap.Tests.UCoreOntologyTests.QuantumDimensionsAxis_Node_Should_Exist" computerName="Seeker-Mac" duration="00:00:00.0424548" startTime="2025-09-24T03:27:48.2968500-06:00" endTime="2025-09-24T03:27:48.2968500-06:00" testType="13cdc9d9-ddb5-4fa4-a97d-d965ccfc6d4b" outcome="Passed" testListId="8c84fa94-04c1-424b-9868-57a2d4851a1d" relativeResultsDirectory="09e705ac-3388-4052-b1c0-bc68c32ced54" />
    <UnitTestResult executionId="c3dbd99e-9148-4231-b2da-35eb58fddf91" testId="632c0374-d9e5-0e22-1403-eb730369295e" testName="CodexBootstrap.Tests.Modules.NewsModuleApiTests.GetNewsFeed_ShouldReturnEmptyResults_WhenNoNewsAvailable" computerName="Seeker-Mac" duration="00:00:00.0177890" startTime="2025-09-24T03:28:14.0312700-06:00" endTime="2025-09-24T03:28:14.0312700-06:00" testType="13cdc9d9-ddb5-4fa4-a97d-d965ccfc6d4b" outcome="Passed" testListId="8c84fa94-04c1-424b-9868-57a2d4851a1d" relativeResultsDirectory="c3dbd99e-9148-4231-b2da-35eb58fddf91" />
    <UnitTestResult executionId="8ad552e1-8d2f-46c3-bc3c-c1fbd1bbb388" testId="1ef27b33-e8b2-8d88-5c2b-3857b2abb5f1" testName="CodexBootstrap.Tests.Core.NodePersistenceTests.ComplexStateTransition_IceToWaterToGas_ShouldHandleCorrectly" computerName="Seeker-Mac" duration="00:00:00.3190259" startTime="2025-09-24T03:26:44.3454210-06:00" endTime="2025-09-24T03:26:44.3454210-06:00" testType="13cdc9d9-ddb5-4fa4-a97d-d965ccfc6d4b" outcome="Passed" testListId="8c84fa94-04c1-424b-9868-57a2d4851a1d" relativeResultsDirectory="8ad552e1-8d2f-46c3-bc3c-c1fbd1bbb388" />
    <UnitTestResult executionId="96e592e8-2da2-426f-9d5d-113addca899a" testId="e8865027-a033-e711-71fb-2004ee1807fd" testName="CodexBootstrap.Tests.Core.StateTransitionTests.Edge_BetweenTwoIceNodes_ShouldPersistInIceStorage" computerName="Seeker-Mac" duration="00:00:00.2103481" startTime="2025-09-24T03:27:29.4921270-06:00" endTime="2025-09-24T03:27:29.4921270-06:00" testType="13cdc9d9-ddb5-4fa4-a97d-d965ccfc6d4b" outcome="Passed" testListId="8c84fa94-04c1-424b-9868-57a2d4851a1d" relativeResultsDirectory="96e592e8-2da2-426f-9d5d-113addca899a" />
    <UnitTestResult executionId="fb14ea6e-1234-445c-a641-edf9477a5da6" testId="2077052f-6555-ad72-a6cc-99d9e1294aa2" testName="CodexBootstrap.Tests.Core.NodeRegistryUserRepositoryTests.UpdateAsync_ShouldOverwriteMetadata" computerName="Seeker-Mac" duration="00:00:00.0027720" startTime="2025-09-24T03:26:35.5552710-06:00" endTime="2025-09-24T03:26:35.5552710-06:00" testType="13cdc9d9-ddb5-4fa4-a97d-d965ccfc6d4b" outcome="Passed" testListId="8c84fa94-04c1-424b-9868-57a2d4851a1d" relativeResultsDirectory="fb14ea6e-1234-445c-a641-edf9477a5da6" />
    <UnitTestResult executionId="4aff03d1-8947-48d3-8c80-89941acdaf49" testId="2fb30a0f-ddea-628a-42a5-2fe6a57a267c" testName="CodexBootstrap.Tests.Modules.IdentityModuleApiTests.MicrosoftLogin_ShouldReturnRedirect_WhenProviderAvailable" computerName="Seeker-Mac" duration="00:00:00.0048282" startTime="2025-09-24T03:26:52.3711130-06:00" endTime="2025-09-24T03:26:52.3711130-06:00" testType="13cdc9d9-ddb5-4fa4-a97d-d965ccfc6d4b" outcome="Passed" testListId="8c84fa94-04c1-424b-9868-57a2d4851a1d" relativeResultsDirectory="4aff03d1-8947-48d3-8c80-89941acdaf49" />
    <UnitTestResult executionId="4ed82576-056d-4a78-86a1-cb38f93b1302" testId="b95d7986-cd5c-1d27-935d-048129f27e6c" testName="CodexBootstrap.Tests.Modules.VisualValidationModuleTests.ValidateComponentAgainstSpec_ShouldReturnValidationResult" computerName="Seeker-Mac" duration="00:00:00.0304975" startTime="2025-09-24T03:26:09.7316960-06:00" endTime="2025-09-24T03:26:09.7316960-06:00" testType="13cdc9d9-ddb5-4fa4-a97d-d965ccfc6d4b" outcome="Failed" testListId="8c84fa94-04c1-424b-9868-57a2d4851a1d" relativeResultsDirectory="4ed82576-056d-4a78-86a1-cb38f93b1302">
      <Output>
        <ErrorInfo>
          <Message>Expected registry.TryGet("validation.button-primary", out var validationNode) to be true, but found False.</Message>
          <StackTrace>   at FluentAssertions.Execution.XUnit2TestFramework.Throw(String message)
   at FluentAssertions.Execution.TestFrameworkProvider.Throw(String message)
   at FluentAssertions.Execution.DefaultAssertionStrategy.HandleFailure(String message)
   at FluentAssertions.Execution.AssertionScope.FailWith(Func`1 failReasonFunc)
   at FluentAssertions.Execution.AssertionScope.FailWith(Func`1 failReasonFunc)
   at FluentAssertions.Execution.AssertionScope.FailWith(String message, Object[] args)
   at FluentAssertions.Primitives.BooleanAssertions`1.BeTrue(String because, Object[] becauseArgs)
   at CodexBootstrap.Tests.Modules.VisualValidationModuleTests.ValidateComponentAgainstSpec_ShouldReturnValidationResult() in /Users/ursmuff/source/Living-Codex-CSharp/src/CodexBootstrap.Tests/Modules/VisualValidationModuleTests.cs:line 162
--- End of stack trace from previous location ---</StackTrace>
        </ErrorInfo>
      </Output>
    </UnitTestResult>
    <UnitTestResult executionId="fb644568-fd8e-457a-a2c9-6d051f56d5b4" testId="8fd24cd4-a9c0-0221-2fef-ed0703bf3428" testName="CodexBootstrap.Tests.Integration.ApiIntegrationTests.ApiDiscovery_ShouldReturnAvailableEndpoints" computerName="Seeker-Mac" duration="00:00:00.0015289" startTime="2025-09-24T03:27:42.9438990-06:00" endTime="2025-09-24T03:27:42.9438990-06:00" testType="13cdc9d9-ddb5-4fa4-a97d-d965ccfc6d4b" outcome="Passed" testListId="8c84fa94-04c1-424b-9868-57a2d4851a1d" relativeResultsDirectory="fb644568-fd8e-457a-a2c9-6d051f56d5b4" />
    <UnitTestResult executionId="714d0eec-a55d-402d-8cbc-c589bcbd7b7a" testId="a89402d9-0924-308b-7904-fd6477f0ee7b" testName="CodexBootstrap.Tests.Modules.EnergyModuleApiTests.GetCollectiveEnergy_ShouldReturnSuccess_WhenImplemented" computerName="Seeker-Mac" duration="00:00:00.0083234" startTime="2025-09-24T03:25:51.7923250-06:00" endTime="2025-09-24T03:25:51.7923260-06:00" testType="13cdc9d9-ddb5-4fa4-a97d-d965ccfc6d4b" outcome="Passed" testListId="8c84fa94-04c1-424b-9868-57a2d4851a1d" relativeResultsDirectory="714d0eec-a55d-402d-8cbc-c589bcbd7b7a" />
    <UnitTestResult executionId="e6a9d037-bd74-4de9-85a1-5e87db1fd199" testId="68b579ad-d101-7563-7644-8b094cbff9dc" testName="CodexBootstrap.Tests.Modules.FutureKnowledgeModuleTests.Module_Description_NoLongerMentionsSimulation" computerName="Seeker-Mac" duration="00:00:00.0017241" startTime="2025-09-24T03:26:15.0962630-06:00" endTime="2025-09-24T03:26:15.0962630-06:00" testType="13cdc9d9-ddb5-4fa4-a97d-d965ccfc6d4b" outcome="Passed" testListId="8c84fa94-04c1-424b-9868-57a2d4851a1d" relativeResultsDirectory="e6a9d037-bd74-4de9-85a1-5e87db1fd199" />
    <UnitTestResult executionId="a0f9db40-31c9-4307-bbfe-515dbf57dbb1" testId="49aabe26-596c-6a15-06b4-9dadc7c4733a" testName="CodexBootstrap.Tests.IdentityTests.CreateUser_ShouldCreateNewUser" computerName="Seeker-Mac" duration="00:00:00.0110424" startTime="2025-09-24T03:27:42.5168550-06:00" endTime="2025-09-24T03:27:42.5168550-06:00" testType="13cdc9d9-ddb5-4fa4-a97d-d965ccfc6d4b" outcome="Passed" testListId="8c84fa94-04c1-424b-9868-57a2d4851a1d" relativeResultsDirectory="a0f9db40-31c9-4307-bbfe-515dbf57dbb1" />
    <UnitTestResult executionId="1542e906-f0b4-443d-8121-3b0d3c6f8b44" testId="5f30b836-0b78-553e-28a0-931140309955" testName="CodexBootstrap.Tests.Core.NodeRegistryTests.UpsertNode_WithDuplicateId_ShouldOverwrite" computerName="Seeker-Mac" duration="00:00:00.0011235" startTime="2025-09-24T03:27:18.2873570-06:00" endTime="2025-09-24T03:27:18.2873570-06:00" testType="13cdc9d9-ddb5-4fa4-a97d-d965ccfc6d4b" outcome="Passed" testListId="8c84fa94-04c1-424b-9868-57a2d4851a1d" relativeResultsDirectory="1542e906-f0b4-443d-8121-3b0d3c6f8b44" />
    <UnitTestResult executionId="71953744-0673-4c8e-83a0-9fce20a5fb09" testId="a1a3cd79-a8ef-2dca-2a37-88922f31b2df" testName="CodexBootstrap.Tests.Core.NodeRegistryTests.EdgeState_ShouldFollowNodePhaseTransitions" computerName="Seeker-Mac" duration="00:00:00.0017741" startTime="2025-09-24T03:27:18.3004060-06:00" endTime="2025-09-24T03:27:18.3004060-06:00" testType="13cdc9d9-ddb5-4fa4-a97d-d965ccfc6d4b" outcome="Passed" testListId="8c84fa94-04c1-424b-9868-57a2d4851a1d" relativeResultsDirectory="71953744-0673-4c8e-83a0-9fce20a5fb09" />
    <UnitTestResult executionId="be7dd798-eef0-4f39-aac5-e651a7c69379" testId="2ad5cdb4-5093-99b8-7b30-cd507fc4fbf2" testName="CodexBootstrap.Tests.Modules.FutureKnowledgeModuleTests.RetrieveFutureKnowledge_WithImplementation_ReturnsSuccess" computerName="Seeker-Mac" duration="00:00:00.0091057" startTime="2025-09-24T03:26:15.0903480-06:00" endTime="2025-09-24T03:26:15.0903480-06:00" testType="13cdc9d9-ddb5-4fa4-a97d-d965ccfc6d4b" outcome="Passed" testListId="8c84fa94-04c1-424b-9868-57a2d4851a1d" relativeResultsDirectory="be7dd798-eef0-4f39-aac5-e651a7c69379" />
    <UnitTestResult executionId="fba4bb18-d9e7-4e87-b7d9-bc61dabf82e4" testId="b66e2aed-6736-e5fb-1259-0a652017312d" testName="CodexBootstrap.Tests.IdentityTests.MockIdentityProvider_ShouldGetUserInfo" computerName="Seeker-Mac" duration="00:00:00.0513029" startTime="2025-09-24T03:27:42.7932000-06:00" endTime="2025-09-24T03:27:42.7932000-06:00" testType="13cdc9d9-ddb5-4fa4-a97d-d965ccfc6d4b" outcome="Passed" testListId="8c84fa94-04c1-424b-9868-57a2d4851a1d" relativeResultsDirectory="fba4bb18-d9e7-4e87-b7d9-bc61dabf82e4" />
    <UnitTestResult executionId="745faebe-8224-49ab-86f9-49e2fe1fa6b2" testId="0500d70f-e850-de9a-7eba-8164c3b2fd99" testName="CodexBootstrap.Tests.Modules.NewsModuleApiTests.GetRelatedNews_ShouldReturnNotFound_WhenNewsItemNotFound" computerName="Seeker-Mac" duration="00:00:00.0138790" startTime="2025-09-24T03:28:14.0132380-06:00" endTime="2025-09-24T03:28:14.0132380-06:00" testType="13cdc9d9-ddb5-4fa4-a97d-d965ccfc6d4b" outcome="Passed" testListId="8c84fa94-04c1-424b-9868-57a2d4851a1d" relativeResultsDirectory="745faebe-8224-49ab-86f9-49e2fe1fa6b2" />
    <UnitTestResult executionId="43b2be05-65b6-47b5-86bc-30c45741d0cd" testId="01fada6a-9beb-d06b-6787-0781734f5b1d" testName="CodexBootstrap.Tests.Core.LLMOrchestratorTests.ExecuteAsync_WithNonExistentTemplate_ShouldReturnError" computerName="Seeker-Mac" duration="00:00:00.0001453" startTime="2025-09-24T03:27:27.3317530-06:00" endTime="2025-09-24T03:27:27.3317530-06:00" testType="13cdc9d9-ddb5-4fa4-a97d-d965ccfc6d4b" outcome="Passed" testListId="8c84fa94-04c1-424b-9868-57a2d4851a1d" relativeResultsDirectory="43b2be05-65b6-47b5-86bc-30c45741d0cd" />
    <UnitTestResult executionId="54ef4c0b-a6bf-40f6-9476-933841757f93" testId="4d5b8656-5c24-f46d-b781-bdd5173b1d4a" testName="CodexBootstrap.Tests.PortConfigurationTests.Swagger_ShouldBeAvailableOnPort" computerName="Seeker-Mac" duration="00:00:00.0015054" startTime="2025-09-24T03:27:42.9188840-06:00" endTime="2025-09-24T03:27:42.9188840-06:00" testType="13cdc9d9-ddb5-4fa4-a97d-d965ccfc6d4b" outcome="Passed" testListId="8c84fa94-04c1-424b-9868-57a2d4851a1d" relativeResultsDirectory="54ef4c0b-a6bf-40f6-9476-933841757f93" />
    <UnitTestResult executionId="746cee11-32cc-4e6e-8d16-0d8b4340cf5f" testId="de3c4b09-a3ad-ae77-63dc-db0c1fac083d" testName="CodexBootstrap.Tests.Modules.UXPrimitivesModuleTests.SendInvite_WithoutMessage_ReturnsError" computerName="Seeker-Mac" duration="00:00:00.0020810" startTime="2025-09-24T03:26:38.7758980-06:00" endTime="2025-09-24T03:26:38.7758980-06:00" testType="13cdc9d9-ddb5-4fa4-a97d-d965ccfc6d4b" outcome="Passed" testListId="8c84fa94-04c1-424b-9868-57a2d4851a1d" relativeResultsDirectory="746cee11-32cc-4e6e-8d16-0d8b4340cf5f" />
    <UnitTestResult executionId="3d737c50-03a4-45a0-9365-e7447d3ea4e6" testId="3ca8c1be-9224-8a17-a7fa-c377dada5726" testName="CodexBootstrap.Tests.Modules.ThreadsModuleTests.CreateThread_WithoutTitle_ReturnsError" computerName="Seeker-Mac" duration="00:00:00.0022307" startTime="2025-09-24T03:26:22.5462310-06:00" endTime="2025-09-24T03:26:22.5462310-06:00" testType="13cdc9d9-ddb5-4fa4-a97d-d965ccfc6d4b" outcome="Passed" testListId="8c84fa94-04c1-424b-9868-57a2d4851a1d" relativeResultsDirectory="3d737c50-03a4-45a0-9365-e7447d3ea4e6" />
    <UnitTestResult executionId="fd142dc4-2499-4678-ab40-4fd3b85614c8" testId="b99ace35-33d5-7d18-6ea4-38a87a6c5135" testName="CodexBootstrap.Tests.Modules.ConceptModuleApiTests.GetConcepts_ShouldRespondWithinAcceptableTime" computerName="Seeker-Mac" duration="00:00:00.0059111" startTime="2025-09-24T03:26:30.1229290-06:00" endTime="2025-09-24T03:26:30.1229290-06:00" testType="13cdc9d9-ddb5-4fa4-a97d-d965ccfc6d4b" outcome="Passed" testListId="8c84fa94-04c1-424b-9868-57a2d4851a1d" relativeResultsDirectory="fd142dc4-2499-4678-ab40-4fd3b85614c8" />
    <UnitTestResult executionId="fbafe86b-43a0-4ba2-980a-1dfc52314fc2" testId="53a59314-7293-f081-232f-56d1644cbca1" testName="CodexBootstrap.Tests.Core.NodePersistenceTests.TypeBasedQueries_ShouldWorkAfterRestart" computerName="Seeker-Mac" duration="00:00:00.2041279" startTime="2025-09-24T03:26:48.7567180-06:00" endTime="2025-09-24T03:26:48.7567180-06:00" testType="13cdc9d9-ddb5-4fa4-a97d-d965ccfc6d4b" outcome="Passed" testListId="8c84fa94-04c1-424b-9868-57a2d4851a1d" relativeResultsDirectory="fbafe86b-43a0-4ba2-980a-1dfc52314fc2" />
    <UnitTestResult executionId="13e36dfd-2ecf-4e90-b1c4-2f9c08c87669" testId="85af3b02-5b1f-ad47-f6c3-063b22aa2bc8" testName="CodexBootstrap.Tests.Modules.GalleryModuleTests.GenerateAIImage_WithoutPrompt_ReturnsError" computerName="Seeker-Mac" duration="00:00:00.0030148" startTime="2025-09-24T03:26:00.6109150-06:00" endTime="2025-09-24T03:26:00.6109150-06:00" testType="13cdc9d9-ddb5-4fa4-a97d-d965ccfc6d4b" outcome="Passed" testListId="8c84fa94-04c1-424b-9868-57a2d4851a1d" relativeResultsDirectory="13e36dfd-2ecf-4e90-b1c4-2f9c08c87669" />
    <UnitTestResult executionId="2e6058e0-ea17-46a1-b736-02a04e252a64" testId="080e755c-ee7a-1e14-8f28-e087a10675d0" testName="CodexBootstrap.Tests.ApiIntegrationTests.OAuthProviders_ShouldReturnAvailableProviders" computerName="Seeker-Mac" duration="00:00:00.0023841" startTime="2025-09-24T03:25:57.3638400-06:00" endTime="2025-09-24T03:25:57.3638400-06:00" testType="13cdc9d9-ddb5-4fa4-a97d-d965ccfc6d4b" outcome="Passed" testListId="8c84fa94-04c1-424b-9868-57a2d4851a1d" relativeResultsDirectory="2e6058e0-ea17-46a1-b736-02a04e252a64" />
    <UnitTestResult executionId="d26dbad7-2e6a-4650-8be2-22fc50bdd3ba" testId="2577ff6c-ab5b-df66-2d86-248c489cf166" testName="CodexBootstrap.Tests.Modules.EnergyModuleApiTests.RecordContribution_ShouldReturnSuccess_WhenImplemented" computerName="Seeker-Mac" duration="00:00:00.0496646" startTime="2025-09-24T03:25:51.9364630-06:00" endTime="2025-09-24T03:25:51.9364630-06:00" testType="13cdc9d9-ddb5-4fa4-a97d-d965ccfc6d4b" outcome="Passed" testListId="8c84fa94-04c1-424b-9868-57a2d4851a1d" relativeResultsDirectory="d26dbad7-2e6a-4650-8be2-22fc50bdd3ba" />
    <UnitTestResult executionId="0b364296-469a-4113-a7eb-4e19095a96e2" testId="330b9d6c-f08d-3484-f6a0-3b921f0a24a8" testName="CodexBootstrap.Tests.IdentityTests.MockIdentityProvider_ShouldValidateUser" computerName="Seeker-Mac" duration="00:00:00.0114803" startTime="2025-09-24T03:27:42.5773730-06:00" endTime="2025-09-24T03:27:42.5773730-06:00" testType="13cdc9d9-ddb5-4fa4-a97d-d965ccfc6d4b" outcome="Passed" testListId="8c84fa94-04c1-424b-9868-57a2d4851a1d" relativeResultsDirectory="0b364296-469a-4113-a7eb-4e19095a96e2" />
    <UnitTestResult executionId="3488edcb-0c85-488a-8cbe-acf32832eb2e" testId="19930103-19e2-d6c6-243c-55a9ec794a78" testName="CodexBootstrap.Tests.IdentityTests.GetUserProfile_ShouldReturnUserProfile" computerName="Seeker-Mac" duration="00:00:00.0186078" startTime="2025-09-24T03:27:42.5659560-06:00" endTime="2025-09-24T03:27:42.5659560-06:00" testType="13cdc9d9-ddb5-4fa4-a97d-d965ccfc6d4b" outcome="Failed" testListId="8c84fa94-04c1-424b-9868-57a2d4851a1d" relativeResultsDirectory="3488edcb-0c85-488a-8cbe-acf32832eb2e">
      <Output>
        <ErrorInfo>
          <Message>Expected (result["username"] as JsonElement?)?.GetString() to be "testuser_638943028625475630" with a length of 27, but "not_found" has a length of 9, differs near "not" (index 0).</Message>
          <StackTrace>   at FluentAssertions.Execution.XUnit2TestFramework.Throw(String message)
   at FluentAssertions.Execution.TestFrameworkProvider.Throw(String message)
   at FluentAssertions.Execution.DefaultAssertionStrategy.HandleFailure(String message)
   at FluentAssertions.Execution.AssertionScope.FailWith(Func`1 failReasonFunc)
   at FluentAssertions.Primitives.StringEqualityValidator.ValidateAgainstLengthDifferences()
   at FluentAssertions.Primitives.StringValidator.Validate()
   at FluentAssertions.Primitives.StringAssertions`1.Be(String expected, String because, Object[] becauseArgs)
   at CodexBootstrap.Tests.IdentityTests.GetUserProfile_ShouldReturnUserProfile() in /Users/ursmuff/source/Living-Codex-CSharp/src/CodexBootstrap.Tests/IdentityTests.cs:line 335
--- End of stack trace from previous location ---</StackTrace>
        </ErrorInfo>
      </Output>
    </UnitTestResult>
    <UnitTestResult executionId="ba482da7-7d46-4163-b7be-a3e57da6d407" testId="6599a9fd-a45c-3f51-a550-7571741afdc8" testName="CodexBootstrap.Tests.Modules.ConceptModuleApiTests.GetConcepts_ShouldReturnValidConceptsArray" computerName="Seeker-Mac" duration="00:00:00.0181407" startTime="2025-09-24T03:26:30.0858540-06:00" endTime="2025-09-24T03:26:30.0858540-06:00" testType="13cdc9d9-ddb5-4fa4-a97d-d965ccfc6d4b" outcome="Passed" testListId="8c84fa94-04c1-424b-9868-57a2d4851a1d" relativeResultsDirectory="ba482da7-7d46-4163-b7be-a3e57da6d407" />
    <UnitTestResult executionId="5b344928-4850-4927-9a26-3adb9033c767" testId="fac53d0a-a8d0-7e01-0000-597c45ffcfe4" testName="CodexBootstrap.Tests.Modules.GalleryModuleTests.CreateGalleryItem_WithValidData_CreatesSuccessfully" computerName="Seeker-Mac" duration="00:00:00.0109368" startTime="2025-09-24T03:26:00.6284470-06:00" endTime="2025-09-24T03:26:00.6284470-06:00" testType="13cdc9d9-ddb5-4fa4-a97d-d965ccfc6d4b" outcome="Passed" testListId="8c84fa94-04c1-424b-9868-57a2d4851a1d" relativeResultsDirectory="5b344928-4850-4927-9a26-3adb9033c767" />
    <UnitTestResult executionId="3464906b-f624-4c56-8dc5-79cad636ca68" testId="c7e92259-b8e8-9f87-fc54-366eb8fde590" testName="CodexBootstrap.Tests.Modules.ThreadsModuleTests.AddReply_WithoutThread_ReturnsError" computerName="Seeker-Mac" duration="00:00:00.0054544" startTime="2025-09-24T03:26:22.5439650-06:00" endTime="2025-09-24T03:26:22.5439650-06:00" testType="13cdc9d9-ddb5-4fa4-a97d-d965ccfc6d4b" outcome="Passed" testListId="8c84fa94-04c1-424b-9868-57a2d4851a1d" relativeResultsDirectory="3464906b-f624-4c56-8dc5-79cad636ca68" />
    <UnitTestResult executionId="8c4c487b-7b9d-4f63-82c8-bb8eda75a924" testId="36c7d109-6289-1556-5b99-f94c9642b779" testName="CodexBootstrap.Tests.Modules.EnergyModuleApiTests.GetUserContributions_ShouldReturnContributionsList_WhenImplemented" computerName="Seeker-Mac" duration="00:00:00.0743757" startTime="2025-09-24T03:25:51.7808050-06:00" endTime="2025-09-24T03:25:51.7808170-06:00" testType="13cdc9d9-ddb5-4fa4-a97d-d965ccfc6d4b" outcome="Passed" testListId="8c84fa94-04c1-424b-9868-57a2d4851a1d" relativeResultsDirectory="8c4c487b-7b9d-4f63-82c8-bb8eda75a924" />
    <UnitTestResult executionId="f4494652-2bad-4837-abbb-d097e5df40d3" testId="5fd7373e-836c-fd3b-1266-60a16d14daf5" testName="CodexBootstrap.Tests.Modules.EnergyModuleApiTests.GetContributorEnergy_ShouldReturnBadRequest_WhenUserIdInvalid_WhenImplemented" computerName="Seeker-Mac" duration="00:00:00.0675039" startTime="2025-09-24T03:25:51.8821720-06:00" endTime="2025-09-24T03:25:51.8821730-06:00" testType="13cdc9d9-ddb5-4fa4-a97d-d965ccfc6d4b" outcome="Failed" testListId="8c84fa94-04c1-424b-9868-57a2d4851a1d" relativeResultsDirectory="f4494652-2bad-4837-abbb-d097e5df40d3">
      <Output>
        <ErrorInfo>
          <Message>Expected response.StatusCode to be HttpStatusCode.MethodNotAllowed {value: 405}, but found HttpStatusCode.NotFound {value: 404}.</Message>
          <StackTrace>   at FluentAssertions.Execution.XUnit2TestFramework.Throw(String message)
   at FluentAssertions.Execution.TestFrameworkProvider.Throw(String message)
   at FluentAssertions.Execution.DefaultAssertionStrategy.HandleFailure(String message)
   at FluentAssertions.Execution.AssertionScope.FailWith(Func`1 failReasonFunc)
   at FluentAssertions.Execution.AssertionScope.FailWith(Func`1 failReasonFunc)
   at FluentAssertions.Execution.AssertionScope.FailWith(String message, Object[] args)
   at FluentAssertions.Primitives.EnumAssertions`2.Be(TEnum expected, String because, Object[] becauseArgs)
   at CodexBootstrap.Tests.Modules.EnergyModuleApiTests.GetContributorEnergy_ShouldReturnBadRequest_WhenUserIdInvalid_WhenImplemented() in /Users/ursmuff/source/Living-Codex-CSharp/src/CodexBootstrap.Tests/Modules/EnergyModuleApiTests.cs:line 261
--- End of stack trace from previous location ---</StackTrace>
        </ErrorInfo>
      </Output>
    </UnitTestResult>
    <UnitTestResult executionId="72b6dd41-b5be-4786-b30e-b19484a0056b" testId="c18159c8-c488-c465-11b5-e4f60944ebea" testName="CodexBootstrap.Tests.Core.LLMOrchestratorTests.ExecuteAsync_WithException_ShouldReturnError" computerName="Seeker-Mac" duration="00:00:00.0002421" startTime="2025-09-24T03:27:27.3301120-06:00" endTime="2025-09-24T03:27:27.3301120-06:00" testType="13cdc9d9-ddb5-4fa4-a97d-d965ccfc6d4b" outcome="Passed" testListId="8c84fa94-04c1-424b-9868-57a2d4851a1d" relativeResultsDirectory="72b6dd41-b5be-4786-b30e-b19484a0056b" />
    <UnitTestResult executionId="909903ee-36fa-44c5-98a9-bb733c24fadb" testId="0f0bfda1-cada-6668-e50b-f263755ddcfa" testName="CodexBootstrap.Tests.UCoreOntologyTests.ChakrasAxis_Node_Should_Exist" computerName="Seeker-Mac" duration="00:00:00.0374947" startTime="2025-09-24T03:27:48.4489820-06:00" endTime="2025-09-24T03:27:48.4489820-06:00" testType="13cdc9d9-ddb5-4fa4-a97d-d965ccfc6d4b" outcome="Passed" testListId="8c84fa94-04c1-424b-9868-57a2d4851a1d" relativeResultsDirectory="909903ee-36fa-44c5-98a9-bb733c24fadb" />
    <UnitTestResult executionId="0b04b449-e5e6-46c1-aa16-da60a7cf9e41" testId="3c9ab4c8-f1b7-75d5-dbbb-5692f82a8e63" testName="CodexBootstrap.Tests.Modules.FileSystemModuleTests.FileNode_ShouldHaveCorrectContentRef" computerName="Seeker-Mac" duration="00:00:00.0944563" startTime="2025-09-24T03:27:28.0329060-06:00" endTime="2025-09-24T03:27:28.0329060-06:00" testType="13cdc9d9-ddb5-4fa4-a97d-d965ccfc6d4b" outcome="Passed" testListId="8c84fa94-04c1-424b-9868-57a2d4851a1d" relativeResultsDirectory="0b04b449-e5e6-46c1-aa16-da60a7cf9e41" />
    <UnitTestResult executionId="9c503f90-bcbf-4953-b131-4cace9375698" testId="561f218d-b654-fb57-ee4b-f7e1649d5050" testName="CodexBootstrap.Tests.Modules.UXPrimitivesModuleTests.CreateWeave_WithValidData_CreatesSuccessfully" computerName="Seeker-Mac" duration="00:00:00.0039243" startTime="2025-09-24T03:26:38.7892600-06:00" endTime="2025-09-24T03:26:38.7892600-06:00" testType="13cdc9d9-ddb5-4fa4-a97d-d965ccfc6d4b" outcome="Passed" testListId="8c84fa94-04c1-424b-9868-57a2d4851a1d" relativeResultsDirectory="9c503f90-bcbf-4953-b131-4cace9375698" />
    <UnitTestResult executionId="1755096f-ef25-4de1-a6bc-a56d242a922d" testId="de6737cf-2597-d0d6-4640-2dcefdc86dd1" testName="CodexBootstrap.Tests.Core.NodeRegistryUserRepositoryTests.DeleteAsync_ShouldRemoveNode" computerName="Seeker-Mac" duration="00:00:00.0563422" startTime="2025-09-24T03:26:35.5524380-06:00" endTime="2025-09-24T03:26:35.5524380-06:00" testType="13cdc9d9-ddb5-4fa4-a97d-d965ccfc6d4b" outcome="Passed" testListId="8c84fa94-04c1-424b-9868-57a2d4851a1d" relativeResultsDirectory="1755096f-ef25-4de1-a6bc-a56d242a922d" />
    <UnitTestResult executionId="a3031f43-ffa1-4e42-b3b1-bbb8e3ceb9e7" testId="d29b97cc-8f72-3f8f-ee60-4568f1429a8b" testName="CodexBootstrap.Tests.Core.NodePersistenceTests.CacheClearAndReload_Edges_ShouldRestorePersistentEdges" computerName="Seeker-Mac" duration="00:00:00.3063542" startTime="2025-09-24T03:26:46.7553630-06:00" endTime="2025-09-24T03:26:46.7553630-06:00" testType="13cdc9d9-ddb5-4fa4-a97d-d965ccfc6d4b" outcome="Passed" testListId="8c84fa94-04c1-424b-9868-57a2d4851a1d" relativeResultsDirectory="a3031f43-ffa1-4e42-b3b1-bbb8e3ceb9e7" />
    <UnitTestResult executionId="6d1aa59c-a4c9-436e-a654-56b8f5b9ecaa" testId="5f315f1e-d6f1-03f6-3f34-8b951770fd4b" testName="CodexBootstrap.Tests.ApiIntegrationTests.Modules_ShouldBeAvailable" computerName="Seeker-Mac" duration="00:00:00.0050621" startTime="2025-09-24T03:25:57.3367340-06:00" endTime="2025-09-24T03:25:57.3367340-06:00" testType="13cdc9d9-ddb5-4fa4-a97d-d965ccfc6d4b" outcome="Passed" testListId="8c84fa94-04c1-424b-9868-57a2d4851a1d" relativeResultsDirectory="6d1aa59c-a4c9-436e-a654-56b8f5b9ecaa" />
    <UnitTestResult executionId="263dc6dc-19d6-4035-8584-4d6b6a85d9d4" testId="699de456-4b30-e20b-d29b-f9997d34c156" testName="CodexBootstrap.Tests.Modules.IdentityModuleApiTests.Authenticate_ShouldReturnUnauthorized_WhenInvalidCredentials" computerName="Seeker-Mac" duration="00:00:00.0139517" startTime="2025-09-24T03:26:52.4142030-06:00" endTime="2025-09-24T03:26:52.4142030-06:00" testType="13cdc9d9-ddb5-4fa4-a97d-d965ccfc6d4b" outcome="Passed" testListId="8c84fa94-04c1-424b-9868-57a2d4851a1d" relativeResultsDirectory="263dc6dc-19d6-4035-8584-4d6b6a85d9d4" />
    <UnitTestResult executionId="f2d3bf28-151c-438a-bc7b-09c2697fe0d6" testId="64f2bbc2-131e-f499-10ff-759656bb07e6" testName="CodexBootstrap.Tests.Core.NodePersistenceTests.CacheClearAndReload_ShouldRestorePersistentNodes" computerName="Seeker-Mac" duration="00:00:00.3085909" startTime="2025-09-24T03:26:47.1696130-06:00" endTime="2025-09-24T03:26:47.1696130-06:00" testType="13cdc9d9-ddb5-4fa4-a97d-d965ccfc6d4b" outcome="Passed" testListId="8c84fa94-04c1-424b-9868-57a2d4851a1d" relativeResultsDirectory="f2d3bf28-151c-438a-bc7b-09c2697fe0d6" />
    <UnitTestResult executionId="5094634e-870f-46e7-ae83-e6cf4f9ebaa2" testId="3f4da332-2fb9-784e-8300-a3ffc13949c4" testName="CodexBootstrap.Tests.IdentityTests.MockIdentityProvider_ShouldGetAllMockUsers" computerName="Seeker-Mac" duration="00:00:00.0010143" startTime="2025-09-24T03:27:42.4227750-06:00" endTime="2025-09-24T03:27:42.4227750-06:00" testType="13cdc9d9-ddb5-4fa4-a97d-d965ccfc6d4b" outcome="Passed" testListId="8c84fa94-04c1-424b-9868-57a2d4851a1d" relativeResultsDirectory="5094634e-870f-46e7-ae83-e6cf4f9ebaa2" />
    <UnitTestResult executionId="c6c4ad7f-2782-4101-ab64-5abc41bd8d6a" testId="80dd12df-b2d2-e332-3474-ef692b090e79" testName="CodexBootstrap.Tests.Core.StateTransitionTests.Edge_BetweenTwoWaterNodes_ShouldPersistInWaterStorage" computerName="Seeker-Mac" duration="00:00:00.2089479" startTime="2025-09-24T03:27:30.3166400-06:00" endTime="2025-09-24T03:27:30.3166400-06:00" testType="13cdc9d9-ddb5-4fa4-a97d-d965ccfc6d4b" outcome="Passed" testListId="8c84fa94-04c1-424b-9868-57a2d4851a1d" relativeResultsDirectory="c6c4ad7f-2782-4101-ab64-5abc41bd8d6a" />
    <UnitTestResult executionId="4ae87f23-5c41-4c39-9745-94f343c650de" testId="0e83f6d2-f0e7-2e47-ad7b-fd57feab6720" testName="CodexBootstrap.Tests.Modules.IdentityModuleApiTests.GoogleLogin_ShouldReturnRedirect_WhenProviderAvailable" computerName="Seeker-Mac" duration="00:00:00.0049354" startTime="2025-09-24T03:26:52.3840980-06:00" endTime="2025-09-24T03:26:52.3840980-06:00" testType="13cdc9d9-ddb5-4fa4-a97d-d965ccfc6d4b" outcome="Passed" testListId="8c84fa94-04c1-424b-9868-57a2d4851a1d" relativeResultsDirectory="4ae87f23-5c41-4c39-9745-94f343c650de" />
    <UnitTestResult executionId="ee0488b8-9caa-42a5-a031-6f575a5f587b" testId="14935da5-76f2-bd62-81ac-04e61a088bd0" testName="CodexBootstrap.Tests.Modules.EnergyModuleApiTests.GetContributorEnergy_ShouldRespondWithinAcceptableTime_WhenImplemented" computerName="Seeker-Mac" duration="00:00:00.0034380" startTime="2025-09-24T03:25:51.8055720-06:00" endTime="2025-09-24T03:25:51.8055720-06:00" testType="13cdc9d9-ddb5-4fa4-a97d-d965ccfc6d4b" outcome="Passed" testListId="8c84fa94-04c1-424b-9868-57a2d4851a1d" relativeResultsDirectory="ee0488b8-9caa-42a5-a031-6f575a5f587b" />
    <UnitTestResult executionId="f1cac6b7-0e72-4c1d-9db0-fad1761eea22" testId="410a93d4-5a0d-cd14-1966-c13e3bca40a5" testName="CodexBootstrap.Tests.Core.NodeRegistryTests.GetNodesByType_ShouldReturnNodesOfSpecificType" computerName="Seeker-Mac" duration="00:00:00.0008118" startTime="2025-09-24T03:27:18.2882050-06:00" endTime="2025-09-24T03:27:18.2882050-06:00" testType="13cdc9d9-ddb5-4fa4-a97d-d965ccfc6d4b" outcome="Passed" testListId="8c84fa94-04c1-424b-9868-57a2d4851a1d" relativeResultsDirectory="f1cac6b7-0e72-4c1d-9db0-fad1761eea22" />
    <UnitTestResult executionId="600a1abb-53b3-4d28-9c90-63bf4fa63701" testId="acc7a2a6-5b6f-24ca-1251-941601005cf3" testName="CodexBootstrap.Tests.Modules.VisualValidationModuleTests.RenderComponentToImage_ShouldStoreNodeAndReturnSuccess" computerName="Seeker-Mac" duration="00:00:03.7057321" startTime="2025-09-24T03:26:09.7030440-06:00" endTime="2025-09-24T03:26:09.7030440-06:00" testType="13cdc9d9-ddb5-4fa4-a97d-d965ccfc6d4b" outcome="Failed" testListId="8c84fa94-04c1-424b-9868-57a2d4851a1d" relativeResultsDirectory="600a1abb-53b3-4d28-9c90-63bf4fa63701">
      <Output>
        <ErrorInfo>
          <Message>Expected json.GetProperty("data").GetProperty("imageNodeId").GetString() to be "rendered-image.button-primary" with a length of 29, but "codex.ui.rendered-image.button-primary.cff8376f2eb8444e83db76865798a95e" has a length of 71, differs near "cod" (index 0).</Message>
          <StackTrace>   at FluentAssertions.Execution.XUnit2TestFramework.Throw(String message)
   at FluentAssertions.Execution.TestFrameworkProvider.Throw(String message)
   at FluentAssertions.Execution.DefaultAssertionStrategy.HandleFailure(String message)
   at FluentAssertions.Execution.AssertionScope.FailWith(Func`1 failReasonFunc)
   at FluentAssertions.Execution.AssertionScope.FailWith(Func`1 failReasonFunc)
   at FluentAssertions.Primitives.StringEqualityValidator.ValidateAgainstLengthDifferences()
   at FluentAssertions.Primitives.StringValidator.Validate()
   at FluentAssertions.Primitives.StringAssertions`1.Be(String expected, String because, Object[] becauseArgs)
   at CodexBootstrap.Tests.Modules.VisualValidationModuleTests.RenderComponentToImage_ShouldStoreNodeAndReturnSuccess() in /Users/ursmuff/source/Living-Codex-CSharp/src/CodexBootstrap.Tests/Modules/VisualValidationModuleTests.cs:line 37
--- End of stack trace from previous location ---</StackTrace>
        </ErrorInfo>
      </Output>
    </UnitTestResult>
    <UnitTestResult executionId="be1aa38e-b6e3-43c3-8187-6deb55921112" testId="210bbbd2-7277-0493-b4fc-59a018f08cc3" testName="CodexBootstrap.Tests.Modules.NoMockDataRegressionTests.VisualValidation_WithoutAI_ShouldFailNotFallback" computerName="Seeker-Mac" duration="00:00:00.0176382" startTime="2025-09-24T03:27:34.2125190-06:00" endTime="2025-09-24T03:27:34.2125190-06:00" testType="13cdc9d9-ddb5-4fa4-a97d-d965ccfc6d4b" outcome="Passed" testListId="8c84fa94-04c1-424b-9868-57a2d4851a1d" relativeResultsDirectory="be1aa38e-b6e3-43c3-8187-6deb55921112" />
    <UnitTestResult executionId="1205f454-8999-4b80-a7c7-6e6e3e8130ea" testId="9362de11-64d0-3a11-bfe7-ba203f9734b0" testName="CodexBootstrap.Tests.Modules.IdentityModuleApiTests.Authenticate_ShouldHandleMalformedJson" computerName="Seeker-Mac" duration="00:00:00.0058086" startTime="2025-09-24T03:26:52.4202050-06:00" endTime="2025-09-24T03:26:52.4202050-06:00" testType="13cdc9d9-ddb5-4fa4-a97d-d965ccfc6d4b" outcome="Passed" testListId="8c84fa94-04c1-424b-9868-57a2d4851a1d" relativeResultsDirectory="1205f454-8999-4b80-a7c7-6e6e3e8130ea" />
    <UnitTestResult executionId="09aadfc7-6929-4604-b756-fb7fb0e91636" testId="0822fda8-1ecb-9b4b-b537-c5def62bdea6" testName="CodexBootstrap.Tests.PortConfigurationTests.Server_ShouldStartOnPort" computerName="Seeker-Mac" duration="00:00:00.0154700" startTime="2025-09-24T03:27:42.9123050-06:00" endTime="2025-09-24T03:27:42.9123050-06:00" testType="13cdc9d9-ddb5-4fa4-a97d-d965ccfc6d4b" outcome="Passed" testListId="8c84fa94-04c1-424b-9868-57a2d4851a1d" relativeResultsDirectory="09aadfc7-6929-4604-b756-fb7fb0e91636" />
    <UnitTestResult executionId="83090232-cdee-44a7-b6ee-81328784f929" testId="f1e9172e-c439-b721-cfd4-273b562aabf9" testName="CodexBootstrap.Tests.ApiEndpointTests.UserEndpoints_ShouldBeAccessible" computerName="Seeker-Mac" duration="00:00:00.0012708" startTime="2025-09-24T03:27:41.9651110-06:00" endTime="2025-09-24T03:27:41.9651110-06:00" testType="13cdc9d9-ddb5-4fa4-a97d-d965ccfc6d4b" outcome="Passed" testListId="8c84fa94-04c1-424b-9868-57a2d4851a1d" relativeResultsDirectory="83090232-cdee-44a7-b6ee-81328784f929" />
    <UnitTestResult executionId="79c68b8d-ad7f-4b6d-89d0-43a4739adc48" testId="e8d4d606-490f-c18b-b9f2-d71b9249e382" testName="CodexBootstrap.Tests.Modules.NoMockDataRegressionTests.ModuleEndpoints_WithInvalidData_ReturnCleanErrors(endpoint: &quot;/threads/create&quot;)" computerName="Seeker-Mac" duration="00:00:00.0025089" startTime="2025-09-24T03:27:34.1946470-06:00" endTime="2025-09-24T03:27:34.1946470-06:00" testType="13cdc9d9-ddb5-4fa4-a97d-d965ccfc6d4b" outcome="Passed" testListId="8c84fa94-04c1-424b-9868-57a2d4851a1d" relativeResultsDirectory="79c68b8d-ad7f-4b6d-89d0-43a4739adc48" />
    <UnitTestResult executionId="ab0ba08c-cdab-40a9-adf2-401d18097577" testId="0864368a-5d20-d499-562d-dea9741e52aa" testName="CodexBootstrap.Tests.Integration.ApiIntegrationTests.ModulesEndpoint_ShouldReturnModuleList" computerName="Seeker-Mac" duration="00:00:00.0028923" startTime="2025-09-24T03:27:42.9221070-06:00" endTime="2025-09-24T03:27:42.9221070-06:00" testType="13cdc9d9-ddb5-4fa4-a97d-d965ccfc6d4b" outcome="Passed" testListId="8c84fa94-04c1-424b-9868-57a2d4851a1d" relativeResultsDirectory="ab0ba08c-cdab-40a9-adf2-401d18097577" />
    <UnitTestResult executionId="c167c198-67f9-4c08-bc1e-82f18598557d" testId="98c2172e-97df-13d5-a0eb-3bfd4b42a99b" testName="CodexBootstrap.Tests.Core.NodeRegistryTests.AllNodes_ShouldReturnAllRegisteredNodes" computerName="Seeker-Mac" duration="00:00:00.0021963" startTime="2025-09-24T03:27:18.2862180-06:00" endTime="2025-09-24T03:27:18.2862180-06:00" testType="13cdc9d9-ddb5-4fa4-a97d-d965ccfc6d4b" outcome="Passed" testListId="8c84fa94-04c1-424b-9868-57a2d4851a1d" relativeResultsDirectory="c167c198-67f9-4c08-bc1e-82f18598557d" />
    <UnitTestResult executionId="1d0f8a81-186c-4894-bdb3-1d8256f38e9a" testId="d54e53b6-4b26-6bd1-09f9-f73b753baeb3" testName="CodexBootstrap.Tests.ComprehensiveEndpointDiscovery.ModulesEndpoint_ShouldReturnStructuredData" computerName="Seeker-Mac" duration="00:00:00.0042651" startTime="2025-09-24T03:27:42.0203620-06:00" endTime="2025-09-24T03:27:42.0203620-06:00" testType="13cdc9d9-ddb5-4fa4-a97d-d965ccfc6d4b" outcome="Passed" testListId="8c84fa94-04c1-424b-9868-57a2d4851a1d" relativeResultsDirectory="1d0f8a81-186c-4894-bdb3-1d8256f38e9a" />
    <UnitTestResult executionId="149f1d41-2dd2-4987-bda8-6410eb523ab3" testId="6d4dda94-e519-5838-44e2-8dc3d94e25ab" testName="CodexBootstrap.Tests.ApiIntegrationTests.Swagger_ShouldBeAvailable" computerName="Seeker-Mac" duration="00:00:00.0039661" startTime="2025-09-24T03:25:57.3579620-06:00" endTime="2025-09-24T03:25:57.3579620-06:00" testType="13cdc9d9-ddb5-4fa4-a97d-d965ccfc6d4b" outcome="Passed" testListId="8c84fa94-04c1-424b-9868-57a2d4851a1d" relativeResultsDirectory="149f1d41-2dd2-4987-bda8-6410eb523ab3" />
    <UnitTestResult executionId="3893c926-d4d6-435e-b053-5244f778d355" testId="c4827e09-d08d-46ae-e11d-0d4589191c8f" testName="CodexBootstrap.Tests.ApiIntegrationTests.UserDiscovery_ShouldReturnUsers" computerName="Seeker-Mac" duration="00:00:00.0076224" startTime="2025-09-24T03:25:57.3537080-06:00" endTime="2025-09-24T03:25:57.3537090-06:00" testType="13cdc9d9-ddb5-4fa4-a97d-d965ccfc6d4b" outcome="Passed" testListId="8c84fa94-04c1-424b-9868-57a2d4851a1d" relativeResultsDirectory="3893c926-d4d6-435e-b053-5244f778d355" />
    <UnitTestResult executionId="f74c9b9b-eb86-4452-8610-a0344d826c0d" testId="9398df0f-b7e2-21ef-6751-b96144b08a9b" testName="CodexBootstrap.Tests.Modules.ConceptModuleApiTests.GetConcept_ShouldReturnNotFound_WhenConceptDoesNotExist" computerName="Seeker-Mac" duration="00:00:00.0125992" startTime="2025-09-24T03:26:30.1567130-06:00" endTime="2025-09-24T03:26:30.1567130-06:00" testType="13cdc9d9-ddb5-4fa4-a97d-d965ccfc6d4b" outcome="Passed" testListId="8c84fa94-04c1-424b-9868-57a2d4851a1d" relativeResultsDirectory="f74c9b9b-eb86-4452-8610-a0344d826c0d" />
    <UnitTestResult executionId="8b406446-29bc-4b47-9ca2-dad12cf8dfc3" testId="297dbb1d-563a-4ae2-6e9d-d6d45465095a" testName="CodexBootstrap.Tests.Core.NodePersistenceTests.EdgePersistence_IceToIce_ShouldPersistInIceStorage" computerName="Seeker-Mac" duration="00:00:00.2115969" startTime="2025-09-24T03:26:47.3814000-06:00" endTime="2025-09-24T03:26:47.3814000-06:00" testType="13cdc9d9-ddb5-4fa4-a97d-d965ccfc6d4b" outcome="Passed" testListId="8c84fa94-04c1-424b-9868-57a2d4851a1d" relativeResultsDirectory="8b406446-29bc-4b47-9ca2-dad12cf8dfc3" />
    <UnitTestResult executionId="c1bcd145-4538-437e-8dc4-597099c68b0e" testId="146ff060-bcc7-e0b1-fb2c-4c0b171c5a00" testName="CodexBootstrap.Tests.Modules.GalleryModuleTests.CreateGalleryItem_WithoutImageUrl_ReturnsError" computerName="Seeker-Mac" duration="00:00:00.0017923" startTime="2025-09-24T03:26:00.6127660-06:00" endTime="2025-09-24T03:26:00.6127660-06:00" testType="13cdc9d9-ddb5-4fa4-a97d-d965ccfc6d4b" outcome="Passed" testListId="8c84fa94-04c1-424b-9868-57a2d4851a1d" relativeResultsDirectory="c1bcd145-4538-437e-8dc4-597099c68b0e" />
    <UnitTestResult executionId="5023a363-8bc3-45cc-93c5-d6305e6759c1" testId="fb0dc501-3b66-e027-61aa-7077b3c509b2" testName="CodexBootstrap.Tests.ApiIntegrationTests.GoogleOAuthLogin_ShouldInitiateLoginFlow" computerName="Seeker-Mac" duration="00:00:00.0028263" startTime="2025-09-24T03:25:57.3610880-06:00" endTime="2025-09-24T03:25:57.3610880-06:00" testType="13cdc9d9-ddb5-4fa4-a97d-d965ccfc6d4b" outcome="Passed" testListId="8c84fa94-04c1-424b-9868-57a2d4851a1d" relativeResultsDirectory="5023a363-8bc3-45cc-93c5-d6305e6759c1" />
    <UnitTestResult executionId="9610bf65-ca78-45cc-b7fa-ec1409997de1" testId="9674b376-d6ac-4703-6bfc-2eb31e6b6cc1" testName="CodexBootstrap.Tests.IdentityTests.MockIdentityProvider_ShouldGetIdentityProviders" computerName="Seeker-Mac" duration="00:00:00.0007498" startTime="2025-09-24T03:27:42.5781570-06:00" endTime="2025-09-24T03:27:42.5781570-06:00" testType="13cdc9d9-ddb5-4fa4-a97d-d965ccfc6d4b" outcome="Passed" testListId="8c84fa94-04c1-424b-9868-57a2d4851a1d" relativeResultsDirectory="9610bf65-ca78-45cc-b7fa-ec1409997de1" />
    <UnitTestResult executionId="fbb5d293-d64f-4c38-b3bf-e080677b6db8" testId="79341776-28f9-9f5a-685e-8b9cb0ecc3e5" testName="CodexBootstrap.Tests.IdentityTests.MockIdentityProvider_ShouldInitiateLogin" computerName="Seeker-Mac" duration="00:00:00.0149063" startTime="2025-09-24T03:27:42.4216710-06:00" endTime="2025-09-24T03:27:42.4216710-06:00" testType="13cdc9d9-ddb5-4fa4-a97d-d965ccfc6d4b" outcome="Passed" testListId="8c84fa94-04c1-424b-9868-57a2d4851a1d" relativeResultsDirectory="fbb5d293-d64f-4c38-b3bf-e080677b6db8" />
    <UnitTestResult executionId="4926b1c9-c679-4fc7-bfc1-1f6e07ec5945" testId="f90d32c6-f44e-af0c-3d05-d5d63d72fbed" testName="CodexBootstrap.Tests.Core.NodePersistenceTests.DataIntegrity_NodeUpdates_ShouldPreserveHistory" computerName="Seeker-Mac" duration="00:00:00.2071166" startTime="2025-09-24T03:26:46.2312290-06:00" endTime="2025-09-24T03:26:46.2312290-06:00" testType="13cdc9d9-ddb5-4fa4-a97d-d965ccfc6d4b" outcome="Passed" testListId="8c84fa94-04c1-424b-9868-57a2d4851a1d" relativeResultsDirectory="4926b1c9-c679-4fc7-bfc1-1f6e07ec5945" />
    <UnitTestResult executionId="5e8f1301-6e3d-4eef-97b8-93cfa5e99c77" testId="9427af82-0059-a7d9-573f-043a790c4050" testName="CodexBootstrap.Tests.UCoreOntologyTests.UCoreInitializer_Should_LoadAllUniversalAxes" computerName="Seeker-Mac" duration="00:00:00.0307267" startTime="2025-09-24T03:27:48.3277590-06:00" endTime="2025-09-24T03:27:48.3277590-06:00" testType="13cdc9d9-ddb5-4fa4-a97d-d965ccfc6d4b" outcome="Passed" testListId="8c84fa94-04c1-424b-9868-57a2d4851a1d" relativeResultsDirectory="5e8f1301-6e3d-4eef-97b8-93cfa5e99c77" />
    <UnitTestResult executionId="d54313d7-2982-4a58-9cdc-46c232536329" testId="290da516-121d-61e0-0dd0-c0be605ad3c9" testName="CodexBootstrap.Tests.Core.StateTransitionTests.Edge_BetweenIceAndGasNodes_ShouldNotPersist" computerName="Seeker-Mac" duration="00:00:00.2281113" startTime="2025-09-24T03:27:30.7510380-06:00" endTime="2025-09-24T03:27:30.7510380-06:00" testType="13cdc9d9-ddb5-4fa4-a97d-d965ccfc6d4b" outcome="Passed" testListId="8c84fa94-04c1-424b-9868-57a2d4851a1d" relativeResultsDirectory="d54313d7-2982-4a58-9cdc-46c232536329" />
    <UnitTestResult executionId="10c6308d-1a08-424b-af4d-1d79dde87204" testId="1f334c79-0062-1fd4-b393-16846c0c4410" testName="CodexBootstrap.Tests.Modules.NewsModuleApiTests.GetUnreadNews_ShouldReturnEmptyResults_WhenNoUnreadNews" computerName="Seeker-Mac" duration="00:00:00.0112967" startTime="2025-09-24T03:28:13.6497120-06:00" endTime="2025-09-24T03:28:13.6497120-06:00" testType="13cdc9d9-ddb5-4fa4-a97d-d965ccfc6d4b" outcome="Passed" testListId="8c84fa94-04c1-424b-9868-57a2d4851a1d" relativeResultsDirectory="10c6308d-1a08-424b-af4d-1d79dde87204" />
    <UnitTestResult executionId="29dd36ed-1688-4ee2-b6b4-0ef18a82b32f" testId="382f02cf-38c0-12b1-98d8-ae75885865e3" testName="CodexBootstrap.Tests.Core.NodePersistenceTests.ServerRestart_IceNodes_ShouldSurviveRestart" computerName="Seeker-Mac" duration="00:00:00.2085457" startTime="2025-09-24T03:26:45.7024120-06:00" endTime="2025-09-24T03:26:45.7024120-06:00" testType="13cdc9d9-ddb5-4fa4-a97d-d965ccfc6d4b" outcome="Passed" testListId="8c84fa94-04c1-424b-9868-57a2d4851a1d" relativeResultsDirectory="29dd36ed-1688-4ee2-b6b4-0ef18a82b32f" />
    <UnitTestResult executionId="4e03051b-9981-4e42-82f3-c4daa5ffceb3" testId="55db700b-b4b0-5cf1-78a6-21f835d00459" testName="CodexBootstrap.Tests.Modules.NewsModuleApiTests.GetNewsItem_ShouldReturnNotFound_WhenNewsItemNotFound" computerName="Seeker-Mac" duration="00:00:00.0166034" startTime="2025-09-24T03:28:13.9873680-06:00" endTime="2025-09-24T03:28:13.9873680-06:00" testType="13cdc9d9-ddb5-4fa4-a97d-d965ccfc6d4b" outcome="Passed" testListId="8c84fa94-04c1-424b-9868-57a2d4851a1d" relativeResultsDirectory="4e03051b-9981-4e42-82f3-c4daa5ffceb3" />
    <UnitTestResult executionId="6c0c92c0-bdbd-4879-9668-0c962ea04333" testId="6d1325fe-8024-7798-813c-49d49c7502db" testName="CodexBootstrap.Tests.Modules.FileSystemModuleTests.DeleteFile_WithValidNode_MovesToBackupAndMarksDeleted" computerName="Seeker-Mac" duration="00:00:00.0872749" startTime="2025-09-24T03:27:27.9407050-06:00" endTime="2025-09-24T03:27:27.9407050-06:00" testType="13cdc9d9-ddb5-4fa4-a97d-d965ccfc6d4b" outcome="Failed" testListId="8c84fa94-04c1-424b-9868-57a2d4851a1d" relativeResultsDirectory="6c0c92c0-bdbd-4879-9668-0c962ea04333">
      <Output>
        <ErrorInfo>
          <Message>Method returned error: File node 'file:DeleteTest.cs' not found
Expected: True
Actual:   False</Message>
          <StackTrace>   at CodexBootstrap.Tests.Modules.FileSystemModuleTests.DeleteFile_WithValidNode_MovesToBackupAndMarksDeleted() in /Users/ursmuff/source/Living-Codex-CSharp/src/CodexBootstrap.Tests/Modules/FileSystemModuleTests.cs:line 426
--- End of stack trace from previous location ---</StackTrace>
        </ErrorInfo>
      </Output>
    </UnitTestResult>
    <UnitTestResult executionId="4d3ac24b-0c4d-46f0-a384-199b2c726507" testId="d94c59b9-3860-902d-b295-c5d99d6d5e53" testName="CodexBootstrap.Tests.Core.NodePersistenceTests.ServerRestart_WaterNodes_ShouldNotSurviveRestart" computerName="Seeker-Mac" duration="00:00:00.2062583" startTime="2025-09-24T03:26:45.4934800-06:00" endTime="2025-09-24T03:26:45.4934800-06:00" testType="13cdc9d9-ddb5-4fa4-a97d-d965ccfc6d4b" outcome="Passed" testListId="8c84fa94-04c1-424b-9868-57a2d4851a1d" relativeResultsDirectory="4d3ac24b-0c4d-46f0-a384-199b2c726507" />
    <UnitTestResult executionId="a8afa4ea-d627-41bf-873c-82c1f500b50a" testId="aced4986-e1f4-a66e-d3bb-e7d4243e8cbf" testName="CodexBootstrap.Tests.Modules.FileSystemModuleTests.CreateFile_WithValidRequest_CreatesFileAndNode" computerName="Seeker-Mac" duration="00:00:00.0938377" startTime="2025-09-24T03:27:27.8425820-06:00" endTime="2025-09-24T03:27:27.8425820-06:00" testType="13cdc9d9-ddb5-4fa4-a97d-d965ccfc6d4b" outcome="Passed" testListId="8c84fa94-04c1-424b-9868-57a2d4851a1d" relativeResultsDirectory="a8afa4ea-d627-41bf-873c-82c1f500b50a" />
    <UnitTestResult executionId="25d61869-662e-4b74-bc31-459933ff9fe0" testId="df8d72e5-e210-8677-f027-f8ba257cf478" testName="CodexBootstrap.Tests.Modules.UXPrimitivesModuleTests.SendInvite_WithValidData_CreatesSuccessfully" computerName="Seeker-Mac" duration="00:00:00.0040063" startTime="2025-09-24T03:26:38.7799530-06:00" endTime="2025-09-24T03:26:38.7799530-06:00" testType="13cdc9d9-ddb5-4fa4-a97d-d965ccfc6d4b" outcome="Passed" testListId="8c84fa94-04c1-424b-9868-57a2d4851a1d" relativeResultsDirectory="25d61869-662e-4b74-bc31-459933ff9fe0" />
    <UnitTestResult executionId="a3e3bdf5-e055-4f31-b1f4-6f8228214ada" testId="95697913-300a-0d09-fede-d269c1c9cc5a" testName="CodexBootstrap.Tests.Modules.ConceptModuleApiTests.CreateConcept_ShouldReturnSuccess_WhenValidRequest" computerName="Seeker-Mac" duration="00:00:00.0045664" startTime="2025-09-24T03:26:30.1614700-06:00" endTime="2025-09-24T03:26:30.1614700-06:00" testType="13cdc9d9-ddb5-4fa4-a97d-d965ccfc6d4b" outcome="Passed" testListId="8c84fa94-04c1-424b-9868-57a2d4851a1d" relativeResultsDirectory="a3e3bdf5-e055-4f31-b1f4-6f8228214ada" />
    <UnitTestResult executionId="b498fc89-7eca-4377-8002-b0dc22ce3e7f" testId="52464efb-4166-65c1-6219-acc12f2b3ff6" testName="CodexBootstrap.Tests.Modules.IdentityModuleApiTests.Authenticate_ShouldRespondWithinAcceptableTime" computerName="Seeker-Mac" duration="00:00:00.0464101" startTime="2025-09-24T03:26:52.3372250-06:00" endTime="2025-09-24T03:26:52.3372250-06:00" testType="13cdc9d9-ddb5-4fa4-a97d-d965ccfc6d4b" outcome="Passed" testListId="8c84fa94-04c1-424b-9868-57a2d4851a1d" relativeResultsDirectory="b498fc89-7eca-4377-8002-b0dc22ce3e7f" />
    <UnitTestResult executionId="d1179be5-d5e5-4c29-b1ed-83f2442332a2" testId="6e5a8b91-6a75-56d3-b317-a9ac48ab0672" testName="CodexBootstrap.Tests.Modules.NodeEdgeModuleApiTests.GetNodes_ShouldAcceptQueryParameters" computerName="Seeker-Mac" duration="00:00:00.0233076" startTime="2025-09-24T03:27:21.7854900-06:00" endTime="2025-09-24T03:27:21.7854900-06:00" testType="13cdc9d9-ddb5-4fa4-a97d-d965ccfc6d4b" outcome="Passed" testListId="8c84fa94-04c1-424b-9868-57a2d4851a1d" relativeResultsDirectory="d1179be5-d5e5-4c29-b1ed-83f2442332a2" />
    <UnitTestResult executionId="a51eb32b-2798-460b-9648-2afa6fa79501" testId="0c97d759-0190-10c2-9a46-6ea0e0639ab1" testName="CodexBootstrap.Tests.ApiEndpointTests.Root_ShouldReturnResponse" computerName="Seeker-Mac" duration="00:00:00.0030802" startTime="2025-09-24T03:27:41.9587470-06:00" endTime="2025-09-24T03:27:41.9587470-06:00" testType="13cdc9d9-ddb5-4fa4-a97d-d965ccfc6d4b" outcome="Passed" testListId="8c84fa94-04c1-424b-9868-57a2d4851a1d" relativeResultsDirectory="a51eb32b-2798-460b-9648-2afa6fa79501" />
    <UnitTestResult executionId="c82d5ed2-36ab-4664-a257-d47d97385c51" testId="2b00ad46-f32b-446f-acdc-2eea35c5f140" testName="CodexBootstrap.Tests.Modules.AIModuleTests.GetModuleNode_ShouldReturnModuleNode" computerName="Seeker-Mac" duration="00:00:00.0003501" startTime="2025-09-24T03:26:44.0229640-06:00" endTime="2025-09-24T03:26:44.0229640-06:00" testType="13cdc9d9-ddb5-4fa4-a97d-d965ccfc6d4b" outcome="Passed" testListId="8c84fa94-04c1-424b-9868-57a2d4851a1d" relativeResultsDirectory="c82d5ed2-36ab-4664-a257-d47d97385c51" />
    <UnitTestResult executionId="59922b93-6aa0-41bd-a929-f095b94dd391" testId="386a6c80-c37f-2520-1205-e565042cab19" testName="CodexBootstrap.Tests.Modules.EnergyModuleApiTests.GetContributionStats_ShouldReturnStats_WhenImplemented" computerName="Seeker-Mac" duration="00:00:00.0082521" startTime="2025-09-24T03:25:51.8864920-06:00" endTime="2025-09-24T03:25:51.8864920-06:00" testType="13cdc9d9-ddb5-4fa4-a97d-d965ccfc6d4b" outcome="Passed" testListId="8c84fa94-04c1-424b-9868-57a2d4851a1d" relativeResultsDirectory="59922b93-6aa0-41bd-a929-f095b94dd391" />
    <UnitTestResult executionId="4135a9d3-b8f6-41d5-8d2d-b30aff9f1620" testId="6090d8db-c083-ec38-5d91-cefe25a89520" testName="CodexBootstrap.Tests.HealthTests.HealthCheck_ShouldReturnHealthyStatus" computerName="Seeker-Mac" duration="00:00:00.0118080" startTime="2025-09-24T03:27:42.0648260-06:00" endTime="2025-09-24T03:27:42.0648260-06:00" testType="13cdc9d9-ddb5-4fa4-a97d-d965ccfc6d4b" outcome="Passed" testListId="8c84fa94-04c1-424b-9868-57a2d4851a1d" relativeResultsDirectory="4135a9d3-b8f6-41d5-8d2d-b30aff9f1620" />
    <UnitTestResult executionId="271634f0-ee38-48d7-ab71-d201ff1581bf" testId="e28593ad-f562-f9b6-0172-52c7b6e48ddf" testName="CodexBootstrap.Tests.Core.NodePersistenceTests.NodeStateTransition_Water_ShouldPersistInWaterStorage" computerName="Seeker-Mac" duration="00:00:00.1087360" startTime="2025-09-24T03:26:46.0238550-06:00" endTime="2025-09-24T03:26:46.0238560-06:00" testType="13cdc9d9-ddb5-4fa4-a97d-d965ccfc6d4b" outcome="Passed" testListId="8c84fa94-04c1-424b-9868-57a2d4851a1d" relativeResultsDirectory="271634f0-ee38-48d7-ab71-d201ff1581bf" />
    <UnitTestResult executionId="ea68b229-4875-4976-b120-a8930c5f3337" testId="7119bdd5-175e-ef34-2080-2f86d1730b51" testName="CodexBootstrap.Tests.IdentityTests.IdentityCallback_ShouldHandleMockAuthentication" computerName="Seeker-Mac" duration="00:00:00.1633429" startTime="2025-09-24T03:27:42.7416570-06:00" endTime="2025-09-24T03:27:42.7416570-06:00" testType="13cdc9d9-ddb5-4fa4-a97d-d965ccfc6d4b" outcome="Passed" testListId="8c84fa94-04c1-424b-9868-57a2d4851a1d" relativeResultsDirectory="ea68b229-4875-4976-b120-a8930c5f3337" />
    <UnitTestResult executionId="a0ef1f3e-089c-460a-8117-01e5e2f8306a" testId="d369dd01-3a76-1028-9769-257b2738d39c" testName="CodexBootstrap.Tests.Modules.NewsModuleApiTests.GetTrendingTopics_ShouldAcceptLimitParameter" computerName="Seeker-Mac" duration="00:00:00.0107450" startTime="2025-09-24T03:28:13.6382210-06:00" endTime="2025-09-24T03:28:13.6382210-06:00" testType="13cdc9d9-ddb5-4fa4-a97d-d965ccfc6d4b" outcome="Passed" testListId="8c84fa94-04c1-424b-9868-57a2d4851a1d" relativeResultsDirectory="a0ef1f3e-089c-460a-8117-01e5e2f8306a" />
    <UnitTestResult executionId="832af0ed-e77e-4294-bb68-a5a571ed4ca0" testId="8e2e70aa-52bc-bb4c-eb25-92a87f9a71ab" testName="CodexBootstrap.Tests.Modules.CoreModuleTests.Constructor_ShouldInitializeCorrectly" computerName="Seeker-Mac" duration="00:00:00.0001396" startTime="2025-09-24T03:26:05.9900670-06:00" endTime="2025-09-24T03:26:05.9900670-06:00" testType="13cdc9d9-ddb5-4fa4-a97d-d965ccfc6d4b" outcome="Passed" testListId="8c84fa94-04c1-424b-9868-57a2d4851a1d" relativeResultsDirectory="832af0ed-e77e-4294-bb68-a5a571ed4ca0" />
    <UnitTestResult executionId="a6ae6c1a-3796-4ff0-ad3e-340ca827188d" testId="a3b04758-d6c8-afae-35de-edc9990eb840" testName="CodexBootstrap.Tests.Modules.GalleryModuleTests.ListGalleryItems_WithoutMockData_ReturnsEmptyList" computerName="Seeker-Mac" duration="00:00:00.0045991" startTime="2025-09-24T03:26:00.6174360-06:00" endTime="2025-09-24T03:26:00.6174360-06:00" testType="13cdc9d9-ddb5-4fa4-a97d-d965ccfc6d4b" outcome="Passed" testListId="8c84fa94-04c1-424b-9868-57a2d4851a1d" relativeResultsDirectory="a6ae6c1a-3796-4ff0-ad3e-340ca827188d" />
    <UnitTestResult executionId="2d0bc30a-2707-448a-87f9-7e718ef26ec4" testId="be0201d4-f64f-23ff-9843-409cbb744734" testName="CodexBootstrap.Tests.NewsSourceTests.NewsSourceCategories_Should_CoverAllDomains" computerName="Seeker-Mac" duration="00:00:01.0118186" startTime="2025-09-24T03:26:59.8225180-06:00" endTime="2025-09-24T03:26:59.8225180-06:00" testType="13cdc9d9-ddb5-4fa4-a97d-d965ccfc6d4b" outcome="Passed" testListId="8c84fa94-04c1-424b-9868-57a2d4851a1d" relativeResultsDirectory="2d0bc30a-2707-448a-87f9-7e718ef26ec4" />
    <UnitTestResult executionId="aaabf1ac-7790-4ed9-b130-df6ced24aba1" testId="4b95da6d-f196-a0fd-8ffb-751fec95c314" testName="CodexBootstrap.Tests.Modules.VisualValidationModuleTests.AnalyzeRenderedImage_ShouldReturnAnalysisUsingRouter" computerName="Seeker-Mac" duration="00:00:00.0053094" startTime="2025-09-24T03:26:12.8751080-06:00" endTime="2025-09-24T03:26:12.8751080-06:00" testType="13cdc9d9-ddb5-4fa4-a97d-d965ccfc6d4b" outcome="Failed" testListId="8c84fa94-04c1-424b-9868-57a2d4851a1d" relativeResultsDirectory="aaabf1ac-7790-4ed9-b130-df6ced24aba1">
      <Output>
        <ErrorInfo>
          <Message>Expected registry.TryGet("visual-analysis.rendered-image.button-primary", out var analysisNode) to be true, but found False.</Message>
          <StackTrace>   at FluentAssertions.Execution.XUnit2TestFramework.Throw(String message)
   at FluentAssertions.Execution.TestFrameworkProvider.Throw(String message)
   at FluentAssertions.Execution.DefaultAssertionStrategy.HandleFailure(String message)
   at FluentAssertions.Execution.AssertionScope.FailWith(Func`1 failReasonFunc)
   at FluentAssertions.Execution.AssertionScope.FailWith(String message, Object[] args)
   at FluentAssertions.Primitives.BooleanAssertions`1.BeTrue(String because, Object[] becauseArgs)
   at CodexBootstrap.Tests.Modules.VisualValidationModuleTests.AnalyzeRenderedImage_ShouldReturnAnalysisUsingRouter() in /Users/ursmuff/source/Living-Codex-CSharp/src/CodexBootstrap.Tests/Modules/VisualValidationModuleTests.cs:line 109
--- End of stack trace from previous location ---</StackTrace>
        </ErrorInfo>
      </Output>
    </UnitTestResult>
    <UnitTestResult executionId="d7b097d7-1f38-42a8-9a85-7cece4c95508" testId="4f365743-de47-b07f-fd2b-1af885da9411" testName="CodexBootstrap.Tests.Modules.IdentityModuleApiTests.Authenticate_ShouldReturnBadRequest_WhenInvalidRequest" computerName="Seeker-Mac" duration="00:00:00.0155175" startTime="2025-09-24T03:26:52.3999360-06:00" endTime="2025-09-24T03:26:52.3999360-06:00" testType="13cdc9d9-ddb5-4fa4-a97d-d965ccfc6d4b" outcome="Passed" testListId="8c84fa94-04c1-424b-9868-57a2d4851a1d" relativeResultsDirectory="d7b097d7-1f38-42a8-9a85-7cece4c95508" />
    <UnitTestResult executionId="ab1ec775-efd1-41e7-aa3b-3c48172d2d7e" testId="7e413d25-15e9-ae82-c3ad-0fea9e290606" testName="CodexBootstrap.Tests.Modules.NoMockDataRegressionTests.FutureKnowledge_RetrieveFutureKnowledge_WithRealImplementation_ReturnsSuccess" computerName="Seeker-Mac" duration="00:00:00.0429825" startTime="2025-09-24T03:27:34.2558740-06:00" endTime="2025-09-24T03:27:34.2558740-06:00" testType="13cdc9d9-ddb5-4fa4-a97d-d965ccfc6d4b" outcome="Passed" testListId="8c84fa94-04c1-424b-9868-57a2d4851a1d" relativeResultsDirectory="ab1ec775-efd1-41e7-aa3b-3c48172d2d7e" />
    <UnitTestResult executionId="c6d04d9a-c7d3-48d9-9c13-c89f0e8cfc40" testId="1f3199f3-f842-d0f8-2cf4-0c685e5c5cf9" testName="CodexBootstrap.Tests.NewsSourceTests.NewsSourcesConfig_Should_LoadAllSources" computerName="Seeker-Mac" duration="00:00:01.0194775" startTime="2025-09-24T03:26:58.7497380-06:00" endTime="2025-09-24T03:26:58.7497380-06:00" testType="13cdc9d9-ddb5-4fa4-a97d-d965ccfc6d4b" outcome="Passed" testListId="8c84fa94-04c1-424b-9868-57a2d4851a1d" relativeResultsDirectory="c6d04d9a-c7d3-48d9-9c13-c89f0e8cfc40" />
    <UnitTestResult executionId="ea929f63-326d-4fe7-ac6c-65dbd2db11aa" testId="f26cae9a-0cfd-3b5a-d1f4-d5ed084eadad" testName="CodexBootstrap.Tests.Modules.AIModuleTests.RegisterApiHandlers_ShouldNotThrow" computerName="Seeker-Mac" duration="00:00:00.0130983" startTime="2025-09-24T03:26:44.0220080-06:00" endTime="2025-09-24T03:26:44.0220080-06:00" testType="13cdc9d9-ddb5-4fa4-a97d-d965ccfc6d4b" outcome="Passed" testListId="8c84fa94-04c1-424b-9868-57a2d4851a1d" relativeResultsDirectory="ea929f63-326d-4fe7-ac6c-65dbd2db11aa" />
    <UnitTestResult executionId="5a5273ea-3989-42c4-a09e-c3cd2ad3df27" testId="1166eab5-8ec3-1343-8265-62eea03d0889" testName="CodexBootstrap.Tests.UCoreOntologyTests.UCoreInitializer_Should_LoadRelationshipTypes" computerName="Seeker-Mac" duration="00:00:00.0398320" startTime="2025-09-24T03:27:48.4113080-06:00" endTime="2025-09-24T03:27:48.4113080-06:00" testType="13cdc9d9-ddb5-4fa4-a97d-d965ccfc6d4b" outcome="Passed" testListId="8c84fa94-04c1-424b-9868-57a2d4851a1d" relativeResultsDirectory="5a5273ea-3989-42c4-a09e-c3cd2ad3df27" />
    <UnitTestResult executionId="5cf64170-537d-42ae-88e6-9db643799586" testId="3ffad5fc-3d39-cf1b-b6aa-3a273e7e7f8c" testName="CodexBootstrap.Tests.Modules.EnergyModuleApiTests.GetContributorEnergy_ShouldReturnUserEnergy_WhenImplemented" computerName="Seeker-Mac" duration="00:00:00.0016778" startTime="2025-09-24T03:25:51.8074600-06:00" endTime="2025-09-24T03:25:51.8074600-06:00" testType="13cdc9d9-ddb5-4fa4-a97d-d965ccfc6d4b" outcome="Passed" testListId="8c84fa94-04c1-424b-9868-57a2d4851a1d" relativeResultsDirectory="5cf64170-537d-42ae-88e6-9db643799586" />
    <UnitTestResult executionId="627a56cc-f431-4638-913b-5f4a37e56ea6" testId="db697f2e-ce6c-0e67-fba6-9e9dcf38b114" testName="CodexBootstrap.Tests.Modules.ConceptModuleApiTests.DeleteConcept_ShouldReturnSuccess_WhenConceptExists" computerName="Seeker-Mac" duration="00:00:00.0029083" startTime="2025-09-24T03:26:30.1168390-06:00" endTime="2025-09-24T03:26:30.1168390-06:00" testType="13cdc9d9-ddb5-4fa4-a97d-d965ccfc6d4b" outcome="Passed" testListId="8c84fa94-04c1-424b-9868-57a2d4851a1d" relativeResultsDirectory="627a56cc-f431-4638-913b-5f4a37e56ea6" />
    <UnitTestResult executionId="3b8ab61d-7e77-4251-8d6c-6a62d2ee4a2d" testId="4cdd7a6f-85c0-305c-e9b1-fd8d4db0dee3" testName="CodexBootstrap.Tests.ApiIntegrationTests.OAuthValidate_ShouldValidateUser" computerName="Seeker-Mac" duration="00:00:00.0087524" startTime="2025-09-24T03:25:57.3457060-06:00" endTime="2025-09-24T03:25:57.3457060-06:00" testType="13cdc9d9-ddb5-4fa4-a97d-d965ccfc6d4b" outcome="Passed" testListId="8c84fa94-04c1-424b-9868-57a2d4851a1d" relativeResultsDirectory="3b8ab61d-7e77-4251-8d6c-6a62d2ee4a2d" />
    <UnitTestResult executionId="3be7230e-aa7e-4703-9891-9ca1c074772f" testId="82972118-4ab6-5c8e-198a-344b25ea05c2" testName="CodexBootstrap.Tests.Modules.FileSystemModuleTests.InitializeFileSystemNodes_WithValidProject_CreatesFileNodes" computerName="Seeker-Mac" duration="00:00:00.1377126" startTime="2025-09-24T03:27:28.2950250-06:00" endTime="2025-09-24T03:27:28.2950250-06:00" testType="13cdc9d9-ddb5-4fa4-a97d-d965ccfc6d4b" outcome="Passed" testListId="8c84fa94-04c1-424b-9868-57a2d4851a1d" relativeResultsDirectory="3be7230e-aa7e-4703-9891-9ca1c074772f" />
    <UnitTestResult executionId="19a5921b-9168-453f-bb04-328ac3dc063d" testId="e75caaaa-c0f2-35be-09ee-e95dc5be3d00" testName="CodexBootstrap.Tests.Modules.UXPrimitivesModuleTests.CreateWeave_WithoutSourceId_ReturnsError" computerName="Seeker-Mac" duration="00:00:00.0029918" startTime="2025-09-24T03:26:38.7726530-06:00" endTime="2025-09-24T03:26:38.7726530-06:00" testType="13cdc9d9-ddb5-4fa4-a97d-d965ccfc6d4b" outcome="Passed" testListId="8c84fa94-04c1-424b-9868-57a2d4851a1d" relativeResultsDirectory="19a5921b-9168-453f-bb04-328ac3dc063d" />
    <UnitTestResult executionId="d759104d-2908-4529-93e1-1ed7cb78e5e8" testId="1f7976e5-938b-de19-e4f9-70a3b56afbf7" testName="CodexBootstrap.Tests.Modules.AIModuleTests.Description_ShouldReturnCorrectDescription" computerName="Seeker-Mac" duration="00:00:00.0001919" startTime="2025-09-24T03:26:44.0231690-06:00" endTime="2025-09-24T03:26:44.0231690-06:00" testType="13cdc9d9-ddb5-4fa4-a97d-d965ccfc6d4b" outcome="Passed" testListId="8c84fa94-04c1-424b-9868-57a2d4851a1d" relativeResultsDirectory="d759104d-2908-4529-93e1-1ed7cb78e5e8" />
    <UnitTestResult executionId="3dbe1d0a-5df0-4495-b720-871defbb3280" testId="904747e7-ff5e-8218-74d7-bb12f2b82a35" testName="CodexBootstrap.Tests.Modules.AIModuleTests.Constructor_ShouldInitializeCorrectly" computerName="Seeker-Mac" duration="00:00:00.0002204" startTime="2025-09-24T03:26:44.0225960-06:00" endTime="2025-09-24T03:26:44.0225960-06:00" testType="13cdc9d9-ddb5-4fa4-a97d-d965ccfc6d4b" outcome="Passed" testListId="8c84fa94-04c1-424b-9868-57a2d4851a1d" relativeResultsDirectory="3dbe1d0a-5df0-4495-b720-871defbb3280" />
    <UnitTestResult executionId="5180d009-22d7-4902-93f2-926243ad9083" testId="0f0b59f9-3161-1d3d-fc85-4e0ab616dec1" testName="CodexBootstrap.Tests.Modules.NewsModuleApiTests.GetTrendingTopics_ShouldReturnTopicsList" computerName="Seeker-Mac" duration="00:00:00.0227403" startTime="2025-09-24T03:28:13.6259310-06:00" endTime="2025-09-24T03:28:13.6259310-06:00" testType="13cdc9d9-ddb5-4fa4-a97d-d965ccfc6d4b" outcome="Passed" testListId="8c84fa94-04c1-424b-9868-57a2d4851a1d" relativeResultsDirectory="5180d009-22d7-4902-93f2-926243ad9083" />
    <UnitTestResult executionId="6c9a7526-b0d0-40c8-adc9-b143f449fcdb" testId="ce4786bd-8689-0f1b-0de8-7d35fef968cd" testName="CodexBootstrap.Tests.ComprehensiveEndpointDiscovery.HealthEndpoint_ShouldReturnDetailedMetrics" computerName="Seeker-Mac" duration="00:00:00.0120433" startTime="2025-09-24T03:27:42.0159020-06:00" endTime="2025-09-24T03:27:42.0159020-06:00" testType="13cdc9d9-ddb5-4fa4-a97d-d965ccfc6d4b" outcome="Passed" testListId="8c84fa94-04c1-424b-9868-57a2d4851a1d" relativeResultsDirectory="6c9a7526-b0d0-40c8-adc9-b143f449fcdb" />
    <UnitTestResult executionId="69c603e2-b64f-44ee-bc77-8f50ad7aabcf" testId="90f3a3ce-3ea2-b8ab-e15a-d9c7a7f4a063" testName="CodexBootstrap.Tests.Modules.GalleryModuleTests.CreateGalleryItem_WithoutTitle_ReturnsError" computerName="Seeker-Mac" duration="00:00:00.0170275" startTime="2025-09-24T03:26:00.5971580-06:00" endTime="2025-09-24T03:26:00.5971580-06:00" testType="13cdc9d9-ddb5-4fa4-a97d-d965ccfc6d4b" outcome="Passed" testListId="8c84fa94-04c1-424b-9868-57a2d4851a1d" relativeResultsDirectory="69c603e2-b64f-44ee-bc77-8f50ad7aabcf" />
    <UnitTestResult executionId="25975e9b-f095-4678-abbe-fa6296b93739" testId="ef5b8d9e-795c-054a-92ba-fd2f4509fbbb" testName="CodexBootstrap.Tests.Core.NodePersistenceTests.NodeStateTransition_Ice_ShouldPersistInIceStorage" computerName="Seeker-Mac" duration="00:00:00.1211496" startTime="2025-09-24T03:26:47.7155740-06:00" endTime="2025-09-24T03:26:47.7155740-06:00" testType="13cdc9d9-ddb5-4fa4-a97d-d965ccfc6d4b" outcome="Passed" testListId="8c84fa94-04c1-424b-9868-57a2d4851a1d" relativeResultsDirectory="25975e9b-f095-4678-abbe-fa6296b93739" />
    <UnitTestResult executionId="89253f34-f5f9-4315-be0b-c9b5c3c800f9" testId="0f98bb0f-1c90-6365-7244-a712d1b631fa" testName="CodexBootstrap.Tests.Core.StateTransitionTests.ServerRestart_ShouldMaintainEdgePersistenceInCorrectBackends" computerName="Seeker-Mac" duration="00:00:00.2193571" startTime="2025-09-24T03:27:28.7512720-06:00" endTime="2025-09-24T03:27:28.7512720-06:00" testType="13cdc9d9-ddb5-4fa4-a97d-d965ccfc6d4b" outcome="Passed" testListId="8c84fa94-04c1-424b-9868-57a2d4851a1d" relativeResultsDirectory="89253f34-f5f9-4315-be0b-c9b5c3c800f9" />
    <UnitTestResult executionId="3e44981d-a176-41c5-bed4-1e5adc160eeb" testId="48f0b978-87f3-597c-b969-584d8c7f342b" testName="CodexBootstrap.Tests.Modules.NodeEdgeModuleApiTests.GetEdges_ShouldReturnEdgesList_WhenImplemented" computerName="Seeker-Mac" duration="00:00:00.0139024" startTime="2025-09-24T03:27:21.8194650-06:00" endTime="2025-09-24T03:27:21.8194650-06:00" testType="13cdc9d9-ddb5-4fa4-a97d-d965ccfc6d4b" outcome="Passed" testListId="8c84fa94-04c1-424b-9868-57a2d4851a1d" relativeResultsDirectory="3e44981d-a176-41c5-bed4-1e5adc160eeb" />
    <UnitTestResult executionId="078b7641-7290-4d75-ad69-5596005090ba" testId="30c37470-8d6f-a7b2-7507-7a508b6368f0" testName="CodexBootstrap.Tests.Core.NodePersistenceTests.StressTest_ManyNodesAndEdges_ShouldMaintainPerformance" computerName="Seeker-Mac" duration="00:00:00.5135317" startTime="2025-09-24T03:26:45.2870320-06:00" endTime="2025-09-24T03:26:45.2870320-06:00" testType="13cdc9d9-ddb5-4fa4-a97d-d965ccfc6d4b" outcome="Passed" testListId="8c84fa94-04c1-424b-9868-57a2d4851a1d" relativeResultsDirectory="078b7641-7290-4d75-ad69-5596005090ba" />
    <UnitTestResult executionId="0619ed2f-c9a0-4617-b454-fc41f0027dc9" testId="b8e86a2f-674f-f277-a8e3-1c4f7274634d" testName="CodexBootstrap.Tests.Modules.FutureKnowledgeModuleTests.GeneratePrediction_WithNonExistentPattern_ReturnsError" computerName="Seeker-Mac" duration="00:00:00.0023872" startTime="2025-09-24T03:26:15.0987220-06:00" endTime="2025-09-24T03:26:15.0987220-06:00" testType="13cdc9d9-ddb5-4fa4-a97d-d965ccfc6d4b" outcome="Passed" testListId="8c84fa94-04c1-424b-9868-57a2d4851a1d" relativeResultsDirectory="0619ed2f-c9a0-4617-b454-fc41f0027dc9" />
    <UnitTestResult executionId="7af5ba1c-58d4-44d8-a826-d271bcd74469" testId="04685a3a-4e68-f6f3-27c2-152f2ba69c55" testName="CodexBootstrap.Tests.Core.StateTransitionTests.NodeStateTransition_FromIceToWater_ShouldMigrateEdgesToWater" computerName="Seeker-Mac" duration="00:00:00.3064507" startTime="2025-09-24T03:27:30.1074120-06:00" endTime="2025-09-24T03:27:30.1074120-06:00" testType="13cdc9d9-ddb5-4fa4-a97d-d965ccfc6d4b" outcome="Passed" testListId="8c84fa94-04c1-424b-9868-57a2d4851a1d" relativeResultsDirectory="7af5ba1c-58d4-44d8-a826-d271bcd74469" />
    <UnitTestResult executionId="e4e50a3a-6f1e-45c9-91fc-c11575ab46b4" testId="58ac984c-ccd6-0f0f-d8b2-fe2845649ddf" testName="CodexBootstrap.Tests.Modules.EnergyModuleApiTests.RecordContribution_ShouldCreateContribution_WhenImplemented" computerName="Seeker-Mac" duration="00:00:00.0033156" startTime="2025-09-24T03:25:51.9467810-06:00" endTime="2025-09-24T03:25:51.9467810-06:00" testType="13cdc9d9-ddb5-4fa4-a97d-d965ccfc6d4b" outcome="Passed" testListId="8c84fa94-04c1-424b-9868-57a2d4851a1d" relativeResultsDirectory="e4e50a3a-6f1e-45c9-91fc-c11575ab46b4" />
  </Results>
  <TestDefinitions>
    <UnitTest name="CodexBootstrap.Tests.Modules.RealAIConceptExtractionTests.ExtractConceptsFromScientificNews_ShouldIdentifyScienceAndConsciousnessConcepts" storage="/users/ursmuff/source/living-codex-csharp/src/codexbootstrap.tests/bin/debug/net6.0/codexbootstrap.tests.dll" id="c5db2117-0201-03a3-9460-af9c37f77765">
      <Execution id="1d917721-f0a8-456e-95b5-568985da945b" />
      <TestMethod codeBase="/Users/ursmuff/source/Living-Codex-CSharp/src/CodexBootstrap.Tests/bin/Debug/net6.0/CodexBootstrap.Tests.dll" adapterTypeName="executor://xunit/VsTestRunner2/netcoreapp" className="CodexBootstrap.Tests.Modules.RealAIConceptExtractionTests" name="ExtractConceptsFromScientificNews_ShouldIdentifyScienceAndConsciousnessConcepts" />
    </UnitTest>
    <UnitTest name="CodexBootstrap.Tests.PortConfigurationTests.Server_ShouldStartOnPort" storage="/users/ursmuff/source/living-codex-csharp/src/codexbootstrap.tests/bin/debug/net6.0/codexbootstrap.tests.dll" id="0822fda8-1ecb-9b4b-b537-c5def62bdea6">
      <Execution id="09aadfc7-6929-4604-b756-fb7fb0e91636" />
      <TestMethod codeBase="/Users/ursmuff/source/Living-Codex-CSharp/src/CodexBootstrap.Tests/bin/Debug/net6.0/CodexBootstrap.Tests.dll" adapterTypeName="executor://xunit/VsTestRunner2/netcoreapp" className="CodexBootstrap.Tests.PortConfigurationTests" name="Server_ShouldStartOnPort" />
    </UnitTest>
    <UnitTest name="CodexBootstrap.Tests.Core.StateTransitionTests.Edge_BetweenTwoIceNodes_ShouldPersistInIceStorage" storage="/users/ursmuff/source/living-codex-csharp/src/codexbootstrap.tests/bin/debug/net6.0/codexbootstrap.tests.dll" id="e8865027-a033-e711-71fb-2004ee1807fd">
      <Execution id="96e592e8-2da2-426f-9d5d-113addca899a" />
      <TestMethod codeBase="/Users/ursmuff/source/Living-Codex-CSharp/src/CodexBootstrap.Tests/bin/Debug/net6.0/CodexBootstrap.Tests.dll" adapterTypeName="executor://xunit/VsTestRunner2/netcoreapp" className="CodexBootstrap.Tests.Core.StateTransitionTests" name="Edge_BetweenTwoIceNodes_ShouldPersistInIceStorage" />
    </UnitTest>
    <UnitTest name="CodexBootstrap.Tests.Modules.NodeEdgeModuleApiTests.GetNode_ShouldReturnNode_WhenNodeExists" storage="/users/ursmuff/source/living-codex-csharp/src/codexbootstrap.tests/bin/debug/net6.0/codexbootstrap.tests.dll" id="fc7bce22-4aa8-7f2e-5825-9a1561671044">
      <Execution id="af6d9799-4230-4440-aa20-42b4713c8ba4" />
      <TestMethod codeBase="/Users/ursmuff/source/Living-Codex-CSharp/src/CodexBootstrap.Tests/bin/Debug/net6.0/CodexBootstrap.Tests.dll" adapterTypeName="executor://xunit/VsTestRunner2/netcoreapp" className="CodexBootstrap.Tests.Modules.NodeEdgeModuleApiTests" name="GetNode_ShouldReturnNode_WhenNodeExists" />
    </UnitTest>
    <UnitTest name="CodexBootstrap.Tests.Modules.AIModuleTests.GetModuleNode_ShouldReturnModuleNode" storage="/users/ursmuff/source/living-codex-csharp/src/codexbootstrap.tests/bin/debug/net6.0/codexbootstrap.tests.dll" id="2b00ad46-f32b-446f-acdc-2eea35c5f140">
      <Execution id="c82d5ed2-36ab-4664-a257-d47d97385c51" />
      <TestMethod codeBase="/Users/ursmuff/source/Living-Codex-CSharp/src/CodexBootstrap.Tests/bin/Debug/net6.0/CodexBootstrap.Tests.dll" adapterTypeName="executor://xunit/VsTestRunner2/netcoreapp" className="CodexBootstrap.Tests.Modules.AIModuleTests" name="GetModuleNode_ShouldReturnModuleNode" />
    </UnitTest>
    <UnitTest name="CodexBootstrap.Tests.Modules.NodeEdgeModuleApiTests.GetNodes_ShouldReturnNodesList" storage="/users/ursmuff/source/living-codex-csharp/src/codexbootstrap.tests/bin/debug/net6.0/codexbootstrap.tests.dll" id="b3191fce-24b5-6614-db34-5b0f72b496c2">
      <Execution id="bea99749-79cf-4774-84f4-622d5f17f865" />
      <TestMethod codeBase="/Users/ursmuff/source/Living-Codex-CSharp/src/CodexBootstrap.Tests/bin/Debug/net6.0/CodexBootstrap.Tests.dll" adapterTypeName="executor://xunit/VsTestRunner2/netcoreapp" className="CodexBootstrap.Tests.Modules.NodeEdgeModuleApiTests" name="GetNodes_ShouldReturnNodesList" />
    </UnitTest>
    <UnitTest name="CodexBootstrap.Tests.Modules.NodeEdgeModuleApiTests.GetNode_ShouldReturnNotFound_WhenNodeDoesNotExist" storage="/users/ursmuff/source/living-codex-csharp/src/codexbootstrap.tests/bin/debug/net6.0/codexbootstrap.tests.dll" id="e2097409-445a-3cd5-ae6e-0205fed90d91">
      <Execution id="850c5950-c7ac-4204-bfc3-4b5b42fbd62a" />
      <TestMethod codeBase="/Users/ursmuff/source/Living-Codex-CSharp/src/CodexBootstrap.Tests/bin/Debug/net6.0/CodexBootstrap.Tests.dll" adapterTypeName="executor://xunit/VsTestRunner2/netcoreapp" className="CodexBootstrap.Tests.Modules.NodeEdgeModuleApiTests" name="GetNode_ShouldReturnNotFound_WhenNodeDoesNotExist" />
    </UnitTest>
    <UnitTest name="CodexBootstrap.Tests.Modules.ConceptModuleApiTests.CreateConcept_ShouldReturnBadRequest_WhenInvalidRequest" storage="/users/ursmuff/source/living-codex-csharp/src/codexbootstrap.tests/bin/debug/net6.0/codexbootstrap.tests.dll" id="d97a6a51-1d28-ab30-5e6f-d68d2a74dcbf">
      <Execution id="29668553-f1a5-4d25-89fb-fe6aa8dcc24f" />
      <TestMethod codeBase="/Users/ursmuff/source/Living-Codex-CSharp/src/CodexBootstrap.Tests/bin/Debug/net6.0/CodexBootstrap.Tests.dll" adapterTypeName="executor://xunit/VsTestRunner2/netcoreapp" className="CodexBootstrap.Tests.Modules.ConceptModuleApiTests" name="CreateConcept_ShouldReturnBadRequest_WhenInvalidRequest" />
    </UnitTest>
    <UnitTest name="CodexBootstrap.Tests.Modules.NodeEdgeModuleApiTests.SearchNodes_ShouldReturnSearchResults_WhenImplemented" storage="/users/ursmuff/source/living-codex-csharp/src/codexbootstrap.tests/bin/debug/net6.0/codexbootstrap.tests.dll" id="2fb70c5e-3630-184f-467a-2c4ada567323">
      <Execution id="d035eb74-3bef-4398-a7c7-63a5153caac2" />
      <TestMethod codeBase="/Users/ursmuff/source/Living-Codex-CSharp/src/CodexBootstrap.Tests/bin/Debug/net6.0/CodexBootstrap.Tests.dll" adapterTypeName="executor://xunit/VsTestRunner2/netcoreapp" className="CodexBootstrap.Tests.Modules.NodeEdgeModuleApiTests" name="SearchNodes_ShouldReturnSearchResults_WhenImplemented" />
    </UnitTest>
    <UnitTest name="CodexBootstrap.Tests.Modules.UXPrimitivesModuleTests.CreateWeave_WithoutSourceId_ReturnsError" storage="/users/ursmuff/source/living-codex-csharp/src/codexbootstrap.tests/bin/debug/net6.0/codexbootstrap.tests.dll" id="e75caaaa-c0f2-35be-09ee-e95dc5be3d00">
      <Execution id="19a5921b-9168-453f-bb04-328ac3dc063d" />
      <TestMethod codeBase="/Users/ursmuff/source/Living-Codex-CSharp/src/CodexBootstrap.Tests/bin/Debug/net6.0/CodexBootstrap.Tests.dll" adapterTypeName="executor://xunit/VsTestRunner2/netcoreapp" className="CodexBootstrap.Tests.Modules.UXPrimitivesModuleTests" name="CreateWeave_WithoutSourceId_ReturnsError" />
    </UnitTest>
    <UnitTest name="CodexBootstrap.Tests.Modules.NodeEdgeModuleApiTests.GetEdge_ShouldReturnNotFound_WhenNotImplemented" storage="/users/ursmuff/source/living-codex-csharp/src/codexbootstrap.tests/bin/debug/net6.0/codexbootstrap.tests.dll" id="19691bde-a850-be64-1937-e776a14dda46">
      <Execution id="f8a89c4b-1edc-4d37-aae2-bcbbe04c6d58" />
      <TestMethod codeBase="/Users/ursmuff/source/Living-Codex-CSharp/src/CodexBootstrap.Tests/bin/Debug/net6.0/CodexBootstrap.Tests.dll" adapterTypeName="executor://xunit/VsTestRunner2/netcoreapp" className="CodexBootstrap.Tests.Modules.NodeEdgeModuleApiTests" name="GetEdge_ShouldReturnNotFound_WhenNotImplemented" />
    </UnitTest>
    <UnitTest name="CodexBootstrap.Tests.Modules.GalleryModuleTests.CreateGalleryItem_WithoutImageUrl_ReturnsError" storage="/users/ursmuff/source/living-codex-csharp/src/codexbootstrap.tests/bin/debug/net6.0/codexbootstrap.tests.dll" id="146ff060-bcc7-e0b1-fb2c-4c0b171c5a00">
      <Execution id="c1bcd145-4538-437e-8dc4-597099c68b0e" />
      <TestMethod codeBase="/Users/ursmuff/source/Living-Codex-CSharp/src/CodexBootstrap.Tests/bin/Debug/net6.0/CodexBootstrap.Tests.dll" adapterTypeName="executor://xunit/VsTestRunner2/netcoreapp" className="CodexBootstrap.Tests.Modules.GalleryModuleTests" name="CreateGalleryItem_WithoutImageUrl_ReturnsError" />
    </UnitTest>
    <UnitTest name="CodexBootstrap.Tests.SimpleIntegrationTests.ModulesEndpoint_ShouldReturnModuleList" storage="/users/ursmuff/source/living-codex-csharp/src/codexbootstrap.tests/bin/debug/net6.0/codexbootstrap.tests.dll" id="7873e7fc-d46d-3fb0-064c-39886ac6bd92">
      <Execution id="94f33f54-d678-44b3-b566-1f517239ea06" />
      <TestMethod codeBase="/Users/ursmuff/source/Living-Codex-CSharp/src/CodexBootstrap.Tests/bin/Debug/net6.0/CodexBootstrap.Tests.dll" adapterTypeName="executor://xunit/VsTestRunner2/netcoreapp" className="CodexBootstrap.Tests.SimpleIntegrationTests" name="ModulesEndpoint_ShouldReturnModuleList" />
    </UnitTest>
    <UnitTest name="CodexBootstrap.Tests.Core.NodePersistenceTests.NodeStateTransition_Water_ShouldPersistInWaterStorage" storage="/users/ursmuff/source/living-codex-csharp/src/codexbootstrap.tests/bin/debug/net6.0/codexbootstrap.tests.dll" id="e28593ad-f562-f9b6-0172-52c7b6e48ddf">
      <Execution id="271634f0-ee38-48d7-ab71-d201ff1581bf" />
      <TestMethod codeBase="/Users/ursmuff/source/Living-Codex-CSharp/src/CodexBootstrap.Tests/bin/Debug/net6.0/CodexBootstrap.Tests.dll" adapterTypeName="executor://xunit/VsTestRunner2/netcoreapp" className="CodexBootstrap.Tests.Core.NodePersistenceTests" name="NodeStateTransition_Water_ShouldPersistInWaterStorage" />
    </UnitTest>
    <UnitTest name="CodexBootstrap.Tests.Modules.ThreadsModuleTests.GetThread_WithNonExistentId_ReturnsError" storage="/users/ursmuff/source/living-codex-csharp/src/codexbootstrap.tests/bin/debug/net6.0/codexbootstrap.tests.dll" id="999fb951-b7b5-6631-599e-31a6be246d87">
      <Execution id="47d1669f-3fcd-45ac-8d8f-025ae3a2d8c5" />
      <TestMethod codeBase="/Users/ursmuff/source/Living-Codex-CSharp/src/CodexBootstrap.Tests/bin/Debug/net6.0/CodexBootstrap.Tests.dll" adapterTypeName="executor://xunit/VsTestRunner2/netcoreapp" className="CodexBootstrap.Tests.Modules.ThreadsModuleTests" name="GetThread_WithNonExistentId_ReturnsError" />
    </UnitTest>
    <UnitTest name="CodexBootstrap.Tests.Modules.ConceptModuleApiTests.DeleteConcept_ShouldReturnNotFound_WhenConceptDoesNotExist" storage="/users/ursmuff/source/living-codex-csharp/src/codexbootstrap.tests/bin/debug/net6.0/codexbootstrap.tests.dll" id="cf881c4c-31da-3c3d-e657-0f7a60496f37">
      <Execution id="bc188a19-0197-4a30-ad51-62ef5ec4b12e" />
      <TestMethod codeBase="/Users/ursmuff/source/Living-Codex-CSharp/src/CodexBootstrap.Tests/bin/Debug/net6.0/CodexBootstrap.Tests.dll" adapterTypeName="executor://xunit/VsTestRunner2/netcoreapp" className="CodexBootstrap.Tests.Modules.ConceptModuleApiTests" name="DeleteConcept_ShouldReturnNotFound_WhenConceptDoesNotExist" />
    </UnitTest>
    <UnitTest name="CodexBootstrap.Tests.NewsSourceTests.NewsSourceCategories_Should_CoverAllDomains" storage="/users/ursmuff/source/living-codex-csharp/src/codexbootstrap.tests/bin/debug/net6.0/codexbootstrap.tests.dll" id="be0201d4-f64f-23ff-9843-409cbb744734">
      <Execution id="2d0bc30a-2707-448a-87f9-7e718ef26ec4" />
      <TestMethod codeBase="/Users/ursmuff/source/Living-Codex-CSharp/src/CodexBootstrap.Tests/bin/Debug/net6.0/CodexBootstrap.Tests.dll" adapterTypeName="executor://xunit/VsTestRunner2/netcoreapp" className="CodexBootstrap.Tests.NewsSourceTests" name="NewsSourceCategories_Should_CoverAllDomains" />
    </UnitTest>
    <UnitTest name="CodexBootstrap.Tests.Modules.UXPrimitivesModuleTests.SendInvite_WithValidData_CreatesSuccessfully" storage="/users/ursmuff/source/living-codex-csharp/src/codexbootstrap.tests/bin/debug/net6.0/codexbootstrap.tests.dll" id="df8d72e5-e210-8677-f027-f8ba257cf478">
      <Execution id="25d61869-662e-4b74-bc31-459933ff9fe0" />
      <TestMethod codeBase="/Users/ursmuff/source/Living-Codex-CSharp/src/CodexBootstrap.Tests/bin/Debug/net6.0/CodexBootstrap.Tests.dll" adapterTypeName="executor://xunit/VsTestRunner2/netcoreapp" className="CodexBootstrap.Tests.Modules.UXPrimitivesModuleTests" name="SendInvite_WithValidData_CreatesSuccessfully" />
    </UnitTest>
    <UnitTest name="CodexBootstrap.Tests.Core.LLMOrchestratorTests.ExecuteAsync_WithValidTemplate_ShouldReturnSuccessResponse" storage="/users/ursmuff/source/living-codex-csharp/src/codexbootstrap.tests/bin/debug/net6.0/codexbootstrap.tests.dll" id="d9ebdab0-e0e1-4dfb-e6ef-0b0976546f6d">
      <Execution id="0dde789f-0355-49fe-8711-82888f7ea326" />
      <TestMethod codeBase="/Users/ursmuff/source/Living-Codex-CSharp/src/CodexBootstrap.Tests/bin/Debug/net6.0/CodexBootstrap.Tests.dll" adapterTypeName="executor://xunit/VsTestRunner2/netcoreapp" className="CodexBootstrap.Tests.Core.LLMOrchestratorTests" name="ExecuteAsync_WithValidTemplate_ShouldReturnSuccessResponse" />
    </UnitTest>
    <UnitTest name="CodexBootstrap.Tests.Modules.EnergyModuleApiTests.GetUserContributions_ShouldReturnOk_WhenImplemented" storage="/users/ursmuff/source/living-codex-csharp/src/codexbootstrap.tests/bin/debug/net6.0/codexbootstrap.tests.dll" id="d0cd9f70-6dc1-3c7d-5cf8-851aa39eea33">
      <Execution id="38af7586-dd0e-4b03-ad9f-a0a69e23f40a" />
      <TestMethod codeBase="/Users/ursmuff/source/Living-Codex-CSharp/src/CodexBootstrap.Tests/bin/Debug/net6.0/CodexBootstrap.Tests.dll" adapterTypeName="executor://xunit/VsTestRunner2/netcoreapp" className="CodexBootstrap.Tests.Modules.EnergyModuleApiTests" name="GetUserContributions_ShouldReturnOk_WhenImplemented" />
    </UnitTest>
    <UnitTest name="CodexBootstrap.Tests.Integration.ApiIntegrationTests.RootEndpoint_ShouldReturnResponse" storage="/users/ursmuff/source/living-codex-csharp/src/codexbootstrap.tests/bin/debug/net6.0/codexbootstrap.tests.dll" id="f3484da0-8315-cdca-e737-98c55468fb4e">
      <Execution id="7bd4fd42-7562-4bda-9733-13bf4f300c28" />
      <TestMethod codeBase="/Users/ursmuff/source/Living-Codex-CSharp/src/CodexBootstrap.Tests/bin/Debug/net6.0/CodexBootstrap.Tests.dll" adapterTypeName="executor://xunit/VsTestRunner2/netcoreapp" className="CodexBootstrap.Tests.Integration.ApiIntegrationTests" name="RootEndpoint_ShouldReturnResponse" />
    </UnitTest>
    <UnitTest name="CodexBootstrap.Tests.Modules.ThreadsModuleTests.ModuleNode_HasCorrectProperties" storage="/users/ursmuff/source/living-codex-csharp/src/codexbootstrap.tests/bin/debug/net6.0/codexbootstrap.tests.dll" id="0cb16ae0-9e92-a316-9f63-de35f31e5f39">
      <Execution id="1e8e78bc-e905-449d-95b2-ff4e39348c86" />
      <TestMethod codeBase="/Users/ursmuff/source/Living-Codex-CSharp/src/CodexBootstrap.Tests/bin/Debug/net6.0/CodexBootstrap.Tests.dll" adapterTypeName="executor://xunit/VsTestRunner2/netcoreapp" className="CodexBootstrap.Tests.Modules.ThreadsModuleTests" name="ModuleNode_HasCorrectProperties" />
    </UnitTest>
    <UnitTest name="CodexBootstrap.Tests.Modules.NodeEdgeModuleApiTests.GetNodes_ShouldAcceptQueryParameters" storage="/users/ursmuff/source/living-codex-csharp/src/codexbootstrap.tests/bin/debug/net6.0/codexbootstrap.tests.dll" id="6e5a8b91-6a75-56d3-b317-a9ac48ab0672">
      <Execution id="d1179be5-d5e5-4c29-b1ed-83f2442332a2" />
      <TestMethod codeBase="/Users/ursmuff/source/Living-Codex-CSharp/src/CodexBootstrap.Tests/bin/Debug/net6.0/CodexBootstrap.Tests.dll" adapterTypeName="executor://xunit/VsTestRunner2/netcoreapp" className="CodexBootstrap.Tests.Modules.NodeEdgeModuleApiTests" name="GetNodes_ShouldAcceptQueryParameters" />
    </UnitTest>
    <UnitTest name="CodexBootstrap.Tests.Modules.FutureKnowledgeModuleTests.DiscoverPatterns_WithImplementation_ReturnsSuccess" storage="/users/ursmuff/source/living-codex-csharp/src/codexbootstrap.tests/bin/debug/net6.0/codexbootstrap.tests.dll" id="8256c5d2-edc2-214d-dcf5-e682bf42598b">
      <Execution id="26b4ff9e-390d-4e73-a705-f3f5d56a99f6" />
      <TestMethod codeBase="/Users/ursmuff/source/Living-Codex-CSharp/src/CodexBootstrap.Tests/bin/Debug/net6.0/CodexBootstrap.Tests.dll" adapterTypeName="executor://xunit/VsTestRunner2/netcoreapp" className="CodexBootstrap.Tests.Modules.FutureKnowledgeModuleTests" name="DiscoverPatterns_WithImplementation_ReturnsSuccess" />
    </UnitTest>
    <UnitTest name="CodexBootstrap.Tests.Modules.NewsModuleApiTests.GetNewsFeed_ShouldReturnNewsItems_WhenImplemented" storage="/users/ursmuff/source/living-codex-csharp/src/codexbootstrap.tests/bin/debug/net6.0/codexbootstrap.tests.dll" id="f1200e70-c88e-dbc8-b7b0-014a66ebf8a6">
      <Execution id="4f11dcba-7098-4be6-9fbb-339509a0db77" />
      <TestMethod codeBase="/Users/ursmuff/source/Living-Codex-CSharp/src/CodexBootstrap.Tests/bin/Debug/net6.0/CodexBootstrap.Tests.dll" adapterTypeName="executor://xunit/VsTestRunner2/netcoreapp" className="CodexBootstrap.Tests.Modules.NewsModuleApiTests" name="GetNewsFeed_ShouldReturnNewsItems_WhenImplemented" />
    </UnitTest>
    <UnitTest name="CodexBootstrap.Tests.Modules.NoMockDataRegressionTests.GalleryModule_ListItems_WithoutMockData_ReturnsEmptyOrError" storage="/users/ursmuff/source/living-codex-csharp/src/codexbootstrap.tests/bin/debug/net6.0/codexbootstrap.tests.dll" id="0f184395-31a3-e4ac-1551-a332544da800">
      <Execution id="75b00e93-6f57-4539-8b9f-39f1f05e656e" />
      <TestMethod codeBase="/Users/ursmuff/source/Living-Codex-CSharp/src/CodexBootstrap.Tests/bin/Debug/net6.0/CodexBootstrap.Tests.dll" adapterTypeName="executor://xunit/VsTestRunner2/netcoreapp" className="CodexBootstrap.Tests.Modules.NoMockDataRegressionTests" name="GalleryModule_ListItems_WithoutMockData_ReturnsEmptyOrError" />
    </UnitTest>
    <UnitTest name="CodexBootstrap.Tests.Core.StateTransitionTests.Edge_BetweenIceAndGasNodes_ShouldNotPersist" storage="/users/ursmuff/source/living-codex-csharp/src/codexbootstrap.tests/bin/debug/net6.0/codexbootstrap.tests.dll" id="290da516-121d-61e0-0dd0-c0be605ad3c9">
      <Execution id="d54313d7-2982-4a58-9cdc-46c232536329" />
      <TestMethod codeBase="/Users/ursmuff/source/Living-Codex-CSharp/src/CodexBootstrap.Tests/bin/Debug/net6.0/CodexBootstrap.Tests.dll" adapterTypeName="executor://xunit/VsTestRunner2/netcoreapp" className="CodexBootstrap.Tests.Core.StateTransitionTests" name="Edge_BetweenIceAndGasNodes_ShouldNotPersist" />
    </UnitTest>
    <UnitTest name="CodexBootstrap.Tests.Modules.ConceptModuleApiTests.GetConcepts_ShouldReturnConcepts_WhenConceptsExist" storage="/users/ursmuff/source/living-codex-csharp/src/codexbootstrap.tests/bin/debug/net6.0/codexbootstrap.tests.dll" id="f2016284-bdfc-f7ad-0e9e-b1b0fe7c0d74">
      <Execution id="d210b5e7-14a9-41f0-9dd8-4dbce66742a5" />
      <TestMethod codeBase="/Users/ursmuff/source/Living-Codex-CSharp/src/CodexBootstrap.Tests/bin/Debug/net6.0/CodexBootstrap.Tests.dll" adapterTypeName="executor://xunit/VsTestRunner2/netcoreapp" className="CodexBootstrap.Tests.Modules.ConceptModuleApiTests" name="GetConcepts_ShouldReturnConcepts_WhenConceptsExist" />
    </UnitTest>
    <UnitTest name="CodexBootstrap.Tests.IdentityTests.MockIdentityProvider_ShouldHandleCallback" storage="/users/ursmuff/source/living-codex-csharp/src/codexbootstrap.tests/bin/debug/net6.0/codexbootstrap.tests.dll" id="a5fef099-ba7b-ffee-c1d2-cd74a2ae92e6">
      <Execution id="17254a2d-9040-413e-89b5-0c7b0102c38b" />
      <TestMethod codeBase="/Users/ursmuff/source/Living-Codex-CSharp/src/CodexBootstrap.Tests/bin/Debug/net6.0/CodexBootstrap.Tests.dll" adapterTypeName="executor://xunit/VsTestRunner2/netcoreapp" className="CodexBootstrap.Tests.IdentityTests" name="MockIdentityProvider_ShouldHandleCallback" />
    </UnitTest>
    <UnitTest name="CodexBootstrap.Tests.Core.NodePersistenceTests.ServerRestart_WaterNodes_ShouldNotSurviveRestart" storage="/users/ursmuff/source/living-codex-csharp/src/codexbootstrap.tests/bin/debug/net6.0/codexbootstrap.tests.dll" id="d94c59b9-3860-902d-b295-c5d99d6d5e53">
      <Execution id="4d3ac24b-0c4d-46f0-a384-199b2c726507" />
      <TestMethod codeBase="/Users/ursmuff/source/Living-Codex-CSharp/src/CodexBootstrap.Tests/bin/Debug/net6.0/CodexBootstrap.Tests.dll" adapterTypeName="executor://xunit/VsTestRunner2/netcoreapp" className="CodexBootstrap.Tests.Core.NodePersistenceTests" name="ServerRestart_WaterNodes_ShouldNotSurviveRestart" />
    </UnitTest>
    <UnitTest name="CodexBootstrap.Tests.Modules.EnergyModuleApiTests.GetContributionStats_ShouldReturnStats_WhenImplemented" storage="/users/ursmuff/source/living-codex-csharp/src/codexbootstrap.tests/bin/debug/net6.0/codexbootstrap.tests.dll" id="386a6c80-c37f-2520-1205-e565042cab19">
      <Execution id="59922b93-6aa0-41bd-a929-f095b94dd391" />
      <TestMethod codeBase="/Users/ursmuff/source/Living-Codex-CSharp/src/CodexBootstrap.Tests/bin/Debug/net6.0/CodexBootstrap.Tests.dll" adapterTypeName="executor://xunit/VsTestRunner2/netcoreapp" className="CodexBootstrap.Tests.Modules.EnergyModuleApiTests" name="GetContributionStats_ShouldReturnStats_WhenImplemented" />
    </UnitTest>
    <UnitTest name="CodexBootstrap.Tests.ApiEndpointTests.Health_ShouldReturnHealthyStatus" storage="/users/ursmuff/source/living-codex-csharp/src/codexbootstrap.tests/bin/debug/net6.0/codexbootstrap.tests.dll" id="2b5053f9-f02a-344a-cea0-eb8a5823c6c3">
      <Execution id="fabdaeea-b526-44d0-917d-9bf52aa7c149" />
      <TestMethod codeBase="/Users/ursmuff/source/Living-Codex-CSharp/src/CodexBootstrap.Tests/bin/Debug/net6.0/CodexBootstrap.Tests.dll" adapterTypeName="executor://xunit/VsTestRunner2/netcoreapp" className="CodexBootstrap.Tests.ApiEndpointTests" name="Health_ShouldReturnHealthyStatus" />
    </UnitTest>
    <UnitTest name="CodexBootstrap.Tests.Core.NodePersistenceTests.ServerRestart_MixedStates_ShouldRestoreCorrectly" storage="/users/ursmuff/source/living-codex-csharp/src/codexbootstrap.tests/bin/debug/net6.0/codexbootstrap.tests.dll" id="d2562022-cd7f-36b1-1c2d-849cc064d530">
      <Execution id="de242e45-5847-48f5-af52-63f2036423dc" />
      <TestMethod codeBase="/Users/ursmuff/source/Living-Codex-CSharp/src/CodexBootstrap.Tests/bin/Debug/net6.0/CodexBootstrap.Tests.dll" adapterTypeName="executor://xunit/VsTestRunner2/netcoreapp" className="CodexBootstrap.Tests.Core.NodePersistenceTests" name="ServerRestart_MixedStates_ShouldRestoreCorrectly" />
    </UnitTest>
    <UnitTest name="CodexBootstrap.Tests.Modules.PersonalNewsMatchingTests.GetUserNewsFeed_ShouldPrioritizeItemsMatchingUserInterests" storage="/users/ursmuff/source/living-codex-csharp/src/codexbootstrap.tests/bin/debug/net6.0/codexbootstrap.tests.dll" id="1bc1b8d4-02b1-64e2-302f-169565ce0455">
      <Execution id="bb6fbd55-f978-4a73-81c0-65be22f03773" />
      <TestMethod codeBase="/Users/ursmuff/source/Living-Codex-CSharp/src/CodexBootstrap.Tests/bin/Debug/net6.0/CodexBootstrap.Tests.dll" adapterTypeName="executor://xunit/VsTestRunner2/netcoreapp" className="CodexBootstrap.Tests.Modules.PersonalNewsMatchingTests" name="GetUserNewsFeed_ShouldPrioritizeItemsMatchingUserInterests" />
    </UnitTest>
    <UnitTest name="CodexBootstrap.Tests.Core.NodeRegistryTests.InitializeAsync_HydratesNodesFromPersistentStorage" storage="/users/ursmuff/source/living-codex-csharp/src/codexbootstrap.tests/bin/debug/net6.0/codexbootstrap.tests.dll" id="0bbc52b8-9211-5e92-e7eb-f98e00a8add3">
      <Execution id="c61dbfd4-d774-45db-bbe1-2d6f3e719d9c" />
      <TestMethod codeBase="/Users/ursmuff/source/Living-Codex-CSharp/src/CodexBootstrap.Tests/bin/Debug/net6.0/CodexBootstrap.Tests.dll" adapterTypeName="executor://xunit/VsTestRunner2/netcoreapp" className="CodexBootstrap.Tests.Core.NodeRegistryTests" name="InitializeAsync_HydratesNodesFromPersistentStorage" />
    </UnitTest>
    <UnitTest name="CodexBootstrap.Tests.Modules.IdentityModuleApiTests.Authenticate_ShouldHandleMalformedJson" storage="/users/ursmuff/source/living-codex-csharp/src/codexbootstrap.tests/bin/debug/net6.0/codexbootstrap.tests.dll" id="9362de11-64d0-3a11-bfe7-ba203f9734b0">
      <Execution id="1205f454-8999-4b80-a7c7-6e6e3e8130ea" />
      <TestMethod codeBase="/Users/ursmuff/source/Living-Codex-CSharp/src/CodexBootstrap.Tests/bin/Debug/net6.0/CodexBootstrap.Tests.dll" adapterTypeName="executor://xunit/VsTestRunner2/netcoreapp" className="CodexBootstrap.Tests.Modules.IdentityModuleApiTests" name="Authenticate_ShouldHandleMalformedJson" />
    </UnitTest>
    <UnitTest name="CodexBootstrap.Tests.Modules.GalleryModuleTests.GenerateAIImage_WithoutPrompt_ReturnsError" storage="/users/ursmuff/source/living-codex-csharp/src/codexbootstrap.tests/bin/debug/net6.0/codexbootstrap.tests.dll" id="85af3b02-5b1f-ad47-f6c3-063b22aa2bc8">
      <Execution id="13e36dfd-2ecf-4e90-b1c4-2f9c08c87669" />
      <TestMethod codeBase="/Users/ursmuff/source/Living-Codex-CSharp/src/CodexBootstrap.Tests/bin/Debug/net6.0/CodexBootstrap.Tests.dll" adapterTypeName="executor://xunit/VsTestRunner2/netcoreapp" className="CodexBootstrap.Tests.Modules.GalleryModuleTests" name="GenerateAIImage_WithoutPrompt_ReturnsError" />
    </UnitTest>
    <UnitTest name="CodexBootstrap.Tests.Core.NodePersistenceTests.DataIntegrity_NodeUpdates_ShouldPreserveHistory" storage="/users/ursmuff/source/living-codex-csharp/src/codexbootstrap.tests/bin/debug/net6.0/codexbootstrap.tests.dll" id="f90d32c6-f44e-af0c-3d05-d5d63d72fbed">
      <Execution id="4926b1c9-c679-4fc7-bfc1-1f6e07ec5945" />
      <TestMethod codeBase="/Users/ursmuff/source/Living-Codex-CSharp/src/CodexBootstrap.Tests/bin/Debug/net6.0/CodexBootstrap.Tests.dll" adapterTypeName="executor://xunit/VsTestRunner2/netcoreapp" className="CodexBootstrap.Tests.Core.NodePersistenceTests" name="DataIntegrity_NodeUpdates_ShouldPreserveHistory" />
    </UnitTest>
    <UnitTest name="CodexBootstrap.Tests.Core.NodePersistenceTests.NodeStateTransition_IceToWater_ShouldMoveStorage" storage="/users/ursmuff/source/living-codex-csharp/src/codexbootstrap.tests/bin/debug/net6.0/codexbootstrap.tests.dll" id="48903600-7115-f18f-cfaa-40f126ec72dd">
      <Execution id="0a312c19-103f-4250-9a60-f7b0554b6522" />
      <TestMethod codeBase="/Users/ursmuff/source/Living-Codex-CSharp/src/CodexBootstrap.Tests/bin/Debug/net6.0/CodexBootstrap.Tests.dll" adapterTypeName="executor://xunit/VsTestRunner2/netcoreapp" className="CodexBootstrap.Tests.Core.NodePersistenceTests" name="NodeStateTransition_IceToWater_ShouldMoveStorage" />
    </UnitTest>
    <UnitTest name="CodexBootstrap.Tests.Modules.IdentityModuleApiTests.GetIdentityProviders_ShouldIncludeMockProvider" storage="/users/ursmuff/source/living-codex-csharp/src/codexbootstrap.tests/bin/debug/net6.0/codexbootstrap.tests.dll" id="4c4f9506-e0d0-a7af-bb2f-e96606d3bbf1">
      <Execution id="26161cc0-1e97-43e4-9843-8781a2700688" />
      <TestMethod codeBase="/Users/ursmuff/source/Living-Codex-CSharp/src/CodexBootstrap.Tests/bin/Debug/net6.0/CodexBootstrap.Tests.dll" adapterTypeName="executor://xunit/VsTestRunner2/netcoreapp" className="CodexBootstrap.Tests.Modules.IdentityModuleApiTests" name="GetIdentityProviders_ShouldIncludeMockProvider" />
    </UnitTest>
    <UnitTest name="CodexBootstrap.Tests.Core.NodePersistenceTests.CacheClearAndReload_Edges_ShouldRestorePersistentEdges" storage="/users/ursmuff/source/living-codex-csharp/src/codexbootstrap.tests/bin/debug/net6.0/codexbootstrap.tests.dll" id="d29b97cc-8f72-3f8f-ee60-4568f1429a8b">
      <Execution id="a3031f43-ffa1-4e42-b3b1-bbb8e3ceb9e7" />
      <TestMethod codeBase="/Users/ursmuff/source/Living-Codex-CSharp/src/CodexBootstrap.Tests/bin/Debug/net6.0/CodexBootstrap.Tests.dll" adapterTypeName="executor://xunit/VsTestRunner2/netcoreapp" className="CodexBootstrap.Tests.Core.NodePersistenceTests" name="CacheClearAndReload_Edges_ShouldRestorePersistentEdges" />
    </UnitTest>
    <UnitTest name="CodexBootstrap.Tests.Core.NodeRegistryTests.GetNodesByType_ShouldReturnNodesOfSpecificType" storage="/users/ursmuff/source/living-codex-csharp/src/codexbootstrap.tests/bin/debug/net6.0/codexbootstrap.tests.dll" id="410a93d4-5a0d-cd14-1966-c13e3bca40a5">
      <Execution id="f1cac6b7-0e72-4c1d-9db0-fad1761eea22" />
      <TestMethod codeBase="/Users/ursmuff/source/Living-Codex-CSharp/src/CodexBootstrap.Tests/bin/Debug/net6.0/CodexBootstrap.Tests.dll" adapterTypeName="executor://xunit/VsTestRunner2/netcoreapp" className="CodexBootstrap.Tests.Core.NodeRegistryTests" name="GetNodesByType_ShouldReturnNodesOfSpecificType" />
    </UnitTest>
    <UnitTest name="CodexBootstrap.Tests.Core.NodeRegistryUserRepositoryTests.GetByEmailAsync_ShouldMatchRegardlessOfCase" storage="/users/ursmuff/source/living-codex-csharp/src/codexbootstrap.tests/bin/debug/net6.0/codexbootstrap.tests.dll" id="92cb8fbf-5503-f34b-b811-ac131e120972">
      <Execution id="303186e1-526b-4fa4-88cb-37d4c1241bbe" />
      <TestMethod codeBase="/Users/ursmuff/source/Living-Codex-CSharp/src/CodexBootstrap.Tests/bin/Debug/net6.0/CodexBootstrap.Tests.dll" adapterTypeName="executor://xunit/VsTestRunner2/netcoreapp" className="CodexBootstrap.Tests.Core.NodeRegistryUserRepositoryTests" name="GetByEmailAsync_ShouldMatchRegardlessOfCase" />
    </UnitTest>
    <UnitTest name="CodexBootstrap.Tests.HealthTests.HealthCheck_ShouldReturnValidJson" storage="/users/ursmuff/source/living-codex-csharp/src/codexbootstrap.tests/bin/debug/net6.0/codexbootstrap.tests.dll" id="bb61d7e3-a613-b2b8-0303-181e7a73d65b">
      <Execution id="f4cd6db9-ac22-43aa-9955-146309fcb50e" />
      <TestMethod codeBase="/Users/ursmuff/source/Living-Codex-CSharp/src/CodexBootstrap.Tests/bin/Debug/net6.0/CodexBootstrap.Tests.dll" adapterTypeName="executor://xunit/VsTestRunner2/netcoreapp" className="CodexBootstrap.Tests.HealthTests" name="HealthCheck_ShouldReturnValidJson" />
    </UnitTest>
    <UnitTest name="CodexBootstrap.Tests.Core.NodePersistenceTests.MetadataQueries_ShouldPersistCorrectly" storage="/users/ursmuff/source/living-codex-csharp/src/codexbootstrap.tests/bin/debug/net6.0/codexbootstrap.tests.dll" id="6656d4a1-4590-68b8-41cf-6ebd4239279f">
      <Execution id="5c8a3d12-6729-40e5-8212-0b3ecb4b3bcd" />
      <TestMethod codeBase="/Users/ursmuff/source/Living-Codex-CSharp/src/CodexBootstrap.Tests/bin/Debug/net6.0/CodexBootstrap.Tests.dll" adapterTypeName="executor://xunit/VsTestRunner2/netcoreapp" className="CodexBootstrap.Tests.Core.NodePersistenceTests" name="MetadataQueries_ShouldPersistCorrectly" />
    </UnitTest>
    <UnitTest name="CodexBootstrap.Tests.Modules.NoMockDataRegressionTests.ModuleEndpoints_WithInvalidData_ReturnCleanErrors(endpoint: &quot;/ux-primitives/reflect&quot;)" storage="/users/ursmuff/source/living-codex-csharp/src/codexbootstrap.tests/bin/debug/net6.0/codexbootstrap.tests.dll" id="65088179-bb39-a045-1fcc-d40375d536ba">
      <Execution id="581685fa-0819-4aaa-8005-92f6870093c1" />
      <TestMethod codeBase="/Users/ursmuff/source/Living-Codex-CSharp/src/CodexBootstrap.Tests/bin/Debug/net6.0/CodexBootstrap.Tests.dll" adapterTypeName="executor://xunit/VsTestRunner2/netcoreapp" className="CodexBootstrap.Tests.Modules.NoMockDataRegressionTests" name="ModuleEndpoints_WithInvalidData_ReturnCleanErrors" />
    </UnitTest>
    <UnitTest name="CodexBootstrap.Tests.Modules.GalleryModuleTests.ListGalleryItems_WithoutMockData_ReturnsEmptyList" storage="/users/ursmuff/source/living-codex-csharp/src/codexbootstrap.tests/bin/debug/net6.0/codexbootstrap.tests.dll" id="a3b04758-d6c8-afae-35de-edc9990eb840">
      <Execution id="a6ae6c1a-3796-4ff0-ad3e-340ca827188d" />
      <TestMethod codeBase="/Users/ursmuff/source/Living-Codex-CSharp/src/CodexBootstrap.Tests/bin/Debug/net6.0/CodexBootstrap.Tests.dll" adapterTypeName="executor://xunit/VsTestRunner2/netcoreapp" className="CodexBootstrap.Tests.Modules.GalleryModuleTests" name="ListGalleryItems_WithoutMockData_ReturnsEmptyList" />
    </UnitTest>
    <UnitTest name="CodexBootstrap.Tests.Core.LLMOrchestratorTests.Constructor_ShouldInitializeCorrectly" storage="/users/ursmuff/source/living-codex-csharp/src/codexbootstrap.tests/bin/debug/net6.0/codexbootstrap.tests.dll" id="b16e5439-5de2-497d-5713-ea1d44c4819a">
      <Execution id="cf952b8e-1fb8-480b-8789-915b1c5f392d" />
      <TestMethod codeBase="/Users/ursmuff/source/Living-Codex-CSharp/src/CodexBootstrap.Tests/bin/Debug/net6.0/CodexBootstrap.Tests.dll" adapterTypeName="executor://xunit/VsTestRunner2/netcoreapp" className="CodexBootstrap.Tests.Core.LLMOrchestratorTests" name="Constructor_ShouldInitializeCorrectly" />
    </UnitTest>
    <UnitTest name="CodexBootstrap.Tests.Modules.CoreModuleTests.RegisterApiHandlers_ShouldNotThrow" storage="/users/ursmuff/source/living-codex-csharp/src/codexbootstrap.tests/bin/debug/net6.0/codexbootstrap.tests.dll" id="356cc5a1-12a0-34cb-5f3e-4ae7f80efd3b">
      <Execution id="5a20e65c-eead-45bb-bfac-1c9f19e6f711" />
      <TestMethod codeBase="/Users/ursmuff/source/Living-Codex-CSharp/src/CodexBootstrap.Tests/bin/Debug/net6.0/CodexBootstrap.Tests.dll" adapterTypeName="executor://xunit/VsTestRunner2/netcoreapp" className="CodexBootstrap.Tests.Modules.CoreModuleTests" name="RegisterApiHandlers_ShouldNotThrow" />
    </UnitTest>
    <UnitTest name="CodexBootstrap.Tests.Modules.FileSystemModuleTests.ModuleProperties_ShouldBeCorrect" storage="/users/ursmuff/source/living-codex-csharp/src/codexbootstrap.tests/bin/debug/net6.0/codexbootstrap.tests.dll" id="69414ab0-4cf7-f312-3c05-6a9aa0f642b2">
      <Execution id="9c06290b-2fd2-4cca-91d9-1233871fc7d3" />
      <TestMethod codeBase="/Users/ursmuff/source/Living-Codex-CSharp/src/CodexBootstrap.Tests/bin/Debug/net6.0/CodexBootstrap.Tests.dll" adapterTypeName="executor://xunit/VsTestRunner2/netcoreapp" className="CodexBootstrap.Tests.Modules.FileSystemModuleTests" name="ModuleProperties_ShouldBeCorrect" />
    </UnitTest>
    <UnitTest name="CodexBootstrap.Tests.Modules.EnergyModuleApiTests.GetContributorEnergy_ShouldReturnUserEnergy_WhenImplemented" storage="/users/ursmuff/source/living-codex-csharp/src/codexbootstrap.tests/bin/debug/net6.0/codexbootstrap.tests.dll" id="3ffad5fc-3d39-cf1b-b6aa-3a273e7e7f8c">
      <Execution id="5cf64170-537d-42ae-88e6-9db643799586" />
      <TestMethod codeBase="/Users/ursmuff/source/Living-Codex-CSharp/src/CodexBootstrap.Tests/bin/Debug/net6.0/CodexBootstrap.Tests.dll" adapterTypeName="executor://xunit/VsTestRunner2/netcoreapp" className="CodexBootstrap.Tests.Modules.EnergyModuleApiTests" name="GetContributorEnergy_ShouldReturnUserEnergy_WhenImplemented" />
    </UnitTest>
    <UnitTest name="CodexBootstrap.Tests.Modules.IdentityModuleApiTests.GoogleLogin_ShouldReturnRedirect_WhenProviderAvailable" storage="/users/ursmuff/source/living-codex-csharp/src/codexbootstrap.tests/bin/debug/net6.0/codexbootstrap.tests.dll" id="0e83f6d2-f0e7-2e47-ad7b-fd57feab6720">
      <Execution id="4ae87f23-5c41-4c39-9745-94f343c650de" />
      <TestMethod codeBase="/Users/ursmuff/source/Living-Codex-CSharp/src/CodexBootstrap.Tests/bin/Debug/net6.0/CodexBootstrap.Tests.dll" adapterTypeName="executor://xunit/VsTestRunner2/netcoreapp" className="CodexBootstrap.Tests.Modules.IdentityModuleApiTests" name="GoogleLogin_ShouldReturnRedirect_WhenProviderAvailable" />
    </UnitTest>
    <UnitTest name="CodexBootstrap.Tests.Modules.ConceptModuleApiTests.UpdateConcept_ShouldReturnSuccess_WhenConceptExists" storage="/users/ursmuff/source/living-codex-csharp/src/codexbootstrap.tests/bin/debug/net6.0/codexbootstrap.tests.dll" id="af1e193b-6914-4dd6-b3ed-2ac18e2a1b23">
      <Execution id="030571cf-da76-463a-876c-a4a0ef2a86e4" />
      <TestMethod codeBase="/Users/ursmuff/source/Living-Codex-CSharp/src/CodexBootstrap.Tests/bin/Debug/net6.0/CodexBootstrap.Tests.dll" adapterTypeName="executor://xunit/VsTestRunner2/netcoreapp" className="CodexBootstrap.Tests.Modules.ConceptModuleApiTests" name="UpdateConcept_ShouldReturnSuccess_WhenConceptExists" />
    </UnitTest>
    <UnitTest name="CodexBootstrap.Tests.Modules.NewsModuleApiTests.GetReadNews_ShouldReturnEmptyResults_WhenNoReadNews" storage="/users/ursmuff/source/living-codex-csharp/src/codexbootstrap.tests/bin/debug/net6.0/codexbootstrap.tests.dll" id="ed4eeeaf-65c2-fe54-b0e2-7f711f9498db">
      <Execution id="f73e3851-d68f-4bb6-9785-054ea3a43a25" />
      <TestMethod codeBase="/Users/ursmuff/source/Living-Codex-CSharp/src/CodexBootstrap.Tests/bin/Debug/net6.0/CodexBootstrap.Tests.dll" adapterTypeName="executor://xunit/VsTestRunner2/netcoreapp" className="CodexBootstrap.Tests.Modules.NewsModuleApiTests" name="GetReadNews_ShouldReturnEmptyResults_WhenNoReadNews" />
    </UnitTest>
    <UnitTest name="CodexBootstrap.Tests.Core.NodeRegistryTests.TryGet_WithNonExistentId_ShouldReturnFalse" storage="/users/ursmuff/source/living-codex-csharp/src/codexbootstrap.tests/bin/debug/net6.0/codexbootstrap.tests.dll" id="cda0a382-6483-cdc5-9e08-2b17d62c9076">
      <Execution id="d60df887-b658-438c-90b6-71eec0608591" />
      <TestMethod codeBase="/Users/ursmuff/source/Living-Codex-CSharp/src/CodexBootstrap.Tests/bin/Debug/net6.0/CodexBootstrap.Tests.dll" adapterTypeName="executor://xunit/VsTestRunner2/netcoreapp" className="CodexBootstrap.Tests.Core.NodeRegistryTests" name="TryGet_WithNonExistentId_ShouldReturnFalse" />
    </UnitTest>
    <UnitTest name="CodexBootstrap.Tests.Modules.UXPrimitivesModuleTests.ModuleNode_HasCorrectProperties" storage="/users/ursmuff/source/living-codex-csharp/src/codexbootstrap.tests/bin/debug/net6.0/codexbootstrap.tests.dll" id="d7036780-9716-509c-617a-1f2084784363">
      <Execution id="9c23c2d1-cb27-4dfd-85b5-ec08777bf0cb" />
      <TestMethod codeBase="/Users/ursmuff/source/Living-Codex-CSharp/src/CodexBootstrap.Tests/bin/Debug/net6.0/CodexBootstrap.Tests.dll" adapterTypeName="executor://xunit/VsTestRunner2/netcoreapp" className="CodexBootstrap.Tests.Modules.UXPrimitivesModuleTests" name="ModuleNode_HasCorrectProperties" />
    </UnitTest>
    <UnitTest name="CodexBootstrap.Tests.Modules.NoMockDataRegressionTests.UserDiscovery_WithoutGeocoding_ShouldFailNotFallback" storage="/users/ursmuff/source/living-codex-csharp/src/codexbootstrap.tests/bin/debug/net6.0/codexbootstrap.tests.dll" id="43e2b03c-a2af-ef3b-ea65-35587a7a8502">
      <Execution id="7d71daf0-653d-44a6-bf5f-23a50df7f6a6" />
      <TestMethod codeBase="/Users/ursmuff/source/Living-Codex-CSharp/src/CodexBootstrap.Tests/bin/Debug/net6.0/CodexBootstrap.Tests.dll" adapterTypeName="executor://xunit/VsTestRunner2/netcoreapp" className="CodexBootstrap.Tests.Modules.NoMockDataRegressionTests" name="UserDiscovery_WithoutGeocoding_ShouldFailNotFallback" />
    </UnitTest>
    <UnitTest name="CodexBootstrap.Tests.Modules.ConceptModuleApiTests.GetConcepts_ShouldReturnValidConceptsArray" storage="/users/ursmuff/source/living-codex-csharp/src/codexbootstrap.tests/bin/debug/net6.0/codexbootstrap.tests.dll" id="6599a9fd-a45c-3f51-a550-7571741afdc8">
      <Execution id="ba482da7-7d46-4163-b7be-a3e57da6d407" />
      <TestMethod codeBase="/Users/ursmuff/source/Living-Codex-CSharp/src/CodexBootstrap.Tests/bin/Debug/net6.0/CodexBootstrap.Tests.dll" adapterTypeName="executor://xunit/VsTestRunner2/netcoreapp" className="CodexBootstrap.Tests.Modules.ConceptModuleApiTests" name="GetConcepts_ShouldReturnValidConceptsArray" />
    </UnitTest>
    <UnitTest name="CodexBootstrap.Tests.Modules.AIModuleTests.RegisterApiHandlers_ShouldNotThrow" storage="/users/ursmuff/source/living-codex-csharp/src/codexbootstrap.tests/bin/debug/net6.0/codexbootstrap.tests.dll" id="f26cae9a-0cfd-3b5a-d1f4-d5ed084eadad">
      <Execution id="ea929f63-326d-4fe7-ac6c-65dbd2db11aa" />
      <TestMethod codeBase="/Users/ursmuff/source/Living-Codex-CSharp/src/CodexBootstrap.Tests/bin/Debug/net6.0/CodexBootstrap.Tests.dll" adapterTypeName="executor://xunit/VsTestRunner2/netcoreapp" className="CodexBootstrap.Tests.Modules.AIModuleTests" name="RegisterApiHandlers_ShouldNotThrow" />
    </UnitTest>
    <UnitTest name="CodexBootstrap.Tests.Modules.GalleryModuleTests.GetGalleryItem_WithNonExistentId_ReturnsError" storage="/users/ursmuff/source/living-codex-csharp/src/codexbootstrap.tests/bin/debug/net6.0/codexbootstrap.tests.dll" id="7814cc71-5384-55ab-b67a-fb18f5ac5c5f">
      <Execution id="d1aa6609-4059-4c8e-a379-5c56e891a0b9" />
      <TestMethod codeBase="/Users/ursmuff/source/Living-Codex-CSharp/src/CodexBootstrap.Tests/bin/Debug/net6.0/CodexBootstrap.Tests.dll" adapterTypeName="executor://xunit/VsTestRunner2/netcoreapp" className="CodexBootstrap.Tests.Modules.GalleryModuleTests" name="GetGalleryItem_WithNonExistentId_ReturnsError" />
    </UnitTest>
    <UnitTest name="CodexBootstrap.Tests.Core.NodeRegistryTests.TryGet_WithExistingId_ShouldReturnNode" storage="/users/ursmuff/source/living-codex-csharp/src/codexbootstrap.tests/bin/debug/net6.0/codexbootstrap.tests.dll" id="a117d892-9fd1-1ad8-8d90-f3c71328203c">
      <Execution id="76057810-9843-4dfc-84bd-aa93e7b4cde2" />
      <TestMethod codeBase="/Users/ursmuff/source/Living-Codex-CSharp/src/CodexBootstrap.Tests/bin/Debug/net6.0/CodexBootstrap.Tests.dll" adapterTypeName="executor://xunit/VsTestRunner2/netcoreapp" className="CodexBootstrap.Tests.Core.NodeRegistryTests" name="TryGet_WithExistingId_ShouldReturnNode" />
    </UnitTest>
    <UnitTest name="CodexBootstrap.Tests.Modules.GalleryModuleTests.ModuleNode_HasCorrectProperties" storage="/users/ursmuff/source/living-codex-csharp/src/codexbootstrap.tests/bin/debug/net6.0/codexbootstrap.tests.dll" id="fcef5775-779a-bf15-6f5f-56cf4b7bf258">
      <Execution id="10ff4380-00c4-4a23-8b5e-42b5d350fd88" />
      <TestMethod codeBase="/Users/ursmuff/source/Living-Codex-CSharp/src/CodexBootstrap.Tests/bin/Debug/net6.0/CodexBootstrap.Tests.dll" adapterTypeName="executor://xunit/VsTestRunner2/netcoreapp" className="CodexBootstrap.Tests.Modules.GalleryModuleTests" name="ModuleNode_HasCorrectProperties" />
    </UnitTest>
    <UnitTest name="CodexBootstrap.Tests.Modules.NewsModuleApiTests.SearchNews_ShouldReturnSearchResults_WhenImplemented" storage="/users/ursmuff/source/living-codex-csharp/src/codexbootstrap.tests/bin/debug/net6.0/codexbootstrap.tests.dll" id="c7664158-decd-1ae9-8bcf-1591fb563b34">
      <Execution id="4b237fbe-bb77-4aed-bf2f-fee6836433da" />
      <TestMethod codeBase="/Users/ursmuff/source/Living-Codex-CSharp/src/CodexBootstrap.Tests/bin/Debug/net6.0/CodexBootstrap.Tests.dll" adapterTypeName="executor://xunit/VsTestRunner2/netcoreapp" className="CodexBootstrap.Tests.Modules.NewsModuleApiTests" name="SearchNews_ShouldReturnSearchResults_WhenImplemented" />
    </UnitTest>
    <UnitTest name="CodexBootstrap.Tests.Core.NodePersistenceTests.TypeBasedQueries_ShouldWorkAfterRestart" storage="/users/ursmuff/source/living-codex-csharp/src/codexbootstrap.tests/bin/debug/net6.0/codexbootstrap.tests.dll" id="53a59314-7293-f081-232f-56d1644cbca1">
      <Execution id="fbafe86b-43a0-4ba2-980a-1dfc52314fc2" />
      <TestMethod codeBase="/Users/ursmuff/source/Living-Codex-CSharp/src/CodexBootstrap.Tests/bin/Debug/net6.0/CodexBootstrap.Tests.dll" adapterTypeName="executor://xunit/VsTestRunner2/netcoreapp" className="CodexBootstrap.Tests.Core.NodePersistenceTests" name="TypeBasedQueries_ShouldWorkAfterRestart" />
    </UnitTest>
    <UnitTest name="CodexBootstrap.Tests.UCoreOntologyTests.TopologyPaths_Should_ConnectToUCoreConcepts_IfPresent" storage="/users/ursmuff/source/living-codex-csharp/src/codexbootstrap.tests/bin/debug/net6.0/codexbootstrap.tests.dll" id="1e43300c-2a88-befd-5bd4-aa2b7d5a855b">
      <Execution id="dbb0c7f0-a495-4116-825d-6ed36627a7a1" />
      <TestMethod codeBase="/Users/ursmuff/source/Living-Codex-CSharp/src/CodexBootstrap.Tests/bin/Debug/net6.0/CodexBootstrap.Tests.dll" adapterTypeName="executor://xunit/VsTestRunner2/netcoreapp" className="CodexBootstrap.Tests.UCoreOntologyTests" name="TopologyPaths_Should_ConnectToUCoreConcepts_IfPresent" />
    </UnitTest>
    <UnitTest name="CodexBootstrap.Tests.IdentityTests.CreateSession_ShouldCreateNewSession" storage="/users/ursmuff/source/living-codex-csharp/src/codexbootstrap.tests/bin/debug/net6.0/codexbootstrap.tests.dll" id="81ece0d0-0623-f285-5aef-39638b72d8de">
      <Execution id="1fa5d8f5-06a7-4b5e-a841-f73b346d810c" />
      <TestMethod codeBase="/Users/ursmuff/source/Living-Codex-CSharp/src/CodexBootstrap.Tests/bin/Debug/net6.0/CodexBootstrap.Tests.dll" adapterTypeName="executor://xunit/VsTestRunner2/netcoreapp" className="CodexBootstrap.Tests.IdentityTests" name="CreateSession_ShouldCreateNewSession" />
    </UnitTest>
    <UnitTest name="CodexBootstrap.Tests.Modules.FileSystemModuleTests.CreateFile_WithValidRequest_CreatesFileAndNode" storage="/users/ursmuff/source/living-codex-csharp/src/codexbootstrap.tests/bin/debug/net6.0/codexbootstrap.tests.dll" id="aced4986-e1f4-a66e-d3bb-e7d4243e8cbf">
      <Execution id="a8afa4ea-d627-41bf-873c-82c1f500b50a" />
      <TestMethod codeBase="/Users/ursmuff/source/Living-Codex-CSharp/src/CodexBootstrap.Tests/bin/Debug/net6.0/CodexBootstrap.Tests.dll" adapterTypeName="executor://xunit/VsTestRunner2/netcoreapp" className="CodexBootstrap.Tests.Modules.FileSystemModuleTests" name="CreateFile_WithValidRequest_CreatesFileAndNode" />
    </UnitTest>
    <UnitTest name="CodexBootstrap.Tests.Core.NodeRegistryTests.UpsertNode_WithValidNode_ShouldRegisterSuccessfully" storage="/users/ursmuff/source/living-codex-csharp/src/codexbootstrap.tests/bin/debug/net6.0/codexbootstrap.tests.dll" id="d0160707-f909-e423-0bd5-ceb0e7a99a9c">
      <Execution id="26c8777d-899f-4559-a0ca-85989483987e" />
      <TestMethod codeBase="/Users/ursmuff/source/Living-Codex-CSharp/src/CodexBootstrap.Tests/bin/Debug/net6.0/CodexBootstrap.Tests.dll" adapterTypeName="executor://xunit/VsTestRunner2/netcoreapp" className="CodexBootstrap.Tests.Core.NodeRegistryTests" name="UpsertNode_WithValidNode_ShouldRegisterSuccessfully" />
    </UnitTest>
    <UnitTest name="CodexBootstrap.Tests.Core.NodePersistenceTests.ConcurrentOperations_ShouldMaintainConsistency" storage="/users/ursmuff/source/living-codex-csharp/src/codexbootstrap.tests/bin/debug/net6.0/codexbootstrap.tests.dll" id="26e7a1ad-63a6-c657-4516-74b5caa9040c">
      <Execution id="15bea49a-e8e0-4a3f-a15f-b947f53e1ba0" />
      <TestMethod codeBase="/Users/ursmuff/source/Living-Codex-CSharp/src/CodexBootstrap.Tests/bin/Debug/net6.0/CodexBootstrap.Tests.dll" adapterTypeName="executor://xunit/VsTestRunner2/netcoreapp" className="CodexBootstrap.Tests.Core.NodePersistenceTests" name="ConcurrentOperations_ShouldMaintainConsistency" />
    </UnitTest>
    <UnitTest name="CodexBootstrap.Tests.ComprehensiveEndpointDiscovery.DiscoverAllEndpoints_ShouldFindAvailableEndpoints" storage="/users/ursmuff/source/living-codex-csharp/src/codexbootstrap.tests/bin/debug/net6.0/codexbootstrap.tests.dll" id="9a702a54-932a-77ac-8e6e-5b1318f49c63">
      <Execution id="f95936a6-8a2f-42fc-84d6-825721d046fa" />
      <TestMethod codeBase="/Users/ursmuff/source/Living-Codex-CSharp/src/CodexBootstrap.Tests/bin/Debug/net6.0/CodexBootstrap.Tests.dll" adapterTypeName="executor://xunit/VsTestRunner2/netcoreapp" className="CodexBootstrap.Tests.ComprehensiveEndpointDiscovery" name="DiscoverAllEndpoints_ShouldFindAvailableEndpoints" />
    </UnitTest>
    <UnitTest name="CodexBootstrap.Tests.Modules.EnergyModuleApiTests.RecordContribution_ShouldCreateContribution_WhenImplemented" storage="/users/ursmuff/source/living-codex-csharp/src/codexbootstrap.tests/bin/debug/net6.0/codexbootstrap.tests.dll" id="58ac984c-ccd6-0f0f-d8b2-fe2845649ddf">
      <Execution id="e4e50a3a-6f1e-45c9-91fc-c11575ab46b4" />
      <TestMethod codeBase="/Users/ursmuff/source/Living-Codex-CSharp/src/CodexBootstrap.Tests/bin/Debug/net6.0/CodexBootstrap.Tests.dll" adapterTypeName="executor://xunit/VsTestRunner2/netcoreapp" className="CodexBootstrap.Tests.Modules.EnergyModuleApiTests" name="RecordContribution_ShouldCreateContribution_WhenImplemented" />
    </UnitTest>
    <UnitTest name="CodexBootstrap.Tests.Modules.UXPrimitivesModuleTests.SendInvite_WithoutMessage_ReturnsError" storage="/users/ursmuff/source/living-codex-csharp/src/codexbootstrap.tests/bin/debug/net6.0/codexbootstrap.tests.dll" id="de3c4b09-a3ad-ae77-63dc-db0c1fac083d">
      <Execution id="746cee11-32cc-4e6e-8d16-0d8b4340cf5f" />
      <TestMethod codeBase="/Users/ursmuff/source/Living-Codex-CSharp/src/CodexBootstrap.Tests/bin/Debug/net6.0/CodexBootstrap.Tests.dll" adapterTypeName="executor://xunit/VsTestRunner2/netcoreapp" className="CodexBootstrap.Tests.Modules.UXPrimitivesModuleTests" name="SendInvite_WithoutMessage_ReturnsError" />
    </UnitTest>
    <UnitTest name="CodexBootstrap.Tests.IdentityTests.AuthenticateUser_ShouldAuthenticateValidUser" storage="/users/ursmuff/source/living-codex-csharp/src/codexbootstrap.tests/bin/debug/net6.0/codexbootstrap.tests.dll" id="3ee13cb4-0958-6775-b9ba-c8af5a50fd57">
      <Execution id="55b0024e-0edd-4855-91d5-47821fdea959" />
      <TestMethod codeBase="/Users/ursmuff/source/Living-Codex-CSharp/src/CodexBootstrap.Tests/bin/Debug/net6.0/CodexBootstrap.Tests.dll" adapterTypeName="executor://xunit/VsTestRunner2/netcoreapp" className="CodexBootstrap.Tests.IdentityTests" name="AuthenticateUser_ShouldAuthenticateValidUser" />
    </UnitTest>
    <UnitTest name="CodexBootstrap.Tests.Modules.UXPrimitivesModuleTests.GenerateReflection_WithoutContentId_ReturnsError" storage="/users/ursmuff/source/living-codex-csharp/src/codexbootstrap.tests/bin/debug/net6.0/codexbootstrap.tests.dll" id="0dfb425c-5e4f-66ca-073c-7c258c6c7e5f">
      <Execution id="ae05f2fe-166a-43cd-b5c8-3ef752510c90" />
      <TestMethod codeBase="/Users/ursmuff/source/Living-Codex-CSharp/src/CodexBootstrap.Tests/bin/Debug/net6.0/CodexBootstrap.Tests.dll" adapterTypeName="executor://xunit/VsTestRunner2/netcoreapp" className="CodexBootstrap.Tests.Modules.UXPrimitivesModuleTests" name="GenerateReflection_WithoutContentId_ReturnsError" />
    </UnitTest>
    <UnitTest name="CodexBootstrap.Tests.Core.LLMOrchestratorTests.ExecuteAsync_WithNonExistentTemplate_ShouldReturnError" storage="/users/ursmuff/source/living-codex-csharp/src/codexbootstrap.tests/bin/debug/net6.0/codexbootstrap.tests.dll" id="01fada6a-9beb-d06b-6787-0781734f5b1d">
      <Execution id="43b2be05-65b6-47b5-86bc-30c45741d0cd" />
      <TestMethod codeBase="/Users/ursmuff/source/Living-Codex-CSharp/src/CodexBootstrap.Tests/bin/Debug/net6.0/CodexBootstrap.Tests.dll" adapterTypeName="executor://xunit/VsTestRunner2/netcoreapp" className="CodexBootstrap.Tests.Core.LLMOrchestratorTests" name="ExecuteAsync_WithNonExistentTemplate_ShouldReturnError" />
    </UnitTest>
    <UnitTest name="CodexBootstrap.Tests.HealthTests.HealthCheck_ShouldIncludeSystemMetrics" storage="/users/ursmuff/source/living-codex-csharp/src/codexbootstrap.tests/bin/debug/net6.0/codexbootstrap.tests.dll" id="494a6f72-6254-5a6e-4577-c52cd4a0c3cd">
      <Execution id="e6704fdb-dc56-4674-bf2b-4718d6ad32c3" />
      <TestMethod codeBase="/Users/ursmuff/source/Living-Codex-CSharp/src/CodexBootstrap.Tests/bin/Debug/net6.0/CodexBootstrap.Tests.dll" adapterTypeName="executor://xunit/VsTestRunner2/netcoreapp" className="CodexBootstrap.Tests.HealthTests" name="HealthCheck_ShouldIncludeSystemMetrics" />
    </UnitTest>
    <UnitTest name="CodexBootstrap.Tests.Core.StateTransitionTests.Edge_BetweenWaterAndGasNodes_ShouldNotPersist" storage="/users/ursmuff/source/living-codex-csharp/src/codexbootstrap.tests/bin/debug/net6.0/codexbootstrap.tests.dll" id="4490693e-5b5f-60f8-a352-34ba943e1d62">
      <Execution id="0cf7d876-dfd4-4f16-a229-5a089322ffac" />
      <TestMethod codeBase="/Users/ursmuff/source/Living-Codex-CSharp/src/CodexBootstrap.Tests/bin/Debug/net6.0/CodexBootstrap.Tests.dll" adapterTypeName="executor://xunit/VsTestRunner2/netcoreapp" className="CodexBootstrap.Tests.Core.StateTransitionTests" name="Edge_BetweenWaterAndGasNodes_ShouldNotPersist" />
    </UnitTest>
    <UnitTest name="CodexBootstrap.Tests.Core.NodeRegistryUserRepositoryTests.UpdateAsync_ShouldOverwriteMetadata" storage="/users/ursmuff/source/living-codex-csharp/src/codexbootstrap.tests/bin/debug/net6.0/codexbootstrap.tests.dll" id="2077052f-6555-ad72-a6cc-99d9e1294aa2">
      <Execution id="fb14ea6e-1234-445c-a641-edf9477a5da6" />
      <TestMethod codeBase="/Users/ursmuff/source/Living-Codex-CSharp/src/CodexBootstrap.Tests/bin/Debug/net6.0/CodexBootstrap.Tests.dll" adapterTypeName="executor://xunit/VsTestRunner2/netcoreapp" className="CodexBootstrap.Tests.Core.NodeRegistryUserRepositoryTests" name="UpdateAsync_ShouldOverwriteMetadata" />
    </UnitTest>
    <UnitTest name="CodexBootstrap.Tests.Modules.FileSystemModuleTests.FileNode_ShouldHaveCorrectContentRef" storage="/users/ursmuff/source/living-codex-csharp/src/codexbootstrap.tests/bin/debug/net6.0/codexbootstrap.tests.dll" id="3c9ab4c8-f1b7-75d5-dbbb-5692f82a8e63">
      <Execution id="0b04b449-e5e6-46c1-aa16-da60a7cf9e41" />
      <TestMethod codeBase="/Users/ursmuff/source/Living-Codex-CSharp/src/CodexBootstrap.Tests/bin/Debug/net6.0/CodexBootstrap.Tests.dll" adapterTypeName="executor://xunit/VsTestRunner2/netcoreapp" className="CodexBootstrap.Tests.Modules.FileSystemModuleTests" name="FileNode_ShouldHaveCorrectContentRef" />
    </UnitTest>
    <UnitTest name="CodexBootstrap.Tests.Modules.AIModuleTests.Version_ShouldReturnCorrectVersion" storage="/users/ursmuff/source/living-codex-csharp/src/codexbootstrap.tests/bin/debug/net6.0/codexbootstrap.tests.dll" id="e7b9a5d9-b357-ccab-0080-bfd9de9e4252">
      <Execution id="750dbbd5-114f-4163-bc4f-0d4c7ecc1d44" />
      <TestMethod codeBase="/Users/ursmuff/source/Living-Codex-CSharp/src/CodexBootstrap.Tests/bin/Debug/net6.0/CodexBootstrap.Tests.dll" adapterTypeName="executor://xunit/VsTestRunner2/netcoreapp" className="CodexBootstrap.Tests.Modules.AIModuleTests" name="Version_ShouldReturnCorrectVersion" />
    </UnitTest>
    <UnitTest name="CodexBootstrap.Tests.ApiIntegrationTests.OAuthProviders_ShouldReturnAvailableProviders" storage="/users/ursmuff/source/living-codex-csharp/src/codexbootstrap.tests/bin/debug/net6.0/codexbootstrap.tests.dll" id="080e755c-ee7a-1e14-8f28-e087a10675d0">
      <Execution id="2e6058e0-ea17-46a1-b736-02a04e252a64" />
      <TestMethod codeBase="/Users/ursmuff/source/Living-Codex-CSharp/src/CodexBootstrap.Tests/bin/Debug/net6.0/CodexBootstrap.Tests.dll" adapterTypeName="executor://xunit/VsTestRunner2/netcoreapp" className="CodexBootstrap.Tests.ApiIntegrationTests" name="OAuthProviders_ShouldReturnAvailableProviders" />
    </UnitTest>
    <UnitTest name="CodexBootstrap.Tests.Modules.NewsModuleApiTests.SearchNews_ShouldReturnEmptyResults_WhenNoNewsAvailable" storage="/users/ursmuff/source/living-codex-csharp/src/codexbootstrap.tests/bin/debug/net6.0/codexbootstrap.tests.dll" id="4e73c103-f467-67e6-7049-e34249ba699f">
      <Execution id="6eee4f9c-b90a-4a1e-bcb2-cfc45758a2c9" />
      <TestMethod codeBase="/Users/ursmuff/source/Living-Codex-CSharp/src/CodexBootstrap.Tests/bin/Debug/net6.0/CodexBootstrap.Tests.dll" adapterTypeName="executor://xunit/VsTestRunner2/netcoreapp" className="CodexBootstrap.Tests.Modules.NewsModuleApiTests" name="SearchNews_ShouldReturnEmptyResults_WhenNoNewsAvailable" />
    </UnitTest>
    <UnitTest name="CodexBootstrap.Tests.UCoreOntologyTests.ResonanceMatrix_Should_ExistAndIntegrateAxes" storage="/users/ursmuff/source/living-codex-csharp/src/codexbootstrap.tests/bin/debug/net6.0/codexbootstrap.tests.dll" id="9fd16290-2ffd-477a-8430-1b48345fb6df">
      <Execution id="fc16c136-86d5-46e4-a70e-5db2e6597273" />
      <TestMethod codeBase="/Users/ursmuff/source/Living-Codex-CSharp/src/CodexBootstrap.Tests/bin/Debug/net6.0/CodexBootstrap.Tests.dll" adapterTypeName="executor://xunit/VsTestRunner2/netcoreapp" className="CodexBootstrap.Tests.UCoreOntologyTests" name="ResonanceMatrix_Should_ExistAndIntegrateAxes" />
    </UnitTest>
    <UnitTest name="CodexBootstrap.Tests.Modules.FutureKnowledgeModuleTests.GeneratePrediction_WithNonExistentPattern_ReturnsError" storage="/users/ursmuff/source/living-codex-csharp/src/codexbootstrap.tests/bin/debug/net6.0/codexbootstrap.tests.dll" id="b8e86a2f-674f-f277-a8e3-1c4f7274634d">
      <Execution id="0619ed2f-c9a0-4617-b454-fc41f0027dc9" />
      <TestMethod codeBase="/Users/ursmuff/source/Living-Codex-CSharp/src/CodexBootstrap.Tests/bin/Debug/net6.0/CodexBootstrap.Tests.dll" adapterTypeName="executor://xunit/VsTestRunner2/netcoreapp" className="CodexBootstrap.Tests.Modules.FutureKnowledgeModuleTests" name="GeneratePrediction_WithNonExistentPattern_ReturnsError" />
    </UnitTest>
    <UnitTest name="CodexBootstrap.Tests.Modules.NewsModuleApiTests.GetTrendingTopics_ShouldHandleConcurrentRequests" storage="/users/ursmuff/source/living-codex-csharp/src/codexbootstrap.tests/bin/debug/net6.0/codexbootstrap.tests.dll" id="0be5b3d7-ad47-a6e7-2e5c-4e8c709b4254">
      <Execution id="a078e591-4994-45bc-8a71-e97285fdf66c" />
      <TestMethod codeBase="/Users/ursmuff/source/Living-Codex-CSharp/src/CodexBootstrap.Tests/bin/Debug/net6.0/CodexBootstrap.Tests.dll" adapterTypeName="executor://xunit/VsTestRunner2/netcoreapp" className="CodexBootstrap.Tests.Modules.NewsModuleApiTests" name="GetTrendingTopics_ShouldHandleConcurrentRequests" />
    </UnitTest>
    <UnitTest name="CodexBootstrap.Tests.Core.StateTransitionTests.NodeStateTransition_FromIceToWater_ShouldMigrateEdgesToWater" storage="/users/ursmuff/source/living-codex-csharp/src/codexbootstrap.tests/bin/debug/net6.0/codexbootstrap.tests.dll" id="04685a3a-4e68-f6f3-27c2-152f2ba69c55">
      <Execution id="7af5ba1c-58d4-44d8-a826-d271bcd74469" />
      <TestMethod codeBase="/Users/ursmuff/source/Living-Codex-CSharp/src/CodexBootstrap.Tests/bin/Debug/net6.0/CodexBootstrap.Tests.dll" adapterTypeName="executor://xunit/VsTestRunner2/netcoreapp" className="CodexBootstrap.Tests.Core.StateTransitionTests" name="NodeStateTransition_FromIceToWater_ShouldMigrateEdgesToWater" />
    </UnitTest>
    <UnitTest name="CodexBootstrap.Tests.Core.NodePersistenceTests.DataIntegrity_ComplexContent_ShouldPersistCorrectly" storage="/users/ursmuff/source/living-codex-csharp/src/codexbootstrap.tests/bin/debug/net6.0/codexbootstrap.tests.dll" id="ec5dab1e-1f0f-f383-92f5-6636c26252be">
      <Execution id="0b96aa3c-5b2e-4436-9fd9-d1a41258d5f3" />
      <TestMethod codeBase="/Users/ursmuff/source/Living-Codex-CSharp/src/CodexBootstrap.Tests/bin/Debug/net6.0/CodexBootstrap.Tests.dll" adapterTypeName="executor://xunit/VsTestRunner2/netcoreapp" className="CodexBootstrap.Tests.Core.NodePersistenceTests" name="DataIntegrity_ComplexContent_ShouldPersistCorrectly" />
    </UnitTest>
    <UnitTest name="CodexBootstrap.Tests.Modules.NoMockDataRegressionTests.ThreadsModule_ListThreads_WithoutMockData_ReturnsEmptyOrError" storage="/users/ursmuff/source/living-codex-csharp/src/codexbootstrap.tests/bin/debug/net6.0/codexbootstrap.tests.dll" id="88484ee7-b056-96be-c3f0-2f9ff210be2a">
      <Execution id="03ef51e5-2523-42b8-82d2-3581029a1a06" />
      <TestMethod codeBase="/Users/ursmuff/source/Living-Codex-CSharp/src/CodexBootstrap.Tests/bin/Debug/net6.0/CodexBootstrap.Tests.dll" adapterTypeName="executor://xunit/VsTestRunner2/netcoreapp" className="CodexBootstrap.Tests.Modules.NoMockDataRegressionTests" name="ThreadsModule_ListThreads_WithoutMockData_ReturnsEmptyOrError" />
    </UnitTest>
    <UnitTest name="CodexBootstrap.Tests.Integration.ApiIntegrationTests.ApiDiscovery_ShouldReturnAvailableEndpoints" storage="/users/ursmuff/source/living-codex-csharp/src/codexbootstrap.tests/bin/debug/net6.0/codexbootstrap.tests.dll" id="8fd24cd4-a9c0-0221-2fef-ed0703bf3428">
      <Execution id="fb644568-fd8e-457a-a2c9-6d051f56d5b4" />
      <TestMethod codeBase="/Users/ursmuff/source/Living-Codex-CSharp/src/CodexBootstrap.Tests/bin/Debug/net6.0/CodexBootstrap.Tests.dll" adapterTypeName="executor://xunit/VsTestRunner2/netcoreapp" className="CodexBootstrap.Tests.Integration.ApiIntegrationTests" name="ApiDiscovery_ShouldReturnAvailableEndpoints" />
    </UnitTest>
    <UnitTest name="CodexBootstrap.Tests.Core.StateTransitionTests.NodeStateTransition_OneNodeToGas_ShouldMakeEdgeGas" storage="/users/ursmuff/source/living-codex-csharp/src/codexbootstrap.tests/bin/debug/net6.0/codexbootstrap.tests.dll" id="bea25778-24d9-fe1b-fa56-cac425810a84">
      <Execution id="44e296d3-7ac1-41b1-8a7b-8ba3cf2bb81e" />
      <TestMethod codeBase="/Users/ursmuff/source/Living-Codex-CSharp/src/CodexBootstrap.Tests/bin/Debug/net6.0/CodexBootstrap.Tests.dll" adapterTypeName="executor://xunit/VsTestRunner2/netcoreapp" className="CodexBootstrap.Tests.Core.StateTransitionTests" name="NodeStateTransition_OneNodeToGas_ShouldMakeEdgeGas" />
    </UnitTest>
    <UnitTest name="CodexBootstrap.Tests.IdentityTests.MockIdentityProvider_ShouldInitiateLogin" storage="/users/ursmuff/source/living-codex-csharp/src/codexbootstrap.tests/bin/debug/net6.0/codexbootstrap.tests.dll" id="79341776-28f9-9f5a-685e-8b9cb0ecc3e5">
      <Execution id="fbb5d293-d64f-4c38-b3bf-e080677b6db8" />
      <TestMethod codeBase="/Users/ursmuff/source/Living-Codex-CSharp/src/CodexBootstrap.Tests/bin/Debug/net6.0/CodexBootstrap.Tests.dll" adapterTypeName="executor://xunit/VsTestRunner2/netcoreapp" className="CodexBootstrap.Tests.IdentityTests" name="MockIdentityProvider_ShouldInitiateLogin" />
    </UnitTest>
    <UnitTest name="CodexBootstrap.Tests.Modules.NewsModuleApiTests.GetTrendingTopics_ShouldAcceptHoursBackParameter" storage="/users/ursmuff/source/living-codex-csharp/src/codexbootstrap.tests/bin/debug/net6.0/codexbootstrap.tests.dll" id="7d68e180-4522-1c63-e2b7-817dd0b2a6e5">
      <Execution id="5d2b3147-a3b4-4df7-b16f-07d6ae43d085" />
      <TestMethod codeBase="/Users/ursmuff/source/Living-Codex-CSharp/src/CodexBootstrap.Tests/bin/Debug/net6.0/CodexBootstrap.Tests.dll" adapterTypeName="executor://xunit/VsTestRunner2/netcoreapp" className="CodexBootstrap.Tests.Modules.NewsModuleApiTests" name="GetTrendingTopics_ShouldAcceptHoursBackParameter" />
    </UnitTest>
    <UnitTest name="CodexBootstrap.Tests.IdentityTests.IdentityCallback_ShouldHandleMockAuthentication" storage="/users/ursmuff/source/living-codex-csharp/src/codexbootstrap.tests/bin/debug/net6.0/codexbootstrap.tests.dll" id="7119bdd5-175e-ef34-2080-2f86d1730b51">
      <Execution id="ea68b229-4875-4976-b120-a8930c5f3337" />
      <TestMethod codeBase="/Users/ursmuff/source/Living-Codex-CSharp/src/CodexBootstrap.Tests/bin/Debug/net6.0/CodexBootstrap.Tests.dll" adapterTypeName="executor://xunit/VsTestRunner2/netcoreapp" className="CodexBootstrap.Tests.IdentityTests" name="IdentityCallback_ShouldHandleMockAuthentication" />
    </UnitTest>
    <UnitTest name="CodexBootstrap.Tests.Modules.EnergyModuleApiTests.GetCollectiveEnergy_ShouldRespondWithinAcceptableTime_WhenImplemented" storage="/users/ursmuff/source/living-codex-csharp/src/codexbootstrap.tests/bin/debug/net6.0/codexbootstrap.tests.dll" id="419a8404-3052-a939-642f-9bc8d54507ed">
      <Execution id="5b83a11f-a961-48a2-8790-7c225e657a96" />
      <TestMethod codeBase="/Users/ursmuff/source/Living-Codex-CSharp/src/CodexBootstrap.Tests/bin/Debug/net6.0/CodexBootstrap.Tests.dll" adapterTypeName="executor://xunit/VsTestRunner2/netcoreapp" className="CodexBootstrap.Tests.Modules.EnergyModuleApiTests" name="GetCollectiveEnergy_ShouldRespondWithinAcceptableTime_WhenImplemented" />
    </UnitTest>
    <UnitTest name="CodexBootstrap.Tests.Modules.IdentityModuleApiTests.Authenticate_ShouldReturnBadRequest_WhenInvalidRequest" storage="/users/ursmuff/source/living-codex-csharp/src/codexbootstrap.tests/bin/debug/net6.0/codexbootstrap.tests.dll" id="4f365743-de47-b07f-fd2b-1af885da9411">
      <Execution id="d7b097d7-1f38-42a8-9a85-7cece4c95508" />
      <TestMethod codeBase="/Users/ursmuff/source/Living-Codex-CSharp/src/CodexBootstrap.Tests/bin/Debug/net6.0/CodexBootstrap.Tests.dll" adapterTypeName="executor://xunit/VsTestRunner2/netcoreapp" className="CodexBootstrap.Tests.Modules.IdentityModuleApiTests" name="Authenticate_ShouldReturnBadRequest_WhenInvalidRequest" />
    </UnitTest>
    <UnitTest name="CodexBootstrap.Tests.Modules.RealAIConceptExtractionTests.ExtractConceptsFromRealNewsArticle_ShouldReturnValidConcepts" storage="/users/ursmuff/source/living-codex-csharp/src/codexbootstrap.tests/bin/debug/net6.0/codexbootstrap.tests.dll" id="c3abd107-5e96-3579-b50c-c5c9526624a6">
      <Execution id="9dcb215b-5018-4dc4-ad5e-f298880ad92d" />
      <TestMethod codeBase="/Users/ursmuff/source/Living-Codex-CSharp/src/CodexBootstrap.Tests/bin/Debug/net6.0/CodexBootstrap.Tests.dll" adapterTypeName="executor://xunit/VsTestRunner2/netcoreapp" className="CodexBootstrap.Tests.Modules.RealAIConceptExtractionTests" name="ExtractConceptsFromRealNewsArticle_ShouldReturnValidConcepts" />
    </UnitTest>
    <UnitTest name="CodexBootstrap.Tests.ApiIntegrationTests.UserDiscovery_ShouldReturnUsers" storage="/users/ursmuff/source/living-codex-csharp/src/codexbootstrap.tests/bin/debug/net6.0/codexbootstrap.tests.dll" id="c4827e09-d08d-46ae-e11d-0d4589191c8f">
      <Execution id="3893c926-d4d6-435e-b053-5244f778d355" />
      <TestMethod codeBase="/Users/ursmuff/source/Living-Codex-CSharp/src/CodexBootstrap.Tests/bin/Debug/net6.0/CodexBootstrap.Tests.dll" adapterTypeName="executor://xunit/VsTestRunner2/netcoreapp" className="CodexBootstrap.Tests.ApiIntegrationTests" name="UserDiscovery_ShouldReturnUsers" />
    </UnitTest>
    <UnitTest name="CodexBootstrap.Tests.Core.NodeRegistryTests.GetEdgesFrom_ShouldReturnEdgesFromSpecificNode" storage="/users/ursmuff/source/living-codex-csharp/src/codexbootstrap.tests/bin/debug/net6.0/codexbootstrap.tests.dll" id="a1457caa-f4c9-ba63-922a-5d90fbfc1363">
      <Execution id="ba99b7ee-347f-4e33-a889-b5067ff4f51f" />
      <TestMethod codeBase="/Users/ursmuff/source/Living-Codex-CSharp/src/CodexBootstrap.Tests/bin/Debug/net6.0/CodexBootstrap.Tests.dll" adapterTypeName="executor://xunit/VsTestRunner2/netcoreapp" className="CodexBootstrap.Tests.Core.NodeRegistryTests" name="GetEdgesFrom_ShouldReturnEdgesFromSpecificNode" />
    </UnitTest>
    <UnitTest name="CodexBootstrap.Tests.Modules.FutureKnowledgeModuleTests.AnalyzePatterns_WithNonExistentPattern_ReturnsError" storage="/users/ursmuff/source/living-codex-csharp/src/codexbootstrap.tests/bin/debug/net6.0/codexbootstrap.tests.dll" id="17c98091-dbf8-c2fd-549e-ce3eebd6325a">
      <Execution id="72a88276-22da-474e-ab95-0e6c80ed03f0" />
      <TestMethod codeBase="/Users/ursmuff/source/Living-Codex-CSharp/src/CodexBootstrap.Tests/bin/Debug/net6.0/CodexBootstrap.Tests.dll" adapterTypeName="executor://xunit/VsTestRunner2/netcoreapp" className="CodexBootstrap.Tests.Modules.FutureKnowledgeModuleTests" name="AnalyzePatterns_WithNonExistentPattern_ReturnsError" />
    </UnitTest>
    <UnitTest name="CodexBootstrap.Tests.ApiIntegrationTests.HealthEndpoint_ShouldReturnHealthyStatus" storage="/users/ursmuff/source/living-codex-csharp/src/codexbootstrap.tests/bin/debug/net6.0/codexbootstrap.tests.dll" id="3bd72a3e-a2cb-9292-a956-91e21e17c8b0">
      <Execution id="f17e4745-8127-4c31-b8ad-6fc6563b1d84" />
      <TestMethod codeBase="/Users/ursmuff/source/Living-Codex-CSharp/src/CodexBootstrap.Tests/bin/Debug/net6.0/CodexBootstrap.Tests.dll" adapterTypeName="executor://xunit/VsTestRunner2/netcoreapp" className="CodexBootstrap.Tests.ApiIntegrationTests" name="HealthEndpoint_ShouldReturnHealthyStatus" />
    </UnitTest>
    <UnitTest name="CodexBootstrap.Tests.Modules.ThreadsModuleTests.ListThreads_WithoutMockData_ReturnsEmptyList" storage="/users/ursmuff/source/living-codex-csharp/src/codexbootstrap.tests/bin/debug/net6.0/codexbootstrap.tests.dll" id="17c4bd2f-c5b7-cf83-b33d-828d0fc854b8">
      <Execution id="bd584f0d-e37e-41eb-9cba-5da292c37787" />
      <TestMethod codeBase="/Users/ursmuff/source/Living-Codex-CSharp/src/CodexBootstrap.Tests/bin/Debug/net6.0/CodexBootstrap.Tests.dll" adapterTypeName="executor://xunit/VsTestRunner2/netcoreapp" className="CodexBootstrap.Tests.Modules.ThreadsModuleTests" name="ListThreads_WithoutMockData_ReturnsEmptyList" />
    </UnitTest>
    <UnitTest name="CodexBootstrap.Tests.SimpleIntegrationTests.HealthEndpoint_ShouldReturnHealthyStatus" storage="/users/ursmuff/source/living-codex-csharp/src/codexbootstrap.tests/bin/debug/net6.0/codexbootstrap.tests.dll" id="075a023e-ceab-b914-c2b0-73dc9a4930e6">
      <Execution id="cf8d82f5-10f4-4472-bb15-5e5eeba50fb6" />
      <TestMethod codeBase="/Users/ursmuff/source/Living-Codex-CSharp/src/CodexBootstrap.Tests/bin/Debug/net6.0/CodexBootstrap.Tests.dll" adapterTypeName="executor://xunit/VsTestRunner2/netcoreapp" className="CodexBootstrap.Tests.SimpleIntegrationTests" name="HealthEndpoint_ShouldReturnHealthyStatus" />
    </UnitTest>
    <UnitTest name="CodexBootstrap.Tests.Modules.UXPrimitivesModuleTests.CreateWeave_WithValidData_CreatesSuccessfully" storage="/users/ursmuff/source/living-codex-csharp/src/codexbootstrap.tests/bin/debug/net6.0/codexbootstrap.tests.dll" id="561f218d-b654-fb57-ee4b-f7e1649d5050">
      <Execution id="9c503f90-bcbf-4953-b131-4cace9375698" />
      <TestMethod codeBase="/Users/ursmuff/source/Living-Codex-CSharp/src/CodexBootstrap.Tests/bin/Debug/net6.0/CodexBootstrap.Tests.dll" adapterTypeName="executor://xunit/VsTestRunner2/netcoreapp" className="CodexBootstrap.Tests.Modules.UXPrimitivesModuleTests" name="CreateWeave_WithValidData_CreatesSuccessfully" />
    </UnitTest>
    <UnitTest name="CodexBootstrap.Tests.Modules.FileSystemModuleTests.InitializeFileSystemNodes_WithValidProject_CreatesFileNodes" storage="/users/ursmuff/source/living-codex-csharp/src/codexbootstrap.tests/bin/debug/net6.0/codexbootstrap.tests.dll" id="82972118-4ab6-5c8e-198a-344b25ea05c2">
      <Execution id="3be7230e-aa7e-4703-9891-9ca1c074772f" />
      <TestMethod codeBase="/Users/ursmuff/source/Living-Codex-CSharp/src/CodexBootstrap.Tests/bin/Debug/net6.0/CodexBootstrap.Tests.dll" adapterTypeName="executor://xunit/VsTestRunner2/netcoreapp" className="CodexBootstrap.Tests.Modules.FileSystemModuleTests" name="InitializeFileSystemNodes_WithValidProject_CreatesFileNodes" />
    </UnitTest>
    <UnitTest name="CodexBootstrap.Tests.Modules.NoMockDataRegressionTests.ModuleEndpoints_WithInvalidData_ReturnCleanErrors(endpoint: &quot;/gallery/create&quot;)" storage="/users/ursmuff/source/living-codex-csharp/src/codexbootstrap.tests/bin/debug/net6.0/codexbootstrap.tests.dll" id="559b9436-2baf-3857-ad76-499358d93140">
      <Execution id="8ed7484f-0033-4ca4-ab3d-a5664af5b482" />
      <TestMethod codeBase="/Users/ursmuff/source/Living-Codex-CSharp/src/CodexBootstrap.Tests/bin/Debug/net6.0/CodexBootstrap.Tests.dll" adapterTypeName="executor://xunit/VsTestRunner2/netcoreapp" className="CodexBootstrap.Tests.Modules.NoMockDataRegressionTests" name="ModuleEndpoints_WithInvalidData_ReturnCleanErrors" />
    </UnitTest>
    <UnitTest name="CodexBootstrap.Tests.Modules.IdentityModuleApiTests.GetIdentityProviders_ShouldHandleConcurrentRequests" storage="/users/ursmuff/source/living-codex-csharp/src/codexbootstrap.tests/bin/debug/net6.0/codexbootstrap.tests.dll" id="2b034947-95be-beab-d32d-a72ae9771ccd">
      <Execution id="5dced5e2-6378-46bf-bfca-1c2dcfad572b" />
      <TestMethod codeBase="/Users/ursmuff/source/Living-Codex-CSharp/src/CodexBootstrap.Tests/bin/Debug/net6.0/CodexBootstrap.Tests.dll" adapterTypeName="executor://xunit/VsTestRunner2/netcoreapp" className="CodexBootstrap.Tests.Modules.IdentityModuleApiTests" name="GetIdentityProviders_ShouldHandleConcurrentRequests" />
    </UnitTest>
    <UnitTest name="CodexBootstrap.Tests.Modules.ConceptModuleApiTests.GetConcept_ShouldReturnConcept_WhenConceptExists" storage="/users/ursmuff/source/living-codex-csharp/src/codexbootstrap.tests/bin/debug/net6.0/codexbootstrap.tests.dll" id="a4d19a43-eee6-b34b-17f0-66d7158f5890">
      <Execution id="0a0b7e9e-26ed-411f-8736-6feaf2accd89" />
      <TestMethod codeBase="/Users/ursmuff/source/Living-Codex-CSharp/src/CodexBootstrap.Tests/bin/Debug/net6.0/CodexBootstrap.Tests.dll" adapterTypeName="executor://xunit/VsTestRunner2/netcoreapp" className="CodexBootstrap.Tests.Modules.ConceptModuleApiTests" name="GetConcept_ShouldReturnConcept_WhenConceptExists" />
    </UnitTest>
    <UnitTest name="CodexBootstrap.Tests.Core.StateTransitionTests.Edge_BetweenIceAndWaterNodes_ShouldPersistInWaterStorage" storage="/users/ursmuff/source/living-codex-csharp/src/codexbootstrap.tests/bin/debug/net6.0/codexbootstrap.tests.dll" id="b16165b8-6f91-b918-f137-313f14ff474f">
      <Execution id="b3149400-89df-477c-bd6d-45423138ddf7" />
      <TestMethod codeBase="/Users/ursmuff/source/Living-Codex-CSharp/src/CodexBootstrap.Tests/bin/Debug/net6.0/CodexBootstrap.Tests.dll" adapterTypeName="executor://xunit/VsTestRunner2/netcoreapp" className="CodexBootstrap.Tests.Core.StateTransitionTests" name="Edge_BetweenIceAndWaterNodes_ShouldPersistInWaterStorage" />
    </UnitTest>
    <UnitTest name="CodexBootstrap.Tests.Core.NodePersistenceTests.CacheClearAndReload_ShouldRestorePersistentNodes" storage="/users/ursmuff/source/living-codex-csharp/src/codexbootstrap.tests/bin/debug/net6.0/codexbootstrap.tests.dll" id="64f2bbc2-131e-f499-10ff-759656bb07e6">
      <Execution id="f2d3bf28-151c-438a-bc7b-09c2697fe0d6" />
      <TestMethod codeBase="/Users/ursmuff/source/Living-Codex-CSharp/src/CodexBootstrap.Tests/bin/Debug/net6.0/CodexBootstrap.Tests.dll" adapterTypeName="executor://xunit/VsTestRunner2/netcoreapp" className="CodexBootstrap.Tests.Core.NodePersistenceTests" name="CacheClearAndReload_ShouldRestorePersistentNodes" />
    </UnitTest>
    <UnitTest name="CodexBootstrap.Tests.Core.NodeRegistryTests.UpsertEdge_ShouldRegisterEdgeSuccessfully" storage="/users/ursmuff/source/living-codex-csharp/src/codexbootstrap.tests/bin/debug/net6.0/codexbootstrap.tests.dll" id="3869c8f5-7ab2-ef7f-cd2f-16c870de8af9">
      <Execution id="1a9b87c5-3182-4c43-814f-9f93b9978d87" />
      <TestMethod codeBase="/Users/ursmuff/source/Living-Codex-CSharp/src/CodexBootstrap.Tests/bin/Debug/net6.0/CodexBootstrap.Tests.dll" adapterTypeName="executor://xunit/VsTestRunner2/netcoreapp" className="CodexBootstrap.Tests.Core.NodeRegistryTests" name="UpsertEdge_ShouldRegisterEdgeSuccessfully" />
    </UnitTest>
    <UnitTest name="CodexBootstrap.Tests.Modules.FileSystemModuleTests.GetFileContent_WithValidNode_ReturnsFileContent" storage="/users/ursmuff/source/living-codex-csharp/src/codexbootstrap.tests/bin/debug/net6.0/codexbootstrap.tests.dll" id="446aeed3-732f-6fdf-1198-73e2ccb90cd0">
      <Execution id="0a2a98a3-fa0b-49ba-8eaf-b049dbd6c7c0" />
      <TestMethod codeBase="/Users/ursmuff/source/Living-Codex-CSharp/src/CodexBootstrap.Tests/bin/Debug/net6.0/CodexBootstrap.Tests.dll" adapterTypeName="executor://xunit/VsTestRunner2/netcoreapp" className="CodexBootstrap.Tests.Modules.FileSystemModuleTests" name="GetFileContent_WithValidNode_ReturnsFileContent" />
    </UnitTest>
    <UnitTest name="CodexBootstrap.Tests.Modules.AIModuleTests.Constructor_ShouldInitializeCorrectly" storage="/users/ursmuff/source/living-codex-csharp/src/codexbootstrap.tests/bin/debug/net6.0/codexbootstrap.tests.dll" id="904747e7-ff5e-8218-74d7-bb12f2b82a35">
      <Execution id="3dbe1d0a-5df0-4495-b720-871defbb3280" />
      <TestMethod codeBase="/Users/ursmuff/source/Living-Codex-CSharp/src/CodexBootstrap.Tests/bin/Debug/net6.0/CodexBootstrap.Tests.dll" adapterTypeName="executor://xunit/VsTestRunner2/netcoreapp" className="CodexBootstrap.Tests.Modules.AIModuleTests" name="Constructor_ShouldInitializeCorrectly" />
    </UnitTest>
    <UnitTest name="CodexBootstrap.Tests.Modules.IdentityModuleApiTests.MicrosoftLogin_ShouldReturnRedirect_WhenProviderAvailable" storage="/users/ursmuff/source/living-codex-csharp/src/codexbootstrap.tests/bin/debug/net6.0/codexbootstrap.tests.dll" id="2fb30a0f-ddea-628a-42a5-2fe6a57a267c">
      <Execution id="4aff03d1-8947-48d3-8c80-89941acdaf49" />
      <TestMethod codeBase="/Users/ursmuff/source/Living-Codex-CSharp/src/CodexBootstrap.Tests/bin/Debug/net6.0/CodexBootstrap.Tests.dll" adapterTypeName="executor://xunit/VsTestRunner2/netcoreapp" className="CodexBootstrap.Tests.Modules.IdentityModuleApiTests" name="MicrosoftLogin_ShouldReturnRedirect_WhenProviderAvailable" />
    </UnitTest>
    <UnitTest name="CodexBootstrap.Tests.Modules.EnergyModuleApiTests.GetContributorEnergy_ShouldRespondWithinAcceptableTime_WhenImplemented" storage="/users/ursmuff/source/living-codex-csharp/src/codexbootstrap.tests/bin/debug/net6.0/codexbootstrap.tests.dll" id="14935da5-76f2-bd62-81ac-04e61a088bd0">
      <Execution id="ee0488b8-9caa-42a5-a031-6f575a5f587b" />
      <TestMethod codeBase="/Users/ursmuff/source/Living-Codex-CSharp/src/CodexBootstrap.Tests/bin/Debug/net6.0/CodexBootstrap.Tests.dll" adapterTypeName="executor://xunit/VsTestRunner2/netcoreapp" className="CodexBootstrap.Tests.Modules.EnergyModuleApiTests" name="GetContributorEnergy_ShouldRespondWithinAcceptableTime_WhenImplemented" />
    </UnitTest>
    <UnitTest name="CodexBootstrap.Tests.Modules.FileSystemModuleTests.GetProjectTree_WithValidProject_ReturnsTreeStructure" storage="/users/ursmuff/source/living-codex-csharp/src/codexbootstrap.tests/bin/debug/net6.0/codexbootstrap.tests.dll" id="950d7da6-55b8-4b89-a3fb-a58cb4462695">
      <Execution id="41ef2675-80c5-472d-8eb9-0e6af9a1c6e2" />
      <TestMethod codeBase="/Users/ursmuff/source/Living-Codex-CSharp/src/CodexBootstrap.Tests/bin/Debug/net6.0/CodexBootstrap.Tests.dll" adapterTypeName="executor://xunit/VsTestRunner2/netcoreapp" className="CodexBootstrap.Tests.Modules.FileSystemModuleTests" name="GetProjectTree_WithValidProject_ReturnsTreeStructure" />
    </UnitTest>
    <UnitTest name="CodexBootstrap.Tests.Core.NodeRegistryTests.UpsertNode_WithDuplicateId_ShouldOverwrite" storage="/users/ursmuff/source/living-codex-csharp/src/codexbootstrap.tests/bin/debug/net6.0/codexbootstrap.tests.dll" id="5f30b836-0b78-553e-28a0-931140309955">
      <Execution id="1542e906-f0b4-443d-8121-3b0d3c6f8b44" />
      <TestMethod codeBase="/Users/ursmuff/source/Living-Codex-CSharp/src/CodexBootstrap.Tests/bin/Debug/net6.0/CodexBootstrap.Tests.dll" adapterTypeName="executor://xunit/VsTestRunner2/netcoreapp" className="CodexBootstrap.Tests.Core.NodeRegistryTests" name="UpsertNode_WithDuplicateId_ShouldOverwrite" />
    </UnitTest>
    <UnitTest name="CodexBootstrap.Tests.Integration.ApiIntegrationTests.HealthEndpoint_ShouldReturnHealthyStatus" storage="/users/ursmuff/source/living-codex-csharp/src/codexbootstrap.tests/bin/debug/net6.0/codexbootstrap.tests.dll" id="137a3de0-5389-0354-9257-83888fc326aa">
      <Execution id="37079ec2-476b-489a-be5e-1c948f562644" />
      <TestMethod codeBase="/Users/ursmuff/source/Living-Codex-CSharp/src/CodexBootstrap.Tests/bin/Debug/net6.0/CodexBootstrap.Tests.dll" adapterTypeName="executor://xunit/VsTestRunner2/netcoreapp" className="CodexBootstrap.Tests.Integration.ApiIntegrationTests" name="HealthEndpoint_ShouldReturnHealthyStatus" />
    </UnitTest>
    <UnitTest name="CodexBootstrap.Tests.Modules.ThreadsModuleTests.CreateThread_WithValidData_CreatesSuccessfully" storage="/users/ursmuff/source/living-codex-csharp/src/codexbootstrap.tests/bin/debug/net6.0/codexbootstrap.tests.dll" id="4eb589ee-9d4d-03f8-74f4-3090e3f3a730">
      <Execution id="5fb6907a-ffb1-4a6e-a940-393097950d56" />
      <TestMethod codeBase="/Users/ursmuff/source/Living-Codex-CSharp/src/CodexBootstrap.Tests/bin/Debug/net6.0/CodexBootstrap.Tests.dll" adapterTypeName="executor://xunit/VsTestRunner2/netcoreapp" className="CodexBootstrap.Tests.Modules.ThreadsModuleTests" name="CreateThread_WithValidData_CreatesSuccessfully" />
    </UnitTest>
    <UnitTest name="CodexBootstrap.Tests.Core.NodeRegistryUserRepositoryTests.DeleteAsync_ShouldRemoveNode" storage="/users/ursmuff/source/living-codex-csharp/src/codexbootstrap.tests/bin/debug/net6.0/codexbootstrap.tests.dll" id="de6737cf-2597-d0d6-4640-2dcefdc86dd1">
      <Execution id="1755096f-ef25-4de1-a6bc-a56d242a922d" />
      <TestMethod codeBase="/Users/ursmuff/source/Living-Codex-CSharp/src/CodexBootstrap.Tests/bin/Debug/net6.0/CodexBootstrap.Tests.dll" adapterTypeName="executor://xunit/VsTestRunner2/netcoreapp" className="CodexBootstrap.Tests.Core.NodeRegistryUserRepositoryTests" name="DeleteAsync_ShouldRemoveNode" />
    </UnitTest>
    <UnitTest name="CodexBootstrap.Tests.Core.NodePersistenceTests.ComplexStateTransition_IceToWaterToGas_ShouldHandleCorrectly" storage="/users/ursmuff/source/living-codex-csharp/src/codexbootstrap.tests/bin/debug/net6.0/codexbootstrap.tests.dll" id="1ef27b33-e8b2-8d88-5c2b-3857b2abb5f1">
      <Execution id="8ad552e1-8d2f-46c3-bc3c-c1fbd1bbb388" />
      <TestMethod codeBase="/Users/ursmuff/source/Living-Codex-CSharp/src/CodexBootstrap.Tests/bin/Debug/net6.0/CodexBootstrap.Tests.dll" adapterTypeName="executor://xunit/VsTestRunner2/netcoreapp" className="CodexBootstrap.Tests.Core.NodePersistenceTests" name="ComplexStateTransition_IceToWaterToGas_ShouldHandleCorrectly" />
    </UnitTest>
    <UnitTest name="CodexBootstrap.Tests.Modules.NodeEdgeModuleApiTests.GetNodes_ShouldRespondWithinAcceptableTime" storage="/users/ursmuff/source/living-codex-csharp/src/codexbootstrap.tests/bin/debug/net6.0/codexbootstrap.tests.dll" id="4bd130c7-f504-8b12-ce2a-87666fadd50e">
      <Execution id="af5dab2d-2d43-496d-b23f-fa1b944c80a9" />
      <TestMethod codeBase="/Users/ursmuff/source/Living-Codex-CSharp/src/CodexBootstrap.Tests/bin/Debug/net6.0/CodexBootstrap.Tests.dll" adapterTypeName="executor://xunit/VsTestRunner2/netcoreapp" className="CodexBootstrap.Tests.Modules.NodeEdgeModuleApiTests" name="GetNodes_ShouldRespondWithinAcceptableTime" />
    </UnitTest>
    <UnitTest name="CodexBootstrap.Tests.Modules.NodeEdgeModuleApiTests.GetNodes_ShouldHandleInvalidQueryParameters" storage="/users/ursmuff/source/living-codex-csharp/src/codexbootstrap.tests/bin/debug/net6.0/codexbootstrap.tests.dll" id="bfb2c8de-1e85-9952-9db6-620f4acf1697">
      <Execution id="f8521e0a-40dd-4665-b6a1-56e836f8686b" />
      <TestMethod codeBase="/Users/ursmuff/source/Living-Codex-CSharp/src/CodexBootstrap.Tests/bin/Debug/net6.0/CodexBootstrap.Tests.dll" adapterTypeName="executor://xunit/VsTestRunner2/netcoreapp" className="CodexBootstrap.Tests.Modules.NodeEdgeModuleApiTests" name="GetNodes_ShouldHandleInvalidQueryParameters" />
    </UnitTest>
    <UnitTest name="CodexBootstrap.Tests.Core.NodePersistenceTests.ServerRestart_IceNodes_ShouldSurviveRestart" storage="/users/ursmuff/source/living-codex-csharp/src/codexbootstrap.tests/bin/debug/net6.0/codexbootstrap.tests.dll" id="382f02cf-38c0-12b1-98d8-ae75885865e3">
      <Execution id="29dd36ed-1688-4ee2-b6b4-0ef18a82b32f" />
      <TestMethod codeBase="/Users/ursmuff/source/Living-Codex-CSharp/src/CodexBootstrap.Tests/bin/Debug/net6.0/CodexBootstrap.Tests.dll" adapterTypeName="executor://xunit/VsTestRunner2/netcoreapp" className="CodexBootstrap.Tests.Core.NodePersistenceTests" name="ServerRestart_IceNodes_ShouldSurviveRestart" />
    </UnitTest>
    <UnitTest name="CodexBootstrap.Tests.Core.StateTransitionTests.Edge_BetweenTwoWaterNodes_ShouldPersistInWaterStorage" storage="/users/ursmuff/source/living-codex-csharp/src/codexbootstrap.tests/bin/debug/net6.0/codexbootstrap.tests.dll" id="80dd12df-b2d2-e332-3474-ef692b090e79">
      <Execution id="c6c4ad7f-2782-4101-ab64-5abc41bd8d6a" />
      <TestMethod codeBase="/Users/ursmuff/source/Living-Codex-CSharp/src/CodexBootstrap.Tests/bin/Debug/net6.0/CodexBootstrap.Tests.dll" adapterTypeName="executor://xunit/VsTestRunner2/netcoreapp" className="CodexBootstrap.Tests.Core.StateTransitionTests" name="Edge_BetweenTwoWaterNodes_ShouldPersistInWaterStorage" />
    </UnitTest>
    <UnitTest name="CodexBootstrap.Tests.Core.NodePersistenceTests.NodeStateTransition_WaterToGas_ShouldRemoveFromStorage" storage="/users/ursmuff/source/living-codex-csharp/src/codexbootstrap.tests/bin/debug/net6.0/codexbootstrap.tests.dll" id="4d3ca544-276f-5d6d-1805-2b375093f8dc">
      <Execution id="fe942bad-ab27-4bff-a820-be2aef26d0f0" />
      <TestMethod codeBase="/Users/ursmuff/source/Living-Codex-CSharp/src/CodexBootstrap.Tests/bin/Debug/net6.0/CodexBootstrap.Tests.dll" adapterTypeName="executor://xunit/VsTestRunner2/netcoreapp" className="CodexBootstrap.Tests.Core.NodePersistenceTests" name="NodeStateTransition_WaterToGas_ShouldRemoveFromStorage" />
    </UnitTest>
    <UnitTest name="CodexBootstrap.Tests.Modules.ThreadsModuleTests.AddReply_WithoutThread_ReturnsError" storage="/users/ursmuff/source/living-codex-csharp/src/codexbootstrap.tests/bin/debug/net6.0/codexbootstrap.tests.dll" id="c7e92259-b8e8-9f87-fc54-366eb8fde590">
      <Execution id="3464906b-f624-4c56-8dc5-79cad636ca68" />
      <TestMethod codeBase="/Users/ursmuff/source/Living-Codex-CSharp/src/CodexBootstrap.Tests/bin/Debug/net6.0/CodexBootstrap.Tests.dll" adapterTypeName="executor://xunit/VsTestRunner2/netcoreapp" className="CodexBootstrap.Tests.Modules.ThreadsModuleTests" name="AddReply_WithoutThread_ReturnsError" />
    </UnitTest>
    <UnitTest name="CodexBootstrap.Tests.Modules.FileSystemModuleTests.GetAllFileNodes_WithFileTypeFilter_ReturnsFilteredResults" storage="/users/ursmuff/source/living-codex-csharp/src/codexbootstrap.tests/bin/debug/net6.0/codexbootstrap.tests.dll" id="e568615c-3c9c-33c8-6eac-74638b778c06">
      <Execution id="5c94cb19-2e2b-44d1-9a67-ae1e8eae90cf" />
      <TestMethod codeBase="/Users/ursmuff/source/Living-Codex-CSharp/src/CodexBootstrap.Tests/bin/Debug/net6.0/CodexBootstrap.Tests.dll" adapterTypeName="executor://xunit/VsTestRunner2/netcoreapp" className="CodexBootstrap.Tests.Modules.FileSystemModuleTests" name="GetAllFileNodes_WithFileTypeFilter_ReturnsFilteredResults" />
    </UnitTest>
    <UnitTest name="CodexBootstrap.Tests.Modules.NodeEdgeModuleApiTests.GetEdge_ShouldReturnEdge_WhenImplemented" storage="/users/ursmuff/source/living-codex-csharp/src/codexbootstrap.tests/bin/debug/net6.0/codexbootstrap.tests.dll" id="4e538f89-b18c-cf2e-2f16-94dc81d451d9">
      <Execution id="137140a1-5860-408b-aa19-082b67341f5a" />
      <TestMethod codeBase="/Users/ursmuff/source/Living-Codex-CSharp/src/CodexBootstrap.Tests/bin/Debug/net6.0/CodexBootstrap.Tests.dll" adapterTypeName="executor://xunit/VsTestRunner2/netcoreapp" className="CodexBootstrap.Tests.Modules.NodeEdgeModuleApiTests" name="GetEdge_ShouldReturnEdge_WhenImplemented" />
    </UnitTest>
    <UnitTest name="CodexBootstrap.Tests.Modules.VisualValidationModuleTests.ExecuteVisualValidationPipeline_ShouldReturnSuccessAndThreeSteps" storage="/users/ursmuff/source/living-codex-csharp/src/codexbootstrap.tests/bin/debug/net6.0/codexbootstrap.tests.dll" id="e2131088-170c-3f9d-b379-6ad5595999e5">
      <Execution id="85a25e77-c4fa-4fa0-9990-be678b12c0b9" />
      <TestMethod codeBase="/Users/ursmuff/source/Living-Codex-CSharp/src/CodexBootstrap.Tests/bin/Debug/net6.0/CodexBootstrap.Tests.dll" adapterTypeName="executor://xunit/VsTestRunner2/netcoreapp" className="CodexBootstrap.Tests.Modules.VisualValidationModuleTests" name="ExecuteVisualValidationPipeline_ShouldReturnSuccessAndThreeSteps" />
    </UnitTest>
    <UnitTest name="CodexBootstrap.Tests.Modules.VisualValidationModuleTests.AnalyzeRenderedImage_ShouldReturnAnalysisUsingRouter" storage="/users/ursmuff/source/living-codex-csharp/src/codexbootstrap.tests/bin/debug/net6.0/codexbootstrap.tests.dll" id="4b95da6d-f196-a0fd-8ffb-751fec95c314">
      <Execution id="aaabf1ac-7790-4ed9-b130-df6ced24aba1" />
      <TestMethod codeBase="/Users/ursmuff/source/Living-Codex-CSharp/src/CodexBootstrap.Tests/bin/Debug/net6.0/CodexBootstrap.Tests.dll" adapterTypeName="executor://xunit/VsTestRunner2/netcoreapp" className="CodexBootstrap.Tests.Modules.VisualValidationModuleTests" name="AnalyzeRenderedImage_ShouldReturnAnalysisUsingRouter" />
    </UnitTest>
    <UnitTest name="CodexBootstrap.Tests.Modules.NoMockDataRegressionTests.ModuleEndpoints_WithInvalidData_ReturnCleanErrors(endpoint: &quot;/ux-primitives/weave&quot;)" storage="/users/ursmuff/source/living-codex-csharp/src/codexbootstrap.tests/bin/debug/net6.0/codexbootstrap.tests.dll" id="bc9c6b92-5291-21f7-4294-de06f4a39605">
      <Execution id="5f4ef782-c411-4f84-a2fd-5db680851cf9" />
      <TestMethod codeBase="/Users/ursmuff/source/Living-Codex-CSharp/src/CodexBootstrap.Tests/bin/Debug/net6.0/CodexBootstrap.Tests.dll" adapterTypeName="executor://xunit/VsTestRunner2/netcoreapp" className="CodexBootstrap.Tests.Modules.NoMockDataRegressionTests" name="ModuleEndpoints_WithInvalidData_ReturnCleanErrors" />
    </UnitTest>
    <UnitTest name="CodexBootstrap.Tests.Modules.UXPrimitivesModuleTests.GetReceivedInvites_WithNoInvites_ReturnsEmptyList" storage="/users/ursmuff/source/living-codex-csharp/src/codexbootstrap.tests/bin/debug/net6.0/codexbootstrap.tests.dll" id="1529436c-8c17-521b-037f-0f4a6c1e07b3">
      <Execution id="cdb2b8ae-3bad-4c6c-80ad-eaec6e8e60d1" />
      <TestMethod codeBase="/Users/ursmuff/source/Living-Codex-CSharp/src/CodexBootstrap.Tests/bin/Debug/net6.0/CodexBootstrap.Tests.dll" adapterTypeName="executor://xunit/VsTestRunner2/netcoreapp" className="CodexBootstrap.Tests.Modules.UXPrimitivesModuleTests" name="GetReceivedInvites_WithNoInvites_ReturnsEmptyList" />
    </UnitTest>
    <UnitTest name="CodexBootstrap.Tests.PortConfigurationTests.Modules_ShouldBeAvailableOnPort" storage="/users/ursmuff/source/living-codex-csharp/src/codexbootstrap.tests/bin/debug/net6.0/codexbootstrap.tests.dll" id="c0bc4442-97e7-adf6-c86b-0290475ca07f">
      <Execution id="9d35ecb0-dd77-4e4a-a081-deb9ed01bee7" />
      <TestMethod codeBase="/Users/ursmuff/source/Living-Codex-CSharp/src/CodexBootstrap.Tests/bin/Debug/net6.0/CodexBootstrap.Tests.dll" adapterTypeName="executor://xunit/VsTestRunner2/netcoreapp" className="CodexBootstrap.Tests.PortConfigurationTests" name="Modules_ShouldBeAvailableOnPort" />
    </UnitTest>
    <UnitTest name="CodexBootstrap.Tests.Modules.FutureKnowledgeModuleTests.Module_Description_NoLongerMentionsSimulation" storage="/users/ursmuff/source/living-codex-csharp/src/codexbootstrap.tests/bin/debug/net6.0/codexbootstrap.tests.dll" id="68b579ad-d101-7563-7644-8b094cbff9dc">
      <Execution id="e6a9d037-bd74-4de9-85a1-5e87db1fd199" />
      <TestMethod codeBase="/Users/ursmuff/source/Living-Codex-CSharp/src/CodexBootstrap.Tests/bin/Debug/net6.0/CodexBootstrap.Tests.dll" adapterTypeName="executor://xunit/VsTestRunner2/netcoreapp" className="CodexBootstrap.Tests.Modules.FutureKnowledgeModuleTests" name="Module_Description_NoLongerMentionsSimulation" />
    </UnitTest>
    <UnitTest name="CodexBootstrap.Tests.ApiEndpointTests.Swagger_ShouldReturnDocumentation" storage="/users/ursmuff/source/living-codex-csharp/src/codexbootstrap.tests/bin/debug/net6.0/codexbootstrap.tests.dll" id="53137f9b-436e-e65c-fa32-e820c39f3209">
      <Execution id="4736cbff-6cd3-4323-8531-027c1d0bb34d" />
      <TestMethod codeBase="/Users/ursmuff/source/Living-Codex-CSharp/src/CodexBootstrap.Tests/bin/Debug/net6.0/CodexBootstrap.Tests.dll" adapterTypeName="executor://xunit/VsTestRunner2/netcoreapp" className="CodexBootstrap.Tests.ApiEndpointTests" name="Swagger_ShouldReturnDocumentation" />
    </UnitTest>
    <UnitTest name="CodexBootstrap.Tests.IdentityTests.MockIdentityProvider_ShouldGetIdentityProviders" storage="/users/ursmuff/source/living-codex-csharp/src/codexbootstrap.tests/bin/debug/net6.0/codexbootstrap.tests.dll" id="9674b376-d6ac-4703-6bfc-2eb31e6b6cc1">
      <Execution id="9610bf65-ca78-45cc-b7fa-ec1409997de1" />
      <TestMethod codeBase="/Users/ursmuff/source/Living-Codex-CSharp/src/CodexBootstrap.Tests/bin/Debug/net6.0/CodexBootstrap.Tests.dll" adapterTypeName="executor://xunit/VsTestRunner2/netcoreapp" className="CodexBootstrap.Tests.IdentityTests" name="MockIdentityProvider_ShouldGetIdentityProviders" />
    </UnitTest>
    <UnitTest name="CodexBootstrap.Tests.Modules.NewsModuleApiTests.GetUnreadNews_ShouldReturnEmptyResults_WhenNoUnreadNews" storage="/users/ursmuff/source/living-codex-csharp/src/codexbootstrap.tests/bin/debug/net6.0/codexbootstrap.tests.dll" id="1f334c79-0062-1fd4-b393-16846c0c4410">
      <Execution id="10c6308d-1a08-424b-af4d-1d79dde87204" />
      <TestMethod codeBase="/Users/ursmuff/source/Living-Codex-CSharp/src/CodexBootstrap.Tests/bin/Debug/net6.0/CodexBootstrap.Tests.dll" adapterTypeName="executor://xunit/VsTestRunner2/netcoreapp" className="CodexBootstrap.Tests.Modules.NewsModuleApiTests" name="GetUnreadNews_ShouldReturnEmptyResults_WhenNoUnreadNews" />
    </UnitTest>
    <UnitTest name="CodexBootstrap.Tests.Modules.FileSystemModuleTests.DeleteFile_WithValidNode_MovesToBackupAndMarksDeleted" storage="/users/ursmuff/source/living-codex-csharp/src/codexbootstrap.tests/bin/debug/net6.0/codexbootstrap.tests.dll" id="6d1325fe-8024-7798-813c-49d49c7502db">
      <Execution id="6c0c92c0-bdbd-4879-9668-0c962ea04333" />
      <TestMethod codeBase="/Users/ursmuff/source/Living-Codex-CSharp/src/CodexBootstrap.Tests/bin/Debug/net6.0/CodexBootstrap.Tests.dll" adapterTypeName="executor://xunit/VsTestRunner2/netcoreapp" className="CodexBootstrap.Tests.Modules.FileSystemModuleTests" name="DeleteFile_WithValidNode_MovesToBackupAndMarksDeleted" />
    </UnitTest>
    <UnitTest name="CodexBootstrap.Tests.Core.NodeRegistryTests.AllNodes_ShouldReturnAllRegisteredNodes" storage="/users/ursmuff/source/living-codex-csharp/src/codexbootstrap.tests/bin/debug/net6.0/codexbootstrap.tests.dll" id="98c2172e-97df-13d5-a0eb-3bfd4b42a99b">
      <Execution id="c167c198-67f9-4c08-bc1e-82f18598557d" />
      <TestMethod codeBase="/Users/ursmuff/source/Living-Codex-CSharp/src/CodexBootstrap.Tests/bin/Debug/net6.0/CodexBootstrap.Tests.dll" adapterTypeName="executor://xunit/VsTestRunner2/netcoreapp" className="CodexBootstrap.Tests.Core.NodeRegistryTests" name="AllNodes_ShouldReturnAllRegisteredNodes" />
    </UnitTest>
    <UnitTest name="CodexBootstrap.Tests.Core.LLMOrchestratorTests.ExecuteAsync_WithException_ShouldReturnError" storage="/users/ursmuff/source/living-codex-csharp/src/codexbootstrap.tests/bin/debug/net6.0/codexbootstrap.tests.dll" id="c18159c8-c488-c465-11b5-e4f60944ebea">
      <Execution id="72b6dd41-b5be-4786-b30e-b19484a0056b" />
      <TestMethod codeBase="/Users/ursmuff/source/Living-Codex-CSharp/src/CodexBootstrap.Tests/bin/Debug/net6.0/CodexBootstrap.Tests.dll" adapterTypeName="executor://xunit/VsTestRunner2/netcoreapp" className="CodexBootstrap.Tests.Core.LLMOrchestratorTests" name="ExecuteAsync_WithException_ShouldReturnError" />
    </UnitTest>
    <UnitTest name="CodexBootstrap.Tests.Modules.EnergyModuleApiTests.GetContributorEnergy_ShouldReturnSuccess_WhenImplemented" storage="/users/ursmuff/source/living-codex-csharp/src/codexbootstrap.tests/bin/debug/net6.0/codexbootstrap.tests.dll" id="5f8249b6-8a38-f488-9401-fb030ff393d5">
      <Execution id="292ab081-6563-4d0a-8cb0-43d0abebea54" />
      <TestMethod codeBase="/Users/ursmuff/source/Living-Codex-CSharp/src/CodexBootstrap.Tests/bin/Debug/net6.0/CodexBootstrap.Tests.dll" adapterTypeName="executor://xunit/VsTestRunner2/netcoreapp" className="CodexBootstrap.Tests.Modules.EnergyModuleApiTests" name="GetContributorEnergy_ShouldReturnSuccess_WhenImplemented" />
    </UnitTest>
    <UnitTest name="CodexBootstrap.Tests.ApiIntegrationTests.GoogleOAuthLogin_ShouldInitiateLoginFlow" storage="/users/ursmuff/source/living-codex-csharp/src/codexbootstrap.tests/bin/debug/net6.0/codexbootstrap.tests.dll" id="fb0dc501-3b66-e027-61aa-7077b3c509b2">
      <Execution id="5023a363-8bc3-45cc-93c5-d6305e6759c1" />
      <TestMethod codeBase="/Users/ursmuff/source/Living-Codex-CSharp/src/CodexBootstrap.Tests/bin/Debug/net6.0/CodexBootstrap.Tests.dll" adapterTypeName="executor://xunit/VsTestRunner2/netcoreapp" className="CodexBootstrap.Tests.ApiIntegrationTests" name="GoogleOAuthLogin_ShouldInitiateLoginFlow" />
    </UnitTest>
    <UnitTest name="CodexBootstrap.Tests.UCoreOntologyTests.UCoreInitializer_Should_LoadAllBaseUCoreConcepts" storage="/users/ursmuff/source/living-codex-csharp/src/codexbootstrap.tests/bin/debug/net6.0/codexbootstrap.tests.dll" id="0533f3e6-8f2d-57bf-a884-bf63325bfb90">
      <Execution id="3e2aca4c-4be8-4dc8-9cb4-743679b0fbc2" />
      <TestMethod codeBase="/Users/ursmuff/source/Living-Codex-CSharp/src/CodexBootstrap.Tests/bin/Debug/net6.0/CodexBootstrap.Tests.dll" adapterTypeName="executor://xunit/VsTestRunner2/netcoreapp" className="CodexBootstrap.Tests.UCoreOntologyTests" name="UCoreInitializer_Should_LoadAllBaseUCoreConcepts" />
    </UnitTest>
    <UnitTest name="CodexBootstrap.Tests.Modules.NoMockDataRegressionTests.ModuleEndpoints_WithInvalidData_ReturnCleanErrors(endpoint: &quot;/ux-primitives/invite&quot;)" storage="/users/ursmuff/source/living-codex-csharp/src/codexbootstrap.tests/bin/debug/net6.0/codexbootstrap.tests.dll" id="d34512b0-24c2-85cf-1218-fa33c4d381bf">
      <Execution id="9ddb5e71-ca01-4cc3-a9e5-3867e60ada4b" />
      <TestMethod codeBase="/Users/ursmuff/source/Living-Codex-CSharp/src/CodexBootstrap.Tests/bin/Debug/net6.0/CodexBootstrap.Tests.dll" adapterTypeName="executor://xunit/VsTestRunner2/netcoreapp" className="CodexBootstrap.Tests.Modules.NoMockDataRegressionTests" name="ModuleEndpoints_WithInvalidData_ReturnCleanErrors" />
    </UnitTest>
    <UnitTest name="CodexBootstrap.Tests.IdentityTests.CreateUser_ShouldCreateNewUser" storage="/users/ursmuff/source/living-codex-csharp/src/codexbootstrap.tests/bin/debug/net6.0/codexbootstrap.tests.dll" id="49aabe26-596c-6a15-06b4-9dadc7c4733a">
      <Execution id="a0f9db40-31c9-4307-bbfe-515dbf57dbb1" />
      <TestMethod codeBase="/Users/ursmuff/source/Living-Codex-CSharp/src/CodexBootstrap.Tests/bin/Debug/net6.0/CodexBootstrap.Tests.dll" adapterTypeName="executor://xunit/VsTestRunner2/netcoreapp" className="CodexBootstrap.Tests.IdentityTests" name="CreateUser_ShouldCreateNewUser" />
    </UnitTest>
    <UnitTest name="CodexBootstrap.Tests.ComprehensiveEndpointDiscovery.ModulesEndpoint_ShouldReturnStructuredData" storage="/users/ursmuff/source/living-codex-csharp/src/codexbootstrap.tests/bin/debug/net6.0/codexbootstrap.tests.dll" id="d54e53b6-4b26-6bd1-09f9-f73b753baeb3">
      <Execution id="1d0f8a81-186c-4894-bdb3-1d8256f38e9a" />
      <TestMethod codeBase="/Users/ursmuff/source/Living-Codex-CSharp/src/CodexBootstrap.Tests/bin/Debug/net6.0/CodexBootstrap.Tests.dll" adapterTypeName="executor://xunit/VsTestRunner2/netcoreapp" className="CodexBootstrap.Tests.ComprehensiveEndpointDiscovery" name="ModulesEndpoint_ShouldReturnStructuredData" />
    </UnitTest>
    <UnitTest name="CodexBootstrap.Tests.IdentityTests.MockIdentityProvider_ShouldValidateUser" storage="/users/ursmuff/source/living-codex-csharp/src/codexbootstrap.tests/bin/debug/net6.0/codexbootstrap.tests.dll" id="330b9d6c-f08d-3484-f6a0-3b921f0a24a8">
      <Execution id="0b364296-469a-4113-a7eb-4e19095a96e2" />
      <TestMethod codeBase="/Users/ursmuff/source/Living-Codex-CSharp/src/CodexBootstrap.Tests/bin/Debug/net6.0/CodexBootstrap.Tests.dll" adapterTypeName="executor://xunit/VsTestRunner2/netcoreapp" className="CodexBootstrap.Tests.IdentityTests" name="MockIdentityProvider_ShouldValidateUser" />
    </UnitTest>
    <UnitTest name="CodexBootstrap.Tests.Modules.ThreadsModuleTests.CreateThread_WithoutTitle_ReturnsError" storage="/users/ursmuff/source/living-codex-csharp/src/codexbootstrap.tests/bin/debug/net6.0/codexbootstrap.tests.dll" id="3ca8c1be-9224-8a17-a7fa-c377dada5726">
      <Execution id="3d737c50-03a4-45a0-9365-e7447d3ea4e6" />
      <TestMethod codeBase="/Users/ursmuff/source/Living-Codex-CSharp/src/CodexBootstrap.Tests/bin/Debug/net6.0/CodexBootstrap.Tests.dll" adapterTypeName="executor://xunit/VsTestRunner2/netcoreapp" className="CodexBootstrap.Tests.Modules.ThreadsModuleTests" name="CreateThread_WithoutTitle_ReturnsError" />
    </UnitTest>
    <UnitTest name="CodexBootstrap.Tests.Modules.NewsModuleApiTests.GetNewsItem_ShouldReturnNotFound_WhenNewsItemNotFound" storage="/users/ursmuff/source/living-codex-csharp/src/codexbootstrap.tests/bin/debug/net6.0/codexbootstrap.tests.dll" id="55db700b-b4b0-5cf1-78a6-21f835d00459">
      <Execution id="4e03051b-9981-4e42-82f3-c4daa5ffceb3" />
      <TestMethod codeBase="/Users/ursmuff/source/Living-Codex-CSharp/src/CodexBootstrap.Tests/bin/Debug/net6.0/CodexBootstrap.Tests.dll" adapterTypeName="executor://xunit/VsTestRunner2/netcoreapp" className="CodexBootstrap.Tests.Modules.NewsModuleApiTests" name="GetNewsItem_ShouldReturnNotFound_WhenNewsItemNotFound" />
    </UnitTest>
    <UnitTest name="CodexBootstrap.Tests.Modules.NoMockDataRegressionTests.VisualValidation_WithoutAI_ShouldFailNotFallback" storage="/users/ursmuff/source/living-codex-csharp/src/codexbootstrap.tests/bin/debug/net6.0/codexbootstrap.tests.dll" id="210bbbd2-7277-0493-b4fc-59a018f08cc3">
      <Execution id="be1aa38e-b6e3-43c3-8187-6deb55921112" />
      <TestMethod codeBase="/Users/ursmuff/source/Living-Codex-CSharp/src/CodexBootstrap.Tests/bin/Debug/net6.0/CodexBootstrap.Tests.dll" adapterTypeName="executor://xunit/VsTestRunner2/netcoreapp" className="CodexBootstrap.Tests.Modules.NoMockDataRegressionTests" name="VisualValidation_WithoutAI_ShouldFailNotFallback" />
    </UnitTest>
    <UnitTest name="CodexBootstrap.Tests.Modules.AIModuleTests.Register_ShouldRegisterModuleWithRegistry" storage="/users/ursmuff/source/living-codex-csharp/src/codexbootstrap.tests/bin/debug/net6.0/codexbootstrap.tests.dll" id="44690745-9c88-3bf3-0c2f-a725a9065892">
      <Execution id="d2d0449b-2bff-4c24-a7b2-e1444b78f00a" />
      <TestMethod codeBase="/Users/ursmuff/source/Living-Codex-CSharp/src/CodexBootstrap.Tests/bin/Debug/net6.0/CodexBootstrap.Tests.dll" adapterTypeName="executor://xunit/VsTestRunner2/netcoreapp" className="CodexBootstrap.Tests.Modules.AIModuleTests" name="Register_ShouldRegisterModuleWithRegistry" />
    </UnitTest>
    <UnitTest name="CodexBootstrap.Tests.Core.NodePersistenceTests.NodeStateTransition_Gas_ShouldNotPersist" storage="/users/ursmuff/source/living-codex-csharp/src/codexbootstrap.tests/bin/debug/net6.0/codexbootstrap.tests.dll" id="9dede88d-6de7-87ff-4549-77cfb8e6068f">
      <Execution id="250253f6-0ec9-4f6b-adce-3b36b1c17823" />
      <TestMethod codeBase="/Users/ursmuff/source/Living-Codex-CSharp/src/CodexBootstrap.Tests/bin/Debug/net6.0/CodexBootstrap.Tests.dll" adapterTypeName="executor://xunit/VsTestRunner2/netcoreapp" className="CodexBootstrap.Tests.Core.NodePersistenceTests" name="NodeStateTransition_Gas_ShouldNotPersist" />
    </UnitTest>
    <UnitTest name="CodexBootstrap.Tests.Core.NodePersistenceTests.BulkOperations_ShouldMaintainStateConsistency" storage="/users/ursmuff/source/living-codex-csharp/src/codexbootstrap.tests/bin/debug/net6.0/codexbootstrap.tests.dll" id="5a8b9ae5-6cd8-00d0-c3cf-0d2174ecfe54">
      <Execution id="4338d6a8-e039-4340-bdd3-dc773608f48d" />
      <TestMethod codeBase="/Users/ursmuff/source/Living-Codex-CSharp/src/CodexBootstrap.Tests/bin/Debug/net6.0/CodexBootstrap.Tests.dll" adapterTypeName="executor://xunit/VsTestRunner2/netcoreapp" className="CodexBootstrap.Tests.Core.NodePersistenceTests" name="BulkOperations_ShouldMaintainStateConsistency" />
    </UnitTest>
    <UnitTest name="CodexBootstrap.Tests.Modules.NewsModuleApiTests.GetTrendingTopics_ShouldHandleInvalidParameters" storage="/users/ursmuff/source/living-codex-csharp/src/codexbootstrap.tests/bin/debug/net6.0/codexbootstrap.tests.dll" id="aceb456b-29fd-0aae-6a6f-60147dd6581b">
      <Execution id="ad6b72ce-2523-4ede-a86f-3da1f088c808" />
      <TestMethod codeBase="/Users/ursmuff/source/Living-Codex-CSharp/src/CodexBootstrap.Tests/bin/Debug/net6.0/CodexBootstrap.Tests.dll" adapterTypeName="executor://xunit/VsTestRunner2/netcoreapp" className="CodexBootstrap.Tests.Modules.NewsModuleApiTests" name="GetTrendingTopics_ShouldHandleInvalidParameters" />
    </UnitTest>
    <UnitTest name="CodexBootstrap.Tests.Modules.AIModuleTests.Name_ShouldReturnCorrectName" storage="/users/ursmuff/source/living-codex-csharp/src/codexbootstrap.tests/bin/debug/net6.0/codexbootstrap.tests.dll" id="9f121c41-56cf-362b-92e5-cf6e1918417e">
      <Execution id="3819fb25-6fce-4bcc-9679-d21f22bdaa34" />
      <TestMethod codeBase="/Users/ursmuff/source/Living-Codex-CSharp/src/CodexBootstrap.Tests/bin/Debug/net6.0/CodexBootstrap.Tests.dll" adapterTypeName="executor://xunit/VsTestRunner2/netcoreapp" className="CodexBootstrap.Tests.Modules.AIModuleTests" name="Name_ShouldReturnCorrectName" />
    </UnitTest>
    <UnitTest name="CodexBootstrap.Tests.Modules.IdentityModuleApiTests.GetIdentityProviders_ShouldRespondWithinAcceptableTime" storage="/users/ursmuff/source/living-codex-csharp/src/codexbootstrap.tests/bin/debug/net6.0/codexbootstrap.tests.dll" id="c901140a-8e9f-da3b-f7f8-502ef77600a4">
      <Execution id="08e7986d-15c0-40c5-9eb8-627a73e41b87" />
      <TestMethod codeBase="/Users/ursmuff/source/Living-Codex-CSharp/src/CodexBootstrap.Tests/bin/Debug/net6.0/CodexBootstrap.Tests.dll" adapterTypeName="executor://xunit/VsTestRunner2/netcoreapp" className="CodexBootstrap.Tests.Modules.IdentityModuleApiTests" name="GetIdentityProviders_ShouldRespondWithinAcceptableTime" />
    </UnitTest>
    <UnitTest name="CodexBootstrap.Tests.Modules.IdentityModuleApiTests.Authenticate_ShouldRespondWithinAcceptableTime" storage="/users/ursmuff/source/living-codex-csharp/src/codexbootstrap.tests/bin/debug/net6.0/codexbootstrap.tests.dll" id="52464efb-4166-65c1-6219-acc12f2b3ff6">
      <Execution id="b498fc89-7eca-4377-8002-b0dc22ce3e7f" />
      <TestMethod codeBase="/Users/ursmuff/source/Living-Codex-CSharp/src/CodexBootstrap.Tests/bin/Debug/net6.0/CodexBootstrap.Tests.dll" adapterTypeName="executor://xunit/VsTestRunner2/netcoreapp" className="CodexBootstrap.Tests.Modules.IdentityModuleApiTests" name="Authenticate_ShouldRespondWithinAcceptableTime" />
    </UnitTest>
    <UnitTest name="CodexBootstrap.Tests.Core.LLMOrchestratorTests.ExecuteParallelAsync_WithMultipleOperations_ShouldExecuteAll" storage="/users/ursmuff/source/living-codex-csharp/src/codexbootstrap.tests/bin/debug/net6.0/codexbootstrap.tests.dll" id="c353011d-9e94-c67d-e6eb-396de9239c5d">
      <Execution id="1af10b28-d4f8-4c7a-89e2-3582596f5db1" />
      <TestMethod codeBase="/Users/ursmuff/source/Living-Codex-CSharp/src/CodexBootstrap.Tests/bin/Debug/net6.0/CodexBootstrap.Tests.dll" adapterTypeName="executor://xunit/VsTestRunner2/netcoreapp" className="CodexBootstrap.Tests.Core.LLMOrchestratorTests" name="ExecuteParallelAsync_WithMultipleOperations_ShouldExecuteAll" />
    </UnitTest>
    <UnitTest name="CodexBootstrap.Tests.Modules.NewsModuleApiTests.GetTrendingTopics_ShouldReturnTopicsList" storage="/users/ursmuff/source/living-codex-csharp/src/codexbootstrap.tests/bin/debug/net6.0/codexbootstrap.tests.dll" id="0f0b59f9-3161-1d3d-fc85-4e0ab616dec1">
      <Execution id="5180d009-22d7-4902-93f2-926243ad9083" />
      <TestMethod codeBase="/Users/ursmuff/source/Living-Codex-CSharp/src/CodexBootstrap.Tests/bin/Debug/net6.0/CodexBootstrap.Tests.dll" adapterTypeName="executor://xunit/VsTestRunner2/netcoreapp" className="CodexBootstrap.Tests.Modules.NewsModuleApiTests" name="GetTrendingTopics_ShouldReturnTopicsList" />
    </UnitTest>
    <UnitTest name="CodexBootstrap.Tests.Modules.NodeEdgeModuleApiTests.GetNodes_ShouldHandleConcurrentRequests" storage="/users/ursmuff/source/living-codex-csharp/src/codexbootstrap.tests/bin/debug/net6.0/codexbootstrap.tests.dll" id="154b62c9-dfe1-2527-f8d9-a357f66717ec">
      <Execution id="9fb7fad3-fb48-421a-a97c-1bf14cca0554" />
      <TestMethod codeBase="/Users/ursmuff/source/Living-Codex-CSharp/src/CodexBootstrap.Tests/bin/Debug/net6.0/CodexBootstrap.Tests.dll" adapterTypeName="executor://xunit/VsTestRunner2/netcoreapp" className="CodexBootstrap.Tests.Modules.NodeEdgeModuleApiTests" name="GetNodes_ShouldHandleConcurrentRequests" />
    </UnitTest>
    <UnitTest name="CodexBootstrap.Tests.Modules.EnergyModuleApiTests.GetCollectiveEnergy_ShouldReturnEnergyValue_WhenImplemented" storage="/users/ursmuff/source/living-codex-csharp/src/codexbootstrap.tests/bin/debug/net6.0/codexbootstrap.tests.dll" id="0eb841ee-4360-bfaa-b760-47ef164dac80">
      <Execution id="528c854f-2266-43b4-896a-b5a3e31dfa23" />
      <TestMethod codeBase="/Users/ursmuff/source/Living-Codex-CSharp/src/CodexBootstrap.Tests/bin/Debug/net6.0/CodexBootstrap.Tests.dll" adapterTypeName="executor://xunit/VsTestRunner2/netcoreapp" className="CodexBootstrap.Tests.Modules.EnergyModuleApiTests" name="GetCollectiveEnergy_ShouldReturnEnergyValue_WhenImplemented" />
    </UnitTest>
    <UnitTest name="CodexBootstrap.Tests.Modules.ConceptModuleApiTests.UpdateConcept_ShouldReturnNotFound_WhenConceptDoesNotExist" storage="/users/ursmuff/source/living-codex-csharp/src/codexbootstrap.tests/bin/debug/net6.0/codexbootstrap.tests.dll" id="8825c2ca-e48a-f1b9-4ae4-5d782ac55816">
      <Execution id="4e67c0cd-40ed-4434-b73f-ca3fa1e09297" />
      <TestMethod codeBase="/Users/ursmuff/source/Living-Codex-CSharp/src/CodexBootstrap.Tests/bin/Debug/net6.0/CodexBootstrap.Tests.dll" adapterTypeName="executor://xunit/VsTestRunner2/netcoreapp" className="CodexBootstrap.Tests.Modules.ConceptModuleApiTests" name="UpdateConcept_ShouldReturnNotFound_WhenConceptDoesNotExist" />
    </UnitTest>
    <UnitTest name="CodexBootstrap.Tests.ComprehensiveEndpointDiscovery.SwaggerEndpoint_ShouldReturnApiDocumentation" storage="/users/ursmuff/source/living-codex-csharp/src/codexbootstrap.tests/bin/debug/net6.0/codexbootstrap.tests.dll" id="d7af24cc-1160-9a7c-4a14-3e64c6768ae5">
      <Execution id="d02e6390-b4d4-4ab1-8613-b1c9252498a9" />
      <TestMethod codeBase="/Users/ursmuff/source/Living-Codex-CSharp/src/CodexBootstrap.Tests/bin/Debug/net6.0/CodexBootstrap.Tests.dll" adapterTypeName="executor://xunit/VsTestRunner2/netcoreapp" className="CodexBootstrap.Tests.ComprehensiveEndpointDiscovery" name="SwaggerEndpoint_ShouldReturnApiDocumentation" />
    </UnitTest>
    <UnitTest name="CodexBootstrap.Tests.Core.StateTransitionTests.NodeStateTransition_FromWaterToIce_ShouldMigrateEdgesToIce" storage="/users/ursmuff/source/living-codex-csharp/src/codexbootstrap.tests/bin/debug/net6.0/codexbootstrap.tests.dll" id="f0c4e84a-6a98-a7e5-d083-79a02acb860c">
      <Execution id="bf408f27-80cb-4899-8d0d-e5e45b50e3c1" />
      <TestMethod codeBase="/Users/ursmuff/source/Living-Codex-CSharp/src/CodexBootstrap.Tests/bin/Debug/net6.0/CodexBootstrap.Tests.dll" adapterTypeName="executor://xunit/VsTestRunner2/netcoreapp" className="CodexBootstrap.Tests.Core.StateTransitionTests" name="NodeStateTransition_FromWaterToIce_ShouldMigrateEdgesToIce" />
    </UnitTest>
    <UnitTest name="CodexBootstrap.Tests.Modules.FileSystemModuleTests.SearchFiles_WithContentSearch_FindsMatches" storage="/users/ursmuff/source/living-codex-csharp/src/codexbootstrap.tests/bin/debug/net6.0/codexbootstrap.tests.dll" id="414bd08a-1856-619a-1a2c-f8de6ed4b859">
      <Execution id="0234831e-e9be-4f36-9fc4-67a7799e7024" />
      <TestMethod codeBase="/Users/ursmuff/source/Living-Codex-CSharp/src/CodexBootstrap.Tests/bin/Debug/net6.0/CodexBootstrap.Tests.dll" adapterTypeName="executor://xunit/VsTestRunner2/netcoreapp" className="CodexBootstrap.Tests.Modules.FileSystemModuleTests" name="SearchFiles_WithContentSearch_FindsMatches" />
    </UnitTest>
    <UnitTest name="CodexBootstrap.Tests.Modules.NodeEdgeModuleApiTests.GetEdges_ShouldReturnEdgesList_WhenImplemented" storage="/users/ursmuff/source/living-codex-csharp/src/codexbootstrap.tests/bin/debug/net6.0/codexbootstrap.tests.dll" id="48f0b978-87f3-597c-b969-584d8c7f342b">
      <Execution id="3e44981d-a176-41c5-bed4-1e5adc160eeb" />
      <TestMethod codeBase="/Users/ursmuff/source/Living-Codex-CSharp/src/CodexBootstrap.Tests/bin/Debug/net6.0/CodexBootstrap.Tests.dll" adapterTypeName="executor://xunit/VsTestRunner2/netcoreapp" className="CodexBootstrap.Tests.Modules.NodeEdgeModuleApiTests" name="GetEdges_ShouldReturnEdgesList_WhenImplemented" />
    </UnitTest>
    <UnitTest name="CodexBootstrap.Tests.ApiIntegrationTests.OAuthValidate_ShouldValidateUser" storage="/users/ursmuff/source/living-codex-csharp/src/codexbootstrap.tests/bin/debug/net6.0/codexbootstrap.tests.dll" id="4cdd7a6f-85c0-305c-e9b1-fd8d4db0dee3">
      <Execution id="3b8ab61d-7e77-4251-8d6c-6a62d2ee4a2d" />
      <TestMethod codeBase="/Users/ursmuff/source/Living-Codex-CSharp/src/CodexBootstrap.Tests/bin/Debug/net6.0/CodexBootstrap.Tests.dll" adapterTypeName="executor://xunit/VsTestRunner2/netcoreapp" className="CodexBootstrap.Tests.ApiIntegrationTests" name="OAuthValidate_ShouldValidateUser" />
    </UnitTest>
    <UnitTest name="CodexBootstrap.Tests.UCoreOntologyTests.WaterStatesAxis_Node_Should_Exist" storage="/users/ursmuff/source/living-codex-csharp/src/codexbootstrap.tests/bin/debug/net6.0/codexbootstrap.tests.dll" id="5bb357ef-a289-5457-59f1-0df201ad4323">
      <Execution id="5886c88c-4065-4ebd-b3cf-aa5f7b42b57f" />
      <TestMethod codeBase="/Users/ursmuff/source/Living-Codex-CSharp/src/CodexBootstrap.Tests/bin/Debug/net6.0/CodexBootstrap.Tests.dll" adapterTypeName="executor://xunit/VsTestRunner2/netcoreapp" className="CodexBootstrap.Tests.UCoreOntologyTests" name="WaterStatesAxis_Node_Should_Exist" />
    </UnitTest>
    <UnitTest name="CodexBootstrap.Tests.NewsSourceTests.NewsIngestion_Should_CreateValidNewsItems" storage="/users/ursmuff/source/living-codex-csharp/src/codexbootstrap.tests/bin/debug/net6.0/codexbootstrap.tests.dll" id="9278bdb8-7599-f5f4-b1ea-3e31a3ba566f">
      <Execution id="d1d5c050-e039-4e6d-b1ee-03a3bf8d54d4" />
      <TestMethod codeBase="/Users/ursmuff/source/Living-Codex-CSharp/src/CodexBootstrap.Tests/bin/Debug/net6.0/CodexBootstrap.Tests.dll" adapterTypeName="executor://xunit/VsTestRunner2/netcoreapp" className="CodexBootstrap.Tests.NewsSourceTests" name="NewsIngestion_Should_CreateValidNewsItems" />
    </UnitTest>
    <UnitTest name="CodexBootstrap.Tests.Modules.EnergyModuleApiTests.RecordContribution_ShouldReturnBadRequest_WhenRequestInvalid_WhenImplemented" storage="/users/ursmuff/source/living-codex-csharp/src/codexbootstrap.tests/bin/debug/net6.0/codexbootstrap.tests.dll" id="8aaeb942-4618-a8e4-c6b1-266d34c97e41">
      <Execution id="8d0a9cec-1889-4f46-b6d2-e292f159e65c" />
      <TestMethod codeBase="/Users/ursmuff/source/Living-Codex-CSharp/src/CodexBootstrap.Tests/bin/Debug/net6.0/CodexBootstrap.Tests.dll" adapterTypeName="executor://xunit/VsTestRunner2/netcoreapp" className="CodexBootstrap.Tests.Modules.EnergyModuleApiTests" name="RecordContribution_ShouldReturnBadRequest_WhenRequestInvalid_WhenImplemented" />
    </UnitTest>
    <UnitTest name="CodexBootstrap.Tests.Modules.ConceptModuleApiTests.DeleteConcept_ShouldReturnSuccess_WhenConceptExists" storage="/users/ursmuff/source/living-codex-csharp/src/codexbootstrap.tests/bin/debug/net6.0/codexbootstrap.tests.dll" id="db697f2e-ce6c-0e67-fba6-9e9dcf38b114">
      <Execution id="627a56cc-f431-4638-913b-5f4a37e56ea6" />
      <TestMethod codeBase="/Users/ursmuff/source/Living-Codex-CSharp/src/CodexBootstrap.Tests/bin/Debug/net6.0/CodexBootstrap.Tests.dll" adapterTypeName="executor://xunit/VsTestRunner2/netcoreapp" className="CodexBootstrap.Tests.Modules.ConceptModuleApiTests" name="DeleteConcept_ShouldReturnSuccess_WhenConceptExists" />
    </UnitTest>
    <UnitTest name="CodexBootstrap.Tests.Core.NodePersistenceTests.EdgePersistence_WaterToWater_ShouldPersistInWaterStorage" storage="/users/ursmuff/source/living-codex-csharp/src/codexbootstrap.tests/bin/debug/net6.0/codexbootstrap.tests.dll" id="aea25e69-8ef4-fcb6-b447-29de5becfc76">
      <Execution id="414265c4-4d79-4903-b81e-711a257f0c98" />
      <TestMethod codeBase="/Users/ursmuff/source/Living-Codex-CSharp/src/CodexBootstrap.Tests/bin/Debug/net6.0/CodexBootstrap.Tests.dll" adapterTypeName="executor://xunit/VsTestRunner2/netcoreapp" className="CodexBootstrap.Tests.Core.NodePersistenceTests" name="EdgePersistence_WaterToWater_ShouldPersistInWaterStorage" />
    </UnitTest>
    <UnitTest name="CodexBootstrap.Tests.Modules.CoreModuleTests.Register_ShouldRegisterModuleWithRegistry" storage="/users/ursmuff/source/living-codex-csharp/src/codexbootstrap.tests/bin/debug/net6.0/codexbootstrap.tests.dll" id="e816d20a-430f-2d97-9262-77eb57c11839">
      <Execution id="bc756ede-b643-4272-b005-83cfcf87ca62" />
      <TestMethod codeBase="/Users/ursmuff/source/Living-Codex-CSharp/src/CodexBootstrap.Tests/bin/Debug/net6.0/CodexBootstrap.Tests.dll" adapterTypeName="executor://xunit/VsTestRunner2/netcoreapp" className="CodexBootstrap.Tests.Modules.CoreModuleTests" name="Register_ShouldRegisterModuleWithRegistry" />
    </UnitTest>
    <UnitTest name="CodexBootstrap.Tests.IdentityTests.MockIdentityProvider_ShouldGetUserInfo" storage="/users/ursmuff/source/living-codex-csharp/src/codexbootstrap.tests/bin/debug/net6.0/codexbootstrap.tests.dll" id="b66e2aed-6736-e5fb-1259-0a652017312d">
      <Execution id="fba4bb18-d9e7-4e87-b7d9-bc61dabf82e4" />
      <TestMethod codeBase="/Users/ursmuff/source/Living-Codex-CSharp/src/CodexBootstrap.Tests/bin/Debug/net6.0/CodexBootstrap.Tests.dll" adapterTypeName="executor://xunit/VsTestRunner2/netcoreapp" className="CodexBootstrap.Tests.IdentityTests" name="MockIdentityProvider_ShouldGetUserInfo" />
    </UnitTest>
    <UnitTest name="CodexBootstrap.Tests.IdentityTests.EndSession_ShouldEndExistingSession" storage="/users/ursmuff/source/living-codex-csharp/src/codexbootstrap.tests/bin/debug/net6.0/codexbootstrap.tests.dll" id="95bec019-ba93-557e-cc59-ca4522b92c84">
      <Execution id="c528f722-ec97-4713-b736-0f5abec2ad8a" />
      <TestMethod codeBase="/Users/ursmuff/source/Living-Codex-CSharp/src/CodexBootstrap.Tests/bin/Debug/net6.0/CodexBootstrap.Tests.dll" adapterTypeName="executor://xunit/VsTestRunner2/netcoreapp" className="CodexBootstrap.Tests.IdentityTests" name="EndSession_ShouldEndExistingSession" />
    </UnitTest>
    <UnitTest name="CodexBootstrap.Tests.Modules.EnergyModuleApiTests.GetCollectiveEnergy_ShouldReturnSuccess_WhenImplemented" storage="/users/ursmuff/source/living-codex-csharp/src/codexbootstrap.tests/bin/debug/net6.0/codexbootstrap.tests.dll" id="a89402d9-0924-308b-7904-fd6477f0ee7b">
      <Execution id="714d0eec-a55d-402d-8cbc-c589bcbd7b7a" />
      <TestMethod codeBase="/Users/ursmuff/source/Living-Codex-CSharp/src/CodexBootstrap.Tests/bin/Debug/net6.0/CodexBootstrap.Tests.dll" adapterTypeName="executor://xunit/VsTestRunner2/netcoreapp" className="CodexBootstrap.Tests.Modules.EnergyModuleApiTests" name="GetCollectiveEnergy_ShouldReturnSuccess_WhenImplemented" />
    </UnitTest>
    <UnitTest name="CodexBootstrap.Tests.Integration.ApiIntegrationTests.ModulesEndpoint_ShouldReturnModuleList" storage="/users/ursmuff/source/living-codex-csharp/src/codexbootstrap.tests/bin/debug/net6.0/codexbootstrap.tests.dll" id="0864368a-5d20-d499-562d-dea9741e52aa">
      <Execution id="ab0ba08c-cdab-40a9-adf2-401d18097577" />
      <TestMethod codeBase="/Users/ursmuff/source/Living-Codex-CSharp/src/CodexBootstrap.Tests/bin/Debug/net6.0/CodexBootstrap.Tests.dll" adapterTypeName="executor://xunit/VsTestRunner2/netcoreapp" className="CodexBootstrap.Tests.Integration.ApiIntegrationTests" name="ModulesEndpoint_ShouldReturnModuleList" />
    </UnitTest>
    <UnitTest name="CodexBootstrap.Tests.Core.NodeRegistryTests.Upsert_NodeStateTransitionUpdatesMemoryAndPersistence" storage="/users/ursmuff/source/living-codex-csharp/src/codexbootstrap.tests/bin/debug/net6.0/codexbootstrap.tests.dll" id="d42ce1cc-fe07-766d-01d9-4d3235eb06da">
      <Execution id="27d8ad2a-2318-4371-ac8f-d823ef90cd9c" />
      <TestMethod codeBase="/Users/ursmuff/source/Living-Codex-CSharp/src/CodexBootstrap.Tests/bin/Debug/net6.0/CodexBootstrap.Tests.dll" adapterTypeName="executor://xunit/VsTestRunner2/netcoreapp" className="CodexBootstrap.Tests.Core.NodeRegistryTests" name="Upsert_NodeStateTransitionUpdatesMemoryAndPersistence" />
    </UnitTest>
    <UnitTest name="CodexBootstrap.Tests.HealthTests.HealthCheck_ShouldReturnHealthyStatus" storage="/users/ursmuff/source/living-codex-csharp/src/codexbootstrap.tests/bin/debug/net6.0/codexbootstrap.tests.dll" id="6090d8db-c083-ec38-5d91-cefe25a89520">
      <Execution id="4135a9d3-b8f6-41d5-8d2d-b30aff9f1620" />
      <TestMethod codeBase="/Users/ursmuff/source/Living-Codex-CSharp/src/CodexBootstrap.Tests/bin/Debug/net6.0/CodexBootstrap.Tests.dll" adapterTypeName="executor://xunit/VsTestRunner2/netcoreapp" className="CodexBootstrap.Tests.HealthTests" name="HealthCheck_ShouldReturnHealthyStatus" />
    </UnitTest>
    <UnitTest name="CodexBootstrap.Tests.Modules.FileSystemModuleTests.GetFileSystemStats_WithFiles_ReturnsStatistics" storage="/users/ursmuff/source/living-codex-csharp/src/codexbootstrap.tests/bin/debug/net6.0/codexbootstrap.tests.dll" id="c1c3c15c-2fd4-f407-447a-9b6a9260e785">
      <Execution id="6185de1f-ff55-47df-a9a9-22f09b8a109e" />
      <TestMethod codeBase="/Users/ursmuff/source/Living-Codex-CSharp/src/CodexBootstrap.Tests/bin/Debug/net6.0/CodexBootstrap.Tests.dll" adapterTypeName="executor://xunit/VsTestRunner2/netcoreapp" className="CodexBootstrap.Tests.Modules.FileSystemModuleTests" name="GetFileSystemStats_WithFiles_ReturnsStatistics" />
    </UnitTest>
    <UnitTest name="CodexBootstrap.Tests.Modules.ConceptModuleApiTests.GetConcepts_ShouldRespondWithinAcceptableTime" storage="/users/ursmuff/source/living-codex-csharp/src/codexbootstrap.tests/bin/debug/net6.0/codexbootstrap.tests.dll" id="b99ace35-33d5-7d18-6ea4-38a87a6c5135">
      <Execution id="fd142dc4-2499-4678-ab40-4fd3b85614c8" />
      <TestMethod codeBase="/Users/ursmuff/source/Living-Codex-CSharp/src/CodexBootstrap.Tests/bin/Debug/net6.0/CodexBootstrap.Tests.dll" adapterTypeName="executor://xunit/VsTestRunner2/netcoreapp" className="CodexBootstrap.Tests.Modules.ConceptModuleApiTests" name="GetConcepts_ShouldRespondWithinAcceptableTime" />
    </UnitTest>
    <UnitTest name="CodexBootstrap.Tests.SimpleIntegrationTests.SwaggerEndpoint_ShouldBeAccessible" storage="/users/ursmuff/source/living-codex-csharp/src/codexbootstrap.tests/bin/debug/net6.0/codexbootstrap.tests.dll" id="7fb892fc-7cfe-4a21-f5bf-3ca5ffe75254">
      <Execution id="1bbe9149-071b-46a7-b178-fcc750c725b5" />
      <TestMethod codeBase="/Users/ursmuff/source/Living-Codex-CSharp/src/CodexBootstrap.Tests/bin/Debug/net6.0/CodexBootstrap.Tests.dll" adapterTypeName="executor://xunit/VsTestRunner2/netcoreapp" className="CodexBootstrap.Tests.SimpleIntegrationTests" name="SwaggerEndpoint_ShouldBeAccessible" />
    </UnitTest>
    <UnitTest name="CodexBootstrap.Tests.NewsSourceTests.NewsConceptExtraction_Should_LinkToUCore" storage="/users/ursmuff/source/living-codex-csharp/src/codexbootstrap.tests/bin/debug/net6.0/codexbootstrap.tests.dll" id="a5a2e4c8-009c-485c-9e59-a0329e36f740">
      <Execution id="819d3858-400d-4f12-a339-88c5951d7c4c" />
      <TestMethod codeBase="/Users/ursmuff/source/Living-Codex-CSharp/src/CodexBootstrap.Tests/bin/Debug/net6.0/CodexBootstrap.Tests.dll" adapterTypeName="executor://xunit/VsTestRunner2/netcoreapp" className="CodexBootstrap.Tests.NewsSourceTests" name="NewsConceptExtraction_Should_LinkToUCore" />
    </UnitTest>
    <UnitTest name="CodexBootstrap.Tests.Core.NodePersistenceTests.ServerRestart_GasNodes_ShouldNotSurviveRestart" storage="/users/ursmuff/source/living-codex-csharp/src/codexbootstrap.tests/bin/debug/net6.0/codexbootstrap.tests.dll" id="511b09e9-fd91-89d6-3949-40db146ea6bd">
      <Execution id="d323eb66-77f2-4124-8b5c-ff822ba128bb" />
      <TestMethod codeBase="/Users/ursmuff/source/Living-Codex-CSharp/src/CodexBootstrap.Tests/bin/Debug/net6.0/CodexBootstrap.Tests.dll" adapterTypeName="executor://xunit/VsTestRunner2/netcoreapp" className="CodexBootstrap.Tests.Core.NodePersistenceTests" name="ServerRestart_GasNodes_ShouldNotSurviveRestart" />
    </UnitTest>
    <UnitTest name="CodexBootstrap.Tests.Modules.EnergyModuleApiTests.GetUserContributions_ShouldReturnContributionsList_WhenImplemented" storage="/users/ursmuff/source/living-codex-csharp/src/codexbootstrap.tests/bin/debug/net6.0/codexbootstrap.tests.dll" id="36c7d109-6289-1556-5b99-f94c9642b779">
      <Execution id="8c4c487b-7b9d-4f63-82c8-bb8eda75a924" />
      <TestMethod codeBase="/Users/ursmuff/source/Living-Codex-CSharp/src/CodexBootstrap.Tests/bin/Debug/net6.0/CodexBootstrap.Tests.dll" adapterTypeName="executor://xunit/VsTestRunner2/netcoreapp" className="CodexBootstrap.Tests.Modules.EnergyModuleApiTests" name="GetUserContributions_ShouldReturnContributionsList_WhenImplemented" />
    </UnitTest>
    <UnitTest name="CodexBootstrap.Tests.Modules.ConceptModuleApiTests.CreateConcept_ShouldReturnSuccess_WhenValidRequest" storage="/users/ursmuff/source/living-codex-csharp/src/codexbootstrap.tests/bin/debug/net6.0/codexbootstrap.tests.dll" id="95697913-300a-0d09-fede-d269c1c9cc5a">
      <Execution id="a3e3bdf5-e055-4f31-b1f4-6f8228214ada" />
      <TestMethod codeBase="/Users/ursmuff/source/Living-Codex-CSharp/src/CodexBootstrap.Tests/bin/Debug/net6.0/CodexBootstrap.Tests.dll" adapterTypeName="executor://xunit/VsTestRunner2/netcoreapp" className="CodexBootstrap.Tests.Modules.ConceptModuleApiTests" name="CreateConcept_ShouldReturnSuccess_WhenValidRequest" />
    </UnitTest>
    <UnitTest name="CodexBootstrap.Tests.IdentityTests.IdentityLogin_ShouldInitiateLoginFlow" storage="/users/ursmuff/source/living-codex-csharp/src/codexbootstrap.tests/bin/debug/net6.0/codexbootstrap.tests.dll" id="335af7d3-af17-2a3e-11a6-c40d770283f6">
      <Execution id="bb54db0e-7814-45c9-b950-25b448f89c06" />
      <TestMethod codeBase="/Users/ursmuff/source/Living-Codex-CSharp/src/CodexBootstrap.Tests/bin/Debug/net6.0/CodexBootstrap.Tests.dll" adapterTypeName="executor://xunit/VsTestRunner2/netcoreapp" className="CodexBootstrap.Tests.IdentityTests" name="IdentityLogin_ShouldInitiateLoginFlow" />
    </UnitTest>
    <UnitTest name="CodexBootstrap.Tests.Core.NodeRegistryTests.EdgeState_ShouldFollowNodePhaseTransitions" storage="/users/ursmuff/source/living-codex-csharp/src/codexbootstrap.tests/bin/debug/net6.0/codexbootstrap.tests.dll" id="a1a3cd79-a8ef-2dca-2a37-88922f31b2df">
      <Execution id="71953744-0673-4c8e-83a0-9fce20a5fb09" />
      <TestMethod codeBase="/Users/ursmuff/source/Living-Codex-CSharp/src/CodexBootstrap.Tests/bin/Debug/net6.0/CodexBootstrap.Tests.dll" adapterTypeName="executor://xunit/VsTestRunner2/netcoreapp" className="CodexBootstrap.Tests.Core.NodeRegistryTests" name="EdgeState_ShouldFollowNodePhaseTransitions" />
    </UnitTest>
    <UnitTest name="CodexBootstrap.Tests.Modules.IdentityModuleApiTests.GetIdentityProviders_ShouldReturnProvidersList" storage="/users/ursmuff/source/living-codex-csharp/src/codexbootstrap.tests/bin/debug/net6.0/codexbootstrap.tests.dll" id="739ddbc9-29fb-28c3-7b57-b5ec668cdd0c">
      <Execution id="3d604a16-99cf-4584-b05b-84b42578e9a8" />
      <TestMethod codeBase="/Users/ursmuff/source/Living-Codex-CSharp/src/CodexBootstrap.Tests/bin/Debug/net6.0/CodexBootstrap.Tests.dll" adapterTypeName="executor://xunit/VsTestRunner2/netcoreapp" className="CodexBootstrap.Tests.Modules.IdentityModuleApiTests" name="GetIdentityProviders_ShouldReturnProvidersList" />
    </UnitTest>
    <UnitTest name="CodexBootstrap.Tests.Modules.ConceptModuleApiTests.GetConcept_ShouldReturnNotFound_WhenConceptDoesNotExist" storage="/users/ursmuff/source/living-codex-csharp/src/codexbootstrap.tests/bin/debug/net6.0/codexbootstrap.tests.dll" id="9398df0f-b7e2-21ef-6751-b96144b08a9b">
      <Execution id="f74c9b9b-eb86-4452-8610-a0344d826c0d" />
      <TestMethod codeBase="/Users/ursmuff/source/Living-Codex-CSharp/src/CodexBootstrap.Tests/bin/Debug/net6.0/CodexBootstrap.Tests.dll" adapterTypeName="executor://xunit/VsTestRunner2/netcoreapp" className="CodexBootstrap.Tests.Modules.ConceptModuleApiTests" name="GetConcept_ShouldReturnNotFound_WhenConceptDoesNotExist" />
    </UnitTest>
    <UnitTest name="CodexBootstrap.Tests.Modules.NewsModuleApiTests.GetNewsFeed_ShouldReturnEmptyResults_WhenNoNewsAvailable" storage="/users/ursmuff/source/living-codex-csharp/src/codexbootstrap.tests/bin/debug/net6.0/codexbootstrap.tests.dll" id="632c0374-d9e5-0e22-1403-eb730369295e">
      <Execution id="c3dbd99e-9148-4231-b2da-35eb58fddf91" />
      <TestMethod codeBase="/Users/ursmuff/source/Living-Codex-CSharp/src/CodexBootstrap.Tests/bin/Debug/net6.0/CodexBootstrap.Tests.dll" adapterTypeName="executor://xunit/VsTestRunner2/netcoreapp" className="CodexBootstrap.Tests.Modules.NewsModuleApiTests" name="GetNewsFeed_ShouldReturnEmptyResults_WhenNoNewsAvailable" />
    </UnitTest>
    <UnitTest name="CodexBootstrap.Tests.ComprehensiveEndpointDiscovery.HealthEndpoint_ShouldReturnDetailedMetrics" storage="/users/ursmuff/source/living-codex-csharp/src/codexbootstrap.tests/bin/debug/net6.0/codexbootstrap.tests.dll" id="ce4786bd-8689-0f1b-0de8-7d35fef968cd">
      <Execution id="6c9a7526-b0d0-40c8-adc9-b143f449fcdb" />
      <TestMethod codeBase="/Users/ursmuff/source/Living-Codex-CSharp/src/CodexBootstrap.Tests/bin/Debug/net6.0/CodexBootstrap.Tests.dll" adapterTypeName="executor://xunit/VsTestRunner2/netcoreapp" className="CodexBootstrap.Tests.ComprehensiveEndpointDiscovery" name="HealthEndpoint_ShouldReturnDetailedMetrics" />
    </UnitTest>
    <UnitTest name="CodexBootstrap.Tests.UCoreOntologyTests.ChakrasAxis_Node_Should_Exist" storage="/users/ursmuff/source/living-codex-csharp/src/codexbootstrap.tests/bin/debug/net6.0/codexbootstrap.tests.dll" id="0f0bfda1-cada-6668-e50b-f263755ddcfa">
      <Execution id="909903ee-36fa-44c5-98a9-bb733c24fadb" />
      <TestMethod codeBase="/Users/ursmuff/source/Living-Codex-CSharp/src/CodexBootstrap.Tests/bin/Debug/net6.0/CodexBootstrap.Tests.dll" adapterTypeName="executor://xunit/VsTestRunner2/netcoreapp" className="CodexBootstrap.Tests.UCoreOntologyTests" name="ChakrasAxis_Node_Should_Exist" />
    </UnitTest>
    <UnitTest name="CodexBootstrap.Tests.Modules.FutureKnowledgeModuleTests.RetrieveFutureKnowledge_WithImplementation_ReturnsSuccess" storage="/users/ursmuff/source/living-codex-csharp/src/codexbootstrap.tests/bin/debug/net6.0/codexbootstrap.tests.dll" id="2ad5cdb4-5093-99b8-7b30-cd507fc4fbf2">
      <Execution id="be7dd798-eef0-4f39-aac5-e651a7c69379" />
      <TestMethod codeBase="/Users/ursmuff/source/Living-Codex-CSharp/src/CodexBootstrap.Tests/bin/Debug/net6.0/CodexBootstrap.Tests.dll" adapterTypeName="executor://xunit/VsTestRunner2/netcoreapp" className="CodexBootstrap.Tests.Modules.FutureKnowledgeModuleTests" name="RetrieveFutureKnowledge_WithImplementation_ReturnsSuccess" />
    </UnitTest>
    <UnitTest name="CodexBootstrap.Tests.Core.NodeRegistryUserRepositoryTests.CreateAsync_ShouldPersistUserAsWaterNode" storage="/users/ursmuff/source/living-codex-csharp/src/codexbootstrap.tests/bin/debug/net6.0/codexbootstrap.tests.dll" id="93e90a79-2955-16ca-0032-f17795f74b9e">
      <Execution id="8f24134d-7f53-4bba-b04d-709595e05ec8" />
      <TestMethod codeBase="/Users/ursmuff/source/Living-Codex-CSharp/src/CodexBootstrap.Tests/bin/Debug/net6.0/CodexBootstrap.Tests.dll" adapterTypeName="executor://xunit/VsTestRunner2/netcoreapp" className="CodexBootstrap.Tests.Core.NodeRegistryUserRepositoryTests" name="CreateAsync_ShouldPersistUserAsWaterNode" />
    </UnitTest>
    <UnitTest name="CodexBootstrap.Tests.NewsSourceTests.NewsSourceValidation_Should_CheckRandomSources" storage="/users/ursmuff/source/living-codex-csharp/src/codexbootstrap.tests/bin/debug/net6.0/codexbootstrap.tests.dll" id="e776ed9f-d0af-671b-5393-2bbcffd08132">
      <Execution id="ff82adb0-ed23-4db1-a20d-e1669c28744d" />
      <TestMethod codeBase="/Users/ursmuff/source/Living-Codex-CSharp/src/CodexBootstrap.Tests/bin/Debug/net6.0/CodexBootstrap.Tests.dll" adapterTypeName="executor://xunit/VsTestRunner2/netcoreapp" className="CodexBootstrap.Tests.NewsSourceTests" name="NewsSourceValidation_Should_CheckRandomSources" />
    </UnitTest>
    <UnitTest name="CodexBootstrap.Tests.Modules.GalleryModuleTests.CreateGalleryItem_WithoutTitle_ReturnsError" storage="/users/ursmuff/source/living-codex-csharp/src/codexbootstrap.tests/bin/debug/net6.0/codexbootstrap.tests.dll" id="90f3a3ce-3ea2-b8ab-e15a-d9c7a7f4a063">
      <Execution id="69c603e2-b64f-44ee-bc77-8f50ad7aabcf" />
      <TestMethod codeBase="/Users/ursmuff/source/Living-Codex-CSharp/src/CodexBootstrap.Tests/bin/Debug/net6.0/CodexBootstrap.Tests.dll" adapterTypeName="executor://xunit/VsTestRunner2/netcoreapp" className="CodexBootstrap.Tests.Modules.GalleryModuleTests" name="CreateGalleryItem_WithoutTitle_ReturnsError" />
    </UnitTest>
    <UnitTest name="CodexBootstrap.Tests.Modules.AIModuleTests.Description_ShouldReturnCorrectDescription" storage="/users/ursmuff/source/living-codex-csharp/src/codexbootstrap.tests/bin/debug/net6.0/codexbootstrap.tests.dll" id="1f7976e5-938b-de19-e4f9-70a3b56afbf7">
      <Execution id="d759104d-2908-4529-93e1-1ed7cb78e5e8" />
      <TestMethod codeBase="/Users/ursmuff/source/Living-Codex-CSharp/src/CodexBootstrap.Tests/bin/Debug/net6.0/CodexBootstrap.Tests.dll" adapterTypeName="executor://xunit/VsTestRunner2/netcoreapp" className="CodexBootstrap.Tests.Modules.AIModuleTests" name="Description_ShouldReturnCorrectDescription" />
    </UnitTest>
    <UnitTest name="CodexBootstrap.Tests.UCoreOntologyTests.QuantumDimensionsAxis_Node_Should_Exist" storage="/users/ursmuff/source/living-codex-csharp/src/codexbootstrap.tests/bin/debug/net6.0/codexbootstrap.tests.dll" id="71f08f4d-d319-720b-3b50-8197a3660ed2">
      <Execution id="09e705ac-3388-4052-b1c0-bc68c32ced54" />
      <TestMethod codeBase="/Users/ursmuff/source/Living-Codex-CSharp/src/CodexBootstrap.Tests/bin/Debug/net6.0/CodexBootstrap.Tests.dll" adapterTypeName="executor://xunit/VsTestRunner2/netcoreapp" className="CodexBootstrap.Tests.UCoreOntologyTests" name="QuantumDimensionsAxis_Node_Should_Exist" />
    </UnitTest>
    <UnitTest name="CodexBootstrap.Tests.Core.NodePersistenceTests.EdgeStateConsistency_ShouldMatchNodeStates" storage="/users/ursmuff/source/living-codex-csharp/src/codexbootstrap.tests/bin/debug/net6.0/codexbootstrap.tests.dll" id="2b98f1ad-9067-5d96-8cc7-a0590be4d644">
      <Execution id="f734b1db-ff0f-4a75-84d8-4123b0fdf572" />
      <TestMethod codeBase="/Users/ursmuff/source/Living-Codex-CSharp/src/CodexBootstrap.Tests/bin/Debug/net6.0/CodexBootstrap.Tests.dll" adapterTypeName="executor://xunit/VsTestRunner2/netcoreapp" className="CodexBootstrap.Tests.Core.NodePersistenceTests" name="EdgeStateConsistency_ShouldMatchNodeStates" />
    </UnitTest>
    <UnitTest name="CodexBootstrap.Tests.UCoreOntologyTests.UCoreInitializer_Should_LoadAllUniversalAxes" storage="/users/ursmuff/source/living-codex-csharp/src/codexbootstrap.tests/bin/debug/net6.0/codexbootstrap.tests.dll" id="9427af82-0059-a7d9-573f-043a790c4050">
      <Execution id="5e8f1301-6e3d-4eef-97b8-93cfa5e99c77" />
      <TestMethod codeBase="/Users/ursmuff/source/Living-Codex-CSharp/src/CodexBootstrap.Tests/bin/Debug/net6.0/CodexBootstrap.Tests.dll" adapterTypeName="executor://xunit/VsTestRunner2/netcoreapp" className="CodexBootstrap.Tests.UCoreOntologyTests" name="UCoreInitializer_Should_LoadAllUniversalAxes" />
    </UnitTest>
    <UnitTest name="CodexBootstrap.Tests.Modules.IdentityModuleApiTests.Authenticate_ShouldReturnSuccess_WhenValidCredentials" storage="/users/ursmuff/source/living-codex-csharp/src/codexbootstrap.tests/bin/debug/net6.0/codexbootstrap.tests.dll" id="1c07a485-c5ef-f8ee-f55f-68f9eb497dae">
      <Execution id="f4d32fab-0fde-4774-b87a-3cc06884cb8f" />
      <TestMethod codeBase="/Users/ursmuff/source/Living-Codex-CSharp/src/CodexBootstrap.Tests/bin/Debug/net6.0/CodexBootstrap.Tests.dll" adapterTypeName="executor://xunit/VsTestRunner2/netcoreapp" className="CodexBootstrap.Tests.Modules.IdentityModuleApiTests" name="Authenticate_ShouldReturnSuccess_WhenValidCredentials" />
    </UnitTest>
    <UnitTest name="CodexBootstrap.Tests.IdentityTests.MockIdentityProvider_ShouldGetAllMockUsers" storage="/users/ursmuff/source/living-codex-csharp/src/codexbootstrap.tests/bin/debug/net6.0/codexbootstrap.tests.dll" id="3f4da332-2fb9-784e-8300-a3ffc13949c4">
      <Execution id="5094634e-870f-46e7-ae83-e6cf4f9ebaa2" />
      <TestMethod codeBase="/Users/ursmuff/source/Living-Codex-CSharp/src/CodexBootstrap.Tests/bin/Debug/net6.0/CodexBootstrap.Tests.dll" adapterTypeName="executor://xunit/VsTestRunner2/netcoreapp" className="CodexBootstrap.Tests.IdentityTests" name="MockIdentityProvider_ShouldGetAllMockUsers" />
    </UnitTest>
    <UnitTest name="CodexBootstrap.Tests.Modules.NewsModuleApiTests.GetTrendingTopics_ShouldRespondWithinAcceptableTime" storage="/users/ursmuff/source/living-codex-csharp/src/codexbootstrap.tests/bin/debug/net6.0/codexbootstrap.tests.dll" id="bae85a23-fcdf-5f3d-d506-0fa1d219f067">
      <Execution id="ebba34b3-cb9e-4270-b1f8-ab4815d9b9b9" />
      <TestMethod codeBase="/Users/ursmuff/source/Living-Codex-CSharp/src/CodexBootstrap.Tests/bin/Debug/net6.0/CodexBootstrap.Tests.dll" adapterTypeName="executor://xunit/VsTestRunner2/netcoreapp" className="CodexBootstrap.Tests.Modules.NewsModuleApiTests" name="GetTrendingTopics_ShouldRespondWithinAcceptableTime" />
    </UnitTest>
    <UnitTest name="CodexBootstrap.Tests.Core.StateTransitionTests.ServerRestart_ShouldMaintainEdgePersistenceInCorrectBackends" storage="/users/ursmuff/source/living-codex-csharp/src/codexbootstrap.tests/bin/debug/net6.0/codexbootstrap.tests.dll" id="0f98bb0f-1c90-6365-7244-a712d1b631fa">
      <Execution id="89253f34-f5f9-4315-be0b-c9b5c3c800f9" />
      <TestMethod codeBase="/Users/ursmuff/source/Living-Codex-CSharp/src/CodexBootstrap.Tests/bin/Debug/net6.0/CodexBootstrap.Tests.dll" adapterTypeName="executor://xunit/VsTestRunner2/netcoreapp" className="CodexBootstrap.Tests.Core.StateTransitionTests" name="ServerRestart_ShouldMaintainEdgePersistenceInCorrectBackends" />
    </UnitTest>
    <UnitTest name="CodexBootstrap.Tests.Core.LLMOrchestratorTests.ExecuteAsync_WithUnavailableService_ShouldReturnFallback" storage="/users/ursmuff/source/living-codex-csharp/src/codexbootstrap.tests/bin/debug/net6.0/codexbootstrap.tests.dll" id="c1296972-c12d-1979-50fb-ef6e48530532">
      <Execution id="6bf39034-ddaf-448d-a5a6-2c97bba907c7" />
      <TestMethod codeBase="/Users/ursmuff/source/Living-Codex-CSharp/src/CodexBootstrap.Tests/bin/Debug/net6.0/CodexBootstrap.Tests.dll" adapterTypeName="executor://xunit/VsTestRunner2/netcoreapp" className="CodexBootstrap.Tests.Core.LLMOrchestratorTests" name="ExecuteAsync_WithUnavailableService_ShouldReturnFallback" />
    </UnitTest>
    <UnitTest name="CodexBootstrap.Tests.IdentityTests.MockIdentityProvider_ShouldExchangeCodeForToken" storage="/users/ursmuff/source/living-codex-csharp/src/codexbootstrap.tests/bin/debug/net6.0/codexbootstrap.tests.dll" id="4c978083-c229-a01c-6a7c-ef18e5236170">
      <Execution id="63c8d1d6-be1a-4f28-878d-a93d7b850f1c" />
      <TestMethod codeBase="/Users/ursmuff/source/Living-Codex-CSharp/src/CodexBootstrap.Tests/bin/Debug/net6.0/CodexBootstrap.Tests.dll" adapterTypeName="executor://xunit/VsTestRunner2/netcoreapp" className="CodexBootstrap.Tests.IdentityTests" name="MockIdentityProvider_ShouldExchangeCodeForToken" />
    </UnitTest>
    <UnitTest name="CodexBootstrap.Tests.Modules.FutureKnowledgeModuleTests.ApplyFutureKnowledge_WithNonExistentKnowledge_ReturnsError" storage="/users/ursmuff/source/living-codex-csharp/src/codexbootstrap.tests/bin/debug/net6.0/codexbootstrap.tests.dll" id="3b5b492a-a447-2aad-e146-fe2b0287447c">
      <Execution id="700fe71e-1427-4d21-a575-41b0421a098e" />
      <TestMethod codeBase="/Users/ursmuff/source/Living-Codex-CSharp/src/CodexBootstrap.Tests/bin/Debug/net6.0/CodexBootstrap.Tests.dll" adapterTypeName="executor://xunit/VsTestRunner2/netcoreapp" className="CodexBootstrap.Tests.Modules.FutureKnowledgeModuleTests" name="ApplyFutureKnowledge_WithNonExistentKnowledge_ReturnsError" />
    </UnitTest>
    <UnitTest name="CodexBootstrap.Tests.Modules.EnergyModuleApiTests.GetContributorEnergy_ShouldReturnBadRequest_WhenUserIdInvalid_WhenImplemented" storage="/users/ursmuff/source/living-codex-csharp/src/codexbootstrap.tests/bin/debug/net6.0/codexbootstrap.tests.dll" id="5fd7373e-836c-fd3b-1266-60a16d14daf5">
      <Execution id="f4494652-2bad-4837-abbb-d097e5df40d3" />
      <TestMethod codeBase="/Users/ursmuff/source/Living-Codex-CSharp/src/CodexBootstrap.Tests/bin/Debug/net6.0/CodexBootstrap.Tests.dll" adapterTypeName="executor://xunit/VsTestRunner2/netcoreapp" className="CodexBootstrap.Tests.Modules.EnergyModuleApiTests" name="GetContributorEnergy_ShouldReturnBadRequest_WhenUserIdInvalid_WhenImplemented" />
    </UnitTest>
    <UnitTest name="CodexBootstrap.Tests.IdentityTests.GetUserProfile_ShouldReturnUserProfile" storage="/users/ursmuff/source/living-codex-csharp/src/codexbootstrap.tests/bin/debug/net6.0/codexbootstrap.tests.dll" id="19930103-19e2-d6c6-243c-55a9ec794a78">
      <Execution id="3488edcb-0c85-488a-8cbe-acf32832eb2e" />
      <TestMethod codeBase="/Users/ursmuff/source/Living-Codex-CSharp/src/CodexBootstrap.Tests/bin/Debug/net6.0/CodexBootstrap.Tests.dll" adapterTypeName="executor://xunit/VsTestRunner2/netcoreapp" className="CodexBootstrap.Tests.IdentityTests" name="GetUserProfile_ShouldReturnUserProfile" />
    </UnitTest>
    <UnitTest name="CodexBootstrap.Tests.Modules.RealAIConceptExtractionTests.ExtractConceptsFromSpiritualNews_ShouldIdentifyTransformationAndUnityConcepts" storage="/users/ursmuff/source/living-codex-csharp/src/codexbootstrap.tests/bin/debug/net6.0/codexbootstrap.tests.dll" id="5c76b9d5-d314-d6a4-6bde-2bc1a5dcfc87">
      <Execution id="f4f34920-20a0-4df5-8172-0b427d7c1fc5" />
      <TestMethod codeBase="/Users/ursmuff/source/Living-Codex-CSharp/src/CodexBootstrap.Tests/bin/Debug/net6.0/CodexBootstrap.Tests.dll" adapterTypeName="executor://xunit/VsTestRunner2/netcoreapp" className="CodexBootstrap.Tests.Modules.RealAIConceptExtractionTests" name="ExtractConceptsFromSpiritualNews_ShouldIdentifyTransformationAndUnityConcepts" />
    </UnitTest>
    <UnitTest name="CodexBootstrap.Tests.Modules.FutureKnowledgeModuleTests.ModuleNode_HasCorrectProperties" storage="/users/ursmuff/source/living-codex-csharp/src/codexbootstrap.tests/bin/debug/net6.0/codexbootstrap.tests.dll" id="bba67bf0-0da8-2aa3-67ad-89c48663e058">
      <Execution id="ca552e40-762a-44f9-9d4f-7d135ad37763" />
      <TestMethod codeBase="/Users/ursmuff/source/Living-Codex-CSharp/src/CodexBootstrap.Tests/bin/Debug/net6.0/CodexBootstrap.Tests.dll" adapterTypeName="executor://xunit/VsTestRunner2/netcoreapp" className="CodexBootstrap.Tests.Modules.FutureKnowledgeModuleTests" name="ModuleNode_HasCorrectProperties" />
    </UnitTest>
    <UnitTest name="CodexBootstrap.Tests.Modules.FutureKnowledgeModuleTests.GetTrendingPatterns_WithImplementation_ReturnsSuccess" storage="/users/ursmuff/source/living-codex-csharp/src/codexbootstrap.tests/bin/debug/net6.0/codexbootstrap.tests.dll" id="779c2e27-af4c-ae6c-e16f-ac2d878c1918">
      <Execution id="f0d196a1-46f5-4964-aa6a-38e0d19a7530" />
      <TestMethod codeBase="/Users/ursmuff/source/Living-Codex-CSharp/src/CodexBootstrap.Tests/bin/Debug/net6.0/CodexBootstrap.Tests.dll" adapterTypeName="executor://xunit/VsTestRunner2/netcoreapp" className="CodexBootstrap.Tests.Modules.FutureKnowledgeModuleTests" name="GetTrendingPatterns_WithImplementation_ReturnsSuccess" />
    </UnitTest>
    <UnitTest name="CodexBootstrap.Tests.Modules.CoreModuleTests.Constructor_ShouldInitializeCorrectly" storage="/users/ursmuff/source/living-codex-csharp/src/codexbootstrap.tests/bin/debug/net6.0/codexbootstrap.tests.dll" id="8e2e70aa-52bc-bb4c-eb25-92a87f9a71ab">
      <Execution id="832af0ed-e77e-4294-bb68-a5a571ed4ca0" />
      <TestMethod codeBase="/Users/ursmuff/source/Living-Codex-CSharp/src/CodexBootstrap.Tests/bin/Debug/net6.0/CodexBootstrap.Tests.dll" adapterTypeName="executor://xunit/VsTestRunner2/netcoreapp" className="CodexBootstrap.Tests.Modules.CoreModuleTests" name="Constructor_ShouldInitializeCorrectly" />
    </UnitTest>
    <UnitTest name="CodexBootstrap.Tests.ApiEndpointTests.UserEndpoints_ShouldBeAccessible" storage="/users/ursmuff/source/living-codex-csharp/src/codexbootstrap.tests/bin/debug/net6.0/codexbootstrap.tests.dll" id="f1e9172e-c439-b721-cfd4-273b562aabf9">
      <Execution id="83090232-cdee-44a7-b6ee-81328784f929" />
      <TestMethod codeBase="/Users/ursmuff/source/Living-Codex-CSharp/src/CodexBootstrap.Tests/bin/Debug/net6.0/CodexBootstrap.Tests.dll" adapterTypeName="executor://xunit/VsTestRunner2/netcoreapp" className="CodexBootstrap.Tests.ApiEndpointTests" name="UserEndpoints_ShouldBeAccessible" />
    </UnitTest>
    <UnitTest name="CodexBootstrap.Tests.Modules.AIModuleTests.RegisterHttpEndpoints_ShouldNotThrow" storage="/users/ursmuff/source/living-codex-csharp/src/codexbootstrap.tests/bin/debug/net6.0/codexbootstrap.tests.dll" id="65b80104-e391-765d-11f2-1a66e8fb8050">
      <Execution id="ea9e3e8d-3a4d-4bbc-9d30-80f2f4374a59" />
      <TestMethod codeBase="/Users/ursmuff/source/Living-Codex-CSharp/src/CodexBootstrap.Tests/bin/Debug/net6.0/CodexBootstrap.Tests.dll" adapterTypeName="executor://xunit/VsTestRunner2/netcoreapp" className="CodexBootstrap.Tests.Modules.AIModuleTests" name="RegisterHttpEndpoints_ShouldNotThrow" />
    </UnitTest>
    <UnitTest name="CodexBootstrap.Tests.Core.NodePersistenceTests.EdgePersistence_IceToIce_ShouldPersistInIceStorage" storage="/users/ursmuff/source/living-codex-csharp/src/codexbootstrap.tests/bin/debug/net6.0/codexbootstrap.tests.dll" id="297dbb1d-563a-4ae2-6e9d-d6d45465095a">
      <Execution id="8b406446-29bc-4b47-9ca2-dad12cf8dfc3" />
      <TestMethod codeBase="/Users/ursmuff/source/Living-Codex-CSharp/src/CodexBootstrap.Tests/bin/Debug/net6.0/CodexBootstrap.Tests.dll" adapterTypeName="executor://xunit/VsTestRunner2/netcoreapp" className="CodexBootstrap.Tests.Core.NodePersistenceTests" name="EdgePersistence_IceToIce_ShouldPersistInIceStorage" />
    </UnitTest>
    <UnitTest name="CodexBootstrap.Tests.Modules.VisualValidationModuleTests.ValidateComponentAgainstSpec_ShouldReturnValidationResult" storage="/users/ursmuff/source/living-codex-csharp/src/codexbootstrap.tests/bin/debug/net6.0/codexbootstrap.tests.dll" id="b95d7986-cd5c-1d27-935d-048129f27e6c">
      <Execution id="4ed82576-056d-4a78-86a1-cb38f93b1302" />
      <TestMethod codeBase="/Users/ursmuff/source/Living-Codex-CSharp/src/CodexBootstrap.Tests/bin/Debug/net6.0/CodexBootstrap.Tests.dll" adapterTypeName="executor://xunit/VsTestRunner2/netcoreapp" className="CodexBootstrap.Tests.Modules.VisualValidationModuleTests" name="ValidateComponentAgainstSpec_ShouldReturnValidationResult" />
    </UnitTest>
    <UnitTest name="CodexBootstrap.Tests.ApiEndpointTests.Root_ShouldReturnResponse" storage="/users/ursmuff/source/living-codex-csharp/src/codexbootstrap.tests/bin/debug/net6.0/codexbootstrap.tests.dll" id="0c97d759-0190-10c2-9a46-6ea0e0639ab1">
      <Execution id="a51eb32b-2798-460b-9648-2afa6fa79501" />
      <TestMethod codeBase="/Users/ursmuff/source/Living-Codex-CSharp/src/CodexBootstrap.Tests/bin/Debug/net6.0/CodexBootstrap.Tests.dll" adapterTypeName="executor://xunit/VsTestRunner2/netcoreapp" className="CodexBootstrap.Tests.ApiEndpointTests" name="Root_ShouldReturnResponse" />
    </UnitTest>
    <UnitTest name="CodexBootstrap.Tests.SimpleIntegrationTests.RootEndpoint_ShouldRespond" storage="/users/ursmuff/source/living-codex-csharp/src/codexbootstrap.tests/bin/debug/net6.0/codexbootstrap.tests.dll" id="e9843f28-60bb-39a2-a561-28fdfd88f317">
      <Execution id="20b59da5-8b71-4690-a4c0-90353b8b7113" />
      <TestMethod codeBase="/Users/ursmuff/source/Living-Codex-CSharp/src/CodexBootstrap.Tests/bin/Debug/net6.0/CodexBootstrap.Tests.dll" adapterTypeName="executor://xunit/VsTestRunner2/netcoreapp" className="CodexBootstrap.Tests.SimpleIntegrationTests" name="RootEndpoint_ShouldRespond" />
    </UnitTest>
    <UnitTest name="CodexBootstrap.Tests.Modules.NewsModuleApiTests.GetRelatedNews_ShouldReturnNotFound_WhenNewsItemNotFound" storage="/users/ursmuff/source/living-codex-csharp/src/codexbootstrap.tests/bin/debug/net6.0/codexbootstrap.tests.dll" id="0500d70f-e850-de9a-7eba-8164c3b2fd99">
      <Execution id="745faebe-8224-49ab-86f9-49e2fe1fa6b2" />
      <TestMethod codeBase="/Users/ursmuff/source/Living-Codex-CSharp/src/CodexBootstrap.Tests/bin/Debug/net6.0/CodexBootstrap.Tests.dll" adapterTypeName="executor://xunit/VsTestRunner2/netcoreapp" className="CodexBootstrap.Tests.Modules.NewsModuleApiTests" name="GetRelatedNews_ShouldReturnNotFound_WhenNewsItemNotFound" />
    </UnitTest>
    <UnitTest name="CodexBootstrap.Tests.Core.NodePersistenceTests.NodeStateTransition_Ice_ShouldPersistInIceStorage" storage="/users/ursmuff/source/living-codex-csharp/src/codexbootstrap.tests/bin/debug/net6.0/codexbootstrap.tests.dll" id="ef5b8d9e-795c-054a-92ba-fd2f4509fbbb">
      <Execution id="25975e9b-f095-4678-abbe-fa6296b93739" />
      <TestMethod codeBase="/Users/ursmuff/source/Living-Codex-CSharp/src/CodexBootstrap.Tests/bin/Debug/net6.0/CodexBootstrap.Tests.dll" adapterTypeName="executor://xunit/VsTestRunner2/netcoreapp" className="CodexBootstrap.Tests.Core.NodePersistenceTests" name="NodeStateTransition_Ice_ShouldPersistInIceStorage" />
    </UnitTest>
    <UnitTest name="CodexBootstrap.Tests.Modules.NewsModuleApiTests.GetTrendingTopics_ShouldAcceptLimitParameter" storage="/users/ursmuff/source/living-codex-csharp/src/codexbootstrap.tests/bin/debug/net6.0/codexbootstrap.tests.dll" id="d369dd01-3a76-1028-9769-257b2738d39c">
      <Execution id="a0ef1f3e-089c-460a-8117-01e5e2f8306a" />
      <TestMethod codeBase="/Users/ursmuff/source/Living-Codex-CSharp/src/CodexBootstrap.Tests/bin/Debug/net6.0/CodexBootstrap.Tests.dll" adapterTypeName="executor://xunit/VsTestRunner2/netcoreapp" className="CodexBootstrap.Tests.Modules.NewsModuleApiTests" name="GetTrendingTopics_ShouldAcceptLimitParameter" />
    </UnitTest>
    <UnitTest name="CodexBootstrap.Tests.Modules.CoreModuleTests.RegisterHttpEndpoints_ShouldNotThrow" storage="/users/ursmuff/source/living-codex-csharp/src/codexbootstrap.tests/bin/debug/net6.0/codexbootstrap.tests.dll" id="65b592a1-b0ad-ad07-be7a-ec8928e7c9ae">
      <Execution id="419c3181-0e3b-4ac3-8c09-9176b9d6deaf" />
      <TestMethod codeBase="/Users/ursmuff/source/Living-Codex-CSharp/src/CodexBootstrap.Tests/bin/Debug/net6.0/CodexBootstrap.Tests.dll" adapterTypeName="executor://xunit/VsTestRunner2/netcoreapp" className="CodexBootstrap.Tests.Modules.CoreModuleTests" name="RegisterHttpEndpoints_ShouldNotThrow" />
    </UnitTest>
    <UnitTest name="CodexBootstrap.Tests.Modules.NoMockDataRegressionTests.Health_SystemStatus_DoesNotMentionMockOrSimulation" storage="/users/ursmuff/source/living-codex-csharp/src/codexbootstrap.tests/bin/debug/net6.0/codexbootstrap.tests.dll" id="ca6abf66-bfa7-ba9c-4a7c-c7bb3f9e50f3">
      <Execution id="fea725c0-5f53-40e3-8440-3cdcdd6e0144" />
      <TestMethod codeBase="/Users/ursmuff/source/Living-Codex-CSharp/src/CodexBootstrap.Tests/bin/Debug/net6.0/CodexBootstrap.Tests.dll" adapterTypeName="executor://xunit/VsTestRunner2/netcoreapp" className="CodexBootstrap.Tests.Modules.NoMockDataRegressionTests" name="Health_SystemStatus_DoesNotMentionMockOrSimulation" />
    </UnitTest>
    <UnitTest name="CodexBootstrap.Tests.Modules.NoMockDataRegressionTests.FutureKnowledge_RetrieveFutureKnowledge_WithRealImplementation_ReturnsSuccess" storage="/users/ursmuff/source/living-codex-csharp/src/codexbootstrap.tests/bin/debug/net6.0/codexbootstrap.tests.dll" id="7e413d25-15e9-ae82-c3ad-0fea9e290606">
      <Execution id="ab1ec775-efd1-41e7-aa3b-3c48172d2d7e" />
      <TestMethod codeBase="/Users/ursmuff/source/Living-Codex-CSharp/src/CodexBootstrap.Tests/bin/Debug/net6.0/CodexBootstrap.Tests.dll" adapterTypeName="executor://xunit/VsTestRunner2/netcoreapp" className="CodexBootstrap.Tests.Modules.NoMockDataRegressionTests" name="FutureKnowledge_RetrieveFutureKnowledge_WithRealImplementation_ReturnsSuccess" />
    </UnitTest>
    <UnitTest name="CodexBootstrap.Tests.Modules.IdentityModuleApiTests.Authenticate_ShouldReturnUnauthorized_WhenInvalidCredentials" storage="/users/ursmuff/source/living-codex-csharp/src/codexbootstrap.tests/bin/debug/net6.0/codexbootstrap.tests.dll" id="699de456-4b30-e20b-d29b-f9997d34c156">
      <Execution id="263dc6dc-19d6-4035-8584-4d6b6a85d9d4" />
      <TestMethod codeBase="/Users/ursmuff/source/Living-Codex-CSharp/src/CodexBootstrap.Tests/bin/Debug/net6.0/CodexBootstrap.Tests.dll" adapterTypeName="executor://xunit/VsTestRunner2/netcoreapp" className="CodexBootstrap.Tests.Modules.IdentityModuleApiTests" name="Authenticate_ShouldReturnUnauthorized_WhenInvalidCredentials" />
    </UnitTest>
    <UnitTest name="CodexBootstrap.Tests.NewsSourceTests.NewsSourceTypes_Should_BeValid" storage="/users/ursmuff/source/living-codex-csharp/src/codexbootstrap.tests/bin/debug/net6.0/codexbootstrap.tests.dll" id="223d2f32-df21-1170-abbc-18413ef59c92">
      <Execution id="b2da19fb-c724-4812-b36c-80aa2cb3022f" />
      <TestMethod codeBase="/Users/ursmuff/source/Living-Codex-CSharp/src/CodexBootstrap.Tests/bin/Debug/net6.0/CodexBootstrap.Tests.dll" adapterTypeName="executor://xunit/VsTestRunner2/netcoreapp" className="CodexBootstrap.Tests.NewsSourceTests" name="NewsSourceTypes_Should_BeValid" />
    </UnitTest>
    <UnitTest name="CodexBootstrap.Tests.Modules.ConceptModuleApiTests.CreateConceptLegacy_ShouldReturnSuccess_WhenValidRequest" storage="/users/ursmuff/source/living-codex-csharp/src/codexbootstrap.tests/bin/debug/net6.0/codexbootstrap.tests.dll" id="9703efcc-6a13-36f7-cf46-5b1fef7db5be">
      <Execution id="353260dd-b08d-4929-ad43-852917482a98" />
      <TestMethod codeBase="/Users/ursmuff/source/Living-Codex-CSharp/src/CodexBootstrap.Tests/bin/Debug/net6.0/CodexBootstrap.Tests.dll" adapterTypeName="executor://xunit/VsTestRunner2/netcoreapp" className="CodexBootstrap.Tests.Modules.ConceptModuleApiTests" name="CreateConceptLegacy_ShouldReturnSuccess_WhenValidRequest" />
    </UnitTest>
    <UnitTest name="CodexBootstrap.Tests.Modules.NoMockDataRegressionTests.ModuleEndpoints_WithInvalidData_ReturnCleanErrors(endpoint: &quot;/threads/create&quot;)" storage="/users/ursmuff/source/living-codex-csharp/src/codexbootstrap.tests/bin/debug/net6.0/codexbootstrap.tests.dll" id="e8d4d606-490f-c18b-b9f2-d71b9249e382">
      <Execution id="79c68b8d-ad7f-4b6d-89d0-43a4739adc48" />
      <TestMethod codeBase="/Users/ursmuff/source/Living-Codex-CSharp/src/CodexBootstrap.Tests/bin/Debug/net6.0/CodexBootstrap.Tests.dll" adapterTypeName="executor://xunit/VsTestRunner2/netcoreapp" className="CodexBootstrap.Tests.Modules.NoMockDataRegressionTests" name="ModuleEndpoints_WithInvalidData_ReturnCleanErrors" />
    </UnitTest>
    <UnitTest name="CodexBootstrap.Tests.Modules.FileSystemModuleTests.UpdateFileContent_WithValidRequest_UpdatesFileAndNode" storage="/users/ursmuff/source/living-codex-csharp/src/codexbootstrap.tests/bin/debug/net6.0/codexbootstrap.tests.dll" id="8526b0ec-4803-dd78-6467-133c6f30ed12">
      <Execution id="d2357f00-ac51-4c2d-b482-417b45266e3b" />
      <TestMethod codeBase="/Users/ursmuff/source/Living-Codex-CSharp/src/CodexBootstrap.Tests/bin/Debug/net6.0/CodexBootstrap.Tests.dll" adapterTypeName="executor://xunit/VsTestRunner2/netcoreapp" className="CodexBootstrap.Tests.Modules.FileSystemModuleTests" name="UpdateFileContent_WithValidRequest_UpdatesFileAndNode" />
    </UnitTest>
    <UnitTest name="CodexBootstrap.Tests.Core.NodePersistenceTests.StressTest_ManyNodesAndEdges_ShouldMaintainPerformance" storage="/users/ursmuff/source/living-codex-csharp/src/codexbootstrap.tests/bin/debug/net6.0/codexbootstrap.tests.dll" id="30c37470-8d6f-a7b2-7507-7a508b6368f0">
      <Execution id="078b7641-7290-4d75-ad69-5596005090ba" />
      <TestMethod codeBase="/Users/ursmuff/source/Living-Codex-CSharp/src/CodexBootstrap.Tests/bin/Debug/net6.0/CodexBootstrap.Tests.dll" adapterTypeName="executor://xunit/VsTestRunner2/netcoreapp" className="CodexBootstrap.Tests.Core.NodePersistenceTests" name="StressTest_ManyNodesAndEdges_ShouldMaintainPerformance" />
    </UnitTest>
    <UnitTest name="CodexBootstrap.Tests.Modules.CoreModuleTests.GetModuleNode_ShouldReturnModuleNode" storage="/users/ursmuff/source/living-codex-csharp/src/codexbootstrap.tests/bin/debug/net6.0/codexbootstrap.tests.dll" id="7a9984de-d3ac-18cd-d3c6-06e7c8272524">
      <Execution id="74da8dca-949b-4953-a62e-7eb24dbd478b" />
      <TestMethod codeBase="/Users/ursmuff/source/Living-Codex-CSharp/src/CodexBootstrap.Tests/bin/Debug/net6.0/CodexBootstrap.Tests.dll" adapterTypeName="executor://xunit/VsTestRunner2/netcoreapp" className="CodexBootstrap.Tests.Modules.CoreModuleTests" name="GetModuleNode_ShouldReturnModuleNode" />
    </UnitTest>
    <UnitTest name="CodexBootstrap.Tests.ApiEndpointTests.Modules_ShouldReturnModuleList" storage="/users/ursmuff/source/living-codex-csharp/src/codexbootstrap.tests/bin/debug/net6.0/codexbootstrap.tests.dll" id="079febbc-fefa-997d-a518-2bb9b896a10f">
      <Execution id="f6197243-4ab2-4309-ab5c-2f0774dc3fba" />
      <TestMethod codeBase="/Users/ursmuff/source/Living-Codex-CSharp/src/CodexBootstrap.Tests/bin/Debug/net6.0/CodexBootstrap.Tests.dll" adapterTypeName="executor://xunit/VsTestRunner2/netcoreapp" className="CodexBootstrap.Tests.ApiEndpointTests" name="Modules_ShouldReturnModuleList" />
    </UnitTest>
    <UnitTest name="CodexBootstrap.Tests.Modules.GalleryModuleTests.CreateGalleryItem_WithValidData_CreatesSuccessfully" storage="/users/ursmuff/source/living-codex-csharp/src/codexbootstrap.tests/bin/debug/net6.0/codexbootstrap.tests.dll" id="fac53d0a-a8d0-7e01-0000-597c45ffcfe4">
      <Execution id="5b344928-4850-4927-9a26-3adb9033c767" />
      <TestMethod codeBase="/Users/ursmuff/source/Living-Codex-CSharp/src/CodexBootstrap.Tests/bin/Debug/net6.0/CodexBootstrap.Tests.dll" adapterTypeName="executor://xunit/VsTestRunner2/netcoreapp" className="CodexBootstrap.Tests.Modules.GalleryModuleTests" name="CreateGalleryItem_WithValidData_CreatesSuccessfully" />
    </UnitTest>
    <UnitTest name="CodexBootstrap.Tests.Modules.NewsModuleApiTests.MarkNewsAsRead_ShouldReturnSuccess_WhenCalled" storage="/users/ursmuff/source/living-codex-csharp/src/codexbootstrap.tests/bin/debug/net6.0/codexbootstrap.tests.dll" id="5c474062-002c-63b6-812f-52223136dd77">
      <Execution id="edbd466c-e3a0-41c5-9149-67a821f36c02" />
      <TestMethod codeBase="/Users/ursmuff/source/Living-Codex-CSharp/src/CodexBootstrap.Tests/bin/Debug/net6.0/CodexBootstrap.Tests.dll" adapterTypeName="executor://xunit/VsTestRunner2/netcoreapp" className="CodexBootstrap.Tests.Modules.NewsModuleApiTests" name="MarkNewsAsRead_ShouldReturnSuccess_WhenCalled" />
    </UnitTest>
    <UnitTest name="CodexBootstrap.Tests.Modules.EnergyModuleApiTests.RecordContribution_ShouldReturnSuccess_WhenImplemented" storage="/users/ursmuff/source/living-codex-csharp/src/codexbootstrap.tests/bin/debug/net6.0/codexbootstrap.tests.dll" id="2577ff6c-ab5b-df66-2d86-248c489cf166">
      <Execution id="d26dbad7-2e6a-4650-8be2-22fc50bdd3ba" />
      <TestMethod codeBase="/Users/ursmuff/source/Living-Codex-CSharp/src/CodexBootstrap.Tests/bin/Debug/net6.0/CodexBootstrap.Tests.dll" adapterTypeName="executor://xunit/VsTestRunner2/netcoreapp" className="CodexBootstrap.Tests.Modules.EnergyModuleApiTests" name="RecordContribution_ShouldReturnSuccess_WhenImplemented" />
    </UnitTest>
    <UnitTest name="CodexBootstrap.Tests.Integration.ApiIntegrationTests.SwaggerEndpoint_ShouldReturnSwaggerDocumentation" storage="/users/ursmuff/source/living-codex-csharp/src/codexbootstrap.tests/bin/debug/net6.0/codexbootstrap.tests.dll" id="441903f8-b742-d387-3227-bca90d5fdf20">
      <Execution id="5524a7be-a984-4bd5-a743-dd21e0ddf2c2" />
      <TestMethod codeBase="/Users/ursmuff/source/Living-Codex-CSharp/src/CodexBootstrap.Tests/bin/Debug/net6.0/CodexBootstrap.Tests.dll" adapterTypeName="executor://xunit/VsTestRunner2/netcoreapp" className="CodexBootstrap.Tests.Integration.ApiIntegrationTests" name="SwaggerEndpoint_ShouldReturnSwaggerDocumentation" />
    </UnitTest>
    <UnitTest name="CodexBootstrap.Tests.ApiIntegrationTests.Modules_ShouldBeAvailable" storage="/users/ursmuff/source/living-codex-csharp/src/codexbootstrap.tests/bin/debug/net6.0/codexbootstrap.tests.dll" id="5f315f1e-d6f1-03f6-3f34-8b951770fd4b">
      <Execution id="6d1aa59c-a4c9-436e-a654-56b8f5b9ecaa" />
      <TestMethod codeBase="/Users/ursmuff/source/Living-Codex-CSharp/src/CodexBootstrap.Tests/bin/Debug/net6.0/CodexBootstrap.Tests.dll" adapterTypeName="executor://xunit/VsTestRunner2/netcoreapp" className="CodexBootstrap.Tests.ApiIntegrationTests" name="Modules_ShouldBeAvailable" />
    </UnitTest>
    <UnitTest name="CodexBootstrap.Tests.UCoreOntologyTests.UCoreInitializer_Should_LoadRelationshipTypes" storage="/users/ursmuff/source/living-codex-csharp/src/codexbootstrap.tests/bin/debug/net6.0/codexbootstrap.tests.dll" id="1166eab5-8ec3-1343-8265-62eea03d0889">
      <Execution id="5a5273ea-3989-42c4-a09e-c3cd2ad3df27" />
      <TestMethod codeBase="/Users/ursmuff/source/Living-Codex-CSharp/src/CodexBootstrap.Tests/bin/Debug/net6.0/CodexBootstrap.Tests.dll" adapterTypeName="executor://xunit/VsTestRunner2/netcoreapp" className="CodexBootstrap.Tests.UCoreOntologyTests" name="UCoreInitializer_Should_LoadRelationshipTypes" />
    </UnitTest>
    <UnitTest name="CodexBootstrap.Tests.Core.NodePersistenceTests.EdgePersistence_MixedStates_ShouldBeGas" storage="/users/ursmuff/source/living-codex-csharp/src/codexbootstrap.tests/bin/debug/net6.0/codexbootstrap.tests.dll" id="f7b0b764-6d52-78e1-ce67-39dccd32fc90">
      <Execution id="a0b67138-8532-4581-9822-cdeabd9eacd2" />
      <TestMethod codeBase="/Users/ursmuff/source/Living-Codex-CSharp/src/CodexBootstrap.Tests/bin/Debug/net6.0/CodexBootstrap.Tests.dll" adapterTypeName="executor://xunit/VsTestRunner2/netcoreapp" className="CodexBootstrap.Tests.Core.NodePersistenceTests" name="EdgePersistence_MixedStates_ShouldBeGas" />
    </UnitTest>
    <UnitTest name="CodexBootstrap.Tests.PortConfigurationTests.Swagger_ShouldBeAvailableOnPort" storage="/users/ursmuff/source/living-codex-csharp/src/codexbootstrap.tests/bin/debug/net6.0/codexbootstrap.tests.dll" id="4d5b8656-5c24-f46d-b781-bdd5173b1d4a">
      <Execution id="54ef4c0b-a6bf-40f6-9476-933841757f93" />
      <TestMethod codeBase="/Users/ursmuff/source/Living-Codex-CSharp/src/CodexBootstrap.Tests/bin/Debug/net6.0/CodexBootstrap.Tests.dll" adapterTypeName="executor://xunit/VsTestRunner2/netcoreapp" className="CodexBootstrap.Tests.PortConfigurationTests" name="Swagger_ShouldBeAvailableOnPort" />
    </UnitTest>
    <UnitTest name="CodexBootstrap.Tests.ApiIntegrationTests.Swagger_ShouldBeAvailable" storage="/users/ursmuff/source/living-codex-csharp/src/codexbootstrap.tests/bin/debug/net6.0/codexbootstrap.tests.dll" id="6d4dda94-e519-5838-44e2-8dc3d94e25ab">
      <Execution id="149f1d41-2dd2-4987-bda8-6410eb523ab3" />
      <TestMethod codeBase="/Users/ursmuff/source/Living-Codex-CSharp/src/CodexBootstrap.Tests/bin/Debug/net6.0/CodexBootstrap.Tests.dll" adapterTypeName="executor://xunit/VsTestRunner2/netcoreapp" className="CodexBootstrap.Tests.ApiIntegrationTests" name="Swagger_ShouldBeAvailable" />
    </UnitTest>
    <UnitTest name="CodexBootstrap.Tests.Modules.VisualValidationModuleTests.RenderComponentToImage_ShouldStoreNodeAndReturnSuccess" storage="/users/ursmuff/source/living-codex-csharp/src/codexbootstrap.tests/bin/debug/net6.0/codexbootstrap.tests.dll" id="acc7a2a6-5b6f-24ca-1251-941601005cf3">
      <Execution id="600a1abb-53b3-4d28-9c90-63bf4fa63701" />
      <TestMethod codeBase="/Users/ursmuff/source/Living-Codex-CSharp/src/CodexBootstrap.Tests/bin/Debug/net6.0/CodexBootstrap.Tests.dll" adapterTypeName="executor://xunit/VsTestRunner2/netcoreapp" className="CodexBootstrap.Tests.Modules.VisualValidationModuleTests" name="RenderComponentToImage_ShouldStoreNodeAndReturnSuccess" />
    </UnitTest>
    <UnitTest name="CodexBootstrap.Tests.IdentityTests.IdentityProviders_ShouldReturnAvailableProviders" storage="/users/ursmuff/source/living-codex-csharp/src/codexbootstrap.tests/bin/debug/net6.0/codexbootstrap.tests.dll" id="65339b3c-9de7-638f-f604-692a2aef89ff">
      <Execution id="aca0d99d-5725-4027-807e-58d9bc9adedd" />
      <TestMethod codeBase="/Users/ursmuff/source/Living-Codex-CSharp/src/CodexBootstrap.Tests/bin/Debug/net6.0/CodexBootstrap.Tests.dll" adapterTypeName="executor://xunit/VsTestRunner2/netcoreapp" className="CodexBootstrap.Tests.IdentityTests" name="IdentityProviders_ShouldReturnAvailableProviders" />
    </UnitTest>
    <UnitTest name="CodexBootstrap.Tests.Modules.UXPrimitivesModuleTests.GenerateReflection_WithNonExistentContent_ReturnsError" storage="/users/ursmuff/source/living-codex-csharp/src/codexbootstrap.tests/bin/debug/net6.0/codexbootstrap.tests.dll" id="b55e377f-0118-4ced-cfa6-b015b03a53b0">
      <Execution id="2cad98dd-d852-47da-ae71-8ad43a700cc9" />
      <TestMethod codeBase="/Users/ursmuff/source/Living-Codex-CSharp/src/CodexBootstrap.Tests/bin/Debug/net6.0/CodexBootstrap.Tests.dll" adapterTypeName="executor://xunit/VsTestRunner2/netcoreapp" className="CodexBootstrap.Tests.Modules.UXPrimitivesModuleTests" name="GenerateReflection_WithNonExistentContent_ReturnsError" />
    </UnitTest>
    <UnitTest name="CodexBootstrap.Tests.NewsSourceTests.NewsSourcesConfig_Should_LoadAllSources" storage="/users/ursmuff/source/living-codex-csharp/src/codexbootstrap.tests/bin/debug/net6.0/codexbootstrap.tests.dll" id="1f3199f3-f842-d0f8-2cf4-0c685e5c5cf9">
      <Execution id="c6d04d9a-c7d3-48d9-9c13-c89f0e8cfc40" />
      <TestMethod codeBase="/Users/ursmuff/source/Living-Codex-CSharp/src/CodexBootstrap.Tests/bin/Debug/net6.0/CodexBootstrap.Tests.dll" adapterTypeName="executor://xunit/VsTestRunner2/netcoreapp" className="CodexBootstrap.Tests.NewsSourceTests" name="NewsSourcesConfig_Should_LoadAllSources" />
    </UnitTest>
  </TestDefinitions>
  <TestEntries>
    <TestEntry testId="bae85a23-fcdf-5f3d-d506-0fa1d219f067" executionId="ebba34b3-cb9e-4270-b1f8-ab4815d9b9b9" testListId="8c84fa94-04c1-424b-9868-57a2d4851a1d" />
    <TestEntry testId="7814cc71-5384-55ab-b67a-fb18f5ac5c5f" executionId="d1aa6609-4059-4c8e-a379-5c56e891a0b9" testListId="8c84fa94-04c1-424b-9868-57a2d4851a1d" />
    <TestEntry testId="0eb841ee-4360-bfaa-b760-47ef164dac80" executionId="528c854f-2266-43b4-896a-b5a3e31dfa23" testListId="8c84fa94-04c1-424b-9868-57a2d4851a1d" />
    <TestEntry testId="419a8404-3052-a939-642f-9bc8d54507ed" executionId="5b83a11f-a961-48a2-8790-7c225e657a96" testListId="8c84fa94-04c1-424b-9868-57a2d4851a1d" />
    <TestEntry testId="e568615c-3c9c-33c8-6eac-74638b778c06" executionId="5c94cb19-2e2b-44d1-9a67-ae1e8eae90cf" testListId="8c84fa94-04c1-424b-9868-57a2d4851a1d" />
    <TestEntry testId="ec5dab1e-1f0f-f383-92f5-6636c26252be" executionId="0b96aa3c-5b2e-4436-9fd9-d1a41258d5f3" testListId="8c84fa94-04c1-424b-9868-57a2d4851a1d" />
    <TestEntry testId="bea25778-24d9-fe1b-fa56-cac425810a84" executionId="44e296d3-7ac1-41b1-8a7b-8ba3cf2bb81e" testListId="8c84fa94-04c1-424b-9868-57a2d4851a1d" />
    <TestEntry testId="f7b0b764-6d52-78e1-ce67-39dccd32fc90" executionId="a0b67138-8532-4581-9822-cdeabd9eacd2" testListId="8c84fa94-04c1-424b-9868-57a2d4851a1d" />
    <TestEntry testId="a1457caa-f4c9-ba63-922a-5d90fbfc1363" executionId="ba99b7ee-347f-4e33-a889-b5067ff4f51f" testListId="8c84fa94-04c1-424b-9868-57a2d4851a1d" />
    <TestEntry testId="26e7a1ad-63a6-c657-4516-74b5caa9040c" executionId="15bea49a-e8e0-4a3f-a15f-b947f53e1ba0" testListId="8c84fa94-04c1-424b-9868-57a2d4851a1d" />
    <TestEntry testId="d7af24cc-1160-9a7c-4a14-3e64c6768ae5" executionId="d02e6390-b4d4-4ab1-8613-b1c9252498a9" testListId="8c84fa94-04c1-424b-9868-57a2d4851a1d" />
    <TestEntry testId="079febbc-fefa-997d-a518-2bb9b896a10f" executionId="f6197243-4ab2-4309-ab5c-2f0774dc3fba" testListId="8c84fa94-04c1-424b-9868-57a2d4851a1d" />
    <TestEntry testId="4eb589ee-9d4d-03f8-74f4-3090e3f3a730" executionId="5fb6907a-ffb1-4a6e-a940-393097950d56" testListId="8c84fa94-04c1-424b-9868-57a2d4851a1d" />
    <TestEntry testId="93e90a79-2955-16ca-0032-f17795f74b9e" executionId="8f24134d-7f53-4bba-b04d-709595e05ec8" testListId="8c84fa94-04c1-424b-9868-57a2d4851a1d" />
    <TestEntry testId="9703efcc-6a13-36f7-cf46-5b1fef7db5be" executionId="353260dd-b08d-4929-ad43-852917482a98" testListId="8c84fa94-04c1-424b-9868-57a2d4851a1d" />
    <TestEntry testId="9278bdb8-7599-f5f4-b1ea-3e31a3ba566f" executionId="d1d5c050-e039-4e6d-b1ee-03a3bf8d54d4" testListId="8c84fa94-04c1-424b-9868-57a2d4851a1d" />
    <TestEntry testId="223d2f32-df21-1170-abbc-18413ef59c92" executionId="b2da19fb-c724-4812-b36c-80aa2cb3022f" testListId="8c84fa94-04c1-424b-9868-57a2d4851a1d" />
    <TestEntry testId="19691bde-a850-be64-1937-e776a14dda46" executionId="f8a89c4b-1edc-4d37-aae2-bcbbe04c6d58" testListId="8c84fa94-04c1-424b-9868-57a2d4851a1d" />
    <TestEntry testId="779c2e27-af4c-ae6c-e16f-ac2d878c1918" executionId="f0d196a1-46f5-4964-aa6a-38e0d19a7530" testListId="8c84fa94-04c1-424b-9868-57a2d4851a1d" />
    <TestEntry testId="8526b0ec-4803-dd78-6467-133c6f30ed12" executionId="d2357f00-ac51-4c2d-b482-417b45266e3b" testListId="8c84fa94-04c1-424b-9868-57a2d4851a1d" />
    <TestEntry testId="414bd08a-1856-619a-1a2c-f8de6ed4b859" executionId="0234831e-e9be-4f36-9fc4-67a7799e7024" testListId="8c84fa94-04c1-424b-9868-57a2d4851a1d" />
    <TestEntry testId="af1e193b-6914-4dd6-b3ed-2ac18e2a1b23" executionId="030571cf-da76-463a-876c-a4a0ef2a86e4" testListId="8c84fa94-04c1-424b-9868-57a2d4851a1d" />
    <TestEntry testId="c3abd107-5e96-3579-b50c-c5c9526624a6" executionId="9dcb215b-5018-4dc4-ad5e-f298880ad92d" testListId="8c84fa94-04c1-424b-9868-57a2d4851a1d" />
    <TestEntry testId="d97a6a51-1d28-ab30-5e6f-d68d2a74dcbf" executionId="29668553-f1a5-4d25-89fb-fe6aa8dcc24f" testListId="8c84fa94-04c1-424b-9868-57a2d4851a1d" />
    <TestEntry testId="a4d19a43-eee6-b34b-17f0-66d7158f5890" executionId="0a0b7e9e-26ed-411f-8736-6feaf2accd89" testListId="8c84fa94-04c1-424b-9868-57a2d4851a1d" />
    <TestEntry testId="5f8249b6-8a38-f488-9401-fb030ff393d5" executionId="292ab081-6563-4d0a-8cb0-43d0abebea54" testListId="8c84fa94-04c1-424b-9868-57a2d4851a1d" />
    <TestEntry testId="f1200e70-c88e-dbc8-b7b0-014a66ebf8a6" executionId="4f11dcba-7098-4be6-9fbb-339509a0db77" testListId="8c84fa94-04c1-424b-9868-57a2d4851a1d" />
    <TestEntry testId="950d7da6-55b8-4b89-a3fb-a58cb4462695" executionId="41ef2675-80c5-472d-8eb9-0e6af9a1c6e2" testListId="8c84fa94-04c1-424b-9868-57a2d4851a1d" />
    <TestEntry testId="1c07a485-c5ef-f8ee-f55f-68f9eb497dae" executionId="f4d32fab-0fde-4774-b87a-3cc06884cb8f" testListId="8c84fa94-04c1-424b-9868-57a2d4851a1d" />
    <TestEntry testId="d34512b0-24c2-85cf-1218-fa33c4d381bf" executionId="9ddb5e71-ca01-4cc3-a9e5-3867e60ada4b" testListId="8c84fa94-04c1-424b-9868-57a2d4851a1d" />
    <TestEntry testId="9dede88d-6de7-87ff-4549-77cfb8e6068f" executionId="250253f6-0ec9-4f6b-adce-3b36b1c17823" testListId="8c84fa94-04c1-424b-9868-57a2d4851a1d" />
    <TestEntry testId="511b09e9-fd91-89d6-3949-40db146ea6bd" executionId="d323eb66-77f2-4124-8b5c-ff822ba128bb" testListId="8c84fa94-04c1-424b-9868-57a2d4851a1d" />
    <TestEntry testId="d9ebdab0-e0e1-4dfb-e6ef-0b0976546f6d" executionId="0dde789f-0355-49fe-8711-82888f7ea326" testListId="8c84fa94-04c1-424b-9868-57a2d4851a1d" />
    <TestEntry testId="cda0a382-6483-cdc5-9e08-2b17d62c9076" executionId="d60df887-b658-438c-90b6-71eec0608591" testListId="8c84fa94-04c1-424b-9868-57a2d4851a1d" />
    <TestEntry testId="356cc5a1-12a0-34cb-5f3e-4ae7f80efd3b" executionId="5a20e65c-eead-45bb-bfac-1c9f19e6f711" testListId="8c84fa94-04c1-424b-9868-57a2d4851a1d" />
    <TestEntry testId="3ee13cb4-0958-6775-b9ba-c8af5a50fd57" executionId="55b0024e-0edd-4855-91d5-47821fdea959" testListId="8c84fa94-04c1-424b-9868-57a2d4851a1d" />
    <TestEntry testId="4d3ca544-276f-5d6d-1805-2b375093f8dc" executionId="fe942bad-ab27-4bff-a820-be2aef26d0f0" testListId="8c84fa94-04c1-424b-9868-57a2d4851a1d" />
    <TestEntry testId="e816d20a-430f-2d97-9262-77eb57c11839" executionId="bc756ede-b643-4272-b005-83cfcf87ca62" testListId="8c84fa94-04c1-424b-9868-57a2d4851a1d" />
    <TestEntry testId="0533f3e6-8f2d-57bf-a884-bf63325bfb90" executionId="3e2aca4c-4be8-4dc8-9cb4-743679b0fbc2" testListId="8c84fa94-04c1-424b-9868-57a2d4851a1d" />
    <TestEntry testId="4bd130c7-f504-8b12-ce2a-87666fadd50e" executionId="af5dab2d-2d43-496d-b23f-fa1b944c80a9" testListId="8c84fa94-04c1-424b-9868-57a2d4851a1d" />
    <TestEntry testId="fcef5775-779a-bf15-6f5f-56cf4b7bf258" executionId="10ff4380-00c4-4a23-8b5e-42b5d350fd88" testListId="8c84fa94-04c1-424b-9868-57a2d4851a1d" />
    <TestEntry testId="c0bc4442-97e7-adf6-c86b-0290475ca07f" executionId="9d35ecb0-dd77-4e4a-a081-deb9ed01bee7" testListId="8c84fa94-04c1-424b-9868-57a2d4851a1d" />
    <TestEntry testId="739ddbc9-29fb-28c3-7b57-b5ec668cdd0c" executionId="3d604a16-99cf-4584-b05b-84b42578e9a8" testListId="8c84fa94-04c1-424b-9868-57a2d4851a1d" />
    <TestEntry testId="4e73c103-f467-67e6-7049-e34249ba699f" executionId="6eee4f9c-b90a-4a1e-bcb2-cfc45758a2c9" testListId="8c84fa94-04c1-424b-9868-57a2d4851a1d" />
    <TestEntry testId="1529436c-8c17-521b-037f-0f4a6c1e07b3" executionId="cdb2b8ae-3bad-4c6c-80ad-eaec6e8e60d1" testListId="8c84fa94-04c1-424b-9868-57a2d4851a1d" />
    <TestEntry testId="e9843f28-60bb-39a2-a561-28fdfd88f317" executionId="20b59da5-8b71-4690-a4c0-90353b8b7113" testListId="8c84fa94-04c1-424b-9868-57a2d4851a1d" />
    <TestEntry testId="7d68e180-4522-1c63-e2b7-817dd0b2a6e5" executionId="5d2b3147-a3b4-4df7-b16f-07d6ae43d085" testListId="8c84fa94-04c1-424b-9868-57a2d4851a1d" />
    <TestEntry testId="65339b3c-9de7-638f-f604-692a2aef89ff" executionId="aca0d99d-5725-4027-807e-58d9bc9adedd" testListId="8c84fa94-04c1-424b-9868-57a2d4851a1d" />
    <TestEntry testId="bba67bf0-0da8-2aa3-67ad-89c48663e058" executionId="ca552e40-762a-44f9-9d4f-7d135ad37763" testListId="8c84fa94-04c1-424b-9868-57a2d4851a1d" />
    <TestEntry testId="a117d892-9fd1-1ad8-8d90-f3c71328203c" executionId="76057810-9843-4dfc-84bd-aa93e7b4cde2" testListId="8c84fa94-04c1-424b-9868-57a2d4851a1d" />
    <TestEntry testId="075a023e-ceab-b914-c2b0-73dc9a4930e6" executionId="cf8d82f5-10f4-4472-bb15-5e5eeba50fb6" testListId="8c84fa94-04c1-424b-9868-57a2d4851a1d" />
    <TestEntry testId="fc7bce22-4aa8-7f2e-5825-9a1561671044" executionId="af6d9799-4230-4440-aa20-42b4713c8ba4" testListId="8c84fa94-04c1-424b-9868-57a2d4851a1d" />
    <TestEntry testId="a5fef099-ba7b-ffee-c1d2-cd74a2ae92e6" executionId="17254a2d-9040-413e-89b5-0c7b0102c38b" testListId="8c84fa94-04c1-424b-9868-57a2d4851a1d" />
    <TestEntry testId="c5db2117-0201-03a3-9460-af9c37f77765" executionId="1d917721-f0a8-456e-95b5-568985da945b" testListId="8c84fa94-04c1-424b-9868-57a2d4851a1d" />
    <TestEntry testId="b16165b8-6f91-b918-f137-313f14ff474f" executionId="b3149400-89df-477c-bd6d-45423138ddf7" testListId="8c84fa94-04c1-424b-9868-57a2d4851a1d" />
    <TestEntry testId="48903600-7115-f18f-cfaa-40f126ec72dd" executionId="0a312c19-103f-4250-9a60-f7b0554b6522" testListId="8c84fa94-04c1-424b-9868-57a2d4851a1d" />
    <TestEntry testId="c1c3c15c-2fd4-f407-447a-9b6a9260e785" executionId="6185de1f-ff55-47df-a9a9-22f09b8a109e" testListId="8c84fa94-04c1-424b-9868-57a2d4851a1d" />
    <TestEntry testId="f3484da0-8315-cdca-e737-98c55468fb4e" executionId="7bd4fd42-7562-4bda-9733-13bf4f300c28" testListId="8c84fa94-04c1-424b-9868-57a2d4851a1d" />
    <TestEntry testId="ed4eeeaf-65c2-fe54-b0e2-7f711f9498db" executionId="f73e3851-d68f-4bb6-9785-054ea3a43a25" testListId="8c84fa94-04c1-424b-9868-57a2d4851a1d" />
    <TestEntry testId="43e2b03c-a2af-ef3b-ea65-35587a7a8502" executionId="7d71daf0-653d-44a6-bf5f-23a50df7f6a6" testListId="8c84fa94-04c1-424b-9868-57a2d4851a1d" />
    <TestEntry testId="2b034947-95be-beab-d32d-a72ae9771ccd" executionId="5dced5e2-6378-46bf-bfca-1c2dcfad572b" testListId="8c84fa94-04c1-424b-9868-57a2d4851a1d" />
    <TestEntry testId="5c76b9d5-d314-d6a4-6bde-2bc1a5dcfc87" executionId="f4f34920-20a0-4df5-8172-0b427d7c1fc5" testListId="8c84fa94-04c1-424b-9868-57a2d4851a1d" />
    <TestEntry testId="154b62c9-dfe1-2527-f8d9-a357f66717ec" executionId="9fb7fad3-fb48-421a-a97c-1bf14cca0554" testListId="8c84fa94-04c1-424b-9868-57a2d4851a1d" />
    <TestEntry testId="9fd16290-2ffd-477a-8430-1b48345fb6df" executionId="fc16c136-86d5-46e4-a70e-5db2e6597273" testListId="8c84fa94-04c1-424b-9868-57a2d4851a1d" />
    <TestEntry testId="5c474062-002c-63b6-812f-52223136dd77" executionId="edbd466c-e3a0-41c5-9149-67a821f36c02" testListId="8c84fa94-04c1-424b-9868-57a2d4851a1d" />
    <TestEntry testId="65b80104-e391-765d-11f2-1a66e8fb8050" executionId="ea9e3e8d-3a4d-4bbc-9d30-80f2f4374a59" testListId="8c84fa94-04c1-424b-9868-57a2d4851a1d" />
    <TestEntry testId="8256c5d2-edc2-214d-dcf5-e682bf42598b" executionId="26b4ff9e-390d-4e73-a705-f3f5d56a99f6" testListId="8c84fa94-04c1-424b-9868-57a2d4851a1d" />
    <TestEntry testId="aea25e69-8ef4-fcb6-b447-29de5becfc76" executionId="414265c4-4d79-4903-b81e-711a257f0c98" testListId="8c84fa94-04c1-424b-9868-57a2d4851a1d" />
    <TestEntry testId="c1296972-c12d-1979-50fb-ef6e48530532" executionId="6bf39034-ddaf-448d-a5a6-2c97bba907c7" testListId="8c84fa94-04c1-424b-9868-57a2d4851a1d" />
    <TestEntry testId="c901140a-8e9f-da3b-f7f8-502ef77600a4" executionId="08e7986d-15c0-40c5-9eb8-627a73e41b87" testListId="8c84fa94-04c1-424b-9868-57a2d4851a1d" />
    <TestEntry testId="53137f9b-436e-e65c-fa32-e820c39f3209" executionId="4736cbff-6cd3-4323-8531-027c1d0bb34d" testListId="8c84fa94-04c1-424b-9868-57a2d4851a1d" />
    <TestEntry testId="c7664158-decd-1ae9-8bcf-1591fb563b34" executionId="4b237fbe-bb77-4aed-bf2f-fee6836433da" testListId="8c84fa94-04c1-424b-9868-57a2d4851a1d" />
    <TestEntry testId="2b98f1ad-9067-5d96-8cc7-a0590be4d644" executionId="f734b1db-ff0f-4a75-84d8-4123b0fdf572" testListId="8c84fa94-04c1-424b-9868-57a2d4851a1d" />
    <TestEntry testId="4c978083-c229-a01c-6a7c-ef18e5236170" executionId="63c8d1d6-be1a-4f28-878d-a93d7b850f1c" testListId="8c84fa94-04c1-424b-9868-57a2d4851a1d" />
    <TestEntry testId="81ece0d0-0623-f285-5aef-39638b72d8de" executionId="1fa5d8f5-06a7-4b5e-a841-f73b346d810c" testListId="8c84fa94-04c1-424b-9868-57a2d4851a1d" />
    <TestEntry testId="9a702a54-932a-77ac-8e6e-5b1318f49c63" executionId="f95936a6-8a2f-42fc-84d6-825721d046fa" testListId="8c84fa94-04c1-424b-9868-57a2d4851a1d" />
    <TestEntry testId="e2097409-445a-3cd5-ae6e-0205fed90d91" executionId="850c5950-c7ac-4204-bfc3-4b5b42fbd62a" testListId="8c84fa94-04c1-424b-9868-57a2d4851a1d" />
    <TestEntry testId="3b5b492a-a447-2aad-e146-fe2b0287447c" executionId="700fe71e-1427-4d21-a575-41b0421a098e" testListId="8c84fa94-04c1-424b-9868-57a2d4851a1d" />
    <TestEntry testId="9f121c41-56cf-362b-92e5-cf6e1918417e" executionId="3819fb25-6fce-4bcc-9679-d21f22bdaa34" testListId="8c84fa94-04c1-424b-9868-57a2d4851a1d" />
    <TestEntry testId="559b9436-2baf-3857-ad76-499358d93140" executionId="8ed7484f-0033-4ca4-ab3d-a5664af5b482" testListId="8c84fa94-04c1-424b-9868-57a2d4851a1d" />
    <TestEntry testId="aceb456b-29fd-0aae-6a6f-60147dd6581b" executionId="ad6b72ce-2523-4ede-a86f-3da1f088c808" testListId="8c84fa94-04c1-424b-9868-57a2d4851a1d" />
    <TestEntry testId="95bec019-ba93-557e-cc59-ca4522b92c84" executionId="c528f722-ec97-4713-b736-0f5abec2ad8a" testListId="8c84fa94-04c1-424b-9868-57a2d4851a1d" />
    <TestEntry testId="ca6abf66-bfa7-ba9c-4a7c-c7bb3f9e50f3" executionId="fea725c0-5f53-40e3-8440-3cdcdd6e0144" testListId="8c84fa94-04c1-424b-9868-57a2d4851a1d" />
    <TestEntry testId="3bd72a3e-a2cb-9292-a956-91e21e17c8b0" executionId="f17e4745-8127-4c31-b8ad-6fc6563b1d84" testListId="8c84fa94-04c1-424b-9868-57a2d4851a1d" />
    <TestEntry testId="0f184395-31a3-e4ac-1551-a332544da800" executionId="75b00e93-6f57-4539-8b9f-39f1f05e656e" testListId="8c84fa94-04c1-424b-9868-57a2d4851a1d" />
    <TestEntry testId="8825c2ca-e48a-f1b9-4ae4-5d782ac55816" executionId="4e67c0cd-40ed-4434-b73f-ca3fa1e09297" testListId="8c84fa94-04c1-424b-9868-57a2d4851a1d" />
    <TestEntry testId="b55e377f-0118-4ced-cfa6-b015b03a53b0" executionId="2cad98dd-d852-47da-ae71-8ad43a700cc9" testListId="8c84fa94-04c1-424b-9868-57a2d4851a1d" />
    <TestEntry testId="44690745-9c88-3bf3-0c2f-a725a9065892" executionId="d2d0449b-2bff-4c24-a7b2-e1444b78f00a" testListId="8c84fa94-04c1-424b-9868-57a2d4851a1d" />
    <TestEntry testId="e776ed9f-d0af-671b-5393-2bbcffd08132" executionId="ff82adb0-ed23-4db1-a20d-e1669c28744d" testListId="8c84fa94-04c1-424b-9868-57a2d4851a1d" />
    <TestEntry testId="4c4f9506-e0d0-a7af-bb2f-e96606d3bbf1" executionId="26161cc0-1e97-43e4-9843-8781a2700688" testListId="8c84fa94-04c1-424b-9868-57a2d4851a1d" />
    <TestEntry testId="7fb892fc-7cfe-4a21-f5bf-3ca5ffe75254" executionId="1bbe9149-071b-46a7-b178-fcc750c725b5" testListId="8c84fa94-04c1-424b-9868-57a2d4851a1d" />
    <TestEntry testId="0bbc52b8-9211-5e92-e7eb-f98e00a8add3" executionId="c61dbfd4-d774-45db-bbe1-2d6f3e719d9c" testListId="8c84fa94-04c1-424b-9868-57a2d4851a1d" />
    <TestEntry testId="b3191fce-24b5-6614-db34-5b0f72b496c2" executionId="bea99749-79cf-4774-84f4-622d5f17f865" testListId="8c84fa94-04c1-424b-9868-57a2d4851a1d" />
    <TestEntry testId="17c4bd2f-c5b7-cf83-b33d-828d0fc854b8" executionId="bd584f0d-e37e-41eb-9cba-5da292c37787" testListId="8c84fa94-04c1-424b-9868-57a2d4851a1d" />
    <TestEntry testId="0cb16ae0-9e92-a316-9f63-de35f31e5f39" executionId="1e8e78bc-e905-449d-95b2-ff4e39348c86" testListId="8c84fa94-04c1-424b-9868-57a2d4851a1d" />
    <TestEntry testId="65088179-bb39-a045-1fcc-d40375d536ba" executionId="581685fa-0819-4aaa-8005-92f6870093c1" testListId="8c84fa94-04c1-424b-9868-57a2d4851a1d" />
    <TestEntry testId="7a9984de-d3ac-18cd-d3c6-06e7c8272524" executionId="74da8dca-949b-4953-a62e-7eb24dbd478b" testListId="8c84fa94-04c1-424b-9868-57a2d4851a1d" />
    <TestEntry testId="446aeed3-732f-6fdf-1198-73e2ccb90cd0" executionId="0a2a98a3-fa0b-49ba-8eaf-b049dbd6c7c0" testListId="8c84fa94-04c1-424b-9868-57a2d4851a1d" />
    <TestEntry testId="88484ee7-b056-96be-c3f0-2f9ff210be2a" executionId="03ef51e5-2523-42b8-82d2-3581029a1a06" testListId="8c84fa94-04c1-424b-9868-57a2d4851a1d" />
    <TestEntry testId="3869c8f5-7ab2-ef7f-cd2f-16c870de8af9" executionId="1a9b87c5-3182-4c43-814f-9f93b9978d87" testListId="8c84fa94-04c1-424b-9868-57a2d4851a1d" />
    <TestEntry testId="a5a2e4c8-009c-485c-9e59-a0329e36f740" executionId="819d3858-400d-4f12-a339-88c5951d7c4c" testListId="8c84fa94-04c1-424b-9868-57a2d4851a1d" />
    <TestEntry testId="c353011d-9e94-c67d-e6eb-396de9239c5d" executionId="1af10b28-d4f8-4c7a-89e2-3582596f5db1" testListId="8c84fa94-04c1-424b-9868-57a2d4851a1d" />
    <TestEntry testId="2fb70c5e-3630-184f-467a-2c4ada567323" executionId="d035eb74-3bef-4398-a7c7-63a5153caac2" testListId="8c84fa94-04c1-424b-9868-57a2d4851a1d" />
    <TestEntry testId="bb61d7e3-a613-b2b8-0303-181e7a73d65b" executionId="f4cd6db9-ac22-43aa-9955-146309fcb50e" testListId="8c84fa94-04c1-424b-9868-57a2d4851a1d" />
    <TestEntry testId="999fb951-b7b5-6631-599e-31a6be246d87" executionId="47d1669f-3fcd-45ac-8d8f-025ae3a2d8c5" testListId="8c84fa94-04c1-424b-9868-57a2d4851a1d" />
    <TestEntry testId="17c98091-dbf8-c2fd-549e-ce3eebd6325a" executionId="72a88276-22da-474e-ab95-0e6c80ed03f0" testListId="8c84fa94-04c1-424b-9868-57a2d4851a1d" />
    <TestEntry testId="d7036780-9716-509c-617a-1f2084784363" executionId="9c23c2d1-cb27-4dfd-85b5-ec08777bf0cb" testListId="8c84fa94-04c1-424b-9868-57a2d4851a1d" />
    <TestEntry testId="5a8b9ae5-6cd8-00d0-c3cf-0d2174ecfe54" executionId="4338d6a8-e039-4340-bdd3-dc773608f48d" testListId="8c84fa94-04c1-424b-9868-57a2d4851a1d" />
    <TestEntry testId="b16e5439-5de2-497d-5713-ea1d44c4819a" executionId="cf952b8e-1fb8-480b-8789-915b1c5f392d" testListId="8c84fa94-04c1-424b-9868-57a2d4851a1d" />
    <TestEntry testId="0be5b3d7-ad47-a6e7-2e5c-4e8c709b4254" executionId="a078e591-4994-45bc-8a71-e97285fdf66c" testListId="8c84fa94-04c1-424b-9868-57a2d4851a1d" />
    <TestEntry testId="7873e7fc-d46d-3fb0-064c-39886ac6bd92" executionId="94f33f54-d678-44b3-b566-1f517239ea06" testListId="8c84fa94-04c1-424b-9868-57a2d4851a1d" />
    <TestEntry testId="1bc1b8d4-02b1-64e2-302f-169565ce0455" executionId="bb6fbd55-f978-4a73-81c0-65be22f03773" testListId="8c84fa94-04c1-424b-9868-57a2d4851a1d" />
    <TestEntry testId="441903f8-b742-d387-3227-bca90d5fdf20" executionId="5524a7be-a984-4bd5-a743-dd21e0ddf2c2" testListId="8c84fa94-04c1-424b-9868-57a2d4851a1d" />
    <TestEntry testId="d0cd9f70-6dc1-3c7d-5cf8-851aa39eea33" executionId="38af7586-dd0e-4b03-ad9f-a0a69e23f40a" testListId="8c84fa94-04c1-424b-9868-57a2d4851a1d" />
    <TestEntry testId="1e43300c-2a88-befd-5bd4-aa2b7d5a855b" executionId="dbb0c7f0-a495-4116-825d-6ed36627a7a1" testListId="8c84fa94-04c1-424b-9868-57a2d4851a1d" />
    <TestEntry testId="d2562022-cd7f-36b1-1c2d-849cc064d530" executionId="de242e45-5847-48f5-af52-63f2036423dc" testListId="8c84fa94-04c1-424b-9868-57a2d4851a1d" />
    <TestEntry testId="bfb2c8de-1e85-9952-9db6-620f4acf1697" executionId="f8521e0a-40dd-4665-b6a1-56e836f8686b" testListId="8c84fa94-04c1-424b-9868-57a2d4851a1d" />
    <TestEntry testId="f0c4e84a-6a98-a7e5-d083-79a02acb860c" executionId="bf408f27-80cb-4899-8d0d-e5e45b50e3c1" testListId="8c84fa94-04c1-424b-9868-57a2d4851a1d" />
    <TestEntry testId="4e538f89-b18c-cf2e-2f16-94dc81d451d9" executionId="137140a1-5860-408b-aa19-082b67341f5a" testListId="8c84fa94-04c1-424b-9868-57a2d4851a1d" />
    <TestEntry testId="69414ab0-4cf7-f312-3c05-6a9aa0f642b2" executionId="9c06290b-2fd2-4cca-91d9-1233871fc7d3" testListId="8c84fa94-04c1-424b-9868-57a2d4851a1d" />
    <TestEntry testId="8aaeb942-4618-a8e4-c6b1-266d34c97e41" executionId="8d0a9cec-1889-4f46-b6d2-e292f159e65c" testListId="8c84fa94-04c1-424b-9868-57a2d4851a1d" />
    <TestEntry testId="137a3de0-5389-0354-9257-83888fc326aa" executionId="37079ec2-476b-489a-be5e-1c948f562644" testListId="8c84fa94-04c1-424b-9868-57a2d4851a1d" />
    <TestEntry testId="335af7d3-af17-2a3e-11a6-c40d770283f6" executionId="bb54db0e-7814-45c9-b950-25b448f89c06" testListId="8c84fa94-04c1-424b-9868-57a2d4851a1d" />
    <TestEntry testId="bc9c6b92-5291-21f7-4294-de06f4a39605" executionId="5f4ef782-c411-4f84-a2fd-5db680851cf9" testListId="8c84fa94-04c1-424b-9868-57a2d4851a1d" />
    <TestEntry testId="2b5053f9-f02a-344a-cea0-eb8a5823c6c3" executionId="fabdaeea-b526-44d0-917d-9bf52aa7c149" testListId="8c84fa94-04c1-424b-9868-57a2d4851a1d" />
    <TestEntry testId="65b592a1-b0ad-ad07-be7a-ec8928e7c9ae" executionId="419c3181-0e3b-4ac3-8c09-9176b9d6deaf" testListId="8c84fa94-04c1-424b-9868-57a2d4851a1d" />
    <TestEntry testId="6656d4a1-4590-68b8-41cf-6ebd4239279f" executionId="5c8a3d12-6729-40e5-8212-0b3ecb4b3bcd" testListId="8c84fa94-04c1-424b-9868-57a2d4851a1d" />
    <TestEntry testId="f2016284-bdfc-f7ad-0e9e-b1b0fe7c0d74" executionId="d210b5e7-14a9-41f0-9dd8-4dbce66742a5" testListId="8c84fa94-04c1-424b-9868-57a2d4851a1d" />
    <TestEntry testId="d0160707-f909-e423-0bd5-ceb0e7a99a9c" executionId="26c8777d-899f-4559-a0ca-85989483987e" testListId="8c84fa94-04c1-424b-9868-57a2d4851a1d" />
    <TestEntry testId="4490693e-5b5f-60f8-a352-34ba943e1d62" executionId="0cf7d876-dfd4-4f16-a229-5a089322ffac" testListId="8c84fa94-04c1-424b-9868-57a2d4851a1d" />
    <TestEntry testId="e2131088-170c-3f9d-b379-6ad5595999e5" executionId="85a25e77-c4fa-4fa0-9990-be678b12c0b9" testListId="8c84fa94-04c1-424b-9868-57a2d4851a1d" />
    <TestEntry testId="cf881c4c-31da-3c3d-e657-0f7a60496f37" executionId="bc188a19-0197-4a30-ad51-62ef5ec4b12e" testListId="8c84fa94-04c1-424b-9868-57a2d4851a1d" />
    <TestEntry testId="e7b9a5d9-b357-ccab-0080-bfd9de9e4252" executionId="750dbbd5-114f-4163-bc4f-0d4c7ecc1d44" testListId="8c84fa94-04c1-424b-9868-57a2d4851a1d" />
    <TestEntry testId="5bb357ef-a289-5457-59f1-0df201ad4323" executionId="5886c88c-4065-4ebd-b3cf-aa5f7b42b57f" testListId="8c84fa94-04c1-424b-9868-57a2d4851a1d" />
    <TestEntry testId="0dfb425c-5e4f-66ca-073c-7c258c6c7e5f" executionId="ae05f2fe-166a-43cd-b5c8-3ef752510c90" testListId="8c84fa94-04c1-424b-9868-57a2d4851a1d" />
    <TestEntry testId="92cb8fbf-5503-f34b-b811-ac131e120972" executionId="303186e1-526b-4fa4-88cb-37d4c1241bbe" testListId="8c84fa94-04c1-424b-9868-57a2d4851a1d" />
    <TestEntry testId="494a6f72-6254-5a6e-4577-c52cd4a0c3cd" executionId="e6704fdb-dc56-4674-bf2b-4718d6ad32c3" testListId="8c84fa94-04c1-424b-9868-57a2d4851a1d" />
    <TestEntry testId="d42ce1cc-fe07-766d-01d9-4d3235eb06da" executionId="27d8ad2a-2318-4371-ac8f-d823ef90cd9c" testListId="8c84fa94-04c1-424b-9868-57a2d4851a1d" />
    <TestEntry testId="71f08f4d-d319-720b-3b50-8197a3660ed2" executionId="09e705ac-3388-4052-b1c0-bc68c32ced54" testListId="8c84fa94-04c1-424b-9868-57a2d4851a1d" />
    <TestEntry testId="632c0374-d9e5-0e22-1403-eb730369295e" executionId="c3dbd99e-9148-4231-b2da-35eb58fddf91" testListId="8c84fa94-04c1-424b-9868-57a2d4851a1d" />
    <TestEntry testId="1ef27b33-e8b2-8d88-5c2b-3857b2abb5f1" executionId="8ad552e1-8d2f-46c3-bc3c-c1fbd1bbb388" testListId="8c84fa94-04c1-424b-9868-57a2d4851a1d" />
    <TestEntry testId="e8865027-a033-e711-71fb-2004ee1807fd" executionId="96e592e8-2da2-426f-9d5d-113addca899a" testListId="8c84fa94-04c1-424b-9868-57a2d4851a1d" />
    <TestEntry testId="2077052f-6555-ad72-a6cc-99d9e1294aa2" executionId="fb14ea6e-1234-445c-a641-edf9477a5da6" testListId="8c84fa94-04c1-424b-9868-57a2d4851a1d" />
    <TestEntry testId="2fb30a0f-ddea-628a-42a5-2fe6a57a267c" executionId="4aff03d1-8947-48d3-8c80-89941acdaf49" testListId="8c84fa94-04c1-424b-9868-57a2d4851a1d" />
    <TestEntry testId="b95d7986-cd5c-1d27-935d-048129f27e6c" executionId="4ed82576-056d-4a78-86a1-cb38f93b1302" testListId="8c84fa94-04c1-424b-9868-57a2d4851a1d" />
    <TestEntry testId="8fd24cd4-a9c0-0221-2fef-ed0703bf3428" executionId="fb644568-fd8e-457a-a2c9-6d051f56d5b4" testListId="8c84fa94-04c1-424b-9868-57a2d4851a1d" />
    <TestEntry testId="a89402d9-0924-308b-7904-fd6477f0ee7b" executionId="714d0eec-a55d-402d-8cbc-c589bcbd7b7a" testListId="8c84fa94-04c1-424b-9868-57a2d4851a1d" />
    <TestEntry testId="68b579ad-d101-7563-7644-8b094cbff9dc" executionId="e6a9d037-bd74-4de9-85a1-5e87db1fd199" testListId="8c84fa94-04c1-424b-9868-57a2d4851a1d" />
    <TestEntry testId="49aabe26-596c-6a15-06b4-9dadc7c4733a" executionId="a0f9db40-31c9-4307-bbfe-515dbf57dbb1" testListId="8c84fa94-04c1-424b-9868-57a2d4851a1d" />
    <TestEntry testId="5f30b836-0b78-553e-28a0-931140309955" executionId="1542e906-f0b4-443d-8121-3b0d3c6f8b44" testListId="8c84fa94-04c1-424b-9868-57a2d4851a1d" />
    <TestEntry testId="a1a3cd79-a8ef-2dca-2a37-88922f31b2df" executionId="71953744-0673-4c8e-83a0-9fce20a5fb09" testListId="8c84fa94-04c1-424b-9868-57a2d4851a1d" />
    <TestEntry testId="2ad5cdb4-5093-99b8-7b30-cd507fc4fbf2" executionId="be7dd798-eef0-4f39-aac5-e651a7c69379" testListId="8c84fa94-04c1-424b-9868-57a2d4851a1d" />
    <TestEntry testId="b66e2aed-6736-e5fb-1259-0a652017312d" executionId="fba4bb18-d9e7-4e87-b7d9-bc61dabf82e4" testListId="8c84fa94-04c1-424b-9868-57a2d4851a1d" />
    <TestEntry testId="0500d70f-e850-de9a-7eba-8164c3b2fd99" executionId="745faebe-8224-49ab-86f9-49e2fe1fa6b2" testListId="8c84fa94-04c1-424b-9868-57a2d4851a1d" />
    <TestEntry testId="01fada6a-9beb-d06b-6787-0781734f5b1d" executionId="43b2be05-65b6-47b5-86bc-30c45741d0cd" testListId="8c84fa94-04c1-424b-9868-57a2d4851a1d" />
    <TestEntry testId="4d5b8656-5c24-f46d-b781-bdd5173b1d4a" executionId="54ef4c0b-a6bf-40f6-9476-933841757f93" testListId="8c84fa94-04c1-424b-9868-57a2d4851a1d" />
    <TestEntry testId="de3c4b09-a3ad-ae77-63dc-db0c1fac083d" executionId="746cee11-32cc-4e6e-8d16-0d8b4340cf5f" testListId="8c84fa94-04c1-424b-9868-57a2d4851a1d" />
    <TestEntry testId="3ca8c1be-9224-8a17-a7fa-c377dada5726" executionId="3d737c50-03a4-45a0-9365-e7447d3ea4e6" testListId="8c84fa94-04c1-424b-9868-57a2d4851a1d" />
    <TestEntry testId="b99ace35-33d5-7d18-6ea4-38a87a6c5135" executionId="fd142dc4-2499-4678-ab40-4fd3b85614c8" testListId="8c84fa94-04c1-424b-9868-57a2d4851a1d" />
    <TestEntry testId="53a59314-7293-f081-232f-56d1644cbca1" executionId="fbafe86b-43a0-4ba2-980a-1dfc52314fc2" testListId="8c84fa94-04c1-424b-9868-57a2d4851a1d" />
    <TestEntry testId="85af3b02-5b1f-ad47-f6c3-063b22aa2bc8" executionId="13e36dfd-2ecf-4e90-b1c4-2f9c08c87669" testListId="8c84fa94-04c1-424b-9868-57a2d4851a1d" />
    <TestEntry testId="080e755c-ee7a-1e14-8f28-e087a10675d0" executionId="2e6058e0-ea17-46a1-b736-02a04e252a64" testListId="8c84fa94-04c1-424b-9868-57a2d4851a1d" />
    <TestEntry testId="2577ff6c-ab5b-df66-2d86-248c489cf166" executionId="d26dbad7-2e6a-4650-8be2-22fc50bdd3ba" testListId="8c84fa94-04c1-424b-9868-57a2d4851a1d" />
    <TestEntry testId="330b9d6c-f08d-3484-f6a0-3b921f0a24a8" executionId="0b364296-469a-4113-a7eb-4e19095a96e2" testListId="8c84fa94-04c1-424b-9868-57a2d4851a1d" />
    <TestEntry testId="19930103-19e2-d6c6-243c-55a9ec794a78" executionId="3488edcb-0c85-488a-8cbe-acf32832eb2e" testListId="8c84fa94-04c1-424b-9868-57a2d4851a1d" />
    <TestEntry testId="6599a9fd-a45c-3f51-a550-7571741afdc8" executionId="ba482da7-7d46-4163-b7be-a3e57da6d407" testListId="8c84fa94-04c1-424b-9868-57a2d4851a1d" />
    <TestEntry testId="fac53d0a-a8d0-7e01-0000-597c45ffcfe4" executionId="5b344928-4850-4927-9a26-3adb9033c767" testListId="8c84fa94-04c1-424b-9868-57a2d4851a1d" />
    <TestEntry testId="c7e92259-b8e8-9f87-fc54-366eb8fde590" executionId="3464906b-f624-4c56-8dc5-79cad636ca68" testListId="8c84fa94-04c1-424b-9868-57a2d4851a1d" />
    <TestEntry testId="36c7d109-6289-1556-5b99-f94c9642b779" executionId="8c4c487b-7b9d-4f63-82c8-bb8eda75a924" testListId="8c84fa94-04c1-424b-9868-57a2d4851a1d" />
    <TestEntry testId="5fd7373e-836c-fd3b-1266-60a16d14daf5" executionId="f4494652-2bad-4837-abbb-d097e5df40d3" testListId="8c84fa94-04c1-424b-9868-57a2d4851a1d" />
    <TestEntry testId="c18159c8-c488-c465-11b5-e4f60944ebea" executionId="72b6dd41-b5be-4786-b30e-b19484a0056b" testListId="8c84fa94-04c1-424b-9868-57a2d4851a1d" />
    <TestEntry testId="0f0bfda1-cada-6668-e50b-f263755ddcfa" executionId="909903ee-36fa-44c5-98a9-bb733c24fadb" testListId="8c84fa94-04c1-424b-9868-57a2d4851a1d" />
    <TestEntry testId="3c9ab4c8-f1b7-75d5-dbbb-5692f82a8e63" executionId="0b04b449-e5e6-46c1-aa16-da60a7cf9e41" testListId="8c84fa94-04c1-424b-9868-57a2d4851a1d" />
    <TestEntry testId="561f218d-b654-fb57-ee4b-f7e1649d5050" executionId="9c503f90-bcbf-4953-b131-4cace9375698" testListId="8c84fa94-04c1-424b-9868-57a2d4851a1d" />
    <TestEntry testId="de6737cf-2597-d0d6-4640-2dcefdc86dd1" executionId="1755096f-ef25-4de1-a6bc-a56d242a922d" testListId="8c84fa94-04c1-424b-9868-57a2d4851a1d" />
    <TestEntry testId="d29b97cc-8f72-3f8f-ee60-4568f1429a8b" executionId="a3031f43-ffa1-4e42-b3b1-bbb8e3ceb9e7" testListId="8c84fa94-04c1-424b-9868-57a2d4851a1d" />
    <TestEntry testId="5f315f1e-d6f1-03f6-3f34-8b951770fd4b" executionId="6d1aa59c-a4c9-436e-a654-56b8f5b9ecaa" testListId="8c84fa94-04c1-424b-9868-57a2d4851a1d" />
    <TestEntry testId="699de456-4b30-e20b-d29b-f9997d34c156" executionId="263dc6dc-19d6-4035-8584-4d6b6a85d9d4" testListId="8c84fa94-04c1-424b-9868-57a2d4851a1d" />
    <TestEntry testId="64f2bbc2-131e-f499-10ff-759656bb07e6" executionId="f2d3bf28-151c-438a-bc7b-09c2697fe0d6" testListId="8c84fa94-04c1-424b-9868-57a2d4851a1d" />
    <TestEntry testId="3f4da332-2fb9-784e-8300-a3ffc13949c4" executionId="5094634e-870f-46e7-ae83-e6cf4f9ebaa2" testListId="8c84fa94-04c1-424b-9868-57a2d4851a1d" />
    <TestEntry testId="80dd12df-b2d2-e332-3474-ef692b090e79" executionId="c6c4ad7f-2782-4101-ab64-5abc41bd8d6a" testListId="8c84fa94-04c1-424b-9868-57a2d4851a1d" />
    <TestEntry testId="0e83f6d2-f0e7-2e47-ad7b-fd57feab6720" executionId="4ae87f23-5c41-4c39-9745-94f343c650de" testListId="8c84fa94-04c1-424b-9868-57a2d4851a1d" />
    <TestEntry testId="14935da5-76f2-bd62-81ac-04e61a088bd0" executionId="ee0488b8-9caa-42a5-a031-6f575a5f587b" testListId="8c84fa94-04c1-424b-9868-57a2d4851a1d" />
    <TestEntry testId="410a93d4-5a0d-cd14-1966-c13e3bca40a5" executionId="f1cac6b7-0e72-4c1d-9db0-fad1761eea22" testListId="8c84fa94-04c1-424b-9868-57a2d4851a1d" />
    <TestEntry testId="acc7a2a6-5b6f-24ca-1251-941601005cf3" executionId="600a1abb-53b3-4d28-9c90-63bf4fa63701" testListId="8c84fa94-04c1-424b-9868-57a2d4851a1d" />
    <TestEntry testId="210bbbd2-7277-0493-b4fc-59a018f08cc3" executionId="be1aa38e-b6e3-43c3-8187-6deb55921112" testListId="8c84fa94-04c1-424b-9868-57a2d4851a1d" />
    <TestEntry testId="9362de11-64d0-3a11-bfe7-ba203f9734b0" executionId="1205f454-8999-4b80-a7c7-6e6e3e8130ea" testListId="8c84fa94-04c1-424b-9868-57a2d4851a1d" />
    <TestEntry testId="0822fda8-1ecb-9b4b-b537-c5def62bdea6" executionId="09aadfc7-6929-4604-b756-fb7fb0e91636" testListId="8c84fa94-04c1-424b-9868-57a2d4851a1d" />
    <TestEntry testId="f1e9172e-c439-b721-cfd4-273b562aabf9" executionId="83090232-cdee-44a7-b6ee-81328784f929" testListId="8c84fa94-04c1-424b-9868-57a2d4851a1d" />
    <TestEntry testId="e8d4d606-490f-c18b-b9f2-d71b9249e382" executionId="79c68b8d-ad7f-4b6d-89d0-43a4739adc48" testListId="8c84fa94-04c1-424b-9868-57a2d4851a1d" />
    <TestEntry testId="0864368a-5d20-d499-562d-dea9741e52aa" executionId="ab0ba08c-cdab-40a9-adf2-401d18097577" testListId="8c84fa94-04c1-424b-9868-57a2d4851a1d" />
    <TestEntry testId="98c2172e-97df-13d5-a0eb-3bfd4b42a99b" executionId="c167c198-67f9-4c08-bc1e-82f18598557d" testListId="8c84fa94-04c1-424b-9868-57a2d4851a1d" />
    <TestEntry testId="d54e53b6-4b26-6bd1-09f9-f73b753baeb3" executionId="1d0f8a81-186c-4894-bdb3-1d8256f38e9a" testListId="8c84fa94-04c1-424b-9868-57a2d4851a1d" />
    <TestEntry testId="6d4dda94-e519-5838-44e2-8dc3d94e25ab" executionId="149f1d41-2dd2-4987-bda8-6410eb523ab3" testListId="8c84fa94-04c1-424b-9868-57a2d4851a1d" />
    <TestEntry testId="c4827e09-d08d-46ae-e11d-0d4589191c8f" executionId="3893c926-d4d6-435e-b053-5244f778d355" testListId="8c84fa94-04c1-424b-9868-57a2d4851a1d" />
    <TestEntry testId="9398df0f-b7e2-21ef-6751-b96144b08a9b" executionId="f74c9b9b-eb86-4452-8610-a0344d826c0d" testListId="8c84fa94-04c1-424b-9868-57a2d4851a1d" />
    <TestEntry testId="297dbb1d-563a-4ae2-6e9d-d6d45465095a" executionId="8b406446-29bc-4b47-9ca2-dad12cf8dfc3" testListId="8c84fa94-04c1-424b-9868-57a2d4851a1d" />
    <TestEntry testId="146ff060-bcc7-e0b1-fb2c-4c0b171c5a00" executionId="c1bcd145-4538-437e-8dc4-597099c68b0e" testListId="8c84fa94-04c1-424b-9868-57a2d4851a1d" />
    <TestEntry testId="fb0dc501-3b66-e027-61aa-7077b3c509b2" executionId="5023a363-8bc3-45cc-93c5-d6305e6759c1" testListId="8c84fa94-04c1-424b-9868-57a2d4851a1d" />
    <TestEntry testId="9674b376-d6ac-4703-6bfc-2eb31e6b6cc1" executionId="9610bf65-ca78-45cc-b7fa-ec1409997de1" testListId="8c84fa94-04c1-424b-9868-57a2d4851a1d" />
    <TestEntry testId="79341776-28f9-9f5a-685e-8b9cb0ecc3e5" executionId="fbb5d293-d64f-4c38-b3bf-e080677b6db8" testListId="8c84fa94-04c1-424b-9868-57a2d4851a1d" />
    <TestEntry testId="f90d32c6-f44e-af0c-3d05-d5d63d72fbed" executionId="4926b1c9-c679-4fc7-bfc1-1f6e07ec5945" testListId="8c84fa94-04c1-424b-9868-57a2d4851a1d" />
    <TestEntry testId="9427af82-0059-a7d9-573f-043a790c4050" executionId="5e8f1301-6e3d-4eef-97b8-93cfa5e99c77" testListId="8c84fa94-04c1-424b-9868-57a2d4851a1d" />
    <TestEntry testId="290da516-121d-61e0-0dd0-c0be605ad3c9" executionId="d54313d7-2982-4a58-9cdc-46c232536329" testListId="8c84fa94-04c1-424b-9868-57a2d4851a1d" />
    <TestEntry testId="1f334c79-0062-1fd4-b393-16846c0c4410" executionId="10c6308d-1a08-424b-af4d-1d79dde87204" testListId="8c84fa94-04c1-424b-9868-57a2d4851a1d" />
    <TestEntry testId="382f02cf-38c0-12b1-98d8-ae75885865e3" executionId="29dd36ed-1688-4ee2-b6b4-0ef18a82b32f" testListId="8c84fa94-04c1-424b-9868-57a2d4851a1d" />
    <TestEntry testId="55db700b-b4b0-5cf1-78a6-21f835d00459" executionId="4e03051b-9981-4e42-82f3-c4daa5ffceb3" testListId="8c84fa94-04c1-424b-9868-57a2d4851a1d" />
    <TestEntry testId="6d1325fe-8024-7798-813c-49d49c7502db" executionId="6c0c92c0-bdbd-4879-9668-0c962ea04333" testListId="8c84fa94-04c1-424b-9868-57a2d4851a1d" />
    <TestEntry testId="d94c59b9-3860-902d-b295-c5d99d6d5e53" executionId="4d3ac24b-0c4d-46f0-a384-199b2c726507" testListId="8c84fa94-04c1-424b-9868-57a2d4851a1d" />
    <TestEntry testId="aced4986-e1f4-a66e-d3bb-e7d4243e8cbf" executionId="a8afa4ea-d627-41bf-873c-82c1f500b50a" testListId="8c84fa94-04c1-424b-9868-57a2d4851a1d" />
    <TestEntry testId="df8d72e5-e210-8677-f027-f8ba257cf478" executionId="25d61869-662e-4b74-bc31-459933ff9fe0" testListId="8c84fa94-04c1-424b-9868-57a2d4851a1d" />
    <TestEntry testId="95697913-300a-0d09-fede-d269c1c9cc5a" executionId="a3e3bdf5-e055-4f31-b1f4-6f8228214ada" testListId="8c84fa94-04c1-424b-9868-57a2d4851a1d" />
    <TestEntry testId="52464efb-4166-65c1-6219-acc12f2b3ff6" executionId="b498fc89-7eca-4377-8002-b0dc22ce3e7f" testListId="8c84fa94-04c1-424b-9868-57a2d4851a1d" />
    <TestEntry testId="6e5a8b91-6a75-56d3-b317-a9ac48ab0672" executionId="d1179be5-d5e5-4c29-b1ed-83f2442332a2" testListId="8c84fa94-04c1-424b-9868-57a2d4851a1d" />
    <TestEntry testId="0c97d759-0190-10c2-9a46-6ea0e0639ab1" executionId="a51eb32b-2798-460b-9648-2afa6fa79501" testListId="8c84fa94-04c1-424b-9868-57a2d4851a1d" />
    <TestEntry testId="2b00ad46-f32b-446f-acdc-2eea35c5f140" executionId="c82d5ed2-36ab-4664-a257-d47d97385c51" testListId="8c84fa94-04c1-424b-9868-57a2d4851a1d" />
    <TestEntry testId="386a6c80-c37f-2520-1205-e565042cab19" executionId="59922b93-6aa0-41bd-a929-f095b94dd391" testListId="8c84fa94-04c1-424b-9868-57a2d4851a1d" />
    <TestEntry testId="6090d8db-c083-ec38-5d91-cefe25a89520" executionId="4135a9d3-b8f6-41d5-8d2d-b30aff9f1620" testListId="8c84fa94-04c1-424b-9868-57a2d4851a1d" />
    <TestEntry testId="e28593ad-f562-f9b6-0172-52c7b6e48ddf" executionId="271634f0-ee38-48d7-ab71-d201ff1581bf" testListId="8c84fa94-04c1-424b-9868-57a2d4851a1d" />
    <TestEntry testId="7119bdd5-175e-ef34-2080-2f86d1730b51" executionId="ea68b229-4875-4976-b120-a8930c5f3337" testListId="8c84fa94-04c1-424b-9868-57a2d4851a1d" />
    <TestEntry testId="d369dd01-3a76-1028-9769-257b2738d39c" executionId="a0ef1f3e-089c-460a-8117-01e5e2f8306a" testListId="8c84fa94-04c1-424b-9868-57a2d4851a1d" />
    <TestEntry testId="8e2e70aa-52bc-bb4c-eb25-92a87f9a71ab" executionId="832af0ed-e77e-4294-bb68-a5a571ed4ca0" testListId="8c84fa94-04c1-424b-9868-57a2d4851a1d" />
    <TestEntry testId="a3b04758-d6c8-afae-35de-edc9990eb840" executionId="a6ae6c1a-3796-4ff0-ad3e-340ca827188d" testListId="8c84fa94-04c1-424b-9868-57a2d4851a1d" />
    <TestEntry testId="be0201d4-f64f-23ff-9843-409cbb744734" executionId="2d0bc30a-2707-448a-87f9-7e718ef26ec4" testListId="8c84fa94-04c1-424b-9868-57a2d4851a1d" />
    <TestEntry testId="4b95da6d-f196-a0fd-8ffb-751fec95c314" executionId="aaabf1ac-7790-4ed9-b130-df6ced24aba1" testListId="8c84fa94-04c1-424b-9868-57a2d4851a1d" />
    <TestEntry testId="4f365743-de47-b07f-fd2b-1af885da9411" executionId="d7b097d7-1f38-42a8-9a85-7cece4c95508" testListId="8c84fa94-04c1-424b-9868-57a2d4851a1d" />
    <TestEntry testId="7e413d25-15e9-ae82-c3ad-0fea9e290606" executionId="ab1ec775-efd1-41e7-aa3b-3c48172d2d7e" testListId="8c84fa94-04c1-424b-9868-57a2d4851a1d" />
    <TestEntry testId="1f3199f3-f842-d0f8-2cf4-0c685e5c5cf9" executionId="c6d04d9a-c7d3-48d9-9c13-c89f0e8cfc40" testListId="8c84fa94-04c1-424b-9868-57a2d4851a1d" />
    <TestEntry testId="f26cae9a-0cfd-3b5a-d1f4-d5ed084eadad" executionId="ea929f63-326d-4fe7-ac6c-65dbd2db11aa" testListId="8c84fa94-04c1-424b-9868-57a2d4851a1d" />
    <TestEntry testId="1166eab5-8ec3-1343-8265-62eea03d0889" executionId="5a5273ea-3989-42c4-a09e-c3cd2ad3df27" testListId="8c84fa94-04c1-424b-9868-57a2d4851a1d" />
    <TestEntry testId="3ffad5fc-3d39-cf1b-b6aa-3a273e7e7f8c" executionId="5cf64170-537d-42ae-88e6-9db643799586" testListId="8c84fa94-04c1-424b-9868-57a2d4851a1d" />
    <TestEntry testId="db697f2e-ce6c-0e67-fba6-9e9dcf38b114" executionId="627a56cc-f431-4638-913b-5f4a37e56ea6" testListId="8c84fa94-04c1-424b-9868-57a2d4851a1d" />
    <TestEntry testId="4cdd7a6f-85c0-305c-e9b1-fd8d4db0dee3" executionId="3b8ab61d-7e77-4251-8d6c-6a62d2ee4a2d" testListId="8c84fa94-04c1-424b-9868-57a2d4851a1d" />
    <TestEntry testId="82972118-4ab6-5c8e-198a-344b25ea05c2" executionId="3be7230e-aa7e-4703-9891-9ca1c074772f" testListId="8c84fa94-04c1-424b-9868-57a2d4851a1d" />
    <TestEntry testId="e75caaaa-c0f2-35be-09ee-e95dc5be3d00" executionId="19a5921b-9168-453f-bb04-328ac3dc063d" testListId="8c84fa94-04c1-424b-9868-57a2d4851a1d" />
    <TestEntry testId="1f7976e5-938b-de19-e4f9-70a3b56afbf7" executionId="d759104d-2908-4529-93e1-1ed7cb78e5e8" testListId="8c84fa94-04c1-424b-9868-57a2d4851a1d" />
    <TestEntry testId="904747e7-ff5e-8218-74d7-bb12f2b82a35" executionId="3dbe1d0a-5df0-4495-b720-871defbb3280" testListId="8c84fa94-04c1-424b-9868-57a2d4851a1d" />
    <TestEntry testId="0f0b59f9-3161-1d3d-fc85-4e0ab616dec1" executionId="5180d009-22d7-4902-93f2-926243ad9083" testListId="8c84fa94-04c1-424b-9868-57a2d4851a1d" />
    <TestEntry testId="ce4786bd-8689-0f1b-0de8-7d35fef968cd" executionId="6c9a7526-b0d0-40c8-adc9-b143f449fcdb" testListId="8c84fa94-04c1-424b-9868-57a2d4851a1d" />
    <TestEntry testId="90f3a3ce-3ea2-b8ab-e15a-d9c7a7f4a063" executionId="69c603e2-b64f-44ee-bc77-8f50ad7aabcf" testListId="8c84fa94-04c1-424b-9868-57a2d4851a1d" />
    <TestEntry testId="ef5b8d9e-795c-054a-92ba-fd2f4509fbbb" executionId="25975e9b-f095-4678-abbe-fa6296b93739" testListId="8c84fa94-04c1-424b-9868-57a2d4851a1d" />
    <TestEntry testId="0f98bb0f-1c90-6365-7244-a712d1b631fa" executionId="89253f34-f5f9-4315-be0b-c9b5c3c800f9" testListId="8c84fa94-04c1-424b-9868-57a2d4851a1d" />
    <TestEntry testId="48f0b978-87f3-597c-b969-584d8c7f342b" executionId="3e44981d-a176-41c5-bed4-1e5adc160eeb" testListId="8c84fa94-04c1-424b-9868-57a2d4851a1d" />
    <TestEntry testId="30c37470-8d6f-a7b2-7507-7a508b6368f0" executionId="078b7641-7290-4d75-ad69-5596005090ba" testListId="8c84fa94-04c1-424b-9868-57a2d4851a1d" />
    <TestEntry testId="b8e86a2f-674f-f277-a8e3-1c4f7274634d" executionId="0619ed2f-c9a0-4617-b454-fc41f0027dc9" testListId="8c84fa94-04c1-424b-9868-57a2d4851a1d" />
    <TestEntry testId="04685a3a-4e68-f6f3-27c2-152f2ba69c55" executionId="7af5ba1c-58d4-44d8-a826-d271bcd74469" testListId="8c84fa94-04c1-424b-9868-57a2d4851a1d" />
    <TestEntry testId="58ac984c-ccd6-0f0f-d8b2-fe2845649ddf" executionId="e4e50a3a-6f1e-45c9-91fc-c11575ab46b4" testListId="8c84fa94-04c1-424b-9868-57a2d4851a1d" />
  </TestEntries>
  <TestLists>
    <TestList name="Results Not in a List" id="8c84fa94-04c1-424b-9868-57a2d4851a1d" />
    <TestList name="All Loaded Results" id="19431567-8539-422a-85d7-44ee4e166bda" />
  </TestLists>
  <ResultSummary outcome="Failed">
    <Counters total="247" executed="246" passed="233" failed="13" error="0" timeout="0" aborted="0" inconclusive="0" passedButRunAborted="0" notRunnable="0" notExecuted="0" disconnected="0" warning="0" completed="0" inProgress="0" pending="0" />
    <Output>
      <StdOut>[xUnit.net 00:00:00.00] xUnit.net VSTest Adapter v2.4.3+1b45f5407b (64-bit .NET 6.0.6)
[xUnit.net 00:00:00.90]   Discovering: CodexBootstrap.Tests
[xUnit.net 00:00:00.94]   Discovered:  CodexBootstrap.Tests
[xUnit.net 00:00:00.94]   Starting:    CodexBootstrap.Tests
[xUnit.net 00:00:03.40]       Expected response.StatusCode to be HttpStatusCode.MethodNotAllowed {value: 405}, but found HttpStatusCode.NotFound {value: 404}.
[xUnit.net 00:00:03.40]       Stack Trace:
[xUnit.net 00:00:03.40]            at FluentAssertions.Execution.XUnit2TestFramework.Throw(String message)
[xUnit.net 00:00:03.40]            at FluentAssertions.Execution.TestFrameworkProvider.Throw(String message)
[xUnit.net 00:00:03.40]            at FluentAssertions.Execution.DefaultAssertionStrategy.HandleFailure(String message)
[xUnit.net 00:00:03.40]            at FluentAssertions.Execution.AssertionScope.FailWith(Func`1 failReasonFunc)
[xUnit.net 00:00:03.40]            at FluentAssertions.Execution.AssertionScope.FailWith(Func`1 failReasonFunc)
[xUnit.net 00:00:03.40]            at FluentAssertions.Execution.AssertionScope.FailWith(String message, Object[] args)
[xUnit.net 00:00:03.40]            at FluentAssertions.Primitives.EnumAssertions`2.Be(TEnum expected, String because, Object[] becauseArgs)
[xUnit.net 00:00:03.40]         /Users/ursmuff/source/Living-Codex-CSharp/src/CodexBootstrap.Tests/Modules/EnergyModuleApiTests.cs(261,0): at CodexBootstrap.Tests.Modules.EnergyModuleApiTests.GetContributorEnergy_ShouldReturnBadRequest_WhenUserIdInvalid_WhenImplemented()
[xUnit.net 00:00:03.40]         --- End of stack trace from previous location ---
[xUnit.net 00:00:21.22]       Expected json.GetProperty("data").GetProperty("imageNodeId").GetString() to be "rendered-image.button-primary" with a length of 29, but "codex.ui.rendered-image.button-primary.cff8376f2eb8444e83db76865798a95e" has a length of 71, differs near "cod" (index 0).
[xUnit.net 00:00:21.22]       Stack Trace:
[xUnit.net 00:00:21.22]            at FluentAssertions.Execution.XUnit2TestFramework.Throw(String message)
[xUnit.net 00:00:21.22]            at FluentAssertions.Execution.TestFrameworkProvider.Throw(String message)
[xUnit.net 00:00:21.22]            at FluentAssertions.Execution.DefaultAssertionStrategy.HandleFailure(String message)
[xUnit.net 00:00:21.22]            at FluentAssertions.Execution.AssertionScope.FailWith(Func`1 failReasonFunc)
[xUnit.net 00:00:21.22]            at FluentAssertions.Execution.AssertionScope.FailWith(Func`1 failReasonFunc)
[xUnit.net 00:00:21.22]            at FluentAssertions.Primitives.StringEqualityValidator.ValidateAgainstLengthDifferences()
[xUnit.net 00:00:21.22]            at FluentAssertions.Primitives.StringValidator.Validate()
[xUnit.net 00:00:21.22]            at FluentAssertions.Primitives.StringAssertions`1.Be(String expected, String because, Object[] becauseArgs)
[xUnit.net 00:00:21.22]         /Users/ursmuff/source/Living-Codex-CSharp/src/CodexBootstrap.Tests/Modules/VisualValidationModuleTests.cs(37,0): at CodexBootstrap.Tests.Modules.VisualValidationModuleTests.RenderComponentToImage_ShouldStoreNodeAndReturnSuccess()
[xUnit.net 00:00:21.22]         --- End of stack trace from previous location ---
[xUnit.net 00:00:21.25]       Expected registry.TryGet("validation.button-primary", out var validationNode) to be true, but found False.
[xUnit.net 00:00:21.25]       Stack Trace:
[xUnit.net 00:00:21.25]            at FluentAssertions.Execution.XUnit2TestFramework.Throw(String message)
[xUnit.net 00:00:21.25]            at FluentAssertions.Execution.TestFrameworkProvider.Throw(String message)
[xUnit.net 00:00:21.25]            at FluentAssertions.Execution.DefaultAssertionStrategy.HandleFailure(String message)
[xUnit.net 00:00:21.25]            at FluentAssertions.Execution.AssertionScope.FailWith(Func`1 failReasonFunc)
[xUnit.net 00:00:21.25]            at FluentAssertions.Execution.AssertionScope.FailWith(Func`1 failReasonFunc)
[xUnit.net 00:00:21.25]            at FluentAssertions.Execution.AssertionScope.FailWith(String message, Object[] args)
[xUnit.net 00:00:21.25]            at FluentAssertions.Primitives.BooleanAssertions`1.BeTrue(String because, Object[] becauseArgs)
[xUnit.net 00:00:21.25]         /Users/ursmuff/source/Living-Codex-CSharp/src/CodexBootstrap.Tests/Modules/VisualValidationModuleTests.cs(162,0): at CodexBootstrap.Tests.Modules.VisualValidationModuleTests.ValidateComponentAgainstSpec_ShouldReturnValidationResult()
[xUnit.net 00:00:21.25]         --- End of stack trace from previous location ---
[xUnit.net 00:00:24.39]       Expected registry.TryGet("validation.card-component", out var validationNode) to be true, but found False.
[xUnit.net 00:00:24.39]       Stack Trace:
[xUnit.net 00:00:24.39]            at FluentAssertions.Execution.XUnit2TestFramework.Throw(String message)
[xUnit.net 00:00:24.39]            at FluentAssertions.Execution.TestFrameworkProvider.Throw(String message)
[xUnit.net 00:00:24.39]            at FluentAssertions.Execution.DefaultAssertionStrategy.HandleFailure(String message)
[xUnit.net 00:00:24.39]            at FluentAssertions.Execution.AssertionScope.FailWith(Func`1 failReasonFunc)
[xUnit.net 00:00:24.39]            at FluentAssertions.Execution.AssertionScope.FailWith(String message, Object[] args)
[xUnit.net 00:00:24.39]            at FluentAssertions.Primitives.BooleanAssertions`1.BeTrue(String because, Object[] becauseArgs)
[xUnit.net 00:00:24.39]         /Users/ursmuff/source/Living-Codex-CSharp/src/CodexBootstrap.Tests/Modules/VisualValidationModuleTests.cs(227,0): at CodexBootstrap.Tests.Modules.VisualValidationModuleTests.ExecuteVisualValidationPipeline_ShouldReturnSuccessAndThreeSteps()
[xUnit.net 00:00:24.39]         --- End of stack trace from previous location ---
[xUnit.net 00:00:24.39]       Expected registry.TryGet("visual-analysis.rendered-image.button-primary", out var analysisNode) to be true, but found False.
[xUnit.net 00:00:24.39]       Stack Trace:
[xUnit.net 00:00:24.39]            at FluentAssertions.Execution.XUnit2TestFramework.Throw(String message)
[xUnit.net 00:00:24.39]            at FluentAssertions.Execution.TestFrameworkProvider.Throw(String message)
[xUnit.net 00:00:24.39]            at FluentAssertions.Execution.DefaultAssertionStrategy.HandleFailure(String message)
[xUnit.net 00:00:24.39]            at FluentAssertions.Execution.AssertionScope.FailWith(Func`1 failReasonFunc)
[xUnit.net 00:00:24.39]            at FluentAssertions.Execution.AssertionScope.FailWith(String message, Object[] args)
[xUnit.net 00:00:24.39]            at FluentAssertions.Primitives.BooleanAssertions`1.BeTrue(String because, Object[] becauseArgs)
[xUnit.net 00:00:24.40]         /Users/ursmuff/source/Living-Codex-CSharp/src/CodexBootstrap.Tests/Modules/VisualValidationModuleTests.cs(109,0): at CodexBootstrap.Tests.Modules.VisualValidationModuleTests.AnalyzeRenderedImage_ShouldReturnAnalysisUsingRouter()
[xUnit.net 00:00:24.40]         --- End of stack trace from previous location ---
[xUnit.net 00:01:29.80]       Expected at least 70% of news sources to be valid, got 60.0%. Invalid sources: NASA JPL News: HTTP NotFound, Reuters: HTTP Unauthorized, Phys.org: The request was canceled due to the configured HttpClient.Timeout of 10 seconds elapsing., Medical News Today: HTTP NotFound
[xUnit.net 00:01:29.80]       Expected: True
[xUnit.net 00:01:29.80]       Actual:   False
[xUnit.net 00:01:29.80]       Stack Trace:
[xUnit.net 00:01:29.80]         /Users/ursmuff/source/Living-Codex-CSharp/src/CodexBootstrap.Tests/NewsSourceTests.cs(125,0): at CodexBootstrap.Tests.NewsSourceTests.NewsSourceValidation_Should_CheckRandomSources()
[xUnit.net 00:01:29.80]         --- End of stack trace from previous location ---
[xUnit.net 00:01:39.12]       Method returned error: File node 'file:UpdateTest.cs' not found
[xUnit.net 00:01:39.12]       Expected: True
[xUnit.net 00:01:39.12]       Actual:   False
[xUnit.net 00:01:39.12]       Stack Trace:
[xUnit.net 00:01:39.12]         /Users/ursmuff/source/Living-Codex-CSharp/src/CodexBootstrap.Tests/Modules/FileSystemModuleTests.cs(191,0): at CodexBootstrap.Tests.Modules.FileSystemModuleTests.UpdateFileContent_WithValidRequest_UpdatesFileAndNode()
[xUnit.net 00:01:39.12]         --- End of stack trace from previous location ---
[xUnit.net 00:01:39.46]       Method returned error: File node 'file:DeleteTest.cs' not found
[xUnit.net 00:01:39.46]       Expected: True
[xUnit.net 00:01:39.46]       Actual:   False
[xUnit.net 00:01:39.46]       Stack Trace:
[xUnit.net 00:01:39.46]         /Users/ursmuff/source/Living-Codex-CSharp/src/CodexBootstrap.Tests/Modules/FileSystemModuleTests.cs(426,0): at CodexBootstrap.Tests.Modules.FileSystemModuleTests.DeleteFile_WithValidNode_MovesToBackupAndMarksDeleted()
[xUnit.net 00:01:39.46]         --- End of stack trace from previous location ---
[xUnit.net 00:01:39.68]       Method returned error: File node 'file:TestContent.cs' not found
[xUnit.net 00:01:39.68]       Expected: True
[xUnit.net 00:01:39.68]       Actual:   False
[xUnit.net 00:01:39.68]       Stack Trace:
[xUnit.net 00:01:39.68]         /Users/ursmuff/source/Living-Codex-CSharp/src/CodexBootstrap.Tests/Modules/FileSystemModuleTests.cs(143,0): at CodexBootstrap.Tests.Modules.FileSystemModuleTests.GetFileContent_WithValidNode_ReturnsFileContent()
[xUnit.net 00:01:39.68]         --- End of stack trace from previous location ---
[xUnit.net 00:01:53.99]       Expected (result["success"] as JsonElement?)?.GetBoolean() to be true, but found False.
[xUnit.net 00:01:53.99]       Stack Trace:
[xUnit.net 00:01:53.99]            at FluentAssertions.Execution.XUnit2TestFramework.Throw(String message)
[xUnit.net 00:01:53.99]            at FluentAssertions.Execution.TestFrameworkProvider.Throw(String message)
[xUnit.net 00:01:53.99]            at FluentAssertions.Execution.DefaultAssertionStrategy.HandleFailure(String message)
[xUnit.net 00:01:53.99]            at FluentAssertions.Execution.AssertionScope.FailWith(Func`1 failReasonFunc)
[xUnit.net 00:01:53.99]            at FluentAssertions.Primitives.BooleanAssertions`1.BeTrue(String because, Object[] becauseArgs)
[xUnit.net 00:01:53.99]         /Users/ursmuff/source/Living-Codex-CSharp/src/CodexBootstrap.Tests/IdentityTests.cs(415,0): at CodexBootstrap.Tests.IdentityTests.EndSession_ShouldEndExistingSession()
[xUnit.net 00:01:53.99]         --- End of stack trace from previous location ---
[xUnit.net 00:01:54.07]       Expected result {["success"] = False, ["message"] = Invalid credentials} to contain key "token".
[xUnit.net 00:01:54.07]       Stack Trace:
[xUnit.net 00:01:54.07]            at FluentAssertions.Execution.XUnit2TestFramework.Throw(String message)
[xUnit.net 00:01:54.07]            at FluentAssertions.Execution.TestFrameworkProvider.Throw(String message)
[xUnit.net 00:01:54.07]            at FluentAssertions.Execution.DefaultAssertionStrategy.HandleFailure(String message)
[xUnit.net 00:01:54.07]            at FluentAssertions.Execution.AssertionScope.FailWith(Func`1 failReasonFunc)
[xUnit.net 00:01:54.07]            at FluentAssertions.Collections.GenericDictionaryAssertions`4.ContainKeys(IEnumerable`1 expected, String because, Object[] becauseArgs)
[xUnit.net 00:01:54.07]            at FluentAssertions.Collections.GenericDictionaryAssertions`4.ContainKey(TKey expected, String because, Object[] becauseArgs)
[xUnit.net 00:01:54.07]         /Users/ursmuff/source/Living-Codex-CSharp/src/CodexBootstrap.Tests/IdentityTests.cs(295,0): at CodexBootstrap.Tests.IdentityTests.AuthenticateUser_ShouldAuthenticateValidUser()
[xUnit.net 00:01:54.07]         --- End of stack trace from previous location ---
[xUnit.net 00:01:54.08]       Expected (result["username"] as JsonElement?)?.GetString() to be "testuser_638943028625475630" with a length of 27, but "not_found" has a length of 9, differs near "not" (index 0).
[xUnit.net 00:01:54.08]       Stack Trace:
[xUnit.net 00:01:54.08]            at FluentAssertions.Execution.XUnit2TestFramework.Throw(String message)
[xUnit.net 00:01:54.08]            at FluentAssertions.Execution.TestFrameworkProvider.Throw(String message)
[xUnit.net 00:01:54.08]            at FluentAssertions.Execution.DefaultAssertionStrategy.HandleFailure(String message)
[xUnit.net 00:01:54.08]            at FluentAssertions.Execution.AssertionScope.FailWith(Func`1 failReasonFunc)
[xUnit.net 00:01:54.08]            at FluentAssertions.Primitives.StringEqualityValidator.ValidateAgainstLengthDifferences()
[xUnit.net 00:01:54.08]            at FluentAssertions.Primitives.StringValidator.Validate()
[xUnit.net 00:01:54.08]            at FluentAssertions.Primitives.StringAssertions`1.Be(String expected, String because, Object[] becauseArgs)
[xUnit.net 00:01:54.08]         /Users/ursmuff/source/Living-Codex-CSharp/src/CodexBootstrap.Tests/IdentityTests.cs(335,0): at CodexBootstrap.Tests.IdentityTests.GetUserProfile_ShouldReturnUserProfile()
[xUnit.net 00:01:54.08]         --- End of stack trace from previous location ---
[xUnit.net 00:01:59.97]       Resonance matrix integration edges not guaranteed during initial seed; enable when implemented
Test 'CodexBootstrap.Tests.UCoreOntologyTests.ResonanceMatrix_Should_ExistAndIntegrateAxes' was skipped in the test run.
[xUnit.net 00:02:12.27]       Should extract consciousness-related concepts from scientific news
[xUnit.net 00:02:12.27]       Expected: True
[xUnit.net 00:02:12.27]       Actual:   False
[xUnit.net 00:02:12.27]       Stack Trace:
[xUnit.net 00:02:12.27]         /Users/ursmuff/source/Living-Codex-CSharp/src/CodexBootstrap.Tests/Modules/RealAIConceptExtractionTests.cs(146,0): at CodexBootstrap.Tests.Modules.RealAIConceptExtractionTests.ExtractConceptsFromScientificNews_ShouldIdentifyScienceAndConsciousnessConcepts()
[xUnit.net 00:02:12.27]         --- End of stack trace from previous location ---
[xUnit.net 00:02:30.85]   Finished:    CodexBootstrap.Tests
</StdOut>
    </Output>
    <RunInfos>
      <RunInfo computerName="Seeker-Mac" outcome="Error" timestamp="2025-09-24T03:25:51.8811340-06:00">
        <Text>[xUnit.net 00:00:03.40]     CodexBootstrap.Tests.Modules.EnergyModuleApiTests.GetContributorEnergy_ShouldReturnBadRequest_WhenUserIdInvalid_WhenImplemented [FAIL]</Text>
      </RunInfo>
      <RunInfo computerName="Seeker-Mac" outcome="Error" timestamp="2025-09-24T03:26:09.7048540-06:00">
        <Text>[xUnit.net 00:00:21.22]     CodexBootstrap.Tests.Modules.VisualValidationModuleTests.RenderComponentToImage_ShouldStoreNodeAndReturnSuccess [FAIL]</Text>
      </RunInfo>
      <RunInfo computerName="Seeker-Mac" outcome="Error" timestamp="2025-09-24T03:26:09.7316610-06:00">
        <Text>[xUnit.net 00:00:21.25]     CodexBootstrap.Tests.Modules.VisualValidationModuleTests.ValidateComponentAgainstSpec_ShouldReturnValidationResult [FAIL]</Text>
      </RunInfo>
      <RunInfo computerName="Seeker-Mac" outcome="Error" timestamp="2025-09-24T03:26:12.8699570-06:00">
        <Text>[xUnit.net 00:00:24.39]     CodexBootstrap.Tests.Modules.VisualValidationModuleTests.ExecuteVisualValidationPipeline_ShouldReturnSuccessAndThreeSteps [FAIL]</Text>
      </RunInfo>
      <RunInfo computerName="Seeker-Mac" outcome="Error" timestamp="2025-09-24T03:26:12.8748630-06:00">
        <Text>[xUnit.net 00:00:24.39]     CodexBootstrap.Tests.Modules.VisualValidationModuleTests.AnalyzeRenderedImage_ShouldReturnAnalysisUsingRouter [FAIL]</Text>
      </RunInfo>
      <RunInfo computerName="Seeker-Mac" outcome="Error" timestamp="2025-09-24T03:27:18.2830270-06:00">
        <Text>[xUnit.net 00:01:29.80]     CodexBootstrap.Tests.NewsSourceTests.NewsSourceValidation_Should_CheckRandomSources [FAIL]</Text>
      </RunInfo>
      <RunInfo computerName="Seeker-Mac" outcome="Error" timestamp="2025-09-24T03:27:27.5992730-06:00">
        <Text>[xUnit.net 00:01:39.12]     CodexBootstrap.Tests.Modules.FileSystemModuleTests.UpdateFileContent_WithValidRequest_UpdatesFileAndNode [FAIL]</Text>
      </RunInfo>
      <RunInfo computerName="Seeker-Mac" outcome="Error" timestamp="2025-09-24T03:27:27.9384930-06:00">
        <Text>[xUnit.net 00:01:39.46]     CodexBootstrap.Tests.Modules.FileSystemModuleTests.DeleteFile_WithValidNode_MovesToBackupAndMarksDeleted [FAIL]</Text>
      </RunInfo>
      <RunInfo computerName="Seeker-Mac" outcome="Error" timestamp="2025-09-24T03:27:28.1635080-06:00">
        <Text>[xUnit.net 00:01:39.68]     CodexBootstrap.Tests.Modules.FileSystemModuleTests.GetFileContent_WithValidNode_ReturnsFileContent [FAIL]</Text>
      </RunInfo>
      <RunInfo computerName="Seeker-Mac" outcome="Error" timestamp="2025-09-24T03:27:42.4720930-06:00">
        <Text>[xUnit.net 00:01:53.99]     CodexBootstrap.Tests.IdentityTests.EndSession_ShouldEndExistingSession [FAIL]</Text>
      </RunInfo>
      <RunInfo computerName="Seeker-Mac" outcome="Error" timestamp="2025-09-24T03:27:42.5470200-06:00">
        <Text>[xUnit.net 00:01:54.07]     CodexBootstrap.Tests.IdentityTests.AuthenticateUser_ShouldAuthenticateValidUser [FAIL]</Text>
      </RunInfo>
      <RunInfo computerName="Seeker-Mac" outcome="Error" timestamp="2025-09-24T03:27:42.5659570-06:00">
        <Text>[xUnit.net 00:01:54.08]     CodexBootstrap.Tests.IdentityTests.GetUserProfile_ShouldReturnUserProfile [FAIL]</Text>
      </RunInfo>
      <RunInfo computerName="Seeker-Mac" outcome="Warning" timestamp="2025-09-24T03:27:48.4497640-06:00">
        <Text>[xUnit.net 00:01:59.97]     CodexBootstrap.Tests.UCoreOntologyTests.ResonanceMatrix_Should_ExistAndIntegrateAxes [SKIP]</Text>
      </RunInfo>
      <RunInfo computerName="Seeker-Mac" outcome="Error" timestamp="2025-09-24T03:28:00.7502170-06:00">
        <Text>[xUnit.net 00:02:12.27]     CodexBootstrap.Tests.Modules.RealAIConceptExtractionTests.ExtractConceptsFromScientificNews_ShouldIdentifyScienceAndConsciousnessConcepts [FAIL]</Text>
      </RunInfo>
    </RunInfos>
  </ResultSummary>
</TestRun>